[2025-02-08 05:49:19,053] {scheduler_job.py:182} INFO - Started process (PID=33) to work on /home/airflow/.local/lib/python3.6/site-packages/airflow/example_dags/example_python_operator.py
[2025-02-08 05:49:19,054] {scheduler_job.py:633} INFO - Processing file /home/airflow/.local/lib/python3.6/site-packages/airflow/example_dags/example_python_operator.py for tasks to queue
[2025-02-08 05:49:19,054] {logging_mixin.py:104} INFO - [2025-02-08 05:49:19,054] {dagbag.py:496} INFO - Filling up the DagBag from /home/airflow/.local/lib/python3.6/site-packages/airflow/example_dags/example_python_operator.py
[2025-02-08 05:49:19,069] {scheduler_job.py:643} INFO - DAG(s) dict_keys(['example_python_operator']) retrieved from /home/airflow/.local/lib/python3.6/site-packages/airflow/example_dags/example_python_operator.py
[2025-02-08 05:49:19,286] {logging_mixin.py:104} INFO - [2025-02-08 05:49:19,286] {dag.py:1833} INFO - Sync 1 DAGs
[2025-02-08 05:49:19,298] {logging_mixin.py:104} INFO - [2025-02-08 05:49:19,298] {dag.py:2306} INFO - Setting next_dagrun for example_python_operator to None
[2025-02-08 05:49:19,309] {scheduler_job.py:190} INFO - Processing /home/airflow/.local/lib/python3.6/site-packages/airflow/example_dags/example_python_operator.py took 0.258 seconds
[2025-02-08 05:49:49,532] {scheduler_job.py:182} INFO - Started process (PID=94) to work on /home/airflow/.local/lib/python3.6/site-packages/airflow/example_dags/example_python_operator.py
[2025-02-08 05:49:49,533] {scheduler_job.py:633} INFO - Processing file /home/airflow/.local/lib/python3.6/site-packages/airflow/example_dags/example_python_operator.py for tasks to queue
[2025-02-08 05:49:49,533] {logging_mixin.py:104} INFO - [2025-02-08 05:49:49,533] {dagbag.py:496} INFO - Filling up the DagBag from /home/airflow/.local/lib/python3.6/site-packages/airflow/example_dags/example_python_operator.py
[2025-02-08 05:49:49,543] {scheduler_job.py:643} INFO - DAG(s) dict_keys(['example_python_operator']) retrieved from /home/airflow/.local/lib/python3.6/site-packages/airflow/example_dags/example_python_operator.py
[2025-02-08 05:49:49,560] {logging_mixin.py:104} INFO - [2025-02-08 05:49:49,560] {dag.py:1833} INFO - Sync 1 DAGs
[2025-02-08 05:49:49,572] {logging_mixin.py:104} INFO - [2025-02-08 05:49:49,572] {dag.py:2306} INFO - Setting next_dagrun for example_python_operator to None
[2025-02-08 05:49:49,582] {scheduler_job.py:190} INFO - Processing /home/airflow/.local/lib/python3.6/site-packages/airflow/example_dags/example_python_operator.py took 0.052 seconds
[2025-02-08 05:50:20,146] {scheduler_job.py:182} INFO - Started process (PID=144) to work on /home/airflow/.local/lib/python3.6/site-packages/airflow/example_dags/example_python_operator.py
[2025-02-08 05:50:20,146] {scheduler_job.py:633} INFO - Processing file /home/airflow/.local/lib/python3.6/site-packages/airflow/example_dags/example_python_operator.py for tasks to queue
[2025-02-08 05:50:20,147] {logging_mixin.py:104} INFO - [2025-02-08 05:50:20,147] {dagbag.py:496} INFO - Filling up the DagBag from /home/airflow/.local/lib/python3.6/site-packages/airflow/example_dags/example_python_operator.py
[2025-02-08 05:50:20,158] {scheduler_job.py:643} INFO - DAG(s) dict_keys(['example_python_operator']) retrieved from /home/airflow/.local/lib/python3.6/site-packages/airflow/example_dags/example_python_operator.py
[2025-02-08 05:50:20,174] {logging_mixin.py:104} INFO - [2025-02-08 05:50:20,174] {dag.py:1833} INFO - Sync 1 DAGs
[2025-02-08 05:50:20,186] {logging_mixin.py:104} INFO - [2025-02-08 05:50:20,186] {dag.py:2306} INFO - Setting next_dagrun for example_python_operator to None
[2025-02-08 05:50:20,194] {scheduler_job.py:190} INFO - Processing /home/airflow/.local/lib/python3.6/site-packages/airflow/example_dags/example_python_operator.py took 0.050 seconds
[2025-02-08 05:50:50,776] {scheduler_job.py:182} INFO - Started process (PID=205) to work on /home/airflow/.local/lib/python3.6/site-packages/airflow/example_dags/example_python_operator.py
[2025-02-08 05:50:50,777] {scheduler_job.py:633} INFO - Processing file /home/airflow/.local/lib/python3.6/site-packages/airflow/example_dags/example_python_operator.py for tasks to queue
[2025-02-08 05:50:50,777] {logging_mixin.py:104} INFO - [2025-02-08 05:50:50,777] {dagbag.py:496} INFO - Filling up the DagBag from /home/airflow/.local/lib/python3.6/site-packages/airflow/example_dags/example_python_operator.py
[2025-02-08 05:50:50,787] {scheduler_job.py:643} INFO - DAG(s) dict_keys(['example_python_operator']) retrieved from /home/airflow/.local/lib/python3.6/site-packages/airflow/example_dags/example_python_operator.py
[2025-02-08 05:50:50,805] {logging_mixin.py:104} INFO - [2025-02-08 05:50:50,805] {dag.py:1833} INFO - Sync 1 DAGs
[2025-02-08 05:50:50,817] {logging_mixin.py:104} INFO - [2025-02-08 05:50:50,817] {dag.py:2306} INFO - Setting next_dagrun for example_python_operator to None
[2025-02-08 05:50:50,856] {scheduler_job.py:190} INFO - Processing /home/airflow/.local/lib/python3.6/site-packages/airflow/example_dags/example_python_operator.py took 0.083 seconds
[2025-02-08 05:51:21,325] {scheduler_job.py:182} INFO - Started process (PID=265) to work on /home/airflow/.local/lib/python3.6/site-packages/airflow/example_dags/example_python_operator.py
[2025-02-08 05:51:21,326] {scheduler_job.py:633} INFO - Processing file /home/airflow/.local/lib/python3.6/site-packages/airflow/example_dags/example_python_operator.py for tasks to queue
[2025-02-08 05:51:21,326] {logging_mixin.py:104} INFO - [2025-02-08 05:51:21,326] {dagbag.py:496} INFO - Filling up the DagBag from /home/airflow/.local/lib/python3.6/site-packages/airflow/example_dags/example_python_operator.py
[2025-02-08 05:51:21,336] {scheduler_job.py:643} INFO - DAG(s) dict_keys(['example_python_operator']) retrieved from /home/airflow/.local/lib/python3.6/site-packages/airflow/example_dags/example_python_operator.py
[2025-02-08 05:51:21,352] {logging_mixin.py:104} INFO - [2025-02-08 05:51:21,352] {dag.py:1833} INFO - Sync 1 DAGs
[2025-02-08 05:51:21,364] {logging_mixin.py:104} INFO - [2025-02-08 05:51:21,364] {dag.py:2306} INFO - Setting next_dagrun for example_python_operator to None
[2025-02-08 05:51:21,402] {scheduler_job.py:190} INFO - Processing /home/airflow/.local/lib/python3.6/site-packages/airflow/example_dags/example_python_operator.py took 0.080 seconds
[2025-02-08 05:51:51,907] {scheduler_job.py:182} INFO - Started process (PID=316) to work on /home/airflow/.local/lib/python3.6/site-packages/airflow/example_dags/example_python_operator.py
[2025-02-08 05:51:51,909] {scheduler_job.py:633} INFO - Processing file /home/airflow/.local/lib/python3.6/site-packages/airflow/example_dags/example_python_operator.py for tasks to queue
[2025-02-08 05:51:51,909] {logging_mixin.py:104} INFO - [2025-02-08 05:51:51,909] {dagbag.py:496} INFO - Filling up the DagBag from /home/airflow/.local/lib/python3.6/site-packages/airflow/example_dags/example_python_operator.py
[2025-02-08 05:51:51,918] {scheduler_job.py:643} INFO - DAG(s) dict_keys(['example_python_operator']) retrieved from /home/airflow/.local/lib/python3.6/site-packages/airflow/example_dags/example_python_operator.py
[2025-02-08 05:51:51,935] {logging_mixin.py:104} INFO - [2025-02-08 05:51:51,934] {dag.py:1833} INFO - Sync 1 DAGs
[2025-02-08 05:51:51,946] {logging_mixin.py:104} INFO - [2025-02-08 05:51:51,946] {dag.py:2306} INFO - Setting next_dagrun for example_python_operator to None
[2025-02-08 05:51:51,981] {scheduler_job.py:190} INFO - Processing /home/airflow/.local/lib/python3.6/site-packages/airflow/example_dags/example_python_operator.py took 0.077 seconds
[2025-02-08 05:52:22,281] {scheduler_job.py:182} INFO - Started process (PID=377) to work on /home/airflow/.local/lib/python3.6/site-packages/airflow/example_dags/example_python_operator.py
[2025-02-08 05:52:22,282] {scheduler_job.py:633} INFO - Processing file /home/airflow/.local/lib/python3.6/site-packages/airflow/example_dags/example_python_operator.py for tasks to queue
[2025-02-08 05:52:22,282] {logging_mixin.py:104} INFO - [2025-02-08 05:52:22,282] {dagbag.py:496} INFO - Filling up the DagBag from /home/airflow/.local/lib/python3.6/site-packages/airflow/example_dags/example_python_operator.py
[2025-02-08 05:52:22,291] {scheduler_job.py:643} INFO - DAG(s) dict_keys(['example_python_operator']) retrieved from /home/airflow/.local/lib/python3.6/site-packages/airflow/example_dags/example_python_operator.py
[2025-02-08 05:52:22,308] {logging_mixin.py:104} INFO - [2025-02-08 05:52:22,308] {dag.py:1833} INFO - Sync 1 DAGs
[2025-02-08 05:52:22,319] {logging_mixin.py:104} INFO - [2025-02-08 05:52:22,319] {dag.py:2306} INFO - Setting next_dagrun for example_python_operator to None
[2025-02-08 05:52:22,358] {scheduler_job.py:190} INFO - Processing /home/airflow/.local/lib/python3.6/site-packages/airflow/example_dags/example_python_operator.py took 0.080 seconds
[2025-02-08 05:52:52,947] {scheduler_job.py:182} INFO - Started process (PID=438) to work on /home/airflow/.local/lib/python3.6/site-packages/airflow/example_dags/example_python_operator.py
[2025-02-08 05:52:52,947] {scheduler_job.py:633} INFO - Processing file /home/airflow/.local/lib/python3.6/site-packages/airflow/example_dags/example_python_operator.py for tasks to queue
[2025-02-08 05:52:52,948] {logging_mixin.py:104} INFO - [2025-02-08 05:52:52,948] {dagbag.py:496} INFO - Filling up the DagBag from /home/airflow/.local/lib/python3.6/site-packages/airflow/example_dags/example_python_operator.py
[2025-02-08 05:52:52,958] {scheduler_job.py:643} INFO - DAG(s) dict_keys(['example_python_operator']) retrieved from /home/airflow/.local/lib/python3.6/site-packages/airflow/example_dags/example_python_operator.py
[2025-02-08 05:52:52,976] {logging_mixin.py:104} INFO - [2025-02-08 05:52:52,976] {dag.py:1833} INFO - Sync 1 DAGs
[2025-02-08 05:52:52,991] {logging_mixin.py:104} INFO - [2025-02-08 05:52:52,991] {dag.py:2306} INFO - Setting next_dagrun for example_python_operator to None
[2025-02-08 05:52:53,000] {scheduler_job.py:190} INFO - Processing /home/airflow/.local/lib/python3.6/site-packages/airflow/example_dags/example_python_operator.py took 0.056 seconds
