[2025-02-08 05:49:21,098] {scheduler_job.py:182} INFO - Started process (PID=48) to work on /home/airflow/.local/lib/python3.6/site-packages/airflow/example_dags/example_xcomargs.py
[2025-02-08 05:49:21,099] {scheduler_job.py:633} INFO - Processing file /home/airflow/.local/lib/python3.6/site-packages/airflow/example_dags/example_xcomargs.py for tasks to queue
[2025-02-08 05:49:21,100] {logging_mixin.py:104} INFO - [2025-02-08 05:49:21,100] {dagbag.py:496} INFO - Filling up the DagBag from /home/airflow/.local/lib/python3.6/site-packages/airflow/example_dags/example_xcomargs.py
[2025-02-08 05:49:21,117] {scheduler_job.py:643} INFO - DAG(s) dict_keys(['example_xcom_args', 'example_xcom_args_with_operators']) retrieved from /home/airflow/.local/lib/python3.6/site-packages/airflow/example_dags/example_xcomargs.py
[2025-02-08 05:49:21,293] {logging_mixin.py:104} INFO - [2025-02-08 05:49:21,292] {dag.py:1833} INFO - Sync 2 DAGs
[2025-02-08 05:49:21,304] {logging_mixin.py:104} INFO - [2025-02-08 05:49:21,304] {dag.py:2306} INFO - Setting next_dagrun for example_xcom_args to None
[2025-02-08 05:49:21,305] {logging_mixin.py:104} INFO - [2025-02-08 05:49:21,304] {dag.py:2306} INFO - Setting next_dagrun for example_xcom_args_with_operators to None
[2025-02-08 05:49:21,315] {scheduler_job.py:190} INFO - Processing /home/airflow/.local/lib/python3.6/site-packages/airflow/example_dags/example_xcomargs.py took 0.220 seconds
[2025-02-08 05:49:52,183] {scheduler_job.py:182} INFO - Started process (PID=109) to work on /home/airflow/.local/lib/python3.6/site-packages/airflow/example_dags/example_xcomargs.py
[2025-02-08 05:49:52,183] {scheduler_job.py:633} INFO - Processing file /home/airflow/.local/lib/python3.6/site-packages/airflow/example_dags/example_xcomargs.py for tasks to queue
[2025-02-08 05:49:52,184] {logging_mixin.py:104} INFO - [2025-02-08 05:49:52,184] {dagbag.py:496} INFO - Filling up the DagBag from /home/airflow/.local/lib/python3.6/site-packages/airflow/example_dags/example_xcomargs.py
[2025-02-08 05:49:52,198] {scheduler_job.py:643} INFO - DAG(s) dict_keys(['example_xcom_args', 'example_xcom_args_with_operators']) retrieved from /home/airflow/.local/lib/python3.6/site-packages/airflow/example_dags/example_xcomargs.py
[2025-02-08 05:49:52,348] {logging_mixin.py:104} INFO - [2025-02-08 05:49:52,348] {dag.py:1833} INFO - Sync 2 DAGs
[2025-02-08 05:49:52,358] {logging_mixin.py:104} INFO - [2025-02-08 05:49:52,358] {dag.py:2306} INFO - Setting next_dagrun for example_xcom_args to None
[2025-02-08 05:49:52,359] {logging_mixin.py:104} INFO - [2025-02-08 05:49:52,359] {dag.py:2306} INFO - Setting next_dagrun for example_xcom_args_with_operators to None
[2025-02-08 05:49:52,390] {scheduler_job.py:190} INFO - Processing /home/airflow/.local/lib/python3.6/site-packages/airflow/example_dags/example_xcomargs.py took 0.209 seconds
[2025-02-08 05:50:22,823] {scheduler_job.py:182} INFO - Started process (PID=169) to work on /home/airflow/.local/lib/python3.6/site-packages/airflow/example_dags/example_xcomargs.py
[2025-02-08 05:50:22,824] {scheduler_job.py:633} INFO - Processing file /home/airflow/.local/lib/python3.6/site-packages/airflow/example_dags/example_xcomargs.py for tasks to queue
[2025-02-08 05:50:22,824] {logging_mixin.py:104} INFO - [2025-02-08 05:50:22,824] {dagbag.py:496} INFO - Filling up the DagBag from /home/airflow/.local/lib/python3.6/site-packages/airflow/example_dags/example_xcomargs.py
[2025-02-08 05:50:22,840] {scheduler_job.py:643} INFO - DAG(s) dict_keys(['example_xcom_args', 'example_xcom_args_with_operators']) retrieved from /home/airflow/.local/lib/python3.6/site-packages/airflow/example_dags/example_xcomargs.py
[2025-02-08 05:50:22,859] {logging_mixin.py:104} INFO - [2025-02-08 05:50:22,859] {dag.py:1833} INFO - Sync 2 DAGs
[2025-02-08 05:50:22,871] {logging_mixin.py:104} INFO - [2025-02-08 05:50:22,871] {dag.py:2306} INFO - Setting next_dagrun for example_xcom_args to None
[2025-02-08 05:50:22,872] {logging_mixin.py:104} INFO - [2025-02-08 05:50:22,872] {dag.py:2306} INFO - Setting next_dagrun for example_xcom_args_with_operators to None
[2025-02-08 05:50:22,880] {scheduler_job.py:190} INFO - Processing /home/airflow/.local/lib/python3.6/site-packages/airflow/example_dags/example_xcomargs.py took 0.059 seconds
[2025-02-08 05:50:53,410] {scheduler_job.py:182} INFO - Started process (PID=220) to work on /home/airflow/.local/lib/python3.6/site-packages/airflow/example_dags/example_xcomargs.py
[2025-02-08 05:50:53,411] {scheduler_job.py:633} INFO - Processing file /home/airflow/.local/lib/python3.6/site-packages/airflow/example_dags/example_xcomargs.py for tasks to queue
[2025-02-08 05:50:53,412] {logging_mixin.py:104} INFO - [2025-02-08 05:50:53,412] {dagbag.py:496} INFO - Filling up the DagBag from /home/airflow/.local/lib/python3.6/site-packages/airflow/example_dags/example_xcomargs.py
[2025-02-08 05:50:53,426] {scheduler_job.py:643} INFO - DAG(s) dict_keys(['example_xcom_args', 'example_xcom_args_with_operators']) retrieved from /home/airflow/.local/lib/python3.6/site-packages/airflow/example_dags/example_xcomargs.py
[2025-02-08 05:50:53,587] {logging_mixin.py:104} INFO - [2025-02-08 05:50:53,587] {dag.py:1833} INFO - Sync 2 DAGs
[2025-02-08 05:50:53,598] {logging_mixin.py:104} INFO - [2025-02-08 05:50:53,598] {dag.py:2306} INFO - Setting next_dagrun for example_xcom_args to None
[2025-02-08 05:50:53,599] {logging_mixin.py:104} INFO - [2025-02-08 05:50:53,599] {dag.py:2306} INFO - Setting next_dagrun for example_xcom_args_with_operators to None
[2025-02-08 05:50:53,608] {scheduler_job.py:190} INFO - Processing /home/airflow/.local/lib/python3.6/site-packages/airflow/example_dags/example_xcomargs.py took 0.200 seconds
[2025-02-08 05:51:23,960] {scheduler_job.py:182} INFO - Started process (PID=280) to work on /home/airflow/.local/lib/python3.6/site-packages/airflow/example_dags/example_xcomargs.py
[2025-02-08 05:51:23,984] {scheduler_job.py:633} INFO - Processing file /home/airflow/.local/lib/python3.6/site-packages/airflow/example_dags/example_xcomargs.py for tasks to queue
[2025-02-08 05:51:23,985] {logging_mixin.py:104} INFO - [2025-02-08 05:51:23,984] {dagbag.py:496} INFO - Filling up the DagBag from /home/airflow/.local/lib/python3.6/site-packages/airflow/example_dags/example_xcomargs.py
[2025-02-08 05:51:23,999] {scheduler_job.py:643} INFO - DAG(s) dict_keys(['example_xcom_args', 'example_xcom_args_with_operators']) retrieved from /home/airflow/.local/lib/python3.6/site-packages/airflow/example_dags/example_xcomargs.py
[2025-02-08 05:51:24,149] {logging_mixin.py:104} INFO - [2025-02-08 05:51:24,149] {dag.py:1833} INFO - Sync 2 DAGs
[2025-02-08 05:51:24,160] {logging_mixin.py:104} INFO - [2025-02-08 05:51:24,160] {dag.py:2306} INFO - Setting next_dagrun for example_xcom_args to None
[2025-02-08 05:51:24,161] {logging_mixin.py:104} INFO - [2025-02-08 05:51:24,161] {dag.py:2306} INFO - Setting next_dagrun for example_xcom_args_with_operators to None
[2025-02-08 05:51:24,170] {scheduler_job.py:190} INFO - Processing /home/airflow/.local/lib/python3.6/site-packages/airflow/example_dags/example_xcomargs.py took 0.212 seconds
[2025-02-08 05:51:54,454] {scheduler_job.py:182} INFO - Started process (PID=341) to work on /home/airflow/.local/lib/python3.6/site-packages/airflow/example_dags/example_xcomargs.py
[2025-02-08 05:51:54,456] {scheduler_job.py:633} INFO - Processing file /home/airflow/.local/lib/python3.6/site-packages/airflow/example_dags/example_xcomargs.py for tasks to queue
[2025-02-08 05:51:54,456] {logging_mixin.py:104} INFO - [2025-02-08 05:51:54,456] {dagbag.py:496} INFO - Filling up the DagBag from /home/airflow/.local/lib/python3.6/site-packages/airflow/example_dags/example_xcomargs.py
[2025-02-08 05:51:54,470] {scheduler_job.py:643} INFO - DAG(s) dict_keys(['example_xcom_args', 'example_xcom_args_with_operators']) retrieved from /home/airflow/.local/lib/python3.6/site-packages/airflow/example_dags/example_xcomargs.py
[2025-02-08 05:51:54,493] {logging_mixin.py:104} INFO - [2025-02-08 05:51:54,493] {dag.py:1833} INFO - Sync 2 DAGs
[2025-02-08 05:51:54,507] {logging_mixin.py:104} INFO - [2025-02-08 05:51:54,507] {dag.py:2306} INFO - Setting next_dagrun for example_xcom_args to None
[2025-02-08 05:51:54,507] {logging_mixin.py:104} INFO - [2025-02-08 05:51:54,507] {dag.py:2306} INFO - Setting next_dagrun for example_xcom_args_with_operators to None
[2025-02-08 05:51:54,535] {scheduler_job.py:190} INFO - Processing /home/airflow/.local/lib/python3.6/site-packages/airflow/example_dags/example_xcomargs.py took 0.083 seconds
[2025-02-08 05:52:24,930] {scheduler_job.py:182} INFO - Started process (PID=392) to work on /home/airflow/.local/lib/python3.6/site-packages/airflow/example_dags/example_xcomargs.py
[2025-02-08 05:52:24,931] {scheduler_job.py:633} INFO - Processing file /home/airflow/.local/lib/python3.6/site-packages/airflow/example_dags/example_xcomargs.py for tasks to queue
[2025-02-08 05:52:24,931] {logging_mixin.py:104} INFO - [2025-02-08 05:52:24,931] {dagbag.py:496} INFO - Filling up the DagBag from /home/airflow/.local/lib/python3.6/site-packages/airflow/example_dags/example_xcomargs.py
[2025-02-08 05:52:24,946] {scheduler_job.py:643} INFO - DAG(s) dict_keys(['example_xcom_args', 'example_xcom_args_with_operators']) retrieved from /home/airflow/.local/lib/python3.6/site-packages/airflow/example_dags/example_xcomargs.py
[2025-02-08 05:52:25,098] {logging_mixin.py:104} INFO - [2025-02-08 05:52:25,098] {dag.py:1833} INFO - Sync 2 DAGs
[2025-02-08 05:52:25,108] {logging_mixin.py:104} INFO - [2025-02-08 05:52:25,108] {dag.py:2306} INFO - Setting next_dagrun for example_xcom_args to None
[2025-02-08 05:52:25,109] {logging_mixin.py:104} INFO - [2025-02-08 05:52:25,109] {dag.py:2306} INFO - Setting next_dagrun for example_xcom_args_with_operators to None
[2025-02-08 05:52:25,147] {scheduler_job.py:190} INFO - Processing /home/airflow/.local/lib/python3.6/site-packages/airflow/example_dags/example_xcomargs.py took 0.219 seconds
[2025-02-08 05:52:55,577] {scheduler_job.py:182} INFO - Started process (PID=453) to work on /home/airflow/.local/lib/python3.6/site-packages/airflow/example_dags/example_xcomargs.py
[2025-02-08 05:52:55,578] {scheduler_job.py:633} INFO - Processing file /home/airflow/.local/lib/python3.6/site-packages/airflow/example_dags/example_xcomargs.py for tasks to queue
[2025-02-08 05:52:55,578] {logging_mixin.py:104} INFO - [2025-02-08 05:52:55,578] {dagbag.py:496} INFO - Filling up the DagBag from /home/airflow/.local/lib/python3.6/site-packages/airflow/example_dags/example_xcomargs.py
[2025-02-08 05:52:55,594] {scheduler_job.py:643} INFO - DAG(s) dict_keys(['example_xcom_args', 'example_xcom_args_with_operators']) retrieved from /home/airflow/.local/lib/python3.6/site-packages/airflow/example_dags/example_xcomargs.py
[2025-02-08 05:52:55,613] {logging_mixin.py:104} INFO - [2025-02-08 05:52:55,613] {dag.py:1833} INFO - Sync 2 DAGs
[2025-02-08 05:52:55,625] {logging_mixin.py:104} INFO - [2025-02-08 05:52:55,625] {dag.py:2306} INFO - Setting next_dagrun for example_xcom_args to None
[2025-02-08 05:52:55,626] {logging_mixin.py:104} INFO - [2025-02-08 05:52:55,626] {dag.py:2306} INFO - Setting next_dagrun for example_xcom_args_with_operators to None
[2025-02-08 05:52:55,659] {scheduler_job.py:190} INFO - Processing /home/airflow/.local/lib/python3.6/site-packages/airflow/example_dags/example_xcomargs.py took 0.085 seconds
