[2025-02-08 05:49:19,904] {scheduler_job.py:182} INFO - Started process (PID=39) to work on /home/airflow/.local/lib/python3.6/site-packages/airflow/example_dags/example_branch_operator.py
[2025-02-08 05:49:19,905] {scheduler_job.py:633} INFO - Processing file /home/airflow/.local/lib/python3.6/site-packages/airflow/example_dags/example_branch_operator.py for tasks to queue
[2025-02-08 05:49:19,905] {logging_mixin.py:104} INFO - [2025-02-08 05:49:19,905] {dagbag.py:496} INFO - Filling up the DagBag from /home/airflow/.local/lib/python3.6/site-packages/airflow/example_dags/example_branch_operator.py
[2025-02-08 05:49:19,918] {scheduler_job.py:643} INFO - DAG(s) dict_keys(['example_branch_operator']) retrieved from /home/airflow/.local/lib/python3.6/site-packages/airflow/example_dags/example_branch_operator.py
[2025-02-08 05:49:20,128] {logging_mixin.py:104} INFO - [2025-02-08 05:49:20,128] {dag.py:1833} INFO - Sync 1 DAGs
[2025-02-08 05:49:20,146] {logging_mixin.py:104} INFO - [2025-02-08 05:49:20,146] {dag.py:2306} INFO - Setting next_dagrun for example_branch_operator to 2025-02-06 00:00:00+00:00
[2025-02-08 05:49:20,160] {scheduler_job.py:190} INFO - Processing /home/airflow/.local/lib/python3.6/site-packages/airflow/example_dags/example_branch_operator.py took 0.259 seconds
[2025-02-08 05:49:50,725] {scheduler_job.py:182} INFO - Started process (PID=100) to work on /home/airflow/.local/lib/python3.6/site-packages/airflow/example_dags/example_branch_operator.py
[2025-02-08 05:49:50,725] {scheduler_job.py:633} INFO - Processing file /home/airflow/.local/lib/python3.6/site-packages/airflow/example_dags/example_branch_operator.py for tasks to queue
[2025-02-08 05:49:50,726] {logging_mixin.py:104} INFO - [2025-02-08 05:49:50,726] {dagbag.py:496} INFO - Filling up the DagBag from /home/airflow/.local/lib/python3.6/site-packages/airflow/example_dags/example_branch_operator.py
[2025-02-08 05:49:50,737] {scheduler_job.py:643} INFO - DAG(s) dict_keys(['example_branch_operator']) retrieved from /home/airflow/.local/lib/python3.6/site-packages/airflow/example_dags/example_branch_operator.py
[2025-02-08 05:49:50,754] {logging_mixin.py:104} INFO - [2025-02-08 05:49:50,754] {dag.py:1833} INFO - Sync 1 DAGs
[2025-02-08 05:49:50,768] {logging_mixin.py:104} INFO - [2025-02-08 05:49:50,768] {dag.py:2306} INFO - Setting next_dagrun for example_branch_operator to 2025-02-06 00:00:00+00:00
[2025-02-08 05:49:50,776] {scheduler_job.py:190} INFO - Processing /home/airflow/.local/lib/python3.6/site-packages/airflow/example_dags/example_branch_operator.py took 0.054 seconds
[2025-02-08 05:50:21,372] {scheduler_job.py:182} INFO - Started process (PID=159) to work on /home/airflow/.local/lib/python3.6/site-packages/airflow/example_dags/example_branch_operator.py
[2025-02-08 05:50:21,373] {scheduler_job.py:633} INFO - Processing file /home/airflow/.local/lib/python3.6/site-packages/airflow/example_dags/example_branch_operator.py for tasks to queue
[2025-02-08 05:50:21,373] {logging_mixin.py:104} INFO - [2025-02-08 05:50:21,373] {dagbag.py:496} INFO - Filling up the DagBag from /home/airflow/.local/lib/python3.6/site-packages/airflow/example_dags/example_branch_operator.py
[2025-02-08 05:50:21,385] {scheduler_job.py:643} INFO - DAG(s) dict_keys(['example_branch_operator']) retrieved from /home/airflow/.local/lib/python3.6/site-packages/airflow/example_dags/example_branch_operator.py
[2025-02-08 05:50:21,404] {logging_mixin.py:104} INFO - [2025-02-08 05:50:21,404] {dag.py:1833} INFO - Sync 1 DAGs
[2025-02-08 05:50:21,420] {logging_mixin.py:104} INFO - [2025-02-08 05:50:21,419] {dag.py:2306} INFO - Setting next_dagrun for example_branch_operator to 2025-02-06 00:00:00+00:00
[2025-02-08 05:50:21,429] {scheduler_job.py:190} INFO - Processing /home/airflow/.local/lib/python3.6/site-packages/airflow/example_dags/example_branch_operator.py took 0.059 seconds
[2025-02-08 05:50:51,992] {scheduler_job.py:182} INFO - Started process (PID=211) to work on /home/airflow/.local/lib/python3.6/site-packages/airflow/example_dags/example_branch_operator.py
[2025-02-08 05:50:51,992] {scheduler_job.py:633} INFO - Processing file /home/airflow/.local/lib/python3.6/site-packages/airflow/example_dags/example_branch_operator.py for tasks to queue
[2025-02-08 05:50:51,993] {logging_mixin.py:104} INFO - [2025-02-08 05:50:51,993] {dagbag.py:496} INFO - Filling up the DagBag from /home/airflow/.local/lib/python3.6/site-packages/airflow/example_dags/example_branch_operator.py
[2025-02-08 05:50:52,004] {scheduler_job.py:643} INFO - DAG(s) dict_keys(['example_branch_operator']) retrieved from /home/airflow/.local/lib/python3.6/site-packages/airflow/example_dags/example_branch_operator.py
[2025-02-08 05:50:52,021] {logging_mixin.py:104} INFO - [2025-02-08 05:50:52,020] {dag.py:1833} INFO - Sync 1 DAGs
[2025-02-08 05:50:52,034] {logging_mixin.py:104} INFO - [2025-02-08 05:50:52,034] {dag.py:2306} INFO - Setting next_dagrun for example_branch_operator to 2025-02-06 00:00:00+00:00
[2025-02-08 05:50:52,043] {scheduler_job.py:190} INFO - Processing /home/airflow/.local/lib/python3.6/site-packages/airflow/example_dags/example_branch_operator.py took 0.053 seconds
[2025-02-08 05:51:22,546] {scheduler_job.py:182} INFO - Started process (PID=271) to work on /home/airflow/.local/lib/python3.6/site-packages/airflow/example_dags/example_branch_operator.py
[2025-02-08 05:51:22,547] {scheduler_job.py:633} INFO - Processing file /home/airflow/.local/lib/python3.6/site-packages/airflow/example_dags/example_branch_operator.py for tasks to queue
[2025-02-08 05:51:22,547] {logging_mixin.py:104} INFO - [2025-02-08 05:51:22,547] {dagbag.py:496} INFO - Filling up the DagBag from /home/airflow/.local/lib/python3.6/site-packages/airflow/example_dags/example_branch_operator.py
[2025-02-08 05:51:22,558] {scheduler_job.py:643} INFO - DAG(s) dict_keys(['example_branch_operator']) retrieved from /home/airflow/.local/lib/python3.6/site-packages/airflow/example_dags/example_branch_operator.py
[2025-02-08 05:51:22,574] {logging_mixin.py:104} INFO - [2025-02-08 05:51:22,574] {dag.py:1833} INFO - Sync 1 DAGs
[2025-02-08 05:51:22,587] {logging_mixin.py:104} INFO - [2025-02-08 05:51:22,587] {dag.py:2306} INFO - Setting next_dagrun for example_branch_operator to 2025-02-06 00:00:00+00:00
[2025-02-08 05:51:22,596] {scheduler_job.py:190} INFO - Processing /home/airflow/.local/lib/python3.6/site-packages/airflow/example_dags/example_branch_operator.py took 0.052 seconds
[2025-02-08 05:51:53,113] {scheduler_job.py:182} INFO - Started process (PID=322) to work on /home/airflow/.local/lib/python3.6/site-packages/airflow/example_dags/example_branch_operator.py
[2025-02-08 05:51:53,114] {scheduler_job.py:633} INFO - Processing file /home/airflow/.local/lib/python3.6/site-packages/airflow/example_dags/example_branch_operator.py for tasks to queue
[2025-02-08 05:51:53,115] {logging_mixin.py:104} INFO - [2025-02-08 05:51:53,115] {dagbag.py:496} INFO - Filling up the DagBag from /home/airflow/.local/lib/python3.6/site-packages/airflow/example_dags/example_branch_operator.py
[2025-02-08 05:51:53,125] {scheduler_job.py:643} INFO - DAG(s) dict_keys(['example_branch_operator']) retrieved from /home/airflow/.local/lib/python3.6/site-packages/airflow/example_dags/example_branch_operator.py
[2025-02-08 05:51:53,142] {logging_mixin.py:104} INFO - [2025-02-08 05:51:53,142] {dag.py:1833} INFO - Sync 1 DAGs
[2025-02-08 05:51:53,155] {logging_mixin.py:104} INFO - [2025-02-08 05:51:53,155] {dag.py:2306} INFO - Setting next_dagrun for example_branch_operator to 2025-02-06 00:00:00+00:00
[2025-02-08 05:51:53,163] {scheduler_job.py:190} INFO - Processing /home/airflow/.local/lib/python3.6/site-packages/airflow/example_dags/example_branch_operator.py took 0.053 seconds
[2025-02-08 05:52:23,495] {scheduler_job.py:182} INFO - Started process (PID=383) to work on /home/airflow/.local/lib/python3.6/site-packages/airflow/example_dags/example_branch_operator.py
[2025-02-08 05:52:23,496] {scheduler_job.py:633} INFO - Processing file /home/airflow/.local/lib/python3.6/site-packages/airflow/example_dags/example_branch_operator.py for tasks to queue
[2025-02-08 05:52:23,496] {logging_mixin.py:104} INFO - [2025-02-08 05:52:23,496] {dagbag.py:496} INFO - Filling up the DagBag from /home/airflow/.local/lib/python3.6/site-packages/airflow/example_dags/example_branch_operator.py
[2025-02-08 05:52:23,507] {scheduler_job.py:643} INFO - DAG(s) dict_keys(['example_branch_operator']) retrieved from /home/airflow/.local/lib/python3.6/site-packages/airflow/example_dags/example_branch_operator.py
[2025-02-08 05:52:23,525] {logging_mixin.py:104} INFO - [2025-02-08 05:52:23,525] {dag.py:1833} INFO - Sync 1 DAGs
[2025-02-08 05:52:23,539] {logging_mixin.py:104} INFO - [2025-02-08 05:52:23,539] {dag.py:2306} INFO - Setting next_dagrun for example_branch_operator to 2025-02-06 00:00:00+00:00
[2025-02-08 05:52:23,548] {scheduler_job.py:190} INFO - Processing /home/airflow/.local/lib/python3.6/site-packages/airflow/example_dags/example_branch_operator.py took 0.055 seconds
[2025-02-08 05:52:54,169] {scheduler_job.py:182} INFO - Started process (PID=444) to work on /home/airflow/.local/lib/python3.6/site-packages/airflow/example_dags/example_branch_operator.py
[2025-02-08 05:52:54,169] {scheduler_job.py:633} INFO - Processing file /home/airflow/.local/lib/python3.6/site-packages/airflow/example_dags/example_branch_operator.py for tasks to queue
[2025-02-08 05:52:54,170] {logging_mixin.py:104} INFO - [2025-02-08 05:52:54,170] {dagbag.py:496} INFO - Filling up the DagBag from /home/airflow/.local/lib/python3.6/site-packages/airflow/example_dags/example_branch_operator.py
[2025-02-08 05:52:54,181] {scheduler_job.py:643} INFO - DAG(s) dict_keys(['example_branch_operator']) retrieved from /home/airflow/.local/lib/python3.6/site-packages/airflow/example_dags/example_branch_operator.py
[2025-02-08 05:52:54,198] {logging_mixin.py:104} INFO - [2025-02-08 05:52:54,197] {dag.py:1833} INFO - Sync 1 DAGs
[2025-02-08 05:52:54,211] {logging_mixin.py:104} INFO - [2025-02-08 05:52:54,211] {dag.py:2306} INFO - Setting next_dagrun for example_branch_operator to 2025-02-06 00:00:00+00:00
[2025-02-08 05:52:54,219] {scheduler_job.py:190} INFO - Processing /home/airflow/.local/lib/python3.6/site-packages/airflow/example_dags/example_branch_operator.py took 0.053 seconds
[2025-02-08 05:53:24,598] {scheduler_job.py:182} INFO - Started process (PID=495) to work on /home/airflow/.local/lib/python3.6/site-packages/airflow/example_dags/example_branch_operator.py
[2025-02-08 05:53:24,599] {scheduler_job.py:633} INFO - Processing file /home/airflow/.local/lib/python3.6/site-packages/airflow/example_dags/example_branch_operator.py for tasks to queue
[2025-02-08 05:53:24,600] {logging_mixin.py:104} INFO - [2025-02-08 05:53:24,599] {dagbag.py:496} INFO - Filling up the DagBag from /home/airflow/.local/lib/python3.6/site-packages/airflow/example_dags/example_branch_operator.py
[2025-02-08 05:53:24,610] {scheduler_job.py:643} INFO - DAG(s) dict_keys(['example_branch_operator']) retrieved from /home/airflow/.local/lib/python3.6/site-packages/airflow/example_dags/example_branch_operator.py
[2025-02-08 05:53:24,627] {logging_mixin.py:104} INFO - [2025-02-08 05:53:24,627] {dag.py:1833} INFO - Sync 1 DAGs
[2025-02-08 05:53:24,640] {logging_mixin.py:104} INFO - [2025-02-08 05:53:24,640] {dag.py:2306} INFO - Setting next_dagrun for example_branch_operator to 2025-02-06 00:00:00+00:00
[2025-02-08 05:53:24,649] {scheduler_job.py:190} INFO - Processing /home/airflow/.local/lib/python3.6/site-packages/airflow/example_dags/example_branch_operator.py took 0.053 seconds
[2025-02-08 05:53:55,021] {scheduler_job.py:182} INFO - Started process (PID=555) to work on /home/airflow/.local/lib/python3.6/site-packages/airflow/example_dags/example_branch_operator.py
[2025-02-08 05:53:55,021] {scheduler_job.py:633} INFO - Processing file /home/airflow/.local/lib/python3.6/site-packages/airflow/example_dags/example_branch_operator.py for tasks to queue
[2025-02-08 05:53:55,022] {logging_mixin.py:104} INFO - [2025-02-08 05:53:55,022] {dagbag.py:496} INFO - Filling up the DagBag from /home/airflow/.local/lib/python3.6/site-packages/airflow/example_dags/example_branch_operator.py
[2025-02-08 05:53:55,033] {scheduler_job.py:643} INFO - DAG(s) dict_keys(['example_branch_operator']) retrieved from /home/airflow/.local/lib/python3.6/site-packages/airflow/example_dags/example_branch_operator.py
[2025-02-08 05:53:55,050] {logging_mixin.py:104} INFO - [2025-02-08 05:53:55,050] {dag.py:1833} INFO - Sync 1 DAGs
[2025-02-08 05:53:55,064] {logging_mixin.py:104} INFO - [2025-02-08 05:53:55,063] {dag.py:2306} INFO - Setting next_dagrun for example_branch_operator to 2025-02-06 00:00:00+00:00
[2025-02-08 05:53:55,072] {scheduler_job.py:190} INFO - Processing /home/airflow/.local/lib/python3.6/site-packages/airflow/example_dags/example_branch_operator.py took 0.054 seconds
