[2025-02-08 05:49:19,886] {scheduler_job.py:182} INFO - Started process (PID=38) to work on /home/airflow/.local/lib/python3.6/site-packages/airflow/example_dags/example_trigger_controller_dag.py
[2025-02-08 05:49:19,887] {scheduler_job.py:633} INFO - Processing file /home/airflow/.local/lib/python3.6/site-packages/airflow/example_dags/example_trigger_controller_dag.py for tasks to queue
[2025-02-08 05:49:19,887] {logging_mixin.py:104} INFO - [2025-02-08 05:49:19,887] {dagbag.py:496} INFO - Filling up the DagBag from /home/airflow/.local/lib/python3.6/site-packages/airflow/example_dags/example_trigger_controller_dag.py
[2025-02-08 05:49:19,895] {scheduler_job.py:643} INFO - DAG(s) dict_keys(['example_trigger_controller_dag']) retrieved from /home/airflow/.local/lib/python3.6/site-packages/airflow/example_dags/example_trigger_controller_dag.py
[2025-02-08 05:49:20,068] {logging_mixin.py:104} INFO - [2025-02-08 05:49:20,067] {dag.py:1833} INFO - Sync 1 DAGs
[2025-02-08 05:49:20,082] {logging_mixin.py:104} INFO - [2025-02-08 05:49:20,082] {dag.py:2306} INFO - Setting next_dagrun for example_trigger_controller_dag to 2025-02-06 00:00:00+00:00
[2025-02-08 05:49:20,092] {scheduler_job.py:190} INFO - Processing /home/airflow/.local/lib/python3.6/site-packages/airflow/example_dags/example_trigger_controller_dag.py took 0.208 seconds
[2025-02-08 05:49:50,720] {scheduler_job.py:182} INFO - Started process (PID=99) to work on /home/airflow/.local/lib/python3.6/site-packages/airflow/example_dags/example_trigger_controller_dag.py
[2025-02-08 05:49:50,721] {scheduler_job.py:633} INFO - Processing file /home/airflow/.local/lib/python3.6/site-packages/airflow/example_dags/example_trigger_controller_dag.py for tasks to queue
[2025-02-08 05:49:50,721] {logging_mixin.py:104} INFO - [2025-02-08 05:49:50,721] {dagbag.py:496} INFO - Filling up the DagBag from /home/airflow/.local/lib/python3.6/site-packages/airflow/example_dags/example_trigger_controller_dag.py
[2025-02-08 05:49:50,729] {scheduler_job.py:643} INFO - DAG(s) dict_keys(['example_trigger_controller_dag']) retrieved from /home/airflow/.local/lib/python3.6/site-packages/airflow/example_dags/example_trigger_controller_dag.py
[2025-02-08 05:49:50,745] {logging_mixin.py:104} INFO - [2025-02-08 05:49:50,745] {dag.py:1833} INFO - Sync 1 DAGs
[2025-02-08 05:49:50,757] {logging_mixin.py:104} INFO - [2025-02-08 05:49:50,756] {dag.py:2306} INFO - Setting next_dagrun for example_trigger_controller_dag to 2025-02-06 00:00:00+00:00
[2025-02-08 05:49:50,765] {scheduler_job.py:190} INFO - Processing /home/airflow/.local/lib/python3.6/site-packages/airflow/example_dags/example_trigger_controller_dag.py took 0.047 seconds
[2025-02-08 05:50:21,367] {scheduler_job.py:182} INFO - Started process (PID=158) to work on /home/airflow/.local/lib/python3.6/site-packages/airflow/example_dags/example_trigger_controller_dag.py
[2025-02-08 05:50:21,368] {scheduler_job.py:633} INFO - Processing file /home/airflow/.local/lib/python3.6/site-packages/airflow/example_dags/example_trigger_controller_dag.py for tasks to queue
[2025-02-08 05:50:21,369] {logging_mixin.py:104} INFO - [2025-02-08 05:50:21,369] {dagbag.py:496} INFO - Filling up the DagBag from /home/airflow/.local/lib/python3.6/site-packages/airflow/example_dags/example_trigger_controller_dag.py
[2025-02-08 05:50:21,377] {scheduler_job.py:643} INFO - DAG(s) dict_keys(['example_trigger_controller_dag']) retrieved from /home/airflow/.local/lib/python3.6/site-packages/airflow/example_dags/example_trigger_controller_dag.py
[2025-02-08 05:50:21,395] {logging_mixin.py:104} INFO - [2025-02-08 05:50:21,395] {dag.py:1833} INFO - Sync 1 DAGs
[2025-02-08 05:50:21,408] {logging_mixin.py:104} INFO - [2025-02-08 05:50:21,408] {dag.py:2306} INFO - Setting next_dagrun for example_trigger_controller_dag to 2025-02-06 00:00:00+00:00
[2025-02-08 05:50:21,417] {scheduler_job.py:190} INFO - Processing /home/airflow/.local/lib/python3.6/site-packages/airflow/example_dags/example_trigger_controller_dag.py took 0.053 seconds
[2025-02-08 05:50:51,930] {scheduler_job.py:182} INFO - Started process (PID=210) to work on /home/airflow/.local/lib/python3.6/site-packages/airflow/example_dags/example_trigger_controller_dag.py
[2025-02-08 05:50:51,930] {scheduler_job.py:633} INFO - Processing file /home/airflow/.local/lib/python3.6/site-packages/airflow/example_dags/example_trigger_controller_dag.py for tasks to queue
[2025-02-08 05:50:51,931] {logging_mixin.py:104} INFO - [2025-02-08 05:50:51,931] {dagbag.py:496} INFO - Filling up the DagBag from /home/airflow/.local/lib/python3.6/site-packages/airflow/example_dags/example_trigger_controller_dag.py
[2025-02-08 05:50:51,938] {scheduler_job.py:643} INFO - DAG(s) dict_keys(['example_trigger_controller_dag']) retrieved from /home/airflow/.local/lib/python3.6/site-packages/airflow/example_dags/example_trigger_controller_dag.py
[2025-02-08 05:50:51,955] {logging_mixin.py:104} INFO - [2025-02-08 05:50:51,955] {dag.py:1833} INFO - Sync 1 DAGs
[2025-02-08 05:50:51,967] {logging_mixin.py:104} INFO - [2025-02-08 05:50:51,967] {dag.py:2306} INFO - Setting next_dagrun for example_trigger_controller_dag to 2025-02-06 00:00:00+00:00
[2025-02-08 05:50:51,975] {scheduler_job.py:190} INFO - Processing /home/airflow/.local/lib/python3.6/site-packages/airflow/example_dags/example_trigger_controller_dag.py took 0.048 seconds
[2025-02-08 05:51:22,541] {scheduler_job.py:182} INFO - Started process (PID=270) to work on /home/airflow/.local/lib/python3.6/site-packages/airflow/example_dags/example_trigger_controller_dag.py
[2025-02-08 05:51:22,542] {scheduler_job.py:633} INFO - Processing file /home/airflow/.local/lib/python3.6/site-packages/airflow/example_dags/example_trigger_controller_dag.py for tasks to queue
[2025-02-08 05:51:22,542] {logging_mixin.py:104} INFO - [2025-02-08 05:51:22,542] {dagbag.py:496} INFO - Filling up the DagBag from /home/airflow/.local/lib/python3.6/site-packages/airflow/example_dags/example_trigger_controller_dag.py
[2025-02-08 05:51:22,550] {scheduler_job.py:643} INFO - DAG(s) dict_keys(['example_trigger_controller_dag']) retrieved from /home/airflow/.local/lib/python3.6/site-packages/airflow/example_dags/example_trigger_controller_dag.py
[2025-02-08 05:51:22,566] {logging_mixin.py:104} INFO - [2025-02-08 05:51:22,566] {dag.py:1833} INFO - Sync 1 DAGs
[2025-02-08 05:51:22,579] {logging_mixin.py:104} INFO - [2025-02-08 05:51:22,579] {dag.py:2306} INFO - Setting next_dagrun for example_trigger_controller_dag to 2025-02-06 00:00:00+00:00
[2025-02-08 05:51:22,586] {scheduler_job.py:190} INFO - Processing /home/airflow/.local/lib/python3.6/site-packages/airflow/example_dags/example_trigger_controller_dag.py took 0.048 seconds
[2025-02-08 05:51:53,108] {scheduler_job.py:182} INFO - Started process (PID=321) to work on /home/airflow/.local/lib/python3.6/site-packages/airflow/example_dags/example_trigger_controller_dag.py
[2025-02-08 05:51:53,109] {scheduler_job.py:633} INFO - Processing file /home/airflow/.local/lib/python3.6/site-packages/airflow/example_dags/example_trigger_controller_dag.py for tasks to queue
[2025-02-08 05:51:53,110] {logging_mixin.py:104} INFO - [2025-02-08 05:51:53,110] {dagbag.py:496} INFO - Filling up the DagBag from /home/airflow/.local/lib/python3.6/site-packages/airflow/example_dags/example_trigger_controller_dag.py
[2025-02-08 05:51:53,117] {scheduler_job.py:643} INFO - DAG(s) dict_keys(['example_trigger_controller_dag']) retrieved from /home/airflow/.local/lib/python3.6/site-packages/airflow/example_dags/example_trigger_controller_dag.py
[2025-02-08 05:51:53,134] {logging_mixin.py:104} INFO - [2025-02-08 05:51:53,134] {dag.py:1833} INFO - Sync 1 DAGs
[2025-02-08 05:51:53,145] {logging_mixin.py:104} INFO - [2025-02-08 05:51:53,145] {dag.py:2306} INFO - Setting next_dagrun for example_trigger_controller_dag to 2025-02-06 00:00:00+00:00
[2025-02-08 05:51:53,153] {scheduler_job.py:190} INFO - Processing /home/airflow/.local/lib/python3.6/site-packages/airflow/example_dags/example_trigger_controller_dag.py took 0.047 seconds
[2025-02-08 05:52:23,490] {scheduler_job.py:182} INFO - Started process (PID=382) to work on /home/airflow/.local/lib/python3.6/site-packages/airflow/example_dags/example_trigger_controller_dag.py
[2025-02-08 05:52:23,491] {scheduler_job.py:633} INFO - Processing file /home/airflow/.local/lib/python3.6/site-packages/airflow/example_dags/example_trigger_controller_dag.py for tasks to queue
[2025-02-08 05:52:23,491] {logging_mixin.py:104} INFO - [2025-02-08 05:52:23,491] {dagbag.py:496} INFO - Filling up the DagBag from /home/airflow/.local/lib/python3.6/site-packages/airflow/example_dags/example_trigger_controller_dag.py
[2025-02-08 05:52:23,498] {scheduler_job.py:643} INFO - DAG(s) dict_keys(['example_trigger_controller_dag']) retrieved from /home/airflow/.local/lib/python3.6/site-packages/airflow/example_dags/example_trigger_controller_dag.py
[2025-02-08 05:52:23,516] {logging_mixin.py:104} INFO - [2025-02-08 05:52:23,516] {dag.py:1833} INFO - Sync 1 DAGs
[2025-02-08 05:52:23,529] {logging_mixin.py:104} INFO - [2025-02-08 05:52:23,529] {dag.py:2306} INFO - Setting next_dagrun for example_trigger_controller_dag to 2025-02-06 00:00:00+00:00
[2025-02-08 05:52:23,538] {scheduler_job.py:190} INFO - Processing /home/airflow/.local/lib/python3.6/site-packages/airflow/example_dags/example_trigger_controller_dag.py took 0.050 seconds
[2025-02-08 05:52:54,163] {scheduler_job.py:182} INFO - Started process (PID=443) to work on /home/airflow/.local/lib/python3.6/site-packages/airflow/example_dags/example_trigger_controller_dag.py
[2025-02-08 05:52:54,164] {scheduler_job.py:633} INFO - Processing file /home/airflow/.local/lib/python3.6/site-packages/airflow/example_dags/example_trigger_controller_dag.py for tasks to queue
[2025-02-08 05:52:54,164] {logging_mixin.py:104} INFO - [2025-02-08 05:52:54,164] {dagbag.py:496} INFO - Filling up the DagBag from /home/airflow/.local/lib/python3.6/site-packages/airflow/example_dags/example_trigger_controller_dag.py
[2025-02-08 05:52:54,172] {scheduler_job.py:643} INFO - DAG(s) dict_keys(['example_trigger_controller_dag']) retrieved from /home/airflow/.local/lib/python3.6/site-packages/airflow/example_dags/example_trigger_controller_dag.py
[2025-02-08 05:52:54,188] {logging_mixin.py:104} INFO - [2025-02-08 05:52:54,188] {dag.py:1833} INFO - Sync 1 DAGs
[2025-02-08 05:52:54,200] {logging_mixin.py:104} INFO - [2025-02-08 05:52:54,200] {dag.py:2306} INFO - Setting next_dagrun for example_trigger_controller_dag to 2025-02-06 00:00:00+00:00
[2025-02-08 05:52:54,207] {scheduler_job.py:190} INFO - Processing /home/airflow/.local/lib/python3.6/site-packages/airflow/example_dags/example_trigger_controller_dag.py took 0.047 seconds
