[2025-02-08 05:49:19,619] {scheduler_job.py:182} INFO - Started process (PID=36) to work on /home/airflow/.local/lib/python3.6/site-packages/airflow/example_dags/example_nested_branch_dag.py
[2025-02-08 05:49:19,620] {scheduler_job.py:633} INFO - Processing file /home/airflow/.local/lib/python3.6/site-packages/airflow/example_dags/example_nested_branch_dag.py for tasks to queue
[2025-02-08 05:49:19,621] {logging_mixin.py:104} INFO - [2025-02-08 05:49:19,621] {dagbag.py:496} INFO - Filling up the DagBag from /home/airflow/.local/lib/python3.6/site-packages/airflow/example_dags/example_nested_branch_dag.py
[2025-02-08 05:49:19,634] {scheduler_job.py:643} INFO - DAG(s) dict_keys(['example_nested_branch_dag']) retrieved from /home/airflow/.local/lib/python3.6/site-packages/airflow/example_dags/example_nested_branch_dag.py
[2025-02-08 05:49:19,854] {logging_mixin.py:104} INFO - [2025-02-08 05:49:19,853] {dag.py:1833} INFO - Sync 1 DAGs
[2025-02-08 05:49:19,871] {logging_mixin.py:104} INFO - [2025-02-08 05:49:19,871] {dag.py:2306} INFO - Setting next_dagrun for example_nested_branch_dag to 2025-02-06 00:00:00+00:00
[2025-02-08 05:49:19,883] {scheduler_job.py:190} INFO - Processing /home/airflow/.local/lib/python3.6/site-packages/airflow/example_dags/example_nested_branch_dag.py took 0.267 seconds
[2025-02-08 05:49:50,555] {scheduler_job.py:182} INFO - Started process (PID=97) to work on /home/airflow/.local/lib/python3.6/site-packages/airflow/example_dags/example_nested_branch_dag.py
[2025-02-08 05:49:50,555] {scheduler_job.py:633} INFO - Processing file /home/airflow/.local/lib/python3.6/site-packages/airflow/example_dags/example_nested_branch_dag.py for tasks to queue
[2025-02-08 05:49:50,556] {logging_mixin.py:104} INFO - [2025-02-08 05:49:50,556] {dagbag.py:496} INFO - Filling up the DagBag from /home/airflow/.local/lib/python3.6/site-packages/airflow/example_dags/example_nested_branch_dag.py
[2025-02-08 05:49:50,566] {scheduler_job.py:643} INFO - DAG(s) dict_keys(['example_nested_branch_dag']) retrieved from /home/airflow/.local/lib/python3.6/site-packages/airflow/example_dags/example_nested_branch_dag.py
[2025-02-08 05:49:50,583] {logging_mixin.py:104} INFO - [2025-02-08 05:49:50,583] {dag.py:1833} INFO - Sync 1 DAGs
[2025-02-08 05:49:50,596] {logging_mixin.py:104} INFO - [2025-02-08 05:49:50,596] {dag.py:2306} INFO - Setting next_dagrun for example_nested_branch_dag to 2025-02-06 00:00:00+00:00
[2025-02-08 05:49:50,631] {scheduler_job.py:190} INFO - Processing /home/airflow/.local/lib/python3.6/site-packages/airflow/example_dags/example_nested_branch_dag.py took 0.079 seconds
[2025-02-08 05:50:21,219] {scheduler_job.py:182} INFO - Started process (PID=154) to work on /home/airflow/.local/lib/python3.6/site-packages/airflow/example_dags/example_nested_branch_dag.py
[2025-02-08 05:50:21,220] {scheduler_job.py:633} INFO - Processing file /home/airflow/.local/lib/python3.6/site-packages/airflow/example_dags/example_nested_branch_dag.py for tasks to queue
[2025-02-08 05:50:21,220] {logging_mixin.py:104} INFO - [2025-02-08 05:50:21,220] {dagbag.py:496} INFO - Filling up the DagBag from /home/airflow/.local/lib/python3.6/site-packages/airflow/example_dags/example_nested_branch_dag.py
[2025-02-08 05:50:21,231] {scheduler_job.py:643} INFO - DAG(s) dict_keys(['example_nested_branch_dag']) retrieved from /home/airflow/.local/lib/python3.6/site-packages/airflow/example_dags/example_nested_branch_dag.py
[2025-02-08 05:50:21,249] {logging_mixin.py:104} INFO - [2025-02-08 05:50:21,248] {dag.py:1833} INFO - Sync 1 DAGs
[2025-02-08 05:50:21,262] {logging_mixin.py:104} INFO - [2025-02-08 05:50:21,262] {dag.py:2306} INFO - Setting next_dagrun for example_nested_branch_dag to 2025-02-06 00:00:00+00:00
[2025-02-08 05:50:21,270] {scheduler_job.py:190} INFO - Processing /home/airflow/.local/lib/python3.6/site-packages/airflow/example_dags/example_nested_branch_dag.py took 0.054 seconds
[2025-02-08 05:50:51,825] {scheduler_job.py:182} INFO - Started process (PID=208) to work on /home/airflow/.local/lib/python3.6/site-packages/airflow/example_dags/example_nested_branch_dag.py
[2025-02-08 05:50:51,826] {scheduler_job.py:633} INFO - Processing file /home/airflow/.local/lib/python3.6/site-packages/airflow/example_dags/example_nested_branch_dag.py for tasks to queue
[2025-02-08 05:50:51,827] {logging_mixin.py:104} INFO - [2025-02-08 05:50:51,827] {dagbag.py:496} INFO - Filling up the DagBag from /home/airflow/.local/lib/python3.6/site-packages/airflow/example_dags/example_nested_branch_dag.py
[2025-02-08 05:50:51,837] {scheduler_job.py:643} INFO - DAG(s) dict_keys(['example_nested_branch_dag']) retrieved from /home/airflow/.local/lib/python3.6/site-packages/airflow/example_dags/example_nested_branch_dag.py
[2025-02-08 05:50:51,853] {logging_mixin.py:104} INFO - [2025-02-08 05:50:51,853] {dag.py:1833} INFO - Sync 1 DAGs
[2025-02-08 05:50:51,867] {logging_mixin.py:104} INFO - [2025-02-08 05:50:51,867] {dag.py:2306} INFO - Setting next_dagrun for example_nested_branch_dag to 2025-02-06 00:00:00+00:00
[2025-02-08 05:50:51,905] {scheduler_job.py:190} INFO - Processing /home/airflow/.local/lib/python3.6/site-packages/airflow/example_dags/example_nested_branch_dag.py took 0.083 seconds
[2025-02-08 05:51:22,370] {scheduler_job.py:182} INFO - Started process (PID=268) to work on /home/airflow/.local/lib/python3.6/site-packages/airflow/example_dags/example_nested_branch_dag.py
[2025-02-08 05:51:22,371] {scheduler_job.py:633} INFO - Processing file /home/airflow/.local/lib/python3.6/site-packages/airflow/example_dags/example_nested_branch_dag.py for tasks to queue
[2025-02-08 05:51:22,371] {logging_mixin.py:104} INFO - [2025-02-08 05:51:22,371] {dagbag.py:496} INFO - Filling up the DagBag from /home/airflow/.local/lib/python3.6/site-packages/airflow/example_dags/example_nested_branch_dag.py
[2025-02-08 05:51:22,381] {scheduler_job.py:643} INFO - DAG(s) dict_keys(['example_nested_branch_dag']) retrieved from /home/airflow/.local/lib/python3.6/site-packages/airflow/example_dags/example_nested_branch_dag.py
[2025-02-08 05:51:22,398] {logging_mixin.py:104} INFO - [2025-02-08 05:51:22,398] {dag.py:1833} INFO - Sync 1 DAGs
[2025-02-08 05:51:22,412] {logging_mixin.py:104} INFO - [2025-02-08 05:51:22,412] {dag.py:2306} INFO - Setting next_dagrun for example_nested_branch_dag to 2025-02-06 00:00:00+00:00
[2025-02-08 05:51:22,449] {scheduler_job.py:190} INFO - Processing /home/airflow/.local/lib/python3.6/site-packages/airflow/example_dags/example_nested_branch_dag.py took 0.082 seconds
[2025-02-08 05:51:52,944] {scheduler_job.py:182} INFO - Started process (PID=319) to work on /home/airflow/.local/lib/python3.6/site-packages/airflow/example_dags/example_nested_branch_dag.py
[2025-02-08 05:51:52,945] {scheduler_job.py:633} INFO - Processing file /home/airflow/.local/lib/python3.6/site-packages/airflow/example_dags/example_nested_branch_dag.py for tasks to queue
[2025-02-08 05:51:52,946] {logging_mixin.py:104} INFO - [2025-02-08 05:51:52,946] {dagbag.py:496} INFO - Filling up the DagBag from /home/airflow/.local/lib/python3.6/site-packages/airflow/example_dags/example_nested_branch_dag.py
[2025-02-08 05:51:52,956] {scheduler_job.py:643} INFO - DAG(s) dict_keys(['example_nested_branch_dag']) retrieved from /home/airflow/.local/lib/python3.6/site-packages/airflow/example_dags/example_nested_branch_dag.py
[2025-02-08 05:51:52,973] {logging_mixin.py:104} INFO - [2025-02-08 05:51:52,972] {dag.py:1833} INFO - Sync 1 DAGs
[2025-02-08 05:51:52,986] {logging_mixin.py:104} INFO - [2025-02-08 05:51:52,985] {dag.py:2306} INFO - Setting next_dagrun for example_nested_branch_dag to 2025-02-06 00:00:00+00:00
[2025-02-08 05:51:53,020] {scheduler_job.py:190} INFO - Processing /home/airflow/.local/lib/python3.6/site-packages/airflow/example_dags/example_nested_branch_dag.py took 0.078 seconds
[2025-02-08 05:52:23,325] {scheduler_job.py:182} INFO - Started process (PID=380) to work on /home/airflow/.local/lib/python3.6/site-packages/airflow/example_dags/example_nested_branch_dag.py
[2025-02-08 05:52:23,325] {scheduler_job.py:633} INFO - Processing file /home/airflow/.local/lib/python3.6/site-packages/airflow/example_dags/example_nested_branch_dag.py for tasks to queue
[2025-02-08 05:52:23,326] {logging_mixin.py:104} INFO - [2025-02-08 05:52:23,326] {dagbag.py:496} INFO - Filling up the DagBag from /home/airflow/.local/lib/python3.6/site-packages/airflow/example_dags/example_nested_branch_dag.py
[2025-02-08 05:52:23,336] {scheduler_job.py:643} INFO - DAG(s) dict_keys(['example_nested_branch_dag']) retrieved from /home/airflow/.local/lib/python3.6/site-packages/airflow/example_dags/example_nested_branch_dag.py
[2025-02-08 05:52:23,352] {logging_mixin.py:104} INFO - [2025-02-08 05:52:23,352] {dag.py:1833} INFO - Sync 1 DAGs
[2025-02-08 05:52:23,366] {logging_mixin.py:104} INFO - [2025-02-08 05:52:23,366] {dag.py:2306} INFO - Setting next_dagrun for example_nested_branch_dag to 2025-02-06 00:00:00+00:00
[2025-02-08 05:52:23,400] {scheduler_job.py:190} INFO - Processing /home/airflow/.local/lib/python3.6/site-packages/airflow/example_dags/example_nested_branch_dag.py took 0.078 seconds
[2025-02-08 05:52:54,027] {scheduler_job.py:182} INFO - Started process (PID=441) to work on /home/airflow/.local/lib/python3.6/site-packages/airflow/example_dags/example_nested_branch_dag.py
[2025-02-08 05:52:54,028] {scheduler_job.py:633} INFO - Processing file /home/airflow/.local/lib/python3.6/site-packages/airflow/example_dags/example_nested_branch_dag.py for tasks to queue
[2025-02-08 05:52:54,028] {logging_mixin.py:104} INFO - [2025-02-08 05:52:54,028] {dagbag.py:496} INFO - Filling up the DagBag from /home/airflow/.local/lib/python3.6/site-packages/airflow/example_dags/example_nested_branch_dag.py
[2025-02-08 05:52:54,038] {scheduler_job.py:643} INFO - DAG(s) dict_keys(['example_nested_branch_dag']) retrieved from /home/airflow/.local/lib/python3.6/site-packages/airflow/example_dags/example_nested_branch_dag.py
[2025-02-08 05:52:54,054] {logging_mixin.py:104} INFO - [2025-02-08 05:52:54,054] {dag.py:1833} INFO - Sync 1 DAGs
[2025-02-08 05:52:54,067] {logging_mixin.py:104} INFO - [2025-02-08 05:52:54,067] {dag.py:2306} INFO - Setting next_dagrun for example_nested_branch_dag to 2025-02-06 00:00:00+00:00
[2025-02-08 05:52:54,075] {scheduler_job.py:190} INFO - Processing /home/airflow/.local/lib/python3.6/site-packages/airflow/example_dags/example_nested_branch_dag.py took 0.051 seconds
[2025-02-08 05:53:24,465] {scheduler_job.py:182} INFO - Started process (PID=492) to work on /home/airflow/.local/lib/python3.6/site-packages/airflow/example_dags/example_nested_branch_dag.py
[2025-02-08 05:53:24,466] {scheduler_job.py:633} INFO - Processing file /home/airflow/.local/lib/python3.6/site-packages/airflow/example_dags/example_nested_branch_dag.py for tasks to queue
[2025-02-08 05:53:24,466] {logging_mixin.py:104} INFO - [2025-02-08 05:53:24,466] {dagbag.py:496} INFO - Filling up the DagBag from /home/airflow/.local/lib/python3.6/site-packages/airflow/example_dags/example_nested_branch_dag.py
[2025-02-08 05:53:24,477] {scheduler_job.py:643} INFO - DAG(s) dict_keys(['example_nested_branch_dag']) retrieved from /home/airflow/.local/lib/python3.6/site-packages/airflow/example_dags/example_nested_branch_dag.py
[2025-02-08 05:53:24,492] {logging_mixin.py:104} INFO - [2025-02-08 05:53:24,492] {dag.py:1833} INFO - Sync 1 DAGs
[2025-02-08 05:53:24,506] {logging_mixin.py:104} INFO - [2025-02-08 05:53:24,506] {dag.py:2306} INFO - Setting next_dagrun for example_nested_branch_dag to 2025-02-06 00:00:00+00:00
[2025-02-08 05:53:24,515] {scheduler_job.py:190} INFO - Processing /home/airflow/.local/lib/python3.6/site-packages/airflow/example_dags/example_nested_branch_dag.py took 0.051 seconds
[2025-02-08 05:53:54,878] {scheduler_job.py:182} INFO - Started process (PID=552) to work on /home/airflow/.local/lib/python3.6/site-packages/airflow/example_dags/example_nested_branch_dag.py
[2025-02-08 05:53:54,879] {scheduler_job.py:633} INFO - Processing file /home/airflow/.local/lib/python3.6/site-packages/airflow/example_dags/example_nested_branch_dag.py for tasks to queue
[2025-02-08 05:53:54,879] {logging_mixin.py:104} INFO - [2025-02-08 05:53:54,879] {dagbag.py:496} INFO - Filling up the DagBag from /home/airflow/.local/lib/python3.6/site-packages/airflow/example_dags/example_nested_branch_dag.py
[2025-02-08 05:53:54,889] {scheduler_job.py:643} INFO - DAG(s) dict_keys(['example_nested_branch_dag']) retrieved from /home/airflow/.local/lib/python3.6/site-packages/airflow/example_dags/example_nested_branch_dag.py
[2025-02-08 05:53:54,908] {logging_mixin.py:104} INFO - [2025-02-08 05:53:54,908] {dag.py:1833} INFO - Sync 1 DAGs
[2025-02-08 05:53:54,922] {logging_mixin.py:104} INFO - [2025-02-08 05:53:54,922] {dag.py:2306} INFO - Setting next_dagrun for example_nested_branch_dag to 2025-02-06 00:00:00+00:00
[2025-02-08 05:53:54,929] {scheduler_job.py:190} INFO - Processing /home/airflow/.local/lib/python3.6/site-packages/airflow/example_dags/example_nested_branch_dag.py took 0.054 seconds
