[2025-02-08 05:49:22,696] {scheduler_job.py:182} INFO - Started process (PID=70) to work on /home/airflow/.local/lib/python3.6/site-packages/airflow/example_dags/example_dag_decorator.py
[2025-02-08 05:49:22,697] {scheduler_job.py:633} INFO - Processing file /home/airflow/.local/lib/python3.6/site-packages/airflow/example_dags/example_dag_decorator.py for tasks to queue
[2025-02-08 05:49:22,697] {logging_mixin.py:104} INFO - [2025-02-08 05:49:22,697] {dagbag.py:496} INFO - Filling up the DagBag from /home/airflow/.local/lib/python3.6/site-packages/airflow/example_dags/example_dag_decorator.py
[2025-02-08 05:49:22,713] {scheduler_job.py:643} INFO - DAG(s) dict_keys(['example_dag_decorator']) retrieved from /home/airflow/.local/lib/python3.6/site-packages/airflow/example_dags/example_dag_decorator.py
[2025-02-08 05:49:22,877] {logging_mixin.py:104} INFO - [2025-02-08 05:49:22,877] {dag.py:1833} INFO - Sync 1 DAGs
[2025-02-08 05:49:22,888] {logging_mixin.py:104} INFO - [2025-02-08 05:49:22,888] {dag.py:2306} INFO - Setting next_dagrun for example_dag_decorator to None
[2025-02-08 05:49:22,929] {scheduler_job.py:190} INFO - Processing /home/airflow/.local/lib/python3.6/site-packages/airflow/example_dags/example_dag_decorator.py took 0.236 seconds
[2025-02-08 05:49:53,946] {scheduler_job.py:182} INFO - Started process (PID=122) to work on /home/airflow/.local/lib/python3.6/site-packages/airflow/example_dags/example_dag_decorator.py
[2025-02-08 05:49:53,947] {scheduler_job.py:633} INFO - Processing file /home/airflow/.local/lib/python3.6/site-packages/airflow/example_dags/example_dag_decorator.py for tasks to queue
[2025-02-08 05:49:53,948] {logging_mixin.py:104} INFO - [2025-02-08 05:49:53,948] {dagbag.py:496} INFO - Filling up the DagBag from /home/airflow/.local/lib/python3.6/site-packages/airflow/example_dags/example_dag_decorator.py
[2025-02-08 05:49:53,961] {scheduler_job.py:643} INFO - DAG(s) dict_keys(['example_dag_decorator']) retrieved from /home/airflow/.local/lib/python3.6/site-packages/airflow/example_dags/example_dag_decorator.py
[2025-02-08 05:49:54,107] {logging_mixin.py:104} INFO - [2025-02-08 05:49:54,107] {dag.py:1833} INFO - Sync 1 DAGs
[2025-02-08 05:49:54,118] {logging_mixin.py:104} INFO - [2025-02-08 05:49:54,118] {dag.py:2306} INFO - Setting next_dagrun for example_dag_decorator to None
[2025-02-08 05:49:54,127] {scheduler_job.py:190} INFO - Processing /home/airflow/.local/lib/python3.6/site-packages/airflow/example_dags/example_dag_decorator.py took 0.183 seconds
[2025-02-08 05:50:24,538] {scheduler_job.py:182} INFO - Started process (PID=182) to work on /home/airflow/.local/lib/python3.6/site-packages/airflow/example_dags/example_dag_decorator.py
[2025-02-08 05:50:24,539] {scheduler_job.py:633} INFO - Processing file /home/airflow/.local/lib/python3.6/site-packages/airflow/example_dags/example_dag_decorator.py for tasks to queue
[2025-02-08 05:50:24,540] {logging_mixin.py:104} INFO - [2025-02-08 05:50:24,540] {dagbag.py:496} INFO - Filling up the DagBag from /home/airflow/.local/lib/python3.6/site-packages/airflow/example_dags/example_dag_decorator.py
[2025-02-08 05:50:24,554] {scheduler_job.py:643} INFO - DAG(s) dict_keys(['example_dag_decorator']) retrieved from /home/airflow/.local/lib/python3.6/site-packages/airflow/example_dags/example_dag_decorator.py
[2025-02-08 05:50:24,718] {logging_mixin.py:104} INFO - [2025-02-08 05:50:24,718] {dag.py:1833} INFO - Sync 1 DAGs
[2025-02-08 05:50:24,729] {logging_mixin.py:104} INFO - [2025-02-08 05:50:24,729] {dag.py:2306} INFO - Setting next_dagrun for example_dag_decorator to None
[2025-02-08 05:50:24,739] {scheduler_job.py:190} INFO - Processing /home/airflow/.local/lib/python3.6/site-packages/airflow/example_dags/example_dag_decorator.py took 0.203 seconds
[2025-02-08 05:50:55,095] {scheduler_job.py:182} INFO - Started process (PID=233) to work on /home/airflow/.local/lib/python3.6/site-packages/airflow/example_dags/example_dag_decorator.py
[2025-02-08 05:50:55,096] {scheduler_job.py:633} INFO - Processing file /home/airflow/.local/lib/python3.6/site-packages/airflow/example_dags/example_dag_decorator.py for tasks to queue
[2025-02-08 05:50:55,096] {logging_mixin.py:104} INFO - [2025-02-08 05:50:55,096] {dagbag.py:496} INFO - Filling up the DagBag from /home/airflow/.local/lib/python3.6/site-packages/airflow/example_dags/example_dag_decorator.py
[2025-02-08 05:50:55,110] {scheduler_job.py:643} INFO - DAG(s) dict_keys(['example_dag_decorator']) retrieved from /home/airflow/.local/lib/python3.6/site-packages/airflow/example_dags/example_dag_decorator.py
[2025-02-08 05:50:55,259] {logging_mixin.py:104} INFO - [2025-02-08 05:50:55,259] {dag.py:1833} INFO - Sync 1 DAGs
[2025-02-08 05:50:55,269] {logging_mixin.py:104} INFO - [2025-02-08 05:50:55,269] {dag.py:2306} INFO - Setting next_dagrun for example_dag_decorator to None
[2025-02-08 05:50:55,279] {scheduler_job.py:190} INFO - Processing /home/airflow/.local/lib/python3.6/site-packages/airflow/example_dags/example_dag_decorator.py took 0.187 seconds
[2025-02-08 05:51:25,672] {scheduler_job.py:182} INFO - Started process (PID=293) to work on /home/airflow/.local/lib/python3.6/site-packages/airflow/example_dags/example_dag_decorator.py
[2025-02-08 05:51:25,673] {scheduler_job.py:633} INFO - Processing file /home/airflow/.local/lib/python3.6/site-packages/airflow/example_dags/example_dag_decorator.py for tasks to queue
[2025-02-08 05:51:25,673] {logging_mixin.py:104} INFO - [2025-02-08 05:51:25,673] {dagbag.py:496} INFO - Filling up the DagBag from /home/airflow/.local/lib/python3.6/site-packages/airflow/example_dags/example_dag_decorator.py
[2025-02-08 05:51:25,687] {scheduler_job.py:643} INFO - DAG(s) dict_keys(['example_dag_decorator']) retrieved from /home/airflow/.local/lib/python3.6/site-packages/airflow/example_dags/example_dag_decorator.py
[2025-02-08 05:51:25,835] {logging_mixin.py:104} INFO - [2025-02-08 05:51:25,835] {dag.py:1833} INFO - Sync 1 DAGs
[2025-02-08 05:51:25,845] {logging_mixin.py:104} INFO - [2025-02-08 05:51:25,845] {dag.py:2306} INFO - Setting next_dagrun for example_dag_decorator to None
[2025-02-08 05:51:25,855] {scheduler_job.py:190} INFO - Processing /home/airflow/.local/lib/python3.6/site-packages/airflow/example_dags/example_dag_decorator.py took 0.185 seconds
[2025-02-08 05:51:56,047] {scheduler_job.py:182} INFO - Started process (PID=354) to work on /home/airflow/.local/lib/python3.6/site-packages/airflow/example_dags/example_dag_decorator.py
[2025-02-08 05:51:56,049] {scheduler_job.py:633} INFO - Processing file /home/airflow/.local/lib/python3.6/site-packages/airflow/example_dags/example_dag_decorator.py for tasks to queue
[2025-02-08 05:51:56,049] {logging_mixin.py:104} INFO - [2025-02-08 05:51:56,049] {dagbag.py:496} INFO - Filling up the DagBag from /home/airflow/.local/lib/python3.6/site-packages/airflow/example_dags/example_dag_decorator.py
[2025-02-08 05:51:56,062] {scheduler_job.py:643} INFO - DAG(s) dict_keys(['example_dag_decorator']) retrieved from /home/airflow/.local/lib/python3.6/site-packages/airflow/example_dags/example_dag_decorator.py
[2025-02-08 05:51:56,210] {logging_mixin.py:104} INFO - [2025-02-08 05:51:56,210] {dag.py:1833} INFO - Sync 1 DAGs
[2025-02-08 05:51:56,220] {logging_mixin.py:104} INFO - [2025-02-08 05:51:56,220] {dag.py:2306} INFO - Setting next_dagrun for example_dag_decorator to None
[2025-02-08 05:51:56,229] {scheduler_job.py:190} INFO - Processing /home/airflow/.local/lib/python3.6/site-packages/airflow/example_dags/example_dag_decorator.py took 0.185 seconds
[2025-02-08 05:52:26,710] {scheduler_job.py:182} INFO - Started process (PID=405) to work on /home/airflow/.local/lib/python3.6/site-packages/airflow/example_dags/example_dag_decorator.py
[2025-02-08 05:52:26,711] {scheduler_job.py:633} INFO - Processing file /home/airflow/.local/lib/python3.6/site-packages/airflow/example_dags/example_dag_decorator.py for tasks to queue
[2025-02-08 05:52:26,711] {logging_mixin.py:104} INFO - [2025-02-08 05:52:26,711] {dagbag.py:496} INFO - Filling up the DagBag from /home/airflow/.local/lib/python3.6/site-packages/airflow/example_dags/example_dag_decorator.py
[2025-02-08 05:52:26,730] {scheduler_job.py:643} INFO - DAG(s) dict_keys(['example_dag_decorator']) retrieved from /home/airflow/.local/lib/python3.6/site-packages/airflow/example_dags/example_dag_decorator.py
[2025-02-08 05:52:26,888] {logging_mixin.py:104} INFO - [2025-02-08 05:52:26,888] {dag.py:1833} INFO - Sync 1 DAGs
[2025-02-08 05:52:26,899] {logging_mixin.py:104} INFO - [2025-02-08 05:52:26,899] {dag.py:2306} INFO - Setting next_dagrun for example_dag_decorator to None
[2025-02-08 05:52:26,907] {scheduler_job.py:190} INFO - Processing /home/airflow/.local/lib/python3.6/site-packages/airflow/example_dags/example_dag_decorator.py took 0.201 seconds
[2025-02-08 05:52:57,184] {scheduler_job.py:182} INFO - Started process (PID=466) to work on /home/airflow/.local/lib/python3.6/site-packages/airflow/example_dags/example_dag_decorator.py
[2025-02-08 05:52:57,185] {scheduler_job.py:633} INFO - Processing file /home/airflow/.local/lib/python3.6/site-packages/airflow/example_dags/example_dag_decorator.py for tasks to queue
[2025-02-08 05:52:57,185] {logging_mixin.py:104} INFO - [2025-02-08 05:52:57,185] {dagbag.py:496} INFO - Filling up the DagBag from /home/airflow/.local/lib/python3.6/site-packages/airflow/example_dags/example_dag_decorator.py
[2025-02-08 05:52:57,199] {scheduler_job.py:643} INFO - DAG(s) dict_keys(['example_dag_decorator']) retrieved from /home/airflow/.local/lib/python3.6/site-packages/airflow/example_dags/example_dag_decorator.py
[2025-02-08 05:52:57,346] {logging_mixin.py:104} INFO - [2025-02-08 05:52:57,346] {dag.py:1833} INFO - Sync 1 DAGs
[2025-02-08 05:52:57,356] {logging_mixin.py:104} INFO - [2025-02-08 05:52:57,356] {dag.py:2306} INFO - Setting next_dagrun for example_dag_decorator to None
[2025-02-08 05:52:57,365] {scheduler_job.py:190} INFO - Processing /home/airflow/.local/lib/python3.6/site-packages/airflow/example_dags/example_dag_decorator.py took 0.185 seconds
