[2025-02-08 05:49:19,327] {scheduler_job.py:182} INFO - Started process (PID=35) to work on /home/airflow/.local/lib/python3.6/site-packages/airflow/example_dags/example_branch_python_dop_operator_3.py
[2025-02-08 05:49:19,328] {scheduler_job.py:633} INFO - Processing file /home/airflow/.local/lib/python3.6/site-packages/airflow/example_dags/example_branch_python_dop_operator_3.py for tasks to queue
[2025-02-08 05:49:19,328] {logging_mixin.py:104} INFO - [2025-02-08 05:49:19,328] {dagbag.py:496} INFO - Filling up the DagBag from /home/airflow/.local/lib/python3.6/site-packages/airflow/example_dags/example_branch_python_dop_operator_3.py
[2025-02-08 05:49:19,341] {scheduler_job.py:643} INFO - DAG(s) dict_keys(['example_branch_dop_operator_v3']) retrieved from /home/airflow/.local/lib/python3.6/site-packages/airflow/example_dags/example_branch_python_dop_operator_3.py
[2025-02-08 05:49:19,564] {logging_mixin.py:104} INFO - [2025-02-08 05:49:19,563] {dag.py:1833} INFO - Sync 1 DAGs
[2025-02-08 05:49:19,587] {logging_mixin.py:104} INFO - [2025-02-08 05:49:19,587] {dag.py:2306} INFO - Setting next_dagrun for example_branch_dop_operator_v3 to 2025-02-06 00:00:00+00:00
[2025-02-08 05:49:19,599] {scheduler_job.py:190} INFO - Processing /home/airflow/.local/lib/python3.6/site-packages/airflow/example_dags/example_branch_python_dop_operator_3.py took 0.275 seconds
[2025-02-08 05:49:50,549] {scheduler_job.py:182} INFO - Started process (PID=96) to work on /home/airflow/.local/lib/python3.6/site-packages/airflow/example_dags/example_branch_python_dop_operator_3.py
[2025-02-08 05:49:50,550] {scheduler_job.py:633} INFO - Processing file /home/airflow/.local/lib/python3.6/site-packages/airflow/example_dags/example_branch_python_dop_operator_3.py for tasks to queue
[2025-02-08 05:49:50,550] {logging_mixin.py:104} INFO - [2025-02-08 05:49:50,550] {dagbag.py:496} INFO - Filling up the DagBag from /home/airflow/.local/lib/python3.6/site-packages/airflow/example_dags/example_branch_python_dop_operator_3.py
[2025-02-08 05:49:50,560] {scheduler_job.py:643} INFO - DAG(s) dict_keys(['example_branch_dop_operator_v3']) retrieved from /home/airflow/.local/lib/python3.6/site-packages/airflow/example_dags/example_branch_python_dop_operator_3.py
[2025-02-08 05:49:50,578] {logging_mixin.py:104} INFO - [2025-02-08 05:49:50,578] {dag.py:1833} INFO - Sync 1 DAGs
[2025-02-08 05:49:50,594] {logging_mixin.py:104} INFO - [2025-02-08 05:49:50,594] {dag.py:2306} INFO - Setting next_dagrun for example_branch_dop_operator_v3 to 2025-02-06 00:00:00+00:00
[2025-02-08 05:49:50,630] {scheduler_job.py:190} INFO - Processing /home/airflow/.local/lib/python3.6/site-packages/airflow/example_dags/example_branch_python_dop_operator_3.py took 0.084 seconds
[2025-02-08 05:50:21,214] {scheduler_job.py:182} INFO - Started process (PID=153) to work on /home/airflow/.local/lib/python3.6/site-packages/airflow/example_dags/example_branch_python_dop_operator_3.py
[2025-02-08 05:50:21,214] {scheduler_job.py:633} INFO - Processing file /home/airflow/.local/lib/python3.6/site-packages/airflow/example_dags/example_branch_python_dop_operator_3.py for tasks to queue
[2025-02-08 05:50:21,215] {logging_mixin.py:104} INFO - [2025-02-08 05:50:21,215] {dagbag.py:496} INFO - Filling up the DagBag from /home/airflow/.local/lib/python3.6/site-packages/airflow/example_dags/example_branch_python_dop_operator_3.py
[2025-02-08 05:50:21,226] {scheduler_job.py:643} INFO - DAG(s) dict_keys(['example_branch_dop_operator_v3']) retrieved from /home/airflow/.local/lib/python3.6/site-packages/airflow/example_dags/example_branch_python_dop_operator_3.py
[2025-02-08 05:50:21,243] {logging_mixin.py:104} INFO - [2025-02-08 05:50:21,243] {dag.py:1833} INFO - Sync 1 DAGs
[2025-02-08 05:50:21,262] {logging_mixin.py:104} INFO - [2025-02-08 05:50:21,262] {dag.py:2306} INFO - Setting next_dagrun for example_branch_dop_operator_v3 to 2025-02-06 00:00:00+00:00
[2025-02-08 05:50:21,272] {scheduler_job.py:190} INFO - Processing /home/airflow/.local/lib/python3.6/site-packages/airflow/example_dags/example_branch_python_dop_operator_3.py took 0.061 seconds
[2025-02-08 05:50:51,820] {scheduler_job.py:182} INFO - Started process (PID=207) to work on /home/airflow/.local/lib/python3.6/site-packages/airflow/example_dags/example_branch_python_dop_operator_3.py
[2025-02-08 05:50:51,821] {scheduler_job.py:633} INFO - Processing file /home/airflow/.local/lib/python3.6/site-packages/airflow/example_dags/example_branch_python_dop_operator_3.py for tasks to queue
[2025-02-08 05:50:51,821] {logging_mixin.py:104} INFO - [2025-02-08 05:50:51,821] {dagbag.py:496} INFO - Filling up the DagBag from /home/airflow/.local/lib/python3.6/site-packages/airflow/example_dags/example_branch_python_dop_operator_3.py
[2025-02-08 05:50:51,832] {scheduler_job.py:643} INFO - DAG(s) dict_keys(['example_branch_dop_operator_v3']) retrieved from /home/airflow/.local/lib/python3.6/site-packages/airflow/example_dags/example_branch_python_dop_operator_3.py
[2025-02-08 05:50:51,849] {logging_mixin.py:104} INFO - [2025-02-08 05:50:51,849] {dag.py:1833} INFO - Sync 1 DAGs
[2025-02-08 05:50:51,866] {logging_mixin.py:104} INFO - [2025-02-08 05:50:51,866] {dag.py:2306} INFO - Setting next_dagrun for example_branch_dop_operator_v3 to 2025-02-06 00:00:00+00:00
[2025-02-08 05:50:51,905] {scheduler_job.py:190} INFO - Processing /home/airflow/.local/lib/python3.6/site-packages/airflow/example_dags/example_branch_python_dop_operator_3.py took 0.088 seconds
[2025-02-08 05:51:22,365] {scheduler_job.py:182} INFO - Started process (PID=267) to work on /home/airflow/.local/lib/python3.6/site-packages/airflow/example_dags/example_branch_python_dop_operator_3.py
[2025-02-08 05:51:22,365] {scheduler_job.py:633} INFO - Processing file /home/airflow/.local/lib/python3.6/site-packages/airflow/example_dags/example_branch_python_dop_operator_3.py for tasks to queue
[2025-02-08 05:51:22,366] {logging_mixin.py:104} INFO - [2025-02-08 05:51:22,366] {dagbag.py:496} INFO - Filling up the DagBag from /home/airflow/.local/lib/python3.6/site-packages/airflow/example_dags/example_branch_python_dop_operator_3.py
[2025-02-08 05:51:22,376] {scheduler_job.py:643} INFO - DAG(s) dict_keys(['example_branch_dop_operator_v3']) retrieved from /home/airflow/.local/lib/python3.6/site-packages/airflow/example_dags/example_branch_python_dop_operator_3.py
[2025-02-08 05:51:22,392] {logging_mixin.py:104} INFO - [2025-02-08 05:51:22,392] {dag.py:1833} INFO - Sync 1 DAGs
[2025-02-08 05:51:22,410] {logging_mixin.py:104} INFO - [2025-02-08 05:51:22,410] {dag.py:2306} INFO - Setting next_dagrun for example_branch_dop_operator_v3 to 2025-02-06 00:00:00+00:00
[2025-02-08 05:51:22,449] {scheduler_job.py:190} INFO - Processing /home/airflow/.local/lib/python3.6/site-packages/airflow/example_dags/example_branch_python_dop_operator_3.py took 0.087 seconds
[2025-02-08 05:51:52,938] {scheduler_job.py:182} INFO - Started process (PID=318) to work on /home/airflow/.local/lib/python3.6/site-packages/airflow/example_dags/example_branch_python_dop_operator_3.py
[2025-02-08 05:51:52,940] {scheduler_job.py:633} INFO - Processing file /home/airflow/.local/lib/python3.6/site-packages/airflow/example_dags/example_branch_python_dop_operator_3.py for tasks to queue
[2025-02-08 05:51:52,940] {logging_mixin.py:104} INFO - [2025-02-08 05:51:52,940] {dagbag.py:496} INFO - Filling up the DagBag from /home/airflow/.local/lib/python3.6/site-packages/airflow/example_dags/example_branch_python_dop_operator_3.py
[2025-02-08 05:51:52,950] {scheduler_job.py:643} INFO - DAG(s) dict_keys(['example_branch_dop_operator_v3']) retrieved from /home/airflow/.local/lib/python3.6/site-packages/airflow/example_dags/example_branch_python_dop_operator_3.py
[2025-02-08 05:51:52,966] {logging_mixin.py:104} INFO - [2025-02-08 05:51:52,966] {dag.py:1833} INFO - Sync 1 DAGs
[2025-02-08 05:51:52,984] {logging_mixin.py:104} INFO - [2025-02-08 05:51:52,984] {dag.py:2306} INFO - Setting next_dagrun for example_branch_dop_operator_v3 to 2025-02-06 00:00:00+00:00
[2025-02-08 05:51:53,019] {scheduler_job.py:190} INFO - Processing /home/airflow/.local/lib/python3.6/site-packages/airflow/example_dags/example_branch_python_dop_operator_3.py took 0.083 seconds
[2025-02-08 05:52:23,319] {scheduler_job.py:182} INFO - Started process (PID=379) to work on /home/airflow/.local/lib/python3.6/site-packages/airflow/example_dags/example_branch_python_dop_operator_3.py
[2025-02-08 05:52:23,320] {scheduler_job.py:633} INFO - Processing file /home/airflow/.local/lib/python3.6/site-packages/airflow/example_dags/example_branch_python_dop_operator_3.py for tasks to queue
[2025-02-08 05:52:23,321] {logging_mixin.py:104} INFO - [2025-02-08 05:52:23,321] {dagbag.py:496} INFO - Filling up the DagBag from /home/airflow/.local/lib/python3.6/site-packages/airflow/example_dags/example_branch_python_dop_operator_3.py
[2025-02-08 05:52:23,331] {scheduler_job.py:643} INFO - DAG(s) dict_keys(['example_branch_dop_operator_v3']) retrieved from /home/airflow/.local/lib/python3.6/site-packages/airflow/example_dags/example_branch_python_dop_operator_3.py
[2025-02-08 05:52:23,348] {logging_mixin.py:104} INFO - [2025-02-08 05:52:23,348] {dag.py:1833} INFO - Sync 1 DAGs
[2025-02-08 05:52:23,365] {logging_mixin.py:104} INFO - [2025-02-08 05:52:23,365] {dag.py:2306} INFO - Setting next_dagrun for example_branch_dop_operator_v3 to 2025-02-06 00:00:00+00:00
[2025-02-08 05:52:23,400] {scheduler_job.py:190} INFO - Processing /home/airflow/.local/lib/python3.6/site-packages/airflow/example_dags/example_branch_python_dop_operator_3.py took 0.084 seconds
[2025-02-08 05:52:54,022] {scheduler_job.py:182} INFO - Started process (PID=440) to work on /home/airflow/.local/lib/python3.6/site-packages/airflow/example_dags/example_branch_python_dop_operator_3.py
[2025-02-08 05:52:54,023] {scheduler_job.py:633} INFO - Processing file /home/airflow/.local/lib/python3.6/site-packages/airflow/example_dags/example_branch_python_dop_operator_3.py for tasks to queue
[2025-02-08 05:52:54,023] {logging_mixin.py:104} INFO - [2025-02-08 05:52:54,023] {dagbag.py:496} INFO - Filling up the DagBag from /home/airflow/.local/lib/python3.6/site-packages/airflow/example_dags/example_branch_python_dop_operator_3.py
[2025-02-08 05:52:54,033] {scheduler_job.py:643} INFO - DAG(s) dict_keys(['example_branch_dop_operator_v3']) retrieved from /home/airflow/.local/lib/python3.6/site-packages/airflow/example_dags/example_branch_python_dop_operator_3.py
[2025-02-08 05:52:54,050] {logging_mixin.py:104} INFO - [2025-02-08 05:52:54,050] {dag.py:1833} INFO - Sync 1 DAGs
[2025-02-08 05:52:54,067] {logging_mixin.py:104} INFO - [2025-02-08 05:52:54,067] {dag.py:2306} INFO - Setting next_dagrun for example_branch_dop_operator_v3 to 2025-02-06 00:00:00+00:00
[2025-02-08 05:52:54,075] {scheduler_job.py:190} INFO - Processing /home/airflow/.local/lib/python3.6/site-packages/airflow/example_dags/example_branch_python_dop_operator_3.py took 0.057 seconds
[2025-02-08 05:53:24,459] {scheduler_job.py:182} INFO - Started process (PID=491) to work on /home/airflow/.local/lib/python3.6/site-packages/airflow/example_dags/example_branch_python_dop_operator_3.py
[2025-02-08 05:53:24,460] {scheduler_job.py:633} INFO - Processing file /home/airflow/.local/lib/python3.6/site-packages/airflow/example_dags/example_branch_python_dop_operator_3.py for tasks to queue
[2025-02-08 05:53:24,461] {logging_mixin.py:104} INFO - [2025-02-08 05:53:24,461] {dagbag.py:496} INFO - Filling up the DagBag from /home/airflow/.local/lib/python3.6/site-packages/airflow/example_dags/example_branch_python_dop_operator_3.py
[2025-02-08 05:53:24,471] {scheduler_job.py:643} INFO - DAG(s) dict_keys(['example_branch_dop_operator_v3']) retrieved from /home/airflow/.local/lib/python3.6/site-packages/airflow/example_dags/example_branch_python_dop_operator_3.py
[2025-02-08 05:53:24,488] {logging_mixin.py:104} INFO - [2025-02-08 05:53:24,488] {dag.py:1833} INFO - Sync 1 DAGs
[2025-02-08 05:53:24,506] {logging_mixin.py:104} INFO - [2025-02-08 05:53:24,506] {dag.py:2306} INFO - Setting next_dagrun for example_branch_dop_operator_v3 to 2025-02-06 00:00:00+00:00
[2025-02-08 05:53:24,515] {scheduler_job.py:190} INFO - Processing /home/airflow/.local/lib/python3.6/site-packages/airflow/example_dags/example_branch_python_dop_operator_3.py took 0.058 seconds
[2025-02-08 05:53:54,872] {scheduler_job.py:182} INFO - Started process (PID=551) to work on /home/airflow/.local/lib/python3.6/site-packages/airflow/example_dags/example_branch_python_dop_operator_3.py
[2025-02-08 05:53:54,873] {scheduler_job.py:633} INFO - Processing file /home/airflow/.local/lib/python3.6/site-packages/airflow/example_dags/example_branch_python_dop_operator_3.py for tasks to queue
[2025-02-08 05:53:54,873] {logging_mixin.py:104} INFO - [2025-02-08 05:53:54,873] {dagbag.py:496} INFO - Filling up the DagBag from /home/airflow/.local/lib/python3.6/site-packages/airflow/example_dags/example_branch_python_dop_operator_3.py
[2025-02-08 05:53:54,884] {scheduler_job.py:643} INFO - DAG(s) dict_keys(['example_branch_dop_operator_v3']) retrieved from /home/airflow/.local/lib/python3.6/site-packages/airflow/example_dags/example_branch_python_dop_operator_3.py
[2025-02-08 05:53:54,901] {logging_mixin.py:104} INFO - [2025-02-08 05:53:54,901] {dag.py:1833} INFO - Sync 1 DAGs
[2025-02-08 05:53:54,918] {logging_mixin.py:104} INFO - [2025-02-08 05:53:54,918] {dag.py:2306} INFO - Setting next_dagrun for example_branch_dop_operator_v3 to 2025-02-06 00:00:00+00:00
[2025-02-08 05:53:54,926] {scheduler_job.py:190} INFO - Processing /home/airflow/.local/lib/python3.6/site-packages/airflow/example_dags/example_branch_python_dop_operator_3.py took 0.057 seconds
