[2025-02-08 05:49:21,318] {scheduler_job.py:182} INFO - Started process (PID=49) to work on /home/airflow/.local/lib/python3.6/site-packages/airflow/example_dags/example_kubernetes_executor_config.py
[2025-02-08 05:49:21,319] {scheduler_job.py:633} INFO - Processing file /home/airflow/.local/lib/python3.6/site-packages/airflow/example_dags/example_kubernetes_executor_config.py for tasks to queue
[2025-02-08 05:49:21,319] {logging_mixin.py:104} INFO - [2025-02-08 05:49:21,319] {dagbag.py:496} INFO - Filling up the DagBag from /home/airflow/.local/lib/python3.6/site-packages/airflow/example_dags/example_kubernetes_executor_config.py
[2025-02-08 05:49:21,333] {scheduler_job.py:643} INFO - DAG(s) dict_keys(['example_kubernetes_executor_config']) retrieved from /home/airflow/.local/lib/python3.6/site-packages/airflow/example_dags/example_kubernetes_executor_config.py
[2025-02-08 05:49:21,501] {logging_mixin.py:104} INFO - [2025-02-08 05:49:21,500] {dag.py:1833} INFO - Sync 1 DAGs
[2025-02-08 05:49:21,511] {logging_mixin.py:104} INFO - [2025-02-08 05:49:21,511] {dag.py:2306} INFO - Setting next_dagrun for example_kubernetes_executor_config to None
[2025-02-08 05:49:21,521] {scheduler_job.py:190} INFO - Processing /home/airflow/.local/lib/python3.6/site-packages/airflow/example_dags/example_kubernetes_executor_config.py took 0.206 seconds
[2025-02-08 05:49:52,409] {scheduler_job.py:182} INFO - Started process (PID=110) to work on /home/airflow/.local/lib/python3.6/site-packages/airflow/example_dags/example_kubernetes_executor_config.py
[2025-02-08 05:49:52,410] {scheduler_job.py:633} INFO - Processing file /home/airflow/.local/lib/python3.6/site-packages/airflow/example_dags/example_kubernetes_executor_config.py for tasks to queue
[2025-02-08 05:49:52,411] {logging_mixin.py:104} INFO - [2025-02-08 05:49:52,411] {dagbag.py:496} INFO - Filling up the DagBag from /home/airflow/.local/lib/python3.6/site-packages/airflow/example_dags/example_kubernetes_executor_config.py
[2025-02-08 05:49:52,421] {scheduler_job.py:643} INFO - DAG(s) dict_keys(['example_kubernetes_executor_config']) retrieved from /home/airflow/.local/lib/python3.6/site-packages/airflow/example_dags/example_kubernetes_executor_config.py
[2025-02-08 05:49:52,438] {logging_mixin.py:104} INFO - [2025-02-08 05:49:52,438] {dag.py:1833} INFO - Sync 1 DAGs
[2025-02-08 05:49:52,450] {logging_mixin.py:104} INFO - [2025-02-08 05:49:52,450] {dag.py:2306} INFO - Setting next_dagrun for example_kubernetes_executor_config to None
[2025-02-08 05:49:52,458] {scheduler_job.py:190} INFO - Processing /home/airflow/.local/lib/python3.6/site-packages/airflow/example_dags/example_kubernetes_executor_config.py took 0.051 seconds
[2025-02-08 05:50:22,897] {scheduler_job.py:182} INFO - Started process (PID=170) to work on /home/airflow/.local/lib/python3.6/site-packages/airflow/example_dags/example_kubernetes_executor_config.py
[2025-02-08 05:50:22,898] {scheduler_job.py:633} INFO - Processing file /home/airflow/.local/lib/python3.6/site-packages/airflow/example_dags/example_kubernetes_executor_config.py for tasks to queue
[2025-02-08 05:50:22,898] {logging_mixin.py:104} INFO - [2025-02-08 05:50:22,898] {dagbag.py:496} INFO - Filling up the DagBag from /home/airflow/.local/lib/python3.6/site-packages/airflow/example_dags/example_kubernetes_executor_config.py
[2025-02-08 05:50:22,908] {scheduler_job.py:643} INFO - DAG(s) dict_keys(['example_kubernetes_executor_config']) retrieved from /home/airflow/.local/lib/python3.6/site-packages/airflow/example_dags/example_kubernetes_executor_config.py
[2025-02-08 05:50:22,928] {logging_mixin.py:104} INFO - [2025-02-08 05:50:22,928] {dag.py:1833} INFO - Sync 1 DAGs
[2025-02-08 05:50:22,939] {logging_mixin.py:104} INFO - [2025-02-08 05:50:22,939] {dag.py:2306} INFO - Setting next_dagrun for example_kubernetes_executor_config to None
[2025-02-08 05:50:22,947] {scheduler_job.py:190} INFO - Processing /home/airflow/.local/lib/python3.6/site-packages/airflow/example_dags/example_kubernetes_executor_config.py took 0.053 seconds
[2025-02-08 05:50:53,501] {scheduler_job.py:182} INFO - Started process (PID=221) to work on /home/airflow/.local/lib/python3.6/site-packages/airflow/example_dags/example_kubernetes_executor_config.py
[2025-02-08 05:50:53,501] {scheduler_job.py:633} INFO - Processing file /home/airflow/.local/lib/python3.6/site-packages/airflow/example_dags/example_kubernetes_executor_config.py for tasks to queue
[2025-02-08 05:50:53,502] {logging_mixin.py:104} INFO - [2025-02-08 05:50:53,502] {dagbag.py:496} INFO - Filling up the DagBag from /home/airflow/.local/lib/python3.6/site-packages/airflow/example_dags/example_kubernetes_executor_config.py
[2025-02-08 05:50:53,512] {scheduler_job.py:643} INFO - DAG(s) dict_keys(['example_kubernetes_executor_config']) retrieved from /home/airflow/.local/lib/python3.6/site-packages/airflow/example_dags/example_kubernetes_executor_config.py
[2025-02-08 05:50:53,532] {logging_mixin.py:104} INFO - [2025-02-08 05:50:53,532] {dag.py:1833} INFO - Sync 1 DAGs
[2025-02-08 05:50:53,544] {logging_mixin.py:104} INFO - [2025-02-08 05:50:53,544] {dag.py:2306} INFO - Setting next_dagrun for example_kubernetes_executor_config to None
[2025-02-08 05:50:53,553] {scheduler_job.py:190} INFO - Processing /home/airflow/.local/lib/python3.6/site-packages/airflow/example_dags/example_kubernetes_executor_config.py took 0.055 seconds
[2025-02-08 05:51:24,048] {scheduler_job.py:182} INFO - Started process (PID=281) to work on /home/airflow/.local/lib/python3.6/site-packages/airflow/example_dags/example_kubernetes_executor_config.py
[2025-02-08 05:51:24,049] {scheduler_job.py:633} INFO - Processing file /home/airflow/.local/lib/python3.6/site-packages/airflow/example_dags/example_kubernetes_executor_config.py for tasks to queue
[2025-02-08 05:51:24,050] {logging_mixin.py:104} INFO - [2025-02-08 05:51:24,049] {dagbag.py:496} INFO - Filling up the DagBag from /home/airflow/.local/lib/python3.6/site-packages/airflow/example_dags/example_kubernetes_executor_config.py
[2025-02-08 05:51:24,060] {scheduler_job.py:643} INFO - DAG(s) dict_keys(['example_kubernetes_executor_config']) retrieved from /home/airflow/.local/lib/python3.6/site-packages/airflow/example_dags/example_kubernetes_executor_config.py
[2025-02-08 05:51:24,077] {logging_mixin.py:104} INFO - [2025-02-08 05:51:24,077] {dag.py:1833} INFO - Sync 1 DAGs
[2025-02-08 05:51:24,089] {logging_mixin.py:104} INFO - [2025-02-08 05:51:24,089] {dag.py:2306} INFO - Setting next_dagrun for example_kubernetes_executor_config to None
[2025-02-08 05:51:24,098] {scheduler_job.py:190} INFO - Processing /home/airflow/.local/lib/python3.6/site-packages/airflow/example_dags/example_kubernetes_executor_config.py took 0.052 seconds
[2025-02-08 05:51:54,551] {scheduler_job.py:182} INFO - Started process (PID=342) to work on /home/airflow/.local/lib/python3.6/site-packages/airflow/example_dags/example_kubernetes_executor_config.py
[2025-02-08 05:51:54,552] {scheduler_job.py:633} INFO - Processing file /home/airflow/.local/lib/python3.6/site-packages/airflow/example_dags/example_kubernetes_executor_config.py for tasks to queue
[2025-02-08 05:51:54,552] {logging_mixin.py:104} INFO - [2025-02-08 05:51:54,552] {dagbag.py:496} INFO - Filling up the DagBag from /home/airflow/.local/lib/python3.6/site-packages/airflow/example_dags/example_kubernetes_executor_config.py
[2025-02-08 05:51:54,562] {scheduler_job.py:643} INFO - DAG(s) dict_keys(['example_kubernetes_executor_config']) retrieved from /home/airflow/.local/lib/python3.6/site-packages/airflow/example_dags/example_kubernetes_executor_config.py
[2025-02-08 05:51:54,579] {logging_mixin.py:104} INFO - [2025-02-08 05:51:54,579] {dag.py:1833} INFO - Sync 1 DAGs
[2025-02-08 05:51:54,591] {logging_mixin.py:104} INFO - [2025-02-08 05:51:54,591] {dag.py:2306} INFO - Setting next_dagrun for example_kubernetes_executor_config to None
[2025-02-08 05:51:54,598] {scheduler_job.py:190} INFO - Processing /home/airflow/.local/lib/python3.6/site-packages/airflow/example_dags/example_kubernetes_executor_config.py took 0.050 seconds
[2025-02-08 05:52:25,167] {scheduler_job.py:182} INFO - Started process (PID=393) to work on /home/airflow/.local/lib/python3.6/site-packages/airflow/example_dags/example_kubernetes_executor_config.py
[2025-02-08 05:52:25,167] {scheduler_job.py:633} INFO - Processing file /home/airflow/.local/lib/python3.6/site-packages/airflow/example_dags/example_kubernetes_executor_config.py for tasks to queue
[2025-02-08 05:52:25,168] {logging_mixin.py:104} INFO - [2025-02-08 05:52:25,168] {dagbag.py:496} INFO - Filling up the DagBag from /home/airflow/.local/lib/python3.6/site-packages/airflow/example_dags/example_kubernetes_executor_config.py
[2025-02-08 05:52:25,178] {scheduler_job.py:643} INFO - DAG(s) dict_keys(['example_kubernetes_executor_config']) retrieved from /home/airflow/.local/lib/python3.6/site-packages/airflow/example_dags/example_kubernetes_executor_config.py
[2025-02-08 05:52:25,195] {logging_mixin.py:104} INFO - [2025-02-08 05:52:25,195] {dag.py:1833} INFO - Sync 1 DAGs
[2025-02-08 05:52:25,206] {logging_mixin.py:104} INFO - [2025-02-08 05:52:25,206] {dag.py:2306} INFO - Setting next_dagrun for example_kubernetes_executor_config to None
[2025-02-08 05:52:25,215] {scheduler_job.py:190} INFO - Processing /home/airflow/.local/lib/python3.6/site-packages/airflow/example_dags/example_kubernetes_executor_config.py took 0.051 seconds
[2025-02-08 05:52:55,675] {scheduler_job.py:182} INFO - Started process (PID=454) to work on /home/airflow/.local/lib/python3.6/site-packages/airflow/example_dags/example_kubernetes_executor_config.py
[2025-02-08 05:52:55,676] {scheduler_job.py:633} INFO - Processing file /home/airflow/.local/lib/python3.6/site-packages/airflow/example_dags/example_kubernetes_executor_config.py for tasks to queue
[2025-02-08 05:52:55,677] {logging_mixin.py:104} INFO - [2025-02-08 05:52:55,676] {dagbag.py:496} INFO - Filling up the DagBag from /home/airflow/.local/lib/python3.6/site-packages/airflow/example_dags/example_kubernetes_executor_config.py
[2025-02-08 05:52:55,687] {scheduler_job.py:643} INFO - DAG(s) dict_keys(['example_kubernetes_executor_config']) retrieved from /home/airflow/.local/lib/python3.6/site-packages/airflow/example_dags/example_kubernetes_executor_config.py
[2025-02-08 05:52:55,704] {logging_mixin.py:104} INFO - [2025-02-08 05:52:55,703] {dag.py:1833} INFO - Sync 1 DAGs
[2025-02-08 05:52:55,715] {logging_mixin.py:104} INFO - [2025-02-08 05:52:55,715] {dag.py:2306} INFO - Setting next_dagrun for example_kubernetes_executor_config to None
[2025-02-08 05:52:55,722] {scheduler_job.py:190} INFO - Processing /home/airflow/.local/lib/python3.6/site-packages/airflow/example_dags/example_kubernetes_executor_config.py took 0.049 seconds
