[2025-02-08 05:49:19,624] {scheduler_job.py:182} INFO - Started process (PID=37) to work on /home/airflow/.local/lib/python3.6/site-packages/airflow/example_dags/example_complex.py
[2025-02-08 05:49:19,625] {scheduler_job.py:633} INFO - Processing file /home/airflow/.local/lib/python3.6/site-packages/airflow/example_dags/example_complex.py for tasks to queue
[2025-02-08 05:49:19,625] {logging_mixin.py:104} INFO - [2025-02-08 05:49:19,625] {dagbag.py:496} INFO - Filling up the DagBag from /home/airflow/.local/lib/python3.6/site-packages/airflow/example_dags/example_complex.py
[2025-02-08 05:49:19,644] {scheduler_job.py:643} INFO - DAG(s) dict_keys(['example_complex']) retrieved from /home/airflow/.local/lib/python3.6/site-packages/airflow/example_dags/example_complex.py
[2025-02-08 05:49:19,842] {logging_mixin.py:104} INFO - [2025-02-08 05:49:19,842] {dag.py:1833} INFO - Sync 1 DAGs
[2025-02-08 05:49:19,854] {logging_mixin.py:104} INFO - [2025-02-08 05:49:19,854] {dag.py:2306} INFO - Setting next_dagrun for example_complex to None
[2025-02-08 05:49:19,868] {scheduler_job.py:190} INFO - Processing /home/airflow/.local/lib/python3.6/site-packages/airflow/example_dags/example_complex.py took 0.246 seconds
[2025-02-08 05:49:50,649] {scheduler_job.py:182} INFO - Started process (PID=98) to work on /home/airflow/.local/lib/python3.6/site-packages/airflow/example_dags/example_complex.py
[2025-02-08 05:49:50,650] {scheduler_job.py:633} INFO - Processing file /home/airflow/.local/lib/python3.6/site-packages/airflow/example_dags/example_complex.py for tasks to queue
[2025-02-08 05:49:50,651] {logging_mixin.py:104} INFO - [2025-02-08 05:49:50,650] {dagbag.py:496} INFO - Filling up the DagBag from /home/airflow/.local/lib/python3.6/site-packages/airflow/example_dags/example_complex.py
[2025-02-08 05:49:50,665] {scheduler_job.py:643} INFO - DAG(s) dict_keys(['example_complex']) retrieved from /home/airflow/.local/lib/python3.6/site-packages/airflow/example_dags/example_complex.py
[2025-02-08 05:49:50,684] {logging_mixin.py:104} INFO - [2025-02-08 05:49:50,684] {dag.py:1833} INFO - Sync 1 DAGs
[2025-02-08 05:49:50,695] {logging_mixin.py:104} INFO - [2025-02-08 05:49:50,695] {dag.py:2306} INFO - Setting next_dagrun for example_complex to None
[2025-02-08 05:49:50,704] {scheduler_job.py:190} INFO - Processing /home/airflow/.local/lib/python3.6/site-packages/airflow/example_dags/example_complex.py took 0.057 seconds
[2025-02-08 05:50:21,287] {scheduler_job.py:182} INFO - Started process (PID=157) to work on /home/airflow/.local/lib/python3.6/site-packages/airflow/example_dags/example_complex.py
[2025-02-08 05:50:21,288] {scheduler_job.py:633} INFO - Processing file /home/airflow/.local/lib/python3.6/site-packages/airflow/example_dags/example_complex.py for tasks to queue
[2025-02-08 05:50:21,288] {logging_mixin.py:104} INFO - [2025-02-08 05:50:21,288] {dagbag.py:496} INFO - Filling up the DagBag from /home/airflow/.local/lib/python3.6/site-packages/airflow/example_dags/example_complex.py
[2025-02-08 05:50:21,304] {scheduler_job.py:643} INFO - DAG(s) dict_keys(['example_complex']) retrieved from /home/airflow/.local/lib/python3.6/site-packages/airflow/example_dags/example_complex.py
[2025-02-08 05:50:21,326] {logging_mixin.py:104} INFO - [2025-02-08 05:50:21,325] {dag.py:1833} INFO - Sync 1 DAGs
[2025-02-08 05:50:21,339] {logging_mixin.py:104} INFO - [2025-02-08 05:50:21,339] {dag.py:2306} INFO - Setting next_dagrun for example_complex to None
[2025-02-08 05:50:21,351] {scheduler_job.py:190} INFO - Processing /home/airflow/.local/lib/python3.6/site-packages/airflow/example_dags/example_complex.py took 0.066 seconds
[2025-02-08 05:50:51,925] {scheduler_job.py:182} INFO - Started process (PID=209) to work on /home/airflow/.local/lib/python3.6/site-packages/airflow/example_dags/example_complex.py
[2025-02-08 05:50:51,925] {scheduler_job.py:633} INFO - Processing file /home/airflow/.local/lib/python3.6/site-packages/airflow/example_dags/example_complex.py for tasks to queue
[2025-02-08 05:50:51,926] {logging_mixin.py:104} INFO - [2025-02-08 05:50:51,926] {dagbag.py:496} INFO - Filling up the DagBag from /home/airflow/.local/lib/python3.6/site-packages/airflow/example_dags/example_complex.py
[2025-02-08 05:50:51,941] {scheduler_job.py:643} INFO - DAG(s) dict_keys(['example_complex']) retrieved from /home/airflow/.local/lib/python3.6/site-packages/airflow/example_dags/example_complex.py
[2025-02-08 05:50:51,959] {logging_mixin.py:104} INFO - [2025-02-08 05:50:51,959] {dag.py:1833} INFO - Sync 1 DAGs
[2025-02-08 05:50:51,971] {logging_mixin.py:104} INFO - [2025-02-08 05:50:51,971] {dag.py:2306} INFO - Setting next_dagrun for example_complex to None
[2025-02-08 05:50:51,979] {scheduler_job.py:190} INFO - Processing /home/airflow/.local/lib/python3.6/site-packages/airflow/example_dags/example_complex.py took 0.056 seconds
[2025-02-08 05:51:22,468] {scheduler_job.py:182} INFO - Started process (PID=269) to work on /home/airflow/.local/lib/python3.6/site-packages/airflow/example_dags/example_complex.py
[2025-02-08 05:51:22,469] {scheduler_job.py:633} INFO - Processing file /home/airflow/.local/lib/python3.6/site-packages/airflow/example_dags/example_complex.py for tasks to queue
[2025-02-08 05:51:22,469] {logging_mixin.py:104} INFO - [2025-02-08 05:51:22,469] {dagbag.py:496} INFO - Filling up the DagBag from /home/airflow/.local/lib/python3.6/site-packages/airflow/example_dags/example_complex.py
[2025-02-08 05:51:22,484] {scheduler_job.py:643} INFO - DAG(s) dict_keys(['example_complex']) retrieved from /home/airflow/.local/lib/python3.6/site-packages/airflow/example_dags/example_complex.py
[2025-02-08 05:51:22,503] {logging_mixin.py:104} INFO - [2025-02-08 05:51:22,503] {dag.py:1833} INFO - Sync 1 DAGs
[2025-02-08 05:51:22,515] {logging_mixin.py:104} INFO - [2025-02-08 05:51:22,515] {dag.py:2306} INFO - Setting next_dagrun for example_complex to None
[2025-02-08 05:51:22,525] {scheduler_job.py:190} INFO - Processing /home/airflow/.local/lib/python3.6/site-packages/airflow/example_dags/example_complex.py took 0.059 seconds
[2025-02-08 05:51:53,037] {scheduler_job.py:182} INFO - Started process (PID=320) to work on /home/airflow/.local/lib/python3.6/site-packages/airflow/example_dags/example_complex.py
[2025-02-08 05:51:53,039] {scheduler_job.py:633} INFO - Processing file /home/airflow/.local/lib/python3.6/site-packages/airflow/example_dags/example_complex.py for tasks to queue
[2025-02-08 05:51:53,039] {logging_mixin.py:104} INFO - [2025-02-08 05:51:53,039] {dagbag.py:496} INFO - Filling up the DagBag from /home/airflow/.local/lib/python3.6/site-packages/airflow/example_dags/example_complex.py
[2025-02-08 05:51:53,053] {scheduler_job.py:643} INFO - DAG(s) dict_keys(['example_complex']) retrieved from /home/airflow/.local/lib/python3.6/site-packages/airflow/example_dags/example_complex.py
[2025-02-08 05:51:53,072] {logging_mixin.py:104} INFO - [2025-02-08 05:51:53,072] {dag.py:1833} INFO - Sync 1 DAGs
[2025-02-08 05:51:53,083] {logging_mixin.py:104} INFO - [2025-02-08 05:51:53,083] {dag.py:2306} INFO - Setting next_dagrun for example_complex to None
[2025-02-08 05:51:53,091] {scheduler_job.py:190} INFO - Processing /home/airflow/.local/lib/python3.6/site-packages/airflow/example_dags/example_complex.py took 0.056 seconds
[2025-02-08 05:52:23,419] {scheduler_job.py:182} INFO - Started process (PID=381) to work on /home/airflow/.local/lib/python3.6/site-packages/airflow/example_dags/example_complex.py
[2025-02-08 05:52:23,420] {scheduler_job.py:633} INFO - Processing file /home/airflow/.local/lib/python3.6/site-packages/airflow/example_dags/example_complex.py for tasks to queue
[2025-02-08 05:52:23,420] {logging_mixin.py:104} INFO - [2025-02-08 05:52:23,420] {dagbag.py:496} INFO - Filling up the DagBag from /home/airflow/.local/lib/python3.6/site-packages/airflow/example_dags/example_complex.py
[2025-02-08 05:52:23,434] {scheduler_job.py:643} INFO - DAG(s) dict_keys(['example_complex']) retrieved from /home/airflow/.local/lib/python3.6/site-packages/airflow/example_dags/example_complex.py
[2025-02-08 05:52:23,454] {logging_mixin.py:104} INFO - [2025-02-08 05:52:23,453] {dag.py:1833} INFO - Sync 1 DAGs
[2025-02-08 05:52:23,465] {logging_mixin.py:104} INFO - [2025-02-08 05:52:23,465] {dag.py:2306} INFO - Setting next_dagrun for example_complex to None
[2025-02-08 05:52:23,474] {scheduler_job.py:190} INFO - Processing /home/airflow/.local/lib/python3.6/site-packages/airflow/example_dags/example_complex.py took 0.057 seconds
[2025-02-08 05:52:54,092] {scheduler_job.py:182} INFO - Started process (PID=442) to work on /home/airflow/.local/lib/python3.6/site-packages/airflow/example_dags/example_complex.py
[2025-02-08 05:52:54,092] {scheduler_job.py:633} INFO - Processing file /home/airflow/.local/lib/python3.6/site-packages/airflow/example_dags/example_complex.py for tasks to queue
[2025-02-08 05:52:54,093] {logging_mixin.py:104} INFO - [2025-02-08 05:52:54,093] {dagbag.py:496} INFO - Filling up the DagBag from /home/airflow/.local/lib/python3.6/site-packages/airflow/example_dags/example_complex.py
[2025-02-08 05:52:54,108] {scheduler_job.py:643} INFO - DAG(s) dict_keys(['example_complex']) retrieved from /home/airflow/.local/lib/python3.6/site-packages/airflow/example_dags/example_complex.py
[2025-02-08 05:52:54,126] {logging_mixin.py:104} INFO - [2025-02-08 05:52:54,126] {dag.py:1833} INFO - Sync 1 DAGs
[2025-02-08 05:52:54,138] {logging_mixin.py:104} INFO - [2025-02-08 05:52:54,138] {dag.py:2306} INFO - Setting next_dagrun for example_complex to None
[2025-02-08 05:52:54,147] {scheduler_job.py:190} INFO - Processing /home/airflow/.local/lib/python3.6/site-packages/airflow/example_dags/example_complex.py took 0.057 seconds
