[2025-02-08 05:49:20,339] {scheduler_job.py:182} INFO - Started process (PID=42) to work on /home/airflow/.local/lib/python3.6/site-packages/airflow/example_dags/example_task_group_decorator.py
[2025-02-08 05:49:20,340] {scheduler_job.py:633} INFO - Processing file /home/airflow/.local/lib/python3.6/site-packages/airflow/example_dags/example_task_group_decorator.py for tasks to queue
[2025-02-08 05:49:20,340] {logging_mixin.py:104} INFO - [2025-02-08 05:49:20,340] {dagbag.py:496} INFO - Filling up the DagBag from /home/airflow/.local/lib/python3.6/site-packages/airflow/example_dags/example_task_group_decorator.py
[2025-02-08 05:49:20,358] {scheduler_job.py:643} INFO - DAG(s) dict_keys(['example_task_group_decorator']) retrieved from /home/airflow/.local/lib/python3.6/site-packages/airflow/example_dags/example_task_group_decorator.py
[2025-02-08 05:49:20,542] {logging_mixin.py:104} INFO - [2025-02-08 05:49:20,542] {dag.py:1833} INFO - Sync 1 DAGs
[2025-02-08 05:49:20,553] {logging_mixin.py:104} INFO - [2025-02-08 05:49:20,552] {dag.py:2306} INFO - Setting next_dagrun for example_task_group_decorator to 2025-02-06 00:00:00+00:00
[2025-02-08 05:49:20,593] {scheduler_job.py:190} INFO - Processing /home/airflow/.local/lib/python3.6/site-packages/airflow/example_dags/example_task_group_decorator.py took 0.256 seconds
[2025-02-08 05:49:50,860] {scheduler_job.py:182} INFO - Started process (PID=103) to work on /home/airflow/.local/lib/python3.6/site-packages/airflow/example_dags/example_task_group_decorator.py
[2025-02-08 05:49:50,861] {scheduler_job.py:633} INFO - Processing file /home/airflow/.local/lib/python3.6/site-packages/airflow/example_dags/example_task_group_decorator.py for tasks to queue
[2025-02-08 05:49:50,861] {logging_mixin.py:104} INFO - [2025-02-08 05:49:50,861] {dagbag.py:496} INFO - Filling up the DagBag from /home/airflow/.local/lib/python3.6/site-packages/airflow/example_dags/example_task_group_decorator.py
[2025-02-08 05:49:50,878] {scheduler_job.py:643} INFO - DAG(s) dict_keys(['example_task_group_decorator']) retrieved from /home/airflow/.local/lib/python3.6/site-packages/airflow/example_dags/example_task_group_decorator.py
[2025-02-08 05:49:51,026] {logging_mixin.py:104} INFO - [2025-02-08 05:49:51,026] {dag.py:1833} INFO - Sync 1 DAGs
[2025-02-08 05:49:51,036] {logging_mixin.py:104} INFO - [2025-02-08 05:49:51,036] {dag.py:2306} INFO - Setting next_dagrun for example_task_group_decorator to 2025-02-06 00:00:00+00:00
[2025-02-08 05:49:51,046] {scheduler_job.py:190} INFO - Processing /home/airflow/.local/lib/python3.6/site-packages/airflow/example_dags/example_task_group_decorator.py took 0.189 seconds
[2025-02-08 05:50:21,519] {scheduler_job.py:182} INFO - Started process (PID=162) to work on /home/airflow/.local/lib/python3.6/site-packages/airflow/example_dags/example_task_group_decorator.py
[2025-02-08 05:50:21,520] {scheduler_job.py:633} INFO - Processing file /home/airflow/.local/lib/python3.6/site-packages/airflow/example_dags/example_task_group_decorator.py for tasks to queue
[2025-02-08 05:50:21,520] {logging_mixin.py:104} INFO - [2025-02-08 05:50:21,520] {dagbag.py:496} INFO - Filling up the DagBag from /home/airflow/.local/lib/python3.6/site-packages/airflow/example_dags/example_task_group_decorator.py
[2025-02-08 05:50:21,538] {scheduler_job.py:643} INFO - DAG(s) dict_keys(['example_task_group_decorator']) retrieved from /home/airflow/.local/lib/python3.6/site-packages/airflow/example_dags/example_task_group_decorator.py
[2025-02-08 05:50:21,708] {logging_mixin.py:104} INFO - [2025-02-08 05:50:21,708] {dag.py:1833} INFO - Sync 1 DAGs
[2025-02-08 05:50:21,719] {logging_mixin.py:104} INFO - [2025-02-08 05:50:21,719] {dag.py:2306} INFO - Setting next_dagrun for example_task_group_decorator to 2025-02-06 00:00:00+00:00
[2025-02-08 05:50:21,729] {scheduler_job.py:190} INFO - Processing /home/airflow/.local/lib/python3.6/site-packages/airflow/example_dags/example_task_group_decorator.py took 0.213 seconds
[2025-02-08 05:50:52,130] {scheduler_job.py:182} INFO - Started process (PID=214) to work on /home/airflow/.local/lib/python3.6/site-packages/airflow/example_dags/example_task_group_decorator.py
[2025-02-08 05:50:52,131] {scheduler_job.py:633} INFO - Processing file /home/airflow/.local/lib/python3.6/site-packages/airflow/example_dags/example_task_group_decorator.py for tasks to queue
[2025-02-08 05:50:52,131] {logging_mixin.py:104} INFO - [2025-02-08 05:50:52,131] {dagbag.py:496} INFO - Filling up the DagBag from /home/airflow/.local/lib/python3.6/site-packages/airflow/example_dags/example_task_group_decorator.py
[2025-02-08 05:50:52,148] {scheduler_job.py:643} INFO - DAG(s) dict_keys(['example_task_group_decorator']) retrieved from /home/airflow/.local/lib/python3.6/site-packages/airflow/example_dags/example_task_group_decorator.py
[2025-02-08 05:50:52,300] {logging_mixin.py:104} INFO - [2025-02-08 05:50:52,299] {dag.py:1833} INFO - Sync 1 DAGs
[2025-02-08 05:50:52,310] {logging_mixin.py:104} INFO - [2025-02-08 05:50:52,310] {dag.py:2306} INFO - Setting next_dagrun for example_task_group_decorator to 2025-02-06 00:00:00+00:00
[2025-02-08 05:50:52,319] {scheduler_job.py:190} INFO - Processing /home/airflow/.local/lib/python3.6/site-packages/airflow/example_dags/example_task_group_decorator.py took 0.192 seconds
[2025-02-08 05:51:22,677] {scheduler_job.py:182} INFO - Started process (PID=274) to work on /home/airflow/.local/lib/python3.6/site-packages/airflow/example_dags/example_task_group_decorator.py
[2025-02-08 05:51:22,678] {scheduler_job.py:633} INFO - Processing file /home/airflow/.local/lib/python3.6/site-packages/airflow/example_dags/example_task_group_decorator.py for tasks to queue
[2025-02-08 05:51:22,678] {logging_mixin.py:104} INFO - [2025-02-08 05:51:22,678] {dagbag.py:496} INFO - Filling up the DagBag from /home/airflow/.local/lib/python3.6/site-packages/airflow/example_dags/example_task_group_decorator.py
[2025-02-08 05:51:22,695] {scheduler_job.py:643} INFO - DAG(s) dict_keys(['example_task_group_decorator']) retrieved from /home/airflow/.local/lib/python3.6/site-packages/airflow/example_dags/example_task_group_decorator.py
[2025-02-08 05:51:22,845] {logging_mixin.py:104} INFO - [2025-02-08 05:51:22,845] {dag.py:1833} INFO - Sync 1 DAGs
[2025-02-08 05:51:22,856] {logging_mixin.py:104} INFO - [2025-02-08 05:51:22,856] {dag.py:2306} INFO - Setting next_dagrun for example_task_group_decorator to 2025-02-06 00:00:00+00:00
[2025-02-08 05:51:22,867] {scheduler_job.py:190} INFO - Processing /home/airflow/.local/lib/python3.6/site-packages/airflow/example_dags/example_task_group_decorator.py took 0.192 seconds
[2025-02-08 05:51:53,240] {scheduler_job.py:182} INFO - Started process (PID=325) to work on /home/airflow/.local/lib/python3.6/site-packages/airflow/example_dags/example_task_group_decorator.py
[2025-02-08 05:51:53,241] {scheduler_job.py:633} INFO - Processing file /home/airflow/.local/lib/python3.6/site-packages/airflow/example_dags/example_task_group_decorator.py for tasks to queue
[2025-02-08 05:51:53,241] {logging_mixin.py:104} INFO - [2025-02-08 05:51:53,241] {dagbag.py:496} INFO - Filling up the DagBag from /home/airflow/.local/lib/python3.6/site-packages/airflow/example_dags/example_task_group_decorator.py
[2025-02-08 05:51:53,258] {scheduler_job.py:643} INFO - DAG(s) dict_keys(['example_task_group_decorator']) retrieved from /home/airflow/.local/lib/python3.6/site-packages/airflow/example_dags/example_task_group_decorator.py
[2025-02-08 05:51:53,408] {logging_mixin.py:104} INFO - [2025-02-08 05:51:53,408] {dag.py:1833} INFO - Sync 1 DAGs
[2025-02-08 05:51:53,419] {logging_mixin.py:104} INFO - [2025-02-08 05:51:53,418] {dag.py:2306} INFO - Setting next_dagrun for example_task_group_decorator to 2025-02-06 00:00:00+00:00
[2025-02-08 05:51:53,427] {scheduler_job.py:190} INFO - Processing /home/airflow/.local/lib/python3.6/site-packages/airflow/example_dags/example_task_group_decorator.py took 0.190 seconds
[2025-02-08 05:52:23,705] {scheduler_job.py:182} INFO - Started process (PID=387) to work on /home/airflow/.local/lib/python3.6/site-packages/airflow/example_dags/example_task_group_decorator.py
[2025-02-08 05:52:23,706] {scheduler_job.py:633} INFO - Processing file /home/airflow/.local/lib/python3.6/site-packages/airflow/example_dags/example_task_group_decorator.py for tasks to queue
[2025-02-08 05:52:23,706] {logging_mixin.py:104} INFO - [2025-02-08 05:52:23,706] {dagbag.py:496} INFO - Filling up the DagBag from /home/airflow/.local/lib/python3.6/site-packages/airflow/example_dags/example_task_group_decorator.py
[2025-02-08 05:52:23,725] {scheduler_job.py:643} INFO - DAG(s) dict_keys(['example_task_group_decorator']) retrieved from /home/airflow/.local/lib/python3.6/site-packages/airflow/example_dags/example_task_group_decorator.py
[2025-02-08 05:52:23,883] {logging_mixin.py:104} INFO - [2025-02-08 05:52:23,883] {dag.py:1833} INFO - Sync 1 DAGs
[2025-02-08 05:52:23,894] {logging_mixin.py:104} INFO - [2025-02-08 05:52:23,893] {dag.py:2306} INFO - Setting next_dagrun for example_task_group_decorator to 2025-02-06 00:00:00+00:00
[2025-02-08 05:52:23,905] {scheduler_job.py:190} INFO - Processing /home/airflow/.local/lib/python3.6/site-packages/airflow/example_dags/example_task_group_decorator.py took 0.202 seconds
[2025-02-08 05:52:54,298] {scheduler_job.py:182} INFO - Started process (PID=447) to work on /home/airflow/.local/lib/python3.6/site-packages/airflow/example_dags/example_task_group_decorator.py
[2025-02-08 05:52:54,299] {scheduler_job.py:633} INFO - Processing file /home/airflow/.local/lib/python3.6/site-packages/airflow/example_dags/example_task_group_decorator.py for tasks to queue
[2025-02-08 05:52:54,299] {logging_mixin.py:104} INFO - [2025-02-08 05:52:54,299] {dagbag.py:496} INFO - Filling up the DagBag from /home/airflow/.local/lib/python3.6/site-packages/airflow/example_dags/example_task_group_decorator.py
[2025-02-08 05:52:54,316] {scheduler_job.py:643} INFO - DAG(s) dict_keys(['example_task_group_decorator']) retrieved from /home/airflow/.local/lib/python3.6/site-packages/airflow/example_dags/example_task_group_decorator.py
[2025-02-08 05:52:54,465] {logging_mixin.py:104} INFO - [2025-02-08 05:52:54,465] {dag.py:1833} INFO - Sync 1 DAGs
[2025-02-08 05:52:54,476] {logging_mixin.py:104} INFO - [2025-02-08 05:52:54,476] {dag.py:2306} INFO - Setting next_dagrun for example_task_group_decorator to 2025-02-06 00:00:00+00:00
[2025-02-08 05:52:54,485] {scheduler_job.py:190} INFO - Processing /home/airflow/.local/lib/python3.6/site-packages/airflow/example_dags/example_task_group_decorator.py took 0.189 seconds
[2025-02-08 05:53:24,734] {scheduler_job.py:182} INFO - Started process (PID=498) to work on /home/airflow/.local/lib/python3.6/site-packages/airflow/example_dags/example_task_group_decorator.py
[2025-02-08 05:53:24,735] {scheduler_job.py:633} INFO - Processing file /home/airflow/.local/lib/python3.6/site-packages/airflow/example_dags/example_task_group_decorator.py for tasks to queue
[2025-02-08 05:53:24,735] {logging_mixin.py:104} INFO - [2025-02-08 05:53:24,735] {dagbag.py:496} INFO - Filling up the DagBag from /home/airflow/.local/lib/python3.6/site-packages/airflow/example_dags/example_task_group_decorator.py
[2025-02-08 05:53:24,752] {scheduler_job.py:643} INFO - DAG(s) dict_keys(['example_task_group_decorator']) retrieved from /home/airflow/.local/lib/python3.6/site-packages/airflow/example_dags/example_task_group_decorator.py
[2025-02-08 05:53:24,905] {logging_mixin.py:104} INFO - [2025-02-08 05:53:24,905] {dag.py:1833} INFO - Sync 1 DAGs
[2025-02-08 05:53:24,916] {logging_mixin.py:104} INFO - [2025-02-08 05:53:24,916] {dag.py:2306} INFO - Setting next_dagrun for example_task_group_decorator to 2025-02-06 00:00:00+00:00
[2025-02-08 05:53:24,926] {scheduler_job.py:190} INFO - Processing /home/airflow/.local/lib/python3.6/site-packages/airflow/example_dags/example_task_group_decorator.py took 0.195 seconds
[2025-02-08 05:53:55,156] {scheduler_job.py:182} INFO - Started process (PID=558) to work on /home/airflow/.local/lib/python3.6/site-packages/airflow/example_dags/example_task_group_decorator.py
[2025-02-08 05:53:55,157] {scheduler_job.py:633} INFO - Processing file /home/airflow/.local/lib/python3.6/site-packages/airflow/example_dags/example_task_group_decorator.py for tasks to queue
[2025-02-08 05:53:55,157] {logging_mixin.py:104} INFO - [2025-02-08 05:53:55,157] {dagbag.py:496} INFO - Filling up the DagBag from /home/airflow/.local/lib/python3.6/site-packages/airflow/example_dags/example_task_group_decorator.py
[2025-02-08 05:53:55,175] {scheduler_job.py:643} INFO - DAG(s) dict_keys(['example_task_group_decorator']) retrieved from /home/airflow/.local/lib/python3.6/site-packages/airflow/example_dags/example_task_group_decorator.py
[2025-02-08 05:53:55,331] {logging_mixin.py:104} INFO - [2025-02-08 05:53:55,330] {dag.py:1833} INFO - Sync 1 DAGs
[2025-02-08 05:53:55,341] {logging_mixin.py:104} INFO - [2025-02-08 05:53:55,341] {dag.py:2306} INFO - Setting next_dagrun for example_task_group_decorator to 2025-02-06 00:00:00+00:00
[2025-02-08 05:53:55,350] {scheduler_job.py:190} INFO - Processing /home/airflow/.local/lib/python3.6/site-packages/airflow/example_dags/example_task_group_decorator.py took 0.196 seconds
