[2025-02-08 05:49:19,059] {scheduler_job.py:182} INFO - Started process (PID=34) to work on /home/airflow/.local/lib/python3.6/site-packages/airflow/example_dags/example_skip_dag.py
[2025-02-08 05:49:19,060] {scheduler_job.py:633} INFO - Processing file /home/airflow/.local/lib/python3.6/site-packages/airflow/example_dags/example_skip_dag.py for tasks to queue
[2025-02-08 05:49:19,061] {logging_mixin.py:104} INFO - [2025-02-08 05:49:19,061] {dagbag.py:496} INFO - Filling up the DagBag from /home/airflow/.local/lib/python3.6/site-packages/airflow/example_dags/example_skip_dag.py
[2025-02-08 05:49:19,070] {scheduler_job.py:643} INFO - DAG(s) dict_keys(['example_skip_dag']) retrieved from /home/airflow/.local/lib/python3.6/site-packages/airflow/example_dags/example_skip_dag.py
[2025-02-08 05:49:19,286] {logging_mixin.py:104} INFO - [2025-02-08 05:49:19,286] {dag.py:1833} INFO - Sync 1 DAGs
[2025-02-08 05:49:19,299] {logging_mixin.py:104} INFO - [2025-02-08 05:49:19,299] {dag.py:2306} INFO - Setting next_dagrun for example_skip_dag to 2025-02-06 00:00:00+00:00
[2025-02-08 05:49:19,309] {scheduler_job.py:190} INFO - Processing /home/airflow/.local/lib/python3.6/site-packages/airflow/example_dags/example_skip_dag.py took 0.253 seconds
[2025-02-08 05:49:49,537] {scheduler_job.py:182} INFO - Started process (PID=95) to work on /home/airflow/.local/lib/python3.6/site-packages/airflow/example_dags/example_skip_dag.py
[2025-02-08 05:49:49,538] {scheduler_job.py:633} INFO - Processing file /home/airflow/.local/lib/python3.6/site-packages/airflow/example_dags/example_skip_dag.py for tasks to queue
[2025-02-08 05:49:49,538] {logging_mixin.py:104} INFO - [2025-02-08 05:49:49,538] {dagbag.py:496} INFO - Filling up the DagBag from /home/airflow/.local/lib/python3.6/site-packages/airflow/example_dags/example_skip_dag.py
[2025-02-08 05:49:49,547] {scheduler_job.py:643} INFO - DAG(s) dict_keys(['example_skip_dag']) retrieved from /home/airflow/.local/lib/python3.6/site-packages/airflow/example_dags/example_skip_dag.py
[2025-02-08 05:49:49,565] {logging_mixin.py:104} INFO - [2025-02-08 05:49:49,564] {dag.py:1833} INFO - Sync 1 DAGs
[2025-02-08 05:49:49,576] {logging_mixin.py:104} INFO - [2025-02-08 05:49:49,576] {dag.py:2306} INFO - Setting next_dagrun for example_skip_dag to 2025-02-06 00:00:00+00:00
[2025-02-08 05:49:49,583] {scheduler_job.py:190} INFO - Processing /home/airflow/.local/lib/python3.6/site-packages/airflow/example_dags/example_skip_dag.py took 0.048 seconds
[2025-02-08 05:50:20,152] {scheduler_job.py:182} INFO - Started process (PID=145) to work on /home/airflow/.local/lib/python3.6/site-packages/airflow/example_dags/example_skip_dag.py
[2025-02-08 05:50:20,153] {scheduler_job.py:633} INFO - Processing file /home/airflow/.local/lib/python3.6/site-packages/airflow/example_dags/example_skip_dag.py for tasks to queue
[2025-02-08 05:50:20,154] {logging_mixin.py:104} INFO - [2025-02-08 05:50:20,153] {dagbag.py:496} INFO - Filling up the DagBag from /home/airflow/.local/lib/python3.6/site-packages/airflow/example_dags/example_skip_dag.py
[2025-02-08 05:50:20,163] {scheduler_job.py:643} INFO - DAG(s) dict_keys(['example_skip_dag']) retrieved from /home/airflow/.local/lib/python3.6/site-packages/airflow/example_dags/example_skip_dag.py
[2025-02-08 05:50:20,186] {logging_mixin.py:104} INFO - [2025-02-08 05:50:20,186] {dag.py:1833} INFO - Sync 1 DAGs
[2025-02-08 05:50:20,203] {logging_mixin.py:104} INFO - [2025-02-08 05:50:20,203] {dag.py:2306} INFO - Setting next_dagrun for example_skip_dag to 2025-02-06 00:00:00+00:00
[2025-02-08 05:50:20,215] {scheduler_job.py:190} INFO - Processing /home/airflow/.local/lib/python3.6/site-packages/airflow/example_dags/example_skip_dag.py took 0.066 seconds
[2025-02-08 05:50:50,781] {scheduler_job.py:182} INFO - Started process (PID=206) to work on /home/airflow/.local/lib/python3.6/site-packages/airflow/example_dags/example_skip_dag.py
[2025-02-08 05:50:50,782] {scheduler_job.py:633} INFO - Processing file /home/airflow/.local/lib/python3.6/site-packages/airflow/example_dags/example_skip_dag.py for tasks to queue
[2025-02-08 05:50:50,782] {logging_mixin.py:104} INFO - [2025-02-08 05:50:50,782] {dagbag.py:496} INFO - Filling up the DagBag from /home/airflow/.local/lib/python3.6/site-packages/airflow/example_dags/example_skip_dag.py
[2025-02-08 05:50:50,791] {scheduler_job.py:643} INFO - DAG(s) dict_keys(['example_skip_dag']) retrieved from /home/airflow/.local/lib/python3.6/site-packages/airflow/example_dags/example_skip_dag.py
[2025-02-08 05:50:50,807] {logging_mixin.py:104} INFO - [2025-02-08 05:50:50,807] {dag.py:1833} INFO - Sync 1 DAGs
[2025-02-08 05:50:50,820] {logging_mixin.py:104} INFO - [2025-02-08 05:50:50,820] {dag.py:2306} INFO - Setting next_dagrun for example_skip_dag to 2025-02-06 00:00:00+00:00
[2025-02-08 05:50:50,856] {scheduler_job.py:190} INFO - Processing /home/airflow/.local/lib/python3.6/site-packages/airflow/example_dags/example_skip_dag.py took 0.078 seconds
[2025-02-08 05:51:21,330] {scheduler_job.py:182} INFO - Started process (PID=266) to work on /home/airflow/.local/lib/python3.6/site-packages/airflow/example_dags/example_skip_dag.py
[2025-02-08 05:51:21,331] {scheduler_job.py:633} INFO - Processing file /home/airflow/.local/lib/python3.6/site-packages/airflow/example_dags/example_skip_dag.py for tasks to queue
[2025-02-08 05:51:21,331] {logging_mixin.py:104} INFO - [2025-02-08 05:51:21,331] {dagbag.py:496} INFO - Filling up the DagBag from /home/airflow/.local/lib/python3.6/site-packages/airflow/example_dags/example_skip_dag.py
[2025-02-08 05:51:21,339] {scheduler_job.py:643} INFO - DAG(s) dict_keys(['example_skip_dag']) retrieved from /home/airflow/.local/lib/python3.6/site-packages/airflow/example_dags/example_skip_dag.py
[2025-02-08 05:51:21,355] {logging_mixin.py:104} INFO - [2025-02-08 05:51:21,355] {dag.py:1833} INFO - Sync 1 DAGs
[2025-02-08 05:51:21,366] {logging_mixin.py:104} INFO - [2025-02-08 05:51:21,366] {dag.py:2306} INFO - Setting next_dagrun for example_skip_dag to 2025-02-06 00:00:00+00:00
[2025-02-08 05:51:21,403] {scheduler_job.py:190} INFO - Processing /home/airflow/.local/lib/python3.6/site-packages/airflow/example_dags/example_skip_dag.py took 0.076 seconds
[2025-02-08 05:51:51,912] {scheduler_job.py:182} INFO - Started process (PID=317) to work on /home/airflow/.local/lib/python3.6/site-packages/airflow/example_dags/example_skip_dag.py
[2025-02-08 05:51:51,913] {scheduler_job.py:633} INFO - Processing file /home/airflow/.local/lib/python3.6/site-packages/airflow/example_dags/example_skip_dag.py for tasks to queue
[2025-02-08 05:51:51,914] {logging_mixin.py:104} INFO - [2025-02-08 05:51:51,913] {dagbag.py:496} INFO - Filling up the DagBag from /home/airflow/.local/lib/python3.6/site-packages/airflow/example_dags/example_skip_dag.py
[2025-02-08 05:51:51,922] {scheduler_job.py:643} INFO - DAG(s) dict_keys(['example_skip_dag']) retrieved from /home/airflow/.local/lib/python3.6/site-packages/airflow/example_dags/example_skip_dag.py
[2025-02-08 05:51:51,937] {logging_mixin.py:104} INFO - [2025-02-08 05:51:51,937] {dag.py:1833} INFO - Sync 1 DAGs
[2025-02-08 05:51:51,949] {logging_mixin.py:104} INFO - [2025-02-08 05:51:51,949] {dag.py:2306} INFO - Setting next_dagrun for example_skip_dag to 2025-02-06 00:00:00+00:00
[2025-02-08 05:51:51,981] {scheduler_job.py:190} INFO - Processing /home/airflow/.local/lib/python3.6/site-packages/airflow/example_dags/example_skip_dag.py took 0.072 seconds
[2025-02-08 05:52:22,286] {scheduler_job.py:182} INFO - Started process (PID=378) to work on /home/airflow/.local/lib/python3.6/site-packages/airflow/example_dags/example_skip_dag.py
[2025-02-08 05:52:22,287] {scheduler_job.py:633} INFO - Processing file /home/airflow/.local/lib/python3.6/site-packages/airflow/example_dags/example_skip_dag.py for tasks to queue
[2025-02-08 05:52:22,287] {logging_mixin.py:104} INFO - [2025-02-08 05:52:22,287] {dagbag.py:496} INFO - Filling up the DagBag from /home/airflow/.local/lib/python3.6/site-packages/airflow/example_dags/example_skip_dag.py
[2025-02-08 05:52:22,295] {scheduler_job.py:643} INFO - DAG(s) dict_keys(['example_skip_dag']) retrieved from /home/airflow/.local/lib/python3.6/site-packages/airflow/example_dags/example_skip_dag.py
[2025-02-08 05:52:22,312] {logging_mixin.py:104} INFO - [2025-02-08 05:52:22,312] {dag.py:1833} INFO - Sync 1 DAGs
[2025-02-08 05:52:22,323] {logging_mixin.py:104} INFO - [2025-02-08 05:52:22,323] {dag.py:2306} INFO - Setting next_dagrun for example_skip_dag to 2025-02-06 00:00:00+00:00
[2025-02-08 05:52:22,358] {scheduler_job.py:190} INFO - Processing /home/airflow/.local/lib/python3.6/site-packages/airflow/example_dags/example_skip_dag.py took 0.075 seconds
[2025-02-08 05:52:52,952] {scheduler_job.py:182} INFO - Started process (PID=439) to work on /home/airflow/.local/lib/python3.6/site-packages/airflow/example_dags/example_skip_dag.py
[2025-02-08 05:52:52,953] {scheduler_job.py:633} INFO - Processing file /home/airflow/.local/lib/python3.6/site-packages/airflow/example_dags/example_skip_dag.py for tasks to queue
[2025-02-08 05:52:52,953] {logging_mixin.py:104} INFO - [2025-02-08 05:52:52,953] {dagbag.py:496} INFO - Filling up the DagBag from /home/airflow/.local/lib/python3.6/site-packages/airflow/example_dags/example_skip_dag.py
[2025-02-08 05:52:52,961] {scheduler_job.py:643} INFO - DAG(s) dict_keys(['example_skip_dag']) retrieved from /home/airflow/.local/lib/python3.6/site-packages/airflow/example_dags/example_skip_dag.py
[2025-02-08 05:52:52,978] {logging_mixin.py:104} INFO - [2025-02-08 05:52:52,978] {dag.py:1833} INFO - Sync 1 DAGs
[2025-02-08 05:52:52,990] {logging_mixin.py:104} INFO - [2025-02-08 05:52:52,990] {dag.py:2306} INFO - Setting next_dagrun for example_skip_dag to 2025-02-06 00:00:00+00:00
[2025-02-08 05:52:52,998] {scheduler_job.py:190} INFO - Processing /home/airflow/.local/lib/python3.6/site-packages/airflow/example_dags/example_skip_dag.py took 0.048 seconds
[2025-02-08 05:53:23,394] {scheduler_job.py:182} INFO - Started process (PID=490) to work on /home/airflow/.local/lib/python3.6/site-packages/airflow/example_dags/example_skip_dag.py
[2025-02-08 05:53:23,395] {scheduler_job.py:633} INFO - Processing file /home/airflow/.local/lib/python3.6/site-packages/airflow/example_dags/example_skip_dag.py for tasks to queue
[2025-02-08 05:53:23,395] {logging_mixin.py:104} INFO - [2025-02-08 05:53:23,395] {dagbag.py:496} INFO - Filling up the DagBag from /home/airflow/.local/lib/python3.6/site-packages/airflow/example_dags/example_skip_dag.py
[2025-02-08 05:53:23,404] {scheduler_job.py:643} INFO - DAG(s) dict_keys(['example_skip_dag']) retrieved from /home/airflow/.local/lib/python3.6/site-packages/airflow/example_dags/example_skip_dag.py
[2025-02-08 05:53:23,419] {logging_mixin.py:104} INFO - [2025-02-08 05:53:23,419] {dag.py:1833} INFO - Sync 1 DAGs
[2025-02-08 05:53:23,432] {logging_mixin.py:104} INFO - [2025-02-08 05:53:23,431] {dag.py:2306} INFO - Setting next_dagrun for example_skip_dag to 2025-02-06 00:00:00+00:00
[2025-02-08 05:53:23,439] {scheduler_job.py:190} INFO - Processing /home/airflow/.local/lib/python3.6/site-packages/airflow/example_dags/example_skip_dag.py took 0.047 seconds
[2025-02-08 05:53:53,808] {scheduler_job.py:182} INFO - Started process (PID=550) to work on /home/airflow/.local/lib/python3.6/site-packages/airflow/example_dags/example_skip_dag.py
[2025-02-08 05:53:53,808] {scheduler_job.py:633} INFO - Processing file /home/airflow/.local/lib/python3.6/site-packages/airflow/example_dags/example_skip_dag.py for tasks to queue
[2025-02-08 05:53:53,809] {logging_mixin.py:104} INFO - [2025-02-08 05:53:53,809] {dagbag.py:496} INFO - Filling up the DagBag from /home/airflow/.local/lib/python3.6/site-packages/airflow/example_dags/example_skip_dag.py
[2025-02-08 05:53:53,817] {scheduler_job.py:643} INFO - DAG(s) dict_keys(['example_skip_dag']) retrieved from /home/airflow/.local/lib/python3.6/site-packages/airflow/example_dags/example_skip_dag.py
[2025-02-08 05:53:53,834] {logging_mixin.py:104} INFO - [2025-02-08 05:53:53,834] {dag.py:1833} INFO - Sync 1 DAGs
[2025-02-08 05:53:53,845] {logging_mixin.py:104} INFO - [2025-02-08 05:53:53,845] {dag.py:2306} INFO - Setting next_dagrun for example_skip_dag to 2025-02-06 00:00:00+00:00
[2025-02-08 05:53:53,853] {scheduler_job.py:190} INFO - Processing /home/airflow/.local/lib/python3.6/site-packages/airflow/example_dags/example_skip_dag.py took 0.047 seconds
