[2025-02-08 05:49:22,463] {scheduler_job.py:182} INFO - Started process (PID=68) to work on /home/airflow/.local/lib/python3.6/site-packages/airflow/example_dags/example_trigger_target_dag.py
[2025-02-08 05:49:22,464] {scheduler_job.py:633} INFO - Processing file /home/airflow/.local/lib/python3.6/site-packages/airflow/example_dags/example_trigger_target_dag.py for tasks to queue
[2025-02-08 05:49:22,464] {logging_mixin.py:104} INFO - [2025-02-08 05:49:22,464] {dagbag.py:496} INFO - Filling up the DagBag from /home/airflow/.local/lib/python3.6/site-packages/airflow/example_dags/example_trigger_target_dag.py
[2025-02-08 05:49:22,476] {scheduler_job.py:643} INFO - DAG(s) dict_keys(['example_trigger_target_dag']) retrieved from /home/airflow/.local/lib/python3.6/site-packages/airflow/example_dags/example_trigger_target_dag.py
[2025-02-08 05:49:22,656] {logging_mixin.py:104} INFO - [2025-02-08 05:49:22,656] {dag.py:1833} INFO - Sync 1 DAGs
[2025-02-08 05:49:22,667] {logging_mixin.py:104} INFO - [2025-02-08 05:49:22,667] {dag.py:2306} INFO - Setting next_dagrun for example_trigger_target_dag to None
[2025-02-08 05:49:22,677] {scheduler_job.py:190} INFO - Processing /home/airflow/.local/lib/python3.6/site-packages/airflow/example_dags/example_trigger_target_dag.py took 0.217 seconds
[2025-02-08 05:49:52,878] {scheduler_job.py:182} INFO - Started process (PID=120) to work on /home/airflow/.local/lib/python3.6/site-packages/airflow/example_dags/example_trigger_target_dag.py
[2025-02-08 05:49:52,879] {scheduler_job.py:633} INFO - Processing file /home/airflow/.local/lib/python3.6/site-packages/airflow/example_dags/example_trigger_target_dag.py for tasks to queue
[2025-02-08 05:49:52,879] {logging_mixin.py:104} INFO - [2025-02-08 05:49:52,879] {dagbag.py:496} INFO - Filling up the DagBag from /home/airflow/.local/lib/python3.6/site-packages/airflow/example_dags/example_trigger_target_dag.py
[2025-02-08 05:49:52,889] {scheduler_job.py:643} INFO - DAG(s) dict_keys(['example_trigger_target_dag']) retrieved from /home/airflow/.local/lib/python3.6/site-packages/airflow/example_dags/example_trigger_target_dag.py
[2025-02-08 05:49:52,906] {logging_mixin.py:104} INFO - [2025-02-08 05:49:52,906] {dag.py:1833} INFO - Sync 1 DAGs
[2025-02-08 05:49:52,917] {logging_mixin.py:104} INFO - [2025-02-08 05:49:52,917] {dag.py:2306} INFO - Setting next_dagrun for example_trigger_target_dag to None
[2025-02-08 05:49:52,925] {scheduler_job.py:190} INFO - Processing /home/airflow/.local/lib/python3.6/site-packages/airflow/example_dags/example_trigger_target_dag.py took 0.049 seconds
[2025-02-08 05:50:23,461] {scheduler_job.py:182} INFO - Started process (PID=180) to work on /home/airflow/.local/lib/python3.6/site-packages/airflow/example_dags/example_trigger_target_dag.py
[2025-02-08 05:50:23,461] {scheduler_job.py:633} INFO - Processing file /home/airflow/.local/lib/python3.6/site-packages/airflow/example_dags/example_trigger_target_dag.py for tasks to queue
[2025-02-08 05:50:23,462] {logging_mixin.py:104} INFO - [2025-02-08 05:50:23,462] {dagbag.py:496} INFO - Filling up the DagBag from /home/airflow/.local/lib/python3.6/site-packages/airflow/example_dags/example_trigger_target_dag.py
[2025-02-08 05:50:23,473] {scheduler_job.py:643} INFO - DAG(s) dict_keys(['example_trigger_target_dag']) retrieved from /home/airflow/.local/lib/python3.6/site-packages/airflow/example_dags/example_trigger_target_dag.py
[2025-02-08 05:50:23,491] {logging_mixin.py:104} INFO - [2025-02-08 05:50:23,491] {dag.py:1833} INFO - Sync 1 DAGs
[2025-02-08 05:50:23,505] {logging_mixin.py:104} INFO - [2025-02-08 05:50:23,505] {dag.py:2306} INFO - Setting next_dagrun for example_trigger_target_dag to None
[2025-02-08 05:50:23,514] {scheduler_job.py:190} INFO - Processing /home/airflow/.local/lib/python3.6/site-packages/airflow/example_dags/example_trigger_target_dag.py took 0.056 seconds
[2025-02-08 05:50:54,022] {scheduler_job.py:182} INFO - Started process (PID=231) to work on /home/airflow/.local/lib/python3.6/site-packages/airflow/example_dags/example_trigger_target_dag.py
[2025-02-08 05:50:54,023] {scheduler_job.py:633} INFO - Processing file /home/airflow/.local/lib/python3.6/site-packages/airflow/example_dags/example_trigger_target_dag.py for tasks to queue
[2025-02-08 05:50:54,023] {logging_mixin.py:104} INFO - [2025-02-08 05:50:54,023] {dagbag.py:496} INFO - Filling up the DagBag from /home/airflow/.local/lib/python3.6/site-packages/airflow/example_dags/example_trigger_target_dag.py
[2025-02-08 05:50:54,033] {scheduler_job.py:643} INFO - DAG(s) dict_keys(['example_trigger_target_dag']) retrieved from /home/airflow/.local/lib/python3.6/site-packages/airflow/example_dags/example_trigger_target_dag.py
[2025-02-08 05:50:54,049] {logging_mixin.py:104} INFO - [2025-02-08 05:50:54,049] {dag.py:1833} INFO - Sync 1 DAGs
[2025-02-08 05:50:54,061] {logging_mixin.py:104} INFO - [2025-02-08 05:50:54,061] {dag.py:2306} INFO - Setting next_dagrun for example_trigger_target_dag to None
[2025-02-08 05:50:54,069] {scheduler_job.py:190} INFO - Processing /home/airflow/.local/lib/python3.6/site-packages/airflow/example_dags/example_trigger_target_dag.py took 0.049 seconds
[2025-02-08 05:51:24,601] {scheduler_job.py:182} INFO - Started process (PID=291) to work on /home/airflow/.local/lib/python3.6/site-packages/airflow/example_dags/example_trigger_target_dag.py
[2025-02-08 05:51:24,602] {scheduler_job.py:633} INFO - Processing file /home/airflow/.local/lib/python3.6/site-packages/airflow/example_dags/example_trigger_target_dag.py for tasks to queue
[2025-02-08 05:51:24,602] {logging_mixin.py:104} INFO - [2025-02-08 05:51:24,602] {dagbag.py:496} INFO - Filling up the DagBag from /home/airflow/.local/lib/python3.6/site-packages/airflow/example_dags/example_trigger_target_dag.py
[2025-02-08 05:51:24,613] {scheduler_job.py:643} INFO - DAG(s) dict_keys(['example_trigger_target_dag']) retrieved from /home/airflow/.local/lib/python3.6/site-packages/airflow/example_dags/example_trigger_target_dag.py
[2025-02-08 05:51:24,631] {logging_mixin.py:104} INFO - [2025-02-08 05:51:24,631] {dag.py:1833} INFO - Sync 1 DAGs
[2025-02-08 05:51:24,642] {logging_mixin.py:104} INFO - [2025-02-08 05:51:24,642] {dag.py:2306} INFO - Setting next_dagrun for example_trigger_target_dag to None
[2025-02-08 05:51:24,649] {scheduler_job.py:190} INFO - Processing /home/airflow/.local/lib/python3.6/site-packages/airflow/example_dags/example_trigger_target_dag.py took 0.051 seconds
[2025-02-08 05:51:54,973] {scheduler_job.py:182} INFO - Started process (PID=352) to work on /home/airflow/.local/lib/python3.6/site-packages/airflow/example_dags/example_trigger_target_dag.py
[2025-02-08 05:51:54,974] {scheduler_job.py:633} INFO - Processing file /home/airflow/.local/lib/python3.6/site-packages/airflow/example_dags/example_trigger_target_dag.py for tasks to queue
[2025-02-08 05:51:54,974] {logging_mixin.py:104} INFO - [2025-02-08 05:51:54,974] {dagbag.py:496} INFO - Filling up the DagBag from /home/airflow/.local/lib/python3.6/site-packages/airflow/example_dags/example_trigger_target_dag.py
[2025-02-08 05:51:54,985] {scheduler_job.py:643} INFO - DAG(s) dict_keys(['example_trigger_target_dag']) retrieved from /home/airflow/.local/lib/python3.6/site-packages/airflow/example_dags/example_trigger_target_dag.py
[2025-02-08 05:51:55,003] {logging_mixin.py:104} INFO - [2025-02-08 05:51:55,003] {dag.py:1833} INFO - Sync 1 DAGs
[2025-02-08 05:51:55,014] {logging_mixin.py:104} INFO - [2025-02-08 05:51:55,014] {dag.py:2306} INFO - Setting next_dagrun for example_trigger_target_dag to None
[2025-02-08 05:51:55,023] {scheduler_job.py:190} INFO - Processing /home/airflow/.local/lib/python3.6/site-packages/airflow/example_dags/example_trigger_target_dag.py took 0.053 seconds
[2025-02-08 05:52:25,638] {scheduler_job.py:182} INFO - Started process (PID=403) to work on /home/airflow/.local/lib/python3.6/site-packages/airflow/example_dags/example_trigger_target_dag.py
[2025-02-08 05:52:25,638] {scheduler_job.py:633} INFO - Processing file /home/airflow/.local/lib/python3.6/site-packages/airflow/example_dags/example_trigger_target_dag.py for tasks to queue
[2025-02-08 05:52:25,639] {logging_mixin.py:104} INFO - [2025-02-08 05:52:25,639] {dagbag.py:496} INFO - Filling up the DagBag from /home/airflow/.local/lib/python3.6/site-packages/airflow/example_dags/example_trigger_target_dag.py
[2025-02-08 05:52:25,649] {scheduler_job.py:643} INFO - DAG(s) dict_keys(['example_trigger_target_dag']) retrieved from /home/airflow/.local/lib/python3.6/site-packages/airflow/example_dags/example_trigger_target_dag.py
[2025-02-08 05:52:25,666] {logging_mixin.py:104} INFO - [2025-02-08 05:52:25,666] {dag.py:1833} INFO - Sync 1 DAGs
[2025-02-08 05:52:25,678] {logging_mixin.py:104} INFO - [2025-02-08 05:52:25,678] {dag.py:2306} INFO - Setting next_dagrun for example_trigger_target_dag to None
[2025-02-08 05:52:25,687] {scheduler_job.py:190} INFO - Processing /home/airflow/.local/lib/python3.6/site-packages/airflow/example_dags/example_trigger_target_dag.py took 0.052 seconds
[2025-02-08 05:52:56,112] {scheduler_job.py:182} INFO - Started process (PID=464) to work on /home/airflow/.local/lib/python3.6/site-packages/airflow/example_dags/example_trigger_target_dag.py
[2025-02-08 05:52:56,113] {scheduler_job.py:633} INFO - Processing file /home/airflow/.local/lib/python3.6/site-packages/airflow/example_dags/example_trigger_target_dag.py for tasks to queue
[2025-02-08 05:52:56,113] {logging_mixin.py:104} INFO - [2025-02-08 05:52:56,113] {dagbag.py:496} INFO - Filling up the DagBag from /home/airflow/.local/lib/python3.6/site-packages/airflow/example_dags/example_trigger_target_dag.py
[2025-02-08 05:52:56,123] {scheduler_job.py:643} INFO - DAG(s) dict_keys(['example_trigger_target_dag']) retrieved from /home/airflow/.local/lib/python3.6/site-packages/airflow/example_dags/example_trigger_target_dag.py
[2025-02-08 05:52:56,139] {logging_mixin.py:104} INFO - [2025-02-08 05:52:56,139] {dag.py:1833} INFO - Sync 1 DAGs
[2025-02-08 05:52:56,151] {logging_mixin.py:104} INFO - [2025-02-08 05:52:56,151] {dag.py:2306} INFO - Setting next_dagrun for example_trigger_target_dag to None
[2025-02-08 05:52:56,159] {scheduler_job.py:190} INFO - Processing /home/airflow/.local/lib/python3.6/site-packages/airflow/example_dags/example_trigger_target_dag.py took 0.050 seconds
