[2025-02-08 05:49:20,183] {scheduler_job.py:182} INFO - Started process (PID=41) to work on /home/airflow/.local/lib/python3.6/site-packages/airflow/example_dags/example_branch_datetime_operator.py
[2025-02-08 05:49:20,184] {scheduler_job.py:633} INFO - Processing file /home/airflow/.local/lib/python3.6/site-packages/airflow/example_dags/example_branch_datetime_operator.py for tasks to queue
[2025-02-08 05:49:20,185] {logging_mixin.py:104} INFO - [2025-02-08 05:49:20,184] {dagbag.py:496} INFO - Filling up the DagBag from /home/airflow/.local/lib/python3.6/site-packages/airflow/example_dags/example_branch_datetime_operator.py
[2025-02-08 05:49:20,196] {scheduler_job.py:643} INFO - DAG(s) dict_keys(['example_branch_datetime_operator_2']) retrieved from /home/airflow/.local/lib/python3.6/site-packages/airflow/example_dags/example_branch_datetime_operator.py
[2025-02-08 05:49:20,358] {logging_mixin.py:104} INFO - [2025-02-08 05:49:20,358] {dag.py:1833} INFO - Sync 1 DAGs
[2025-02-08 05:49:20,371] {logging_mixin.py:104} INFO - [2025-02-08 05:49:20,371] {dag.py:2306} INFO - Setting next_dagrun for example_branch_datetime_operator_2 to 2025-02-06 00:00:00+00:00
[2025-02-08 05:49:20,379] {scheduler_job.py:190} INFO - Processing /home/airflow/.local/lib/python3.6/site-packages/airflow/example_dags/example_branch_datetime_operator.py took 0.200 seconds
[2025-02-08 05:49:50,793] {scheduler_job.py:182} INFO - Started process (PID=102) to work on /home/airflow/.local/lib/python3.6/site-packages/airflow/example_dags/example_branch_datetime_operator.py
[2025-02-08 05:49:50,793] {scheduler_job.py:633} INFO - Processing file /home/airflow/.local/lib/python3.6/site-packages/airflow/example_dags/example_branch_datetime_operator.py for tasks to queue
[2025-02-08 05:49:50,794] {logging_mixin.py:104} INFO - [2025-02-08 05:49:50,794] {dagbag.py:496} INFO - Filling up the DagBag from /home/airflow/.local/lib/python3.6/site-packages/airflow/example_dags/example_branch_datetime_operator.py
[2025-02-08 05:49:50,803] {scheduler_job.py:643} INFO - DAG(s) dict_keys(['example_branch_datetime_operator_2']) retrieved from /home/airflow/.local/lib/python3.6/site-packages/airflow/example_dags/example_branch_datetime_operator.py
[2025-02-08 05:49:50,820] {logging_mixin.py:104} INFO - [2025-02-08 05:49:50,820] {dag.py:1833} INFO - Sync 1 DAGs
[2025-02-08 05:49:50,833] {logging_mixin.py:104} INFO - [2025-02-08 05:49:50,833] {dag.py:2306} INFO - Setting next_dagrun for example_branch_datetime_operator_2 to 2025-02-06 00:00:00+00:00
[2025-02-08 05:49:50,842] {scheduler_job.py:190} INFO - Processing /home/airflow/.local/lib/python3.6/site-packages/airflow/example_dags/example_branch_datetime_operator.py took 0.052 seconds
[2025-02-08 05:50:21,447] {scheduler_job.py:182} INFO - Started process (PID=161) to work on /home/airflow/.local/lib/python3.6/site-packages/airflow/example_dags/example_branch_datetime_operator.py
[2025-02-08 05:50:21,448] {scheduler_job.py:633} INFO - Processing file /home/airflow/.local/lib/python3.6/site-packages/airflow/example_dags/example_branch_datetime_operator.py for tasks to queue
[2025-02-08 05:50:21,449] {logging_mixin.py:104} INFO - [2025-02-08 05:50:21,449] {dagbag.py:496} INFO - Filling up the DagBag from /home/airflow/.local/lib/python3.6/site-packages/airflow/example_dags/example_branch_datetime_operator.py
[2025-02-08 05:50:21,459] {scheduler_job.py:643} INFO - DAG(s) dict_keys(['example_branch_datetime_operator_2']) retrieved from /home/airflow/.local/lib/python3.6/site-packages/airflow/example_dags/example_branch_datetime_operator.py
[2025-02-08 05:50:21,477] {logging_mixin.py:104} INFO - [2025-02-08 05:50:21,476] {dag.py:1833} INFO - Sync 1 DAGs
[2025-02-08 05:50:21,491] {logging_mixin.py:104} INFO - [2025-02-08 05:50:21,491] {dag.py:2306} INFO - Setting next_dagrun for example_branch_datetime_operator_2 to 2025-02-06 00:00:00+00:00
[2025-02-08 05:50:21,501] {scheduler_job.py:190} INFO - Processing /home/airflow/.local/lib/python3.6/site-packages/airflow/example_dags/example_branch_datetime_operator.py took 0.056 seconds
[2025-02-08 05:50:52,065] {scheduler_job.py:182} INFO - Started process (PID=213) to work on /home/airflow/.local/lib/python3.6/site-packages/airflow/example_dags/example_branch_datetime_operator.py
[2025-02-08 05:50:52,065] {scheduler_job.py:633} INFO - Processing file /home/airflow/.local/lib/python3.6/site-packages/airflow/example_dags/example_branch_datetime_operator.py for tasks to queue
[2025-02-08 05:50:52,066] {logging_mixin.py:104} INFO - [2025-02-08 05:50:52,066] {dagbag.py:496} INFO - Filling up the DagBag from /home/airflow/.local/lib/python3.6/site-packages/airflow/example_dags/example_branch_datetime_operator.py
[2025-02-08 05:50:52,075] {scheduler_job.py:643} INFO - DAG(s) dict_keys(['example_branch_datetime_operator_2']) retrieved from /home/airflow/.local/lib/python3.6/site-packages/airflow/example_dags/example_branch_datetime_operator.py
[2025-02-08 05:50:52,091] {logging_mixin.py:104} INFO - [2025-02-08 05:50:52,091] {dag.py:1833} INFO - Sync 1 DAGs
[2025-02-08 05:50:52,104] {logging_mixin.py:104} INFO - [2025-02-08 05:50:52,104] {dag.py:2306} INFO - Setting next_dagrun for example_branch_datetime_operator_2 to 2025-02-06 00:00:00+00:00
[2025-02-08 05:50:52,113] {scheduler_job.py:190} INFO - Processing /home/airflow/.local/lib/python3.6/site-packages/airflow/example_dags/example_branch_datetime_operator.py took 0.050 seconds
[2025-02-08 05:51:22,614] {scheduler_job.py:182} INFO - Started process (PID=273) to work on /home/airflow/.local/lib/python3.6/site-packages/airflow/example_dags/example_branch_datetime_operator.py
[2025-02-08 05:51:22,614] {scheduler_job.py:633} INFO - Processing file /home/airflow/.local/lib/python3.6/site-packages/airflow/example_dags/example_branch_datetime_operator.py for tasks to queue
[2025-02-08 05:51:22,615] {logging_mixin.py:104} INFO - [2025-02-08 05:51:22,615] {dagbag.py:496} INFO - Filling up the DagBag from /home/airflow/.local/lib/python3.6/site-packages/airflow/example_dags/example_branch_datetime_operator.py
[2025-02-08 05:51:22,623] {scheduler_job.py:643} INFO - DAG(s) dict_keys(['example_branch_datetime_operator_2']) retrieved from /home/airflow/.local/lib/python3.6/site-packages/airflow/example_dags/example_branch_datetime_operator.py
[2025-02-08 05:51:22,640] {logging_mixin.py:104} INFO - [2025-02-08 05:51:22,640] {dag.py:1833} INFO - Sync 1 DAGs
[2025-02-08 05:51:22,653] {logging_mixin.py:104} INFO - [2025-02-08 05:51:22,653] {dag.py:2306} INFO - Setting next_dagrun for example_branch_datetime_operator_2 to 2025-02-06 00:00:00+00:00
[2025-02-08 05:51:22,661] {scheduler_job.py:190} INFO - Processing /home/airflow/.local/lib/python3.6/site-packages/airflow/example_dags/example_branch_datetime_operator.py took 0.050 seconds
[2025-02-08 05:51:53,181] {scheduler_job.py:182} INFO - Started process (PID=324) to work on /home/airflow/.local/lib/python3.6/site-packages/airflow/example_dags/example_branch_datetime_operator.py
[2025-02-08 05:51:53,182] {scheduler_job.py:633} INFO - Processing file /home/airflow/.local/lib/python3.6/site-packages/airflow/example_dags/example_branch_datetime_operator.py for tasks to queue
[2025-02-08 05:51:53,182] {logging_mixin.py:104} INFO - [2025-02-08 05:51:53,182] {dagbag.py:496} INFO - Filling up the DagBag from /home/airflow/.local/lib/python3.6/site-packages/airflow/example_dags/example_branch_datetime_operator.py
[2025-02-08 05:51:53,191] {scheduler_job.py:643} INFO - DAG(s) dict_keys(['example_branch_datetime_operator_2']) retrieved from /home/airflow/.local/lib/python3.6/site-packages/airflow/example_dags/example_branch_datetime_operator.py
[2025-02-08 05:51:53,208] {logging_mixin.py:104} INFO - [2025-02-08 05:51:53,208] {dag.py:1833} INFO - Sync 1 DAGs
[2025-02-08 05:51:53,223] {logging_mixin.py:104} INFO - [2025-02-08 05:51:53,223] {dag.py:2306} INFO - Setting next_dagrun for example_branch_datetime_operator_2 to 2025-02-06 00:00:00+00:00
[2025-02-08 05:51:53,231] {scheduler_job.py:190} INFO - Processing /home/airflow/.local/lib/python3.6/site-packages/airflow/example_dags/example_branch_datetime_operator.py took 0.053 seconds
[2025-02-08 05:52:23,565] {scheduler_job.py:182} INFO - Started process (PID=385) to work on /home/airflow/.local/lib/python3.6/site-packages/airflow/example_dags/example_branch_datetime_operator.py
[2025-02-08 05:52:23,566] {scheduler_job.py:633} INFO - Processing file /home/airflow/.local/lib/python3.6/site-packages/airflow/example_dags/example_branch_datetime_operator.py for tasks to queue
[2025-02-08 05:52:23,566] {logging_mixin.py:104} INFO - [2025-02-08 05:52:23,566] {dagbag.py:496} INFO - Filling up the DagBag from /home/airflow/.local/lib/python3.6/site-packages/airflow/example_dags/example_branch_datetime_operator.py
[2025-02-08 05:52:23,575] {scheduler_job.py:643} INFO - DAG(s) dict_keys(['example_branch_datetime_operator_2']) retrieved from /home/airflow/.local/lib/python3.6/site-packages/airflow/example_dags/example_branch_datetime_operator.py
[2025-02-08 05:52:23,595] {logging_mixin.py:104} INFO - [2025-02-08 05:52:23,595] {dag.py:1833} INFO - Sync 1 DAGs
[2025-02-08 05:52:23,609] {logging_mixin.py:104} INFO - [2025-02-08 05:52:23,609] {dag.py:2306} INFO - Setting next_dagrun for example_branch_datetime_operator_2 to 2025-02-06 00:00:00+00:00
[2025-02-08 05:52:23,618] {scheduler_job.py:190} INFO - Processing /home/airflow/.local/lib/python3.6/site-packages/airflow/example_dags/example_branch_datetime_operator.py took 0.055 seconds
[2025-02-08 05:52:54,235] {scheduler_job.py:182} INFO - Started process (PID=446) to work on /home/airflow/.local/lib/python3.6/site-packages/airflow/example_dags/example_branch_datetime_operator.py
[2025-02-08 05:52:54,236] {scheduler_job.py:633} INFO - Processing file /home/airflow/.local/lib/python3.6/site-packages/airflow/example_dags/example_branch_datetime_operator.py for tasks to queue
[2025-02-08 05:52:54,237] {logging_mixin.py:104} INFO - [2025-02-08 05:52:54,236] {dagbag.py:496} INFO - Filling up the DagBag from /home/airflow/.local/lib/python3.6/site-packages/airflow/example_dags/example_branch_datetime_operator.py
[2025-02-08 05:52:54,245] {scheduler_job.py:643} INFO - DAG(s) dict_keys(['example_branch_datetime_operator_2']) retrieved from /home/airflow/.local/lib/python3.6/site-packages/airflow/example_dags/example_branch_datetime_operator.py
[2025-02-08 05:52:54,262] {logging_mixin.py:104} INFO - [2025-02-08 05:52:54,261] {dag.py:1833} INFO - Sync 1 DAGs
[2025-02-08 05:52:54,275] {logging_mixin.py:104} INFO - [2025-02-08 05:52:54,275] {dag.py:2306} INFO - Setting next_dagrun for example_branch_datetime_operator_2 to 2025-02-06 00:00:00+00:00
[2025-02-08 05:52:54,282] {scheduler_job.py:190} INFO - Processing /home/airflow/.local/lib/python3.6/site-packages/airflow/example_dags/example_branch_datetime_operator.py took 0.049 seconds
[2025-02-08 05:53:24,670] {scheduler_job.py:182} INFO - Started process (PID=497) to work on /home/airflow/.local/lib/python3.6/site-packages/airflow/example_dags/example_branch_datetime_operator.py
[2025-02-08 05:53:24,670] {scheduler_job.py:633} INFO - Processing file /home/airflow/.local/lib/python3.6/site-packages/airflow/example_dags/example_branch_datetime_operator.py for tasks to queue
[2025-02-08 05:53:24,671] {logging_mixin.py:104} INFO - [2025-02-08 05:53:24,671] {dagbag.py:496} INFO - Filling up the DagBag from /home/airflow/.local/lib/python3.6/site-packages/airflow/example_dags/example_branch_datetime_operator.py
[2025-02-08 05:53:24,679] {scheduler_job.py:643} INFO - DAG(s) dict_keys(['example_branch_datetime_operator_2']) retrieved from /home/airflow/.local/lib/python3.6/site-packages/airflow/example_dags/example_branch_datetime_operator.py
[2025-02-08 05:53:24,695] {logging_mixin.py:104} INFO - [2025-02-08 05:53:24,695] {dag.py:1833} INFO - Sync 1 DAGs
[2025-02-08 05:53:24,709] {logging_mixin.py:104} INFO - [2025-02-08 05:53:24,709] {dag.py:2306} INFO - Setting next_dagrun for example_branch_datetime_operator_2 to 2025-02-06 00:00:00+00:00
[2025-02-08 05:53:24,718] {scheduler_job.py:190} INFO - Processing /home/airflow/.local/lib/python3.6/site-packages/airflow/example_dags/example_branch_datetime_operator.py took 0.050 seconds
[2025-02-08 05:53:55,089] {scheduler_job.py:182} INFO - Started process (PID=557) to work on /home/airflow/.local/lib/python3.6/site-packages/airflow/example_dags/example_branch_datetime_operator.py
[2025-02-08 05:53:55,090] {scheduler_job.py:633} INFO - Processing file /home/airflow/.local/lib/python3.6/site-packages/airflow/example_dags/example_branch_datetime_operator.py for tasks to queue
[2025-02-08 05:53:55,091] {logging_mixin.py:104} INFO - [2025-02-08 05:53:55,090] {dagbag.py:496} INFO - Filling up the DagBag from /home/airflow/.local/lib/python3.6/site-packages/airflow/example_dags/example_branch_datetime_operator.py
[2025-02-08 05:53:55,100] {scheduler_job.py:643} INFO - DAG(s) dict_keys(['example_branch_datetime_operator_2']) retrieved from /home/airflow/.local/lib/python3.6/site-packages/airflow/example_dags/example_branch_datetime_operator.py
[2025-02-08 05:53:55,117] {logging_mixin.py:104} INFO - [2025-02-08 05:53:55,117] {dag.py:1833} INFO - Sync 1 DAGs
[2025-02-08 05:53:55,130] {logging_mixin.py:104} INFO - [2025-02-08 05:53:55,130] {dag.py:2306} INFO - Setting next_dagrun for example_branch_datetime_operator_2 to 2025-02-06 00:00:00+00:00
[2025-02-08 05:53:55,138] {scheduler_job.py:190} INFO - Processing /home/airflow/.local/lib/python3.6/site-packages/airflow/example_dags/example_branch_datetime_operator.py took 0.051 seconds
