[2025-02-08 05:49:21,745] {scheduler_job.py:182} INFO - Started process (PID=54) to work on /home/airflow/.local/lib/python3.6/site-packages/airflow/example_dags/example_latest_only_with_trigger.py
[2025-02-08 05:49:21,745] {scheduler_job.py:633} INFO - Processing file /home/airflow/.local/lib/python3.6/site-packages/airflow/example_dags/example_latest_only_with_trigger.py for tasks to queue
[2025-02-08 05:49:21,746] {logging_mixin.py:104} INFO - [2025-02-08 05:49:21,746] {dagbag.py:496} INFO - Filling up the DagBag from /home/airflow/.local/lib/python3.6/site-packages/airflow/example_dags/example_latest_only_with_trigger.py
[2025-02-08 05:49:21,755] {scheduler_job.py:643} INFO - DAG(s) dict_keys(['latest_only_with_trigger']) retrieved from /home/airflow/.local/lib/python3.6/site-packages/airflow/example_dags/example_latest_only_with_trigger.py
[2025-02-08 05:49:21,913] {logging_mixin.py:104} INFO - [2025-02-08 05:49:21,912] {dag.py:1833} INFO - Sync 1 DAGs
[2025-02-08 05:49:21,925] {logging_mixin.py:104} INFO - [2025-02-08 05:49:21,925] {dag.py:2306} INFO - Setting next_dagrun for latest_only_with_trigger to 2025-02-06 00:00:00+00:00
[2025-02-08 05:49:21,965] {scheduler_job.py:190} INFO - Processing /home/airflow/.local/lib/python3.6/site-packages/airflow/example_dags/example_latest_only_with_trigger.py took 0.223 seconds
[2025-02-08 05:49:52,673] {scheduler_job.py:182} INFO - Started process (PID=115) to work on /home/airflow/.local/lib/python3.6/site-packages/airflow/example_dags/example_latest_only_with_trigger.py
[2025-02-08 05:49:52,674] {scheduler_job.py:633} INFO - Processing file /home/airflow/.local/lib/python3.6/site-packages/airflow/example_dags/example_latest_only_with_trigger.py for tasks to queue
[2025-02-08 05:49:52,674] {logging_mixin.py:104} INFO - [2025-02-08 05:49:52,674] {dagbag.py:496} INFO - Filling up the DagBag from /home/airflow/.local/lib/python3.6/site-packages/airflow/example_dags/example_latest_only_with_trigger.py
[2025-02-08 05:49:52,683] {scheduler_job.py:643} INFO - DAG(s) dict_keys(['latest_only_with_trigger']) retrieved from /home/airflow/.local/lib/python3.6/site-packages/airflow/example_dags/example_latest_only_with_trigger.py
[2025-02-08 05:49:52,700] {logging_mixin.py:104} INFO - [2025-02-08 05:49:52,700] {dag.py:1833} INFO - Sync 1 DAGs
[2025-02-08 05:49:52,711] {logging_mixin.py:104} INFO - [2025-02-08 05:49:52,711] {dag.py:2306} INFO - Setting next_dagrun for latest_only_with_trigger to 2025-02-06 00:00:00+00:00
[2025-02-08 05:49:52,719] {scheduler_job.py:190} INFO - Processing /home/airflow/.local/lib/python3.6/site-packages/airflow/example_dags/example_latest_only_with_trigger.py took 0.049 seconds
[2025-02-08 05:50:23,183] {scheduler_job.py:182} INFO - Started process (PID=175) to work on /home/airflow/.local/lib/python3.6/site-packages/airflow/example_dags/example_latest_only_with_trigger.py
[2025-02-08 05:50:23,183] {scheduler_job.py:633} INFO - Processing file /home/airflow/.local/lib/python3.6/site-packages/airflow/example_dags/example_latest_only_with_trigger.py for tasks to queue
[2025-02-08 05:50:23,184] {logging_mixin.py:104} INFO - [2025-02-08 05:50:23,184] {dagbag.py:496} INFO - Filling up the DagBag from /home/airflow/.local/lib/python3.6/site-packages/airflow/example_dags/example_latest_only_with_trigger.py
[2025-02-08 05:50:23,193] {scheduler_job.py:643} INFO - DAG(s) dict_keys(['latest_only_with_trigger']) retrieved from /home/airflow/.local/lib/python3.6/site-packages/airflow/example_dags/example_latest_only_with_trigger.py
[2025-02-08 05:50:23,209] {logging_mixin.py:104} INFO - [2025-02-08 05:50:23,209] {dag.py:1833} INFO - Sync 1 DAGs
[2025-02-08 05:50:23,221] {logging_mixin.py:104} INFO - [2025-02-08 05:50:23,221] {dag.py:2306} INFO - Setting next_dagrun for latest_only_with_trigger to 2025-02-06 00:00:00+00:00
[2025-02-08 05:50:23,229] {scheduler_job.py:190} INFO - Processing /home/airflow/.local/lib/python3.6/site-packages/airflow/example_dags/example_latest_only_with_trigger.py took 0.049 seconds
[2025-02-08 05:50:53,766] {scheduler_job.py:182} INFO - Started process (PID=226) to work on /home/airflow/.local/lib/python3.6/site-packages/airflow/example_dags/example_latest_only_with_trigger.py
[2025-02-08 05:50:53,767] {scheduler_job.py:633} INFO - Processing file /home/airflow/.local/lib/python3.6/site-packages/airflow/example_dags/example_latest_only_with_trigger.py for tasks to queue
[2025-02-08 05:50:53,768] {logging_mixin.py:104} INFO - [2025-02-08 05:50:53,768] {dagbag.py:496} INFO - Filling up the DagBag from /home/airflow/.local/lib/python3.6/site-packages/airflow/example_dags/example_latest_only_with_trigger.py
[2025-02-08 05:50:53,777] {scheduler_job.py:643} INFO - DAG(s) dict_keys(['latest_only_with_trigger']) retrieved from /home/airflow/.local/lib/python3.6/site-packages/airflow/example_dags/example_latest_only_with_trigger.py
[2025-02-08 05:50:53,793] {logging_mixin.py:104} INFO - [2025-02-08 05:50:53,793] {dag.py:1833} INFO - Sync 1 DAGs
[2025-02-08 05:50:53,805] {logging_mixin.py:104} INFO - [2025-02-08 05:50:53,805] {dag.py:2306} INFO - Setting next_dagrun for latest_only_with_trigger to 2025-02-06 00:00:00+00:00
[2025-02-08 05:50:53,812] {scheduler_job.py:190} INFO - Processing /home/airflow/.local/lib/python3.6/site-packages/airflow/example_dags/example_latest_only_with_trigger.py took 0.048 seconds
[2025-02-08 05:51:24,394] {scheduler_job.py:182} INFO - Started process (PID=286) to work on /home/airflow/.local/lib/python3.6/site-packages/airflow/example_dags/example_latest_only_with_trigger.py
[2025-02-08 05:51:24,395] {scheduler_job.py:633} INFO - Processing file /home/airflow/.local/lib/python3.6/site-packages/airflow/example_dags/example_latest_only_with_trigger.py for tasks to queue
[2025-02-08 05:51:24,395] {logging_mixin.py:104} INFO - [2025-02-08 05:51:24,395] {dagbag.py:496} INFO - Filling up the DagBag from /home/airflow/.local/lib/python3.6/site-packages/airflow/example_dags/example_latest_only_with_trigger.py
[2025-02-08 05:51:24,405] {scheduler_job.py:643} INFO - DAG(s) dict_keys(['latest_only_with_trigger']) retrieved from /home/airflow/.local/lib/python3.6/site-packages/airflow/example_dags/example_latest_only_with_trigger.py
[2025-02-08 05:51:24,422] {logging_mixin.py:104} INFO - [2025-02-08 05:51:24,422] {dag.py:1833} INFO - Sync 1 DAGs
[2025-02-08 05:51:24,433] {logging_mixin.py:104} INFO - [2025-02-08 05:51:24,433] {dag.py:2306} INFO - Setting next_dagrun for latest_only_with_trigger to 2025-02-06 00:00:00+00:00
[2025-02-08 05:51:24,442] {scheduler_job.py:190} INFO - Processing /home/airflow/.local/lib/python3.6/site-packages/airflow/example_dags/example_latest_only_with_trigger.py took 0.050 seconds
[2025-02-08 05:51:54,822] {scheduler_job.py:182} INFO - Started process (PID=347) to work on /home/airflow/.local/lib/python3.6/site-packages/airflow/example_dags/example_latest_only_with_trigger.py
[2025-02-08 05:51:54,823] {scheduler_job.py:633} INFO - Processing file /home/airflow/.local/lib/python3.6/site-packages/airflow/example_dags/example_latest_only_with_trigger.py for tasks to queue
[2025-02-08 05:51:54,824] {logging_mixin.py:104} INFO - [2025-02-08 05:51:54,824] {dagbag.py:496} INFO - Filling up the DagBag from /home/airflow/.local/lib/python3.6/site-packages/airflow/example_dags/example_latest_only_with_trigger.py
[2025-02-08 05:51:54,832] {scheduler_job.py:643} INFO - DAG(s) dict_keys(['latest_only_with_trigger']) retrieved from /home/airflow/.local/lib/python3.6/site-packages/airflow/example_dags/example_latest_only_with_trigger.py
[2025-02-08 05:51:54,851] {logging_mixin.py:104} INFO - [2025-02-08 05:51:54,851] {dag.py:1833} INFO - Sync 1 DAGs
[2025-02-08 05:51:54,864] {logging_mixin.py:104} INFO - [2025-02-08 05:51:54,864] {dag.py:2306} INFO - Setting next_dagrun for latest_only_with_trigger to 2025-02-06 00:00:00+00:00
[2025-02-08 05:51:54,873] {scheduler_job.py:190} INFO - Processing /home/airflow/.local/lib/python3.6/site-packages/airflow/example_dags/example_latest_only_with_trigger.py took 0.053 seconds
[2025-02-08 05:52:25,439] {scheduler_job.py:182} INFO - Started process (PID=398) to work on /home/airflow/.local/lib/python3.6/site-packages/airflow/example_dags/example_latest_only_with_trigger.py
[2025-02-08 05:52:25,439] {scheduler_job.py:633} INFO - Processing file /home/airflow/.local/lib/python3.6/site-packages/airflow/example_dags/example_latest_only_with_trigger.py for tasks to queue
[2025-02-08 05:52:25,440] {logging_mixin.py:104} INFO - [2025-02-08 05:52:25,440] {dagbag.py:496} INFO - Filling up the DagBag from /home/airflow/.local/lib/python3.6/site-packages/airflow/example_dags/example_latest_only_with_trigger.py
[2025-02-08 05:52:25,448] {scheduler_job.py:643} INFO - DAG(s) dict_keys(['latest_only_with_trigger']) retrieved from /home/airflow/.local/lib/python3.6/site-packages/airflow/example_dags/example_latest_only_with_trigger.py
[2025-02-08 05:52:25,465] {logging_mixin.py:104} INFO - [2025-02-08 05:52:25,465] {dag.py:1833} INFO - Sync 1 DAGs
[2025-02-08 05:52:25,477] {logging_mixin.py:104} INFO - [2025-02-08 05:52:25,477] {dag.py:2306} INFO - Setting next_dagrun for latest_only_with_trigger to 2025-02-06 00:00:00+00:00
[2025-02-08 05:52:25,485] {scheduler_job.py:190} INFO - Processing /home/airflow/.local/lib/python3.6/site-packages/airflow/example_dags/example_latest_only_with_trigger.py took 0.049 seconds
[2025-02-08 05:52:55,942] {scheduler_job.py:182} INFO - Started process (PID=459) to work on /home/airflow/.local/lib/python3.6/site-packages/airflow/example_dags/example_latest_only_with_trigger.py
[2025-02-08 05:52:55,943] {scheduler_job.py:633} INFO - Processing file /home/airflow/.local/lib/python3.6/site-packages/airflow/example_dags/example_latest_only_with_trigger.py for tasks to queue
[2025-02-08 05:52:55,943] {logging_mixin.py:104} INFO - [2025-02-08 05:52:55,943] {dagbag.py:496} INFO - Filling up the DagBag from /home/airflow/.local/lib/python3.6/site-packages/airflow/example_dags/example_latest_only_with_trigger.py
[2025-02-08 05:52:55,952] {scheduler_job.py:643} INFO - DAG(s) dict_keys(['latest_only_with_trigger']) retrieved from /home/airflow/.local/lib/python3.6/site-packages/airflow/example_dags/example_latest_only_with_trigger.py
[2025-02-08 05:52:55,969] {logging_mixin.py:104} INFO - [2025-02-08 05:52:55,969] {dag.py:1833} INFO - Sync 1 DAGs
[2025-02-08 05:52:55,981] {logging_mixin.py:104} INFO - [2025-02-08 05:52:55,981] {dag.py:2306} INFO - Setting next_dagrun for latest_only_with_trigger to 2025-02-06 00:00:00+00:00
[2025-02-08 05:52:55,989] {scheduler_job.py:190} INFO - Processing /home/airflow/.local/lib/python3.6/site-packages/airflow/example_dags/example_latest_only_with_trigger.py took 0.049 seconds
[2025-02-08 05:53:26,323] {scheduler_job.py:182} INFO - Started process (PID=510) to work on /home/airflow/.local/lib/python3.6/site-packages/airflow/example_dags/example_latest_only_with_trigger.py
[2025-02-08 05:53:26,324] {scheduler_job.py:633} INFO - Processing file /home/airflow/.local/lib/python3.6/site-packages/airflow/example_dags/example_latest_only_with_trigger.py for tasks to queue
[2025-02-08 05:53:26,324] {logging_mixin.py:104} INFO - [2025-02-08 05:53:26,324] {dagbag.py:496} INFO - Filling up the DagBag from /home/airflow/.local/lib/python3.6/site-packages/airflow/example_dags/example_latest_only_with_trigger.py
[2025-02-08 05:53:26,333] {scheduler_job.py:643} INFO - DAG(s) dict_keys(['latest_only_with_trigger']) retrieved from /home/airflow/.local/lib/python3.6/site-packages/airflow/example_dags/example_latest_only_with_trigger.py
[2025-02-08 05:53:26,352] {logging_mixin.py:104} INFO - [2025-02-08 05:53:26,351] {dag.py:1833} INFO - Sync 1 DAGs
[2025-02-08 05:53:26,364] {logging_mixin.py:104} INFO - [2025-02-08 05:53:26,364] {dag.py:2306} INFO - Setting next_dagrun for latest_only_with_trigger to 2025-02-06 00:00:00+00:00
[2025-02-08 05:53:26,373] {scheduler_job.py:190} INFO - Processing /home/airflow/.local/lib/python3.6/site-packages/airflow/example_dags/example_latest_only_with_trigger.py took 0.053 seconds
[2025-02-08 05:53:56,798] {scheduler_job.py:182} INFO - Started process (PID=570) to work on /home/airflow/.local/lib/python3.6/site-packages/airflow/example_dags/example_latest_only_with_trigger.py
[2025-02-08 05:53:56,799] {scheduler_job.py:633} INFO - Processing file /home/airflow/.local/lib/python3.6/site-packages/airflow/example_dags/example_latest_only_with_trigger.py for tasks to queue
[2025-02-08 05:53:56,799] {logging_mixin.py:104} INFO - [2025-02-08 05:53:56,799] {dagbag.py:496} INFO - Filling up the DagBag from /home/airflow/.local/lib/python3.6/site-packages/airflow/example_dags/example_latest_only_with_trigger.py
[2025-02-08 05:53:56,811] {scheduler_job.py:643} INFO - DAG(s) dict_keys(['latest_only_with_trigger']) retrieved from /home/airflow/.local/lib/python3.6/site-packages/airflow/example_dags/example_latest_only_with_trigger.py
[2025-02-08 05:53:56,830] {logging_mixin.py:104} INFO - [2025-02-08 05:53:56,830] {dag.py:1833} INFO - Sync 1 DAGs
[2025-02-08 05:53:56,842] {logging_mixin.py:104} INFO - [2025-02-08 05:53:56,842] {dag.py:2306} INFO - Setting next_dagrun for latest_only_with_trigger to 2025-02-06 00:00:00+00:00
[2025-02-08 05:53:56,849] {scheduler_job.py:190} INFO - Processing /home/airflow/.local/lib/python3.6/site-packages/airflow/example_dags/example_latest_only_with_trigger.py took 0.054 seconds
