[2025-02-08 05:49:20,611] {scheduler_job.py:182} INFO - Started process (PID=44) to work on /home/airflow/.local/lib/python3.6/site-packages/airflow/example_dags/example_short_circuit_operator.py
[2025-02-08 05:49:20,611] {scheduler_job.py:633} INFO - Processing file /home/airflow/.local/lib/python3.6/site-packages/airflow/example_dags/example_short_circuit_operator.py for tasks to queue
[2025-02-08 05:49:20,612] {logging_mixin.py:104} INFO - [2025-02-08 05:49:20,612] {dagbag.py:496} INFO - Filling up the DagBag from /home/airflow/.local/lib/python3.6/site-packages/airflow/example_dags/example_short_circuit_operator.py
[2025-02-08 05:49:20,622] {scheduler_job.py:643} INFO - DAG(s) dict_keys(['example_short_circuit_operator']) retrieved from /home/airflow/.local/lib/python3.6/site-packages/airflow/example_dags/example_short_circuit_operator.py
[2025-02-08 05:49:20,777] {logging_mixin.py:104} INFO - [2025-02-08 05:49:20,777] {dag.py:1833} INFO - Sync 1 DAGs
[2025-02-08 05:49:20,788] {logging_mixin.py:104} INFO - [2025-02-08 05:49:20,788] {dag.py:2306} INFO - Setting next_dagrun for example_short_circuit_operator to 2025-02-06 00:00:00+00:00
[2025-02-08 05:49:20,828] {scheduler_job.py:190} INFO - Processing /home/airflow/.local/lib/python3.6/site-packages/airflow/example_dags/example_short_circuit_operator.py took 0.220 seconds
[2025-02-08 05:49:51,044] {scheduler_job.py:182} INFO - Started process (PID=105) to work on /home/airflow/.local/lib/python3.6/site-packages/airflow/example_dags/example_short_circuit_operator.py
[2025-02-08 05:49:51,045] {scheduler_job.py:633} INFO - Processing file /home/airflow/.local/lib/python3.6/site-packages/airflow/example_dags/example_short_circuit_operator.py for tasks to queue
[2025-02-08 05:49:51,045] {logging_mixin.py:104} INFO - [2025-02-08 05:49:51,045] {dagbag.py:496} INFO - Filling up the DagBag from /home/airflow/.local/lib/python3.6/site-packages/airflow/example_dags/example_short_circuit_operator.py
[2025-02-08 05:49:51,055] {scheduler_job.py:643} INFO - DAG(s) dict_keys(['example_short_circuit_operator']) retrieved from /home/airflow/.local/lib/python3.6/site-packages/airflow/example_dags/example_short_circuit_operator.py
[2025-02-08 05:49:51,071] {logging_mixin.py:104} INFO - [2025-02-08 05:49:51,070] {dag.py:1833} INFO - Sync 1 DAGs
[2025-02-08 05:49:51,083] {logging_mixin.py:104} INFO - [2025-02-08 05:49:51,083] {dag.py:2306} INFO - Setting next_dagrun for example_short_circuit_operator to 2025-02-06 00:00:00+00:00
[2025-02-08 05:49:51,090] {scheduler_job.py:190} INFO - Processing /home/airflow/.local/lib/python3.6/site-packages/airflow/example_dags/example_short_circuit_operator.py took 0.048 seconds
[2025-02-08 05:50:21,719] {scheduler_job.py:182} INFO - Started process (PID=165) to work on /home/airflow/.local/lib/python3.6/site-packages/airflow/example_dags/example_short_circuit_operator.py
[2025-02-08 05:50:21,720] {scheduler_job.py:633} INFO - Processing file /home/airflow/.local/lib/python3.6/site-packages/airflow/example_dags/example_short_circuit_operator.py for tasks to queue
[2025-02-08 05:50:21,720] {logging_mixin.py:104} INFO - [2025-02-08 05:50:21,720] {dagbag.py:496} INFO - Filling up the DagBag from /home/airflow/.local/lib/python3.6/site-packages/airflow/example_dags/example_short_circuit_operator.py
[2025-02-08 05:50:21,730] {scheduler_job.py:643} INFO - DAG(s) dict_keys(['example_short_circuit_operator']) retrieved from /home/airflow/.local/lib/python3.6/site-packages/airflow/example_dags/example_short_circuit_operator.py
[2025-02-08 05:50:21,749] {logging_mixin.py:104} INFO - [2025-02-08 05:50:21,748] {dag.py:1833} INFO - Sync 1 DAGs
[2025-02-08 05:50:21,761] {logging_mixin.py:104} INFO - [2025-02-08 05:50:21,761] {dag.py:2306} INFO - Setting next_dagrun for example_short_circuit_operator to 2025-02-06 00:00:00+00:00
[2025-02-08 05:50:21,769] {scheduler_job.py:190} INFO - Processing /home/airflow/.local/lib/python3.6/site-packages/airflow/example_dags/example_short_circuit_operator.py took 0.053 seconds
[2025-02-08 05:50:52,320] {scheduler_job.py:182} INFO - Started process (PID=216) to work on /home/airflow/.local/lib/python3.6/site-packages/airflow/example_dags/example_short_circuit_operator.py
[2025-02-08 05:50:52,321] {scheduler_job.py:633} INFO - Processing file /home/airflow/.local/lib/python3.6/site-packages/airflow/example_dags/example_short_circuit_operator.py for tasks to queue
[2025-02-08 05:50:52,322] {logging_mixin.py:104} INFO - [2025-02-08 05:50:52,321] {dagbag.py:496} INFO - Filling up the DagBag from /home/airflow/.local/lib/python3.6/site-packages/airflow/example_dags/example_short_circuit_operator.py
[2025-02-08 05:50:52,331] {scheduler_job.py:643} INFO - DAG(s) dict_keys(['example_short_circuit_operator']) retrieved from /home/airflow/.local/lib/python3.6/site-packages/airflow/example_dags/example_short_circuit_operator.py
[2025-02-08 05:50:52,348] {logging_mixin.py:104} INFO - [2025-02-08 05:50:52,348] {dag.py:1833} INFO - Sync 1 DAGs
[2025-02-08 05:50:52,360] {logging_mixin.py:104} INFO - [2025-02-08 05:50:52,360] {dag.py:2306} INFO - Setting next_dagrun for example_short_circuit_operator to 2025-02-06 00:00:00+00:00
[2025-02-08 05:50:52,368] {scheduler_job.py:190} INFO - Processing /home/airflow/.local/lib/python3.6/site-packages/airflow/example_dags/example_short_circuit_operator.py took 0.050 seconds
[2025-02-08 05:51:22,867] {scheduler_job.py:182} INFO - Started process (PID=276) to work on /home/airflow/.local/lib/python3.6/site-packages/airflow/example_dags/example_short_circuit_operator.py
[2025-02-08 05:51:22,868] {scheduler_job.py:633} INFO - Processing file /home/airflow/.local/lib/python3.6/site-packages/airflow/example_dags/example_short_circuit_operator.py for tasks to queue
[2025-02-08 05:51:22,868] {logging_mixin.py:104} INFO - [2025-02-08 05:51:22,868] {dagbag.py:496} INFO - Filling up the DagBag from /home/airflow/.local/lib/python3.6/site-packages/airflow/example_dags/example_short_circuit_operator.py
[2025-02-08 05:51:22,877] {scheduler_job.py:643} INFO - DAG(s) dict_keys(['example_short_circuit_operator']) retrieved from /home/airflow/.local/lib/python3.6/site-packages/airflow/example_dags/example_short_circuit_operator.py
[2025-02-08 05:51:22,894] {logging_mixin.py:104} INFO - [2025-02-08 05:51:22,894] {dag.py:1833} INFO - Sync 1 DAGs
[2025-02-08 05:51:22,906] {logging_mixin.py:104} INFO - [2025-02-08 05:51:22,906] {dag.py:2306} INFO - Setting next_dagrun for example_short_circuit_operator to 2025-02-06 00:00:00+00:00
[2025-02-08 05:51:22,914] {scheduler_job.py:190} INFO - Processing /home/airflow/.local/lib/python3.6/site-packages/airflow/example_dags/example_short_circuit_operator.py took 0.049 seconds
[2025-02-08 05:51:53,313] {scheduler_job.py:182} INFO - Started process (PID=327) to work on /home/airflow/.local/lib/python3.6/site-packages/airflow/example_dags/example_short_circuit_operator.py
[2025-02-08 05:51:53,314] {scheduler_job.py:633} INFO - Processing file /home/airflow/.local/lib/python3.6/site-packages/airflow/example_dags/example_short_circuit_operator.py for tasks to queue
[2025-02-08 05:51:53,314] {logging_mixin.py:104} INFO - [2025-02-08 05:51:53,314] {dagbag.py:496} INFO - Filling up the DagBag from /home/airflow/.local/lib/python3.6/site-packages/airflow/example_dags/example_short_circuit_operator.py
[2025-02-08 05:51:53,323] {scheduler_job.py:643} INFO - DAG(s) dict_keys(['example_short_circuit_operator']) retrieved from /home/airflow/.local/lib/python3.6/site-packages/airflow/example_dags/example_short_circuit_operator.py
[2025-02-08 05:51:53,340] {logging_mixin.py:104} INFO - [2025-02-08 05:51:53,340] {dag.py:1833} INFO - Sync 1 DAGs
[2025-02-08 05:51:53,352] {logging_mixin.py:104} INFO - [2025-02-08 05:51:53,352] {dag.py:2306} INFO - Setting next_dagrun for example_short_circuit_operator to 2025-02-06 00:00:00+00:00
[2025-02-08 05:51:53,360] {scheduler_job.py:190} INFO - Processing /home/airflow/.local/lib/python3.6/site-packages/airflow/example_dags/example_short_circuit_operator.py took 0.049 seconds
[2025-02-08 05:52:23,776] {scheduler_job.py:182} INFO - Started process (PID=388) to work on /home/airflow/.local/lib/python3.6/site-packages/airflow/example_dags/example_short_circuit_operator.py
[2025-02-08 05:52:23,777] {scheduler_job.py:633} INFO - Processing file /home/airflow/.local/lib/python3.6/site-packages/airflow/example_dags/example_short_circuit_operator.py for tasks to queue
[2025-02-08 05:52:23,777] {logging_mixin.py:104} INFO - [2025-02-08 05:52:23,777] {dagbag.py:496} INFO - Filling up the DagBag from /home/airflow/.local/lib/python3.6/site-packages/airflow/example_dags/example_short_circuit_operator.py
[2025-02-08 05:52:23,786] {scheduler_job.py:643} INFO - DAG(s) dict_keys(['example_short_circuit_operator']) retrieved from /home/airflow/.local/lib/python3.6/site-packages/airflow/example_dags/example_short_circuit_operator.py
[2025-02-08 05:52:23,804] {logging_mixin.py:104} INFO - [2025-02-08 05:52:23,804] {dag.py:1833} INFO - Sync 1 DAGs
[2025-02-08 05:52:23,816] {logging_mixin.py:104} INFO - [2025-02-08 05:52:23,816] {dag.py:2306} INFO - Setting next_dagrun for example_short_circuit_operator to 2025-02-06 00:00:00+00:00
[2025-02-08 05:52:23,825] {scheduler_job.py:190} INFO - Processing /home/airflow/.local/lib/python3.6/site-packages/airflow/example_dags/example_short_circuit_operator.py took 0.051 seconds
[2025-02-08 05:52:54,483] {scheduler_job.py:182} INFO - Started process (PID=449) to work on /home/airflow/.local/lib/python3.6/site-packages/airflow/example_dags/example_short_circuit_operator.py
[2025-02-08 05:52:54,483] {scheduler_job.py:633} INFO - Processing file /home/airflow/.local/lib/python3.6/site-packages/airflow/example_dags/example_short_circuit_operator.py for tasks to queue
[2025-02-08 05:52:54,484] {logging_mixin.py:104} INFO - [2025-02-08 05:52:54,484] {dagbag.py:496} INFO - Filling up the DagBag from /home/airflow/.local/lib/python3.6/site-packages/airflow/example_dags/example_short_circuit_operator.py
[2025-02-08 05:52:54,493] {scheduler_job.py:643} INFO - DAG(s) dict_keys(['example_short_circuit_operator']) retrieved from /home/airflow/.local/lib/python3.6/site-packages/airflow/example_dags/example_short_circuit_operator.py
[2025-02-08 05:52:54,509] {logging_mixin.py:104} INFO - [2025-02-08 05:52:54,509] {dag.py:1833} INFO - Sync 1 DAGs
[2025-02-08 05:52:54,521] {logging_mixin.py:104} INFO - [2025-02-08 05:52:54,521] {dag.py:2306} INFO - Setting next_dagrun for example_short_circuit_operator to 2025-02-06 00:00:00+00:00
[2025-02-08 05:52:54,528] {scheduler_job.py:190} INFO - Processing /home/airflow/.local/lib/python3.6/site-packages/airflow/example_dags/example_short_circuit_operator.py took 0.048 seconds
[2025-02-08 05:53:24,926] {scheduler_job.py:182} INFO - Started process (PID=500) to work on /home/airflow/.local/lib/python3.6/site-packages/airflow/example_dags/example_short_circuit_operator.py
[2025-02-08 05:53:24,927] {scheduler_job.py:633} INFO - Processing file /home/airflow/.local/lib/python3.6/site-packages/airflow/example_dags/example_short_circuit_operator.py for tasks to queue
[2025-02-08 05:53:24,927] {logging_mixin.py:104} INFO - [2025-02-08 05:53:24,927] {dagbag.py:496} INFO - Filling up the DagBag from /home/airflow/.local/lib/python3.6/site-packages/airflow/example_dags/example_short_circuit_operator.py
[2025-02-08 05:53:24,937] {scheduler_job.py:643} INFO - DAG(s) dict_keys(['example_short_circuit_operator']) retrieved from /home/airflow/.local/lib/python3.6/site-packages/airflow/example_dags/example_short_circuit_operator.py
[2025-02-08 05:53:24,954] {logging_mixin.py:104} INFO - [2025-02-08 05:53:24,954] {dag.py:1833} INFO - Sync 1 DAGs
[2025-02-08 05:53:24,966] {logging_mixin.py:104} INFO - [2025-02-08 05:53:24,966] {dag.py:2306} INFO - Setting next_dagrun for example_short_circuit_operator to 2025-02-06 00:00:00+00:00
[2025-02-08 05:53:24,973] {scheduler_job.py:190} INFO - Processing /home/airflow/.local/lib/python3.6/site-packages/airflow/example_dags/example_short_circuit_operator.py took 0.050 seconds
[2025-02-08 05:53:55,351] {scheduler_job.py:182} INFO - Started process (PID=560) to work on /home/airflow/.local/lib/python3.6/site-packages/airflow/example_dags/example_short_circuit_operator.py
[2025-02-08 05:53:55,352] {scheduler_job.py:633} INFO - Processing file /home/airflow/.local/lib/python3.6/site-packages/airflow/example_dags/example_short_circuit_operator.py for tasks to queue
[2025-02-08 05:53:55,352] {logging_mixin.py:104} INFO - [2025-02-08 05:53:55,352] {dagbag.py:496} INFO - Filling up the DagBag from /home/airflow/.local/lib/python3.6/site-packages/airflow/example_dags/example_short_circuit_operator.py
[2025-02-08 05:53:55,362] {scheduler_job.py:643} INFO - DAG(s) dict_keys(['example_short_circuit_operator']) retrieved from /home/airflow/.local/lib/python3.6/site-packages/airflow/example_dags/example_short_circuit_operator.py
[2025-02-08 05:53:55,379] {logging_mixin.py:104} INFO - [2025-02-08 05:53:55,379] {dag.py:1833} INFO - Sync 1 DAGs
[2025-02-08 05:53:55,392] {logging_mixin.py:104} INFO - [2025-02-08 05:53:55,392] {dag.py:2306} INFO - Setting next_dagrun for example_short_circuit_operator to 2025-02-06 00:00:00+00:00
[2025-02-08 05:53:55,399] {scheduler_job.py:190} INFO - Processing /home/airflow/.local/lib/python3.6/site-packages/airflow/example_dags/example_short_circuit_operator.py took 0.050 seconds
