[2025-02-08 05:49:20,850] {scheduler_job.py:182} INFO - Started process (PID=46) to work on /home/airflow/.local/lib/python3.6/site-packages/airflow/example_dags/example_kubernetes_executor.py
[2025-02-08 05:49:20,851] {scheduler_job.py:633} INFO - Processing file /home/airflow/.local/lib/python3.6/site-packages/airflow/example_dags/example_kubernetes_executor.py for tasks to queue
[2025-02-08 05:49:20,852] {logging_mixin.py:104} INFO - [2025-02-08 05:49:20,852] {dagbag.py:496} INFO - Filling up the DagBag from /home/airflow/.local/lib/python3.6/site-packages/airflow/example_dags/example_kubernetes_executor.py
[2025-02-08 05:49:20,863] {scheduler_job.py:643} INFO - DAG(s) dict_keys(['example_kubernetes_executor']) retrieved from /home/airflow/.local/lib/python3.6/site-packages/airflow/example_dags/example_kubernetes_executor.py
[2025-02-08 05:49:21,032] {logging_mixin.py:104} INFO - [2025-02-08 05:49:21,032] {dag.py:1833} INFO - Sync 1 DAGs
[2025-02-08 05:49:21,045] {logging_mixin.py:104} INFO - [2025-02-08 05:49:21,044] {dag.py:2306} INFO - Setting next_dagrun for example_kubernetes_executor to None
[2025-02-08 05:49:21,074] {scheduler_job.py:190} INFO - Processing /home/airflow/.local/lib/python3.6/site-packages/airflow/example_dags/example_kubernetes_executor.py took 0.227 seconds
[2025-02-08 05:49:51,112] {scheduler_job.py:182} INFO - Started process (PID=107) to work on /home/airflow/.local/lib/python3.6/site-packages/airflow/example_dags/example_kubernetes_executor.py
[2025-02-08 05:49:51,112] {scheduler_job.py:633} INFO - Processing file /home/airflow/.local/lib/python3.6/site-packages/airflow/example_dags/example_kubernetes_executor.py for tasks to queue
[2025-02-08 05:49:51,113] {logging_mixin.py:104} INFO - [2025-02-08 05:49:51,113] {dagbag.py:496} INFO - Filling up the DagBag from /home/airflow/.local/lib/python3.6/site-packages/airflow/example_dags/example_kubernetes_executor.py
[2025-02-08 05:49:51,122] {scheduler_job.py:643} INFO - DAG(s) dict_keys(['example_kubernetes_executor']) retrieved from /home/airflow/.local/lib/python3.6/site-packages/airflow/example_dags/example_kubernetes_executor.py
[2025-02-08 05:49:51,139] {logging_mixin.py:104} INFO - [2025-02-08 05:49:51,139] {dag.py:1833} INFO - Sync 1 DAGs
[2025-02-08 05:49:51,151] {logging_mixin.py:104} INFO - [2025-02-08 05:49:51,151] {dag.py:2306} INFO - Setting next_dagrun for example_kubernetes_executor to None
[2025-02-08 05:49:51,158] {scheduler_job.py:190} INFO - Processing /home/airflow/.local/lib/python3.6/site-packages/airflow/example_dags/example_kubernetes_executor.py took 0.049 seconds
[2025-02-08 05:50:21,786] {scheduler_job.py:182} INFO - Started process (PID=167) to work on /home/airflow/.local/lib/python3.6/site-packages/airflow/example_dags/example_kubernetes_executor.py
[2025-02-08 05:50:21,787] {scheduler_job.py:633} INFO - Processing file /home/airflow/.local/lib/python3.6/site-packages/airflow/example_dags/example_kubernetes_executor.py for tasks to queue
[2025-02-08 05:50:21,788] {logging_mixin.py:104} INFO - [2025-02-08 05:50:21,787] {dagbag.py:496} INFO - Filling up the DagBag from /home/airflow/.local/lib/python3.6/site-packages/airflow/example_dags/example_kubernetes_executor.py
[2025-02-08 05:50:21,798] {scheduler_job.py:643} INFO - DAG(s) dict_keys(['example_kubernetes_executor']) retrieved from /home/airflow/.local/lib/python3.6/site-packages/airflow/example_dags/example_kubernetes_executor.py
[2025-02-08 05:50:21,818] {logging_mixin.py:104} INFO - [2025-02-08 05:50:21,817] {dag.py:1833} INFO - Sync 1 DAGs
[2025-02-08 05:50:21,831] {logging_mixin.py:104} INFO - [2025-02-08 05:50:21,831] {dag.py:2306} INFO - Setting next_dagrun for example_kubernetes_executor to None
[2025-02-08 05:50:21,839] {scheduler_job.py:190} INFO - Processing /home/airflow/.local/lib/python3.6/site-packages/airflow/example_dags/example_kubernetes_executor.py took 0.055 seconds
[2025-02-08 05:50:52,385] {scheduler_job.py:182} INFO - Started process (PID=218) to work on /home/airflow/.local/lib/python3.6/site-packages/airflow/example_dags/example_kubernetes_executor.py
[2025-02-08 05:50:52,385] {scheduler_job.py:633} INFO - Processing file /home/airflow/.local/lib/python3.6/site-packages/airflow/example_dags/example_kubernetes_executor.py for tasks to queue
[2025-02-08 05:50:52,386] {logging_mixin.py:104} INFO - [2025-02-08 05:50:52,386] {dagbag.py:496} INFO - Filling up the DagBag from /home/airflow/.local/lib/python3.6/site-packages/airflow/example_dags/example_kubernetes_executor.py
[2025-02-08 05:50:52,395] {scheduler_job.py:643} INFO - DAG(s) dict_keys(['example_kubernetes_executor']) retrieved from /home/airflow/.local/lib/python3.6/site-packages/airflow/example_dags/example_kubernetes_executor.py
[2025-02-08 05:50:52,413] {logging_mixin.py:104} INFO - [2025-02-08 05:50:52,413] {dag.py:1833} INFO - Sync 1 DAGs
[2025-02-08 05:50:52,424] {logging_mixin.py:104} INFO - [2025-02-08 05:50:52,424] {dag.py:2306} INFO - Setting next_dagrun for example_kubernetes_executor to None
[2025-02-08 05:50:52,433] {scheduler_job.py:190} INFO - Processing /home/airflow/.local/lib/python3.6/site-packages/airflow/example_dags/example_kubernetes_executor.py took 0.050 seconds
[2025-02-08 05:51:22,929] {scheduler_job.py:182} INFO - Started process (PID=278) to work on /home/airflow/.local/lib/python3.6/site-packages/airflow/example_dags/example_kubernetes_executor.py
[2025-02-08 05:51:22,930] {scheduler_job.py:633} INFO - Processing file /home/airflow/.local/lib/python3.6/site-packages/airflow/example_dags/example_kubernetes_executor.py for tasks to queue
[2025-02-08 05:51:22,931] {logging_mixin.py:104} INFO - [2025-02-08 05:51:22,931] {dagbag.py:496} INFO - Filling up the DagBag from /home/airflow/.local/lib/python3.6/site-packages/airflow/example_dags/example_kubernetes_executor.py
[2025-02-08 05:51:22,940] {scheduler_job.py:643} INFO - DAG(s) dict_keys(['example_kubernetes_executor']) retrieved from /home/airflow/.local/lib/python3.6/site-packages/airflow/example_dags/example_kubernetes_executor.py
[2025-02-08 05:51:22,956] {logging_mixin.py:104} INFO - [2025-02-08 05:51:22,956] {dag.py:1833} INFO - Sync 1 DAGs
[2025-02-08 05:51:22,968] {logging_mixin.py:104} INFO - [2025-02-08 05:51:22,968] {dag.py:2306} INFO - Setting next_dagrun for example_kubernetes_executor to None
[2025-02-08 05:51:22,976] {scheduler_job.py:190} INFO - Processing /home/airflow/.local/lib/python3.6/site-packages/airflow/example_dags/example_kubernetes_executor.py took 0.049 seconds
[2025-02-08 05:51:53,441] {scheduler_job.py:182} INFO - Started process (PID=329) to work on /home/airflow/.local/lib/python3.6/site-packages/airflow/example_dags/example_kubernetes_executor.py
[2025-02-08 05:51:53,442] {scheduler_job.py:633} INFO - Processing file /home/airflow/.local/lib/python3.6/site-packages/airflow/example_dags/example_kubernetes_executor.py for tasks to queue
[2025-02-08 05:51:53,443] {logging_mixin.py:104} INFO - [2025-02-08 05:51:53,443] {dagbag.py:496} INFO - Filling up the DagBag from /home/airflow/.local/lib/python3.6/site-packages/airflow/example_dags/example_kubernetes_executor.py
[2025-02-08 05:51:53,452] {scheduler_job.py:643} INFO - DAG(s) dict_keys(['example_kubernetes_executor']) retrieved from /home/airflow/.local/lib/python3.6/site-packages/airflow/example_dags/example_kubernetes_executor.py
[2025-02-08 05:51:53,469] {logging_mixin.py:104} INFO - [2025-02-08 05:51:53,469] {dag.py:1833} INFO - Sync 1 DAGs
[2025-02-08 05:51:53,482] {logging_mixin.py:104} INFO - [2025-02-08 05:51:53,482] {dag.py:2306} INFO - Setting next_dagrun for example_kubernetes_executor to None
[2025-02-08 05:51:53,491] {scheduler_job.py:190} INFO - Processing /home/airflow/.local/lib/python3.6/site-packages/airflow/example_dags/example_kubernetes_executor.py took 0.052 seconds
[2025-02-08 05:52:23,905] {scheduler_job.py:182} INFO - Started process (PID=390) to work on /home/airflow/.local/lib/python3.6/site-packages/airflow/example_dags/example_kubernetes_executor.py
[2025-02-08 05:52:23,905] {scheduler_job.py:633} INFO - Processing file /home/airflow/.local/lib/python3.6/site-packages/airflow/example_dags/example_kubernetes_executor.py for tasks to queue
[2025-02-08 05:52:23,906] {logging_mixin.py:104} INFO - [2025-02-08 05:52:23,906] {dagbag.py:496} INFO - Filling up the DagBag from /home/airflow/.local/lib/python3.6/site-packages/airflow/example_dags/example_kubernetes_executor.py
[2025-02-08 05:52:23,915] {scheduler_job.py:643} INFO - DAG(s) dict_keys(['example_kubernetes_executor']) retrieved from /home/airflow/.local/lib/python3.6/site-packages/airflow/example_dags/example_kubernetes_executor.py
[2025-02-08 05:52:23,932] {logging_mixin.py:104} INFO - [2025-02-08 05:52:23,932] {dag.py:1833} INFO - Sync 1 DAGs
[2025-02-08 05:52:23,943] {logging_mixin.py:104} INFO - [2025-02-08 05:52:23,943] {dag.py:2306} INFO - Setting next_dagrun for example_kubernetes_executor to None
[2025-02-08 05:52:23,951] {scheduler_job.py:190} INFO - Processing /home/airflow/.local/lib/python3.6/site-packages/airflow/example_dags/example_kubernetes_executor.py took 0.049 seconds
[2025-02-08 05:52:54,544] {scheduler_job.py:182} INFO - Started process (PID=451) to work on /home/airflow/.local/lib/python3.6/site-packages/airflow/example_dags/example_kubernetes_executor.py
[2025-02-08 05:52:54,545] {scheduler_job.py:633} INFO - Processing file /home/airflow/.local/lib/python3.6/site-packages/airflow/example_dags/example_kubernetes_executor.py for tasks to queue
[2025-02-08 05:52:54,545] {logging_mixin.py:104} INFO - [2025-02-08 05:52:54,545] {dagbag.py:496} INFO - Filling up the DagBag from /home/airflow/.local/lib/python3.6/site-packages/airflow/example_dags/example_kubernetes_executor.py
[2025-02-08 05:52:54,555] {scheduler_job.py:643} INFO - DAG(s) dict_keys(['example_kubernetes_executor']) retrieved from /home/airflow/.local/lib/python3.6/site-packages/airflow/example_dags/example_kubernetes_executor.py
[2025-02-08 05:52:54,571] {logging_mixin.py:104} INFO - [2025-02-08 05:52:54,571] {dag.py:1833} INFO - Sync 1 DAGs
[2025-02-08 05:52:54,583] {logging_mixin.py:104} INFO - [2025-02-08 05:52:54,583] {dag.py:2306} INFO - Setting next_dagrun for example_kubernetes_executor to None
[2025-02-08 05:52:54,590] {scheduler_job.py:190} INFO - Processing /home/airflow/.local/lib/python3.6/site-packages/airflow/example_dags/example_kubernetes_executor.py took 0.048 seconds
