[2025-02-08 05:49:21,539] {scheduler_job.py:182} INFO - Started process (PID=52) to work on /home/airflow/.local/lib/python3.6/site-packages/airflow/example_dags/example_task_group.py
[2025-02-08 05:49:21,539] {scheduler_job.py:633} INFO - Processing file /home/airflow/.local/lib/python3.6/site-packages/airflow/example_dags/example_task_group.py for tasks to queue
[2025-02-08 05:49:21,540] {logging_mixin.py:104} INFO - [2025-02-08 05:49:21,540] {dagbag.py:496} INFO - Filling up the DagBag from /home/airflow/.local/lib/python3.6/site-packages/airflow/example_dags/example_task_group.py
[2025-02-08 05:49:21,551] {scheduler_job.py:643} INFO - DAG(s) dict_keys(['example_task_group']) retrieved from /home/airflow/.local/lib/python3.6/site-packages/airflow/example_dags/example_task_group.py
[2025-02-08 05:49:21,707] {logging_mixin.py:104} INFO - [2025-02-08 05:49:21,707] {dag.py:1833} INFO - Sync 1 DAGs
[2025-02-08 05:49:21,717] {logging_mixin.py:104} INFO - [2025-02-08 05:49:21,717] {dag.py:2306} INFO - Setting next_dagrun for example_task_group to 2025-02-06 00:00:00+00:00
[2025-02-08 05:49:21,726] {scheduler_job.py:190} INFO - Processing /home/airflow/.local/lib/python3.6/site-packages/airflow/example_dags/example_task_group.py took 0.189 seconds
[2025-02-08 05:49:52,543] {scheduler_job.py:182} INFO - Started process (PID=113) to work on /home/airflow/.local/lib/python3.6/site-packages/airflow/example_dags/example_task_group.py
[2025-02-08 05:49:52,544] {scheduler_job.py:633} INFO - Processing file /home/airflow/.local/lib/python3.6/site-packages/airflow/example_dags/example_task_group.py for tasks to queue
[2025-02-08 05:49:52,544] {logging_mixin.py:104} INFO - [2025-02-08 05:49:52,544] {dagbag.py:496} INFO - Filling up the DagBag from /home/airflow/.local/lib/python3.6/site-packages/airflow/example_dags/example_task_group.py
[2025-02-08 05:49:52,554] {scheduler_job.py:643} INFO - DAG(s) dict_keys(['example_task_group']) retrieved from /home/airflow/.local/lib/python3.6/site-packages/airflow/example_dags/example_task_group.py
[2025-02-08 05:49:52,571] {logging_mixin.py:104} INFO - [2025-02-08 05:49:52,571] {dag.py:1833} INFO - Sync 1 DAGs
[2025-02-08 05:49:52,583] {logging_mixin.py:104} INFO - [2025-02-08 05:49:52,583] {dag.py:2306} INFO - Setting next_dagrun for example_task_group to 2025-02-06 00:00:00+00:00
[2025-02-08 05:49:52,591] {scheduler_job.py:190} INFO - Processing /home/airflow/.local/lib/python3.6/site-packages/airflow/example_dags/example_task_group.py took 0.051 seconds
[2025-02-08 05:50:23,099] {scheduler_job.py:182} INFO - Started process (PID=173) to work on /home/airflow/.local/lib/python3.6/site-packages/airflow/example_dags/example_task_group.py
[2025-02-08 05:50:23,100] {scheduler_job.py:633} INFO - Processing file /home/airflow/.local/lib/python3.6/site-packages/airflow/example_dags/example_task_group.py for tasks to queue
[2025-02-08 05:50:23,101] {logging_mixin.py:104} INFO - [2025-02-08 05:50:23,100] {dagbag.py:496} INFO - Filling up the DagBag from /home/airflow/.local/lib/python3.6/site-packages/airflow/example_dags/example_task_group.py
[2025-02-08 05:50:23,111] {scheduler_job.py:643} INFO - DAG(s) dict_keys(['example_task_group']) retrieved from /home/airflow/.local/lib/python3.6/site-packages/airflow/example_dags/example_task_group.py
[2025-02-08 05:50:23,128] {logging_mixin.py:104} INFO - [2025-02-08 05:50:23,128] {dag.py:1833} INFO - Sync 1 DAGs
[2025-02-08 05:50:23,140] {logging_mixin.py:104} INFO - [2025-02-08 05:50:23,140] {dag.py:2306} INFO - Setting next_dagrun for example_task_group to 2025-02-06 00:00:00+00:00
[2025-02-08 05:50:23,149] {scheduler_job.py:190} INFO - Processing /home/airflow/.local/lib/python3.6/site-packages/airflow/example_dags/example_task_group.py took 0.052 seconds
[2025-02-08 05:50:53,687] {scheduler_job.py:182} INFO - Started process (PID=224) to work on /home/airflow/.local/lib/python3.6/site-packages/airflow/example_dags/example_task_group.py
[2025-02-08 05:50:53,688] {scheduler_job.py:633} INFO - Processing file /home/airflow/.local/lib/python3.6/site-packages/airflow/example_dags/example_task_group.py for tasks to queue
[2025-02-08 05:50:53,688] {logging_mixin.py:104} INFO - [2025-02-08 05:50:53,688] {dagbag.py:496} INFO - Filling up the DagBag from /home/airflow/.local/lib/python3.6/site-packages/airflow/example_dags/example_task_group.py
[2025-02-08 05:50:53,699] {scheduler_job.py:643} INFO - DAG(s) dict_keys(['example_task_group']) retrieved from /home/airflow/.local/lib/python3.6/site-packages/airflow/example_dags/example_task_group.py
[2025-02-08 05:50:53,715] {logging_mixin.py:104} INFO - [2025-02-08 05:50:53,715] {dag.py:1833} INFO - Sync 1 DAGs
[2025-02-08 05:50:53,726] {logging_mixin.py:104} INFO - [2025-02-08 05:50:53,726] {dag.py:2306} INFO - Setting next_dagrun for example_task_group to 2025-02-06 00:00:00+00:00
[2025-02-08 05:50:53,734] {scheduler_job.py:190} INFO - Processing /home/airflow/.local/lib/python3.6/site-packages/airflow/example_dags/example_task_group.py took 0.049 seconds
[2025-02-08 05:51:24,252] {scheduler_job.py:182} INFO - Started process (PID=284) to work on /home/airflow/.local/lib/python3.6/site-packages/airflow/example_dags/example_task_group.py
[2025-02-08 05:51:24,252] {scheduler_job.py:633} INFO - Processing file /home/airflow/.local/lib/python3.6/site-packages/airflow/example_dags/example_task_group.py for tasks to queue
[2025-02-08 05:51:24,253] {logging_mixin.py:104} INFO - [2025-02-08 05:51:24,253] {dagbag.py:496} INFO - Filling up the DagBag from /home/airflow/.local/lib/python3.6/site-packages/airflow/example_dags/example_task_group.py
[2025-02-08 05:51:24,263] {scheduler_job.py:643} INFO - DAG(s) dict_keys(['example_task_group']) retrieved from /home/airflow/.local/lib/python3.6/site-packages/airflow/example_dags/example_task_group.py
[2025-02-08 05:51:24,279] {logging_mixin.py:104} INFO - [2025-02-08 05:51:24,279] {dag.py:1833} INFO - Sync 1 DAGs
[2025-02-08 05:51:24,291] {logging_mixin.py:104} INFO - [2025-02-08 05:51:24,290] {dag.py:2306} INFO - Setting next_dagrun for example_task_group to 2025-02-06 00:00:00+00:00
[2025-02-08 05:51:24,298] {scheduler_job.py:190} INFO - Processing /home/airflow/.local/lib/python3.6/site-packages/airflow/example_dags/example_task_group.py took 0.049 seconds
[2025-02-08 05:51:54,688] {scheduler_job.py:182} INFO - Started process (PID=345) to work on /home/airflow/.local/lib/python3.6/site-packages/airflow/example_dags/example_task_group.py
[2025-02-08 05:51:54,689] {scheduler_job.py:633} INFO - Processing file /home/airflow/.local/lib/python3.6/site-packages/airflow/example_dags/example_task_group.py for tasks to queue
[2025-02-08 05:51:54,690] {logging_mixin.py:104} INFO - [2025-02-08 05:51:54,690] {dagbag.py:496} INFO - Filling up the DagBag from /home/airflow/.local/lib/python3.6/site-packages/airflow/example_dags/example_task_group.py
[2025-02-08 05:51:54,700] {scheduler_job.py:643} INFO - DAG(s) dict_keys(['example_task_group']) retrieved from /home/airflow/.local/lib/python3.6/site-packages/airflow/example_dags/example_task_group.py
[2025-02-08 05:51:54,717] {logging_mixin.py:104} INFO - [2025-02-08 05:51:54,717] {dag.py:1833} INFO - Sync 1 DAGs
[2025-02-08 05:51:54,728] {logging_mixin.py:104} INFO - [2025-02-08 05:51:54,728] {dag.py:2306} INFO - Setting next_dagrun for example_task_group to 2025-02-06 00:00:00+00:00
[2025-02-08 05:51:54,736] {scheduler_job.py:190} INFO - Processing /home/airflow/.local/lib/python3.6/site-packages/airflow/example_dags/example_task_group.py took 0.050 seconds
[2025-02-08 05:52:25,303] {scheduler_job.py:182} INFO - Started process (PID=396) to work on /home/airflow/.local/lib/python3.6/site-packages/airflow/example_dags/example_task_group.py
[2025-02-08 05:52:25,304] {scheduler_job.py:633} INFO - Processing file /home/airflow/.local/lib/python3.6/site-packages/airflow/example_dags/example_task_group.py for tasks to queue
[2025-02-08 05:52:25,304] {logging_mixin.py:104} INFO - [2025-02-08 05:52:25,304] {dagbag.py:496} INFO - Filling up the DagBag from /home/airflow/.local/lib/python3.6/site-packages/airflow/example_dags/example_task_group.py
[2025-02-08 05:52:25,315] {scheduler_job.py:643} INFO - DAG(s) dict_keys(['example_task_group']) retrieved from /home/airflow/.local/lib/python3.6/site-packages/airflow/example_dags/example_task_group.py
[2025-02-08 05:52:25,331] {logging_mixin.py:104} INFO - [2025-02-08 05:52:25,331] {dag.py:1833} INFO - Sync 1 DAGs
[2025-02-08 05:52:25,343] {logging_mixin.py:104} INFO - [2025-02-08 05:52:25,342] {dag.py:2306} INFO - Setting next_dagrun for example_task_group to 2025-02-06 00:00:00+00:00
[2025-02-08 05:52:25,350] {scheduler_job.py:190} INFO - Processing /home/airflow/.local/lib/python3.6/site-packages/airflow/example_dags/example_task_group.py took 0.050 seconds
[2025-02-08 05:52:55,836] {scheduler_job.py:182} INFO - Started process (PID=457) to work on /home/airflow/.local/lib/python3.6/site-packages/airflow/example_dags/example_task_group.py
[2025-02-08 05:52:55,837] {scheduler_job.py:633} INFO - Processing file /home/airflow/.local/lib/python3.6/site-packages/airflow/example_dags/example_task_group.py for tasks to queue
[2025-02-08 05:52:55,837] {logging_mixin.py:104} INFO - [2025-02-08 05:52:55,837] {dagbag.py:496} INFO - Filling up the DagBag from /home/airflow/.local/lib/python3.6/site-packages/airflow/example_dags/example_task_group.py
[2025-02-08 05:52:55,847] {scheduler_job.py:643} INFO - DAG(s) dict_keys(['example_task_group']) retrieved from /home/airflow/.local/lib/python3.6/site-packages/airflow/example_dags/example_task_group.py
[2025-02-08 05:52:55,864] {logging_mixin.py:104} INFO - [2025-02-08 05:52:55,864] {dag.py:1833} INFO - Sync 1 DAGs
[2025-02-08 05:52:55,876] {logging_mixin.py:104} INFO - [2025-02-08 05:52:55,876] {dag.py:2306} INFO - Setting next_dagrun for example_task_group to 2025-02-06 00:00:00+00:00
[2025-02-08 05:52:55,884] {scheduler_job.py:190} INFO - Processing /home/airflow/.local/lib/python3.6/site-packages/airflow/example_dags/example_task_group.py took 0.050 seconds
[2025-02-08 05:53:26,253] {scheduler_job.py:182} INFO - Started process (PID=508) to work on /home/airflow/.local/lib/python3.6/site-packages/airflow/example_dags/example_task_group.py
[2025-02-08 05:53:26,254] {scheduler_job.py:633} INFO - Processing file /home/airflow/.local/lib/python3.6/site-packages/airflow/example_dags/example_task_group.py for tasks to queue
[2025-02-08 05:53:26,255] {logging_mixin.py:104} INFO - [2025-02-08 05:53:26,255] {dagbag.py:496} INFO - Filling up the DagBag from /home/airflow/.local/lib/python3.6/site-packages/airflow/example_dags/example_task_group.py
[2025-02-08 05:53:26,266] {scheduler_job.py:643} INFO - DAG(s) dict_keys(['example_task_group']) retrieved from /home/airflow/.local/lib/python3.6/site-packages/airflow/example_dags/example_task_group.py
[2025-02-08 05:53:26,284] {logging_mixin.py:104} INFO - [2025-02-08 05:53:26,284] {dag.py:1833} INFO - Sync 1 DAGs
[2025-02-08 05:53:26,297] {logging_mixin.py:104} INFO - [2025-02-08 05:53:26,297] {dag.py:2306} INFO - Setting next_dagrun for example_task_group to 2025-02-06 00:00:00+00:00
[2025-02-08 05:53:26,306] {scheduler_job.py:190} INFO - Processing /home/airflow/.local/lib/python3.6/site-packages/airflow/example_dags/example_task_group.py took 0.055 seconds
[2025-02-08 05:53:56,714] {scheduler_job.py:182} INFO - Started process (PID=568) to work on /home/airflow/.local/lib/python3.6/site-packages/airflow/example_dags/example_task_group.py
[2025-02-08 05:53:56,715] {scheduler_job.py:633} INFO - Processing file /home/airflow/.local/lib/python3.6/site-packages/airflow/example_dags/example_task_group.py for tasks to queue
[2025-02-08 05:53:56,715] {logging_mixin.py:104} INFO - [2025-02-08 05:53:56,715] {dagbag.py:496} INFO - Filling up the DagBag from /home/airflow/.local/lib/python3.6/site-packages/airflow/example_dags/example_task_group.py
[2025-02-08 05:53:56,726] {scheduler_job.py:643} INFO - DAG(s) dict_keys(['example_task_group']) retrieved from /home/airflow/.local/lib/python3.6/site-packages/airflow/example_dags/example_task_group.py
[2025-02-08 05:53:56,743] {logging_mixin.py:104} INFO - [2025-02-08 05:53:56,743] {dag.py:1833} INFO - Sync 1 DAGs
[2025-02-08 05:53:56,754] {logging_mixin.py:104} INFO - [2025-02-08 05:53:56,754] {dag.py:2306} INFO - Setting next_dagrun for example_task_group to 2025-02-06 00:00:00+00:00
[2025-02-08 05:53:56,762] {scheduler_job.py:190} INFO - Processing /home/airflow/.local/lib/python3.6/site-packages/airflow/example_dags/example_task_group.py took 0.050 seconds
