[2025-02-08 05:49:22,257] {scheduler_job.py:182} INFO - Started process (PID=65) to work on /home/airflow/.local/lib/python3.6/site-packages/airflow/example_dags/tutorial.py
[2025-02-08 05:49:22,257] {scheduler_job.py:633} INFO - Processing file /home/airflow/.local/lib/python3.6/site-packages/airflow/example_dags/tutorial.py for tasks to queue
[2025-02-08 05:49:22,258] {logging_mixin.py:104} INFO - [2025-02-08 05:49:22,258] {dagbag.py:496} INFO - Filling up the DagBag from /home/airflow/.local/lib/python3.6/site-packages/airflow/example_dags/tutorial.py
[2025-02-08 05:49:22,268] {scheduler_job.py:643} INFO - DAG(s) dict_keys(['tutorial']) retrieved from /home/airflow/.local/lib/python3.6/site-packages/airflow/example_dags/tutorial.py
[2025-02-08 05:49:22,439] {logging_mixin.py:104} INFO - [2025-02-08 05:49:22,439] {dag.py:1833} INFO - Sync 1 DAGs
[2025-02-08 05:49:22,452] {logging_mixin.py:104} INFO - [2025-02-08 05:49:22,452] {dag.py:2306} INFO - Setting next_dagrun for tutorial to 2025-02-06 00:00:00+00:00
[2025-02-08 05:49:22,463] {scheduler_job.py:190} INFO - Processing /home/airflow/.local/lib/python3.6/site-packages/airflow/example_dags/tutorial.py took 0.209 seconds
[2025-02-08 05:49:52,813] {scheduler_job.py:182} INFO - Started process (PID=119) to work on /home/airflow/.local/lib/python3.6/site-packages/airflow/example_dags/tutorial.py
[2025-02-08 05:49:52,814] {scheduler_job.py:633} INFO - Processing file /home/airflow/.local/lib/python3.6/site-packages/airflow/example_dags/tutorial.py for tasks to queue
[2025-02-08 05:49:52,815] {logging_mixin.py:104} INFO - [2025-02-08 05:49:52,815] {dagbag.py:496} INFO - Filling up the DagBag from /home/airflow/.local/lib/python3.6/site-packages/airflow/example_dags/tutorial.py
[2025-02-08 05:49:52,823] {scheduler_job.py:643} INFO - DAG(s) dict_keys(['tutorial']) retrieved from /home/airflow/.local/lib/python3.6/site-packages/airflow/example_dags/tutorial.py
[2025-02-08 05:49:52,841] {logging_mixin.py:104} INFO - [2025-02-08 05:49:52,841] {dag.py:1833} INFO - Sync 1 DAGs
[2025-02-08 05:49:52,853] {logging_mixin.py:104} INFO - [2025-02-08 05:49:52,853] {dag.py:2306} INFO - Setting next_dagrun for tutorial to 2025-02-06 00:00:00+00:00
[2025-02-08 05:49:52,861] {scheduler_job.py:190} INFO - Processing /home/airflow/.local/lib/python3.6/site-packages/airflow/example_dags/tutorial.py took 0.050 seconds
[2025-02-08 05:50:23,389] {scheduler_job.py:182} INFO - Started process (PID=179) to work on /home/airflow/.local/lib/python3.6/site-packages/airflow/example_dags/tutorial.py
[2025-02-08 05:50:23,389] {scheduler_job.py:633} INFO - Processing file /home/airflow/.local/lib/python3.6/site-packages/airflow/example_dags/tutorial.py for tasks to queue
[2025-02-08 05:50:23,390] {logging_mixin.py:104} INFO - [2025-02-08 05:50:23,390] {dagbag.py:496} INFO - Filling up the DagBag from /home/airflow/.local/lib/python3.6/site-packages/airflow/example_dags/tutorial.py
[2025-02-08 05:50:23,401] {scheduler_job.py:643} INFO - DAG(s) dict_keys(['tutorial']) retrieved from /home/airflow/.local/lib/python3.6/site-packages/airflow/example_dags/tutorial.py
[2025-02-08 05:50:23,422] {logging_mixin.py:104} INFO - [2025-02-08 05:50:23,422] {dag.py:1833} INFO - Sync 1 DAGs
[2025-02-08 05:50:23,437] {logging_mixin.py:104} INFO - [2025-02-08 05:50:23,437] {dag.py:2306} INFO - Setting next_dagrun for tutorial to 2025-02-06 00:00:00+00:00
[2025-02-08 05:50:23,446] {scheduler_job.py:190} INFO - Processing /home/airflow/.local/lib/python3.6/site-packages/airflow/example_dags/tutorial.py took 0.060 seconds
[2025-02-08 05:50:53,964] {scheduler_job.py:182} INFO - Started process (PID=230) to work on /home/airflow/.local/lib/python3.6/site-packages/airflow/example_dags/tutorial.py
[2025-02-08 05:50:53,965] {scheduler_job.py:633} INFO - Processing file /home/airflow/.local/lib/python3.6/site-packages/airflow/example_dags/tutorial.py for tasks to queue
[2025-02-08 05:50:53,965] {logging_mixin.py:104} INFO - [2025-02-08 05:50:53,965] {dagbag.py:496} INFO - Filling up the DagBag from /home/airflow/.local/lib/python3.6/site-packages/airflow/example_dags/tutorial.py
[2025-02-08 05:50:53,974] {scheduler_job.py:643} INFO - DAG(s) dict_keys(['tutorial']) retrieved from /home/airflow/.local/lib/python3.6/site-packages/airflow/example_dags/tutorial.py
[2025-02-08 05:50:53,990] {logging_mixin.py:104} INFO - [2025-02-08 05:50:53,990] {dag.py:1833} INFO - Sync 1 DAGs
[2025-02-08 05:50:54,002] {logging_mixin.py:104} INFO - [2025-02-08 05:50:54,002] {dag.py:2306} INFO - Setting next_dagrun for tutorial to 2025-02-06 00:00:00+00:00
[2025-02-08 05:50:54,009] {scheduler_job.py:190} INFO - Processing /home/airflow/.local/lib/python3.6/site-packages/airflow/example_dags/tutorial.py took 0.047 seconds
[2025-02-08 05:51:24,539] {scheduler_job.py:182} INFO - Started process (PID=290) to work on /home/airflow/.local/lib/python3.6/site-packages/airflow/example_dags/tutorial.py
[2025-02-08 05:51:24,539] {scheduler_job.py:633} INFO - Processing file /home/airflow/.local/lib/python3.6/site-packages/airflow/example_dags/tutorial.py for tasks to queue
[2025-02-08 05:51:24,540] {logging_mixin.py:104} INFO - [2025-02-08 05:51:24,540] {dagbag.py:496} INFO - Filling up the DagBag from /home/airflow/.local/lib/python3.6/site-packages/airflow/example_dags/tutorial.py
[2025-02-08 05:51:24,549] {scheduler_job.py:643} INFO - DAG(s) dict_keys(['tutorial']) retrieved from /home/airflow/.local/lib/python3.6/site-packages/airflow/example_dags/tutorial.py
[2025-02-08 05:51:24,568] {logging_mixin.py:104} INFO - [2025-02-08 05:51:24,568] {dag.py:1833} INFO - Sync 1 DAGs
[2025-02-08 05:51:24,580] {logging_mixin.py:104} INFO - [2025-02-08 05:51:24,579] {dag.py:2306} INFO - Setting next_dagrun for tutorial to 2025-02-06 00:00:00+00:00
[2025-02-08 05:51:24,588] {scheduler_job.py:190} INFO - Processing /home/airflow/.local/lib/python3.6/site-packages/airflow/example_dags/tutorial.py took 0.052 seconds
[2025-02-08 05:51:54,965] {scheduler_job.py:182} INFO - Started process (PID=351) to work on /home/airflow/.local/lib/python3.6/site-packages/airflow/example_dags/tutorial.py
[2025-02-08 05:51:54,966] {scheduler_job.py:633} INFO - Processing file /home/airflow/.local/lib/python3.6/site-packages/airflow/example_dags/tutorial.py for tasks to queue
[2025-02-08 05:51:54,966] {logging_mixin.py:104} INFO - [2025-02-08 05:51:54,966] {dagbag.py:496} INFO - Filling up the DagBag from /home/airflow/.local/lib/python3.6/site-packages/airflow/example_dags/tutorial.py
[2025-02-08 05:51:54,975] {scheduler_job.py:643} INFO - DAG(s) dict_keys(['tutorial']) retrieved from /home/airflow/.local/lib/python3.6/site-packages/airflow/example_dags/tutorial.py
[2025-02-08 05:51:54,993] {logging_mixin.py:104} INFO - [2025-02-08 05:51:54,993] {dag.py:1833} INFO - Sync 1 DAGs
[2025-02-08 05:51:55,006] {logging_mixin.py:104} INFO - [2025-02-08 05:51:55,006] {dag.py:2306} INFO - Setting next_dagrun for tutorial to 2025-02-06 00:00:00+00:00
[2025-02-08 05:51:55,014] {scheduler_job.py:190} INFO - Processing /home/airflow/.local/lib/python3.6/site-packages/airflow/example_dags/tutorial.py took 0.052 seconds
[2025-02-08 05:52:25,629] {scheduler_job.py:182} INFO - Started process (PID=402) to work on /home/airflow/.local/lib/python3.6/site-packages/airflow/example_dags/tutorial.py
[2025-02-08 05:52:25,630] {scheduler_job.py:633} INFO - Processing file /home/airflow/.local/lib/python3.6/site-packages/airflow/example_dags/tutorial.py for tasks to queue
[2025-02-08 05:52:25,630] {logging_mixin.py:104} INFO - [2025-02-08 05:52:25,630] {dagbag.py:496} INFO - Filling up the DagBag from /home/airflow/.local/lib/python3.6/site-packages/airflow/example_dags/tutorial.py
[2025-02-08 05:52:25,639] {scheduler_job.py:643} INFO - DAG(s) dict_keys(['tutorial']) retrieved from /home/airflow/.local/lib/python3.6/site-packages/airflow/example_dags/tutorial.py
[2025-02-08 05:52:25,656] {logging_mixin.py:104} INFO - [2025-02-08 05:52:25,656] {dag.py:1833} INFO - Sync 1 DAGs
[2025-02-08 05:52:25,669] {logging_mixin.py:104} INFO - [2025-02-08 05:52:25,669] {dag.py:2306} INFO - Setting next_dagrun for tutorial to 2025-02-06 00:00:00+00:00
[2025-02-08 05:52:25,678] {scheduler_job.py:190} INFO - Processing /home/airflow/.local/lib/python3.6/site-packages/airflow/example_dags/tutorial.py took 0.051 seconds
[2025-02-08 05:52:56,083] {scheduler_job.py:182} INFO - Started process (PID=463) to work on /home/airflow/.local/lib/python3.6/site-packages/airflow/example_dags/tutorial.py
[2025-02-08 05:52:56,083] {scheduler_job.py:633} INFO - Processing file /home/airflow/.local/lib/python3.6/site-packages/airflow/example_dags/tutorial.py for tasks to queue
[2025-02-08 05:52:56,084] {logging_mixin.py:104} INFO - [2025-02-08 05:52:56,084] {dagbag.py:496} INFO - Filling up the DagBag from /home/airflow/.local/lib/python3.6/site-packages/airflow/example_dags/tutorial.py
[2025-02-08 05:52:56,093] {scheduler_job.py:643} INFO - DAG(s) dict_keys(['tutorial']) retrieved from /home/airflow/.local/lib/python3.6/site-packages/airflow/example_dags/tutorial.py
[2025-02-08 05:52:56,110] {logging_mixin.py:104} INFO - [2025-02-08 05:52:56,110] {dag.py:1833} INFO - Sync 1 DAGs
[2025-02-08 05:52:56,121] {logging_mixin.py:104} INFO - [2025-02-08 05:52:56,121] {dag.py:2306} INFO - Setting next_dagrun for tutorial to 2025-02-06 00:00:00+00:00
[2025-02-08 05:52:56,130] {scheduler_job.py:190} INFO - Processing /home/airflow/.local/lib/python3.6/site-packages/airflow/example_dags/tutorial.py took 0.050 seconds
