[2025-02-08 05:49:20,397] {scheduler_job.py:182} INFO - Started process (PID=43) to work on /home/airflow/.local/lib/python3.6/site-packages/airflow/example_dags/tutorial_etl_dag.py
[2025-02-08 05:49:20,397] {scheduler_job.py:633} INFO - Processing file /home/airflow/.local/lib/python3.6/site-packages/airflow/example_dags/tutorial_etl_dag.py for tasks to queue
[2025-02-08 05:49:20,398] {logging_mixin.py:104} INFO - [2025-02-08 05:49:20,398] {dagbag.py:496} INFO - Filling up the DagBag from /home/airflow/.local/lib/python3.6/site-packages/airflow/example_dags/tutorial_etl_dag.py
[2025-02-08 05:49:20,407] {scheduler_job.py:643} INFO - DAG(s) dict_keys(['tutorial_etl_dag']) retrieved from /home/airflow/.local/lib/python3.6/site-packages/airflow/example_dags/tutorial_etl_dag.py
[2025-02-08 05:49:20,567] {logging_mixin.py:104} INFO - [2025-02-08 05:49:20,567] {dag.py:1833} INFO - Sync 1 DAGs
[2025-02-08 05:49:20,579] {logging_mixin.py:104} INFO - [2025-02-08 05:49:20,579] {dag.py:2306} INFO - Setting next_dagrun for tutorial_etl_dag to None
[2025-02-08 05:49:20,594] {scheduler_job.py:190} INFO - Processing /home/airflow/.local/lib/python3.6/site-packages/airflow/example_dags/tutorial_etl_dag.py took 0.200 seconds
[2025-02-08 05:49:50,982] {scheduler_job.py:182} INFO - Started process (PID=104) to work on /home/airflow/.local/lib/python3.6/site-packages/airflow/example_dags/tutorial_etl_dag.py
[2025-02-08 05:49:50,982] {scheduler_job.py:633} INFO - Processing file /home/airflow/.local/lib/python3.6/site-packages/airflow/example_dags/tutorial_etl_dag.py for tasks to queue
[2025-02-08 05:49:50,983] {logging_mixin.py:104} INFO - [2025-02-08 05:49:50,983] {dagbag.py:496} INFO - Filling up the DagBag from /home/airflow/.local/lib/python3.6/site-packages/airflow/example_dags/tutorial_etl_dag.py
[2025-02-08 05:49:50,992] {scheduler_job.py:643} INFO - DAG(s) dict_keys(['tutorial_etl_dag']) retrieved from /home/airflow/.local/lib/python3.6/site-packages/airflow/example_dags/tutorial_etl_dag.py
[2025-02-08 05:49:51,008] {logging_mixin.py:104} INFO - [2025-02-08 05:49:51,008] {dag.py:1833} INFO - Sync 1 DAGs
[2025-02-08 05:49:51,019] {logging_mixin.py:104} INFO - [2025-02-08 05:49:51,019] {dag.py:2306} INFO - Setting next_dagrun for tutorial_etl_dag to None
[2025-02-08 05:49:51,028] {scheduler_job.py:190} INFO - Processing /home/airflow/.local/lib/python3.6/site-packages/airflow/example_dags/tutorial_etl_dag.py took 0.048 seconds
[2025-02-08 05:50:21,653] {scheduler_job.py:182} INFO - Started process (PID=163) to work on /home/airflow/.local/lib/python3.6/site-packages/airflow/example_dags/tutorial_etl_dag.py
[2025-02-08 05:50:21,654] {scheduler_job.py:633} INFO - Processing file /home/airflow/.local/lib/python3.6/site-packages/airflow/example_dags/tutorial_etl_dag.py for tasks to queue
[2025-02-08 05:50:21,655] {logging_mixin.py:104} INFO - [2025-02-08 05:50:21,654] {dagbag.py:496} INFO - Filling up the DagBag from /home/airflow/.local/lib/python3.6/site-packages/airflow/example_dags/tutorial_etl_dag.py
[2025-02-08 05:50:21,664] {scheduler_job.py:643} INFO - DAG(s) dict_keys(['tutorial_etl_dag']) retrieved from /home/airflow/.local/lib/python3.6/site-packages/airflow/example_dags/tutorial_etl_dag.py
[2025-02-08 05:50:21,680] {logging_mixin.py:104} INFO - [2025-02-08 05:50:21,680] {dag.py:1833} INFO - Sync 1 DAGs
[2025-02-08 05:50:21,694] {logging_mixin.py:104} INFO - [2025-02-08 05:50:21,694] {dag.py:2306} INFO - Setting next_dagrun for tutorial_etl_dag to None
[2025-02-08 05:50:21,703] {scheduler_job.py:190} INFO - Processing /home/airflow/.local/lib/python3.6/site-packages/airflow/example_dags/tutorial_etl_dag.py took 0.052 seconds
[2025-02-08 05:50:52,259] {scheduler_job.py:182} INFO - Started process (PID=215) to work on /home/airflow/.local/lib/python3.6/site-packages/airflow/example_dags/tutorial_etl_dag.py
[2025-02-08 05:50:52,260] {scheduler_job.py:633} INFO - Processing file /home/airflow/.local/lib/python3.6/site-packages/airflow/example_dags/tutorial_etl_dag.py for tasks to queue
[2025-02-08 05:50:52,260] {logging_mixin.py:104} INFO - [2025-02-08 05:50:52,260] {dagbag.py:496} INFO - Filling up the DagBag from /home/airflow/.local/lib/python3.6/site-packages/airflow/example_dags/tutorial_etl_dag.py
[2025-02-08 05:50:52,269] {scheduler_job.py:643} INFO - DAG(s) dict_keys(['tutorial_etl_dag']) retrieved from /home/airflow/.local/lib/python3.6/site-packages/airflow/example_dags/tutorial_etl_dag.py
[2025-02-08 05:50:52,285] {logging_mixin.py:104} INFO - [2025-02-08 05:50:52,285] {dag.py:1833} INFO - Sync 1 DAGs
[2025-02-08 05:50:52,296] {logging_mixin.py:104} INFO - [2025-02-08 05:50:52,296] {dag.py:2306} INFO - Setting next_dagrun for tutorial_etl_dag to None
[2025-02-08 05:50:52,304] {scheduler_job.py:190} INFO - Processing /home/airflow/.local/lib/python3.6/site-packages/airflow/example_dags/tutorial_etl_dag.py took 0.048 seconds
[2025-02-08 05:51:22,803] {scheduler_job.py:182} INFO - Started process (PID=275) to work on /home/airflow/.local/lib/python3.6/site-packages/airflow/example_dags/tutorial_etl_dag.py
[2025-02-08 05:51:22,803] {scheduler_job.py:633} INFO - Processing file /home/airflow/.local/lib/python3.6/site-packages/airflow/example_dags/tutorial_etl_dag.py for tasks to queue
[2025-02-08 05:51:22,804] {logging_mixin.py:104} INFO - [2025-02-08 05:51:22,804] {dagbag.py:496} INFO - Filling up the DagBag from /home/airflow/.local/lib/python3.6/site-packages/airflow/example_dags/tutorial_etl_dag.py
[2025-02-08 05:51:22,813] {scheduler_job.py:643} INFO - DAG(s) dict_keys(['tutorial_etl_dag']) retrieved from /home/airflow/.local/lib/python3.6/site-packages/airflow/example_dags/tutorial_etl_dag.py
[2025-02-08 05:51:22,829] {logging_mixin.py:104} INFO - [2025-02-08 05:51:22,829] {dag.py:1833} INFO - Sync 1 DAGs
[2025-02-08 05:51:22,841] {logging_mixin.py:104} INFO - [2025-02-08 05:51:22,841] {dag.py:2306} INFO - Setting next_dagrun for tutorial_etl_dag to None
[2025-02-08 05:51:22,849] {scheduler_job.py:190} INFO - Processing /home/airflow/.local/lib/python3.6/site-packages/airflow/example_dags/tutorial_etl_dag.py took 0.049 seconds
[2025-02-08 05:51:53,251] {scheduler_job.py:182} INFO - Started process (PID=326) to work on /home/airflow/.local/lib/python3.6/site-packages/airflow/example_dags/tutorial_etl_dag.py
[2025-02-08 05:51:53,252] {scheduler_job.py:633} INFO - Processing file /home/airflow/.local/lib/python3.6/site-packages/airflow/example_dags/tutorial_etl_dag.py for tasks to queue
[2025-02-08 05:51:53,252] {logging_mixin.py:104} INFO - [2025-02-08 05:51:53,252] {dagbag.py:496} INFO - Filling up the DagBag from /home/airflow/.local/lib/python3.6/site-packages/airflow/example_dags/tutorial_etl_dag.py
[2025-02-08 05:51:53,261] {scheduler_job.py:643} INFO - DAG(s) dict_keys(['tutorial_etl_dag']) retrieved from /home/airflow/.local/lib/python3.6/site-packages/airflow/example_dags/tutorial_etl_dag.py
[2025-02-08 05:51:53,276] {logging_mixin.py:104} INFO - [2025-02-08 05:51:53,276] {dag.py:1833} INFO - Sync 1 DAGs
[2025-02-08 05:51:53,288] {logging_mixin.py:104} INFO - [2025-02-08 05:51:53,288] {dag.py:2306} INFO - Setting next_dagrun for tutorial_etl_dag to None
[2025-02-08 05:51:53,296] {scheduler_job.py:190} INFO - Processing /home/airflow/.local/lib/python3.6/site-packages/airflow/example_dags/tutorial_etl_dag.py took 0.048 seconds
[2025-02-08 05:52:23,634] {scheduler_job.py:182} INFO - Started process (PID=386) to work on /home/airflow/.local/lib/python3.6/site-packages/airflow/example_dags/tutorial_etl_dag.py
[2025-02-08 05:52:23,635] {scheduler_job.py:633} INFO - Processing file /home/airflow/.local/lib/python3.6/site-packages/airflow/example_dags/tutorial_etl_dag.py for tasks to queue
[2025-02-08 05:52:23,635] {logging_mixin.py:104} INFO - [2025-02-08 05:52:23,635] {dagbag.py:496} INFO - Filling up the DagBag from /home/airflow/.local/lib/python3.6/site-packages/airflow/example_dags/tutorial_etl_dag.py
[2025-02-08 05:52:23,644] {scheduler_job.py:643} INFO - DAG(s) dict_keys(['tutorial_etl_dag']) retrieved from /home/airflow/.local/lib/python3.6/site-packages/airflow/example_dags/tutorial_etl_dag.py
[2025-02-08 05:52:23,662] {logging_mixin.py:104} INFO - [2025-02-08 05:52:23,662] {dag.py:1833} INFO - Sync 1 DAGs
[2025-02-08 05:52:23,678] {logging_mixin.py:104} INFO - [2025-02-08 05:52:23,678] {dag.py:2306} INFO - Setting next_dagrun for tutorial_etl_dag to None
[2025-02-08 05:52:23,688] {scheduler_job.py:190} INFO - Processing /home/airflow/.local/lib/python3.6/site-packages/airflow/example_dags/tutorial_etl_dag.py took 0.056 seconds
[2025-02-08 05:52:54,421] {scheduler_job.py:182} INFO - Started process (PID=448) to work on /home/airflow/.local/lib/python3.6/site-packages/airflow/example_dags/tutorial_etl_dag.py
[2025-02-08 05:52:54,422] {scheduler_job.py:633} INFO - Processing file /home/airflow/.local/lib/python3.6/site-packages/airflow/example_dags/tutorial_etl_dag.py for tasks to queue
[2025-02-08 05:52:54,422] {logging_mixin.py:104} INFO - [2025-02-08 05:52:54,422] {dagbag.py:496} INFO - Filling up the DagBag from /home/airflow/.local/lib/python3.6/site-packages/airflow/example_dags/tutorial_etl_dag.py
[2025-02-08 05:52:54,431] {scheduler_job.py:643} INFO - DAG(s) dict_keys(['tutorial_etl_dag']) retrieved from /home/airflow/.local/lib/python3.6/site-packages/airflow/example_dags/tutorial_etl_dag.py
[2025-02-08 05:52:54,447] {logging_mixin.py:104} INFO - [2025-02-08 05:52:54,446] {dag.py:1833} INFO - Sync 1 DAGs
[2025-02-08 05:52:54,459] {logging_mixin.py:104} INFO - [2025-02-08 05:52:54,459] {dag.py:2306} INFO - Setting next_dagrun for tutorial_etl_dag to None
[2025-02-08 05:52:54,466] {scheduler_job.py:190} INFO - Processing /home/airflow/.local/lib/python3.6/site-packages/airflow/example_dags/tutorial_etl_dag.py took 0.047 seconds
[2025-02-08 05:53:24,863] {scheduler_job.py:182} INFO - Started process (PID=499) to work on /home/airflow/.local/lib/python3.6/site-packages/airflow/example_dags/tutorial_etl_dag.py
[2025-02-08 05:53:24,864] {scheduler_job.py:633} INFO - Processing file /home/airflow/.local/lib/python3.6/site-packages/airflow/example_dags/tutorial_etl_dag.py for tasks to queue
[2025-02-08 05:53:24,864] {logging_mixin.py:104} INFO - [2025-02-08 05:53:24,864] {dagbag.py:496} INFO - Filling up the DagBag from /home/airflow/.local/lib/python3.6/site-packages/airflow/example_dags/tutorial_etl_dag.py
[2025-02-08 05:53:24,873] {scheduler_job.py:643} INFO - DAG(s) dict_keys(['tutorial_etl_dag']) retrieved from /home/airflow/.local/lib/python3.6/site-packages/airflow/example_dags/tutorial_etl_dag.py
[2025-02-08 05:53:24,890] {logging_mixin.py:104} INFO - [2025-02-08 05:53:24,890] {dag.py:1833} INFO - Sync 1 DAGs
[2025-02-08 05:53:24,901] {logging_mixin.py:104} INFO - [2025-02-08 05:53:24,901] {dag.py:2306} INFO - Setting next_dagrun for tutorial_etl_dag to None
[2025-02-08 05:53:24,910] {scheduler_job.py:190} INFO - Processing /home/airflow/.local/lib/python3.6/site-packages/airflow/example_dags/tutorial_etl_dag.py took 0.049 seconds
[2025-02-08 05:53:55,286] {scheduler_job.py:182} INFO - Started process (PID=559) to work on /home/airflow/.local/lib/python3.6/site-packages/airflow/example_dags/tutorial_etl_dag.py
[2025-02-08 05:53:55,287] {scheduler_job.py:633} INFO - Processing file /home/airflow/.local/lib/python3.6/site-packages/airflow/example_dags/tutorial_etl_dag.py for tasks to queue
[2025-02-08 05:53:55,288] {logging_mixin.py:104} INFO - [2025-02-08 05:53:55,287] {dagbag.py:496} INFO - Filling up the DagBag from /home/airflow/.local/lib/python3.6/site-packages/airflow/example_dags/tutorial_etl_dag.py
[2025-02-08 05:53:55,297] {scheduler_job.py:643} INFO - DAG(s) dict_keys(['tutorial_etl_dag']) retrieved from /home/airflow/.local/lib/python3.6/site-packages/airflow/example_dags/tutorial_etl_dag.py
[2025-02-08 05:53:55,314] {logging_mixin.py:104} INFO - [2025-02-08 05:53:55,314] {dag.py:1833} INFO - Sync 1 DAGs
[2025-02-08 05:53:55,326] {logging_mixin.py:104} INFO - [2025-02-08 05:53:55,326] {dag.py:2306} INFO - Setting next_dagrun for tutorial_etl_dag to None
[2025-02-08 05:53:55,334] {scheduler_job.py:190} INFO - Processing /home/airflow/.local/lib/python3.6/site-packages/airflow/example_dags/tutorial_etl_dag.py took 0.050 seconds
