[2025-01-30 12:22:46,869] {scheduler_job.py:182} INFO - Started process (PID=236) to work on /home/airflow/.local/lib/python3.6/site-packages/airflow/example_dags/example_external_task_marker_dag.py
[2025-01-30 12:22:46,870] {scheduler_job.py:633} INFO - Processing file /home/airflow/.local/lib/python3.6/site-packages/airflow/example_dags/example_external_task_marker_dag.py for tasks to queue
[2025-01-30 12:22:46,870] {logging_mixin.py:104} INFO - [2025-01-30 12:22:46,870] {dagbag.py:496} INFO - Filling up the DagBag from /home/airflow/.local/lib/python3.6/site-packages/airflow/example_dags/example_external_task_marker_dag.py
[2025-01-30 12:22:46,882] {scheduler_job.py:643} INFO - DAG(s) dict_keys(['example_external_task_marker_parent', 'example_external_task_marker_child']) retrieved from /home/airflow/.local/lib/python3.6/site-packages/airflow/example_dags/example_external_task_marker_dag.py
[2025-01-30 12:22:48,751] {logging_mixin.py:104} INFO - [2025-01-30 12:22:48,750] {dag.py:1833} INFO - Sync 2 DAGs
[2025-01-30 12:22:48,759] {logging_mixin.py:104} INFO - [2025-01-30 12:22:48,758] {dag.py:1852} INFO - Creating ORM DAG for example_external_task_marker_parent
[2025-01-30 12:22:48,759] {logging_mixin.py:104} INFO - [2025-01-30 12:22:48,759] {dag.py:1852} INFO - Creating ORM DAG for example_external_task_marker_child
[2025-01-30 12:22:48,763] {logging_mixin.py:104} INFO - [2025-01-30 12:22:48,763] {dag.py:2306} INFO - Setting next_dagrun for example_external_task_marker_child to None
[2025-01-30 12:22:48,763] {logging_mixin.py:104} INFO - [2025-01-30 12:22:48,763] {dag.py:2306} INFO - Setting next_dagrun for example_external_task_marker_parent to None
[2025-01-30 12:22:48,773] {scheduler_job.py:190} INFO - Processing /home/airflow/.local/lib/python3.6/site-packages/airflow/example_dags/example_external_task_marker_dag.py took 1.907 seconds
[2025-01-30 12:23:19,624] {scheduler_job.py:182} INFO - Started process (PID=489) to work on /home/airflow/.local/lib/python3.6/site-packages/airflow/example_dags/example_external_task_marker_dag.py
[2025-01-30 12:23:19,625] {scheduler_job.py:633} INFO - Processing file /home/airflow/.local/lib/python3.6/site-packages/airflow/example_dags/example_external_task_marker_dag.py for tasks to queue
[2025-01-30 12:23:19,626] {logging_mixin.py:104} INFO - [2025-01-30 12:23:19,626] {dagbag.py:496} INFO - Filling up the DagBag from /home/airflow/.local/lib/python3.6/site-packages/airflow/example_dags/example_external_task_marker_dag.py
[2025-01-30 12:23:19,644] {scheduler_job.py:643} INFO - DAG(s) dict_keys(['example_external_task_marker_parent', 'example_external_task_marker_child']) retrieved from /home/airflow/.local/lib/python3.6/site-packages/airflow/example_dags/example_external_task_marker_dag.py
[2025-01-30 12:23:19,942] {logging_mixin.py:104} INFO - [2025-01-30 12:23:19,942] {dag.py:1833} INFO - Sync 2 DAGs
[2025-01-30 12:23:19,962] {logging_mixin.py:104} INFO - [2025-01-30 12:23:19,962] {dag.py:2306} INFO - Setting next_dagrun for example_external_task_marker_child to None
[2025-01-30 12:23:19,963] {logging_mixin.py:104} INFO - [2025-01-30 12:23:19,963] {dag.py:2306} INFO - Setting next_dagrun for example_external_task_marker_parent to None
[2025-01-30 12:23:20,010] {scheduler_job.py:190} INFO - Processing /home/airflow/.local/lib/python3.6/site-packages/airflow/example_dags/example_external_task_marker_dag.py took 0.391 seconds
[2025-01-30 12:23:50,085] {scheduler_job.py:182} INFO - Started process (PID=541) to work on /home/airflow/.local/lib/python3.6/site-packages/airflow/example_dags/example_external_task_marker_dag.py
[2025-01-30 12:23:50,087] {scheduler_job.py:633} INFO - Processing file /home/airflow/.local/lib/python3.6/site-packages/airflow/example_dags/example_external_task_marker_dag.py for tasks to queue
[2025-01-30 12:23:50,087] {logging_mixin.py:104} INFO - [2025-01-30 12:23:50,087] {dagbag.py:496} INFO - Filling up the DagBag from /home/airflow/.local/lib/python3.6/site-packages/airflow/example_dags/example_external_task_marker_dag.py
[2025-01-30 12:23:50,104] {scheduler_job.py:643} INFO - DAG(s) dict_keys(['example_external_task_marker_parent', 'example_external_task_marker_child']) retrieved from /home/airflow/.local/lib/python3.6/site-packages/airflow/example_dags/example_external_task_marker_dag.py
[2025-01-30 12:23:50,141] {logging_mixin.py:104} INFO - [2025-01-30 12:23:50,140] {dag.py:1833} INFO - Sync 2 DAGs
[2025-01-30 12:23:50,163] {logging_mixin.py:104} INFO - [2025-01-30 12:23:50,163] {dag.py:2306} INFO - Setting next_dagrun for example_external_task_marker_child to None
[2025-01-30 12:23:50,165] {logging_mixin.py:104} INFO - [2025-01-30 12:23:50,164] {dag.py:2306} INFO - Setting next_dagrun for example_external_task_marker_parent to None
[2025-01-30 12:23:50,208] {scheduler_job.py:190} INFO - Processing /home/airflow/.local/lib/python3.6/site-packages/airflow/example_dags/example_external_task_marker_dag.py took 0.127 seconds
[2025-01-30 12:24:20,256] {scheduler_job.py:182} INFO - Started process (PID=601) to work on /home/airflow/.local/lib/python3.6/site-packages/airflow/example_dags/example_external_task_marker_dag.py
[2025-01-30 12:24:20,279] {scheduler_job.py:633} INFO - Processing file /home/airflow/.local/lib/python3.6/site-packages/airflow/example_dags/example_external_task_marker_dag.py for tasks to queue
[2025-01-30 12:24:20,280] {logging_mixin.py:104} INFO - [2025-01-30 12:24:20,280] {dagbag.py:496} INFO - Filling up the DagBag from /home/airflow/.local/lib/python3.6/site-packages/airflow/example_dags/example_external_task_marker_dag.py
[2025-01-30 12:24:20,296] {scheduler_job.py:643} INFO - DAG(s) dict_keys(['example_external_task_marker_parent', 'example_external_task_marker_child']) retrieved from /home/airflow/.local/lib/python3.6/site-packages/airflow/example_dags/example_external_task_marker_dag.py
[2025-01-30 12:24:20,325] {logging_mixin.py:104} INFO - [2025-01-30 12:24:20,325] {dag.py:1833} INFO - Sync 2 DAGs
[2025-01-30 12:24:20,344] {logging_mixin.py:104} INFO - [2025-01-30 12:24:20,344] {dag.py:2306} INFO - Setting next_dagrun for example_external_task_marker_child to None
[2025-01-30 12:24:20,345] {logging_mixin.py:104} INFO - [2025-01-30 12:24:20,345] {dag.py:2306} INFO - Setting next_dagrun for example_external_task_marker_parent to None
[2025-01-30 12:24:20,356] {scheduler_job.py:190} INFO - Processing /home/airflow/.local/lib/python3.6/site-packages/airflow/example_dags/example_external_task_marker_dag.py took 0.104 seconds
[2025-01-30 12:24:59,578] {scheduler_job.py:182} INFO - Started process (PID=53) to work on /home/airflow/.local/lib/python3.6/site-packages/airflow/example_dags/example_external_task_marker_dag.py
[2025-01-30 12:24:59,580] {scheduler_job.py:633} INFO - Processing file /home/airflow/.local/lib/python3.6/site-packages/airflow/example_dags/example_external_task_marker_dag.py for tasks to queue
[2025-01-30 12:24:59,581] {logging_mixin.py:104} INFO - [2025-01-30 12:24:59,581] {dagbag.py:496} INFO - Filling up the DagBag from /home/airflow/.local/lib/python3.6/site-packages/airflow/example_dags/example_external_task_marker_dag.py
[2025-01-30 12:24:59,601] {scheduler_job.py:643} INFO - DAG(s) dict_keys(['example_external_task_marker_parent', 'example_external_task_marker_child']) retrieved from /home/airflow/.local/lib/python3.6/site-packages/airflow/example_dags/example_external_task_marker_dag.py
[2025-01-30 12:24:59,917] {logging_mixin.py:104} INFO - [2025-01-30 12:24:59,916] {dag.py:1833} INFO - Sync 2 DAGs
[2025-01-30 12:24:59,939] {logging_mixin.py:104} INFO - [2025-01-30 12:24:59,938] {dag.py:2306} INFO - Setting next_dagrun for example_external_task_marker_child to None
[2025-01-30 12:24:59,940] {logging_mixin.py:104} INFO - [2025-01-30 12:24:59,940] {dag.py:2306} INFO - Setting next_dagrun for example_external_task_marker_parent to None
[2025-01-30 12:24:59,987] {scheduler_job.py:190} INFO - Processing /home/airflow/.local/lib/python3.6/site-packages/airflow/example_dags/example_external_task_marker_dag.py took 0.414 seconds
[2025-01-30 12:25:30,385] {scheduler_job.py:182} INFO - Started process (PID=107) to work on /home/airflow/.local/lib/python3.6/site-packages/airflow/example_dags/example_external_task_marker_dag.py
[2025-01-30 12:25:30,386] {scheduler_job.py:633} INFO - Processing file /home/airflow/.local/lib/python3.6/site-packages/airflow/example_dags/example_external_task_marker_dag.py for tasks to queue
[2025-01-30 12:25:30,387] {logging_mixin.py:104} INFO - [2025-01-30 12:25:30,387] {dagbag.py:496} INFO - Filling up the DagBag from /home/airflow/.local/lib/python3.6/site-packages/airflow/example_dags/example_external_task_marker_dag.py
[2025-01-30 12:25:30,403] {scheduler_job.py:643} INFO - DAG(s) dict_keys(['example_external_task_marker_parent', 'example_external_task_marker_child']) retrieved from /home/airflow/.local/lib/python3.6/site-packages/airflow/example_dags/example_external_task_marker_dag.py
[2025-01-30 12:25:30,647] {logging_mixin.py:104} INFO - [2025-01-30 12:25:30,647] {dag.py:1833} INFO - Sync 2 DAGs
[2025-01-30 12:25:30,661] {logging_mixin.py:104} INFO - [2025-01-30 12:25:30,661] {dag.py:2306} INFO - Setting next_dagrun for example_external_task_marker_child to None
[2025-01-30 12:25:30,662] {logging_mixin.py:104} INFO - [2025-01-30 12:25:30,662] {dag.py:2306} INFO - Setting next_dagrun for example_external_task_marker_parent to None
[2025-01-30 12:25:30,673] {scheduler_job.py:190} INFO - Processing /home/airflow/.local/lib/python3.6/site-packages/airflow/example_dags/example_external_task_marker_dag.py took 0.292 seconds
[2025-01-30 12:26:01,075] {scheduler_job.py:182} INFO - Started process (PID=158) to work on /home/airflow/.local/lib/python3.6/site-packages/airflow/example_dags/example_external_task_marker_dag.py
[2025-01-30 12:26:01,076] {scheduler_job.py:633} INFO - Processing file /home/airflow/.local/lib/python3.6/site-packages/airflow/example_dags/example_external_task_marker_dag.py for tasks to queue
[2025-01-30 12:26:01,077] {logging_mixin.py:104} INFO - [2025-01-30 12:26:01,077] {dagbag.py:496} INFO - Filling up the DagBag from /home/airflow/.local/lib/python3.6/site-packages/airflow/example_dags/example_external_task_marker_dag.py
[2025-01-30 12:26:01,093] {scheduler_job.py:643} INFO - DAG(s) dict_keys(['example_external_task_marker_parent', 'example_external_task_marker_child']) retrieved from /home/airflow/.local/lib/python3.6/site-packages/airflow/example_dags/example_external_task_marker_dag.py
[2025-01-30 12:26:01,375] {logging_mixin.py:104} INFO - [2025-01-30 12:26:01,375] {dag.py:1833} INFO - Sync 2 DAGs
[2025-01-30 12:26:01,392] {logging_mixin.py:104} INFO - [2025-01-30 12:26:01,392] {dag.py:2306} INFO - Setting next_dagrun for example_external_task_marker_child to None
[2025-01-30 12:26:01,393] {logging_mixin.py:104} INFO - [2025-01-30 12:26:01,393] {dag.py:2306} INFO - Setting next_dagrun for example_external_task_marker_parent to None
[2025-01-30 12:26:01,436] {scheduler_job.py:190} INFO - Processing /home/airflow/.local/lib/python3.6/site-packages/airflow/example_dags/example_external_task_marker_dag.py took 0.365 seconds
[2025-01-30 12:26:31,854] {scheduler_job.py:182} INFO - Started process (PID=218) to work on /home/airflow/.local/lib/python3.6/site-packages/airflow/example_dags/example_external_task_marker_dag.py
[2025-01-30 12:26:31,855] {scheduler_job.py:633} INFO - Processing file /home/airflow/.local/lib/python3.6/site-packages/airflow/example_dags/example_external_task_marker_dag.py for tasks to queue
[2025-01-30 12:26:31,856] {logging_mixin.py:104} INFO - [2025-01-30 12:26:31,856] {dagbag.py:496} INFO - Filling up the DagBag from /home/airflow/.local/lib/python3.6/site-packages/airflow/example_dags/example_external_task_marker_dag.py
[2025-01-30 12:26:31,876] {scheduler_job.py:643} INFO - DAG(s) dict_keys(['example_external_task_marker_parent', 'example_external_task_marker_child']) retrieved from /home/airflow/.local/lib/python3.6/site-packages/airflow/example_dags/example_external_task_marker_dag.py
[2025-01-30 12:26:32,210] {logging_mixin.py:104} INFO - [2025-01-30 12:26:32,209] {dag.py:1833} INFO - Sync 2 DAGs
[2025-01-30 12:26:32,232] {logging_mixin.py:104} INFO - [2025-01-30 12:26:32,232] {dag.py:2306} INFO - Setting next_dagrun for example_external_task_marker_child to None
[2025-01-30 12:26:32,233] {logging_mixin.py:104} INFO - [2025-01-30 12:26:32,233] {dag.py:2306} INFO - Setting next_dagrun for example_external_task_marker_parent to None
[2025-01-30 12:26:32,250] {scheduler_job.py:190} INFO - Processing /home/airflow/.local/lib/python3.6/site-packages/airflow/example_dags/example_external_task_marker_dag.py took 0.402 seconds
[2025-01-30 12:27:02,704] {scheduler_job.py:182} INFO - Started process (PID=270) to work on /home/airflow/.local/lib/python3.6/site-packages/airflow/example_dags/example_external_task_marker_dag.py
[2025-01-30 12:27:02,705] {scheduler_job.py:633} INFO - Processing file /home/airflow/.local/lib/python3.6/site-packages/airflow/example_dags/example_external_task_marker_dag.py for tasks to queue
[2025-01-30 12:27:02,706] {logging_mixin.py:104} INFO - [2025-01-30 12:27:02,706] {dagbag.py:496} INFO - Filling up the DagBag from /home/airflow/.local/lib/python3.6/site-packages/airflow/example_dags/example_external_task_marker_dag.py
[2025-01-30 12:27:02,722] {scheduler_job.py:643} INFO - DAG(s) dict_keys(['example_external_task_marker_parent', 'example_external_task_marker_child']) retrieved from /home/airflow/.local/lib/python3.6/site-packages/airflow/example_dags/example_external_task_marker_dag.py
[2025-01-30 12:27:03,008] {logging_mixin.py:104} INFO - [2025-01-30 12:27:03,007] {dag.py:1833} INFO - Sync 2 DAGs
[2025-01-30 12:27:03,026] {logging_mixin.py:104} INFO - [2025-01-30 12:27:03,026] {dag.py:2306} INFO - Setting next_dagrun for example_external_task_marker_child to None
[2025-01-30 12:27:03,027] {logging_mixin.py:104} INFO - [2025-01-30 12:27:03,027] {dag.py:2306} INFO - Setting next_dagrun for example_external_task_marker_parent to None
[2025-01-30 12:27:03,071] {scheduler_job.py:190} INFO - Processing /home/airflow/.local/lib/python3.6/site-packages/airflow/example_dags/example_external_task_marker_dag.py took 0.371 seconds
[2025-01-30 12:27:33,426] {scheduler_job.py:182} INFO - Started process (PID=321) to work on /home/airflow/.local/lib/python3.6/site-packages/airflow/example_dags/example_external_task_marker_dag.py
[2025-01-30 12:27:33,428] {scheduler_job.py:633} INFO - Processing file /home/airflow/.local/lib/python3.6/site-packages/airflow/example_dags/example_external_task_marker_dag.py for tasks to queue
[2025-01-30 12:27:33,429] {logging_mixin.py:104} INFO - [2025-01-30 12:27:33,429] {dagbag.py:496} INFO - Filling up the DagBag from /home/airflow/.local/lib/python3.6/site-packages/airflow/example_dags/example_external_task_marker_dag.py
[2025-01-30 12:27:33,446] {scheduler_job.py:643} INFO - DAG(s) dict_keys(['example_external_task_marker_parent', 'example_external_task_marker_child']) retrieved from /home/airflow/.local/lib/python3.6/site-packages/airflow/example_dags/example_external_task_marker_dag.py
[2025-01-30 12:27:33,481] {logging_mixin.py:104} INFO - [2025-01-30 12:27:33,480] {dag.py:1833} INFO - Sync 2 DAGs
[2025-01-30 12:27:33,503] {logging_mixin.py:104} INFO - [2025-01-30 12:27:33,503] {dag.py:2306} INFO - Setting next_dagrun for example_external_task_marker_child to None
[2025-01-30 12:27:33,504] {logging_mixin.py:104} INFO - [2025-01-30 12:27:33,504] {dag.py:2306} INFO - Setting next_dagrun for example_external_task_marker_parent to None
[2025-01-30 12:27:33,518] {scheduler_job.py:190} INFO - Processing /home/airflow/.local/lib/python3.6/site-packages/airflow/example_dags/example_external_task_marker_dag.py took 0.096 seconds
[2025-01-30 12:28:04,399] {scheduler_job.py:182} INFO - Started process (PID=382) to work on /home/airflow/.local/lib/python3.6/site-packages/airflow/example_dags/example_external_task_marker_dag.py
[2025-01-30 12:28:04,400] {scheduler_job.py:633} INFO - Processing file /home/airflow/.local/lib/python3.6/site-packages/airflow/example_dags/example_external_task_marker_dag.py for tasks to queue
[2025-01-30 12:28:04,401] {logging_mixin.py:104} INFO - [2025-01-30 12:28:04,401] {dagbag.py:496} INFO - Filling up the DagBag from /home/airflow/.local/lib/python3.6/site-packages/airflow/example_dags/example_external_task_marker_dag.py
[2025-01-30 12:28:04,416] {scheduler_job.py:643} INFO - DAG(s) dict_keys(['example_external_task_marker_parent', 'example_external_task_marker_child']) retrieved from /home/airflow/.local/lib/python3.6/site-packages/airflow/example_dags/example_external_task_marker_dag.py
[2025-01-30 12:28:04,449] {logging_mixin.py:104} INFO - [2025-01-30 12:28:04,448] {dag.py:1833} INFO - Sync 2 DAGs
[2025-01-30 12:28:04,468] {logging_mixin.py:104} INFO - [2025-01-30 12:28:04,468] {dag.py:2306} INFO - Setting next_dagrun for example_external_task_marker_child to None
[2025-01-30 12:28:04,469] {logging_mixin.py:104} INFO - [2025-01-30 12:28:04,469] {dag.py:2306} INFO - Setting next_dagrun for example_external_task_marker_parent to None
[2025-01-30 12:28:04,482] {scheduler_job.py:190} INFO - Processing /home/airflow/.local/lib/python3.6/site-packages/airflow/example_dags/example_external_task_marker_dag.py took 0.087 seconds
[2025-01-30 12:28:34,923] {scheduler_job.py:182} INFO - Started process (PID=433) to work on /home/airflow/.local/lib/python3.6/site-packages/airflow/example_dags/example_external_task_marker_dag.py
[2025-01-30 12:28:34,924] {scheduler_job.py:633} INFO - Processing file /home/airflow/.local/lib/python3.6/site-packages/airflow/example_dags/example_external_task_marker_dag.py for tasks to queue
[2025-01-30 12:28:34,925] {logging_mixin.py:104} INFO - [2025-01-30 12:28:34,924] {dagbag.py:496} INFO - Filling up the DagBag from /home/airflow/.local/lib/python3.6/site-packages/airflow/example_dags/example_external_task_marker_dag.py
[2025-01-30 12:28:34,941] {scheduler_job.py:643} INFO - DAG(s) dict_keys(['example_external_task_marker_parent', 'example_external_task_marker_child']) retrieved from /home/airflow/.local/lib/python3.6/site-packages/airflow/example_dags/example_external_task_marker_dag.py
[2025-01-30 12:28:35,234] {logging_mixin.py:104} INFO - [2025-01-30 12:28:35,233] {dag.py:1833} INFO - Sync 2 DAGs
[2025-01-30 12:28:35,254] {logging_mixin.py:104} INFO - [2025-01-30 12:28:35,254] {dag.py:2306} INFO - Setting next_dagrun for example_external_task_marker_child to None
[2025-01-30 12:28:35,255] {logging_mixin.py:104} INFO - [2025-01-30 12:28:35,255] {dag.py:2306} INFO - Setting next_dagrun for example_external_task_marker_parent to None
[2025-01-30 12:28:35,271] {scheduler_job.py:190} INFO - Processing /home/airflow/.local/lib/python3.6/site-packages/airflow/example_dags/example_external_task_marker_dag.py took 0.353 seconds
[2025-01-30 12:29:05,438] {scheduler_job.py:182} INFO - Started process (PID=484) to work on /home/airflow/.local/lib/python3.6/site-packages/airflow/example_dags/example_external_task_marker_dag.py
[2025-01-30 12:29:05,439] {scheduler_job.py:633} INFO - Processing file /home/airflow/.local/lib/python3.6/site-packages/airflow/example_dags/example_external_task_marker_dag.py for tasks to queue
[2025-01-30 12:29:05,440] {logging_mixin.py:104} INFO - [2025-01-30 12:29:05,440] {dagbag.py:496} INFO - Filling up the DagBag from /home/airflow/.local/lib/python3.6/site-packages/airflow/example_dags/example_external_task_marker_dag.py
[2025-01-30 12:29:05,458] {scheduler_job.py:643} INFO - DAG(s) dict_keys(['example_external_task_marker_parent', 'example_external_task_marker_child']) retrieved from /home/airflow/.local/lib/python3.6/site-packages/airflow/example_dags/example_external_task_marker_dag.py
[2025-01-30 12:29:05,492] {logging_mixin.py:104} INFO - [2025-01-30 12:29:05,492] {dag.py:1833} INFO - Sync 2 DAGs
[2025-01-30 12:29:05,512] {logging_mixin.py:104} INFO - [2025-01-30 12:29:05,512] {dag.py:2306} INFO - Setting next_dagrun for example_external_task_marker_child to None
[2025-01-30 12:29:05,513] {logging_mixin.py:104} INFO - [2025-01-30 12:29:05,513] {dag.py:2306} INFO - Setting next_dagrun for example_external_task_marker_parent to None
[2025-01-30 12:29:05,526] {scheduler_job.py:190} INFO - Processing /home/airflow/.local/lib/python3.6/site-packages/airflow/example_dags/example_external_task_marker_dag.py took 0.093 seconds
[2025-01-30 12:29:36,511] {scheduler_job.py:182} INFO - Started process (PID=545) to work on /home/airflow/.local/lib/python3.6/site-packages/airflow/example_dags/example_external_task_marker_dag.py
[2025-01-30 12:29:36,512] {scheduler_job.py:633} INFO - Processing file /home/airflow/.local/lib/python3.6/site-packages/airflow/example_dags/example_external_task_marker_dag.py for tasks to queue
[2025-01-30 12:29:36,513] {logging_mixin.py:104} INFO - [2025-01-30 12:29:36,513] {dagbag.py:496} INFO - Filling up the DagBag from /home/airflow/.local/lib/python3.6/site-packages/airflow/example_dags/example_external_task_marker_dag.py
[2025-01-30 12:29:36,534] {scheduler_job.py:643} INFO - DAG(s) dict_keys(['example_external_task_marker_parent', 'example_external_task_marker_child']) retrieved from /home/airflow/.local/lib/python3.6/site-packages/airflow/example_dags/example_external_task_marker_dag.py
[2025-01-30 12:29:36,571] {logging_mixin.py:104} INFO - [2025-01-30 12:29:36,571] {dag.py:1833} INFO - Sync 2 DAGs
[2025-01-30 12:29:36,597] {logging_mixin.py:104} INFO - [2025-01-30 12:29:36,597] {dag.py:2306} INFO - Setting next_dagrun for example_external_task_marker_child to None
[2025-01-30 12:29:36,599] {logging_mixin.py:104} INFO - [2025-01-30 12:29:36,599] {dag.py:2306} INFO - Setting next_dagrun for example_external_task_marker_parent to None
[2025-01-30 12:29:36,612] {scheduler_job.py:190} INFO - Processing /home/airflow/.local/lib/python3.6/site-packages/airflow/example_dags/example_external_task_marker_dag.py took 0.106 seconds
[2025-01-30 12:30:07,099] {scheduler_job.py:182} INFO - Started process (PID=596) to work on /home/airflow/.local/lib/python3.6/site-packages/airflow/example_dags/example_external_task_marker_dag.py
[2025-01-30 12:30:07,100] {scheduler_job.py:633} INFO - Processing file /home/airflow/.local/lib/python3.6/site-packages/airflow/example_dags/example_external_task_marker_dag.py for tasks to queue
[2025-01-30 12:30:07,101] {logging_mixin.py:104} INFO - [2025-01-30 12:30:07,101] {dagbag.py:496} INFO - Filling up the DagBag from /home/airflow/.local/lib/python3.6/site-packages/airflow/example_dags/example_external_task_marker_dag.py
[2025-01-30 12:30:07,118] {scheduler_job.py:643} INFO - DAG(s) dict_keys(['example_external_task_marker_parent', 'example_external_task_marker_child']) retrieved from /home/airflow/.local/lib/python3.6/site-packages/airflow/example_dags/example_external_task_marker_dag.py
[2025-01-30 12:30:07,415] {logging_mixin.py:104} INFO - [2025-01-30 12:30:07,415] {dag.py:1833} INFO - Sync 2 DAGs
[2025-01-30 12:30:07,435] {logging_mixin.py:104} INFO - [2025-01-30 12:30:07,435] {dag.py:2306} INFO - Setting next_dagrun for example_external_task_marker_child to None
[2025-01-30 12:30:07,436] {logging_mixin.py:104} INFO - [2025-01-30 12:30:07,436] {dag.py:2306} INFO - Setting next_dagrun for example_external_task_marker_parent to None
[2025-01-30 12:30:07,480] {scheduler_job.py:190} INFO - Processing /home/airflow/.local/lib/python3.6/site-packages/airflow/example_dags/example_external_task_marker_dag.py took 0.385 seconds
[2025-01-30 12:30:37,679] {scheduler_job.py:182} INFO - Started process (PID=654) to work on /home/airflow/.local/lib/python3.6/site-packages/airflow/example_dags/example_external_task_marker_dag.py
[2025-01-30 12:30:37,681] {scheduler_job.py:633} INFO - Processing file /home/airflow/.local/lib/python3.6/site-packages/airflow/example_dags/example_external_task_marker_dag.py for tasks to queue
[2025-01-30 12:30:37,682] {logging_mixin.py:104} INFO - [2025-01-30 12:30:37,681] {dagbag.py:496} INFO - Filling up the DagBag from /home/airflow/.local/lib/python3.6/site-packages/airflow/example_dags/example_external_task_marker_dag.py
[2025-01-30 12:30:37,699] {scheduler_job.py:643} INFO - DAG(s) dict_keys(['example_external_task_marker_parent', 'example_external_task_marker_child']) retrieved from /home/airflow/.local/lib/python3.6/site-packages/airflow/example_dags/example_external_task_marker_dag.py
[2025-01-30 12:30:37,995] {logging_mixin.py:104} INFO - [2025-01-30 12:30:37,995] {dag.py:1833} INFO - Sync 2 DAGs
[2025-01-30 12:30:38,014] {logging_mixin.py:104} INFO - [2025-01-30 12:30:38,014] {dag.py:2306} INFO - Setting next_dagrun for example_external_task_marker_child to None
[2025-01-30 12:30:38,015] {logging_mixin.py:104} INFO - [2025-01-30 12:30:38,015] {dag.py:2306} INFO - Setting next_dagrun for example_external_task_marker_parent to None
[2025-01-30 12:30:38,061] {scheduler_job.py:190} INFO - Processing /home/airflow/.local/lib/python3.6/site-packages/airflow/example_dags/example_external_task_marker_dag.py took 0.387 seconds
[2025-01-30 12:31:08,534] {scheduler_job.py:182} INFO - Started process (PID=708) to work on /home/airflow/.local/lib/python3.6/site-packages/airflow/example_dags/example_external_task_marker_dag.py
[2025-01-30 12:31:08,535] {scheduler_job.py:633} INFO - Processing file /home/airflow/.local/lib/python3.6/site-packages/airflow/example_dags/example_external_task_marker_dag.py for tasks to queue
[2025-01-30 12:31:08,536] {logging_mixin.py:104} INFO - [2025-01-30 12:31:08,535] {dagbag.py:496} INFO - Filling up the DagBag from /home/airflow/.local/lib/python3.6/site-packages/airflow/example_dags/example_external_task_marker_dag.py
[2025-01-30 12:31:08,553] {scheduler_job.py:643} INFO - DAG(s) dict_keys(['example_external_task_marker_parent', 'example_external_task_marker_child']) retrieved from /home/airflow/.local/lib/python3.6/site-packages/airflow/example_dags/example_external_task_marker_dag.py
[2025-01-30 12:31:08,589] {logging_mixin.py:104} INFO - [2025-01-30 12:31:08,589] {dag.py:1833} INFO - Sync 2 DAGs
[2025-01-30 12:31:08,610] {logging_mixin.py:104} INFO - [2025-01-30 12:31:08,610] {dag.py:2306} INFO - Setting next_dagrun for example_external_task_marker_child to None
[2025-01-30 12:31:08,612] {logging_mixin.py:104} INFO - [2025-01-30 12:31:08,611] {dag.py:2306} INFO - Setting next_dagrun for example_external_task_marker_parent to None
[2025-01-30 12:31:08,626] {scheduler_job.py:190} INFO - Processing /home/airflow/.local/lib/python3.6/site-packages/airflow/example_dags/example_external_task_marker_dag.py took 0.097 seconds
[2025-01-30 12:31:39,262] {scheduler_job.py:182} INFO - Started process (PID=759) to work on /home/airflow/.local/lib/python3.6/site-packages/airflow/example_dags/example_external_task_marker_dag.py
[2025-01-30 12:31:39,263] {scheduler_job.py:633} INFO - Processing file /home/airflow/.local/lib/python3.6/site-packages/airflow/example_dags/example_external_task_marker_dag.py for tasks to queue
[2025-01-30 12:31:39,264] {logging_mixin.py:104} INFO - [2025-01-30 12:31:39,264] {dagbag.py:496} INFO - Filling up the DagBag from /home/airflow/.local/lib/python3.6/site-packages/airflow/example_dags/example_external_task_marker_dag.py
[2025-01-30 12:31:39,281] {scheduler_job.py:643} INFO - DAG(s) dict_keys(['example_external_task_marker_parent', 'example_external_task_marker_child']) retrieved from /home/airflow/.local/lib/python3.6/site-packages/airflow/example_dags/example_external_task_marker_dag.py
[2025-01-30 12:31:39,593] {logging_mixin.py:104} INFO - [2025-01-30 12:31:39,592] {dag.py:1833} INFO - Sync 2 DAGs
[2025-01-30 12:31:39,614] {logging_mixin.py:104} INFO - [2025-01-30 12:31:39,614] {dag.py:2306} INFO - Setting next_dagrun for example_external_task_marker_child to None
[2025-01-30 12:31:39,615] {logging_mixin.py:104} INFO - [2025-01-30 12:31:39,615] {dag.py:2306} INFO - Setting next_dagrun for example_external_task_marker_parent to None
[2025-01-30 12:31:39,664] {scheduler_job.py:190} INFO - Processing /home/airflow/.local/lib/python3.6/site-packages/airflow/example_dags/example_external_task_marker_dag.py took 0.406 seconds
[2025-01-30 12:32:10,528] {scheduler_job.py:182} INFO - Started process (PID=820) to work on /home/airflow/.local/lib/python3.6/site-packages/airflow/example_dags/example_external_task_marker_dag.py
[2025-01-30 12:32:10,530] {scheduler_job.py:633} INFO - Processing file /home/airflow/.local/lib/python3.6/site-packages/airflow/example_dags/example_external_task_marker_dag.py for tasks to queue
[2025-01-30 12:32:10,531] {logging_mixin.py:104} INFO - [2025-01-30 12:32:10,531] {dagbag.py:496} INFO - Filling up the DagBag from /home/airflow/.local/lib/python3.6/site-packages/airflow/example_dags/example_external_task_marker_dag.py
[2025-01-30 12:32:10,546] {scheduler_job.py:643} INFO - DAG(s) dict_keys(['example_external_task_marker_parent', 'example_external_task_marker_child']) retrieved from /home/airflow/.local/lib/python3.6/site-packages/airflow/example_dags/example_external_task_marker_dag.py
[2025-01-30 12:32:10,583] {logging_mixin.py:104} INFO - [2025-01-30 12:32:10,583] {dag.py:1833} INFO - Sync 2 DAGs
[2025-01-30 12:32:10,602] {logging_mixin.py:104} INFO - [2025-01-30 12:32:10,602] {dag.py:2306} INFO - Setting next_dagrun for example_external_task_marker_child to None
[2025-01-30 12:32:10,603] {logging_mixin.py:104} INFO - [2025-01-30 12:32:10,603] {dag.py:2306} INFO - Setting next_dagrun for example_external_task_marker_parent to None
[2025-01-30 12:32:10,615] {scheduler_job.py:190} INFO - Processing /home/airflow/.local/lib/python3.6/site-packages/airflow/example_dags/example_external_task_marker_dag.py took 0.091 seconds
[2025-01-30 12:32:41,013] {scheduler_job.py:182} INFO - Started process (PID=871) to work on /home/airflow/.local/lib/python3.6/site-packages/airflow/example_dags/example_external_task_marker_dag.py
[2025-01-30 12:32:41,014] {scheduler_job.py:633} INFO - Processing file /home/airflow/.local/lib/python3.6/site-packages/airflow/example_dags/example_external_task_marker_dag.py for tasks to queue
[2025-01-30 12:32:41,015] {logging_mixin.py:104} INFO - [2025-01-30 12:32:41,015] {dagbag.py:496} INFO - Filling up the DagBag from /home/airflow/.local/lib/python3.6/site-packages/airflow/example_dags/example_external_task_marker_dag.py
[2025-01-30 12:32:41,031] {scheduler_job.py:643} INFO - DAG(s) dict_keys(['example_external_task_marker_parent', 'example_external_task_marker_child']) retrieved from /home/airflow/.local/lib/python3.6/site-packages/airflow/example_dags/example_external_task_marker_dag.py
[2025-01-30 12:32:41,333] {logging_mixin.py:104} INFO - [2025-01-30 12:32:41,332] {dag.py:1833} INFO - Sync 2 DAGs
[2025-01-30 12:32:41,351] {logging_mixin.py:104} INFO - [2025-01-30 12:32:41,351] {dag.py:2306} INFO - Setting next_dagrun for example_external_task_marker_child to None
[2025-01-30 12:32:41,352] {logging_mixin.py:104} INFO - [2025-01-30 12:32:41,352] {dag.py:2306} INFO - Setting next_dagrun for example_external_task_marker_parent to None
[2025-01-30 12:32:41,398] {scheduler_job.py:190} INFO - Processing /home/airflow/.local/lib/python3.6/site-packages/airflow/example_dags/example_external_task_marker_dag.py took 0.389 seconds
[2025-01-30 12:33:11,652] {scheduler_job.py:182} INFO - Started process (PID=922) to work on /home/airflow/.local/lib/python3.6/site-packages/airflow/example_dags/example_external_task_marker_dag.py
[2025-01-30 12:33:11,653] {scheduler_job.py:633} INFO - Processing file /home/airflow/.local/lib/python3.6/site-packages/airflow/example_dags/example_external_task_marker_dag.py for tasks to queue
[2025-01-30 12:33:11,654] {logging_mixin.py:104} INFO - [2025-01-30 12:33:11,654] {dagbag.py:496} INFO - Filling up the DagBag from /home/airflow/.local/lib/python3.6/site-packages/airflow/example_dags/example_external_task_marker_dag.py
[2025-01-30 12:33:11,670] {scheduler_job.py:643} INFO - DAG(s) dict_keys(['example_external_task_marker_parent', 'example_external_task_marker_child']) retrieved from /home/airflow/.local/lib/python3.6/site-packages/airflow/example_dags/example_external_task_marker_dag.py
[2025-01-30 12:33:11,962] {logging_mixin.py:104} INFO - [2025-01-30 12:33:11,962] {dag.py:1833} INFO - Sync 2 DAGs
[2025-01-30 12:33:11,982] {logging_mixin.py:104} INFO - [2025-01-30 12:33:11,982] {dag.py:2306} INFO - Setting next_dagrun for example_external_task_marker_child to None
[2025-01-30 12:33:11,983] {logging_mixin.py:104} INFO - [2025-01-30 12:33:11,983] {dag.py:2306} INFO - Setting next_dagrun for example_external_task_marker_parent to None
[2025-01-30 12:33:11,998] {scheduler_job.py:190} INFO - Processing /home/airflow/.local/lib/python3.6/site-packages/airflow/example_dags/example_external_task_marker_dag.py took 0.351 seconds
[2025-01-30 12:33:42,316] {scheduler_job.py:182} INFO - Started process (PID=983) to work on /home/airflow/.local/lib/python3.6/site-packages/airflow/example_dags/example_external_task_marker_dag.py
[2025-01-30 12:33:42,318] {scheduler_job.py:633} INFO - Processing file /home/airflow/.local/lib/python3.6/site-packages/airflow/example_dags/example_external_task_marker_dag.py for tasks to queue
[2025-01-30 12:33:42,318] {logging_mixin.py:104} INFO - [2025-01-30 12:33:42,318] {dagbag.py:496} INFO - Filling up the DagBag from /home/airflow/.local/lib/python3.6/site-packages/airflow/example_dags/example_external_task_marker_dag.py
[2025-01-30 12:33:42,334] {scheduler_job.py:643} INFO - DAG(s) dict_keys(['example_external_task_marker_parent', 'example_external_task_marker_child']) retrieved from /home/airflow/.local/lib/python3.6/site-packages/airflow/example_dags/example_external_task_marker_dag.py
[2025-01-30 12:33:42,614] {logging_mixin.py:104} INFO - [2025-01-30 12:33:42,614] {dag.py:1833} INFO - Sync 2 DAGs
[2025-01-30 12:33:42,632] {logging_mixin.py:104} INFO - [2025-01-30 12:33:42,632] {dag.py:2306} INFO - Setting next_dagrun for example_external_task_marker_child to None
[2025-01-30 12:33:42,633] {logging_mixin.py:104} INFO - [2025-01-30 12:33:42,633] {dag.py:2306} INFO - Setting next_dagrun for example_external_task_marker_parent to None
[2025-01-30 12:33:42,648] {scheduler_job.py:190} INFO - Processing /home/airflow/.local/lib/python3.6/site-packages/airflow/example_dags/example_external_task_marker_dag.py took 0.335 seconds
