[2025-01-30 12:22:25,669] {scheduler_job.py:182} INFO - Started process (PID=44) to work on /home/airflow/.local/lib/python3.6/site-packages/airflow/example_dags/example_python_operator.py
[2025-01-30 12:22:25,670] {scheduler_job.py:633} INFO - Processing file /home/airflow/.local/lib/python3.6/site-packages/airflow/example_dags/example_python_operator.py for tasks to queue
[2025-01-30 12:22:25,670] {logging_mixin.py:104} INFO - [2025-01-30 12:22:25,670] {dagbag.py:496} INFO - Filling up the DagBag from /home/airflow/.local/lib/python3.6/site-packages/airflow/example_dags/example_python_operator.py
[2025-01-30 12:22:25,700] {scheduler_job.py:643} INFO - DAG(s) dict_keys(['example_python_operator']) retrieved from /home/airflow/.local/lib/python3.6/site-packages/airflow/example_dags/example_python_operator.py
[2025-01-30 12:22:31,341] {logging_mixin.py:104} INFO - [2025-01-30 12:22:31,340] {dag.py:1833} INFO - Sync 1 DAGs
[2025-01-30 12:22:31,354] {logging_mixin.py:104} INFO - [2025-01-30 12:22:31,352] {dag.py:1852} INFO - Creating ORM DAG for example_python_operator
[2025-01-30 12:22:31,359] {logging_mixin.py:104} INFO - [2025-01-30 12:22:31,359] {dag.py:2306} INFO - Setting next_dagrun for example_python_operator to None
[2025-01-30 12:22:31,372] {scheduler_job.py:190} INFO - Processing /home/airflow/.local/lib/python3.6/site-packages/airflow/example_dags/example_python_operator.py took 5.707 seconds
[2025-01-30 12:23:02,893] {scheduler_job.py:182} INFO - Started process (PID=465) to work on /home/airflow/.local/lib/python3.6/site-packages/airflow/example_dags/example_python_operator.py
[2025-01-30 12:23:02,894] {scheduler_job.py:633} INFO - Processing file /home/airflow/.local/lib/python3.6/site-packages/airflow/example_dags/example_python_operator.py for tasks to queue
[2025-01-30 12:23:02,895] {logging_mixin.py:104} INFO - [2025-01-30 12:23:02,895] {dagbag.py:496} INFO - Filling up the DagBag from /home/airflow/.local/lib/python3.6/site-packages/airflow/example_dags/example_python_operator.py
[2025-01-30 12:23:02,907] {scheduler_job.py:643} INFO - DAG(s) dict_keys(['example_python_operator']) retrieved from /home/airflow/.local/lib/python3.6/site-packages/airflow/example_dags/example_python_operator.py
[2025-01-30 12:23:02,926] {logging_mixin.py:104} INFO - [2025-01-30 12:23:02,926] {dag.py:1833} INFO - Sync 1 DAGs
[2025-01-30 12:23:02,940] {logging_mixin.py:104} INFO - [2025-01-30 12:23:02,940] {dag.py:2306} INFO - Setting next_dagrun for example_python_operator to None
[2025-01-30 12:23:02,950] {scheduler_job.py:190} INFO - Processing /home/airflow/.local/lib/python3.6/site-packages/airflow/example_dags/example_python_operator.py took 0.060 seconds
[2025-01-30 12:23:33,650] {scheduler_job.py:182} INFO - Started process (PID=513) to work on /home/airflow/.local/lib/python3.6/site-packages/airflow/example_dags/example_python_operator.py
[2025-01-30 12:23:33,652] {scheduler_job.py:633} INFO - Processing file /home/airflow/.local/lib/python3.6/site-packages/airflow/example_dags/example_python_operator.py for tasks to queue
[2025-01-30 12:23:33,653] {logging_mixin.py:104} INFO - [2025-01-30 12:23:33,653] {dagbag.py:496} INFO - Filling up the DagBag from /home/airflow/.local/lib/python3.6/site-packages/airflow/example_dags/example_python_operator.py
[2025-01-30 12:23:33,673] {scheduler_job.py:643} INFO - DAG(s) dict_keys(['example_python_operator']) retrieved from /home/airflow/.local/lib/python3.6/site-packages/airflow/example_dags/example_python_operator.py
[2025-01-30 12:23:33,705] {logging_mixin.py:104} INFO - [2025-01-30 12:23:33,705] {dag.py:1833} INFO - Sync 1 DAGs
[2025-01-30 12:23:33,728] {logging_mixin.py:104} INFO - [2025-01-30 12:23:33,728] {dag.py:2306} INFO - Setting next_dagrun for example_python_operator to None
[2025-01-30 12:23:33,773] {scheduler_job.py:190} INFO - Processing /home/airflow/.local/lib/python3.6/site-packages/airflow/example_dags/example_python_operator.py took 0.127 seconds
[2025-01-30 12:24:03,837] {scheduler_job.py:182} INFO - Started process (PID=564) to work on /home/airflow/.local/lib/python3.6/site-packages/airflow/example_dags/example_python_operator.py
[2025-01-30 12:24:03,839] {scheduler_job.py:633} INFO - Processing file /home/airflow/.local/lib/python3.6/site-packages/airflow/example_dags/example_python_operator.py for tasks to queue
[2025-01-30 12:24:03,839] {logging_mixin.py:104} INFO - [2025-01-30 12:24:03,839] {dagbag.py:496} INFO - Filling up the DagBag from /home/airflow/.local/lib/python3.6/site-packages/airflow/example_dags/example_python_operator.py
[2025-01-30 12:24:03,859] {scheduler_job.py:643} INFO - DAG(s) dict_keys(['example_python_operator']) retrieved from /home/airflow/.local/lib/python3.6/site-packages/airflow/example_dags/example_python_operator.py
[2025-01-30 12:24:03,891] {logging_mixin.py:104} INFO - [2025-01-30 12:24:03,891] {dag.py:1833} INFO - Sync 1 DAGs
[2025-01-30 12:24:03,912] {logging_mixin.py:104} INFO - [2025-01-30 12:24:03,912] {dag.py:2306} INFO - Setting next_dagrun for example_python_operator to None
[2025-01-30 12:24:03,927] {scheduler_job.py:190} INFO - Processing /home/airflow/.local/lib/python3.6/site-packages/airflow/example_dags/example_python_operator.py took 0.095 seconds
[2025-01-30 12:24:34,303] {scheduler_job.py:182} INFO - Started process (PID=625) to work on /home/airflow/.local/lib/python3.6/site-packages/airflow/example_dags/example_python_operator.py
[2025-01-30 12:24:34,306] {scheduler_job.py:633} INFO - Processing file /home/airflow/.local/lib/python3.6/site-packages/airflow/example_dags/example_python_operator.py for tasks to queue
[2025-01-30 12:24:34,307] {logging_mixin.py:104} INFO - [2025-01-30 12:24:34,306] {dagbag.py:496} INFO - Filling up the DagBag from /home/airflow/.local/lib/python3.6/site-packages/airflow/example_dags/example_python_operator.py
[2025-01-30 12:24:34,325] {scheduler_job.py:643} INFO - DAG(s) dict_keys(['example_python_operator']) retrieved from /home/airflow/.local/lib/python3.6/site-packages/airflow/example_dags/example_python_operator.py
[2025-01-30 12:24:34,358] {logging_mixin.py:104} INFO - [2025-01-30 12:24:34,358] {dag.py:1833} INFO - Sync 1 DAGs
[2025-01-30 12:24:34,381] {logging_mixin.py:104} INFO - [2025-01-30 12:24:34,381] {dag.py:2306} INFO - Setting next_dagrun for example_python_operator to None
[2025-01-30 12:24:34,394] {scheduler_job.py:190} INFO - Processing /home/airflow/.local/lib/python3.6/site-packages/airflow/example_dags/example_python_operator.py took 0.095 seconds
[2025-01-30 12:24:58,436] {scheduler_job.py:182} INFO - Started process (PID=33) to work on /home/airflow/.local/lib/python3.6/site-packages/airflow/example_dags/example_python_operator.py
[2025-01-30 12:24:58,437] {scheduler_job.py:633} INFO - Processing file /home/airflow/.local/lib/python3.6/site-packages/airflow/example_dags/example_python_operator.py for tasks to queue
[2025-01-30 12:24:58,438] {logging_mixin.py:104} INFO - [2025-01-30 12:24:58,438] {dagbag.py:496} INFO - Filling up the DagBag from /home/airflow/.local/lib/python3.6/site-packages/airflow/example_dags/example_python_operator.py
[2025-01-30 12:24:58,459] {scheduler_job.py:643} INFO - DAG(s) dict_keys(['example_python_operator']) retrieved from /home/airflow/.local/lib/python3.6/site-packages/airflow/example_dags/example_python_operator.py
[2025-01-30 12:24:58,484] {logging_mixin.py:104} INFO - [2025-01-30 12:24:58,483] {dag.py:1833} INFO - Sync 1 DAGs
[2025-01-30 12:24:58,500] {logging_mixin.py:104} INFO - [2025-01-30 12:24:58,500] {dag.py:2306} INFO - Setting next_dagrun for example_python_operator to None
[2025-01-30 12:24:58,510] {scheduler_job.py:190} INFO - Processing /home/airflow/.local/lib/python3.6/site-packages/airflow/example_dags/example_python_operator.py took 0.079 seconds
[2025-01-30 12:25:29,254] {scheduler_job.py:182} INFO - Started process (PID=93) to work on /home/airflow/.local/lib/python3.6/site-packages/airflow/example_dags/example_python_operator.py
[2025-01-30 12:25:29,257] {scheduler_job.py:633} INFO - Processing file /home/airflow/.local/lib/python3.6/site-packages/airflow/example_dags/example_python_operator.py for tasks to queue
[2025-01-30 12:25:29,258] {logging_mixin.py:104} INFO - [2025-01-30 12:25:29,257] {dagbag.py:496} INFO - Filling up the DagBag from /home/airflow/.local/lib/python3.6/site-packages/airflow/example_dags/example_python_operator.py
[2025-01-30 12:25:29,284] {scheduler_job.py:643} INFO - DAG(s) dict_keys(['example_python_operator']) retrieved from /home/airflow/.local/lib/python3.6/site-packages/airflow/example_dags/example_python_operator.py
[2025-01-30 12:25:29,316] {logging_mixin.py:104} INFO - [2025-01-30 12:25:29,316] {dag.py:1833} INFO - Sync 1 DAGs
[2025-01-30 12:25:29,336] {logging_mixin.py:104} INFO - [2025-01-30 12:25:29,336] {dag.py:2306} INFO - Setting next_dagrun for example_python_operator to None
[2025-01-30 12:25:29,348] {scheduler_job.py:190} INFO - Processing /home/airflow/.local/lib/python3.6/site-packages/airflow/example_dags/example_python_operator.py took 0.099 seconds
[2025-01-30 12:25:59,794] {scheduler_job.py:182} INFO - Started process (PID=144) to work on /home/airflow/.local/lib/python3.6/site-packages/airflow/example_dags/example_python_operator.py
[2025-01-30 12:25:59,796] {scheduler_job.py:633} INFO - Processing file /home/airflow/.local/lib/python3.6/site-packages/airflow/example_dags/example_python_operator.py for tasks to queue
[2025-01-30 12:25:59,797] {logging_mixin.py:104} INFO - [2025-01-30 12:25:59,796] {dagbag.py:496} INFO - Filling up the DagBag from /home/airflow/.local/lib/python3.6/site-packages/airflow/example_dags/example_python_operator.py
[2025-01-30 12:25:59,816] {scheduler_job.py:643} INFO - DAG(s) dict_keys(['example_python_operator']) retrieved from /home/airflow/.local/lib/python3.6/site-packages/airflow/example_dags/example_python_operator.py
[2025-01-30 12:25:59,854] {logging_mixin.py:104} INFO - [2025-01-30 12:25:59,853] {dag.py:1833} INFO - Sync 1 DAGs
[2025-01-30 12:25:59,877] {logging_mixin.py:104} INFO - [2025-01-30 12:25:59,877] {dag.py:2306} INFO - Setting next_dagrun for example_python_operator to None
[2025-01-30 12:25:59,893] {scheduler_job.py:190} INFO - Processing /home/airflow/.local/lib/python3.6/site-packages/airflow/example_dags/example_python_operator.py took 0.105 seconds
[2025-01-30 12:26:30,593] {scheduler_job.py:182} INFO - Started process (PID=195) to work on /home/airflow/.local/lib/python3.6/site-packages/airflow/example_dags/example_python_operator.py
[2025-01-30 12:26:30,595] {scheduler_job.py:633} INFO - Processing file /home/airflow/.local/lib/python3.6/site-packages/airflow/example_dags/example_python_operator.py for tasks to queue
[2025-01-30 12:26:30,596] {logging_mixin.py:104} INFO - [2025-01-30 12:26:30,595] {dagbag.py:496} INFO - Filling up the DagBag from /home/airflow/.local/lib/python3.6/site-packages/airflow/example_dags/example_python_operator.py
[2025-01-30 12:26:30,617] {scheduler_job.py:643} INFO - DAG(s) dict_keys(['example_python_operator']) retrieved from /home/airflow/.local/lib/python3.6/site-packages/airflow/example_dags/example_python_operator.py
[2025-01-30 12:26:30,651] {logging_mixin.py:104} INFO - [2025-01-30 12:26:30,651] {dag.py:1833} INFO - Sync 1 DAGs
[2025-01-30 12:26:30,673] {logging_mixin.py:104} INFO - [2025-01-30 12:26:30,672] {dag.py:2306} INFO - Setting next_dagrun for example_python_operator to None
[2025-01-30 12:26:30,687] {scheduler_job.py:190} INFO - Processing /home/airflow/.local/lib/python3.6/site-packages/airflow/example_dags/example_python_operator.py took 0.100 seconds
[2025-01-30 12:27:01,472] {scheduler_job.py:182} INFO - Started process (PID=256) to work on /home/airflow/.local/lib/python3.6/site-packages/airflow/example_dags/example_python_operator.py
[2025-01-30 12:27:01,473] {scheduler_job.py:633} INFO - Processing file /home/airflow/.local/lib/python3.6/site-packages/airflow/example_dags/example_python_operator.py for tasks to queue
[2025-01-30 12:27:01,474] {logging_mixin.py:104} INFO - [2025-01-30 12:27:01,474] {dagbag.py:496} INFO - Filling up the DagBag from /home/airflow/.local/lib/python3.6/site-packages/airflow/example_dags/example_python_operator.py
[2025-01-30 12:27:01,494] {scheduler_job.py:643} INFO - DAG(s) dict_keys(['example_python_operator']) retrieved from /home/airflow/.local/lib/python3.6/site-packages/airflow/example_dags/example_python_operator.py
[2025-01-30 12:27:01,525] {logging_mixin.py:104} INFO - [2025-01-30 12:27:01,524] {dag.py:1833} INFO - Sync 1 DAGs
[2025-01-30 12:27:01,545] {logging_mixin.py:104} INFO - [2025-01-30 12:27:01,545] {dag.py:2306} INFO - Setting next_dagrun for example_python_operator to None
[2025-01-30 12:27:01,590] {scheduler_job.py:190} INFO - Processing /home/airflow/.local/lib/python3.6/site-packages/airflow/example_dags/example_python_operator.py took 0.122 seconds
[2025-01-30 12:27:32,102] {scheduler_job.py:182} INFO - Started process (PID=307) to work on /home/airflow/.local/lib/python3.6/site-packages/airflow/example_dags/example_python_operator.py
[2025-01-30 12:27:32,104] {scheduler_job.py:633} INFO - Processing file /home/airflow/.local/lib/python3.6/site-packages/airflow/example_dags/example_python_operator.py for tasks to queue
[2025-01-30 12:27:32,105] {logging_mixin.py:104} INFO - [2025-01-30 12:27:32,105] {dagbag.py:496} INFO - Filling up the DagBag from /home/airflow/.local/lib/python3.6/site-packages/airflow/example_dags/example_python_operator.py
[2025-01-30 12:27:32,124] {scheduler_job.py:643} INFO - DAG(s) dict_keys(['example_python_operator']) retrieved from /home/airflow/.local/lib/python3.6/site-packages/airflow/example_dags/example_python_operator.py
[2025-01-30 12:27:32,157] {logging_mixin.py:104} INFO - [2025-01-30 12:27:32,156] {dag.py:1833} INFO - Sync 1 DAGs
[2025-01-30 12:27:32,179] {logging_mixin.py:104} INFO - [2025-01-30 12:27:32,179] {dag.py:2306} INFO - Setting next_dagrun for example_python_operator to None
[2025-01-30 12:27:32,223] {scheduler_job.py:190} INFO - Processing /home/airflow/.local/lib/python3.6/site-packages/airflow/example_dags/example_python_operator.py took 0.126 seconds
[2025-01-30 12:28:02,270] {scheduler_job.py:182} INFO - Started process (PID=367) to work on /home/airflow/.local/lib/python3.6/site-packages/airflow/example_dags/example_python_operator.py
[2025-01-30 12:28:02,271] {scheduler_job.py:633} INFO - Processing file /home/airflow/.local/lib/python3.6/site-packages/airflow/example_dags/example_python_operator.py for tasks to queue
[2025-01-30 12:28:02,272] {logging_mixin.py:104} INFO - [2025-01-30 12:28:02,272] {dagbag.py:496} INFO - Filling up the DagBag from /home/airflow/.local/lib/python3.6/site-packages/airflow/example_dags/example_python_operator.py
[2025-01-30 12:28:02,291] {scheduler_job.py:643} INFO - DAG(s) dict_keys(['example_python_operator']) retrieved from /home/airflow/.local/lib/python3.6/site-packages/airflow/example_dags/example_python_operator.py
[2025-01-30 12:28:02,321] {logging_mixin.py:104} INFO - [2025-01-30 12:28:02,321] {dag.py:1833} INFO - Sync 1 DAGs
[2025-01-30 12:28:02,342] {logging_mixin.py:104} INFO - [2025-01-30 12:28:02,342] {dag.py:2306} INFO - Setting next_dagrun for example_python_operator to None
[2025-01-30 12:28:02,386] {scheduler_job.py:190} INFO - Processing /home/airflow/.local/lib/python3.6/site-packages/airflow/example_dags/example_python_operator.py took 0.121 seconds
[2025-01-30 12:28:32,648] {scheduler_job.py:182} INFO - Started process (PID=419) to work on /home/airflow/.local/lib/python3.6/site-packages/airflow/example_dags/example_python_operator.py
[2025-01-30 12:28:32,650] {scheduler_job.py:633} INFO - Processing file /home/airflow/.local/lib/python3.6/site-packages/airflow/example_dags/example_python_operator.py for tasks to queue
[2025-01-30 12:28:32,651] {logging_mixin.py:104} INFO - [2025-01-30 12:28:32,651] {dagbag.py:496} INFO - Filling up the DagBag from /home/airflow/.local/lib/python3.6/site-packages/airflow/example_dags/example_python_operator.py
[2025-01-30 12:28:32,669] {scheduler_job.py:643} INFO - DAG(s) dict_keys(['example_python_operator']) retrieved from /home/airflow/.local/lib/python3.6/site-packages/airflow/example_dags/example_python_operator.py
[2025-01-30 12:28:32,699] {logging_mixin.py:104} INFO - [2025-01-30 12:28:32,699] {dag.py:1833} INFO - Sync 1 DAGs
[2025-01-30 12:28:32,722] {logging_mixin.py:104} INFO - [2025-01-30 12:28:32,722] {dag.py:2306} INFO - Setting next_dagrun for example_python_operator to None
[2025-01-30 12:28:32,767] {scheduler_job.py:190} INFO - Processing /home/airflow/.local/lib/python3.6/site-packages/airflow/example_dags/example_python_operator.py took 0.122 seconds
[2025-01-30 12:29:03,273] {scheduler_job.py:182} INFO - Started process (PID=470) to work on /home/airflow/.local/lib/python3.6/site-packages/airflow/example_dags/example_python_operator.py
[2025-01-30 12:29:03,274] {scheduler_job.py:633} INFO - Processing file /home/airflow/.local/lib/python3.6/site-packages/airflow/example_dags/example_python_operator.py for tasks to queue
[2025-01-30 12:29:03,275] {logging_mixin.py:104} INFO - [2025-01-30 12:29:03,275] {dagbag.py:496} INFO - Filling up the DagBag from /home/airflow/.local/lib/python3.6/site-packages/airflow/example_dags/example_python_operator.py
[2025-01-30 12:29:03,293] {scheduler_job.py:643} INFO - DAG(s) dict_keys(['example_python_operator']) retrieved from /home/airflow/.local/lib/python3.6/site-packages/airflow/example_dags/example_python_operator.py
[2025-01-30 12:29:03,322] {logging_mixin.py:104} INFO - [2025-01-30 12:29:03,321] {dag.py:1833} INFO - Sync 1 DAGs
[2025-01-30 12:29:03,343] {logging_mixin.py:104} INFO - [2025-01-30 12:29:03,342] {dag.py:2306} INFO - Setting next_dagrun for example_python_operator to None
[2025-01-30 12:29:03,355] {scheduler_job.py:190} INFO - Processing /home/airflow/.local/lib/python3.6/site-packages/airflow/example_dags/example_python_operator.py took 0.087 seconds
[2025-01-30 12:29:34,184] {scheduler_job.py:182} INFO - Started process (PID=531) to work on /home/airflow/.local/lib/python3.6/site-packages/airflow/example_dags/example_python_operator.py
[2025-01-30 12:29:34,185] {scheduler_job.py:633} INFO - Processing file /home/airflow/.local/lib/python3.6/site-packages/airflow/example_dags/example_python_operator.py for tasks to queue
[2025-01-30 12:29:34,186] {logging_mixin.py:104} INFO - [2025-01-30 12:29:34,186] {dagbag.py:496} INFO - Filling up the DagBag from /home/airflow/.local/lib/python3.6/site-packages/airflow/example_dags/example_python_operator.py
[2025-01-30 12:29:34,205] {scheduler_job.py:643} INFO - DAG(s) dict_keys(['example_python_operator']) retrieved from /home/airflow/.local/lib/python3.6/site-packages/airflow/example_dags/example_python_operator.py
[2025-01-30 12:29:34,235] {logging_mixin.py:104} INFO - [2025-01-30 12:29:34,235] {dag.py:1833} INFO - Sync 1 DAGs
[2025-01-30 12:29:34,257] {logging_mixin.py:104} INFO - [2025-01-30 12:29:34,257] {dag.py:2306} INFO - Setting next_dagrun for example_python_operator to None
[2025-01-30 12:29:34,283] {scheduler_job.py:190} INFO - Processing /home/airflow/.local/lib/python3.6/site-packages/airflow/example_dags/example_python_operator.py took 0.103 seconds
[2025-01-30 12:30:04,944] {scheduler_job.py:182} INFO - Started process (PID=582) to work on /home/airflow/.local/lib/python3.6/site-packages/airflow/example_dags/example_python_operator.py
[2025-01-30 12:30:04,946] {scheduler_job.py:633} INFO - Processing file /home/airflow/.local/lib/python3.6/site-packages/airflow/example_dags/example_python_operator.py for tasks to queue
[2025-01-30 12:30:04,947] {logging_mixin.py:104} INFO - [2025-01-30 12:30:04,947] {dagbag.py:496} INFO - Filling up the DagBag from /home/airflow/.local/lib/python3.6/site-packages/airflow/example_dags/example_python_operator.py
[2025-01-30 12:30:04,966] {scheduler_job.py:643} INFO - DAG(s) dict_keys(['example_python_operator']) retrieved from /home/airflow/.local/lib/python3.6/site-packages/airflow/example_dags/example_python_operator.py
[2025-01-30 12:30:04,998] {logging_mixin.py:104} INFO - [2025-01-30 12:30:04,998] {dag.py:1833} INFO - Sync 1 DAGs
[2025-01-30 12:30:05,022] {logging_mixin.py:104} INFO - [2025-01-30 12:30:05,022] {dag.py:2306} INFO - Setting next_dagrun for example_python_operator to None
[2025-01-30 12:30:05,067] {scheduler_job.py:190} INFO - Processing /home/airflow/.local/lib/python3.6/site-packages/airflow/example_dags/example_python_operator.py took 0.127 seconds
[2025-01-30 12:30:35,682] {scheduler_job.py:182} INFO - Started process (PID=633) to work on /home/airflow/.local/lib/python3.6/site-packages/airflow/example_dags/example_python_operator.py
[2025-01-30 12:30:35,683] {scheduler_job.py:633} INFO - Processing file /home/airflow/.local/lib/python3.6/site-packages/airflow/example_dags/example_python_operator.py for tasks to queue
[2025-01-30 12:30:35,684] {logging_mixin.py:104} INFO - [2025-01-30 12:30:35,684] {dagbag.py:496} INFO - Filling up the DagBag from /home/airflow/.local/lib/python3.6/site-packages/airflow/example_dags/example_python_operator.py
[2025-01-30 12:30:35,701] {scheduler_job.py:643} INFO - DAG(s) dict_keys(['example_python_operator']) retrieved from /home/airflow/.local/lib/python3.6/site-packages/airflow/example_dags/example_python_operator.py
[2025-01-30 12:30:35,729] {logging_mixin.py:104} INFO - [2025-01-30 12:30:35,729] {dag.py:1833} INFO - Sync 1 DAGs
[2025-01-30 12:30:35,748] {logging_mixin.py:104} INFO - [2025-01-30 12:30:35,748] {dag.py:2306} INFO - Setting next_dagrun for example_python_operator to None
[2025-01-30 12:30:35,790] {scheduler_job.py:190} INFO - Processing /home/airflow/.local/lib/python3.6/site-packages/airflow/example_dags/example_python_operator.py took 0.112 seconds
[2025-01-30 12:31:06,276] {scheduler_job.py:182} INFO - Started process (PID=694) to work on /home/airflow/.local/lib/python3.6/site-packages/airflow/example_dags/example_python_operator.py
[2025-01-30 12:31:06,277] {scheduler_job.py:633} INFO - Processing file /home/airflow/.local/lib/python3.6/site-packages/airflow/example_dags/example_python_operator.py for tasks to queue
[2025-01-30 12:31:06,278] {logging_mixin.py:104} INFO - [2025-01-30 12:31:06,278] {dagbag.py:496} INFO - Filling up the DagBag from /home/airflow/.local/lib/python3.6/site-packages/airflow/example_dags/example_python_operator.py
[2025-01-30 12:31:06,297] {scheduler_job.py:643} INFO - DAG(s) dict_keys(['example_python_operator']) retrieved from /home/airflow/.local/lib/python3.6/site-packages/airflow/example_dags/example_python_operator.py
[2025-01-30 12:31:06,329] {logging_mixin.py:104} INFO - [2025-01-30 12:31:06,329] {dag.py:1833} INFO - Sync 1 DAGs
[2025-01-30 12:31:06,351] {logging_mixin.py:104} INFO - [2025-01-30 12:31:06,351] {dag.py:2306} INFO - Setting next_dagrun for example_python_operator to None
[2025-01-30 12:31:06,396] {scheduler_job.py:190} INFO - Processing /home/airflow/.local/lib/python3.6/site-packages/airflow/example_dags/example_python_operator.py took 0.124 seconds
[2025-01-30 12:31:36,893] {scheduler_job.py:182} INFO - Started process (PID=745) to work on /home/airflow/.local/lib/python3.6/site-packages/airflow/example_dags/example_python_operator.py
[2025-01-30 12:31:36,895] {scheduler_job.py:633} INFO - Processing file /home/airflow/.local/lib/python3.6/site-packages/airflow/example_dags/example_python_operator.py for tasks to queue
[2025-01-30 12:31:36,895] {logging_mixin.py:104} INFO - [2025-01-30 12:31:36,895] {dagbag.py:496} INFO - Filling up the DagBag from /home/airflow/.local/lib/python3.6/site-packages/airflow/example_dags/example_python_operator.py
[2025-01-30 12:31:36,915] {scheduler_job.py:643} INFO - DAG(s) dict_keys(['example_python_operator']) retrieved from /home/airflow/.local/lib/python3.6/site-packages/airflow/example_dags/example_python_operator.py
[2025-01-30 12:31:36,947] {logging_mixin.py:104} INFO - [2025-01-30 12:31:36,947] {dag.py:1833} INFO - Sync 1 DAGs
[2025-01-30 12:31:36,970] {logging_mixin.py:104} INFO - [2025-01-30 12:31:36,970] {dag.py:2306} INFO - Setting next_dagrun for example_python_operator to None
[2025-01-30 12:31:37,011] {scheduler_job.py:190} INFO - Processing /home/airflow/.local/lib/python3.6/site-packages/airflow/example_dags/example_python_operator.py took 0.122 seconds
[2025-01-30 12:32:07,197] {scheduler_job.py:182} INFO - Started process (PID=796) to work on /home/airflow/.local/lib/python3.6/site-packages/airflow/example_dags/example_python_operator.py
[2025-01-30 12:32:07,199] {scheduler_job.py:633} INFO - Processing file /home/airflow/.local/lib/python3.6/site-packages/airflow/example_dags/example_python_operator.py for tasks to queue
[2025-01-30 12:32:07,200] {logging_mixin.py:104} INFO - [2025-01-30 12:32:07,200] {dagbag.py:496} INFO - Filling up the DagBag from /home/airflow/.local/lib/python3.6/site-packages/airflow/example_dags/example_python_operator.py
[2025-01-30 12:32:07,217] {scheduler_job.py:643} INFO - DAG(s) dict_keys(['example_python_operator']) retrieved from /home/airflow/.local/lib/python3.6/site-packages/airflow/example_dags/example_python_operator.py
[2025-01-30 12:32:07,248] {logging_mixin.py:104} INFO - [2025-01-30 12:32:07,248] {dag.py:1833} INFO - Sync 1 DAGs
[2025-01-30 12:32:07,270] {logging_mixin.py:104} INFO - [2025-01-30 12:32:07,270] {dag.py:2306} INFO - Setting next_dagrun for example_python_operator to None
[2025-01-30 12:32:07,310] {scheduler_job.py:190} INFO - Processing /home/airflow/.local/lib/python3.6/site-packages/airflow/example_dags/example_python_operator.py took 0.118 seconds
[2025-01-30 12:32:37,838] {scheduler_job.py:182} INFO - Started process (PID=857) to work on /home/airflow/.local/lib/python3.6/site-packages/airflow/example_dags/example_python_operator.py
[2025-01-30 12:32:37,840] {scheduler_job.py:633} INFO - Processing file /home/airflow/.local/lib/python3.6/site-packages/airflow/example_dags/example_python_operator.py for tasks to queue
[2025-01-30 12:32:37,841] {logging_mixin.py:104} INFO - [2025-01-30 12:32:37,840] {dagbag.py:496} INFO - Filling up the DagBag from /home/airflow/.local/lib/python3.6/site-packages/airflow/example_dags/example_python_operator.py
[2025-01-30 12:32:37,860] {scheduler_job.py:643} INFO - DAG(s) dict_keys(['example_python_operator']) retrieved from /home/airflow/.local/lib/python3.6/site-packages/airflow/example_dags/example_python_operator.py
[2025-01-30 12:32:37,892] {logging_mixin.py:104} INFO - [2025-01-30 12:32:37,892] {dag.py:1833} INFO - Sync 1 DAGs
[2025-01-30 12:32:37,915] {logging_mixin.py:104} INFO - [2025-01-30 12:32:37,915] {dag.py:2306} INFO - Setting next_dagrun for example_python_operator to None
[2025-01-30 12:32:37,931] {scheduler_job.py:190} INFO - Processing /home/airflow/.local/lib/python3.6/site-packages/airflow/example_dags/example_python_operator.py took 0.098 seconds
[2025-01-30 12:33:08,644] {scheduler_job.py:182} INFO - Started process (PID=908) to work on /home/airflow/.local/lib/python3.6/site-packages/airflow/example_dags/example_python_operator.py
[2025-01-30 12:33:08,645] {scheduler_job.py:633} INFO - Processing file /home/airflow/.local/lib/python3.6/site-packages/airflow/example_dags/example_python_operator.py for tasks to queue
[2025-01-30 12:33:08,646] {logging_mixin.py:104} INFO - [2025-01-30 12:33:08,646] {dagbag.py:496} INFO - Filling up the DagBag from /home/airflow/.local/lib/python3.6/site-packages/airflow/example_dags/example_python_operator.py
[2025-01-30 12:33:08,662] {scheduler_job.py:643} INFO - DAG(s) dict_keys(['example_python_operator']) retrieved from /home/airflow/.local/lib/python3.6/site-packages/airflow/example_dags/example_python_operator.py
[2025-01-30 12:33:08,690] {logging_mixin.py:104} INFO - [2025-01-30 12:33:08,690] {dag.py:1833} INFO - Sync 1 DAGs
[2025-01-30 12:33:08,710] {logging_mixin.py:104} INFO - [2025-01-30 12:33:08,710] {dag.py:2306} INFO - Setting next_dagrun for example_python_operator to None
[2025-01-30 12:33:08,752] {scheduler_job.py:190} INFO - Processing /home/airflow/.local/lib/python3.6/site-packages/airflow/example_dags/example_python_operator.py took 0.112 seconds
[2025-01-30 12:33:39,026] {scheduler_job.py:182} INFO - Started process (PID=966) to work on /home/airflow/.local/lib/python3.6/site-packages/airflow/example_dags/example_python_operator.py
[2025-01-30 12:33:39,027] {scheduler_job.py:633} INFO - Processing file /home/airflow/.local/lib/python3.6/site-packages/airflow/example_dags/example_python_operator.py for tasks to queue
[2025-01-30 12:33:39,028] {logging_mixin.py:104} INFO - [2025-01-30 12:33:39,028] {dagbag.py:496} INFO - Filling up the DagBag from /home/airflow/.local/lib/python3.6/site-packages/airflow/example_dags/example_python_operator.py
[2025-01-30 12:33:39,048] {scheduler_job.py:643} INFO - DAG(s) dict_keys(['example_python_operator']) retrieved from /home/airflow/.local/lib/python3.6/site-packages/airflow/example_dags/example_python_operator.py
[2025-01-30 12:33:39,081] {logging_mixin.py:104} INFO - [2025-01-30 12:33:39,081] {dag.py:1833} INFO - Sync 1 DAGs
[2025-01-30 12:33:39,106] {logging_mixin.py:104} INFO - [2025-01-30 12:33:39,105] {dag.py:2306} INFO - Setting next_dagrun for example_python_operator to None
[2025-01-30 12:33:39,150] {scheduler_job.py:190} INFO - Processing /home/airflow/.local/lib/python3.6/site-packages/airflow/example_dags/example_python_operator.py took 0.129 seconds
