[2025-01-30 12:22:25,680] {scheduler_job.py:182} INFO - Started process (PID=45) to work on /home/airflow/.local/lib/python3.6/site-packages/airflow/example_dags/example_skip_dag.py
[2025-01-30 12:22:25,681] {scheduler_job.py:633} INFO - Processing file /home/airflow/.local/lib/python3.6/site-packages/airflow/example_dags/example_skip_dag.py for tasks to queue
[2025-01-30 12:22:25,682] {logging_mixin.py:104} INFO - [2025-01-30 12:22:25,682] {dagbag.py:496} INFO - Filling up the DagBag from /home/airflow/.local/lib/python3.6/site-packages/airflow/example_dags/example_skip_dag.py
[2025-01-30 12:22:25,701] {scheduler_job.py:643} INFO - DAG(s) dict_keys(['example_skip_dag']) retrieved from /home/airflow/.local/lib/python3.6/site-packages/airflow/example_dags/example_skip_dag.py
[2025-01-30 12:22:31,341] {logging_mixin.py:104} INFO - [2025-01-30 12:22:31,340] {dag.py:1833} INFO - Sync 1 DAGs
[2025-01-30 12:22:31,354] {logging_mixin.py:104} INFO - [2025-01-30 12:22:31,352] {dag.py:1852} INFO - Creating ORM DAG for example_skip_dag
[2025-01-30 12:22:31,360] {logging_mixin.py:104} INFO - [2025-01-30 12:22:31,359] {dag.py:2306} INFO - Setting next_dagrun for example_skip_dag to 2025-01-28 00:00:00+00:00
[2025-01-30 12:22:31,371] {scheduler_job.py:190} INFO - Processing /home/airflow/.local/lib/python3.6/site-packages/airflow/example_dags/example_skip_dag.py took 5.696 seconds
[2025-01-30 12:23:02,921] {scheduler_job.py:182} INFO - Started process (PID=466) to work on /home/airflow/.local/lib/python3.6/site-packages/airflow/example_dags/example_skip_dag.py
[2025-01-30 12:23:02,923] {scheduler_job.py:633} INFO - Processing file /home/airflow/.local/lib/python3.6/site-packages/airflow/example_dags/example_skip_dag.py for tasks to queue
[2025-01-30 12:23:02,923] {logging_mixin.py:104} INFO - [2025-01-30 12:23:02,923] {dagbag.py:496} INFO - Filling up the DagBag from /home/airflow/.local/lib/python3.6/site-packages/airflow/example_dags/example_skip_dag.py
[2025-01-30 12:23:02,933] {scheduler_job.py:643} INFO - DAG(s) dict_keys(['example_skip_dag']) retrieved from /home/airflow/.local/lib/python3.6/site-packages/airflow/example_dags/example_skip_dag.py
[2025-01-30 12:23:02,954] {logging_mixin.py:104} INFO - [2025-01-30 12:23:02,954] {dag.py:1833} INFO - Sync 1 DAGs
[2025-01-30 12:23:02,968] {logging_mixin.py:104} INFO - [2025-01-30 12:23:02,968] {dag.py:2306} INFO - Setting next_dagrun for example_skip_dag to 2025-01-28 00:00:00+00:00
[2025-01-30 12:23:02,976] {scheduler_job.py:190} INFO - Processing /home/airflow/.local/lib/python3.6/site-packages/airflow/example_dags/example_skip_dag.py took 0.057 seconds
[2025-01-30 12:23:33,659] {scheduler_job.py:182} INFO - Started process (PID=514) to work on /home/airflow/.local/lib/python3.6/site-packages/airflow/example_dags/example_skip_dag.py
[2025-01-30 12:23:33,660] {scheduler_job.py:633} INFO - Processing file /home/airflow/.local/lib/python3.6/site-packages/airflow/example_dags/example_skip_dag.py for tasks to queue
[2025-01-30 12:23:33,661] {logging_mixin.py:104} INFO - [2025-01-30 12:23:33,661] {dagbag.py:496} INFO - Filling up the DagBag from /home/airflow/.local/lib/python3.6/site-packages/airflow/example_dags/example_skip_dag.py
[2025-01-30 12:23:33,677] {scheduler_job.py:643} INFO - DAG(s) dict_keys(['example_skip_dag']) retrieved from /home/airflow/.local/lib/python3.6/site-packages/airflow/example_dags/example_skip_dag.py
[2025-01-30 12:23:33,708] {logging_mixin.py:104} INFO - [2025-01-30 12:23:33,708] {dag.py:1833} INFO - Sync 1 DAGs
[2025-01-30 12:23:33,729] {logging_mixin.py:104} INFO - [2025-01-30 12:23:33,729] {dag.py:2306} INFO - Setting next_dagrun for example_skip_dag to 2025-01-28 00:00:00+00:00
[2025-01-30 12:23:33,773] {scheduler_job.py:190} INFO - Processing /home/airflow/.local/lib/python3.6/site-packages/airflow/example_dags/example_skip_dag.py took 0.118 seconds
[2025-01-30 12:24:03,848] {scheduler_job.py:182} INFO - Started process (PID=565) to work on /home/airflow/.local/lib/python3.6/site-packages/airflow/example_dags/example_skip_dag.py
[2025-01-30 12:24:03,849] {scheduler_job.py:633} INFO - Processing file /home/airflow/.local/lib/python3.6/site-packages/airflow/example_dags/example_skip_dag.py for tasks to queue
[2025-01-30 12:24:03,850] {logging_mixin.py:104} INFO - [2025-01-30 12:24:03,850] {dagbag.py:496} INFO - Filling up the DagBag from /home/airflow/.local/lib/python3.6/site-packages/airflow/example_dags/example_skip_dag.py
[2025-01-30 12:24:03,867] {scheduler_job.py:643} INFO - DAG(s) dict_keys(['example_skip_dag']) retrieved from /home/airflow/.local/lib/python3.6/site-packages/airflow/example_dags/example_skip_dag.py
[2025-01-30 12:24:03,901] {logging_mixin.py:104} INFO - [2025-01-30 12:24:03,901] {dag.py:1833} INFO - Sync 1 DAGs
[2025-01-30 12:24:03,924] {logging_mixin.py:104} INFO - [2025-01-30 12:24:03,924] {dag.py:2306} INFO - Setting next_dagrun for example_skip_dag to 2025-01-28 00:00:00+00:00
[2025-01-30 12:24:03,939] {scheduler_job.py:190} INFO - Processing /home/airflow/.local/lib/python3.6/site-packages/airflow/example_dags/example_skip_dag.py took 0.096 seconds
[2025-01-30 12:24:34,312] {scheduler_job.py:182} INFO - Started process (PID=626) to work on /home/airflow/.local/lib/python3.6/site-packages/airflow/example_dags/example_skip_dag.py
[2025-01-30 12:24:34,314] {scheduler_job.py:633} INFO - Processing file /home/airflow/.local/lib/python3.6/site-packages/airflow/example_dags/example_skip_dag.py for tasks to queue
[2025-01-30 12:24:34,314] {logging_mixin.py:104} INFO - [2025-01-30 12:24:34,314] {dagbag.py:496} INFO - Filling up the DagBag from /home/airflow/.local/lib/python3.6/site-packages/airflow/example_dags/example_skip_dag.py
[2025-01-30 12:24:34,329] {scheduler_job.py:643} INFO - DAG(s) dict_keys(['example_skip_dag']) retrieved from /home/airflow/.local/lib/python3.6/site-packages/airflow/example_dags/example_skip_dag.py
[2025-01-30 12:24:34,358] {logging_mixin.py:104} INFO - [2025-01-30 12:24:34,358] {dag.py:1833} INFO - Sync 1 DAGs
[2025-01-30 12:24:34,380] {logging_mixin.py:104} INFO - [2025-01-30 12:24:34,380] {dag.py:2306} INFO - Setting next_dagrun for example_skip_dag to 2025-01-28 00:00:00+00:00
[2025-01-30 12:24:34,393] {scheduler_job.py:190} INFO - Processing /home/airflow/.local/lib/python3.6/site-packages/airflow/example_dags/example_skip_dag.py took 0.086 seconds
[2025-01-30 12:24:58,443] {scheduler_job.py:182} INFO - Started process (PID=34) to work on /home/airflow/.local/lib/python3.6/site-packages/airflow/example_dags/example_skip_dag.py
[2025-01-30 12:24:58,444] {scheduler_job.py:633} INFO - Processing file /home/airflow/.local/lib/python3.6/site-packages/airflow/example_dags/example_skip_dag.py for tasks to queue
[2025-01-30 12:24:58,445] {logging_mixin.py:104} INFO - [2025-01-30 12:24:58,445] {dagbag.py:496} INFO - Filling up the DagBag from /home/airflow/.local/lib/python3.6/site-packages/airflow/example_dags/example_skip_dag.py
[2025-01-30 12:24:58,459] {scheduler_job.py:643} INFO - DAG(s) dict_keys(['example_skip_dag']) retrieved from /home/airflow/.local/lib/python3.6/site-packages/airflow/example_dags/example_skip_dag.py
[2025-01-30 12:24:58,485] {logging_mixin.py:104} INFO - [2025-01-30 12:24:58,485] {dag.py:1833} INFO - Sync 1 DAGs
[2025-01-30 12:24:58,503] {logging_mixin.py:104} INFO - [2025-01-30 12:24:58,503] {dag.py:2306} INFO - Setting next_dagrun for example_skip_dag to 2025-01-28 00:00:00+00:00
[2025-01-30 12:24:58,513] {scheduler_job.py:190} INFO - Processing /home/airflow/.local/lib/python3.6/site-packages/airflow/example_dags/example_skip_dag.py took 0.074 seconds
[2025-01-30 12:25:29,262] {scheduler_job.py:182} INFO - Started process (PID=94) to work on /home/airflow/.local/lib/python3.6/site-packages/airflow/example_dags/example_skip_dag.py
[2025-01-30 12:25:29,264] {scheduler_job.py:633} INFO - Processing file /home/airflow/.local/lib/python3.6/site-packages/airflow/example_dags/example_skip_dag.py for tasks to queue
[2025-01-30 12:25:29,264] {logging_mixin.py:104} INFO - [2025-01-30 12:25:29,264] {dagbag.py:496} INFO - Filling up the DagBag from /home/airflow/.local/lib/python3.6/site-packages/airflow/example_dags/example_skip_dag.py
[2025-01-30 12:25:29,284] {scheduler_job.py:643} INFO - DAG(s) dict_keys(['example_skip_dag']) retrieved from /home/airflow/.local/lib/python3.6/site-packages/airflow/example_dags/example_skip_dag.py
[2025-01-30 12:25:29,316] {logging_mixin.py:104} INFO - [2025-01-30 12:25:29,316] {dag.py:1833} INFO - Sync 1 DAGs
[2025-01-30 12:25:29,337] {logging_mixin.py:104} INFO - [2025-01-30 12:25:29,337] {dag.py:2306} INFO - Setting next_dagrun for example_skip_dag to 2025-01-28 00:00:00+00:00
[2025-01-30 12:25:29,351] {scheduler_job.py:190} INFO - Processing /home/airflow/.local/lib/python3.6/site-packages/airflow/example_dags/example_skip_dag.py took 0.093 seconds
[2025-01-30 12:25:59,805] {scheduler_job.py:182} INFO - Started process (PID=145) to work on /home/airflow/.local/lib/python3.6/site-packages/airflow/example_dags/example_skip_dag.py
[2025-01-30 12:25:59,807] {scheduler_job.py:633} INFO - Processing file /home/airflow/.local/lib/python3.6/site-packages/airflow/example_dags/example_skip_dag.py for tasks to queue
[2025-01-30 12:25:59,808] {logging_mixin.py:104} INFO - [2025-01-30 12:25:59,807] {dagbag.py:496} INFO - Filling up the DagBag from /home/airflow/.local/lib/python3.6/site-packages/airflow/example_dags/example_skip_dag.py
[2025-01-30 12:25:59,825] {scheduler_job.py:643} INFO - DAG(s) dict_keys(['example_skip_dag']) retrieved from /home/airflow/.local/lib/python3.6/site-packages/airflow/example_dags/example_skip_dag.py
[2025-01-30 12:25:59,863] {logging_mixin.py:104} INFO - [2025-01-30 12:25:59,863] {dag.py:1833} INFO - Sync 1 DAGs
[2025-01-30 12:25:59,889] {logging_mixin.py:104} INFO - [2025-01-30 12:25:59,889] {dag.py:2306} INFO - Setting next_dagrun for example_skip_dag to 2025-01-28 00:00:00+00:00
[2025-01-30 12:25:59,904] {scheduler_job.py:190} INFO - Processing /home/airflow/.local/lib/python3.6/site-packages/airflow/example_dags/example_skip_dag.py took 0.105 seconds
[2025-01-30 12:26:30,600] {scheduler_job.py:182} INFO - Started process (PID=196) to work on /home/airflow/.local/lib/python3.6/site-packages/airflow/example_dags/example_skip_dag.py
[2025-01-30 12:26:30,602] {scheduler_job.py:633} INFO - Processing file /home/airflow/.local/lib/python3.6/site-packages/airflow/example_dags/example_skip_dag.py for tasks to queue
[2025-01-30 12:26:30,602] {logging_mixin.py:104} INFO - [2025-01-30 12:26:30,602] {dagbag.py:496} INFO - Filling up the DagBag from /home/airflow/.local/lib/python3.6/site-packages/airflow/example_dags/example_skip_dag.py
[2025-01-30 12:26:30,619] {scheduler_job.py:643} INFO - DAG(s) dict_keys(['example_skip_dag']) retrieved from /home/airflow/.local/lib/python3.6/site-packages/airflow/example_dags/example_skip_dag.py
[2025-01-30 12:26:30,653] {logging_mixin.py:104} INFO - [2025-01-30 12:26:30,652] {dag.py:1833} INFO - Sync 1 DAGs
[2025-01-30 12:26:30,674] {logging_mixin.py:104} INFO - [2025-01-30 12:26:30,674] {dag.py:2306} INFO - Setting next_dagrun for example_skip_dag to 2025-01-28 00:00:00+00:00
[2025-01-30 12:26:30,688] {scheduler_job.py:190} INFO - Processing /home/airflow/.local/lib/python3.6/site-packages/airflow/example_dags/example_skip_dag.py took 0.092 seconds
[2025-01-30 12:27:01,481] {scheduler_job.py:182} INFO - Started process (PID=257) to work on /home/airflow/.local/lib/python3.6/site-packages/airflow/example_dags/example_skip_dag.py
[2025-01-30 12:27:01,482] {scheduler_job.py:633} INFO - Processing file /home/airflow/.local/lib/python3.6/site-packages/airflow/example_dags/example_skip_dag.py for tasks to queue
[2025-01-30 12:27:01,483] {logging_mixin.py:104} INFO - [2025-01-30 12:27:01,483] {dagbag.py:496} INFO - Filling up the DagBag from /home/airflow/.local/lib/python3.6/site-packages/airflow/example_dags/example_skip_dag.py
[2025-01-30 12:27:01,499] {scheduler_job.py:643} INFO - DAG(s) dict_keys(['example_skip_dag']) retrieved from /home/airflow/.local/lib/python3.6/site-packages/airflow/example_dags/example_skip_dag.py
[2025-01-30 12:27:01,530] {logging_mixin.py:104} INFO - [2025-01-30 12:27:01,530] {dag.py:1833} INFO - Sync 1 DAGs
[2025-01-30 12:27:01,553] {logging_mixin.py:104} INFO - [2025-01-30 12:27:01,553] {dag.py:2306} INFO - Setting next_dagrun for example_skip_dag to 2025-01-28 00:00:00+00:00
[2025-01-30 12:27:01,591] {scheduler_job.py:190} INFO - Processing /home/airflow/.local/lib/python3.6/site-packages/airflow/example_dags/example_skip_dag.py took 0.115 seconds
[2025-01-30 12:27:32,112] {scheduler_job.py:182} INFO - Started process (PID=308) to work on /home/airflow/.local/lib/python3.6/site-packages/airflow/example_dags/example_skip_dag.py
[2025-01-30 12:27:32,114] {scheduler_job.py:633} INFO - Processing file /home/airflow/.local/lib/python3.6/site-packages/airflow/example_dags/example_skip_dag.py for tasks to queue
[2025-01-30 12:27:32,115] {logging_mixin.py:104} INFO - [2025-01-30 12:27:32,114] {dagbag.py:496} INFO - Filling up the DagBag from /home/airflow/.local/lib/python3.6/site-packages/airflow/example_dags/example_skip_dag.py
[2025-01-30 12:27:32,130] {scheduler_job.py:643} INFO - DAG(s) dict_keys(['example_skip_dag']) retrieved from /home/airflow/.local/lib/python3.6/site-packages/airflow/example_dags/example_skip_dag.py
[2025-01-30 12:27:32,162] {logging_mixin.py:104} INFO - [2025-01-30 12:27:32,162] {dag.py:1833} INFO - Sync 1 DAGs
[2025-01-30 12:27:32,185] {logging_mixin.py:104} INFO - [2025-01-30 12:27:32,185] {dag.py:2306} INFO - Setting next_dagrun for example_skip_dag to 2025-01-28 00:00:00+00:00
[2025-01-30 12:27:32,223] {scheduler_job.py:190} INFO - Processing /home/airflow/.local/lib/python3.6/site-packages/airflow/example_dags/example_skip_dag.py took 0.116 seconds
[2025-01-30 12:28:02,280] {scheduler_job.py:182} INFO - Started process (PID=368) to work on /home/airflow/.local/lib/python3.6/site-packages/airflow/example_dags/example_skip_dag.py
[2025-01-30 12:28:02,281] {scheduler_job.py:633} INFO - Processing file /home/airflow/.local/lib/python3.6/site-packages/airflow/example_dags/example_skip_dag.py for tasks to queue
[2025-01-30 12:28:02,282] {logging_mixin.py:104} INFO - [2025-01-30 12:28:02,282] {dagbag.py:496} INFO - Filling up the DagBag from /home/airflow/.local/lib/python3.6/site-packages/airflow/example_dags/example_skip_dag.py
[2025-01-30 12:28:02,299] {scheduler_job.py:643} INFO - DAG(s) dict_keys(['example_skip_dag']) retrieved from /home/airflow/.local/lib/python3.6/site-packages/airflow/example_dags/example_skip_dag.py
[2025-01-30 12:28:02,331] {logging_mixin.py:104} INFO - [2025-01-30 12:28:02,331] {dag.py:1833} INFO - Sync 1 DAGs
[2025-01-30 12:28:02,353] {logging_mixin.py:104} INFO - [2025-01-30 12:28:02,353] {dag.py:2306} INFO - Setting next_dagrun for example_skip_dag to 2025-01-28 00:00:00+00:00
[2025-01-30 12:28:02,387] {scheduler_job.py:190} INFO - Processing /home/airflow/.local/lib/python3.6/site-packages/airflow/example_dags/example_skip_dag.py took 0.113 seconds
[2025-01-30 12:28:32,658] {scheduler_job.py:182} INFO - Started process (PID=420) to work on /home/airflow/.local/lib/python3.6/site-packages/airflow/example_dags/example_skip_dag.py
[2025-01-30 12:28:32,660] {scheduler_job.py:633} INFO - Processing file /home/airflow/.local/lib/python3.6/site-packages/airflow/example_dags/example_skip_dag.py for tasks to queue
[2025-01-30 12:28:32,660] {logging_mixin.py:104} INFO - [2025-01-30 12:28:32,660] {dagbag.py:496} INFO - Filling up the DagBag from /home/airflow/.local/lib/python3.6/site-packages/airflow/example_dags/example_skip_dag.py
[2025-01-30 12:28:32,676] {scheduler_job.py:643} INFO - DAG(s) dict_keys(['example_skip_dag']) retrieved from /home/airflow/.local/lib/python3.6/site-packages/airflow/example_dags/example_skip_dag.py
[2025-01-30 12:28:32,707] {logging_mixin.py:104} INFO - [2025-01-30 12:28:32,706] {dag.py:1833} INFO - Sync 1 DAGs
[2025-01-30 12:28:32,729] {logging_mixin.py:104} INFO - [2025-01-30 12:28:32,729] {dag.py:2306} INFO - Setting next_dagrun for example_skip_dag to 2025-01-28 00:00:00+00:00
[2025-01-30 12:28:32,768] {scheduler_job.py:190} INFO - Processing /home/airflow/.local/lib/python3.6/site-packages/airflow/example_dags/example_skip_dag.py took 0.114 seconds
[2025-01-30 12:29:03,282] {scheduler_job.py:182} INFO - Started process (PID=471) to work on /home/airflow/.local/lib/python3.6/site-packages/airflow/example_dags/example_skip_dag.py
[2025-01-30 12:29:03,283] {scheduler_job.py:633} INFO - Processing file /home/airflow/.local/lib/python3.6/site-packages/airflow/example_dags/example_skip_dag.py for tasks to queue
[2025-01-30 12:29:03,284] {logging_mixin.py:104} INFO - [2025-01-30 12:29:03,283] {dagbag.py:496} INFO - Filling up the DagBag from /home/airflow/.local/lib/python3.6/site-packages/airflow/example_dags/example_skip_dag.py
[2025-01-30 12:29:03,300] {scheduler_job.py:643} INFO - DAG(s) dict_keys(['example_skip_dag']) retrieved from /home/airflow/.local/lib/python3.6/site-packages/airflow/example_dags/example_skip_dag.py
[2025-01-30 12:29:03,330] {logging_mixin.py:104} INFO - [2025-01-30 12:29:03,330] {dag.py:1833} INFO - Sync 1 DAGs
[2025-01-30 12:29:03,351] {logging_mixin.py:104} INFO - [2025-01-30 12:29:03,351] {dag.py:2306} INFO - Setting next_dagrun for example_skip_dag to 2025-01-28 00:00:00+00:00
[2025-01-30 12:29:03,364] {scheduler_job.py:190} INFO - Processing /home/airflow/.local/lib/python3.6/site-packages/airflow/example_dags/example_skip_dag.py took 0.087 seconds
[2025-01-30 12:29:34,193] {scheduler_job.py:182} INFO - Started process (PID=532) to work on /home/airflow/.local/lib/python3.6/site-packages/airflow/example_dags/example_skip_dag.py
[2025-01-30 12:29:34,195] {scheduler_job.py:633} INFO - Processing file /home/airflow/.local/lib/python3.6/site-packages/airflow/example_dags/example_skip_dag.py for tasks to queue
[2025-01-30 12:29:34,196] {logging_mixin.py:104} INFO - [2025-01-30 12:29:34,195] {dagbag.py:496} INFO - Filling up the DagBag from /home/airflow/.local/lib/python3.6/site-packages/airflow/example_dags/example_skip_dag.py
[2025-01-30 12:29:34,212] {scheduler_job.py:643} INFO - DAG(s) dict_keys(['example_skip_dag']) retrieved from /home/airflow/.local/lib/python3.6/site-packages/airflow/example_dags/example_skip_dag.py
[2025-01-30 12:29:34,244] {logging_mixin.py:104} INFO - [2025-01-30 12:29:34,244] {dag.py:1833} INFO - Sync 1 DAGs
[2025-01-30 12:29:34,269] {logging_mixin.py:104} INFO - [2025-01-30 12:29:34,269] {dag.py:2306} INFO - Setting next_dagrun for example_skip_dag to 2025-01-28 00:00:00+00:00
[2025-01-30 12:29:34,282] {scheduler_job.py:190} INFO - Processing /home/airflow/.local/lib/python3.6/site-packages/airflow/example_dags/example_skip_dag.py took 0.093 seconds
[2025-01-30 12:30:04,954] {scheduler_job.py:182} INFO - Started process (PID=583) to work on /home/airflow/.local/lib/python3.6/site-packages/airflow/example_dags/example_skip_dag.py
[2025-01-30 12:30:04,955] {scheduler_job.py:633} INFO - Processing file /home/airflow/.local/lib/python3.6/site-packages/airflow/example_dags/example_skip_dag.py for tasks to queue
[2025-01-30 12:30:04,956] {logging_mixin.py:104} INFO - [2025-01-30 12:30:04,956] {dagbag.py:496} INFO - Filling up the DagBag from /home/airflow/.local/lib/python3.6/site-packages/airflow/example_dags/example_skip_dag.py
[2025-01-30 12:30:04,971] {scheduler_job.py:643} INFO - DAG(s) dict_keys(['example_skip_dag']) retrieved from /home/airflow/.local/lib/python3.6/site-packages/airflow/example_dags/example_skip_dag.py
[2025-01-30 12:30:05,004] {logging_mixin.py:104} INFO - [2025-01-30 12:30:05,004] {dag.py:1833} INFO - Sync 1 DAGs
[2025-01-30 12:30:05,026] {logging_mixin.py:104} INFO - [2025-01-30 12:30:05,026] {dag.py:2306} INFO - Setting next_dagrun for example_skip_dag to 2025-01-28 00:00:00+00:00
[2025-01-30 12:30:05,067] {scheduler_job.py:190} INFO - Processing /home/airflow/.local/lib/python3.6/site-packages/airflow/example_dags/example_skip_dag.py took 0.117 seconds
[2025-01-30 12:30:35,690] {scheduler_job.py:182} INFO - Started process (PID=634) to work on /home/airflow/.local/lib/python3.6/site-packages/airflow/example_dags/example_skip_dag.py
[2025-01-30 12:30:35,691] {scheduler_job.py:633} INFO - Processing file /home/airflow/.local/lib/python3.6/site-packages/airflow/example_dags/example_skip_dag.py for tasks to queue
[2025-01-30 12:30:35,692] {logging_mixin.py:104} INFO - [2025-01-30 12:30:35,691] {dagbag.py:496} INFO - Filling up the DagBag from /home/airflow/.local/lib/python3.6/site-packages/airflow/example_dags/example_skip_dag.py
[2025-01-30 12:30:35,706] {scheduler_job.py:643} INFO - DAG(s) dict_keys(['example_skip_dag']) retrieved from /home/airflow/.local/lib/python3.6/site-packages/airflow/example_dags/example_skip_dag.py
[2025-01-30 12:30:35,739] {logging_mixin.py:104} INFO - [2025-01-30 12:30:35,739] {dag.py:1833} INFO - Sync 1 DAGs
[2025-01-30 12:30:35,760] {logging_mixin.py:104} INFO - [2025-01-30 12:30:35,759] {dag.py:2306} INFO - Setting next_dagrun for example_skip_dag to 2025-01-28 00:00:00+00:00
[2025-01-30 12:30:35,791] {scheduler_job.py:190} INFO - Processing /home/airflow/.local/lib/python3.6/site-packages/airflow/example_dags/example_skip_dag.py took 0.105 seconds
[2025-01-30 12:31:06,285] {scheduler_job.py:182} INFO - Started process (PID=695) to work on /home/airflow/.local/lib/python3.6/site-packages/airflow/example_dags/example_skip_dag.py
[2025-01-30 12:31:06,287] {scheduler_job.py:633} INFO - Processing file /home/airflow/.local/lib/python3.6/site-packages/airflow/example_dags/example_skip_dag.py for tasks to queue
[2025-01-30 12:31:06,287] {logging_mixin.py:104} INFO - [2025-01-30 12:31:06,287] {dagbag.py:496} INFO - Filling up the DagBag from /home/airflow/.local/lib/python3.6/site-packages/airflow/example_dags/example_skip_dag.py
[2025-01-30 12:31:06,304] {scheduler_job.py:643} INFO - DAG(s) dict_keys(['example_skip_dag']) retrieved from /home/airflow/.local/lib/python3.6/site-packages/airflow/example_dags/example_skip_dag.py
[2025-01-30 12:31:06,336] {logging_mixin.py:104} INFO - [2025-01-30 12:31:06,336] {dag.py:1833} INFO - Sync 1 DAGs
[2025-01-30 12:31:06,357] {logging_mixin.py:104} INFO - [2025-01-30 12:31:06,356] {dag.py:2306} INFO - Setting next_dagrun for example_skip_dag to 2025-01-28 00:00:00+00:00
[2025-01-30 12:31:06,396] {scheduler_job.py:190} INFO - Processing /home/airflow/.local/lib/python3.6/site-packages/airflow/example_dags/example_skip_dag.py took 0.116 seconds
[2025-01-30 12:31:36,903] {scheduler_job.py:182} INFO - Started process (PID=746) to work on /home/airflow/.local/lib/python3.6/site-packages/airflow/example_dags/example_skip_dag.py
[2025-01-30 12:31:36,904] {scheduler_job.py:633} INFO - Processing file /home/airflow/.local/lib/python3.6/site-packages/airflow/example_dags/example_skip_dag.py for tasks to queue
[2025-01-30 12:31:36,905] {logging_mixin.py:104} INFO - [2025-01-30 12:31:36,905] {dagbag.py:496} INFO - Filling up the DagBag from /home/airflow/.local/lib/python3.6/site-packages/airflow/example_dags/example_skip_dag.py
[2025-01-30 12:31:36,922] {scheduler_job.py:643} INFO - DAG(s) dict_keys(['example_skip_dag']) retrieved from /home/airflow/.local/lib/python3.6/site-packages/airflow/example_dags/example_skip_dag.py
[2025-01-30 12:31:36,957] {logging_mixin.py:104} INFO - [2025-01-30 12:31:36,956] {dag.py:1833} INFO - Sync 1 DAGs
[2025-01-30 12:31:36,983] {logging_mixin.py:104} INFO - [2025-01-30 12:31:36,982] {dag.py:2306} INFO - Setting next_dagrun for example_skip_dag to 2025-01-28 00:00:00+00:00
[2025-01-30 12:31:37,011] {scheduler_job.py:190} INFO - Processing /home/airflow/.local/lib/python3.6/site-packages/airflow/example_dags/example_skip_dag.py took 0.113 seconds
[2025-01-30 12:32:07,207] {scheduler_job.py:182} INFO - Started process (PID=797) to work on /home/airflow/.local/lib/python3.6/site-packages/airflow/example_dags/example_skip_dag.py
[2025-01-30 12:32:07,209] {scheduler_job.py:633} INFO - Processing file /home/airflow/.local/lib/python3.6/site-packages/airflow/example_dags/example_skip_dag.py for tasks to queue
[2025-01-30 12:32:07,210] {logging_mixin.py:104} INFO - [2025-01-30 12:32:07,209] {dagbag.py:496} INFO - Filling up the DagBag from /home/airflow/.local/lib/python3.6/site-packages/airflow/example_dags/example_skip_dag.py
[2025-01-30 12:32:07,225] {scheduler_job.py:643} INFO - DAG(s) dict_keys(['example_skip_dag']) retrieved from /home/airflow/.local/lib/python3.6/site-packages/airflow/example_dags/example_skip_dag.py
[2025-01-30 12:32:07,255] {logging_mixin.py:104} INFO - [2025-01-30 12:32:07,255] {dag.py:1833} INFO - Sync 1 DAGs
[2025-01-30 12:32:07,278] {logging_mixin.py:104} INFO - [2025-01-30 12:32:07,277] {dag.py:2306} INFO - Setting next_dagrun for example_skip_dag to 2025-01-28 00:00:00+00:00
[2025-01-30 12:32:07,311] {scheduler_job.py:190} INFO - Processing /home/airflow/.local/lib/python3.6/site-packages/airflow/example_dags/example_skip_dag.py took 0.109 seconds
[2025-01-30 12:32:37,847] {scheduler_job.py:182} INFO - Started process (PID=858) to work on /home/airflow/.local/lib/python3.6/site-packages/airflow/example_dags/example_skip_dag.py
[2025-01-30 12:32:37,849] {scheduler_job.py:633} INFO - Processing file /home/airflow/.local/lib/python3.6/site-packages/airflow/example_dags/example_skip_dag.py for tasks to queue
[2025-01-30 12:32:37,849] {logging_mixin.py:104} INFO - [2025-01-30 12:32:37,849] {dagbag.py:496} INFO - Filling up the DagBag from /home/airflow/.local/lib/python3.6/site-packages/airflow/example_dags/example_skip_dag.py
[2025-01-30 12:32:37,866] {scheduler_job.py:643} INFO - DAG(s) dict_keys(['example_skip_dag']) retrieved from /home/airflow/.local/lib/python3.6/site-packages/airflow/example_dags/example_skip_dag.py
[2025-01-30 12:32:37,899] {logging_mixin.py:104} INFO - [2025-01-30 12:32:37,899] {dag.py:1833} INFO - Sync 1 DAGs
[2025-01-30 12:32:37,921] {logging_mixin.py:104} INFO - [2025-01-30 12:32:37,921] {dag.py:2306} INFO - Setting next_dagrun for example_skip_dag to 2025-01-28 00:00:00+00:00
[2025-01-30 12:32:37,938] {scheduler_job.py:190} INFO - Processing /home/airflow/.local/lib/python3.6/site-packages/airflow/example_dags/example_skip_dag.py took 0.095 seconds
[2025-01-30 12:33:08,652] {scheduler_job.py:182} INFO - Started process (PID=909) to work on /home/airflow/.local/lib/python3.6/site-packages/airflow/example_dags/example_skip_dag.py
[2025-01-30 12:33:08,653] {scheduler_job.py:633} INFO - Processing file /home/airflow/.local/lib/python3.6/site-packages/airflow/example_dags/example_skip_dag.py for tasks to queue
[2025-01-30 12:33:08,654] {logging_mixin.py:104} INFO - [2025-01-30 12:33:08,654] {dagbag.py:496} INFO - Filling up the DagBag from /home/airflow/.local/lib/python3.6/site-packages/airflow/example_dags/example_skip_dag.py
[2025-01-30 12:33:08,668] {scheduler_job.py:643} INFO - DAG(s) dict_keys(['example_skip_dag']) retrieved from /home/airflow/.local/lib/python3.6/site-packages/airflow/example_dags/example_skip_dag.py
[2025-01-30 12:33:08,696] {logging_mixin.py:104} INFO - [2025-01-30 12:33:08,696] {dag.py:1833} INFO - Sync 1 DAGs
[2025-01-30 12:33:08,716] {logging_mixin.py:104} INFO - [2025-01-30 12:33:08,716] {dag.py:2306} INFO - Setting next_dagrun for example_skip_dag to 2025-01-28 00:00:00+00:00
[2025-01-30 12:33:08,752] {scheduler_job.py:190} INFO - Processing /home/airflow/.local/lib/python3.6/site-packages/airflow/example_dags/example_skip_dag.py took 0.105 seconds
[2025-01-30 12:33:39,035] {scheduler_job.py:182} INFO - Started process (PID=967) to work on /home/airflow/.local/lib/python3.6/site-packages/airflow/example_dags/example_skip_dag.py
[2025-01-30 12:33:39,036] {scheduler_job.py:633} INFO - Processing file /home/airflow/.local/lib/python3.6/site-packages/airflow/example_dags/example_skip_dag.py for tasks to queue
[2025-01-30 12:33:39,037] {logging_mixin.py:104} INFO - [2025-01-30 12:33:39,037] {dagbag.py:496} INFO - Filling up the DagBag from /home/airflow/.local/lib/python3.6/site-packages/airflow/example_dags/example_skip_dag.py
[2025-01-30 12:33:39,054] {scheduler_job.py:643} INFO - DAG(s) dict_keys(['example_skip_dag']) retrieved from /home/airflow/.local/lib/python3.6/site-packages/airflow/example_dags/example_skip_dag.py
[2025-01-30 12:33:39,085] {logging_mixin.py:104} INFO - [2025-01-30 12:33:39,085] {dag.py:1833} INFO - Sync 1 DAGs
[2025-01-30 12:33:39,108] {logging_mixin.py:104} INFO - [2025-01-30 12:33:39,107] {dag.py:2306} INFO - Setting next_dagrun for example_skip_dag to 2025-01-28 00:00:00+00:00
[2025-01-30 12:33:39,151] {scheduler_job.py:190} INFO - Processing /home/airflow/.local/lib/python3.6/site-packages/airflow/example_dags/example_skip_dag.py took 0.121 seconds
