[2025-01-30 12:22:50,888] {scheduler_job.py:182} INFO - Started process (PID=299) to work on /home/airflow/.local/lib/python3.6/site-packages/airflow/example_dags/example_task_group.py
[2025-01-30 12:22:50,889] {scheduler_job.py:633} INFO - Processing file /home/airflow/.local/lib/python3.6/site-packages/airflow/example_dags/example_task_group.py for tasks to queue
[2025-01-30 12:22:50,889] {logging_mixin.py:104} INFO - [2025-01-30 12:22:50,889] {dagbag.py:496} INFO - Filling up the DagBag from /home/airflow/.local/lib/python3.6/site-packages/airflow/example_dags/example_task_group.py
[2025-01-30 12:22:50,903] {scheduler_job.py:643} INFO - DAG(s) dict_keys(['example_task_group']) retrieved from /home/airflow/.local/lib/python3.6/site-packages/airflow/example_dags/example_task_group.py
[2025-01-30 12:22:52,845] {logging_mixin.py:104} INFO - [2025-01-30 12:22:52,844] {dag.py:1833} INFO - Sync 1 DAGs
[2025-01-30 12:22:52,854] {logging_mixin.py:104} INFO - [2025-01-30 12:22:52,853] {dag.py:1852} INFO - Creating ORM DAG for example_task_group
[2025-01-30 12:22:52,858] {logging_mixin.py:104} INFO - [2025-01-30 12:22:52,858] {dag.py:2306} INFO - Setting next_dagrun for example_task_group to 2025-01-28 00:00:00+00:00
[2025-01-30 12:22:52,869] {scheduler_job.py:190} INFO - Processing /home/airflow/.local/lib/python3.6/site-packages/airflow/example_dags/example_task_group.py took 1.984 seconds
[2025-01-30 12:23:22,981] {scheduler_job.py:182} INFO - Started process (PID=494) to work on /home/airflow/.local/lib/python3.6/site-packages/airflow/example_dags/example_task_group.py
[2025-01-30 12:23:22,982] {scheduler_job.py:633} INFO - Processing file /home/airflow/.local/lib/python3.6/site-packages/airflow/example_dags/example_task_group.py for tasks to queue
[2025-01-30 12:23:22,983] {logging_mixin.py:104} INFO - [2025-01-30 12:23:22,983] {dagbag.py:496} INFO - Filling up the DagBag from /home/airflow/.local/lib/python3.6/site-packages/airflow/example_dags/example_task_group.py
[2025-01-30 12:23:23,003] {scheduler_job.py:643} INFO - DAG(s) dict_keys(['example_task_group']) retrieved from /home/airflow/.local/lib/python3.6/site-packages/airflow/example_dags/example_task_group.py
[2025-01-30 12:23:23,032] {logging_mixin.py:104} INFO - [2025-01-30 12:23:23,031] {dag.py:1833} INFO - Sync 1 DAGs
[2025-01-30 12:23:23,051] {logging_mixin.py:104} INFO - [2025-01-30 12:23:23,051] {dag.py:2306} INFO - Setting next_dagrun for example_task_group to 2025-01-28 00:00:00+00:00
[2025-01-30 12:23:23,083] {scheduler_job.py:190} INFO - Processing /home/airflow/.local/lib/python3.6/site-packages/airflow/example_dags/example_task_group.py took 0.106 seconds
[2025-01-30 12:23:53,415] {scheduler_job.py:182} INFO - Started process (PID=554) to work on /home/airflow/.local/lib/python3.6/site-packages/airflow/example_dags/example_task_group.py
[2025-01-30 12:23:53,435] {scheduler_job.py:633} INFO - Processing file /home/airflow/.local/lib/python3.6/site-packages/airflow/example_dags/example_task_group.py for tasks to queue
[2025-01-30 12:23:53,436] {logging_mixin.py:104} INFO - [2025-01-30 12:23:53,436] {dagbag.py:496} INFO - Filling up the DagBag from /home/airflow/.local/lib/python3.6/site-packages/airflow/example_dags/example_task_group.py
[2025-01-30 12:23:53,458] {scheduler_job.py:643} INFO - DAG(s) dict_keys(['example_task_group']) retrieved from /home/airflow/.local/lib/python3.6/site-packages/airflow/example_dags/example_task_group.py
[2025-01-30 12:23:53,491] {logging_mixin.py:104} INFO - [2025-01-30 12:23:53,491] {dag.py:1833} INFO - Sync 1 DAGs
[2025-01-30 12:23:53,516] {logging_mixin.py:104} INFO - [2025-01-30 12:23:53,516] {dag.py:2306} INFO - Setting next_dagrun for example_task_group to 2025-01-28 00:00:00+00:00
[2025-01-30 12:23:53,532] {scheduler_job.py:190} INFO - Processing /home/airflow/.local/lib/python3.6/site-packages/airflow/example_dags/example_task_group.py took 0.122 seconds
[2025-01-30 12:24:23,836] {scheduler_job.py:182} INFO - Started process (PID=606) to work on /home/airflow/.local/lib/python3.6/site-packages/airflow/example_dags/example_task_group.py
[2025-01-30 12:24:23,837] {scheduler_job.py:633} INFO - Processing file /home/airflow/.local/lib/python3.6/site-packages/airflow/example_dags/example_task_group.py for tasks to queue
[2025-01-30 12:24:23,838] {logging_mixin.py:104} INFO - [2025-01-30 12:24:23,838] {dagbag.py:496} INFO - Filling up the DagBag from /home/airflow/.local/lib/python3.6/site-packages/airflow/example_dags/example_task_group.py
[2025-01-30 12:24:23,859] {scheduler_job.py:643} INFO - DAG(s) dict_keys(['example_task_group']) retrieved from /home/airflow/.local/lib/python3.6/site-packages/airflow/example_dags/example_task_group.py
[2025-01-30 12:24:23,893] {logging_mixin.py:104} INFO - [2025-01-30 12:24:23,893] {dag.py:1833} INFO - Sync 1 DAGs
[2025-01-30 12:24:23,916] {logging_mixin.py:104} INFO - [2025-01-30 12:24:23,916] {dag.py:2306} INFO - Setting next_dagrun for example_task_group to 2025-01-28 00:00:00+00:00
[2025-01-30 12:24:23,946] {scheduler_job.py:190} INFO - Processing /home/airflow/.local/lib/python3.6/site-packages/airflow/example_dags/example_task_group.py took 0.114 seconds
[2025-01-30 12:25:00,279] {scheduler_job.py:182} INFO - Started process (PID=60) to work on /home/airflow/.local/lib/python3.6/site-packages/airflow/example_dags/example_task_group.py
[2025-01-30 12:25:00,280] {scheduler_job.py:633} INFO - Processing file /home/airflow/.local/lib/python3.6/site-packages/airflow/example_dags/example_task_group.py for tasks to queue
[2025-01-30 12:25:00,281] {logging_mixin.py:104} INFO - [2025-01-30 12:25:00,281] {dagbag.py:496} INFO - Filling up the DagBag from /home/airflow/.local/lib/python3.6/site-packages/airflow/example_dags/example_task_group.py
[2025-01-30 12:25:00,303] {scheduler_job.py:643} INFO - DAG(s) dict_keys(['example_task_group']) retrieved from /home/airflow/.local/lib/python3.6/site-packages/airflow/example_dags/example_task_group.py
[2025-01-30 12:25:00,339] {logging_mixin.py:104} INFO - [2025-01-30 12:25:00,338] {dag.py:1833} INFO - Sync 1 DAGs
[2025-01-30 12:25:00,361] {logging_mixin.py:104} INFO - [2025-01-30 12:25:00,361] {dag.py:2306} INFO - Setting next_dagrun for example_task_group to 2025-01-28 00:00:00+00:00
[2025-01-30 12:25:00,374] {scheduler_job.py:190} INFO - Processing /home/airflow/.local/lib/python3.6/site-packages/airflow/example_dags/example_task_group.py took 0.100 seconds
[2025-01-30 12:25:30,846] {scheduler_job.py:182} INFO - Started process (PID=112) to work on /home/airflow/.local/lib/python3.6/site-packages/airflow/example_dags/example_task_group.py
[2025-01-30 12:25:30,847] {scheduler_job.py:633} INFO - Processing file /home/airflow/.local/lib/python3.6/site-packages/airflow/example_dags/example_task_group.py for tasks to queue
[2025-01-30 12:25:30,848] {logging_mixin.py:104} INFO - [2025-01-30 12:25:30,848] {dagbag.py:496} INFO - Filling up the DagBag from /home/airflow/.local/lib/python3.6/site-packages/airflow/example_dags/example_task_group.py
[2025-01-30 12:25:30,861] {scheduler_job.py:643} INFO - DAG(s) dict_keys(['example_task_group']) retrieved from /home/airflow/.local/lib/python3.6/site-packages/airflow/example_dags/example_task_group.py
[2025-01-30 12:25:30,886] {logging_mixin.py:104} INFO - [2025-01-30 12:25:30,886] {dag.py:1833} INFO - Sync 1 DAGs
[2025-01-30 12:25:30,901] {logging_mixin.py:104} INFO - [2025-01-30 12:25:30,901] {dag.py:2306} INFO - Setting next_dagrun for example_task_group to 2025-01-28 00:00:00+00:00
[2025-01-30 12:25:30,910] {scheduler_job.py:190} INFO - Processing /home/airflow/.local/lib/python3.6/site-packages/airflow/example_dags/example_task_group.py took 0.067 seconds
[2025-01-30 12:26:01,612] {scheduler_job.py:182} INFO - Started process (PID=163) to work on /home/airflow/.local/lib/python3.6/site-packages/airflow/example_dags/example_task_group.py
[2025-01-30 12:26:01,613] {scheduler_job.py:633} INFO - Processing file /home/airflow/.local/lib/python3.6/site-packages/airflow/example_dags/example_task_group.py for tasks to queue
[2025-01-30 12:26:01,614] {logging_mixin.py:104} INFO - [2025-01-30 12:26:01,614] {dagbag.py:496} INFO - Filling up the DagBag from /home/airflow/.local/lib/python3.6/site-packages/airflow/example_dags/example_task_group.py
[2025-01-30 12:26:01,633] {scheduler_job.py:643} INFO - DAG(s) dict_keys(['example_task_group']) retrieved from /home/airflow/.local/lib/python3.6/site-packages/airflow/example_dags/example_task_group.py
[2025-01-30 12:26:01,662] {logging_mixin.py:104} INFO - [2025-01-30 12:26:01,661] {dag.py:1833} INFO - Sync 1 DAGs
[2025-01-30 12:26:01,681] {logging_mixin.py:104} INFO - [2025-01-30 12:26:01,681] {dag.py:2306} INFO - Setting next_dagrun for example_task_group to 2025-01-28 00:00:00+00:00
[2025-01-30 12:26:01,694] {scheduler_job.py:190} INFO - Processing /home/airflow/.local/lib/python3.6/site-packages/airflow/example_dags/example_task_group.py took 0.086 seconds
[2025-01-30 12:26:32,286] {scheduler_job.py:182} INFO - Started process (PID=223) to work on /home/airflow/.local/lib/python3.6/site-packages/airflow/example_dags/example_task_group.py
[2025-01-30 12:26:32,288] {scheduler_job.py:633} INFO - Processing file /home/airflow/.local/lib/python3.6/site-packages/airflow/example_dags/example_task_group.py for tasks to queue
[2025-01-30 12:26:32,288] {logging_mixin.py:104} INFO - [2025-01-30 12:26:32,288] {dagbag.py:496} INFO - Filling up the DagBag from /home/airflow/.local/lib/python3.6/site-packages/airflow/example_dags/example_task_group.py
[2025-01-30 12:26:32,311] {scheduler_job.py:643} INFO - DAG(s) dict_keys(['example_task_group']) retrieved from /home/airflow/.local/lib/python3.6/site-packages/airflow/example_dags/example_task_group.py
[2025-01-30 12:26:32,343] {logging_mixin.py:104} INFO - [2025-01-30 12:26:32,343] {dag.py:1833} INFO - Sync 1 DAGs
[2025-01-30 12:26:32,366] {logging_mixin.py:104} INFO - [2025-01-30 12:26:32,366] {dag.py:2306} INFO - Setting next_dagrun for example_task_group to 2025-01-28 00:00:00+00:00
[2025-01-30 12:26:32,378] {scheduler_job.py:190} INFO - Processing /home/airflow/.local/lib/python3.6/site-packages/airflow/example_dags/example_task_group.py took 0.097 seconds
[2025-01-30 12:27:03,210] {scheduler_job.py:182} INFO - Started process (PID=274) to work on /home/airflow/.local/lib/python3.6/site-packages/airflow/example_dags/example_task_group.py
[2025-01-30 12:27:03,211] {scheduler_job.py:633} INFO - Processing file /home/airflow/.local/lib/python3.6/site-packages/airflow/example_dags/example_task_group.py for tasks to queue
[2025-01-30 12:27:03,212] {logging_mixin.py:104} INFO - [2025-01-30 12:27:03,212] {dagbag.py:496} INFO - Filling up the DagBag from /home/airflow/.local/lib/python3.6/site-packages/airflow/example_dags/example_task_group.py
[2025-01-30 12:27:03,231] {scheduler_job.py:643} INFO - DAG(s) dict_keys(['example_task_group']) retrieved from /home/airflow/.local/lib/python3.6/site-packages/airflow/example_dags/example_task_group.py
[2025-01-30 12:27:03,259] {logging_mixin.py:104} INFO - [2025-01-30 12:27:03,259] {dag.py:1833} INFO - Sync 1 DAGs
[2025-01-30 12:27:03,278] {logging_mixin.py:104} INFO - [2025-01-30 12:27:03,278] {dag.py:2306} INFO - Setting next_dagrun for example_task_group to 2025-01-28 00:00:00+00:00
[2025-01-30 12:27:03,290] {scheduler_job.py:190} INFO - Processing /home/airflow/.local/lib/python3.6/site-packages/airflow/example_dags/example_task_group.py took 0.085 seconds
[2025-01-30 12:27:34,185] {scheduler_job.py:182} INFO - Started process (PID=326) to work on /home/airflow/.local/lib/python3.6/site-packages/airflow/example_dags/example_task_group.py
[2025-01-30 12:27:34,187] {scheduler_job.py:633} INFO - Processing file /home/airflow/.local/lib/python3.6/site-packages/airflow/example_dags/example_task_group.py for tasks to queue
[2025-01-30 12:27:34,188] {logging_mixin.py:104} INFO - [2025-01-30 12:27:34,188] {dagbag.py:496} INFO - Filling up the DagBag from /home/airflow/.local/lib/python3.6/site-packages/airflow/example_dags/example_task_group.py
[2025-01-30 12:27:34,206] {scheduler_job.py:643} INFO - DAG(s) dict_keys(['example_task_group']) retrieved from /home/airflow/.local/lib/python3.6/site-packages/airflow/example_dags/example_task_group.py
[2025-01-30 12:27:34,234] {logging_mixin.py:104} INFO - [2025-01-30 12:27:34,233] {dag.py:1833} INFO - Sync 1 DAGs
[2025-01-30 12:27:34,253] {logging_mixin.py:104} INFO - [2025-01-30 12:27:34,253] {dag.py:2306} INFO - Setting next_dagrun for example_task_group to 2025-01-28 00:00:00+00:00
[2025-01-30 12:27:34,265] {scheduler_job.py:190} INFO - Processing /home/airflow/.local/lib/python3.6/site-packages/airflow/example_dags/example_task_group.py took 0.084 seconds
[2025-01-30 12:28:04,945] {scheduler_job.py:182} INFO - Started process (PID=387) to work on /home/airflow/.local/lib/python3.6/site-packages/airflow/example_dags/example_task_group.py
[2025-01-30 12:28:04,946] {scheduler_job.py:633} INFO - Processing file /home/airflow/.local/lib/python3.6/site-packages/airflow/example_dags/example_task_group.py for tasks to queue
[2025-01-30 12:28:04,947] {logging_mixin.py:104} INFO - [2025-01-30 12:28:04,947] {dagbag.py:496} INFO - Filling up the DagBag from /home/airflow/.local/lib/python3.6/site-packages/airflow/example_dags/example_task_group.py
[2025-01-30 12:28:04,965] {scheduler_job.py:643} INFO - DAG(s) dict_keys(['example_task_group']) retrieved from /home/airflow/.local/lib/python3.6/site-packages/airflow/example_dags/example_task_group.py
[2025-01-30 12:28:04,993] {logging_mixin.py:104} INFO - [2025-01-30 12:28:04,993] {dag.py:1833} INFO - Sync 1 DAGs
[2025-01-30 12:28:05,012] {logging_mixin.py:104} INFO - [2025-01-30 12:28:05,012] {dag.py:2306} INFO - Setting next_dagrun for example_task_group to 2025-01-28 00:00:00+00:00
[2025-01-30 12:28:05,025] {scheduler_job.py:190} INFO - Processing /home/airflow/.local/lib/python3.6/site-packages/airflow/example_dags/example_task_group.py took 0.084 seconds
[2025-01-30 12:28:35,423] {scheduler_job.py:182} INFO - Started process (PID=438) to work on /home/airflow/.local/lib/python3.6/site-packages/airflow/example_dags/example_task_group.py
[2025-01-30 12:28:35,424] {scheduler_job.py:633} INFO - Processing file /home/airflow/.local/lib/python3.6/site-packages/airflow/example_dags/example_task_group.py for tasks to queue
[2025-01-30 12:28:35,425] {logging_mixin.py:104} INFO - [2025-01-30 12:28:35,424] {dagbag.py:496} INFO - Filling up the DagBag from /home/airflow/.local/lib/python3.6/site-packages/airflow/example_dags/example_task_group.py
[2025-01-30 12:28:35,445] {scheduler_job.py:643} INFO - DAG(s) dict_keys(['example_task_group']) retrieved from /home/airflow/.local/lib/python3.6/site-packages/airflow/example_dags/example_task_group.py
[2025-01-30 12:28:35,475] {logging_mixin.py:104} INFO - [2025-01-30 12:28:35,475] {dag.py:1833} INFO - Sync 1 DAGs
[2025-01-30 12:28:35,499] {logging_mixin.py:104} INFO - [2025-01-30 12:28:35,499] {dag.py:2306} INFO - Setting next_dagrun for example_task_group to 2025-01-28 00:00:00+00:00
[2025-01-30 12:28:35,514] {scheduler_job.py:190} INFO - Processing /home/airflow/.local/lib/python3.6/site-packages/airflow/example_dags/example_task_group.py took 0.096 seconds
[2025-01-30 12:29:06,054] {scheduler_job.py:182} INFO - Started process (PID=489) to work on /home/airflow/.local/lib/python3.6/site-packages/airflow/example_dags/example_task_group.py
[2025-01-30 12:29:06,056] {scheduler_job.py:633} INFO - Processing file /home/airflow/.local/lib/python3.6/site-packages/airflow/example_dags/example_task_group.py for tasks to queue
[2025-01-30 12:29:06,057] {logging_mixin.py:104} INFO - [2025-01-30 12:29:06,056] {dagbag.py:496} INFO - Filling up the DagBag from /home/airflow/.local/lib/python3.6/site-packages/airflow/example_dags/example_task_group.py
[2025-01-30 12:29:06,078] {scheduler_job.py:643} INFO - DAG(s) dict_keys(['example_task_group']) retrieved from /home/airflow/.local/lib/python3.6/site-packages/airflow/example_dags/example_task_group.py
[2025-01-30 12:29:06,107] {logging_mixin.py:104} INFO - [2025-01-30 12:29:06,107] {dag.py:1833} INFO - Sync 1 DAGs
[2025-01-30 12:29:06,126] {logging_mixin.py:104} INFO - [2025-01-30 12:29:06,125] {dag.py:2306} INFO - Setting next_dagrun for example_task_group to 2025-01-28 00:00:00+00:00
[2025-01-30 12:29:06,138] {scheduler_job.py:190} INFO - Processing /home/airflow/.local/lib/python3.6/site-packages/airflow/example_dags/example_task_group.py took 0.088 seconds
[2025-01-30 12:29:37,076] {scheduler_job.py:182} INFO - Started process (PID=550) to work on /home/airflow/.local/lib/python3.6/site-packages/airflow/example_dags/example_task_group.py
[2025-01-30 12:29:37,077] {scheduler_job.py:633} INFO - Processing file /home/airflow/.local/lib/python3.6/site-packages/airflow/example_dags/example_task_group.py for tasks to queue
[2025-01-30 12:29:37,078] {logging_mixin.py:104} INFO - [2025-01-30 12:29:37,078] {dagbag.py:496} INFO - Filling up the DagBag from /home/airflow/.local/lib/python3.6/site-packages/airflow/example_dags/example_task_group.py
[2025-01-30 12:29:37,097] {scheduler_job.py:643} INFO - DAG(s) dict_keys(['example_task_group']) retrieved from /home/airflow/.local/lib/python3.6/site-packages/airflow/example_dags/example_task_group.py
[2025-01-30 12:29:37,125] {logging_mixin.py:104} INFO - [2025-01-30 12:29:37,125] {dag.py:1833} INFO - Sync 1 DAGs
[2025-01-30 12:29:37,146] {logging_mixin.py:104} INFO - [2025-01-30 12:29:37,146] {dag.py:2306} INFO - Setting next_dagrun for example_task_group to 2025-01-28 00:00:00+00:00
[2025-01-30 12:29:37,158] {scheduler_job.py:190} INFO - Processing /home/airflow/.local/lib/python3.6/site-packages/airflow/example_dags/example_task_group.py took 0.086 seconds
[2025-01-30 12:30:07,776] {scheduler_job.py:182} INFO - Started process (PID=601) to work on /home/airflow/.local/lib/python3.6/site-packages/airflow/example_dags/example_task_group.py
[2025-01-30 12:30:07,778] {scheduler_job.py:633} INFO - Processing file /home/airflow/.local/lib/python3.6/site-packages/airflow/example_dags/example_task_group.py for tasks to queue
[2025-01-30 12:30:07,779] {logging_mixin.py:104} INFO - [2025-01-30 12:30:07,778] {dagbag.py:496} INFO - Filling up the DagBag from /home/airflow/.local/lib/python3.6/site-packages/airflow/example_dags/example_task_group.py
[2025-01-30 12:30:07,798] {scheduler_job.py:643} INFO - DAG(s) dict_keys(['example_task_group']) retrieved from /home/airflow/.local/lib/python3.6/site-packages/airflow/example_dags/example_task_group.py
[2025-01-30 12:30:07,826] {logging_mixin.py:104} INFO - [2025-01-30 12:30:07,826] {dag.py:1833} INFO - Sync 1 DAGs
[2025-01-30 12:30:07,846] {logging_mixin.py:104} INFO - [2025-01-30 12:30:07,846] {dag.py:2306} INFO - Setting next_dagrun for example_task_group to 2025-01-28 00:00:00+00:00
[2025-01-30 12:30:07,859] {scheduler_job.py:190} INFO - Processing /home/airflow/.local/lib/python3.6/site-packages/airflow/example_dags/example_task_group.py took 0.086 seconds
[2025-01-30 12:30:38,331] {scheduler_job.py:182} INFO - Started process (PID=661) to work on /home/airflow/.local/lib/python3.6/site-packages/airflow/example_dags/example_task_group.py
[2025-01-30 12:30:38,333] {scheduler_job.py:633} INFO - Processing file /home/airflow/.local/lib/python3.6/site-packages/airflow/example_dags/example_task_group.py for tasks to queue
[2025-01-30 12:30:38,334] {logging_mixin.py:104} INFO - [2025-01-30 12:30:38,333] {dagbag.py:496} INFO - Filling up the DagBag from /home/airflow/.local/lib/python3.6/site-packages/airflow/example_dags/example_task_group.py
[2025-01-30 12:30:38,354] {scheduler_job.py:643} INFO - DAG(s) dict_keys(['example_task_group']) retrieved from /home/airflow/.local/lib/python3.6/site-packages/airflow/example_dags/example_task_group.py
[2025-01-30 12:30:38,384] {logging_mixin.py:104} INFO - [2025-01-30 12:30:38,384] {dag.py:1833} INFO - Sync 1 DAGs
[2025-01-30 12:30:38,406] {logging_mixin.py:104} INFO - [2025-01-30 12:30:38,406] {dag.py:2306} INFO - Setting next_dagrun for example_task_group to 2025-01-28 00:00:00+00:00
[2025-01-30 12:30:38,420] {scheduler_job.py:190} INFO - Processing /home/airflow/.local/lib/python3.6/site-packages/airflow/example_dags/example_task_group.py took 0.093 seconds
[2025-01-30 12:31:08,870] {scheduler_job.py:182} INFO - Started process (PID=712) to work on /home/airflow/.local/lib/python3.6/site-packages/airflow/example_dags/example_task_group.py
[2025-01-30 12:31:08,872] {scheduler_job.py:633} INFO - Processing file /home/airflow/.local/lib/python3.6/site-packages/airflow/example_dags/example_task_group.py for tasks to queue
[2025-01-30 12:31:08,872] {logging_mixin.py:104} INFO - [2025-01-30 12:31:08,872] {dagbag.py:496} INFO - Filling up the DagBag from /home/airflow/.local/lib/python3.6/site-packages/airflow/example_dags/example_task_group.py
[2025-01-30 12:31:08,892] {scheduler_job.py:643} INFO - DAG(s) dict_keys(['example_task_group']) retrieved from /home/airflow/.local/lib/python3.6/site-packages/airflow/example_dags/example_task_group.py
[2025-01-30 12:31:08,924] {logging_mixin.py:104} INFO - [2025-01-30 12:31:08,924] {dag.py:1833} INFO - Sync 1 DAGs
[2025-01-30 12:31:08,949] {logging_mixin.py:104} INFO - [2025-01-30 12:31:08,949] {dag.py:2306} INFO - Setting next_dagrun for example_task_group to 2025-01-28 00:00:00+00:00
[2025-01-30 12:31:08,961] {scheduler_job.py:190} INFO - Processing /home/airflow/.local/lib/python3.6/site-packages/airflow/example_dags/example_task_group.py took 0.095 seconds
[2025-01-30 12:31:39,835] {scheduler_job.py:182} INFO - Started process (PID=763) to work on /home/airflow/.local/lib/python3.6/site-packages/airflow/example_dags/example_task_group.py
[2025-01-30 12:31:39,836] {scheduler_job.py:633} INFO - Processing file /home/airflow/.local/lib/python3.6/site-packages/airflow/example_dags/example_task_group.py for tasks to queue
[2025-01-30 12:31:39,837] {logging_mixin.py:104} INFO - [2025-01-30 12:31:39,837] {dagbag.py:496} INFO - Filling up the DagBag from /home/airflow/.local/lib/python3.6/site-packages/airflow/example_dags/example_task_group.py
[2025-01-30 12:31:39,860] {scheduler_job.py:643} INFO - DAG(s) dict_keys(['example_task_group']) retrieved from /home/airflow/.local/lib/python3.6/site-packages/airflow/example_dags/example_task_group.py
[2025-01-30 12:31:39,893] {logging_mixin.py:104} INFO - [2025-01-30 12:31:39,893] {dag.py:1833} INFO - Sync 1 DAGs
[2025-01-30 12:31:39,918] {logging_mixin.py:104} INFO - [2025-01-30 12:31:39,918] {dag.py:2306} INFO - Setting next_dagrun for example_task_group to 2025-01-28 00:00:00+00:00
[2025-01-30 12:31:39,934] {scheduler_job.py:190} INFO - Processing /home/airflow/.local/lib/python3.6/site-packages/airflow/example_dags/example_task_group.py took 0.103 seconds
[2025-01-30 12:32:10,912] {scheduler_job.py:182} INFO - Started process (PID=825) to work on /home/airflow/.local/lib/python3.6/site-packages/airflow/example_dags/example_task_group.py
[2025-01-30 12:32:10,914] {scheduler_job.py:633} INFO - Processing file /home/airflow/.local/lib/python3.6/site-packages/airflow/example_dags/example_task_group.py for tasks to queue
[2025-01-30 12:32:10,915] {logging_mixin.py:104} INFO - [2025-01-30 12:32:10,915] {dagbag.py:496} INFO - Filling up the DagBag from /home/airflow/.local/lib/python3.6/site-packages/airflow/example_dags/example_task_group.py
[2025-01-30 12:32:10,934] {scheduler_job.py:643} INFO - DAG(s) dict_keys(['example_task_group']) retrieved from /home/airflow/.local/lib/python3.6/site-packages/airflow/example_dags/example_task_group.py
[2025-01-30 12:32:10,968] {logging_mixin.py:104} INFO - [2025-01-30 12:32:10,967] {dag.py:1833} INFO - Sync 1 DAGs
[2025-01-30 12:32:10,989] {logging_mixin.py:104} INFO - [2025-01-30 12:32:10,988] {dag.py:2306} INFO - Setting next_dagrun for example_task_group to 2025-01-28 00:00:00+00:00
[2025-01-30 12:32:11,001] {scheduler_job.py:190} INFO - Processing /home/airflow/.local/lib/python3.6/site-packages/airflow/example_dags/example_task_group.py took 0.093 seconds
[2025-01-30 12:32:41,680] {scheduler_job.py:182} INFO - Started process (PID=876) to work on /home/airflow/.local/lib/python3.6/site-packages/airflow/example_dags/example_task_group.py
[2025-01-30 12:32:41,681] {scheduler_job.py:633} INFO - Processing file /home/airflow/.local/lib/python3.6/site-packages/airflow/example_dags/example_task_group.py for tasks to queue
[2025-01-30 12:32:41,682] {logging_mixin.py:104} INFO - [2025-01-30 12:32:41,682] {dagbag.py:496} INFO - Filling up the DagBag from /home/airflow/.local/lib/python3.6/site-packages/airflow/example_dags/example_task_group.py
[2025-01-30 12:32:41,700] {scheduler_job.py:643} INFO - DAG(s) dict_keys(['example_task_group']) retrieved from /home/airflow/.local/lib/python3.6/site-packages/airflow/example_dags/example_task_group.py
[2025-01-30 12:32:41,729] {logging_mixin.py:104} INFO - [2025-01-30 12:32:41,729] {dag.py:1833} INFO - Sync 1 DAGs
[2025-01-30 12:32:41,748] {logging_mixin.py:104} INFO - [2025-01-30 12:32:41,748] {dag.py:2306} INFO - Setting next_dagrun for example_task_group to 2025-01-28 00:00:00+00:00
[2025-01-30 12:32:41,762] {scheduler_job.py:190} INFO - Processing /home/airflow/.local/lib/python3.6/site-packages/airflow/example_dags/example_task_group.py took 0.085 seconds
[2025-01-30 12:33:12,156] {scheduler_job.py:182} INFO - Started process (PID=927) to work on /home/airflow/.local/lib/python3.6/site-packages/airflow/example_dags/example_task_group.py
[2025-01-30 12:33:12,158] {scheduler_job.py:633} INFO - Processing file /home/airflow/.local/lib/python3.6/site-packages/airflow/example_dags/example_task_group.py for tasks to queue
[2025-01-30 12:33:12,159] {logging_mixin.py:104} INFO - [2025-01-30 12:33:12,158] {dagbag.py:496} INFO - Filling up the DagBag from /home/airflow/.local/lib/python3.6/site-packages/airflow/example_dags/example_task_group.py
[2025-01-30 12:33:12,178] {scheduler_job.py:643} INFO - DAG(s) dict_keys(['example_task_group']) retrieved from /home/airflow/.local/lib/python3.6/site-packages/airflow/example_dags/example_task_group.py
[2025-01-30 12:33:12,209] {logging_mixin.py:104} INFO - [2025-01-30 12:33:12,209] {dag.py:1833} INFO - Sync 1 DAGs
[2025-01-30 12:33:12,231] {logging_mixin.py:104} INFO - [2025-01-30 12:33:12,231] {dag.py:2306} INFO - Setting next_dagrun for example_task_group to 2025-01-28 00:00:00+00:00
[2025-01-30 12:33:12,246] {scheduler_job.py:190} INFO - Processing /home/airflow/.local/lib/python3.6/site-packages/airflow/example_dags/example_task_group.py took 0.094 seconds
[2025-01-30 12:33:42,676] {scheduler_job.py:182} INFO - Started process (PID=987) to work on /home/airflow/.local/lib/python3.6/site-packages/airflow/example_dags/example_task_group.py
[2025-01-30 12:33:42,678] {scheduler_job.py:633} INFO - Processing file /home/airflow/.local/lib/python3.6/site-packages/airflow/example_dags/example_task_group.py for tasks to queue
[2025-01-30 12:33:42,678] {logging_mixin.py:104} INFO - [2025-01-30 12:33:42,678] {dagbag.py:496} INFO - Filling up the DagBag from /home/airflow/.local/lib/python3.6/site-packages/airflow/example_dags/example_task_group.py
[2025-01-30 12:33:42,698] {scheduler_job.py:643} INFO - DAG(s) dict_keys(['example_task_group']) retrieved from /home/airflow/.local/lib/python3.6/site-packages/airflow/example_dags/example_task_group.py
[2025-01-30 12:33:42,726] {logging_mixin.py:104} INFO - [2025-01-30 12:33:42,726] {dag.py:1833} INFO - Sync 1 DAGs
[2025-01-30 12:33:42,746] {logging_mixin.py:104} INFO - [2025-01-30 12:33:42,746] {dag.py:2306} INFO - Setting next_dagrun for example_task_group to 2025-01-28 00:00:00+00:00
[2025-01-30 12:33:42,757] {scheduler_job.py:190} INFO - Processing /home/airflow/.local/lib/python3.6/site-packages/airflow/example_dags/example_task_group.py took 0.085 seconds
