[2025-01-30 12:22:43,195] {scheduler_job.py:182} INFO - Started process (PID=185) to work on /home/airflow/.local/lib/python3.6/site-packages/airflow/example_dags/example_short_circuit_operator.py
[2025-01-30 12:22:43,196] {scheduler_job.py:633} INFO - Processing file /home/airflow/.local/lib/python3.6/site-packages/airflow/example_dags/example_short_circuit_operator.py for tasks to queue
[2025-01-30 12:22:43,197] {logging_mixin.py:104} INFO - [2025-01-30 12:22:43,197] {dagbag.py:496} INFO - Filling up the DagBag from /home/airflow/.local/lib/python3.6/site-packages/airflow/example_dags/example_short_circuit_operator.py
[2025-01-30 12:22:43,210] {scheduler_job.py:643} INFO - DAG(s) dict_keys(['example_short_circuit_operator']) retrieved from /home/airflow/.local/lib/python3.6/site-packages/airflow/example_dags/example_short_circuit_operator.py
[2025-01-30 12:22:45,029] {logging_mixin.py:104} INFO - [2025-01-30 12:22:45,028] {dag.py:1833} INFO - Sync 1 DAGs
[2025-01-30 12:22:45,036] {logging_mixin.py:104} INFO - [2025-01-30 12:22:45,035] {dag.py:1852} INFO - Creating ORM DAG for example_short_circuit_operator
[2025-01-30 12:22:45,040] {logging_mixin.py:104} INFO - [2025-01-30 12:22:45,040] {dag.py:2306} INFO - Setting next_dagrun for example_short_circuit_operator to 2025-01-28 00:00:00+00:00
[2025-01-30 12:22:45,049] {scheduler_job.py:190} INFO - Processing /home/airflow/.local/lib/python3.6/site-packages/airflow/example_dags/example_short_circuit_operator.py took 1.856 seconds
[2025-01-30 12:23:15,476] {scheduler_job.py:182} INFO - Started process (PID=486) to work on /home/airflow/.local/lib/python3.6/site-packages/airflow/example_dags/example_short_circuit_operator.py
[2025-01-30 12:23:15,478] {scheduler_job.py:633} INFO - Processing file /home/airflow/.local/lib/python3.6/site-packages/airflow/example_dags/example_short_circuit_operator.py for tasks to queue
[2025-01-30 12:23:15,478] {logging_mixin.py:104} INFO - [2025-01-30 12:23:15,478] {dagbag.py:496} INFO - Filling up the DagBag from /home/airflow/.local/lib/python3.6/site-packages/airflow/example_dags/example_short_circuit_operator.py
[2025-01-30 12:23:15,495] {scheduler_job.py:643} INFO - DAG(s) dict_keys(['example_short_circuit_operator']) retrieved from /home/airflow/.local/lib/python3.6/site-packages/airflow/example_dags/example_short_circuit_operator.py
[2025-01-30 12:23:15,522] {logging_mixin.py:104} INFO - [2025-01-30 12:23:15,522] {dag.py:1833} INFO - Sync 1 DAGs
[2025-01-30 12:23:15,542] {logging_mixin.py:104} INFO - [2025-01-30 12:23:15,542] {dag.py:2306} INFO - Setting next_dagrun for example_short_circuit_operator to 2025-01-28 00:00:00+00:00
[2025-01-30 12:23:15,579] {scheduler_job.py:190} INFO - Processing /home/airflow/.local/lib/python3.6/site-packages/airflow/example_dags/example_short_circuit_operator.py took 0.107 seconds
[2025-01-30 12:23:45,803] {scheduler_job.py:182} INFO - Started process (PID=537) to work on /home/airflow/.local/lib/python3.6/site-packages/airflow/example_dags/example_short_circuit_operator.py
[2025-01-30 12:23:45,804] {scheduler_job.py:633} INFO - Processing file /home/airflow/.local/lib/python3.6/site-packages/airflow/example_dags/example_short_circuit_operator.py for tasks to queue
[2025-01-30 12:23:45,805] {logging_mixin.py:104} INFO - [2025-01-30 12:23:45,805] {dagbag.py:496} INFO - Filling up the DagBag from /home/airflow/.local/lib/python3.6/site-packages/airflow/example_dags/example_short_circuit_operator.py
[2025-01-30 12:23:45,824] {scheduler_job.py:643} INFO - DAG(s) dict_keys(['example_short_circuit_operator']) retrieved from /home/airflow/.local/lib/python3.6/site-packages/airflow/example_dags/example_short_circuit_operator.py
[2025-01-30 12:23:45,855] {logging_mixin.py:104} INFO - [2025-01-30 12:23:45,855] {dag.py:1833} INFO - Sync 1 DAGs
[2025-01-30 12:23:45,876] {logging_mixin.py:104} INFO - [2025-01-30 12:23:45,876] {dag.py:2306} INFO - Setting next_dagrun for example_short_circuit_operator to 2025-01-28 00:00:00+00:00
[2025-01-30 12:23:45,890] {scheduler_job.py:190} INFO - Processing /home/airflow/.local/lib/python3.6/site-packages/airflow/example_dags/example_short_circuit_operator.py took 0.091 seconds
[2025-01-30 12:24:15,959] {scheduler_job.py:182} INFO - Started process (PID=588) to work on /home/airflow/.local/lib/python3.6/site-packages/airflow/example_dags/example_short_circuit_operator.py
[2025-01-30 12:24:15,961] {scheduler_job.py:633} INFO - Processing file /home/airflow/.local/lib/python3.6/site-packages/airflow/example_dags/example_short_circuit_operator.py for tasks to queue
[2025-01-30 12:24:15,962] {logging_mixin.py:104} INFO - [2025-01-30 12:24:15,961] {dagbag.py:496} INFO - Filling up the DagBag from /home/airflow/.local/lib/python3.6/site-packages/airflow/example_dags/example_short_circuit_operator.py
[2025-01-30 12:24:15,981] {scheduler_job.py:643} INFO - DAG(s) dict_keys(['example_short_circuit_operator']) retrieved from /home/airflow/.local/lib/python3.6/site-packages/airflow/example_dags/example_short_circuit_operator.py
[2025-01-30 12:24:16,012] {logging_mixin.py:104} INFO - [2025-01-30 12:24:16,012] {dag.py:1833} INFO - Sync 1 DAGs
[2025-01-30 12:24:16,034] {logging_mixin.py:104} INFO - [2025-01-30 12:24:16,034] {dag.py:2306} INFO - Setting next_dagrun for example_short_circuit_operator to 2025-01-28 00:00:00+00:00
[2025-01-30 12:24:16,065] {scheduler_job.py:190} INFO - Processing /home/airflow/.local/lib/python3.6/site-packages/airflow/example_dags/example_short_circuit_operator.py took 0.110 seconds
[2025-01-30 12:24:59,376] {scheduler_job.py:182} INFO - Started process (PID=50) to work on /home/airflow/.local/lib/python3.6/site-packages/airflow/example_dags/example_short_circuit_operator.py
[2025-01-30 12:24:59,378] {scheduler_job.py:633} INFO - Processing file /home/airflow/.local/lib/python3.6/site-packages/airflow/example_dags/example_short_circuit_operator.py for tasks to queue
[2025-01-30 12:24:59,379] {logging_mixin.py:104} INFO - [2025-01-30 12:24:59,378] {dagbag.py:496} INFO - Filling up the DagBag from /home/airflow/.local/lib/python3.6/site-packages/airflow/example_dags/example_short_circuit_operator.py
[2025-01-30 12:24:59,399] {scheduler_job.py:643} INFO - DAG(s) dict_keys(['example_short_circuit_operator']) retrieved from /home/airflow/.local/lib/python3.6/site-packages/airflow/example_dags/example_short_circuit_operator.py
[2025-01-30 12:24:59,430] {logging_mixin.py:104} INFO - [2025-01-30 12:24:59,430] {dag.py:1833} INFO - Sync 1 DAGs
[2025-01-30 12:24:59,453] {logging_mixin.py:104} INFO - [2025-01-30 12:24:59,453] {dag.py:2306} INFO - Setting next_dagrun for example_short_circuit_operator to 2025-01-28 00:00:00+00:00
[2025-01-30 12:24:59,467] {scheduler_job.py:190} INFO - Processing /home/airflow/.local/lib/python3.6/site-packages/airflow/example_dags/example_short_circuit_operator.py took 0.097 seconds
[2025-01-30 12:25:30,254] {scheduler_job.py:182} INFO - Started process (PID=104) to work on /home/airflow/.local/lib/python3.6/site-packages/airflow/example_dags/example_short_circuit_operator.py
[2025-01-30 12:25:30,255] {scheduler_job.py:633} INFO - Processing file /home/airflow/.local/lib/python3.6/site-packages/airflow/example_dags/example_short_circuit_operator.py for tasks to queue
[2025-01-30 12:25:30,256] {logging_mixin.py:104} INFO - [2025-01-30 12:25:30,255] {dagbag.py:496} INFO - Filling up the DagBag from /home/airflow/.local/lib/python3.6/site-packages/airflow/example_dags/example_short_circuit_operator.py
[2025-01-30 12:25:30,272] {scheduler_job.py:643} INFO - DAG(s) dict_keys(['example_short_circuit_operator']) retrieved from /home/airflow/.local/lib/python3.6/site-packages/airflow/example_dags/example_short_circuit_operator.py
[2025-01-30 12:25:30,298] {logging_mixin.py:104} INFO - [2025-01-30 12:25:30,298] {dag.py:1833} INFO - Sync 1 DAGs
[2025-01-30 12:25:30,315] {logging_mixin.py:104} INFO - [2025-01-30 12:25:30,315] {dag.py:2306} INFO - Setting next_dagrun for example_short_circuit_operator to 2025-01-28 00:00:00+00:00
[2025-01-30 12:25:30,329] {scheduler_job.py:190} INFO - Processing /home/airflow/.local/lib/python3.6/site-packages/airflow/example_dags/example_short_circuit_operator.py took 0.078 seconds
[2025-01-30 12:26:00,913] {scheduler_job.py:182} INFO - Started process (PID=155) to work on /home/airflow/.local/lib/python3.6/site-packages/airflow/example_dags/example_short_circuit_operator.py
[2025-01-30 12:26:00,915] {scheduler_job.py:633} INFO - Processing file /home/airflow/.local/lib/python3.6/site-packages/airflow/example_dags/example_short_circuit_operator.py for tasks to queue
[2025-01-30 12:26:00,916] {logging_mixin.py:104} INFO - [2025-01-30 12:26:00,916] {dagbag.py:496} INFO - Filling up the DagBag from /home/airflow/.local/lib/python3.6/site-packages/airflow/example_dags/example_short_circuit_operator.py
[2025-01-30 12:26:00,938] {scheduler_job.py:643} INFO - DAG(s) dict_keys(['example_short_circuit_operator']) retrieved from /home/airflow/.local/lib/python3.6/site-packages/airflow/example_dags/example_short_circuit_operator.py
[2025-01-30 12:26:00,970] {logging_mixin.py:104} INFO - [2025-01-30 12:26:00,970] {dag.py:1833} INFO - Sync 1 DAGs
[2025-01-30 12:26:00,990] {logging_mixin.py:104} INFO - [2025-01-30 12:26:00,990] {dag.py:2306} INFO - Setting next_dagrun for example_short_circuit_operator to 2025-01-28 00:00:00+00:00
[2025-01-30 12:26:01,001] {scheduler_job.py:190} INFO - Processing /home/airflow/.local/lib/python3.6/site-packages/airflow/example_dags/example_short_circuit_operator.py took 0.093 seconds
[2025-01-30 12:26:31,682] {scheduler_job.py:182} INFO - Started process (PID=215) to work on /home/airflow/.local/lib/python3.6/site-packages/airflow/example_dags/example_short_circuit_operator.py
[2025-01-30 12:26:31,684] {scheduler_job.py:633} INFO - Processing file /home/airflow/.local/lib/python3.6/site-packages/airflow/example_dags/example_short_circuit_operator.py for tasks to queue
[2025-01-30 12:26:31,685] {logging_mixin.py:104} INFO - [2025-01-30 12:26:31,685] {dagbag.py:496} INFO - Filling up the DagBag from /home/airflow/.local/lib/python3.6/site-packages/airflow/example_dags/example_short_circuit_operator.py
[2025-01-30 12:26:31,707] {scheduler_job.py:643} INFO - DAG(s) dict_keys(['example_short_circuit_operator']) retrieved from /home/airflow/.local/lib/python3.6/site-packages/airflow/example_dags/example_short_circuit_operator.py
[2025-01-30 12:26:31,740] {logging_mixin.py:104} INFO - [2025-01-30 12:26:31,739] {dag.py:1833} INFO - Sync 1 DAGs
[2025-01-30 12:26:31,761] {logging_mixin.py:104} INFO - [2025-01-30 12:26:31,761] {dag.py:2306} INFO - Setting next_dagrun for example_short_circuit_operator to 2025-01-28 00:00:00+00:00
[2025-01-30 12:26:31,775] {scheduler_job.py:190} INFO - Processing /home/airflow/.local/lib/python3.6/site-packages/airflow/example_dags/example_short_circuit_operator.py took 0.098 seconds
[2025-01-30 12:27:02,526] {scheduler_job.py:182} INFO - Started process (PID=267) to work on /home/airflow/.local/lib/python3.6/site-packages/airflow/example_dags/example_short_circuit_operator.py
[2025-01-30 12:27:02,527] {scheduler_job.py:633} INFO - Processing file /home/airflow/.local/lib/python3.6/site-packages/airflow/example_dags/example_short_circuit_operator.py for tasks to queue
[2025-01-30 12:27:02,528] {logging_mixin.py:104} INFO - [2025-01-30 12:27:02,528] {dagbag.py:496} INFO - Filling up the DagBag from /home/airflow/.local/lib/python3.6/site-packages/airflow/example_dags/example_short_circuit_operator.py
[2025-01-30 12:27:02,546] {scheduler_job.py:643} INFO - DAG(s) dict_keys(['example_short_circuit_operator']) retrieved from /home/airflow/.local/lib/python3.6/site-packages/airflow/example_dags/example_short_circuit_operator.py
[2025-01-30 12:27:02,577] {logging_mixin.py:104} INFO - [2025-01-30 12:27:02,577] {dag.py:1833} INFO - Sync 1 DAGs
[2025-01-30 12:27:02,599] {logging_mixin.py:104} INFO - [2025-01-30 12:27:02,599] {dag.py:2306} INFO - Setting next_dagrun for example_short_circuit_operator to 2025-01-28 00:00:00+00:00
[2025-01-30 12:27:02,613] {scheduler_job.py:190} INFO - Processing /home/airflow/.local/lib/python3.6/site-packages/airflow/example_dags/example_short_circuit_operator.py took 0.092 seconds
[2025-01-30 12:27:33,185] {scheduler_job.py:182} INFO - Started process (PID=318) to work on /home/airflow/.local/lib/python3.6/site-packages/airflow/example_dags/example_short_circuit_operator.py
[2025-01-30 12:27:33,187] {scheduler_job.py:633} INFO - Processing file /home/airflow/.local/lib/python3.6/site-packages/airflow/example_dags/example_short_circuit_operator.py for tasks to queue
[2025-01-30 12:27:33,188] {logging_mixin.py:104} INFO - [2025-01-30 12:27:33,188] {dagbag.py:496} INFO - Filling up the DagBag from /home/airflow/.local/lib/python3.6/site-packages/airflow/example_dags/example_short_circuit_operator.py
[2025-01-30 12:27:33,206] {scheduler_job.py:643} INFO - DAG(s) dict_keys(['example_short_circuit_operator']) retrieved from /home/airflow/.local/lib/python3.6/site-packages/airflow/example_dags/example_short_circuit_operator.py
[2025-01-30 12:27:33,236] {logging_mixin.py:104} INFO - [2025-01-30 12:27:33,236] {dag.py:1833} INFO - Sync 1 DAGs
[2025-01-30 12:27:33,258] {logging_mixin.py:104} INFO - [2025-01-30 12:27:33,257] {dag.py:2306} INFO - Setting next_dagrun for example_short_circuit_operator to 2025-01-28 00:00:00+00:00
[2025-01-30 12:27:33,271] {scheduler_job.py:190} INFO - Processing /home/airflow/.local/lib/python3.6/site-packages/airflow/example_dags/example_short_circuit_operator.py took 0.091 seconds
[2025-01-30 12:28:04,210] {scheduler_job.py:182} INFO - Started process (PID=379) to work on /home/airflow/.local/lib/python3.6/site-packages/airflow/example_dags/example_short_circuit_operator.py
[2025-01-30 12:28:04,211] {scheduler_job.py:633} INFO - Processing file /home/airflow/.local/lib/python3.6/site-packages/airflow/example_dags/example_short_circuit_operator.py for tasks to queue
[2025-01-30 12:28:04,212] {logging_mixin.py:104} INFO - [2025-01-30 12:28:04,212] {dagbag.py:496} INFO - Filling up the DagBag from /home/airflow/.local/lib/python3.6/site-packages/airflow/example_dags/example_short_circuit_operator.py
[2025-01-30 12:28:04,229] {scheduler_job.py:643} INFO - DAG(s) dict_keys(['example_short_circuit_operator']) retrieved from /home/airflow/.local/lib/python3.6/site-packages/airflow/example_dags/example_short_circuit_operator.py
[2025-01-30 12:28:04,257] {logging_mixin.py:104} INFO - [2025-01-30 12:28:04,257] {dag.py:1833} INFO - Sync 1 DAGs
[2025-01-30 12:28:04,278] {logging_mixin.py:104} INFO - [2025-01-30 12:28:04,278] {dag.py:2306} INFO - Setting next_dagrun for example_short_circuit_operator to 2025-01-28 00:00:00+00:00
[2025-01-30 12:28:04,291] {scheduler_job.py:190} INFO - Processing /home/airflow/.local/lib/python3.6/site-packages/airflow/example_dags/example_short_circuit_operator.py took 0.086 seconds
[2025-01-30 12:28:34,686] {scheduler_job.py:182} INFO - Started process (PID=430) to work on /home/airflow/.local/lib/python3.6/site-packages/airflow/example_dags/example_short_circuit_operator.py
[2025-01-30 12:28:34,687] {scheduler_job.py:633} INFO - Processing file /home/airflow/.local/lib/python3.6/site-packages/airflow/example_dags/example_short_circuit_operator.py for tasks to queue
[2025-01-30 12:28:34,688] {logging_mixin.py:104} INFO - [2025-01-30 12:28:34,688] {dagbag.py:496} INFO - Filling up the DagBag from /home/airflow/.local/lib/python3.6/site-packages/airflow/example_dags/example_short_circuit_operator.py
[2025-01-30 12:28:34,706] {scheduler_job.py:643} INFO - DAG(s) dict_keys(['example_short_circuit_operator']) retrieved from /home/airflow/.local/lib/python3.6/site-packages/airflow/example_dags/example_short_circuit_operator.py
[2025-01-30 12:28:34,736] {logging_mixin.py:104} INFO - [2025-01-30 12:28:34,736] {dag.py:1833} INFO - Sync 1 DAGs
[2025-01-30 12:28:34,758] {logging_mixin.py:104} INFO - [2025-01-30 12:28:34,758] {dag.py:2306} INFO - Setting next_dagrun for example_short_circuit_operator to 2025-01-28 00:00:00+00:00
[2025-01-30 12:28:34,772] {scheduler_job.py:190} INFO - Processing /home/airflow/.local/lib/python3.6/site-packages/airflow/example_dags/example_short_circuit_operator.py took 0.091 seconds
[2025-01-30 12:29:05,312] {scheduler_job.py:182} INFO - Started process (PID=481) to work on /home/airflow/.local/lib/python3.6/site-packages/airflow/example_dags/example_short_circuit_operator.py
[2025-01-30 12:29:05,313] {scheduler_job.py:633} INFO - Processing file /home/airflow/.local/lib/python3.6/site-packages/airflow/example_dags/example_short_circuit_operator.py for tasks to queue
[2025-01-30 12:29:05,314] {logging_mixin.py:104} INFO - [2025-01-30 12:29:05,314] {dagbag.py:496} INFO - Filling up the DagBag from /home/airflow/.local/lib/python3.6/site-packages/airflow/example_dags/example_short_circuit_operator.py
[2025-01-30 12:29:05,332] {scheduler_job.py:643} INFO - DAG(s) dict_keys(['example_short_circuit_operator']) retrieved from /home/airflow/.local/lib/python3.6/site-packages/airflow/example_dags/example_short_circuit_operator.py
[2025-01-30 12:29:05,361] {logging_mixin.py:104} INFO - [2025-01-30 12:29:05,361] {dag.py:1833} INFO - Sync 1 DAGs
[2025-01-30 12:29:05,383] {logging_mixin.py:104} INFO - [2025-01-30 12:29:05,383] {dag.py:2306} INFO - Setting next_dagrun for example_short_circuit_operator to 2025-01-28 00:00:00+00:00
[2025-01-30 12:29:05,397] {scheduler_job.py:190} INFO - Processing /home/airflow/.local/lib/python3.6/site-packages/airflow/example_dags/example_short_circuit_operator.py took 0.089 seconds
[2025-01-30 12:29:36,262] {scheduler_job.py:182} INFO - Started process (PID=542) to work on /home/airflow/.local/lib/python3.6/site-packages/airflow/example_dags/example_short_circuit_operator.py
[2025-01-30 12:29:36,263] {scheduler_job.py:633} INFO - Processing file /home/airflow/.local/lib/python3.6/site-packages/airflow/example_dags/example_short_circuit_operator.py for tasks to queue
[2025-01-30 12:29:36,264] {logging_mixin.py:104} INFO - [2025-01-30 12:29:36,264] {dagbag.py:496} INFO - Filling up the DagBag from /home/airflow/.local/lib/python3.6/site-packages/airflow/example_dags/example_short_circuit_operator.py
[2025-01-30 12:29:36,284] {scheduler_job.py:643} INFO - DAG(s) dict_keys(['example_short_circuit_operator']) retrieved from /home/airflow/.local/lib/python3.6/site-packages/airflow/example_dags/example_short_circuit_operator.py
[2025-01-30 12:29:36,317] {logging_mixin.py:104} INFO - [2025-01-30 12:29:36,317] {dag.py:1833} INFO - Sync 1 DAGs
[2025-01-30 12:29:36,340] {logging_mixin.py:104} INFO - [2025-01-30 12:29:36,340] {dag.py:2306} INFO - Setting next_dagrun for example_short_circuit_operator to 2025-01-28 00:00:00+00:00
[2025-01-30 12:29:36,354] {scheduler_job.py:190} INFO - Processing /home/airflow/.local/lib/python3.6/site-packages/airflow/example_dags/example_short_circuit_operator.py took 0.098 seconds
[2025-01-30 12:30:06,912] {scheduler_job.py:182} INFO - Started process (PID=593) to work on /home/airflow/.local/lib/python3.6/site-packages/airflow/example_dags/example_short_circuit_operator.py
[2025-01-30 12:30:06,914] {scheduler_job.py:633} INFO - Processing file /home/airflow/.local/lib/python3.6/site-packages/airflow/example_dags/example_short_circuit_operator.py for tasks to queue
[2025-01-30 12:30:06,914] {logging_mixin.py:104} INFO - [2025-01-30 12:30:06,914] {dagbag.py:496} INFO - Filling up the DagBag from /home/airflow/.local/lib/python3.6/site-packages/airflow/example_dags/example_short_circuit_operator.py
[2025-01-30 12:30:06,931] {scheduler_job.py:643} INFO - DAG(s) dict_keys(['example_short_circuit_operator']) retrieved from /home/airflow/.local/lib/python3.6/site-packages/airflow/example_dags/example_short_circuit_operator.py
[2025-01-30 12:30:06,958] {logging_mixin.py:104} INFO - [2025-01-30 12:30:06,958] {dag.py:1833} INFO - Sync 1 DAGs
[2025-01-30 12:30:06,978] {logging_mixin.py:104} INFO - [2025-01-30 12:30:06,978] {dag.py:2306} INFO - Setting next_dagrun for example_short_circuit_operator to 2025-01-28 00:00:00+00:00
[2025-01-30 12:30:06,990] {scheduler_job.py:190} INFO - Processing /home/airflow/.local/lib/python3.6/site-packages/airflow/example_dags/example_short_circuit_operator.py took 0.082 seconds
[2025-01-30 12:30:37,438] {scheduler_job.py:182} INFO - Started process (PID=644) to work on /home/airflow/.local/lib/python3.6/site-packages/airflow/example_dags/example_short_circuit_operator.py
[2025-01-30 12:30:37,439] {scheduler_job.py:633} INFO - Processing file /home/airflow/.local/lib/python3.6/site-packages/airflow/example_dags/example_short_circuit_operator.py for tasks to queue
[2025-01-30 12:30:37,440] {logging_mixin.py:104} INFO - [2025-01-30 12:30:37,440] {dagbag.py:496} INFO - Filling up the DagBag from /home/airflow/.local/lib/python3.6/site-packages/airflow/example_dags/example_short_circuit_operator.py
[2025-01-30 12:30:37,459] {scheduler_job.py:643} INFO - DAG(s) dict_keys(['example_short_circuit_operator']) retrieved from /home/airflow/.local/lib/python3.6/site-packages/airflow/example_dags/example_short_circuit_operator.py
[2025-01-30 12:30:37,489] {logging_mixin.py:104} INFO - [2025-01-30 12:30:37,489] {dag.py:1833} INFO - Sync 1 DAGs
[2025-01-30 12:30:37,512] {logging_mixin.py:104} INFO - [2025-01-30 12:30:37,512] {dag.py:2306} INFO - Setting next_dagrun for example_short_circuit_operator to 2025-01-28 00:00:00+00:00
[2025-01-30 12:30:37,526] {scheduler_job.py:190} INFO - Processing /home/airflow/.local/lib/python3.6/site-packages/airflow/example_dags/example_short_circuit_operator.py took 0.093 seconds
[2025-01-30 12:31:08,313] {scheduler_job.py:182} INFO - Started process (PID=705) to work on /home/airflow/.local/lib/python3.6/site-packages/airflow/example_dags/example_short_circuit_operator.py
[2025-01-30 12:31:08,314] {scheduler_job.py:633} INFO - Processing file /home/airflow/.local/lib/python3.6/site-packages/airflow/example_dags/example_short_circuit_operator.py for tasks to queue
[2025-01-30 12:31:08,315] {logging_mixin.py:104} INFO - [2025-01-30 12:31:08,315] {dagbag.py:496} INFO - Filling up the DagBag from /home/airflow/.local/lib/python3.6/site-packages/airflow/example_dags/example_short_circuit_operator.py
[2025-01-30 12:31:08,333] {scheduler_job.py:643} INFO - DAG(s) dict_keys(['example_short_circuit_operator']) retrieved from /home/airflow/.local/lib/python3.6/site-packages/airflow/example_dags/example_short_circuit_operator.py
[2025-01-30 12:31:08,363] {logging_mixin.py:104} INFO - [2025-01-30 12:31:08,363] {dag.py:1833} INFO - Sync 1 DAGs
[2025-01-30 12:31:08,384] {logging_mixin.py:104} INFO - [2025-01-30 12:31:08,384] {dag.py:2306} INFO - Setting next_dagrun for example_short_circuit_operator to 2025-01-28 00:00:00+00:00
[2025-01-30 12:31:08,397] {scheduler_job.py:190} INFO - Processing /home/airflow/.local/lib/python3.6/site-packages/airflow/example_dags/example_short_circuit_operator.py took 0.088 seconds
[2025-01-30 12:31:39,013] {scheduler_job.py:182} INFO - Started process (PID=756) to work on /home/airflow/.local/lib/python3.6/site-packages/airflow/example_dags/example_short_circuit_operator.py
[2025-01-30 12:31:39,015] {scheduler_job.py:633} INFO - Processing file /home/airflow/.local/lib/python3.6/site-packages/airflow/example_dags/example_short_circuit_operator.py for tasks to queue
[2025-01-30 12:31:39,016] {logging_mixin.py:104} INFO - [2025-01-30 12:31:39,016] {dagbag.py:496} INFO - Filling up the DagBag from /home/airflow/.local/lib/python3.6/site-packages/airflow/example_dags/example_short_circuit_operator.py
[2025-01-30 12:31:39,036] {scheduler_job.py:643} INFO - DAG(s) dict_keys(['example_short_circuit_operator']) retrieved from /home/airflow/.local/lib/python3.6/site-packages/airflow/example_dags/example_short_circuit_operator.py
[2025-01-30 12:31:39,070] {logging_mixin.py:104} INFO - [2025-01-30 12:31:39,070] {dag.py:1833} INFO - Sync 1 DAGs
[2025-01-30 12:31:39,094] {logging_mixin.py:104} INFO - [2025-01-30 12:31:39,093] {dag.py:2306} INFO - Setting next_dagrun for example_short_circuit_operator to 2025-01-28 00:00:00+00:00
[2025-01-30 12:31:39,109] {scheduler_job.py:190} INFO - Processing /home/airflow/.local/lib/python3.6/site-packages/airflow/example_dags/example_short_circuit_operator.py took 0.100 seconds
[2025-01-30 12:32:10,305] {scheduler_job.py:182} INFO - Started process (PID=817) to work on /home/airflow/.local/lib/python3.6/site-packages/airflow/example_dags/example_short_circuit_operator.py
[2025-01-30 12:32:10,307] {scheduler_job.py:633} INFO - Processing file /home/airflow/.local/lib/python3.6/site-packages/airflow/example_dags/example_short_circuit_operator.py for tasks to queue
[2025-01-30 12:32:10,308] {logging_mixin.py:104} INFO - [2025-01-30 12:32:10,308] {dagbag.py:496} INFO - Filling up the DagBag from /home/airflow/.local/lib/python3.6/site-packages/airflow/example_dags/example_short_circuit_operator.py
[2025-01-30 12:32:10,327] {scheduler_job.py:643} INFO - DAG(s) dict_keys(['example_short_circuit_operator']) retrieved from /home/airflow/.local/lib/python3.6/site-packages/airflow/example_dags/example_short_circuit_operator.py
[2025-01-30 12:32:10,359] {logging_mixin.py:104} INFO - [2025-01-30 12:32:10,359] {dag.py:1833} INFO - Sync 1 DAGs
[2025-01-30 12:32:10,381] {logging_mixin.py:104} INFO - [2025-01-30 12:32:10,381] {dag.py:2306} INFO - Setting next_dagrun for example_short_circuit_operator to 2025-01-28 00:00:00+00:00
[2025-01-30 12:32:10,394] {scheduler_job.py:190} INFO - Processing /home/airflow/.local/lib/python3.6/site-packages/airflow/example_dags/example_short_circuit_operator.py took 0.094 seconds
[2025-01-30 12:32:40,846] {scheduler_job.py:182} INFO - Started process (PID=868) to work on /home/airflow/.local/lib/python3.6/site-packages/airflow/example_dags/example_short_circuit_operator.py
[2025-01-30 12:32:40,847] {scheduler_job.py:633} INFO - Processing file /home/airflow/.local/lib/python3.6/site-packages/airflow/example_dags/example_short_circuit_operator.py for tasks to queue
[2025-01-30 12:32:40,848] {logging_mixin.py:104} INFO - [2025-01-30 12:32:40,848] {dagbag.py:496} INFO - Filling up the DagBag from /home/airflow/.local/lib/python3.6/site-packages/airflow/example_dags/example_short_circuit_operator.py
[2025-01-30 12:32:40,869] {scheduler_job.py:643} INFO - DAG(s) dict_keys(['example_short_circuit_operator']) retrieved from /home/airflow/.local/lib/python3.6/site-packages/airflow/example_dags/example_short_circuit_operator.py
[2025-01-30 12:32:40,900] {logging_mixin.py:104} INFO - [2025-01-30 12:32:40,900] {dag.py:1833} INFO - Sync 1 DAGs
[2025-01-30 12:32:40,921] {logging_mixin.py:104} INFO - [2025-01-30 12:32:40,921] {dag.py:2306} INFO - Setting next_dagrun for example_short_circuit_operator to 2025-01-28 00:00:00+00:00
[2025-01-30 12:32:40,935] {scheduler_job.py:190} INFO - Processing /home/airflow/.local/lib/python3.6/site-packages/airflow/example_dags/example_short_circuit_operator.py took 0.095 seconds
[2025-01-30 12:33:11,417] {scheduler_job.py:182} INFO - Started process (PID=919) to work on /home/airflow/.local/lib/python3.6/site-packages/airflow/example_dags/example_short_circuit_operator.py
[2025-01-30 12:33:11,418] {scheduler_job.py:633} INFO - Processing file /home/airflow/.local/lib/python3.6/site-packages/airflow/example_dags/example_short_circuit_operator.py for tasks to queue
[2025-01-30 12:33:11,419] {logging_mixin.py:104} INFO - [2025-01-30 12:33:11,419] {dagbag.py:496} INFO - Filling up the DagBag from /home/airflow/.local/lib/python3.6/site-packages/airflow/example_dags/example_short_circuit_operator.py
[2025-01-30 12:33:11,437] {scheduler_job.py:643} INFO - DAG(s) dict_keys(['example_short_circuit_operator']) retrieved from /home/airflow/.local/lib/python3.6/site-packages/airflow/example_dags/example_short_circuit_operator.py
[2025-01-30 12:33:11,467] {logging_mixin.py:104} INFO - [2025-01-30 12:33:11,466] {dag.py:1833} INFO - Sync 1 DAGs
[2025-01-30 12:33:11,490] {logging_mixin.py:104} INFO - [2025-01-30 12:33:11,490] {dag.py:2306} INFO - Setting next_dagrun for example_short_circuit_operator to 2025-01-28 00:00:00+00:00
[2025-01-30 12:33:11,504] {scheduler_job.py:190} INFO - Processing /home/airflow/.local/lib/python3.6/site-packages/airflow/example_dags/example_short_circuit_operator.py took 0.092 seconds
[2025-01-30 12:33:42,203] {scheduler_job.py:182} INFO - Started process (PID=980) to work on /home/airflow/.local/lib/python3.6/site-packages/airflow/example_dags/example_short_circuit_operator.py
[2025-01-30 12:33:42,205] {scheduler_job.py:633} INFO - Processing file /home/airflow/.local/lib/python3.6/site-packages/airflow/example_dags/example_short_circuit_operator.py for tasks to queue
[2025-01-30 12:33:42,205] {logging_mixin.py:104} INFO - [2025-01-30 12:33:42,205] {dagbag.py:496} INFO - Filling up the DagBag from /home/airflow/.local/lib/python3.6/site-packages/airflow/example_dags/example_short_circuit_operator.py
[2025-01-30 12:33:42,222] {scheduler_job.py:643} INFO - DAG(s) dict_keys(['example_short_circuit_operator']) retrieved from /home/airflow/.local/lib/python3.6/site-packages/airflow/example_dags/example_short_circuit_operator.py
[2025-01-30 12:33:42,247] {logging_mixin.py:104} INFO - [2025-01-30 12:33:42,247] {dag.py:1833} INFO - Sync 1 DAGs
[2025-01-30 12:33:42,267] {logging_mixin.py:104} INFO - [2025-01-30 12:33:42,267] {dag.py:2306} INFO - Setting next_dagrun for example_short_circuit_operator to 2025-01-28 00:00:00+00:00
[2025-01-30 12:33:42,279] {scheduler_job.py:190} INFO - Processing /home/airflow/.local/lib/python3.6/site-packages/airflow/example_dags/example_short_circuit_operator.py took 0.079 seconds
