[2025-01-30 12:22:31,742] {scheduler_job.py:182} INFO - Started process (PID=82) to work on /home/airflow/.local/lib/python3.6/site-packages/airflow/example_dags/example_nested_branch_dag.py
[2025-01-30 12:22:31,743] {scheduler_job.py:633} INFO - Processing file /home/airflow/.local/lib/python3.6/site-packages/airflow/example_dags/example_nested_branch_dag.py for tasks to queue
[2025-01-30 12:22:31,744] {logging_mixin.py:104} INFO - [2025-01-30 12:22:31,744] {dagbag.py:496} INFO - Filling up the DagBag from /home/airflow/.local/lib/python3.6/site-packages/airflow/example_dags/example_nested_branch_dag.py
[2025-01-30 12:22:31,763] {scheduler_job.py:643} INFO - DAG(s) dict_keys(['example_nested_branch_dag']) retrieved from /home/airflow/.local/lib/python3.6/site-packages/airflow/example_dags/example_nested_branch_dag.py
[2025-01-30 12:22:34,318] {logging_mixin.py:104} INFO - [2025-01-30 12:22:34,317] {dag.py:1833} INFO - Sync 1 DAGs
[2025-01-30 12:22:34,328] {logging_mixin.py:104} INFO - [2025-01-30 12:22:34,327] {dag.py:1852} INFO - Creating ORM DAG for example_nested_branch_dag
[2025-01-30 12:22:34,337] {logging_mixin.py:104} INFO - [2025-01-30 12:22:34,336] {dag.py:2306} INFO - Setting next_dagrun for example_nested_branch_dag to 2025-01-28 00:00:00+00:00
[2025-01-30 12:22:34,348] {scheduler_job.py:190} INFO - Processing /home/airflow/.local/lib/python3.6/site-packages/airflow/example_dags/example_nested_branch_dag.py took 2.611 seconds
[2025-01-30 12:23:04,995] {scheduler_job.py:182} INFO - Started process (PID=468) to work on /home/airflow/.local/lib/python3.6/site-packages/airflow/example_dags/example_nested_branch_dag.py
[2025-01-30 12:23:04,996] {scheduler_job.py:633} INFO - Processing file /home/airflow/.local/lib/python3.6/site-packages/airflow/example_dags/example_nested_branch_dag.py for tasks to queue
[2025-01-30 12:23:04,997] {logging_mixin.py:104} INFO - [2025-01-30 12:23:04,997] {dagbag.py:496} INFO - Filling up the DagBag from /home/airflow/.local/lib/python3.6/site-packages/airflow/example_dags/example_nested_branch_dag.py
[2025-01-30 12:23:05,018] {scheduler_job.py:643} INFO - DAG(s) dict_keys(['example_nested_branch_dag']) retrieved from /home/airflow/.local/lib/python3.6/site-packages/airflow/example_dags/example_nested_branch_dag.py
[2025-01-30 12:23:05,055] {logging_mixin.py:104} INFO - [2025-01-30 12:23:05,055] {dag.py:1833} INFO - Sync 1 DAGs
[2025-01-30 12:23:05,083] {logging_mixin.py:104} INFO - [2025-01-30 12:23:05,083] {dag.py:2306} INFO - Setting next_dagrun for example_nested_branch_dag to 2025-01-28 00:00:00+00:00
[2025-01-30 12:23:05,099] {scheduler_job.py:190} INFO - Processing /home/airflow/.local/lib/python3.6/site-packages/airflow/example_dags/example_nested_branch_dag.py took 0.108 seconds
[2025-01-30 12:23:35,312] {scheduler_job.py:182} INFO - Started process (PID=519) to work on /home/airflow/.local/lib/python3.6/site-packages/airflow/example_dags/example_nested_branch_dag.py
[2025-01-30 12:23:35,313] {scheduler_job.py:633} INFO - Processing file /home/airflow/.local/lib/python3.6/site-packages/airflow/example_dags/example_nested_branch_dag.py for tasks to queue
[2025-01-30 12:23:35,314] {logging_mixin.py:104} INFO - [2025-01-30 12:23:35,314] {dagbag.py:496} INFO - Filling up the DagBag from /home/airflow/.local/lib/python3.6/site-packages/airflow/example_dags/example_nested_branch_dag.py
[2025-01-30 12:23:35,333] {scheduler_job.py:643} INFO - DAG(s) dict_keys(['example_nested_branch_dag']) retrieved from /home/airflow/.local/lib/python3.6/site-packages/airflow/example_dags/example_nested_branch_dag.py
[2025-01-30 12:23:35,365] {logging_mixin.py:104} INFO - [2025-01-30 12:23:35,365] {dag.py:1833} INFO - Sync 1 DAGs
[2025-01-30 12:23:35,388] {logging_mixin.py:104} INFO - [2025-01-30 12:23:35,388] {dag.py:2306} INFO - Setting next_dagrun for example_nested_branch_dag to 2025-01-28 00:00:00+00:00
[2025-01-30 12:23:35,430] {scheduler_job.py:190} INFO - Processing /home/airflow/.local/lib/python3.6/site-packages/airflow/example_dags/example_nested_branch_dag.py took 0.122 seconds
[2025-01-30 12:24:06,154] {scheduler_job.py:182} INFO - Started process (PID=577) to work on /home/airflow/.local/lib/python3.6/site-packages/airflow/example_dags/example_nested_branch_dag.py
[2025-01-30 12:24:06,156] {scheduler_job.py:633} INFO - Processing file /home/airflow/.local/lib/python3.6/site-packages/airflow/example_dags/example_nested_branch_dag.py for tasks to queue
[2025-01-30 12:24:06,156] {logging_mixin.py:104} INFO - [2025-01-30 12:24:06,156] {dagbag.py:496} INFO - Filling up the DagBag from /home/airflow/.local/lib/python3.6/site-packages/airflow/example_dags/example_nested_branch_dag.py
[2025-01-30 12:24:06,178] {scheduler_job.py:643} INFO - DAG(s) dict_keys(['example_nested_branch_dag']) retrieved from /home/airflow/.local/lib/python3.6/site-packages/airflow/example_dags/example_nested_branch_dag.py
[2025-01-30 12:24:06,211] {logging_mixin.py:104} INFO - [2025-01-30 12:24:06,211] {dag.py:1833} INFO - Sync 1 DAGs
[2025-01-30 12:24:06,244] {logging_mixin.py:104} INFO - [2025-01-30 12:24:06,243] {dag.py:2306} INFO - Setting next_dagrun for example_nested_branch_dag to 2025-01-28 00:00:00+00:00
[2025-01-30 12:24:06,286] {scheduler_job.py:190} INFO - Processing /home/airflow/.local/lib/python3.6/site-packages/airflow/example_dags/example_nested_branch_dag.py took 0.136 seconds
[2025-01-30 12:24:36,451] {scheduler_job.py:182} INFO - Started process (PID=631) to work on /home/airflow/.local/lib/python3.6/site-packages/airflow/example_dags/example_nested_branch_dag.py
[2025-01-30 12:24:36,453] {scheduler_job.py:633} INFO - Processing file /home/airflow/.local/lib/python3.6/site-packages/airflow/example_dags/example_nested_branch_dag.py for tasks to queue
[2025-01-30 12:24:36,454] {logging_mixin.py:104} INFO - [2025-01-30 12:24:36,454] {dagbag.py:496} INFO - Filling up the DagBag from /home/airflow/.local/lib/python3.6/site-packages/airflow/example_dags/example_nested_branch_dag.py
[2025-01-30 12:24:36,473] {scheduler_job.py:643} INFO - DAG(s) dict_keys(['example_nested_branch_dag']) retrieved from /home/airflow/.local/lib/python3.6/site-packages/airflow/example_dags/example_nested_branch_dag.py
[2025-01-30 12:24:36,502] {logging_mixin.py:104} INFO - [2025-01-30 12:24:36,502] {dag.py:1833} INFO - Sync 1 DAGs
[2025-01-30 12:24:36,526] {logging_mixin.py:104} INFO - [2025-01-30 12:24:36,526] {dag.py:2306} INFO - Setting next_dagrun for example_nested_branch_dag to 2025-01-28 00:00:00+00:00
[2025-01-30 12:24:36,538] {scheduler_job.py:190} INFO - Processing /home/airflow/.local/lib/python3.6/site-packages/airflow/example_dags/example_nested_branch_dag.py took 0.092 seconds
[2025-01-30 12:24:58,624] {scheduler_job.py:182} INFO - Started process (PID=36) to work on /home/airflow/.local/lib/python3.6/site-packages/airflow/example_dags/example_nested_branch_dag.py
[2025-01-30 12:24:58,625] {scheduler_job.py:633} INFO - Processing file /home/airflow/.local/lib/python3.6/site-packages/airflow/example_dags/example_nested_branch_dag.py for tasks to queue
[2025-01-30 12:24:58,626] {logging_mixin.py:104} INFO - [2025-01-30 12:24:58,626] {dagbag.py:496} INFO - Filling up the DagBag from /home/airflow/.local/lib/python3.6/site-packages/airflow/example_dags/example_nested_branch_dag.py
[2025-01-30 12:24:58,641] {scheduler_job.py:643} INFO - DAG(s) dict_keys(['example_nested_branch_dag']) retrieved from /home/airflow/.local/lib/python3.6/site-packages/airflow/example_dags/example_nested_branch_dag.py
[2025-01-30 12:24:58,664] {logging_mixin.py:104} INFO - [2025-01-30 12:24:58,664] {dag.py:1833} INFO - Sync 1 DAGs
[2025-01-30 12:24:58,685] {logging_mixin.py:104} INFO - [2025-01-30 12:24:58,685] {dag.py:2306} INFO - Setting next_dagrun for example_nested_branch_dag to 2025-01-28 00:00:00+00:00
[2025-01-30 12:24:58,699] {scheduler_job.py:190} INFO - Processing /home/airflow/.local/lib/python3.6/site-packages/airflow/example_dags/example_nested_branch_dag.py took 0.078 seconds
[2025-01-30 12:25:29,518] {scheduler_job.py:182} INFO - Started process (PID=96) to work on /home/airflow/.local/lib/python3.6/site-packages/airflow/example_dags/example_nested_branch_dag.py
[2025-01-30 12:25:29,520] {scheduler_job.py:633} INFO - Processing file /home/airflow/.local/lib/python3.6/site-packages/airflow/example_dags/example_nested_branch_dag.py for tasks to queue
[2025-01-30 12:25:29,521] {logging_mixin.py:104} INFO - [2025-01-30 12:25:29,521] {dagbag.py:496} INFO - Filling up the DagBag from /home/airflow/.local/lib/python3.6/site-packages/airflow/example_dags/example_nested_branch_dag.py
[2025-01-30 12:25:29,552] {scheduler_job.py:643} INFO - DAG(s) dict_keys(['example_nested_branch_dag']) retrieved from /home/airflow/.local/lib/python3.6/site-packages/airflow/example_dags/example_nested_branch_dag.py
[2025-01-30 12:25:29,583] {logging_mixin.py:104} INFO - [2025-01-30 12:25:29,583] {dag.py:1833} INFO - Sync 1 DAGs
[2025-01-30 12:25:29,607] {logging_mixin.py:104} INFO - [2025-01-30 12:25:29,607] {dag.py:2306} INFO - Setting next_dagrun for example_nested_branch_dag to 2025-01-28 00:00:00+00:00
[2025-01-30 12:25:29,619] {scheduler_job.py:190} INFO - Processing /home/airflow/.local/lib/python3.6/site-packages/airflow/example_dags/example_nested_branch_dag.py took 0.107 seconds
[2025-01-30 12:25:59,941] {scheduler_job.py:182} INFO - Started process (PID=147) to work on /home/airflow/.local/lib/python3.6/site-packages/airflow/example_dags/example_nested_branch_dag.py
[2025-01-30 12:25:59,942] {scheduler_job.py:633} INFO - Processing file /home/airflow/.local/lib/python3.6/site-packages/airflow/example_dags/example_nested_branch_dag.py for tasks to queue
[2025-01-30 12:25:59,943] {logging_mixin.py:104} INFO - [2025-01-30 12:25:59,943] {dagbag.py:496} INFO - Filling up the DagBag from /home/airflow/.local/lib/python3.6/site-packages/airflow/example_dags/example_nested_branch_dag.py
[2025-01-30 12:25:59,966] {scheduler_job.py:643} INFO - DAG(s) dict_keys(['example_nested_branch_dag']) retrieved from /home/airflow/.local/lib/python3.6/site-packages/airflow/example_dags/example_nested_branch_dag.py
[2025-01-30 12:25:59,998] {logging_mixin.py:104} INFO - [2025-01-30 12:25:59,998] {dag.py:1833} INFO - Sync 1 DAGs
[2025-01-30 12:26:00,024] {logging_mixin.py:104} INFO - [2025-01-30 12:26:00,023] {dag.py:2306} INFO - Setting next_dagrun for example_nested_branch_dag to 2025-01-28 00:00:00+00:00
[2025-01-30 12:26:00,037] {scheduler_job.py:190} INFO - Processing /home/airflow/.local/lib/python3.6/site-packages/airflow/example_dags/example_nested_branch_dag.py took 0.101 seconds
[2025-01-30 12:26:30,855] {scheduler_job.py:182} INFO - Started process (PID=205) to work on /home/airflow/.local/lib/python3.6/site-packages/airflow/example_dags/example_nested_branch_dag.py
[2025-01-30 12:26:30,856] {scheduler_job.py:633} INFO - Processing file /home/airflow/.local/lib/python3.6/site-packages/airflow/example_dags/example_nested_branch_dag.py for tasks to queue
[2025-01-30 12:26:30,857] {logging_mixin.py:104} INFO - [2025-01-30 12:26:30,857] {dagbag.py:496} INFO - Filling up the DagBag from /home/airflow/.local/lib/python3.6/site-packages/airflow/example_dags/example_nested_branch_dag.py
[2025-01-30 12:26:30,879] {scheduler_job.py:643} INFO - DAG(s) dict_keys(['example_nested_branch_dag']) retrieved from /home/airflow/.local/lib/python3.6/site-packages/airflow/example_dags/example_nested_branch_dag.py
[2025-01-30 12:26:30,914] {logging_mixin.py:104} INFO - [2025-01-30 12:26:30,914] {dag.py:1833} INFO - Sync 1 DAGs
[2025-01-30 12:26:30,942] {logging_mixin.py:104} INFO - [2025-01-30 12:26:30,942] {dag.py:2306} INFO - Setting next_dagrun for example_nested_branch_dag to 2025-01-28 00:00:00+00:00
[2025-01-30 12:26:30,959] {scheduler_job.py:190} INFO - Processing /home/airflow/.local/lib/python3.6/site-packages/airflow/example_dags/example_nested_branch_dag.py took 0.109 seconds
[2025-01-30 12:27:01,751] {scheduler_job.py:182} INFO - Started process (PID=259) to work on /home/airflow/.local/lib/python3.6/site-packages/airflow/example_dags/example_nested_branch_dag.py
[2025-01-30 12:27:01,752] {scheduler_job.py:633} INFO - Processing file /home/airflow/.local/lib/python3.6/site-packages/airflow/example_dags/example_nested_branch_dag.py for tasks to queue
[2025-01-30 12:27:01,753] {logging_mixin.py:104} INFO - [2025-01-30 12:27:01,753] {dagbag.py:496} INFO - Filling up the DagBag from /home/airflow/.local/lib/python3.6/site-packages/airflow/example_dags/example_nested_branch_dag.py
[2025-01-30 12:27:01,776] {scheduler_job.py:643} INFO - DAG(s) dict_keys(['example_nested_branch_dag']) retrieved from /home/airflow/.local/lib/python3.6/site-packages/airflow/example_dags/example_nested_branch_dag.py
[2025-01-30 12:27:01,809] {logging_mixin.py:104} INFO - [2025-01-30 12:27:01,809] {dag.py:1833} INFO - Sync 1 DAGs
[2025-01-30 12:27:01,837] {logging_mixin.py:104} INFO - [2025-01-30 12:27:01,837] {dag.py:2306} INFO - Setting next_dagrun for example_nested_branch_dag to 2025-01-28 00:00:00+00:00
[2025-01-30 12:27:01,852] {scheduler_job.py:190} INFO - Processing /home/airflow/.local/lib/python3.6/site-packages/airflow/example_dags/example_nested_branch_dag.py took 0.105 seconds
[2025-01-30 12:27:32,380] {scheduler_job.py:182} INFO - Started process (PID=310) to work on /home/airflow/.local/lib/python3.6/site-packages/airflow/example_dags/example_nested_branch_dag.py
[2025-01-30 12:27:32,383] {scheduler_job.py:633} INFO - Processing file /home/airflow/.local/lib/python3.6/site-packages/airflow/example_dags/example_nested_branch_dag.py for tasks to queue
[2025-01-30 12:27:32,384] {logging_mixin.py:104} INFO - [2025-01-30 12:27:32,383] {dagbag.py:496} INFO - Filling up the DagBag from /home/airflow/.local/lib/python3.6/site-packages/airflow/example_dags/example_nested_branch_dag.py
[2025-01-30 12:27:32,404] {scheduler_job.py:643} INFO - DAG(s) dict_keys(['example_nested_branch_dag']) retrieved from /home/airflow/.local/lib/python3.6/site-packages/airflow/example_dags/example_nested_branch_dag.py
[2025-01-30 12:27:32,437] {logging_mixin.py:104} INFO - [2025-01-30 12:27:32,437] {dag.py:1833} INFO - Sync 1 DAGs
[2025-01-30 12:27:32,462] {logging_mixin.py:104} INFO - [2025-01-30 12:27:32,462] {dag.py:2306} INFO - Setting next_dagrun for example_nested_branch_dag to 2025-01-28 00:00:00+00:00
[2025-01-30 12:27:32,478] {scheduler_job.py:190} INFO - Processing /home/airflow/.local/lib/python3.6/site-packages/airflow/example_dags/example_nested_branch_dag.py took 0.102 seconds
[2025-01-30 12:28:02,549] {scheduler_job.py:182} INFO - Started process (PID=370) to work on /home/airflow/.local/lib/python3.6/site-packages/airflow/example_dags/example_nested_branch_dag.py
[2025-01-30 12:28:02,551] {scheduler_job.py:633} INFO - Processing file /home/airflow/.local/lib/python3.6/site-packages/airflow/example_dags/example_nested_branch_dag.py for tasks to queue
[2025-01-30 12:28:02,552] {logging_mixin.py:104} INFO - [2025-01-30 12:28:02,552] {dagbag.py:496} INFO - Filling up the DagBag from /home/airflow/.local/lib/python3.6/site-packages/airflow/example_dags/example_nested_branch_dag.py
[2025-01-30 12:28:02,572] {scheduler_job.py:643} INFO - DAG(s) dict_keys(['example_nested_branch_dag']) retrieved from /home/airflow/.local/lib/python3.6/site-packages/airflow/example_dags/example_nested_branch_dag.py
[2025-01-30 12:28:02,602] {logging_mixin.py:104} INFO - [2025-01-30 12:28:02,602] {dag.py:1833} INFO - Sync 1 DAGs
[2025-01-30 12:28:02,624] {logging_mixin.py:104} INFO - [2025-01-30 12:28:02,624] {dag.py:2306} INFO - Setting next_dagrun for example_nested_branch_dag to 2025-01-28 00:00:00+00:00
[2025-01-30 12:28:02,636] {scheduler_job.py:190} INFO - Processing /home/airflow/.local/lib/python3.6/site-packages/airflow/example_dags/example_nested_branch_dag.py took 0.091 seconds
[2025-01-30 12:28:32,927] {scheduler_job.py:182} INFO - Started process (PID=422) to work on /home/airflow/.local/lib/python3.6/site-packages/airflow/example_dags/example_nested_branch_dag.py
[2025-01-30 12:28:32,929] {scheduler_job.py:633} INFO - Processing file /home/airflow/.local/lib/python3.6/site-packages/airflow/example_dags/example_nested_branch_dag.py for tasks to queue
[2025-01-30 12:28:32,930] {logging_mixin.py:104} INFO - [2025-01-30 12:28:32,930] {dagbag.py:496} INFO - Filling up the DagBag from /home/airflow/.local/lib/python3.6/site-packages/airflow/example_dags/example_nested_branch_dag.py
[2025-01-30 12:28:32,951] {scheduler_job.py:643} INFO - DAG(s) dict_keys(['example_nested_branch_dag']) retrieved from /home/airflow/.local/lib/python3.6/site-packages/airflow/example_dags/example_nested_branch_dag.py
[2025-01-30 12:28:32,982] {logging_mixin.py:104} INFO - [2025-01-30 12:28:32,982] {dag.py:1833} INFO - Sync 1 DAGs
[2025-01-30 12:28:33,007] {logging_mixin.py:104} INFO - [2025-01-30 12:28:33,007] {dag.py:2306} INFO - Setting next_dagrun for example_nested_branch_dag to 2025-01-28 00:00:00+00:00
[2025-01-30 12:28:33,021] {scheduler_job.py:190} INFO - Processing /home/airflow/.local/lib/python3.6/site-packages/airflow/example_dags/example_nested_branch_dag.py took 0.098 seconds
[2025-01-30 12:29:03,394] {scheduler_job.py:182} INFO - Started process (PID=473) to work on /home/airflow/.local/lib/python3.6/site-packages/airflow/example_dags/example_nested_branch_dag.py
[2025-01-30 12:29:03,395] {scheduler_job.py:633} INFO - Processing file /home/airflow/.local/lib/python3.6/site-packages/airflow/example_dags/example_nested_branch_dag.py for tasks to queue
[2025-01-30 12:29:03,396] {logging_mixin.py:104} INFO - [2025-01-30 12:29:03,396] {dagbag.py:496} INFO - Filling up the DagBag from /home/airflow/.local/lib/python3.6/site-packages/airflow/example_dags/example_nested_branch_dag.py
[2025-01-30 12:29:03,415] {scheduler_job.py:643} INFO - DAG(s) dict_keys(['example_nested_branch_dag']) retrieved from /home/airflow/.local/lib/python3.6/site-packages/airflow/example_dags/example_nested_branch_dag.py
[2025-01-30 12:29:03,442] {logging_mixin.py:104} INFO - [2025-01-30 12:29:03,442] {dag.py:1833} INFO - Sync 1 DAGs
[2025-01-30 12:29:03,465] {logging_mixin.py:104} INFO - [2025-01-30 12:29:03,465] {dag.py:2306} INFO - Setting next_dagrun for example_nested_branch_dag to 2025-01-28 00:00:00+00:00
[2025-01-30 12:29:03,477] {scheduler_job.py:190} INFO - Processing /home/airflow/.local/lib/python3.6/site-packages/airflow/example_dags/example_nested_branch_dag.py took 0.087 seconds
[2025-01-30 12:29:34,427] {scheduler_job.py:182} INFO - Started process (PID=534) to work on /home/airflow/.local/lib/python3.6/site-packages/airflow/example_dags/example_nested_branch_dag.py
[2025-01-30 12:29:34,428] {scheduler_job.py:633} INFO - Processing file /home/airflow/.local/lib/python3.6/site-packages/airflow/example_dags/example_nested_branch_dag.py for tasks to queue
[2025-01-30 12:29:34,429] {logging_mixin.py:104} INFO - [2025-01-30 12:29:34,429] {dagbag.py:496} INFO - Filling up the DagBag from /home/airflow/.local/lib/python3.6/site-packages/airflow/example_dags/example_nested_branch_dag.py
[2025-01-30 12:29:34,448] {scheduler_job.py:643} INFO - DAG(s) dict_keys(['example_nested_branch_dag']) retrieved from /home/airflow/.local/lib/python3.6/site-packages/airflow/example_dags/example_nested_branch_dag.py
[2025-01-30 12:29:34,477] {logging_mixin.py:104} INFO - [2025-01-30 12:29:34,476] {dag.py:1833} INFO - Sync 1 DAGs
[2025-01-30 12:29:34,499] {logging_mixin.py:104} INFO - [2025-01-30 12:29:34,499] {dag.py:2306} INFO - Setting next_dagrun for example_nested_branch_dag to 2025-01-28 00:00:00+00:00
[2025-01-30 12:29:34,512] {scheduler_job.py:190} INFO - Processing /home/airflow/.local/lib/python3.6/site-packages/airflow/example_dags/example_nested_branch_dag.py took 0.088 seconds
[2025-01-30 12:30:05,220] {scheduler_job.py:182} INFO - Started process (PID=585) to work on /home/airflow/.local/lib/python3.6/site-packages/airflow/example_dags/example_nested_branch_dag.py
[2025-01-30 12:30:05,222] {scheduler_job.py:633} INFO - Processing file /home/airflow/.local/lib/python3.6/site-packages/airflow/example_dags/example_nested_branch_dag.py for tasks to queue
[2025-01-30 12:30:05,223] {logging_mixin.py:104} INFO - [2025-01-30 12:30:05,223] {dagbag.py:496} INFO - Filling up the DagBag from /home/airflow/.local/lib/python3.6/site-packages/airflow/example_dags/example_nested_branch_dag.py
[2025-01-30 12:30:05,243] {scheduler_job.py:643} INFO - DAG(s) dict_keys(['example_nested_branch_dag']) retrieved from /home/airflow/.local/lib/python3.6/site-packages/airflow/example_dags/example_nested_branch_dag.py
[2025-01-30 12:30:05,274] {logging_mixin.py:104} INFO - [2025-01-30 12:30:05,274] {dag.py:1833} INFO - Sync 1 DAGs
[2025-01-30 12:30:05,299] {logging_mixin.py:104} INFO - [2025-01-30 12:30:05,299] {dag.py:2306} INFO - Setting next_dagrun for example_nested_branch_dag to 2025-01-28 00:00:00+00:00
[2025-01-30 12:30:05,313] {scheduler_job.py:190} INFO - Processing /home/airflow/.local/lib/python3.6/site-packages/airflow/example_dags/example_nested_branch_dag.py took 0.097 seconds
[2025-01-30 12:30:35,932] {scheduler_job.py:182} INFO - Started process (PID=636) to work on /home/airflow/.local/lib/python3.6/site-packages/airflow/example_dags/example_nested_branch_dag.py
[2025-01-30 12:30:35,933] {scheduler_job.py:633} INFO - Processing file /home/airflow/.local/lib/python3.6/site-packages/airflow/example_dags/example_nested_branch_dag.py for tasks to queue
[2025-01-30 12:30:35,934] {logging_mixin.py:104} INFO - [2025-01-30 12:30:35,934] {dagbag.py:496} INFO - Filling up the DagBag from /home/airflow/.local/lib/python3.6/site-packages/airflow/example_dags/example_nested_branch_dag.py
[2025-01-30 12:30:35,953] {scheduler_job.py:643} INFO - DAG(s) dict_keys(['example_nested_branch_dag']) retrieved from /home/airflow/.local/lib/python3.6/site-packages/airflow/example_dags/example_nested_branch_dag.py
[2025-01-30 12:30:35,980] {logging_mixin.py:104} INFO - [2025-01-30 12:30:35,980] {dag.py:1833} INFO - Sync 1 DAGs
[2025-01-30 12:30:36,004] {logging_mixin.py:104} INFO - [2025-01-30 12:30:36,003] {dag.py:2306} INFO - Setting next_dagrun for example_nested_branch_dag to 2025-01-28 00:00:00+00:00
[2025-01-30 12:30:36,016] {scheduler_job.py:190} INFO - Processing /home/airflow/.local/lib/python3.6/site-packages/airflow/example_dags/example_nested_branch_dag.py took 0.088 seconds
[2025-01-30 12:31:06,543] {scheduler_job.py:182} INFO - Started process (PID=697) to work on /home/airflow/.local/lib/python3.6/site-packages/airflow/example_dags/example_nested_branch_dag.py
[2025-01-30 12:31:06,544] {scheduler_job.py:633} INFO - Processing file /home/airflow/.local/lib/python3.6/site-packages/airflow/example_dags/example_nested_branch_dag.py for tasks to queue
[2025-01-30 12:31:06,545] {logging_mixin.py:104} INFO - [2025-01-30 12:31:06,545] {dagbag.py:496} INFO - Filling up the DagBag from /home/airflow/.local/lib/python3.6/site-packages/airflow/example_dags/example_nested_branch_dag.py
[2025-01-30 12:31:06,565] {scheduler_job.py:643} INFO - DAG(s) dict_keys(['example_nested_branch_dag']) retrieved from /home/airflow/.local/lib/python3.6/site-packages/airflow/example_dags/example_nested_branch_dag.py
[2025-01-30 12:31:06,595] {logging_mixin.py:104} INFO - [2025-01-30 12:31:06,595] {dag.py:1833} INFO - Sync 1 DAGs
[2025-01-30 12:31:06,618] {logging_mixin.py:104} INFO - [2025-01-30 12:31:06,618] {dag.py:2306} INFO - Setting next_dagrun for example_nested_branch_dag to 2025-01-28 00:00:00+00:00
[2025-01-30 12:31:06,631] {scheduler_job.py:190} INFO - Processing /home/airflow/.local/lib/python3.6/site-packages/airflow/example_dags/example_nested_branch_dag.py took 0.092 seconds
[2025-01-30 12:31:37,170] {scheduler_job.py:182} INFO - Started process (PID=748) to work on /home/airflow/.local/lib/python3.6/site-packages/airflow/example_dags/example_nested_branch_dag.py
[2025-01-30 12:31:37,171] {scheduler_job.py:633} INFO - Processing file /home/airflow/.local/lib/python3.6/site-packages/airflow/example_dags/example_nested_branch_dag.py for tasks to queue
[2025-01-30 12:31:37,172] {logging_mixin.py:104} INFO - [2025-01-30 12:31:37,172] {dagbag.py:496} INFO - Filling up the DagBag from /home/airflow/.local/lib/python3.6/site-packages/airflow/example_dags/example_nested_branch_dag.py
[2025-01-30 12:31:37,193] {scheduler_job.py:643} INFO - DAG(s) dict_keys(['example_nested_branch_dag']) retrieved from /home/airflow/.local/lib/python3.6/site-packages/airflow/example_dags/example_nested_branch_dag.py
[2025-01-30 12:31:37,224] {logging_mixin.py:104} INFO - [2025-01-30 12:31:37,224] {dag.py:1833} INFO - Sync 1 DAGs
[2025-01-30 12:31:37,250] {logging_mixin.py:104} INFO - [2025-01-30 12:31:37,249] {dag.py:2306} INFO - Setting next_dagrun for example_nested_branch_dag to 2025-01-28 00:00:00+00:00
[2025-01-30 12:31:37,263] {scheduler_job.py:190} INFO - Processing /home/airflow/.local/lib/python3.6/site-packages/airflow/example_dags/example_nested_branch_dag.py took 0.097 seconds
[2025-01-30 12:32:07,476] {scheduler_job.py:182} INFO - Started process (PID=799) to work on /home/airflow/.local/lib/python3.6/site-packages/airflow/example_dags/example_nested_branch_dag.py
[2025-01-30 12:32:07,478] {scheduler_job.py:633} INFO - Processing file /home/airflow/.local/lib/python3.6/site-packages/airflow/example_dags/example_nested_branch_dag.py for tasks to queue
[2025-01-30 12:32:07,479] {logging_mixin.py:104} INFO - [2025-01-30 12:32:07,478] {dagbag.py:496} INFO - Filling up the DagBag from /home/airflow/.local/lib/python3.6/site-packages/airflow/example_dags/example_nested_branch_dag.py
[2025-01-30 12:32:07,498] {scheduler_job.py:643} INFO - DAG(s) dict_keys(['example_nested_branch_dag']) retrieved from /home/airflow/.local/lib/python3.6/site-packages/airflow/example_dags/example_nested_branch_dag.py
[2025-01-30 12:32:07,530] {logging_mixin.py:104} INFO - [2025-01-30 12:32:07,530] {dag.py:1833} INFO - Sync 1 DAGs
[2025-01-30 12:32:07,555] {logging_mixin.py:104} INFO - [2025-01-30 12:32:07,555] {dag.py:2306} INFO - Setting next_dagrun for example_nested_branch_dag to 2025-01-28 00:00:00+00:00
[2025-01-30 12:32:07,571] {scheduler_job.py:190} INFO - Processing /home/airflow/.local/lib/python3.6/site-packages/airflow/example_dags/example_nested_branch_dag.py took 0.099 seconds
[2025-01-30 12:32:38,100] {scheduler_job.py:182} INFO - Started process (PID=860) to work on /home/airflow/.local/lib/python3.6/site-packages/airflow/example_dags/example_nested_branch_dag.py
[2025-01-30 12:32:38,101] {scheduler_job.py:633} INFO - Processing file /home/airflow/.local/lib/python3.6/site-packages/airflow/example_dags/example_nested_branch_dag.py for tasks to queue
[2025-01-30 12:32:38,102] {logging_mixin.py:104} INFO - [2025-01-30 12:32:38,102] {dagbag.py:496} INFO - Filling up the DagBag from /home/airflow/.local/lib/python3.6/site-packages/airflow/example_dags/example_nested_branch_dag.py
[2025-01-30 12:32:38,124] {scheduler_job.py:643} INFO - DAG(s) dict_keys(['example_nested_branch_dag']) retrieved from /home/airflow/.local/lib/python3.6/site-packages/airflow/example_dags/example_nested_branch_dag.py
[2025-01-30 12:32:38,157] {logging_mixin.py:104} INFO - [2025-01-30 12:32:38,157] {dag.py:1833} INFO - Sync 1 DAGs
[2025-01-30 12:32:38,183] {logging_mixin.py:104} INFO - [2025-01-30 12:32:38,183] {dag.py:2306} INFO - Setting next_dagrun for example_nested_branch_dag to 2025-01-28 00:00:00+00:00
[2025-01-30 12:32:38,197] {scheduler_job.py:190} INFO - Processing /home/airflow/.local/lib/python3.6/site-packages/airflow/example_dags/example_nested_branch_dag.py took 0.102 seconds
[2025-01-30 12:33:08,896] {scheduler_job.py:182} INFO - Started process (PID=911) to work on /home/airflow/.local/lib/python3.6/site-packages/airflow/example_dags/example_nested_branch_dag.py
[2025-01-30 12:33:08,897] {scheduler_job.py:633} INFO - Processing file /home/airflow/.local/lib/python3.6/site-packages/airflow/example_dags/example_nested_branch_dag.py for tasks to queue
[2025-01-30 12:33:08,898] {logging_mixin.py:104} INFO - [2025-01-30 12:33:08,898] {dagbag.py:496} INFO - Filling up the DagBag from /home/airflow/.local/lib/python3.6/site-packages/airflow/example_dags/example_nested_branch_dag.py
[2025-01-30 12:33:08,917] {scheduler_job.py:643} INFO - DAG(s) dict_keys(['example_nested_branch_dag']) retrieved from /home/airflow/.local/lib/python3.6/site-packages/airflow/example_dags/example_nested_branch_dag.py
[2025-01-30 12:33:08,945] {logging_mixin.py:104} INFO - [2025-01-30 12:33:08,944] {dag.py:1833} INFO - Sync 1 DAGs
[2025-01-30 12:33:08,970] {logging_mixin.py:104} INFO - [2025-01-30 12:33:08,970] {dag.py:2306} INFO - Setting next_dagrun for example_nested_branch_dag to 2025-01-28 00:00:00+00:00
[2025-01-30 12:33:08,984] {scheduler_job.py:190} INFO - Processing /home/airflow/.local/lib/python3.6/site-packages/airflow/example_dags/example_nested_branch_dag.py took 0.092 seconds
[2025-01-30 12:33:39,313] {scheduler_job.py:182} INFO - Started process (PID=969) to work on /home/airflow/.local/lib/python3.6/site-packages/airflow/example_dags/example_nested_branch_dag.py
[2025-01-30 12:33:39,314] {scheduler_job.py:633} INFO - Processing file /home/airflow/.local/lib/python3.6/site-packages/airflow/example_dags/example_nested_branch_dag.py for tasks to queue
[2025-01-30 12:33:39,315] {logging_mixin.py:104} INFO - [2025-01-30 12:33:39,315] {dagbag.py:496} INFO - Filling up the DagBag from /home/airflow/.local/lib/python3.6/site-packages/airflow/example_dags/example_nested_branch_dag.py
[2025-01-30 12:33:39,335] {scheduler_job.py:643} INFO - DAG(s) dict_keys(['example_nested_branch_dag']) retrieved from /home/airflow/.local/lib/python3.6/site-packages/airflow/example_dags/example_nested_branch_dag.py
[2025-01-30 12:33:39,366] {logging_mixin.py:104} INFO - [2025-01-30 12:33:39,366] {dag.py:1833} INFO - Sync 1 DAGs
[2025-01-30 12:33:39,393] {logging_mixin.py:104} INFO - [2025-01-30 12:33:39,393] {dag.py:2306} INFO - Setting next_dagrun for example_nested_branch_dag to 2025-01-28 00:00:00+00:00
[2025-01-30 12:33:39,407] {scheduler_job.py:190} INFO - Processing /home/airflow/.local/lib/python3.6/site-packages/airflow/example_dags/example_nested_branch_dag.py took 0.099 seconds
