[2025-01-30 12:22:36,989] {scheduler_job.py:182} INFO - Started process (PID=131) to work on /home/airflow/.local/lib/python3.6/site-packages/airflow/example_dags/example_branch_operator.py
[2025-01-30 12:22:36,990] {scheduler_job.py:633} INFO - Processing file /home/airflow/.local/lib/python3.6/site-packages/airflow/example_dags/example_branch_operator.py for tasks to queue
[2025-01-30 12:22:36,991] {logging_mixin.py:104} INFO - [2025-01-30 12:22:36,991] {dagbag.py:496} INFO - Filling up the DagBag from /home/airflow/.local/lib/python3.6/site-packages/airflow/example_dags/example_branch_operator.py
[2025-01-30 12:22:37,016] {scheduler_job.py:643} INFO - DAG(s) dict_keys(['example_branch_operator']) retrieved from /home/airflow/.local/lib/python3.6/site-packages/airflow/example_dags/example_branch_operator.py
[2025-01-30 12:22:40,671] {logging_mixin.py:104} INFO - [2025-01-30 12:22:40,669] {dag.py:1833} INFO - Sync 1 DAGs
[2025-01-30 12:22:40,687] {logging_mixin.py:104} INFO - [2025-01-30 12:22:40,685] {dag.py:1852} INFO - Creating ORM DAG for example_branch_operator
[2025-01-30 12:22:40,698] {logging_mixin.py:104} INFO - [2025-01-30 12:22:40,698] {dag.py:2306} INFO - Setting next_dagrun for example_branch_operator to 2025-01-28 00:00:00+00:00
[2025-01-30 12:22:40,711] {scheduler_job.py:190} INFO - Processing /home/airflow/.local/lib/python3.6/site-packages/airflow/example_dags/example_branch_operator.py took 3.726 seconds
[2025-01-30 12:23:11,171] {scheduler_job.py:182} INFO - Started process (PID=471) to work on /home/airflow/.local/lib/python3.6/site-packages/airflow/example_dags/example_branch_operator.py
[2025-01-30 12:23:11,173] {scheduler_job.py:633} INFO - Processing file /home/airflow/.local/lib/python3.6/site-packages/airflow/example_dags/example_branch_operator.py for tasks to queue
[2025-01-30 12:23:11,174] {logging_mixin.py:104} INFO - [2025-01-30 12:23:11,174] {dagbag.py:496} INFO - Filling up the DagBag from /home/airflow/.local/lib/python3.6/site-packages/airflow/example_dags/example_branch_operator.py
[2025-01-30 12:23:11,195] {scheduler_job.py:643} INFO - DAG(s) dict_keys(['example_branch_operator']) retrieved from /home/airflow/.local/lib/python3.6/site-packages/airflow/example_dags/example_branch_operator.py
[2025-01-30 12:23:11,227] {logging_mixin.py:104} INFO - [2025-01-30 12:23:11,227] {dag.py:1833} INFO - Sync 1 DAGs
[2025-01-30 12:23:11,253] {logging_mixin.py:104} INFO - [2025-01-30 12:23:11,252] {dag.py:2306} INFO - Setting next_dagrun for example_branch_operator to 2025-01-28 00:00:00+00:00
[2025-01-30 12:23:11,267] {scheduler_job.py:190} INFO - Processing /home/airflow/.local/lib/python3.6/site-packages/airflow/example_dags/example_branch_operator.py took 0.100 seconds
[2025-01-30 12:23:41,543] {scheduler_job.py:182} INFO - Started process (PID=532) to work on /home/airflow/.local/lib/python3.6/site-packages/airflow/example_dags/example_branch_operator.py
[2025-01-30 12:23:41,544] {scheduler_job.py:633} INFO - Processing file /home/airflow/.local/lib/python3.6/site-packages/airflow/example_dags/example_branch_operator.py for tasks to queue
[2025-01-30 12:23:41,545] {logging_mixin.py:104} INFO - [2025-01-30 12:23:41,545] {dagbag.py:496} INFO - Filling up the DagBag from /home/airflow/.local/lib/python3.6/site-packages/airflow/example_dags/example_branch_operator.py
[2025-01-30 12:23:41,566] {scheduler_job.py:643} INFO - DAG(s) dict_keys(['example_branch_operator']) retrieved from /home/airflow/.local/lib/python3.6/site-packages/airflow/example_dags/example_branch_operator.py
[2025-01-30 12:23:41,596] {logging_mixin.py:104} INFO - [2025-01-30 12:23:41,596] {dag.py:1833} INFO - Sync 1 DAGs
[2025-01-30 12:23:41,619] {logging_mixin.py:104} INFO - [2025-01-30 12:23:41,619] {dag.py:2306} INFO - Setting next_dagrun for example_branch_operator to 2025-01-28 00:00:00+00:00
[2025-01-30 12:23:41,633] {scheduler_job.py:190} INFO - Processing /home/airflow/.local/lib/python3.6/site-packages/airflow/example_dags/example_branch_operator.py took 0.094 seconds
[2025-01-30 12:24:12,340] {scheduler_job.py:182} INFO - Started process (PID=583) to work on /home/airflow/.local/lib/python3.6/site-packages/airflow/example_dags/example_branch_operator.py
[2025-01-30 12:24:12,342] {scheduler_job.py:633} INFO - Processing file /home/airflow/.local/lib/python3.6/site-packages/airflow/example_dags/example_branch_operator.py for tasks to queue
[2025-01-30 12:24:12,344] {logging_mixin.py:104} INFO - [2025-01-30 12:24:12,343] {dagbag.py:496} INFO - Filling up the DagBag from /home/airflow/.local/lib/python3.6/site-packages/airflow/example_dags/example_branch_operator.py
[2025-01-30 12:24:12,377] {scheduler_job.py:643} INFO - DAG(s) dict_keys(['example_branch_operator']) retrieved from /home/airflow/.local/lib/python3.6/site-packages/airflow/example_dags/example_branch_operator.py
[2025-01-30 12:24:12,417] {logging_mixin.py:104} INFO - [2025-01-30 12:24:12,417] {dag.py:1833} INFO - Sync 1 DAGs
[2025-01-30 12:24:12,444] {logging_mixin.py:104} INFO - [2025-01-30 12:24:12,444] {dag.py:2306} INFO - Setting next_dagrun for example_branch_operator to 2025-01-28 00:00:00+00:00
[2025-01-30 12:24:12,488] {scheduler_job.py:190} INFO - Processing /home/airflow/.local/lib/python3.6/site-packages/airflow/example_dags/example_branch_operator.py took 0.153 seconds
[2025-01-30 12:24:58,766] {scheduler_job.py:182} INFO - Started process (PID=39) to work on /home/airflow/.local/lib/python3.6/site-packages/airflow/example_dags/example_branch_operator.py
[2025-01-30 12:24:58,769] {scheduler_job.py:633} INFO - Processing file /home/airflow/.local/lib/python3.6/site-packages/airflow/example_dags/example_branch_operator.py for tasks to queue
[2025-01-30 12:24:58,770] {logging_mixin.py:104} INFO - [2025-01-30 12:24:58,769] {dagbag.py:496} INFO - Filling up the DagBag from /home/airflow/.local/lib/python3.6/site-packages/airflow/example_dags/example_branch_operator.py
[2025-01-30 12:24:58,798] {scheduler_job.py:643} INFO - DAG(s) dict_keys(['example_branch_operator']) retrieved from /home/airflow/.local/lib/python3.6/site-packages/airflow/example_dags/example_branch_operator.py
[2025-01-30 12:24:58,828] {logging_mixin.py:104} INFO - [2025-01-30 12:24:58,828] {dag.py:1833} INFO - Sync 1 DAGs
[2025-01-30 12:24:58,846] {logging_mixin.py:104} INFO - [2025-01-30 12:24:58,846] {dag.py:2306} INFO - Setting next_dagrun for example_branch_operator to 2025-01-28 00:00:00+00:00
[2025-01-30 12:24:58,857] {scheduler_job.py:190} INFO - Processing /home/airflow/.local/lib/python3.6/site-packages/airflow/example_dags/example_branch_operator.py took 0.097 seconds
[2025-01-30 12:25:29,671] {scheduler_job.py:182} INFO - Started process (PID=99) to work on /home/airflow/.local/lib/python3.6/site-packages/airflow/example_dags/example_branch_operator.py
[2025-01-30 12:25:29,672] {scheduler_job.py:633} INFO - Processing file /home/airflow/.local/lib/python3.6/site-packages/airflow/example_dags/example_branch_operator.py for tasks to queue
[2025-01-30 12:25:29,673] {logging_mixin.py:104} INFO - [2025-01-30 12:25:29,673] {dagbag.py:496} INFO - Filling up the DagBag from /home/airflow/.local/lib/python3.6/site-packages/airflow/example_dags/example_branch_operator.py
[2025-01-30 12:25:29,694] {scheduler_job.py:643} INFO - DAG(s) dict_keys(['example_branch_operator']) retrieved from /home/airflow/.local/lib/python3.6/site-packages/airflow/example_dags/example_branch_operator.py
[2025-01-30 12:25:29,724] {logging_mixin.py:104} INFO - [2025-01-30 12:25:29,724] {dag.py:1833} INFO - Sync 1 DAGs
[2025-01-30 12:25:29,749] {logging_mixin.py:104} INFO - [2025-01-30 12:25:29,749] {dag.py:2306} INFO - Setting next_dagrun for example_branch_operator to 2025-01-28 00:00:00+00:00
[2025-01-30 12:25:29,761] {scheduler_job.py:190} INFO - Processing /home/airflow/.local/lib/python3.6/site-packages/airflow/example_dags/example_branch_operator.py took 0.094 seconds
[2025-01-30 12:26:00,221] {scheduler_job.py:182} INFO - Started process (PID=150) to work on /home/airflow/.local/lib/python3.6/site-packages/airflow/example_dags/example_branch_operator.py
[2025-01-30 12:26:00,223] {scheduler_job.py:633} INFO - Processing file /home/airflow/.local/lib/python3.6/site-packages/airflow/example_dags/example_branch_operator.py for tasks to queue
[2025-01-30 12:26:00,224] {logging_mixin.py:104} INFO - [2025-01-30 12:26:00,224] {dagbag.py:496} INFO - Filling up the DagBag from /home/airflow/.local/lib/python3.6/site-packages/airflow/example_dags/example_branch_operator.py
[2025-01-30 12:26:00,245] {scheduler_job.py:643} INFO - DAG(s) dict_keys(['example_branch_operator']) retrieved from /home/airflow/.local/lib/python3.6/site-packages/airflow/example_dags/example_branch_operator.py
[2025-01-30 12:26:00,277] {logging_mixin.py:104} INFO - [2025-01-30 12:26:00,277] {dag.py:1833} INFO - Sync 1 DAGs
[2025-01-30 12:26:00,305] {logging_mixin.py:104} INFO - [2025-01-30 12:26:00,305] {dag.py:2306} INFO - Setting next_dagrun for example_branch_operator to 2025-01-28 00:00:00+00:00
[2025-01-30 12:26:00,322] {scheduler_job.py:190} INFO - Processing /home/airflow/.local/lib/python3.6/site-packages/airflow/example_dags/example_branch_operator.py took 0.105 seconds
[2025-01-30 12:26:31,013] {scheduler_job.py:182} INFO - Started process (PID=208) to work on /home/airflow/.local/lib/python3.6/site-packages/airflow/example_dags/example_branch_operator.py
[2025-01-30 12:26:31,015] {scheduler_job.py:633} INFO - Processing file /home/airflow/.local/lib/python3.6/site-packages/airflow/example_dags/example_branch_operator.py for tasks to queue
[2025-01-30 12:26:31,016] {logging_mixin.py:104} INFO - [2025-01-30 12:26:31,015] {dagbag.py:496} INFO - Filling up the DagBag from /home/airflow/.local/lib/python3.6/site-packages/airflow/example_dags/example_branch_operator.py
[2025-01-30 12:26:31,044] {scheduler_job.py:643} INFO - DAG(s) dict_keys(['example_branch_operator']) retrieved from /home/airflow/.local/lib/python3.6/site-packages/airflow/example_dags/example_branch_operator.py
[2025-01-30 12:26:31,085] {logging_mixin.py:104} INFO - [2025-01-30 12:26:31,085] {dag.py:1833} INFO - Sync 1 DAGs
[2025-01-30 12:26:31,120] {logging_mixin.py:104} INFO - [2025-01-30 12:26:31,119] {dag.py:2306} INFO - Setting next_dagrun for example_branch_operator to 2025-01-28 00:00:00+00:00
[2025-01-30 12:26:31,135] {scheduler_job.py:190} INFO - Processing /home/airflow/.local/lib/python3.6/site-packages/airflow/example_dags/example_branch_operator.py took 0.127 seconds
[2025-01-30 12:27:01,899] {scheduler_job.py:182} INFO - Started process (PID=262) to work on /home/airflow/.local/lib/python3.6/site-packages/airflow/example_dags/example_branch_operator.py
[2025-01-30 12:27:01,901] {scheduler_job.py:633} INFO - Processing file /home/airflow/.local/lib/python3.6/site-packages/airflow/example_dags/example_branch_operator.py for tasks to queue
[2025-01-30 12:27:01,901] {logging_mixin.py:104} INFO - [2025-01-30 12:27:01,901] {dagbag.py:496} INFO - Filling up the DagBag from /home/airflow/.local/lib/python3.6/site-packages/airflow/example_dags/example_branch_operator.py
[2025-01-30 12:27:01,926] {scheduler_job.py:643} INFO - DAG(s) dict_keys(['example_branch_operator']) retrieved from /home/airflow/.local/lib/python3.6/site-packages/airflow/example_dags/example_branch_operator.py
[2025-01-30 12:27:01,961] {logging_mixin.py:104} INFO - [2025-01-30 12:27:01,960] {dag.py:1833} INFO - Sync 1 DAGs
[2025-01-30 12:27:01,990] {logging_mixin.py:104} INFO - [2025-01-30 12:27:01,990] {dag.py:2306} INFO - Setting next_dagrun for example_branch_operator to 2025-01-28 00:00:00+00:00
[2025-01-30 12:27:02,005] {scheduler_job.py:190} INFO - Processing /home/airflow/.local/lib/python3.6/site-packages/airflow/example_dags/example_branch_operator.py took 0.112 seconds
[2025-01-30 12:27:32,530] {scheduler_job.py:182} INFO - Started process (PID=313) to work on /home/airflow/.local/lib/python3.6/site-packages/airflow/example_dags/example_branch_operator.py
[2025-01-30 12:27:32,532] {scheduler_job.py:633} INFO - Processing file /home/airflow/.local/lib/python3.6/site-packages/airflow/example_dags/example_branch_operator.py for tasks to queue
[2025-01-30 12:27:32,533] {logging_mixin.py:104} INFO - [2025-01-30 12:27:32,533] {dagbag.py:496} INFO - Filling up the DagBag from /home/airflow/.local/lib/python3.6/site-packages/airflow/example_dags/example_branch_operator.py
[2025-01-30 12:27:32,556] {scheduler_job.py:643} INFO - DAG(s) dict_keys(['example_branch_operator']) retrieved from /home/airflow/.local/lib/python3.6/site-packages/airflow/example_dags/example_branch_operator.py
[2025-01-30 12:27:32,588] {logging_mixin.py:104} INFO - [2025-01-30 12:27:32,588] {dag.py:1833} INFO - Sync 1 DAGs
[2025-01-30 12:27:32,614] {logging_mixin.py:104} INFO - [2025-01-30 12:27:32,614] {dag.py:2306} INFO - Setting next_dagrun for example_branch_operator to 2025-01-28 00:00:00+00:00
[2025-01-30 12:27:32,629] {scheduler_job.py:190} INFO - Processing /home/airflow/.local/lib/python3.6/site-packages/airflow/example_dags/example_branch_operator.py took 0.104 seconds
[2025-01-30 12:28:02,685] {scheduler_job.py:182} INFO - Started process (PID=373) to work on /home/airflow/.local/lib/python3.6/site-packages/airflow/example_dags/example_branch_operator.py
[2025-01-30 12:28:02,687] {scheduler_job.py:633} INFO - Processing file /home/airflow/.local/lib/python3.6/site-packages/airflow/example_dags/example_branch_operator.py for tasks to queue
[2025-01-30 12:28:02,687] {logging_mixin.py:104} INFO - [2025-01-30 12:28:02,687] {dagbag.py:496} INFO - Filling up the DagBag from /home/airflow/.local/lib/python3.6/site-packages/airflow/example_dags/example_branch_operator.py
[2025-01-30 12:28:02,708] {scheduler_job.py:643} INFO - DAG(s) dict_keys(['example_branch_operator']) retrieved from /home/airflow/.local/lib/python3.6/site-packages/airflow/example_dags/example_branch_operator.py
[2025-01-30 12:28:02,737] {logging_mixin.py:104} INFO - [2025-01-30 12:28:02,736] {dag.py:1833} INFO - Sync 1 DAGs
[2025-01-30 12:28:02,760] {logging_mixin.py:104} INFO - [2025-01-30 12:28:02,760] {dag.py:2306} INFO - Setting next_dagrun for example_branch_operator to 2025-01-28 00:00:00+00:00
[2025-01-30 12:28:02,773] {scheduler_job.py:190} INFO - Processing /home/airflow/.local/lib/python3.6/site-packages/airflow/example_dags/example_branch_operator.py took 0.091 seconds
[2025-01-30 12:28:33,075] {scheduler_job.py:182} INFO - Started process (PID=425) to work on /home/airflow/.local/lib/python3.6/site-packages/airflow/example_dags/example_branch_operator.py
[2025-01-30 12:28:33,077] {scheduler_job.py:633} INFO - Processing file /home/airflow/.local/lib/python3.6/site-packages/airflow/example_dags/example_branch_operator.py for tasks to queue
[2025-01-30 12:28:33,077] {logging_mixin.py:104} INFO - [2025-01-30 12:28:33,077] {dagbag.py:496} INFO - Filling up the DagBag from /home/airflow/.local/lib/python3.6/site-packages/airflow/example_dags/example_branch_operator.py
[2025-01-30 12:28:33,098] {scheduler_job.py:643} INFO - DAG(s) dict_keys(['example_branch_operator']) retrieved from /home/airflow/.local/lib/python3.6/site-packages/airflow/example_dags/example_branch_operator.py
[2025-01-30 12:28:33,129] {logging_mixin.py:104} INFO - [2025-01-30 12:28:33,129] {dag.py:1833} INFO - Sync 1 DAGs
[2025-01-30 12:28:33,154] {logging_mixin.py:104} INFO - [2025-01-30 12:28:33,153] {dag.py:2306} INFO - Setting next_dagrun for example_branch_operator to 2025-01-28 00:00:00+00:00
[2025-01-30 12:28:33,168] {scheduler_job.py:190} INFO - Processing /home/airflow/.local/lib/python3.6/site-packages/airflow/example_dags/example_branch_operator.py took 0.097 seconds
[2025-01-30 12:29:03,633] {scheduler_job.py:182} INFO - Started process (PID=476) to work on /home/airflow/.local/lib/python3.6/site-packages/airflow/example_dags/example_branch_operator.py
[2025-01-30 12:29:03,635] {scheduler_job.py:633} INFO - Processing file /home/airflow/.local/lib/python3.6/site-packages/airflow/example_dags/example_branch_operator.py for tasks to queue
[2025-01-30 12:29:03,635] {logging_mixin.py:104} INFO - [2025-01-30 12:29:03,635] {dagbag.py:496} INFO - Filling up the DagBag from /home/airflow/.local/lib/python3.6/site-packages/airflow/example_dags/example_branch_operator.py
[2025-01-30 12:29:03,655] {scheduler_job.py:643} INFO - DAG(s) dict_keys(['example_branch_operator']) retrieved from /home/airflow/.local/lib/python3.6/site-packages/airflow/example_dags/example_branch_operator.py
[2025-01-30 12:29:03,682] {logging_mixin.py:104} INFO - [2025-01-30 12:29:03,682] {dag.py:1833} INFO - Sync 1 DAGs
[2025-01-30 12:29:03,705] {logging_mixin.py:104} INFO - [2025-01-30 12:29:03,705] {dag.py:2306} INFO - Setting next_dagrun for example_branch_operator to 2025-01-28 00:00:00+00:00
[2025-01-30 12:29:03,718] {scheduler_job.py:190} INFO - Processing /home/airflow/.local/lib/python3.6/site-packages/airflow/example_dags/example_branch_operator.py took 0.088 seconds
[2025-01-30 12:29:34,560] {scheduler_job.py:182} INFO - Started process (PID=537) to work on /home/airflow/.local/lib/python3.6/site-packages/airflow/example_dags/example_branch_operator.py
[2025-01-30 12:29:34,561] {scheduler_job.py:633} INFO - Processing file /home/airflow/.local/lib/python3.6/site-packages/airflow/example_dags/example_branch_operator.py for tasks to queue
[2025-01-30 12:29:34,562] {logging_mixin.py:104} INFO - [2025-01-30 12:29:34,562] {dagbag.py:496} INFO - Filling up the DagBag from /home/airflow/.local/lib/python3.6/site-packages/airflow/example_dags/example_branch_operator.py
[2025-01-30 12:29:34,582] {scheduler_job.py:643} INFO - DAG(s) dict_keys(['example_branch_operator']) retrieved from /home/airflow/.local/lib/python3.6/site-packages/airflow/example_dags/example_branch_operator.py
[2025-01-30 12:29:34,612] {logging_mixin.py:104} INFO - [2025-01-30 12:29:34,612] {dag.py:1833} INFO - Sync 1 DAGs
[2025-01-30 12:29:34,635] {logging_mixin.py:104} INFO - [2025-01-30 12:29:34,634] {dag.py:2306} INFO - Setting next_dagrun for example_branch_operator to 2025-01-28 00:00:00+00:00
[2025-01-30 12:29:34,648] {scheduler_job.py:190} INFO - Processing /home/airflow/.local/lib/python3.6/site-packages/airflow/example_dags/example_branch_operator.py took 0.092 seconds
[2025-01-30 12:30:05,367] {scheduler_job.py:182} INFO - Started process (PID=588) to work on /home/airflow/.local/lib/python3.6/site-packages/airflow/example_dags/example_branch_operator.py
[2025-01-30 12:30:05,369] {scheduler_job.py:633} INFO - Processing file /home/airflow/.local/lib/python3.6/site-packages/airflow/example_dags/example_branch_operator.py for tasks to queue
[2025-01-30 12:30:05,369] {logging_mixin.py:104} INFO - [2025-01-30 12:30:05,369] {dagbag.py:496} INFO - Filling up the DagBag from /home/airflow/.local/lib/python3.6/site-packages/airflow/example_dags/example_branch_operator.py
[2025-01-30 12:30:05,390] {scheduler_job.py:643} INFO - DAG(s) dict_keys(['example_branch_operator']) retrieved from /home/airflow/.local/lib/python3.6/site-packages/airflow/example_dags/example_branch_operator.py
[2025-01-30 12:30:05,423] {logging_mixin.py:104} INFO - [2025-01-30 12:30:05,423] {dag.py:1833} INFO - Sync 1 DAGs
[2025-01-30 12:30:05,448] {logging_mixin.py:104} INFO - [2025-01-30 12:30:05,448] {dag.py:2306} INFO - Setting next_dagrun for example_branch_operator to 2025-01-28 00:00:00+00:00
[2025-01-30 12:30:05,463] {scheduler_job.py:190} INFO - Processing /home/airflow/.local/lib/python3.6/site-packages/airflow/example_dags/example_branch_operator.py took 0.101 seconds
[2025-01-30 12:30:36,074] {scheduler_job.py:182} INFO - Started process (PID=639) to work on /home/airflow/.local/lib/python3.6/site-packages/airflow/example_dags/example_branch_operator.py
[2025-01-30 12:30:36,075] {scheduler_job.py:633} INFO - Processing file /home/airflow/.local/lib/python3.6/site-packages/airflow/example_dags/example_branch_operator.py for tasks to queue
[2025-01-30 12:30:36,076] {logging_mixin.py:104} INFO - [2025-01-30 12:30:36,076] {dagbag.py:496} INFO - Filling up the DagBag from /home/airflow/.local/lib/python3.6/site-packages/airflow/example_dags/example_branch_operator.py
[2025-01-30 12:30:36,096] {scheduler_job.py:643} INFO - DAG(s) dict_keys(['example_branch_operator']) retrieved from /home/airflow/.local/lib/python3.6/site-packages/airflow/example_dags/example_branch_operator.py
[2025-01-30 12:30:36,128] {logging_mixin.py:104} INFO - [2025-01-30 12:30:36,128] {dag.py:1833} INFO - Sync 1 DAGs
[2025-01-30 12:30:36,152] {logging_mixin.py:104} INFO - [2025-01-30 12:30:36,152] {dag.py:2306} INFO - Setting next_dagrun for example_branch_operator to 2025-01-28 00:00:00+00:00
[2025-01-30 12:30:36,164] {scheduler_job.py:190} INFO - Processing /home/airflow/.local/lib/python3.6/site-packages/airflow/example_dags/example_branch_operator.py took 0.095 seconds
[2025-01-30 12:31:06,679] {scheduler_job.py:182} INFO - Started process (PID=700) to work on /home/airflow/.local/lib/python3.6/site-packages/airflow/example_dags/example_branch_operator.py
[2025-01-30 12:31:06,680] {scheduler_job.py:633} INFO - Processing file /home/airflow/.local/lib/python3.6/site-packages/airflow/example_dags/example_branch_operator.py for tasks to queue
[2025-01-30 12:31:06,681] {logging_mixin.py:104} INFO - [2025-01-30 12:31:06,680] {dagbag.py:496} INFO - Filling up the DagBag from /home/airflow/.local/lib/python3.6/site-packages/airflow/example_dags/example_branch_operator.py
[2025-01-30 12:31:06,701] {scheduler_job.py:643} INFO - DAG(s) dict_keys(['example_branch_operator']) retrieved from /home/airflow/.local/lib/python3.6/site-packages/airflow/example_dags/example_branch_operator.py
[2025-01-30 12:31:06,730] {logging_mixin.py:104} INFO - [2025-01-30 12:31:06,730] {dag.py:1833} INFO - Sync 1 DAGs
[2025-01-30 12:31:06,753] {logging_mixin.py:104} INFO - [2025-01-30 12:31:06,753] {dag.py:2306} INFO - Setting next_dagrun for example_branch_operator to 2025-01-28 00:00:00+00:00
[2025-01-30 12:31:06,766] {scheduler_job.py:190} INFO - Processing /home/airflow/.local/lib/python3.6/site-packages/airflow/example_dags/example_branch_operator.py took 0.091 seconds
[2025-01-30 12:31:37,317] {scheduler_job.py:182} INFO - Started process (PID=751) to work on /home/airflow/.local/lib/python3.6/site-packages/airflow/example_dags/example_branch_operator.py
[2025-01-30 12:31:37,319] {scheduler_job.py:633} INFO - Processing file /home/airflow/.local/lib/python3.6/site-packages/airflow/example_dags/example_branch_operator.py for tasks to queue
[2025-01-30 12:31:37,319] {logging_mixin.py:104} INFO - [2025-01-30 12:31:37,319] {dagbag.py:496} INFO - Filling up the DagBag from /home/airflow/.local/lib/python3.6/site-packages/airflow/example_dags/example_branch_operator.py
[2025-01-30 12:31:37,341] {scheduler_job.py:643} INFO - DAG(s) dict_keys(['example_branch_operator']) retrieved from /home/airflow/.local/lib/python3.6/site-packages/airflow/example_dags/example_branch_operator.py
[2025-01-30 12:31:37,373] {logging_mixin.py:104} INFO - [2025-01-30 12:31:37,373] {dag.py:1833} INFO - Sync 1 DAGs
[2025-01-30 12:31:37,399] {logging_mixin.py:104} INFO - [2025-01-30 12:31:37,399] {dag.py:2306} INFO - Setting next_dagrun for example_branch_operator to 2025-01-28 00:00:00+00:00
[2025-01-30 12:31:37,415] {scheduler_job.py:190} INFO - Processing /home/airflow/.local/lib/python3.6/site-packages/airflow/example_dags/example_branch_operator.py took 0.103 seconds
[2025-01-30 12:32:07,621] {scheduler_job.py:182} INFO - Started process (PID=802) to work on /home/airflow/.local/lib/python3.6/site-packages/airflow/example_dags/example_branch_operator.py
[2025-01-30 12:32:07,623] {scheduler_job.py:633} INFO - Processing file /home/airflow/.local/lib/python3.6/site-packages/airflow/example_dags/example_branch_operator.py for tasks to queue
[2025-01-30 12:32:07,624] {logging_mixin.py:104} INFO - [2025-01-30 12:32:07,624] {dagbag.py:496} INFO - Filling up the DagBag from /home/airflow/.local/lib/python3.6/site-packages/airflow/example_dags/example_branch_operator.py
[2025-01-30 12:32:07,644] {scheduler_job.py:643} INFO - DAG(s) dict_keys(['example_branch_operator']) retrieved from /home/airflow/.local/lib/python3.6/site-packages/airflow/example_dags/example_branch_operator.py
[2025-01-30 12:32:07,675] {logging_mixin.py:104} INFO - [2025-01-30 12:32:07,675] {dag.py:1833} INFO - Sync 1 DAGs
[2025-01-30 12:32:07,700] {logging_mixin.py:104} INFO - [2025-01-30 12:32:07,700] {dag.py:2306} INFO - Setting next_dagrun for example_branch_operator to 2025-01-28 00:00:00+00:00
[2025-01-30 12:32:07,717] {scheduler_job.py:190} INFO - Processing /home/airflow/.local/lib/python3.6/site-packages/airflow/example_dags/example_branch_operator.py took 0.101 seconds
[2025-01-30 12:32:38,252] {scheduler_job.py:182} INFO - Started process (PID=863) to work on /home/airflow/.local/lib/python3.6/site-packages/airflow/example_dags/example_branch_operator.py
[2025-01-30 12:32:38,254] {scheduler_job.py:633} INFO - Processing file /home/airflow/.local/lib/python3.6/site-packages/airflow/example_dags/example_branch_operator.py for tasks to queue
[2025-01-30 12:32:38,255] {logging_mixin.py:104} INFO - [2025-01-30 12:32:38,255] {dagbag.py:496} INFO - Filling up the DagBag from /home/airflow/.local/lib/python3.6/site-packages/airflow/example_dags/example_branch_operator.py
[2025-01-30 12:32:38,280] {scheduler_job.py:643} INFO - DAG(s) dict_keys(['example_branch_operator']) retrieved from /home/airflow/.local/lib/python3.6/site-packages/airflow/example_dags/example_branch_operator.py
[2025-01-30 12:32:38,317] {logging_mixin.py:104} INFO - [2025-01-30 12:32:38,317] {dag.py:1833} INFO - Sync 1 DAGs
[2025-01-30 12:32:38,351] {logging_mixin.py:104} INFO - [2025-01-30 12:32:38,350] {dag.py:2306} INFO - Setting next_dagrun for example_branch_operator to 2025-01-28 00:00:00+00:00
[2025-01-30 12:32:38,367] {scheduler_job.py:190} INFO - Processing /home/airflow/.local/lib/python3.6/site-packages/airflow/example_dags/example_branch_operator.py took 0.120 seconds
[2025-01-30 12:33:09,036] {scheduler_job.py:182} INFO - Started process (PID=914) to work on /home/airflow/.local/lib/python3.6/site-packages/airflow/example_dags/example_branch_operator.py
[2025-01-30 12:33:09,037] {scheduler_job.py:633} INFO - Processing file /home/airflow/.local/lib/python3.6/site-packages/airflow/example_dags/example_branch_operator.py for tasks to queue
[2025-01-30 12:33:09,038] {logging_mixin.py:104} INFO - [2025-01-30 12:33:09,038] {dagbag.py:496} INFO - Filling up the DagBag from /home/airflow/.local/lib/python3.6/site-packages/airflow/example_dags/example_branch_operator.py
[2025-01-30 12:33:09,060] {scheduler_job.py:643} INFO - DAG(s) dict_keys(['example_branch_operator']) retrieved from /home/airflow/.local/lib/python3.6/site-packages/airflow/example_dags/example_branch_operator.py
[2025-01-30 12:33:09,092] {logging_mixin.py:104} INFO - [2025-01-30 12:33:09,092] {dag.py:1833} INFO - Sync 1 DAGs
[2025-01-30 12:33:09,119] {logging_mixin.py:104} INFO - [2025-01-30 12:33:09,119] {dag.py:2306} INFO - Setting next_dagrun for example_branch_operator to 2025-01-28 00:00:00+00:00
[2025-01-30 12:33:09,133] {scheduler_job.py:190} INFO - Processing /home/airflow/.local/lib/python3.6/site-packages/airflow/example_dags/example_branch_operator.py took 0.102 seconds
[2025-01-30 12:33:39,565] {scheduler_job.py:182} INFO - Started process (PID=974) to work on /home/airflow/.local/lib/python3.6/site-packages/airflow/example_dags/example_branch_operator.py
[2025-01-30 12:33:39,566] {scheduler_job.py:633} INFO - Processing file /home/airflow/.local/lib/python3.6/site-packages/airflow/example_dags/example_branch_operator.py for tasks to queue
[2025-01-30 12:33:39,567] {logging_mixin.py:104} INFO - [2025-01-30 12:33:39,567] {dagbag.py:496} INFO - Filling up the DagBag from /home/airflow/.local/lib/python3.6/site-packages/airflow/example_dags/example_branch_operator.py
[2025-01-30 12:33:39,589] {scheduler_job.py:643} INFO - DAG(s) dict_keys(['example_branch_operator']) retrieved from /home/airflow/.local/lib/python3.6/site-packages/airflow/example_dags/example_branch_operator.py
[2025-01-30 12:33:39,622] {logging_mixin.py:104} INFO - [2025-01-30 12:33:39,622] {dag.py:1833} INFO - Sync 1 DAGs
[2025-01-30 12:33:39,649] {logging_mixin.py:104} INFO - [2025-01-30 12:33:39,649] {dag.py:2306} INFO - Setting next_dagrun for example_branch_operator to 2025-01-28 00:00:00+00:00
[2025-01-30 12:33:39,664] {scheduler_job.py:190} INFO - Processing /home/airflow/.local/lib/python3.6/site-packages/airflow/example_dags/example_branch_operator.py took 0.103 seconds
