[2025-01-30 12:22:58,978] {scheduler_job.py:182} INFO - Started process (PID=402) to work on /home/airflow/.local/lib/python3.6/site-packages/airflow/example_dags/example_trigger_target_dag.py
[2025-01-30 12:22:58,979] {scheduler_job.py:633} INFO - Processing file /home/airflow/.local/lib/python3.6/site-packages/airflow/example_dags/example_trigger_target_dag.py for tasks to queue
[2025-01-30 12:22:58,979] {logging_mixin.py:104} INFO - [2025-01-30 12:22:58,979] {dagbag.py:496} INFO - Filling up the DagBag from /home/airflow/.local/lib/python3.6/site-packages/airflow/example_dags/example_trigger_target_dag.py
[2025-01-30 12:22:58,992] {scheduler_job.py:643} INFO - DAG(s) dict_keys(['example_trigger_target_dag']) retrieved from /home/airflow/.local/lib/python3.6/site-packages/airflow/example_dags/example_trigger_target_dag.py
[2025-01-30 12:23:00,812] {logging_mixin.py:104} INFO - [2025-01-30 12:23:00,811] {dag.py:1833} INFO - Sync 1 DAGs
[2025-01-30 12:23:00,818] {logging_mixin.py:104} INFO - [2025-01-30 12:23:00,818] {dag.py:1852} INFO - Creating ORM DAG for example_trigger_target_dag
[2025-01-30 12:23:00,822] {logging_mixin.py:104} INFO - [2025-01-30 12:23:00,822] {dag.py:2306} INFO - Setting next_dagrun for example_trigger_target_dag to None
[2025-01-30 12:23:00,829] {scheduler_job.py:190} INFO - Processing /home/airflow/.local/lib/python3.6/site-packages/airflow/example_dags/example_trigger_target_dag.py took 1.854 seconds
[2025-01-30 12:23:31,621] {scheduler_job.py:182} INFO - Started process (PID=511) to work on /home/airflow/.local/lib/python3.6/site-packages/airflow/example_dags/example_trigger_target_dag.py
[2025-01-30 12:23:31,622] {scheduler_job.py:633} INFO - Processing file /home/airflow/.local/lib/python3.6/site-packages/airflow/example_dags/example_trigger_target_dag.py for tasks to queue
[2025-01-30 12:23:31,623] {logging_mixin.py:104} INFO - [2025-01-30 12:23:31,623] {dagbag.py:496} INFO - Filling up the DagBag from /home/airflow/.local/lib/python3.6/site-packages/airflow/example_dags/example_trigger_target_dag.py
[2025-01-30 12:23:31,644] {scheduler_job.py:643} INFO - DAG(s) dict_keys(['example_trigger_target_dag']) retrieved from /home/airflow/.local/lib/python3.6/site-packages/airflow/example_dags/example_trigger_target_dag.py
[2025-01-30 12:23:31,674] {logging_mixin.py:104} INFO - [2025-01-30 12:23:31,674] {dag.py:1833} INFO - Sync 1 DAGs
[2025-01-30 12:23:31,695] {logging_mixin.py:104} INFO - [2025-01-30 12:23:31,695] {dag.py:2306} INFO - Setting next_dagrun for example_trigger_target_dag to None
[2025-01-30 12:23:31,739] {scheduler_job.py:190} INFO - Processing /home/airflow/.local/lib/python3.6/site-packages/airflow/example_dags/example_trigger_target_dag.py took 0.123 seconds
[2025-01-30 12:24:01,809] {scheduler_job.py:182} INFO - Started process (PID=562) to work on /home/airflow/.local/lib/python3.6/site-packages/airflow/example_dags/example_trigger_target_dag.py
[2025-01-30 12:24:01,810] {scheduler_job.py:633} INFO - Processing file /home/airflow/.local/lib/python3.6/site-packages/airflow/example_dags/example_trigger_target_dag.py for tasks to queue
[2025-01-30 12:24:01,811] {logging_mixin.py:104} INFO - [2025-01-30 12:24:01,811] {dagbag.py:496} INFO - Filling up the DagBag from /home/airflow/.local/lib/python3.6/site-packages/airflow/example_dags/example_trigger_target_dag.py
[2025-01-30 12:24:01,832] {scheduler_job.py:643} INFO - DAG(s) dict_keys(['example_trigger_target_dag']) retrieved from /home/airflow/.local/lib/python3.6/site-packages/airflow/example_dags/example_trigger_target_dag.py
[2025-01-30 12:24:01,867] {logging_mixin.py:104} INFO - [2025-01-30 12:24:01,867] {dag.py:1833} INFO - Sync 1 DAGs
[2025-01-30 12:24:01,889] {logging_mixin.py:104} INFO - [2025-01-30 12:24:01,889] {dag.py:2306} INFO - Setting next_dagrun for example_trigger_target_dag to None
[2025-01-30 12:24:01,904] {scheduler_job.py:190} INFO - Processing /home/airflow/.local/lib/python3.6/site-packages/airflow/example_dags/example_trigger_target_dag.py took 0.099 seconds
[2025-01-30 12:24:32,171] {scheduler_job.py:182} INFO - Started process (PID=622) to work on /home/airflow/.local/lib/python3.6/site-packages/airflow/example_dags/example_trigger_target_dag.py
[2025-01-30 12:24:32,173] {scheduler_job.py:633} INFO - Processing file /home/airflow/.local/lib/python3.6/site-packages/airflow/example_dags/example_trigger_target_dag.py for tasks to queue
[2025-01-30 12:24:32,174] {logging_mixin.py:104} INFO - [2025-01-30 12:24:32,174] {dagbag.py:496} INFO - Filling up the DagBag from /home/airflow/.local/lib/python3.6/site-packages/airflow/example_dags/example_trigger_target_dag.py
[2025-01-30 12:24:32,195] {scheduler_job.py:643} INFO - DAG(s) dict_keys(['example_trigger_target_dag']) retrieved from /home/airflow/.local/lib/python3.6/site-packages/airflow/example_dags/example_trigger_target_dag.py
[2025-01-30 12:24:32,228] {logging_mixin.py:104} INFO - [2025-01-30 12:24:32,228] {dag.py:1833} INFO - Sync 1 DAGs
[2025-01-30 12:24:32,252] {logging_mixin.py:104} INFO - [2025-01-30 12:24:32,252] {dag.py:2306} INFO - Setting next_dagrun for example_trigger_target_dag to None
[2025-01-30 12:24:32,265] {scheduler_job.py:190} INFO - Processing /home/airflow/.local/lib/python3.6/site-packages/airflow/example_dags/example_trigger_target_dag.py took 0.098 seconds
[2025-01-30 12:25:00,866] {scheduler_job.py:182} INFO - Started process (PID=68) to work on /home/airflow/.local/lib/python3.6/site-packages/airflow/example_dags/example_trigger_target_dag.py
[2025-01-30 12:25:00,867] {scheduler_job.py:633} INFO - Processing file /home/airflow/.local/lib/python3.6/site-packages/airflow/example_dags/example_trigger_target_dag.py for tasks to queue
[2025-01-30 12:25:00,868] {logging_mixin.py:104} INFO - [2025-01-30 12:25:00,868] {dagbag.py:496} INFO - Filling up the DagBag from /home/airflow/.local/lib/python3.6/site-packages/airflow/example_dags/example_trigger_target_dag.py
[2025-01-30 12:25:00,883] {scheduler_job.py:643} INFO - DAG(s) dict_keys(['example_trigger_target_dag']) retrieved from /home/airflow/.local/lib/python3.6/site-packages/airflow/example_dags/example_trigger_target_dag.py
[2025-01-30 12:25:00,906] {logging_mixin.py:104} INFO - [2025-01-30 12:25:00,906] {dag.py:1833} INFO - Sync 1 DAGs
[2025-01-30 12:25:00,922] {logging_mixin.py:104} INFO - [2025-01-30 12:25:00,922] {dag.py:2306} INFO - Setting next_dagrun for example_trigger_target_dag to None
[2025-01-30 12:25:00,932] {scheduler_job.py:190} INFO - Processing /home/airflow/.local/lib/python3.6/site-packages/airflow/example_dags/example_trigger_target_dag.py took 0.070 seconds
[2025-01-30 12:25:31,315] {scheduler_job.py:182} INFO - Started process (PID=119) to work on /home/airflow/.local/lib/python3.6/site-packages/airflow/example_dags/example_trigger_target_dag.py
[2025-01-30 12:25:31,317] {scheduler_job.py:633} INFO - Processing file /home/airflow/.local/lib/python3.6/site-packages/airflow/example_dags/example_trigger_target_dag.py for tasks to queue
[2025-01-30 12:25:31,317] {logging_mixin.py:104} INFO - [2025-01-30 12:25:31,317] {dagbag.py:496} INFO - Filling up the DagBag from /home/airflow/.local/lib/python3.6/site-packages/airflow/example_dags/example_trigger_target_dag.py
[2025-01-30 12:25:31,329] {scheduler_job.py:643} INFO - DAG(s) dict_keys(['example_trigger_target_dag']) retrieved from /home/airflow/.local/lib/python3.6/site-packages/airflow/example_dags/example_trigger_target_dag.py
[2025-01-30 12:25:31,347] {logging_mixin.py:104} INFO - [2025-01-30 12:25:31,346] {dag.py:1833} INFO - Sync 1 DAGs
[2025-01-30 12:25:31,360] {logging_mixin.py:104} INFO - [2025-01-30 12:25:31,360] {dag.py:2306} INFO - Setting next_dagrun for example_trigger_target_dag to None
[2025-01-30 12:25:31,369] {scheduler_job.py:190} INFO - Processing /home/airflow/.local/lib/python3.6/site-packages/airflow/example_dags/example_trigger_target_dag.py took 0.057 seconds
[2025-01-30 12:26:02,157] {scheduler_job.py:182} INFO - Started process (PID=170) to work on /home/airflow/.local/lib/python3.6/site-packages/airflow/example_dags/example_trigger_target_dag.py
[2025-01-30 12:26:02,158] {scheduler_job.py:633} INFO - Processing file /home/airflow/.local/lib/python3.6/site-packages/airflow/example_dags/example_trigger_target_dag.py for tasks to queue
[2025-01-30 12:26:02,159] {logging_mixin.py:104} INFO - [2025-01-30 12:26:02,159] {dagbag.py:496} INFO - Filling up the DagBag from /home/airflow/.local/lib/python3.6/site-packages/airflow/example_dags/example_trigger_target_dag.py
[2025-01-30 12:26:02,178] {scheduler_job.py:643} INFO - DAG(s) dict_keys(['example_trigger_target_dag']) retrieved from /home/airflow/.local/lib/python3.6/site-packages/airflow/example_dags/example_trigger_target_dag.py
[2025-01-30 12:26:02,206] {logging_mixin.py:104} INFO - [2025-01-30 12:26:02,206] {dag.py:1833} INFO - Sync 1 DAGs
[2025-01-30 12:26:02,226] {logging_mixin.py:104} INFO - [2025-01-30 12:26:02,226] {dag.py:2306} INFO - Setting next_dagrun for example_trigger_target_dag to None
[2025-01-30 12:26:02,240] {scheduler_job.py:190} INFO - Processing /home/airflow/.local/lib/python3.6/site-packages/airflow/example_dags/example_trigger_target_dag.py took 0.087 seconds
[2025-01-30 12:26:32,967] {scheduler_job.py:182} INFO - Started process (PID=231) to work on /home/airflow/.local/lib/python3.6/site-packages/airflow/example_dags/example_trigger_target_dag.py
[2025-01-30 12:26:32,969] {scheduler_job.py:633} INFO - Processing file /home/airflow/.local/lib/python3.6/site-packages/airflow/example_dags/example_trigger_target_dag.py for tasks to queue
[2025-01-30 12:26:32,970] {logging_mixin.py:104} INFO - [2025-01-30 12:26:32,969] {dagbag.py:496} INFO - Filling up the DagBag from /home/airflow/.local/lib/python3.6/site-packages/airflow/example_dags/example_trigger_target_dag.py
[2025-01-30 12:26:32,989] {scheduler_job.py:643} INFO - DAG(s) dict_keys(['example_trigger_target_dag']) retrieved from /home/airflow/.local/lib/python3.6/site-packages/airflow/example_dags/example_trigger_target_dag.py
[2025-01-30 12:26:33,019] {logging_mixin.py:104} INFO - [2025-01-30 12:26:33,019] {dag.py:1833} INFO - Sync 1 DAGs
[2025-01-30 12:26:33,040] {logging_mixin.py:104} INFO - [2025-01-30 12:26:33,040] {dag.py:2306} INFO - Setting next_dagrun for example_trigger_target_dag to None
[2025-01-30 12:26:33,053] {scheduler_job.py:190} INFO - Processing /home/airflow/.local/lib/python3.6/site-packages/airflow/example_dags/example_trigger_target_dag.py took 0.091 seconds
[2025-01-30 12:27:03,745] {scheduler_job.py:182} INFO - Started process (PID=282) to work on /home/airflow/.local/lib/python3.6/site-packages/airflow/example_dags/example_trigger_target_dag.py
[2025-01-30 12:27:03,747] {scheduler_job.py:633} INFO - Processing file /home/airflow/.local/lib/python3.6/site-packages/airflow/example_dags/example_trigger_target_dag.py for tasks to queue
[2025-01-30 12:27:03,747] {logging_mixin.py:104} INFO - [2025-01-30 12:27:03,747] {dagbag.py:496} INFO - Filling up the DagBag from /home/airflow/.local/lib/python3.6/site-packages/airflow/example_dags/example_trigger_target_dag.py
[2025-01-30 12:27:03,765] {scheduler_job.py:643} INFO - DAG(s) dict_keys(['example_trigger_target_dag']) retrieved from /home/airflow/.local/lib/python3.6/site-packages/airflow/example_dags/example_trigger_target_dag.py
[2025-01-30 12:27:03,792] {logging_mixin.py:104} INFO - [2025-01-30 12:27:03,792] {dag.py:1833} INFO - Sync 1 DAGs
[2025-01-30 12:27:03,811] {logging_mixin.py:104} INFO - [2025-01-30 12:27:03,811] {dag.py:2306} INFO - Setting next_dagrun for example_trigger_target_dag to None
[2025-01-30 12:27:03,822] {scheduler_job.py:190} INFO - Processing /home/airflow/.local/lib/python3.6/site-packages/airflow/example_dags/example_trigger_target_dag.py took 0.081 seconds
[2025-01-30 12:27:34,639] {scheduler_job.py:182} INFO - Started process (PID=333) to work on /home/airflow/.local/lib/python3.6/site-packages/airflow/example_dags/example_trigger_target_dag.py
[2025-01-30 12:27:34,641] {scheduler_job.py:633} INFO - Processing file /home/airflow/.local/lib/python3.6/site-packages/airflow/example_dags/example_trigger_target_dag.py for tasks to queue
[2025-01-30 12:27:34,641] {logging_mixin.py:104} INFO - [2025-01-30 12:27:34,641] {dagbag.py:496} INFO - Filling up the DagBag from /home/airflow/.local/lib/python3.6/site-packages/airflow/example_dags/example_trigger_target_dag.py
[2025-01-30 12:27:34,659] {scheduler_job.py:643} INFO - DAG(s) dict_keys(['example_trigger_target_dag']) retrieved from /home/airflow/.local/lib/python3.6/site-packages/airflow/example_dags/example_trigger_target_dag.py
[2025-01-30 12:27:34,686] {logging_mixin.py:104} INFO - [2025-01-30 12:27:34,686] {dag.py:1833} INFO - Sync 1 DAGs
[2025-01-30 12:27:34,705] {logging_mixin.py:104} INFO - [2025-01-30 12:27:34,705] {dag.py:2306} INFO - Setting next_dagrun for example_trigger_target_dag to None
[2025-01-30 12:27:34,717] {scheduler_job.py:190} INFO - Processing /home/airflow/.local/lib/python3.6/site-packages/airflow/example_dags/example_trigger_target_dag.py took 0.082 seconds
[2025-01-30 12:28:05,308] {scheduler_job.py:182} INFO - Started process (PID=394) to work on /home/airflow/.local/lib/python3.6/site-packages/airflow/example_dags/example_trigger_target_dag.py
[2025-01-30 12:28:05,309] {scheduler_job.py:633} INFO - Processing file /home/airflow/.local/lib/python3.6/site-packages/airflow/example_dags/example_trigger_target_dag.py for tasks to queue
[2025-01-30 12:28:05,310] {logging_mixin.py:104} INFO - [2025-01-30 12:28:05,309] {dagbag.py:496} INFO - Filling up the DagBag from /home/airflow/.local/lib/python3.6/site-packages/airflow/example_dags/example_trigger_target_dag.py
[2025-01-30 12:28:05,327] {scheduler_job.py:643} INFO - DAG(s) dict_keys(['example_trigger_target_dag']) retrieved from /home/airflow/.local/lib/python3.6/site-packages/airflow/example_dags/example_trigger_target_dag.py
[2025-01-30 12:28:05,354] {logging_mixin.py:104} INFO - [2025-01-30 12:28:05,354] {dag.py:1833} INFO - Sync 1 DAGs
[2025-01-30 12:28:05,373] {logging_mixin.py:104} INFO - [2025-01-30 12:28:05,373] {dag.py:2306} INFO - Setting next_dagrun for example_trigger_target_dag to None
[2025-01-30 12:28:05,385] {scheduler_job.py:190} INFO - Processing /home/airflow/.local/lib/python3.6/site-packages/airflow/example_dags/example_trigger_target_dag.py took 0.082 seconds
[2025-01-30 12:28:35,917] {scheduler_job.py:182} INFO - Started process (PID=445) to work on /home/airflow/.local/lib/python3.6/site-packages/airflow/example_dags/example_trigger_target_dag.py
[2025-01-30 12:28:35,919] {scheduler_job.py:633} INFO - Processing file /home/airflow/.local/lib/python3.6/site-packages/airflow/example_dags/example_trigger_target_dag.py for tasks to queue
[2025-01-30 12:28:35,920] {logging_mixin.py:104} INFO - [2025-01-30 12:28:35,920] {dagbag.py:496} INFO - Filling up the DagBag from /home/airflow/.local/lib/python3.6/site-packages/airflow/example_dags/example_trigger_target_dag.py
[2025-01-30 12:28:35,945] {scheduler_job.py:643} INFO - DAG(s) dict_keys(['example_trigger_target_dag']) retrieved from /home/airflow/.local/lib/python3.6/site-packages/airflow/example_dags/example_trigger_target_dag.py
[2025-01-30 12:28:35,975] {logging_mixin.py:104} INFO - [2025-01-30 12:28:35,975] {dag.py:1833} INFO - Sync 1 DAGs
[2025-01-30 12:28:35,997] {logging_mixin.py:104} INFO - [2025-01-30 12:28:35,996] {dag.py:2306} INFO - Setting next_dagrun for example_trigger_target_dag to None
[2025-01-30 12:28:36,009] {scheduler_job.py:190} INFO - Processing /home/airflow/.local/lib/python3.6/site-packages/airflow/example_dags/example_trigger_target_dag.py took 0.097 seconds
[2025-01-30 12:29:06,501] {scheduler_job.py:182} INFO - Started process (PID=502) to work on /home/airflow/.local/lib/python3.6/site-packages/airflow/example_dags/example_trigger_target_dag.py
[2025-01-30 12:29:06,502] {scheduler_job.py:633} INFO - Processing file /home/airflow/.local/lib/python3.6/site-packages/airflow/example_dags/example_trigger_target_dag.py for tasks to queue
[2025-01-30 12:29:06,503] {logging_mixin.py:104} INFO - [2025-01-30 12:29:06,503] {dagbag.py:496} INFO - Filling up the DagBag from /home/airflow/.local/lib/python3.6/site-packages/airflow/example_dags/example_trigger_target_dag.py
[2025-01-30 12:29:06,526] {scheduler_job.py:643} INFO - DAG(s) dict_keys(['example_trigger_target_dag']) retrieved from /home/airflow/.local/lib/python3.6/site-packages/airflow/example_dags/example_trigger_target_dag.py
[2025-01-30 12:29:06,555] {logging_mixin.py:104} INFO - [2025-01-30 12:29:06,555] {dag.py:1833} INFO - Sync 1 DAGs
[2025-01-30 12:29:06,575] {logging_mixin.py:104} INFO - [2025-01-30 12:29:06,575] {dag.py:2306} INFO - Setting next_dagrun for example_trigger_target_dag to None
[2025-01-30 12:29:06,587] {scheduler_job.py:190} INFO - Processing /home/airflow/.local/lib/python3.6/site-packages/airflow/example_dags/example_trigger_target_dag.py took 0.091 seconds
[2025-01-30 12:29:37,506] {scheduler_job.py:182} INFO - Started process (PID=557) to work on /home/airflow/.local/lib/python3.6/site-packages/airflow/example_dags/example_trigger_target_dag.py
[2025-01-30 12:29:37,507] {scheduler_job.py:633} INFO - Processing file /home/airflow/.local/lib/python3.6/site-packages/airflow/example_dags/example_trigger_target_dag.py for tasks to queue
[2025-01-30 12:29:37,508] {logging_mixin.py:104} INFO - [2025-01-30 12:29:37,508] {dagbag.py:496} INFO - Filling up the DagBag from /home/airflow/.local/lib/python3.6/site-packages/airflow/example_dags/example_trigger_target_dag.py
[2025-01-30 12:29:37,527] {scheduler_job.py:643} INFO - DAG(s) dict_keys(['example_trigger_target_dag']) retrieved from /home/airflow/.local/lib/python3.6/site-packages/airflow/example_dags/example_trigger_target_dag.py
[2025-01-30 12:29:37,557] {logging_mixin.py:104} INFO - [2025-01-30 12:29:37,557] {dag.py:1833} INFO - Sync 1 DAGs
[2025-01-30 12:29:37,576] {logging_mixin.py:104} INFO - [2025-01-30 12:29:37,576] {dag.py:2306} INFO - Setting next_dagrun for example_trigger_target_dag to None
[2025-01-30 12:29:37,588] {scheduler_job.py:190} INFO - Processing /home/airflow/.local/lib/python3.6/site-packages/airflow/example_dags/example_trigger_target_dag.py took 0.086 seconds
[2025-01-30 12:30:08,243] {scheduler_job.py:182} INFO - Started process (PID=608) to work on /home/airflow/.local/lib/python3.6/site-packages/airflow/example_dags/example_trigger_target_dag.py
[2025-01-30 12:30:08,244] {scheduler_job.py:633} INFO - Processing file /home/airflow/.local/lib/python3.6/site-packages/airflow/example_dags/example_trigger_target_dag.py for tasks to queue
[2025-01-30 12:30:08,245] {logging_mixin.py:104} INFO - [2025-01-30 12:30:08,245] {dagbag.py:496} INFO - Filling up the DagBag from /home/airflow/.local/lib/python3.6/site-packages/airflow/example_dags/example_trigger_target_dag.py
[2025-01-30 12:30:08,263] {scheduler_job.py:643} INFO - DAG(s) dict_keys(['example_trigger_target_dag']) retrieved from /home/airflow/.local/lib/python3.6/site-packages/airflow/example_dags/example_trigger_target_dag.py
[2025-01-30 12:30:08,290] {logging_mixin.py:104} INFO - [2025-01-30 12:30:08,290] {dag.py:1833} INFO - Sync 1 DAGs
[2025-01-30 12:30:08,309] {logging_mixin.py:104} INFO - [2025-01-30 12:30:08,309] {dag.py:2306} INFO - Setting next_dagrun for example_trigger_target_dag to None
[2025-01-30 12:30:08,320] {scheduler_job.py:190} INFO - Processing /home/airflow/.local/lib/python3.6/site-packages/airflow/example_dags/example_trigger_target_dag.py took 0.081 seconds
[2025-01-30 12:30:38,888] {scheduler_job.py:182} INFO - Started process (PID=669) to work on /home/airflow/.local/lib/python3.6/site-packages/airflow/example_dags/example_trigger_target_dag.py
[2025-01-30 12:30:38,889] {scheduler_job.py:633} INFO - Processing file /home/airflow/.local/lib/python3.6/site-packages/airflow/example_dags/example_trigger_target_dag.py for tasks to queue
[2025-01-30 12:30:38,890] {logging_mixin.py:104} INFO - [2025-01-30 12:30:38,890] {dagbag.py:496} INFO - Filling up the DagBag from /home/airflow/.local/lib/python3.6/site-packages/airflow/example_dags/example_trigger_target_dag.py
[2025-01-30 12:30:38,908] {scheduler_job.py:643} INFO - DAG(s) dict_keys(['example_trigger_target_dag']) retrieved from /home/airflow/.local/lib/python3.6/site-packages/airflow/example_dags/example_trigger_target_dag.py
[2025-01-30 12:30:38,936] {logging_mixin.py:104} INFO - [2025-01-30 12:30:38,936] {dag.py:1833} INFO - Sync 1 DAGs
[2025-01-30 12:30:38,955] {logging_mixin.py:104} INFO - [2025-01-30 12:30:38,954] {dag.py:2306} INFO - Setting next_dagrun for example_trigger_target_dag to None
[2025-01-30 12:30:38,966] {scheduler_job.py:190} INFO - Processing /home/airflow/.local/lib/python3.6/site-packages/airflow/example_dags/example_trigger_target_dag.py took 0.082 seconds
[2025-01-30 12:31:09,454] {scheduler_job.py:182} INFO - Started process (PID=720) to work on /home/airflow/.local/lib/python3.6/site-packages/airflow/example_dags/example_trigger_target_dag.py
[2025-01-30 12:31:09,456] {scheduler_job.py:633} INFO - Processing file /home/airflow/.local/lib/python3.6/site-packages/airflow/example_dags/example_trigger_target_dag.py for tasks to queue
[2025-01-30 12:31:09,456] {logging_mixin.py:104} INFO - [2025-01-30 12:31:09,456] {dagbag.py:496} INFO - Filling up the DagBag from /home/airflow/.local/lib/python3.6/site-packages/airflow/example_dags/example_trigger_target_dag.py
[2025-01-30 12:31:09,476] {scheduler_job.py:643} INFO - DAG(s) dict_keys(['example_trigger_target_dag']) retrieved from /home/airflow/.local/lib/python3.6/site-packages/airflow/example_dags/example_trigger_target_dag.py
[2025-01-30 12:31:09,504] {logging_mixin.py:104} INFO - [2025-01-30 12:31:09,504] {dag.py:1833} INFO - Sync 1 DAGs
[2025-01-30 12:31:09,525] {logging_mixin.py:104} INFO - [2025-01-30 12:31:09,525] {dag.py:2306} INFO - Setting next_dagrun for example_trigger_target_dag to None
[2025-01-30 12:31:09,538] {scheduler_job.py:190} INFO - Processing /home/airflow/.local/lib/python3.6/site-packages/airflow/example_dags/example_trigger_target_dag.py took 0.088 seconds
[2025-01-30 12:31:40,507] {scheduler_job.py:182} INFO - Started process (PID=771) to work on /home/airflow/.local/lib/python3.6/site-packages/airflow/example_dags/example_trigger_target_dag.py
[2025-01-30 12:31:40,509] {scheduler_job.py:633} INFO - Processing file /home/airflow/.local/lib/python3.6/site-packages/airflow/example_dags/example_trigger_target_dag.py for tasks to queue
[2025-01-30 12:31:40,510] {logging_mixin.py:104} INFO - [2025-01-30 12:31:40,509] {dagbag.py:496} INFO - Filling up the DagBag from /home/airflow/.local/lib/python3.6/site-packages/airflow/example_dags/example_trigger_target_dag.py
[2025-01-30 12:31:40,531] {scheduler_job.py:643} INFO - DAG(s) dict_keys(['example_trigger_target_dag']) retrieved from /home/airflow/.local/lib/python3.6/site-packages/airflow/example_dags/example_trigger_target_dag.py
[2025-01-30 12:31:40,562] {logging_mixin.py:104} INFO - [2025-01-30 12:31:40,562] {dag.py:1833} INFO - Sync 1 DAGs
[2025-01-30 12:31:40,584] {logging_mixin.py:104} INFO - [2025-01-30 12:31:40,584] {dag.py:2306} INFO - Setting next_dagrun for example_trigger_target_dag to None
[2025-01-30 12:31:40,597] {scheduler_job.py:190} INFO - Processing /home/airflow/.local/lib/python3.6/site-packages/airflow/example_dags/example_trigger_target_dag.py took 0.095 seconds
[2025-01-30 12:32:11,367] {scheduler_job.py:182} INFO - Started process (PID=832) to work on /home/airflow/.local/lib/python3.6/site-packages/airflow/example_dags/example_trigger_target_dag.py
[2025-01-30 12:32:11,369] {scheduler_job.py:633} INFO - Processing file /home/airflow/.local/lib/python3.6/site-packages/airflow/example_dags/example_trigger_target_dag.py for tasks to queue
[2025-01-30 12:32:11,370] {logging_mixin.py:104} INFO - [2025-01-30 12:32:11,370] {dagbag.py:496} INFO - Filling up the DagBag from /home/airflow/.local/lib/python3.6/site-packages/airflow/example_dags/example_trigger_target_dag.py
[2025-01-30 12:32:11,388] {scheduler_job.py:643} INFO - DAG(s) dict_keys(['example_trigger_target_dag']) retrieved from /home/airflow/.local/lib/python3.6/site-packages/airflow/example_dags/example_trigger_target_dag.py
[2025-01-30 12:32:11,415] {logging_mixin.py:104} INFO - [2025-01-30 12:32:11,415] {dag.py:1833} INFO - Sync 1 DAGs
[2025-01-30 12:32:11,435] {logging_mixin.py:104} INFO - [2025-01-30 12:32:11,435] {dag.py:2306} INFO - Setting next_dagrun for example_trigger_target_dag to None
[2025-01-30 12:32:11,448] {scheduler_job.py:190} INFO - Processing /home/airflow/.local/lib/python3.6/site-packages/airflow/example_dags/example_trigger_target_dag.py took 0.085 seconds
[2025-01-30 12:32:42,229] {scheduler_job.py:182} INFO - Started process (PID=883) to work on /home/airflow/.local/lib/python3.6/site-packages/airflow/example_dags/example_trigger_target_dag.py
[2025-01-30 12:32:42,230] {scheduler_job.py:633} INFO - Processing file /home/airflow/.local/lib/python3.6/site-packages/airflow/example_dags/example_trigger_target_dag.py for tasks to queue
[2025-01-30 12:32:42,231] {logging_mixin.py:104} INFO - [2025-01-30 12:32:42,231] {dagbag.py:496} INFO - Filling up the DagBag from /home/airflow/.local/lib/python3.6/site-packages/airflow/example_dags/example_trigger_target_dag.py
[2025-01-30 12:32:42,248] {scheduler_job.py:643} INFO - DAG(s) dict_keys(['example_trigger_target_dag']) retrieved from /home/airflow/.local/lib/python3.6/site-packages/airflow/example_dags/example_trigger_target_dag.py
[2025-01-30 12:32:42,276] {logging_mixin.py:104} INFO - [2025-01-30 12:32:42,275] {dag.py:1833} INFO - Sync 1 DAGs
[2025-01-30 12:32:42,298] {logging_mixin.py:104} INFO - [2025-01-30 12:32:42,297] {dag.py:2306} INFO - Setting next_dagrun for example_trigger_target_dag to None
[2025-01-30 12:32:42,309] {scheduler_job.py:190} INFO - Processing /home/airflow/.local/lib/python3.6/site-packages/airflow/example_dags/example_trigger_target_dag.py took 0.085 seconds
[2025-01-30 12:33:12,650] {scheduler_job.py:182} INFO - Started process (PID=934) to work on /home/airflow/.local/lib/python3.6/site-packages/airflow/example_dags/example_trigger_target_dag.py
[2025-01-30 12:33:12,652] {scheduler_job.py:633} INFO - Processing file /home/airflow/.local/lib/python3.6/site-packages/airflow/example_dags/example_trigger_target_dag.py for tasks to queue
[2025-01-30 12:33:12,653] {logging_mixin.py:104} INFO - [2025-01-30 12:33:12,653] {dagbag.py:496} INFO - Filling up the DagBag from /home/airflow/.local/lib/python3.6/site-packages/airflow/example_dags/example_trigger_target_dag.py
[2025-01-30 12:33:12,672] {scheduler_job.py:643} INFO - DAG(s) dict_keys(['example_trigger_target_dag']) retrieved from /home/airflow/.local/lib/python3.6/site-packages/airflow/example_dags/example_trigger_target_dag.py
[2025-01-30 12:33:12,705] {logging_mixin.py:104} INFO - [2025-01-30 12:33:12,705] {dag.py:1833} INFO - Sync 1 DAGs
[2025-01-30 12:33:12,729] {logging_mixin.py:104} INFO - [2025-01-30 12:33:12,729] {dag.py:2306} INFO - Setting next_dagrun for example_trigger_target_dag to None
[2025-01-30 12:33:12,742] {scheduler_job.py:190} INFO - Processing /home/airflow/.local/lib/python3.6/site-packages/airflow/example_dags/example_trigger_target_dag.py took 0.097 seconds
[2025-01-30 12:33:43,344] {scheduler_job.py:182} INFO - Started process (PID=995) to work on /home/airflow/.local/lib/python3.6/site-packages/airflow/example_dags/example_trigger_target_dag.py
[2025-01-30 12:33:43,345] {scheduler_job.py:633} INFO - Processing file /home/airflow/.local/lib/python3.6/site-packages/airflow/example_dags/example_trigger_target_dag.py for tasks to queue
[2025-01-30 12:33:43,346] {logging_mixin.py:104} INFO - [2025-01-30 12:33:43,346] {dagbag.py:496} INFO - Filling up the DagBag from /home/airflow/.local/lib/python3.6/site-packages/airflow/example_dags/example_trigger_target_dag.py
[2025-01-30 12:33:43,364] {scheduler_job.py:643} INFO - DAG(s) dict_keys(['example_trigger_target_dag']) retrieved from /home/airflow/.local/lib/python3.6/site-packages/airflow/example_dags/example_trigger_target_dag.py
[2025-01-30 12:33:43,391] {logging_mixin.py:104} INFO - [2025-01-30 12:33:43,390] {dag.py:1833} INFO - Sync 1 DAGs
[2025-01-30 12:33:43,411] {logging_mixin.py:104} INFO - [2025-01-30 12:33:43,411] {dag.py:2306} INFO - Setting next_dagrun for example_trigger_target_dag to None
[2025-01-30 12:33:43,422] {scheduler_job.py:190} INFO - Processing /home/airflow/.local/lib/python3.6/site-packages/airflow/example_dags/example_trigger_target_dag.py took 0.082 seconds
