[2025-01-30 12:22:46,924] {scheduler_job.py:182} INFO - Started process (PID=237) to work on /home/airflow/.local/lib/python3.6/site-packages/airflow/example_dags/example_xcomargs.py
[2025-01-30 12:22:46,925] {scheduler_job.py:633} INFO - Processing file /home/airflow/.local/lib/python3.6/site-packages/airflow/example_dags/example_xcomargs.py for tasks to queue
[2025-01-30 12:22:46,925] {logging_mixin.py:104} INFO - [2025-01-30 12:22:46,925] {dagbag.py:496} INFO - Filling up the DagBag from /home/airflow/.local/lib/python3.6/site-packages/airflow/example_dags/example_xcomargs.py
[2025-01-30 12:22:46,941] {scheduler_job.py:643} INFO - DAG(s) dict_keys(['example_xcom_args', 'example_xcom_args_with_operators']) retrieved from /home/airflow/.local/lib/python3.6/site-packages/airflow/example_dags/example_xcomargs.py
[2025-01-30 12:22:48,851] {logging_mixin.py:104} INFO - [2025-01-30 12:22:48,850] {dag.py:1833} INFO - Sync 2 DAGs
[2025-01-30 12:22:48,859] {logging_mixin.py:104} INFO - [2025-01-30 12:22:48,858] {dag.py:1852} INFO - Creating ORM DAG for example_xcom_args_with_operators
[2025-01-30 12:22:48,859] {logging_mixin.py:104} INFO - [2025-01-30 12:22:48,859] {dag.py:1852} INFO - Creating ORM DAG for example_xcom_args
[2025-01-30 12:22:48,863] {logging_mixin.py:104} INFO - [2025-01-30 12:22:48,863] {dag.py:2306} INFO - Setting next_dagrun for example_xcom_args to None
[2025-01-30 12:22:48,864] {logging_mixin.py:104} INFO - [2025-01-30 12:22:48,864] {dag.py:2306} INFO - Setting next_dagrun for example_xcom_args_with_operators to None
[2025-01-30 12:22:48,874] {scheduler_job.py:190} INFO - Processing /home/airflow/.local/lib/python3.6/site-packages/airflow/example_dags/example_xcomargs.py took 1.952 seconds
[2025-01-30 12:23:19,633] {scheduler_job.py:182} INFO - Started process (PID=490) to work on /home/airflow/.local/lib/python3.6/site-packages/airflow/example_dags/example_xcomargs.py
[2025-01-30 12:23:19,635] {scheduler_job.py:633} INFO - Processing file /home/airflow/.local/lib/python3.6/site-packages/airflow/example_dags/example_xcomargs.py for tasks to queue
[2025-01-30 12:23:19,636] {logging_mixin.py:104} INFO - [2025-01-30 12:23:19,635] {dagbag.py:496} INFO - Filling up the DagBag from /home/airflow/.local/lib/python3.6/site-packages/airflow/example_dags/example_xcomargs.py
[2025-01-30 12:23:19,665] {scheduler_job.py:643} INFO - DAG(s) dict_keys(['example_xcom_args', 'example_xcom_args_with_operators']) retrieved from /home/airflow/.local/lib/python3.6/site-packages/airflow/example_dags/example_xcomargs.py
[2025-01-30 12:23:19,701] {logging_mixin.py:104} INFO - [2025-01-30 12:23:19,701] {dag.py:1833} INFO - Sync 2 DAGs
[2025-01-30 12:23:19,724] {logging_mixin.py:104} INFO - [2025-01-30 12:23:19,723] {dag.py:2306} INFO - Setting next_dagrun for example_xcom_args to None
[2025-01-30 12:23:19,725] {logging_mixin.py:104} INFO - [2025-01-30 12:23:19,725] {dag.py:2306} INFO - Setting next_dagrun for example_xcom_args_with_operators to None
[2025-01-30 12:23:19,770] {scheduler_job.py:190} INFO - Processing /home/airflow/.local/lib/python3.6/site-packages/airflow/example_dags/example_xcomargs.py took 0.141 seconds
[2025-01-30 12:23:49,957] {scheduler_job.py:182} INFO - Started process (PID=540) to work on /home/airflow/.local/lib/python3.6/site-packages/airflow/example_dags/example_xcomargs.py
[2025-01-30 12:23:49,959] {scheduler_job.py:633} INFO - Processing file /home/airflow/.local/lib/python3.6/site-packages/airflow/example_dags/example_xcomargs.py for tasks to queue
[2025-01-30 12:23:49,959] {logging_mixin.py:104} INFO - [2025-01-30 12:23:49,959] {dagbag.py:496} INFO - Filling up the DagBag from /home/airflow/.local/lib/python3.6/site-packages/airflow/example_dags/example_xcomargs.py
[2025-01-30 12:23:49,985] {scheduler_job.py:643} INFO - DAG(s) dict_keys(['example_xcom_args', 'example_xcom_args_with_operators']) retrieved from /home/airflow/.local/lib/python3.6/site-packages/airflow/example_dags/example_xcomargs.py
[2025-01-30 12:23:50,298] {logging_mixin.py:104} INFO - [2025-01-30 12:23:50,298] {dag.py:1833} INFO - Sync 2 DAGs
[2025-01-30 12:23:50,316] {logging_mixin.py:104} INFO - [2025-01-30 12:23:50,316] {dag.py:2306} INFO - Setting next_dagrun for example_xcom_args to None
[2025-01-30 12:23:50,317] {logging_mixin.py:104} INFO - [2025-01-30 12:23:50,317] {dag.py:2306} INFO - Setting next_dagrun for example_xcom_args_with_operators to None
[2025-01-30 12:23:50,332] {scheduler_job.py:190} INFO - Processing /home/airflow/.local/lib/python3.6/site-packages/airflow/example_dags/example_xcomargs.py took 0.378 seconds
[2025-01-30 12:24:20,385] {scheduler_job.py:182} INFO - Started process (PID=602) to work on /home/airflow/.local/lib/python3.6/site-packages/airflow/example_dags/example_xcomargs.py
[2025-01-30 12:24:20,386] {scheduler_job.py:633} INFO - Processing file /home/airflow/.local/lib/python3.6/site-packages/airflow/example_dags/example_xcomargs.py for tasks to queue
[2025-01-30 12:24:20,387] {logging_mixin.py:104} INFO - [2025-01-30 12:24:20,387] {dagbag.py:496} INFO - Filling up the DagBag from /home/airflow/.local/lib/python3.6/site-packages/airflow/example_dags/example_xcomargs.py
[2025-01-30 12:24:20,413] {scheduler_job.py:643} INFO - DAG(s) dict_keys(['example_xcom_args', 'example_xcom_args_with_operators']) retrieved from /home/airflow/.local/lib/python3.6/site-packages/airflow/example_dags/example_xcomargs.py
[2025-01-30 12:24:20,694] {logging_mixin.py:104} INFO - [2025-01-30 12:24:20,693] {dag.py:1833} INFO - Sync 2 DAGs
[2025-01-30 12:24:20,711] {logging_mixin.py:104} INFO - [2025-01-30 12:24:20,711] {dag.py:2306} INFO - Setting next_dagrun for example_xcom_args to None
[2025-01-30 12:24:20,712] {logging_mixin.py:104} INFO - [2025-01-30 12:24:20,712] {dag.py:2306} INFO - Setting next_dagrun for example_xcom_args_with_operators to None
[2025-01-30 12:24:20,755] {scheduler_job.py:190} INFO - Processing /home/airflow/.local/lib/python3.6/site-packages/airflow/example_dags/example_xcomargs.py took 0.375 seconds
[2025-01-30 12:24:59,626] {scheduler_job.py:182} INFO - Started process (PID=54) to work on /home/airflow/.local/lib/python3.6/site-packages/airflow/example_dags/example_xcomargs.py
[2025-01-30 12:24:59,627] {scheduler_job.py:633} INFO - Processing file /home/airflow/.local/lib/python3.6/site-packages/airflow/example_dags/example_xcomargs.py for tasks to queue
[2025-01-30 12:24:59,628] {logging_mixin.py:104} INFO - [2025-01-30 12:24:59,627] {dagbag.py:496} INFO - Filling up the DagBag from /home/airflow/.local/lib/python3.6/site-packages/airflow/example_dags/example_xcomargs.py
[2025-01-30 12:24:59,650] {scheduler_job.py:643} INFO - DAG(s) dict_keys(['example_xcom_args', 'example_xcom_args_with_operators']) retrieved from /home/airflow/.local/lib/python3.6/site-packages/airflow/example_dags/example_xcomargs.py
[2025-01-30 12:24:59,973] {logging_mixin.py:104} INFO - [2025-01-30 12:24:59,973] {dag.py:1833} INFO - Sync 2 DAGs
[2025-01-30 12:24:59,994] {logging_mixin.py:104} INFO - [2025-01-30 12:24:59,994] {dag.py:2306} INFO - Setting next_dagrun for example_xcom_args to None
[2025-01-30 12:24:59,995] {logging_mixin.py:104} INFO - [2025-01-30 12:24:59,995] {dag.py:2306} INFO - Setting next_dagrun for example_xcom_args_with_operators to None
[2025-01-30 12:25:00,010] {scheduler_job.py:190} INFO - Processing /home/airflow/.local/lib/python3.6/site-packages/airflow/example_dags/example_xcomargs.py took 0.388 seconds
[2025-01-30 12:25:30,476] {scheduler_job.py:182} INFO - Started process (PID=108) to work on /home/airflow/.local/lib/python3.6/site-packages/airflow/example_dags/example_xcomargs.py
[2025-01-30 12:25:30,478] {scheduler_job.py:633} INFO - Processing file /home/airflow/.local/lib/python3.6/site-packages/airflow/example_dags/example_xcomargs.py for tasks to queue
[2025-01-30 12:25:30,479] {logging_mixin.py:104} INFO - [2025-01-30 12:25:30,479] {dagbag.py:496} INFO - Filling up the DagBag from /home/airflow/.local/lib/python3.6/site-packages/airflow/example_dags/example_xcomargs.py
[2025-01-30 12:25:30,502] {scheduler_job.py:643} INFO - DAG(s) dict_keys(['example_xcom_args', 'example_xcom_args_with_operators']) retrieved from /home/airflow/.local/lib/python3.6/site-packages/airflow/example_dags/example_xcomargs.py
[2025-01-30 12:25:30,706] {logging_mixin.py:104} INFO - [2025-01-30 12:25:30,706] {dag.py:1833} INFO - Sync 2 DAGs
[2025-01-30 12:25:30,721] {logging_mixin.py:104} INFO - [2025-01-30 12:25:30,721] {dag.py:2306} INFO - Setting next_dagrun for example_xcom_args to None
[2025-01-30 12:25:30,722] {logging_mixin.py:104} INFO - [2025-01-30 12:25:30,722] {dag.py:2306} INFO - Setting next_dagrun for example_xcom_args_with_operators to None
[2025-01-30 12:25:30,733] {scheduler_job.py:190} INFO - Processing /home/airflow/.local/lib/python3.6/site-packages/airflow/example_dags/example_xcomargs.py took 0.261 seconds
[2025-01-30 12:26:01,135] {scheduler_job.py:182} INFO - Started process (PID=159) to work on /home/airflow/.local/lib/python3.6/site-packages/airflow/example_dags/example_xcomargs.py
[2025-01-30 12:26:01,136] {scheduler_job.py:633} INFO - Processing file /home/airflow/.local/lib/python3.6/site-packages/airflow/example_dags/example_xcomargs.py for tasks to queue
[2025-01-30 12:26:01,137] {logging_mixin.py:104} INFO - [2025-01-30 12:26:01,137] {dagbag.py:496} INFO - Filling up the DagBag from /home/airflow/.local/lib/python3.6/site-packages/airflow/example_dags/example_xcomargs.py
[2025-01-30 12:26:01,162] {scheduler_job.py:643} INFO - DAG(s) dict_keys(['example_xcom_args', 'example_xcom_args_with_operators']) retrieved from /home/airflow/.local/lib/python3.6/site-packages/airflow/example_dags/example_xcomargs.py
[2025-01-30 12:26:01,441] {logging_mixin.py:104} INFO - [2025-01-30 12:26:01,441] {dag.py:1833} INFO - Sync 2 DAGs
[2025-01-30 12:26:01,459] {logging_mixin.py:104} INFO - [2025-01-30 12:26:01,459] {dag.py:2306} INFO - Setting next_dagrun for example_xcom_args to None
[2025-01-30 12:26:01,459] {logging_mixin.py:104} INFO - [2025-01-30 12:26:01,459] {dag.py:2306} INFO - Setting next_dagrun for example_xcom_args_with_operators to None
[2025-01-30 12:26:01,473] {scheduler_job.py:190} INFO - Processing /home/airflow/.local/lib/python3.6/site-packages/airflow/example_dags/example_xcomargs.py took 0.343 seconds
[2025-01-30 12:26:31,937] {scheduler_job.py:182} INFO - Started process (PID=219) to work on /home/airflow/.local/lib/python3.6/site-packages/airflow/example_dags/example_xcomargs.py
[2025-01-30 12:26:31,939] {scheduler_job.py:633} INFO - Processing file /home/airflow/.local/lib/python3.6/site-packages/airflow/example_dags/example_xcomargs.py for tasks to queue
[2025-01-30 12:26:31,940] {logging_mixin.py:104} INFO - [2025-01-30 12:26:31,940] {dagbag.py:496} INFO - Filling up the DagBag from /home/airflow/.local/lib/python3.6/site-packages/airflow/example_dags/example_xcomargs.py
[2025-01-30 12:26:31,967] {scheduler_job.py:643} INFO - DAG(s) dict_keys(['example_xcom_args', 'example_xcom_args_with_operators']) retrieved from /home/airflow/.local/lib/python3.6/site-packages/airflow/example_dags/example_xcomargs.py
[2025-01-30 12:26:32,004] {logging_mixin.py:104} INFO - [2025-01-30 12:26:32,004] {dag.py:1833} INFO - Sync 2 DAGs
[2025-01-30 12:26:32,027] {logging_mixin.py:104} INFO - [2025-01-30 12:26:32,027] {dag.py:2306} INFO - Setting next_dagrun for example_xcom_args to None
[2025-01-30 12:26:32,028] {logging_mixin.py:104} INFO - [2025-01-30 12:26:32,028] {dag.py:2306} INFO - Setting next_dagrun for example_xcom_args_with_operators to None
[2025-01-30 12:26:32,045] {scheduler_job.py:190} INFO - Processing /home/airflow/.local/lib/python3.6/site-packages/airflow/example_dags/example_xcomargs.py took 0.112 seconds
[2025-01-30 12:27:02,748] {scheduler_job.py:182} INFO - Started process (PID=271) to work on /home/airflow/.local/lib/python3.6/site-packages/airflow/example_dags/example_xcomargs.py
[2025-01-30 12:27:02,749] {scheduler_job.py:633} INFO - Processing file /home/airflow/.local/lib/python3.6/site-packages/airflow/example_dags/example_xcomargs.py for tasks to queue
[2025-01-30 12:27:02,750] {logging_mixin.py:104} INFO - [2025-01-30 12:27:02,750] {dagbag.py:496} INFO - Filling up the DagBag from /home/airflow/.local/lib/python3.6/site-packages/airflow/example_dags/example_xcomargs.py
[2025-01-30 12:27:02,775] {scheduler_job.py:643} INFO - DAG(s) dict_keys(['example_xcom_args', 'example_xcom_args_with_operators']) retrieved from /home/airflow/.local/lib/python3.6/site-packages/airflow/example_dags/example_xcomargs.py
[2025-01-30 12:27:03,057] {logging_mixin.py:104} INFO - [2025-01-30 12:27:03,057] {dag.py:1833} INFO - Sync 2 DAGs
[2025-01-30 12:27:03,075] {logging_mixin.py:104} INFO - [2025-01-30 12:27:03,074] {dag.py:2306} INFO - Setting next_dagrun for example_xcom_args to None
[2025-01-30 12:27:03,075] {logging_mixin.py:104} INFO - [2025-01-30 12:27:03,075] {dag.py:2306} INFO - Setting next_dagrun for example_xcom_args_with_operators to None
[2025-01-30 12:27:03,090] {scheduler_job.py:190} INFO - Processing /home/airflow/.local/lib/python3.6/site-packages/airflow/example_dags/example_xcomargs.py took 0.346 seconds
[2025-01-30 12:27:33,548] {scheduler_job.py:182} INFO - Started process (PID=322) to work on /home/airflow/.local/lib/python3.6/site-packages/airflow/example_dags/example_xcomargs.py
[2025-01-30 12:27:33,550] {scheduler_job.py:633} INFO - Processing file /home/airflow/.local/lib/python3.6/site-packages/airflow/example_dags/example_xcomargs.py for tasks to queue
[2025-01-30 12:27:33,551] {logging_mixin.py:104} INFO - [2025-01-30 12:27:33,551] {dagbag.py:496} INFO - Filling up the DagBag from /home/airflow/.local/lib/python3.6/site-packages/airflow/example_dags/example_xcomargs.py
[2025-01-30 12:27:33,578] {scheduler_job.py:643} INFO - DAG(s) dict_keys(['example_xcom_args', 'example_xcom_args_with_operators']) retrieved from /home/airflow/.local/lib/python3.6/site-packages/airflow/example_dags/example_xcomargs.py
[2025-01-30 12:27:33,869] {logging_mixin.py:104} INFO - [2025-01-30 12:27:33,869] {dag.py:1833} INFO - Sync 2 DAGs
[2025-01-30 12:27:33,889] {logging_mixin.py:104} INFO - [2025-01-30 12:27:33,889] {dag.py:2306} INFO - Setting next_dagrun for example_xcom_args to None
[2025-01-30 12:27:33,890] {logging_mixin.py:104} INFO - [2025-01-30 12:27:33,890] {dag.py:2306} INFO - Setting next_dagrun for example_xcom_args_with_operators to None
[2025-01-30 12:27:33,936] {scheduler_job.py:190} INFO - Processing /home/airflow/.local/lib/python3.6/site-packages/airflow/example_dags/example_xcomargs.py took 0.393 seconds
[2025-01-30 12:28:04,429] {scheduler_job.py:182} INFO - Started process (PID=383) to work on /home/airflow/.local/lib/python3.6/site-packages/airflow/example_dags/example_xcomargs.py
[2025-01-30 12:28:04,431] {scheduler_job.py:633} INFO - Processing file /home/airflow/.local/lib/python3.6/site-packages/airflow/example_dags/example_xcomargs.py for tasks to queue
[2025-01-30 12:28:04,431] {logging_mixin.py:104} INFO - [2025-01-30 12:28:04,431] {dagbag.py:496} INFO - Filling up the DagBag from /home/airflow/.local/lib/python3.6/site-packages/airflow/example_dags/example_xcomargs.py
[2025-01-30 12:28:04,459] {scheduler_job.py:643} INFO - DAG(s) dict_keys(['example_xcom_args', 'example_xcom_args_with_operators']) retrieved from /home/airflow/.local/lib/python3.6/site-packages/airflow/example_dags/example_xcomargs.py
[2025-01-30 12:28:04,742] {logging_mixin.py:104} INFO - [2025-01-30 12:28:04,742] {dag.py:1833} INFO - Sync 2 DAGs
[2025-01-30 12:28:04,760] {logging_mixin.py:104} INFO - [2025-01-30 12:28:04,760] {dag.py:2306} INFO - Setting next_dagrun for example_xcom_args to None
[2025-01-30 12:28:04,761] {logging_mixin.py:104} INFO - [2025-01-30 12:28:04,761] {dag.py:2306} INFO - Setting next_dagrun for example_xcom_args_with_operators to None
[2025-01-30 12:28:04,805] {scheduler_job.py:190} INFO - Processing /home/airflow/.local/lib/python3.6/site-packages/airflow/example_dags/example_xcomargs.py took 0.380 seconds
[2025-01-30 12:28:34,938] {scheduler_job.py:182} INFO - Started process (PID=434) to work on /home/airflow/.local/lib/python3.6/site-packages/airflow/example_dags/example_xcomargs.py
[2025-01-30 12:28:34,939] {scheduler_job.py:633} INFO - Processing file /home/airflow/.local/lib/python3.6/site-packages/airflow/example_dags/example_xcomargs.py for tasks to queue
[2025-01-30 12:28:34,940] {logging_mixin.py:104} INFO - [2025-01-30 12:28:34,940] {dagbag.py:496} INFO - Filling up the DagBag from /home/airflow/.local/lib/python3.6/site-packages/airflow/example_dags/example_xcomargs.py
[2025-01-30 12:28:34,968] {scheduler_job.py:643} INFO - DAG(s) dict_keys(['example_xcom_args', 'example_xcom_args_with_operators']) retrieved from /home/airflow/.local/lib/python3.6/site-packages/airflow/example_dags/example_xcomargs.py
[2025-01-30 12:28:35,006] {logging_mixin.py:104} INFO - [2025-01-30 12:28:35,005] {dag.py:1833} INFO - Sync 2 DAGs
[2025-01-30 12:28:35,028] {logging_mixin.py:104} INFO - [2025-01-30 12:28:35,028] {dag.py:2306} INFO - Setting next_dagrun for example_xcom_args to None
[2025-01-30 12:28:35,030] {logging_mixin.py:104} INFO - [2025-01-30 12:28:35,030] {dag.py:2306} INFO - Setting next_dagrun for example_xcom_args_with_operators to None
[2025-01-30 12:28:35,044] {scheduler_job.py:190} INFO - Processing /home/airflow/.local/lib/python3.6/site-packages/airflow/example_dags/example_xcomargs.py took 0.111 seconds
[2025-01-30 12:29:05,537] {scheduler_job.py:182} INFO - Started process (PID=485) to work on /home/airflow/.local/lib/python3.6/site-packages/airflow/example_dags/example_xcomargs.py
[2025-01-30 12:29:05,538] {scheduler_job.py:633} INFO - Processing file /home/airflow/.local/lib/python3.6/site-packages/airflow/example_dags/example_xcomargs.py for tasks to queue
[2025-01-30 12:29:05,539] {logging_mixin.py:104} INFO - [2025-01-30 12:29:05,539] {dagbag.py:496} INFO - Filling up the DagBag from /home/airflow/.local/lib/python3.6/site-packages/airflow/example_dags/example_xcomargs.py
[2025-01-30 12:29:05,567] {scheduler_job.py:643} INFO - DAG(s) dict_keys(['example_xcom_args', 'example_xcom_args_with_operators']) retrieved from /home/airflow/.local/lib/python3.6/site-packages/airflow/example_dags/example_xcomargs.py
[2025-01-30 12:29:05,602] {logging_mixin.py:104} INFO - [2025-01-30 12:29:05,602] {dag.py:1833} INFO - Sync 2 DAGs
[2025-01-30 12:29:05,622] {logging_mixin.py:104} INFO - [2025-01-30 12:29:05,622] {dag.py:2306} INFO - Setting next_dagrun for example_xcom_args to None
[2025-01-30 12:29:05,623] {logging_mixin.py:104} INFO - [2025-01-30 12:29:05,623] {dag.py:2306} INFO - Setting next_dagrun for example_xcom_args_with_operators to None
[2025-01-30 12:29:05,636] {scheduler_job.py:190} INFO - Processing /home/airflow/.local/lib/python3.6/site-packages/airflow/example_dags/example_xcomargs.py took 0.104 seconds
[2025-01-30 12:29:36,521] {scheduler_job.py:182} INFO - Started process (PID=546) to work on /home/airflow/.local/lib/python3.6/site-packages/airflow/example_dags/example_xcomargs.py
[2025-01-30 12:29:36,523] {scheduler_job.py:633} INFO - Processing file /home/airflow/.local/lib/python3.6/site-packages/airflow/example_dags/example_xcomargs.py for tasks to queue
[2025-01-30 12:29:36,524] {logging_mixin.py:104} INFO - [2025-01-30 12:29:36,524] {dagbag.py:496} INFO - Filling up the DagBag from /home/airflow/.local/lib/python3.6/site-packages/airflow/example_dags/example_xcomargs.py
[2025-01-30 12:29:36,557] {scheduler_job.py:643} INFO - DAG(s) dict_keys(['example_xcom_args', 'example_xcom_args_with_operators']) retrieved from /home/airflow/.local/lib/python3.6/site-packages/airflow/example_dags/example_xcomargs.py
[2025-01-30 12:29:36,873] {logging_mixin.py:104} INFO - [2025-01-30 12:29:36,873] {dag.py:1833} INFO - Sync 2 DAGs
[2025-01-30 12:29:36,892] {logging_mixin.py:104} INFO - [2025-01-30 12:29:36,892] {dag.py:2306} INFO - Setting next_dagrun for example_xcom_args to None
[2025-01-30 12:29:36,892] {logging_mixin.py:104} INFO - [2025-01-30 12:29:36,892] {dag.py:2306} INFO - Setting next_dagrun for example_xcom_args_with_operators to None
[2025-01-30 12:29:36,937] {scheduler_job.py:190} INFO - Processing /home/airflow/.local/lib/python3.6/site-packages/airflow/example_dags/example_xcomargs.py took 0.421 seconds
[2025-01-30 12:30:07,137] {scheduler_job.py:182} INFO - Started process (PID=597) to work on /home/airflow/.local/lib/python3.6/site-packages/airflow/example_dags/example_xcomargs.py
[2025-01-30 12:30:07,138] {scheduler_job.py:633} INFO - Processing file /home/airflow/.local/lib/python3.6/site-packages/airflow/example_dags/example_xcomargs.py for tasks to queue
[2025-01-30 12:30:07,139] {logging_mixin.py:104} INFO - [2025-01-30 12:30:07,139] {dagbag.py:496} INFO - Filling up the DagBag from /home/airflow/.local/lib/python3.6/site-packages/airflow/example_dags/example_xcomargs.py
[2025-01-30 12:30:07,167] {scheduler_job.py:643} INFO - DAG(s) dict_keys(['example_xcom_args', 'example_xcom_args_with_operators']) retrieved from /home/airflow/.local/lib/python3.6/site-packages/airflow/example_dags/example_xcomargs.py
[2025-01-30 12:30:07,466] {logging_mixin.py:104} INFO - [2025-01-30 12:30:07,466] {dag.py:1833} INFO - Sync 2 DAGs
[2025-01-30 12:30:07,484] {logging_mixin.py:104} INFO - [2025-01-30 12:30:07,483] {dag.py:2306} INFO - Setting next_dagrun for example_xcom_args to None
[2025-01-30 12:30:07,484] {logging_mixin.py:104} INFO - [2025-01-30 12:30:07,484] {dag.py:2306} INFO - Setting next_dagrun for example_xcom_args_with_operators to None
[2025-01-30 12:30:07,498] {scheduler_job.py:190} INFO - Processing /home/airflow/.local/lib/python3.6/site-packages/airflow/example_dags/example_xcomargs.py took 0.366 seconds
[2025-01-30 12:30:37,748] {scheduler_job.py:182} INFO - Started process (PID=655) to work on /home/airflow/.local/lib/python3.6/site-packages/airflow/example_dags/example_xcomargs.py
[2025-01-30 12:30:37,749] {scheduler_job.py:633} INFO - Processing file /home/airflow/.local/lib/python3.6/site-packages/airflow/example_dags/example_xcomargs.py for tasks to queue
[2025-01-30 12:30:37,750] {logging_mixin.py:104} INFO - [2025-01-30 12:30:37,750] {dagbag.py:496} INFO - Filling up the DagBag from /home/airflow/.local/lib/python3.6/site-packages/airflow/example_dags/example_xcomargs.py
[2025-01-30 12:30:37,778] {scheduler_job.py:643} INFO - DAG(s) dict_keys(['example_xcom_args', 'example_xcom_args_with_operators']) retrieved from /home/airflow/.local/lib/python3.6/site-packages/airflow/example_dags/example_xcomargs.py
[2025-01-30 12:30:38,086] {logging_mixin.py:104} INFO - [2025-01-30 12:30:38,086] {dag.py:1833} INFO - Sync 2 DAGs
[2025-01-30 12:30:38,108] {logging_mixin.py:104} INFO - [2025-01-30 12:30:38,108] {dag.py:2306} INFO - Setting next_dagrun for example_xcom_args to None
[2025-01-30 12:30:38,109] {logging_mixin.py:104} INFO - [2025-01-30 12:30:38,109] {dag.py:2306} INFO - Setting next_dagrun for example_xcom_args_with_operators to None
[2025-01-30 12:30:38,126] {scheduler_job.py:190} INFO - Processing /home/airflow/.local/lib/python3.6/site-packages/airflow/example_dags/example_xcomargs.py took 0.384 seconds
[2025-01-30 12:31:08,541] {scheduler_job.py:182} INFO - Started process (PID=709) to work on /home/airflow/.local/lib/python3.6/site-packages/airflow/example_dags/example_xcomargs.py
[2025-01-30 12:31:08,542] {scheduler_job.py:633} INFO - Processing file /home/airflow/.local/lib/python3.6/site-packages/airflow/example_dags/example_xcomargs.py for tasks to queue
[2025-01-30 12:31:08,543] {logging_mixin.py:104} INFO - [2025-01-30 12:31:08,543] {dagbag.py:496} INFO - Filling up the DagBag from /home/airflow/.local/lib/python3.6/site-packages/airflow/example_dags/example_xcomargs.py
[2025-01-30 12:31:08,569] {scheduler_job.py:643} INFO - DAG(s) dict_keys(['example_xcom_args', 'example_xcom_args_with_operators']) retrieved from /home/airflow/.local/lib/python3.6/site-packages/airflow/example_dags/example_xcomargs.py
[2025-01-30 12:31:08,854] {logging_mixin.py:104} INFO - [2025-01-30 12:31:08,854] {dag.py:1833} INFO - Sync 2 DAGs
[2025-01-30 12:31:08,872] {logging_mixin.py:104} INFO - [2025-01-30 12:31:08,872] {dag.py:2306} INFO - Setting next_dagrun for example_xcom_args to None
[2025-01-30 12:31:08,873] {logging_mixin.py:104} INFO - [2025-01-30 12:31:08,873] {dag.py:2306} INFO - Setting next_dagrun for example_xcom_args_with_operators to None
[2025-01-30 12:31:08,887] {scheduler_job.py:190} INFO - Processing /home/airflow/.local/lib/python3.6/site-packages/airflow/example_dags/example_xcomargs.py took 0.351 seconds
[2025-01-30 12:31:39,274] {scheduler_job.py:182} INFO - Started process (PID=760) to work on /home/airflow/.local/lib/python3.6/site-packages/airflow/example_dags/example_xcomargs.py
[2025-01-30 12:31:39,276] {scheduler_job.py:633} INFO - Processing file /home/airflow/.local/lib/python3.6/site-packages/airflow/example_dags/example_xcomargs.py for tasks to queue
[2025-01-30 12:31:39,277] {logging_mixin.py:104} INFO - [2025-01-30 12:31:39,276] {dagbag.py:496} INFO - Filling up the DagBag from /home/airflow/.local/lib/python3.6/site-packages/airflow/example_dags/example_xcomargs.py
[2025-01-30 12:31:39,309] {scheduler_job.py:643} INFO - DAG(s) dict_keys(['example_xcom_args', 'example_xcom_args_with_operators']) retrieved from /home/airflow/.local/lib/python3.6/site-packages/airflow/example_dags/example_xcomargs.py
[2025-01-30 12:31:39,634] {logging_mixin.py:104} INFO - [2025-01-30 12:31:39,634] {dag.py:1833} INFO - Sync 2 DAGs
[2025-01-30 12:31:39,656] {logging_mixin.py:104} INFO - [2025-01-30 12:31:39,656] {dag.py:2306} INFO - Setting next_dagrun for example_xcom_args to None
[2025-01-30 12:31:39,657] {logging_mixin.py:104} INFO - [2025-01-30 12:31:39,657] {dag.py:2306} INFO - Setting next_dagrun for example_xcom_args_with_operators to None
[2025-01-30 12:31:39,676] {scheduler_job.py:190} INFO - Processing /home/airflow/.local/lib/python3.6/site-packages/airflow/example_dags/example_xcomargs.py took 0.409 seconds
[2025-01-30 12:32:10,539] {scheduler_job.py:182} INFO - Started process (PID=821) to work on /home/airflow/.local/lib/python3.6/site-packages/airflow/example_dags/example_xcomargs.py
[2025-01-30 12:32:10,541] {scheduler_job.py:633} INFO - Processing file /home/airflow/.local/lib/python3.6/site-packages/airflow/example_dags/example_xcomargs.py for tasks to queue
[2025-01-30 12:32:10,542] {logging_mixin.py:104} INFO - [2025-01-30 12:32:10,542] {dagbag.py:496} INFO - Filling up the DagBag from /home/airflow/.local/lib/python3.6/site-packages/airflow/example_dags/example_xcomargs.py
[2025-01-30 12:32:10,567] {scheduler_job.py:643} INFO - DAG(s) dict_keys(['example_xcom_args', 'example_xcom_args_with_operators']) retrieved from /home/airflow/.local/lib/python3.6/site-packages/airflow/example_dags/example_xcomargs.py
[2025-01-30 12:32:10,850] {logging_mixin.py:104} INFO - [2025-01-30 12:32:10,850] {dag.py:1833} INFO - Sync 2 DAGs
[2025-01-30 12:32:10,868] {logging_mixin.py:104} INFO - [2025-01-30 12:32:10,868] {dag.py:2306} INFO - Setting next_dagrun for example_xcom_args to None
[2025-01-30 12:32:10,869] {logging_mixin.py:104} INFO - [2025-01-30 12:32:10,869] {dag.py:2306} INFO - Setting next_dagrun for example_xcom_args_with_operators to None
[2025-01-30 12:32:10,883] {scheduler_job.py:190} INFO - Processing /home/airflow/.local/lib/python3.6/site-packages/airflow/example_dags/example_xcomargs.py took 0.348 seconds
[2025-01-30 12:32:41,182] {scheduler_job.py:182} INFO - Started process (PID=873) to work on /home/airflow/.local/lib/python3.6/site-packages/airflow/example_dags/example_xcomargs.py
[2025-01-30 12:32:41,183] {scheduler_job.py:633} INFO - Processing file /home/airflow/.local/lib/python3.6/site-packages/airflow/example_dags/example_xcomargs.py for tasks to queue
[2025-01-30 12:32:41,184] {logging_mixin.py:104} INFO - [2025-01-30 12:32:41,184] {dagbag.py:496} INFO - Filling up the DagBag from /home/airflow/.local/lib/python3.6/site-packages/airflow/example_dags/example_xcomargs.py
[2025-01-30 12:32:41,209] {scheduler_job.py:643} INFO - DAG(s) dict_keys(['example_xcom_args', 'example_xcom_args_with_operators']) retrieved from /home/airflow/.local/lib/python3.6/site-packages/airflow/example_dags/example_xcomargs.py
[2025-01-30 12:32:41,515] {logging_mixin.py:104} INFO - [2025-01-30 12:32:41,515] {dag.py:1833} INFO - Sync 2 DAGs
[2025-01-30 12:32:41,533] {logging_mixin.py:104} INFO - [2025-01-30 12:32:41,533] {dag.py:2306} INFO - Setting next_dagrun for example_xcom_args to None
[2025-01-30 12:32:41,534] {logging_mixin.py:104} INFO - [2025-01-30 12:32:41,534] {dag.py:2306} INFO - Setting next_dagrun for example_xcom_args_with_operators to None
[2025-01-30 12:32:41,548] {scheduler_job.py:190} INFO - Processing /home/airflow/.local/lib/python3.6/site-packages/airflow/example_dags/example_xcomargs.py took 0.370 seconds
[2025-01-30 12:33:11,696] {scheduler_job.py:182} INFO - Started process (PID=923) to work on /home/airflow/.local/lib/python3.6/site-packages/airflow/example_dags/example_xcomargs.py
[2025-01-30 12:33:11,697] {scheduler_job.py:633} INFO - Processing file /home/airflow/.local/lib/python3.6/site-packages/airflow/example_dags/example_xcomargs.py for tasks to queue
[2025-01-30 12:33:11,698] {logging_mixin.py:104} INFO - [2025-01-30 12:33:11,698] {dagbag.py:496} INFO - Filling up the DagBag from /home/airflow/.local/lib/python3.6/site-packages/airflow/example_dags/example_xcomargs.py
[2025-01-30 12:33:11,725] {scheduler_job.py:643} INFO - DAG(s) dict_keys(['example_xcom_args', 'example_xcom_args_with_operators']) retrieved from /home/airflow/.local/lib/python3.6/site-packages/airflow/example_dags/example_xcomargs.py
[2025-01-30 12:33:11,761] {logging_mixin.py:104} INFO - [2025-01-30 12:33:11,761] {dag.py:1833} INFO - Sync 2 DAGs
[2025-01-30 12:33:11,785] {logging_mixin.py:104} INFO - [2025-01-30 12:33:11,785] {dag.py:2306} INFO - Setting next_dagrun for example_xcom_args to None
[2025-01-30 12:33:11,786] {logging_mixin.py:104} INFO - [2025-01-30 12:33:11,786] {dag.py:2306} INFO - Setting next_dagrun for example_xcom_args_with_operators to None
[2025-01-30 12:33:11,801] {scheduler_job.py:190} INFO - Processing /home/airflow/.local/lib/python3.6/site-packages/airflow/example_dags/example_xcomargs.py took 0.109 seconds
[2025-01-30 12:33:42,409] {scheduler_job.py:182} INFO - Started process (PID=984) to work on /home/airflow/.local/lib/python3.6/site-packages/airflow/example_dags/example_xcomargs.py
[2025-01-30 12:33:42,410] {scheduler_job.py:633} INFO - Processing file /home/airflow/.local/lib/python3.6/site-packages/airflow/example_dags/example_xcomargs.py for tasks to queue
[2025-01-30 12:33:42,411] {logging_mixin.py:104} INFO - [2025-01-30 12:33:42,411] {dagbag.py:496} INFO - Filling up the DagBag from /home/airflow/.local/lib/python3.6/site-packages/airflow/example_dags/example_xcomargs.py
[2025-01-30 12:33:42,436] {scheduler_job.py:643} INFO - DAG(s) dict_keys(['example_xcom_args', 'example_xcom_args_with_operators']) retrieved from /home/airflow/.local/lib/python3.6/site-packages/airflow/example_dags/example_xcomargs.py
[2025-01-30 12:33:42,468] {logging_mixin.py:104} INFO - [2025-01-30 12:33:42,468] {dag.py:1833} INFO - Sync 2 DAGs
[2025-01-30 12:33:42,488] {logging_mixin.py:104} INFO - [2025-01-30 12:33:42,488] {dag.py:2306} INFO - Setting next_dagrun for example_xcom_args to None
[2025-01-30 12:33:42,489] {logging_mixin.py:104} INFO - [2025-01-30 12:33:42,489] {dag.py:2306} INFO - Setting next_dagrun for example_xcom_args_with_operators to None
[2025-01-30 12:33:42,501] {scheduler_job.py:190} INFO - Processing /home/airflow/.local/lib/python3.6/site-packages/airflow/example_dags/example_xcomargs.py took 0.096 seconds
