[2025-01-30 12:22:34,409] {scheduler_job.py:182} INFO - Started process (PID=108) to work on /home/airflow/.local/lib/python3.6/site-packages/airflow/example_dags/example_trigger_controller_dag.py
[2025-01-30 12:22:34,410] {scheduler_job.py:633} INFO - Processing file /home/airflow/.local/lib/python3.6/site-packages/airflow/example_dags/example_trigger_controller_dag.py for tasks to queue
[2025-01-30 12:22:34,411] {logging_mixin.py:104} INFO - [2025-01-30 12:22:34,411] {dagbag.py:496} INFO - Filling up the DagBag from /home/airflow/.local/lib/python3.6/site-packages/airflow/example_dags/example_trigger_controller_dag.py
[2025-01-30 12:22:34,447] {scheduler_job.py:643} INFO - DAG(s) dict_keys(['example_trigger_controller_dag']) retrieved from /home/airflow/.local/lib/python3.6/site-packages/airflow/example_dags/example_trigger_controller_dag.py
[2025-01-30 12:22:37,250] {logging_mixin.py:104} INFO - [2025-01-30 12:22:37,249] {dag.py:1833} INFO - Sync 1 DAGs
[2025-01-30 12:22:37,261] {logging_mixin.py:104} INFO - [2025-01-30 12:22:37,260] {dag.py:1852} INFO - Creating ORM DAG for example_trigger_controller_dag
[2025-01-30 12:22:37,267] {logging_mixin.py:104} INFO - [2025-01-30 12:22:37,266] {dag.py:2306} INFO - Setting next_dagrun for example_trigger_controller_dag to 2025-01-28 00:00:00+00:00
[2025-01-30 12:22:37,279] {scheduler_job.py:190} INFO - Processing /home/airflow/.local/lib/python3.6/site-packages/airflow/example_dags/example_trigger_controller_dag.py took 2.874 seconds
[2025-01-30 12:23:08,148] {scheduler_job.py:182} INFO - Started process (PID=470) to work on /home/airflow/.local/lib/python3.6/site-packages/airflow/example_dags/example_trigger_controller_dag.py
[2025-01-30 12:23:08,149] {scheduler_job.py:633} INFO - Processing file /home/airflow/.local/lib/python3.6/site-packages/airflow/example_dags/example_trigger_controller_dag.py for tasks to queue
[2025-01-30 12:23:08,150] {logging_mixin.py:104} INFO - [2025-01-30 12:23:08,150] {dagbag.py:496} INFO - Filling up the DagBag from /home/airflow/.local/lib/python3.6/site-packages/airflow/example_dags/example_trigger_controller_dag.py
[2025-01-30 12:23:08,163] {scheduler_job.py:643} INFO - DAG(s) dict_keys(['example_trigger_controller_dag']) retrieved from /home/airflow/.local/lib/python3.6/site-packages/airflow/example_dags/example_trigger_controller_dag.py
[2025-01-30 12:23:08,189] {logging_mixin.py:104} INFO - [2025-01-30 12:23:08,189] {dag.py:1833} INFO - Sync 1 DAGs
[2025-01-30 12:23:08,208] {logging_mixin.py:104} INFO - [2025-01-30 12:23:08,208] {dag.py:2306} INFO - Setting next_dagrun for example_trigger_controller_dag to 2025-01-28 00:00:00+00:00
[2025-01-30 12:23:08,220] {scheduler_job.py:190} INFO - Processing /home/airflow/.local/lib/python3.6/site-packages/airflow/example_dags/example_trigger_controller_dag.py took 0.076 seconds
[2025-01-30 12:23:38,472] {scheduler_job.py:182} INFO - Started process (PID=521) to work on /home/airflow/.local/lib/python3.6/site-packages/airflow/example_dags/example_trigger_controller_dag.py
[2025-01-30 12:23:38,474] {scheduler_job.py:633} INFO - Processing file /home/airflow/.local/lib/python3.6/site-packages/airflow/example_dags/example_trigger_controller_dag.py for tasks to queue
[2025-01-30 12:23:38,505] {logging_mixin.py:104} INFO - [2025-01-30 12:23:38,505] {dagbag.py:496} INFO - Filling up the DagBag from /home/airflow/.local/lib/python3.6/site-packages/airflow/example_dags/example_trigger_controller_dag.py
[2025-01-30 12:23:38,521] {scheduler_job.py:643} INFO - DAG(s) dict_keys(['example_trigger_controller_dag']) retrieved from /home/airflow/.local/lib/python3.6/site-packages/airflow/example_dags/example_trigger_controller_dag.py
[2025-01-30 12:23:38,551] {logging_mixin.py:104} INFO - [2025-01-30 12:23:38,551] {dag.py:1833} INFO - Sync 1 DAGs
[2025-01-30 12:23:38,573] {logging_mixin.py:104} INFO - [2025-01-30 12:23:38,573] {dag.py:2306} INFO - Setting next_dagrun for example_trigger_controller_dag to 2025-01-28 00:00:00+00:00
[2025-01-30 12:23:38,587] {scheduler_job.py:190} INFO - Processing /home/airflow/.local/lib/python3.6/site-packages/airflow/example_dags/example_trigger_controller_dag.py took 0.119 seconds
[2025-01-30 12:24:09,193] {scheduler_job.py:182} INFO - Started process (PID=582) to work on /home/airflow/.local/lib/python3.6/site-packages/airflow/example_dags/example_trigger_controller_dag.py
[2025-01-30 12:24:09,194] {scheduler_job.py:633} INFO - Processing file /home/airflow/.local/lib/python3.6/site-packages/airflow/example_dags/example_trigger_controller_dag.py for tasks to queue
[2025-01-30 12:24:09,195] {logging_mixin.py:104} INFO - [2025-01-30 12:24:09,195] {dagbag.py:496} INFO - Filling up the DagBag from /home/airflow/.local/lib/python3.6/site-packages/airflow/example_dags/example_trigger_controller_dag.py
[2025-01-30 12:24:09,211] {scheduler_job.py:643} INFO - DAG(s) dict_keys(['example_trigger_controller_dag']) retrieved from /home/airflow/.local/lib/python3.6/site-packages/airflow/example_dags/example_trigger_controller_dag.py
[2025-01-30 12:24:09,240] {logging_mixin.py:104} INFO - [2025-01-30 12:24:09,240] {dag.py:1833} INFO - Sync 1 DAGs
[2025-01-30 12:24:09,261] {logging_mixin.py:104} INFO - [2025-01-30 12:24:09,261] {dag.py:2306} INFO - Setting next_dagrun for example_trigger_controller_dag to 2025-01-28 00:00:00+00:00
[2025-01-30 12:24:09,304] {scheduler_job.py:190} INFO - Processing /home/airflow/.local/lib/python3.6/site-packages/airflow/example_dags/example_trigger_controller_dag.py took 0.116 seconds
[2025-01-30 12:24:58,742] {scheduler_job.py:182} INFO - Started process (PID=38) to work on /home/airflow/.local/lib/python3.6/site-packages/airflow/example_dags/example_trigger_controller_dag.py
[2025-01-30 12:24:58,743] {scheduler_job.py:633} INFO - Processing file /home/airflow/.local/lib/python3.6/site-packages/airflow/example_dags/example_trigger_controller_dag.py for tasks to queue
[2025-01-30 12:24:58,746] {logging_mixin.py:104} INFO - [2025-01-30 12:24:58,746] {dagbag.py:496} INFO - Filling up the DagBag from /home/airflow/.local/lib/python3.6/site-packages/airflow/example_dags/example_trigger_controller_dag.py
[2025-01-30 12:24:58,768] {scheduler_job.py:643} INFO - DAG(s) dict_keys(['example_trigger_controller_dag']) retrieved from /home/airflow/.local/lib/python3.6/site-packages/airflow/example_dags/example_trigger_controller_dag.py
[2025-01-30 12:24:58,803] {logging_mixin.py:104} INFO - [2025-01-30 12:24:58,803] {dag.py:1833} INFO - Sync 1 DAGs
[2025-01-30 12:24:58,823] {logging_mixin.py:104} INFO - [2025-01-30 12:24:58,823] {dag.py:2306} INFO - Setting next_dagrun for example_trigger_controller_dag to 2025-01-28 00:00:00+00:00
[2025-01-30 12:24:58,834] {scheduler_job.py:190} INFO - Processing /home/airflow/.local/lib/python3.6/site-packages/airflow/example_dags/example_trigger_controller_dag.py took 0.102 seconds
[2025-01-30 12:25:29,651] {scheduler_job.py:182} INFO - Started process (PID=98) to work on /home/airflow/.local/lib/python3.6/site-packages/airflow/example_dags/example_trigger_controller_dag.py
[2025-01-30 12:25:29,652] {scheduler_job.py:633} INFO - Processing file /home/airflow/.local/lib/python3.6/site-packages/airflow/example_dags/example_trigger_controller_dag.py for tasks to queue
[2025-01-30 12:25:29,653] {logging_mixin.py:104} INFO - [2025-01-30 12:25:29,653] {dagbag.py:496} INFO - Filling up the DagBag from /home/airflow/.local/lib/python3.6/site-packages/airflow/example_dags/example_trigger_controller_dag.py
[2025-01-30 12:25:29,671] {scheduler_job.py:643} INFO - DAG(s) dict_keys(['example_trigger_controller_dag']) retrieved from /home/airflow/.local/lib/python3.6/site-packages/airflow/example_dags/example_trigger_controller_dag.py
[2025-01-30 12:25:29,700] {logging_mixin.py:104} INFO - [2025-01-30 12:25:29,700] {dag.py:1833} INFO - Sync 1 DAGs
[2025-01-30 12:25:29,721] {logging_mixin.py:104} INFO - [2025-01-30 12:25:29,721] {dag.py:2306} INFO - Setting next_dagrun for example_trigger_controller_dag to 2025-01-28 00:00:00+00:00
[2025-01-30 12:25:29,734] {scheduler_job.py:190} INFO - Processing /home/airflow/.local/lib/python3.6/site-packages/airflow/example_dags/example_trigger_controller_dag.py took 0.089 seconds
[2025-01-30 12:26:00,210] {scheduler_job.py:182} INFO - Started process (PID=149) to work on /home/airflow/.local/lib/python3.6/site-packages/airflow/example_dags/example_trigger_controller_dag.py
[2025-01-30 12:26:00,212] {scheduler_job.py:633} INFO - Processing file /home/airflow/.local/lib/python3.6/site-packages/airflow/example_dags/example_trigger_controller_dag.py for tasks to queue
[2025-01-30 12:26:00,213] {logging_mixin.py:104} INFO - [2025-01-30 12:26:00,213] {dagbag.py:496} INFO - Filling up the DagBag from /home/airflow/.local/lib/python3.6/site-packages/airflow/example_dags/example_trigger_controller_dag.py
[2025-01-30 12:26:00,228] {scheduler_job.py:643} INFO - DAG(s) dict_keys(['example_trigger_controller_dag']) retrieved from /home/airflow/.local/lib/python3.6/site-packages/airflow/example_dags/example_trigger_controller_dag.py
[2025-01-30 12:26:00,258] {logging_mixin.py:104} INFO - [2025-01-30 12:26:00,258] {dag.py:1833} INFO - Sync 1 DAGs
[2025-01-30 12:26:00,279] {logging_mixin.py:104} INFO - [2025-01-30 12:26:00,279] {dag.py:2306} INFO - Setting next_dagrun for example_trigger_controller_dag to 2025-01-28 00:00:00+00:00
[2025-01-30 12:26:00,294] {scheduler_job.py:190} INFO - Processing /home/airflow/.local/lib/python3.6/site-packages/airflow/example_dags/example_trigger_controller_dag.py took 0.088 seconds
[2025-01-30 12:26:30,995] {scheduler_job.py:182} INFO - Started process (PID=207) to work on /home/airflow/.local/lib/python3.6/site-packages/airflow/example_dags/example_trigger_controller_dag.py
[2025-01-30 12:26:30,996] {scheduler_job.py:633} INFO - Processing file /home/airflow/.local/lib/python3.6/site-packages/airflow/example_dags/example_trigger_controller_dag.py for tasks to queue
[2025-01-30 12:26:30,997] {logging_mixin.py:104} INFO - [2025-01-30 12:26:30,997] {dagbag.py:496} INFO - Filling up the DagBag from /home/airflow/.local/lib/python3.6/site-packages/airflow/example_dags/example_trigger_controller_dag.py
[2025-01-30 12:26:31,013] {scheduler_job.py:643} INFO - DAG(s) dict_keys(['example_trigger_controller_dag']) retrieved from /home/airflow/.local/lib/python3.6/site-packages/airflow/example_dags/example_trigger_controller_dag.py
[2025-01-30 12:26:31,046] {logging_mixin.py:104} INFO - [2025-01-30 12:26:31,046] {dag.py:1833} INFO - Sync 1 DAGs
[2025-01-30 12:26:31,069] {logging_mixin.py:104} INFO - [2025-01-30 12:26:31,069] {dag.py:2306} INFO - Setting next_dagrun for example_trigger_controller_dag to 2025-01-28 00:00:00+00:00
[2025-01-30 12:26:31,085] {scheduler_job.py:190} INFO - Processing /home/airflow/.local/lib/python3.6/site-packages/airflow/example_dags/example_trigger_controller_dag.py took 0.095 seconds
[2025-01-30 12:27:01,883] {scheduler_job.py:182} INFO - Started process (PID=261) to work on /home/airflow/.local/lib/python3.6/site-packages/airflow/example_dags/example_trigger_controller_dag.py
[2025-01-30 12:27:01,885] {scheduler_job.py:633} INFO - Processing file /home/airflow/.local/lib/python3.6/site-packages/airflow/example_dags/example_trigger_controller_dag.py for tasks to queue
[2025-01-30 12:27:01,885] {logging_mixin.py:104} INFO - [2025-01-30 12:27:01,885] {dagbag.py:496} INFO - Filling up the DagBag from /home/airflow/.local/lib/python3.6/site-packages/airflow/example_dags/example_trigger_controller_dag.py
[2025-01-30 12:27:01,902] {scheduler_job.py:643} INFO - DAG(s) dict_keys(['example_trigger_controller_dag']) retrieved from /home/airflow/.local/lib/python3.6/site-packages/airflow/example_dags/example_trigger_controller_dag.py
[2025-01-30 12:27:01,934] {logging_mixin.py:104} INFO - [2025-01-30 12:27:01,934] {dag.py:1833} INFO - Sync 1 DAGs
[2025-01-30 12:27:01,957] {logging_mixin.py:104} INFO - [2025-01-30 12:27:01,957] {dag.py:2306} INFO - Setting next_dagrun for example_trigger_controller_dag to 2025-01-28 00:00:00+00:00
[2025-01-30 12:27:01,972] {scheduler_job.py:190} INFO - Processing /home/airflow/.local/lib/python3.6/site-packages/airflow/example_dags/example_trigger_controller_dag.py took 0.093 seconds
[2025-01-30 12:27:32,510] {scheduler_job.py:182} INFO - Started process (PID=312) to work on /home/airflow/.local/lib/python3.6/site-packages/airflow/example_dags/example_trigger_controller_dag.py
[2025-01-30 12:27:32,513] {scheduler_job.py:633} INFO - Processing file /home/airflow/.local/lib/python3.6/site-packages/airflow/example_dags/example_trigger_controller_dag.py for tasks to queue
[2025-01-30 12:27:32,513] {logging_mixin.py:104} INFO - [2025-01-30 12:27:32,513] {dagbag.py:496} INFO - Filling up the DagBag from /home/airflow/.local/lib/python3.6/site-packages/airflow/example_dags/example_trigger_controller_dag.py
[2025-01-30 12:27:32,528] {scheduler_job.py:643} INFO - DAG(s) dict_keys(['example_trigger_controller_dag']) retrieved from /home/airflow/.local/lib/python3.6/site-packages/airflow/example_dags/example_trigger_controller_dag.py
[2025-01-30 12:27:32,564] {logging_mixin.py:104} INFO - [2025-01-30 12:27:32,564] {dag.py:1833} INFO - Sync 1 DAGs
[2025-01-30 12:27:32,589] {logging_mixin.py:104} INFO - [2025-01-30 12:27:32,589] {dag.py:2306} INFO - Setting next_dagrun for example_trigger_controller_dag to 2025-01-28 00:00:00+00:00
[2025-01-30 12:27:32,604] {scheduler_job.py:190} INFO - Processing /home/airflow/.local/lib/python3.6/site-packages/airflow/example_dags/example_trigger_controller_dag.py took 0.099 seconds
[2025-01-30 12:28:02,666] {scheduler_job.py:182} INFO - Started process (PID=372) to work on /home/airflow/.local/lib/python3.6/site-packages/airflow/example_dags/example_trigger_controller_dag.py
[2025-01-30 12:28:02,668] {scheduler_job.py:633} INFO - Processing file /home/airflow/.local/lib/python3.6/site-packages/airflow/example_dags/example_trigger_controller_dag.py for tasks to queue
[2025-01-30 12:28:02,668] {logging_mixin.py:104} INFO - [2025-01-30 12:28:02,668] {dagbag.py:496} INFO - Filling up the DagBag from /home/airflow/.local/lib/python3.6/site-packages/airflow/example_dags/example_trigger_controller_dag.py
[2025-01-30 12:28:02,682] {scheduler_job.py:643} INFO - DAG(s) dict_keys(['example_trigger_controller_dag']) retrieved from /home/airflow/.local/lib/python3.6/site-packages/airflow/example_dags/example_trigger_controller_dag.py
[2025-01-30 12:28:02,711] {logging_mixin.py:104} INFO - [2025-01-30 12:28:02,711] {dag.py:1833} INFO - Sync 1 DAGs
[2025-01-30 12:28:02,731] {logging_mixin.py:104} INFO - [2025-01-30 12:28:02,731] {dag.py:2306} INFO - Setting next_dagrun for example_trigger_controller_dag to 2025-01-28 00:00:00+00:00
[2025-01-30 12:28:02,743] {scheduler_job.py:190} INFO - Processing /home/airflow/.local/lib/python3.6/site-packages/airflow/example_dags/example_trigger_controller_dag.py took 0.081 seconds
[2025-01-30 12:28:33,052] {scheduler_job.py:182} INFO - Started process (PID=424) to work on /home/airflow/.local/lib/python3.6/site-packages/airflow/example_dags/example_trigger_controller_dag.py
[2025-01-30 12:28:33,053] {scheduler_job.py:633} INFO - Processing file /home/airflow/.local/lib/python3.6/site-packages/airflow/example_dags/example_trigger_controller_dag.py for tasks to queue
[2025-01-30 12:28:33,054] {logging_mixin.py:104} INFO - [2025-01-30 12:28:33,054] {dagbag.py:496} INFO - Filling up the DagBag from /home/airflow/.local/lib/python3.6/site-packages/airflow/example_dags/example_trigger_controller_dag.py
[2025-01-30 12:28:33,071] {scheduler_job.py:643} INFO - DAG(s) dict_keys(['example_trigger_controller_dag']) retrieved from /home/airflow/.local/lib/python3.6/site-packages/airflow/example_dags/example_trigger_controller_dag.py
[2025-01-30 12:28:33,101] {logging_mixin.py:104} INFO - [2025-01-30 12:28:33,101] {dag.py:1833} INFO - Sync 1 DAGs
[2025-01-30 12:28:33,123] {logging_mixin.py:104} INFO - [2025-01-30 12:28:33,123] {dag.py:2306} INFO - Setting next_dagrun for example_trigger_controller_dag to 2025-01-28 00:00:00+00:00
[2025-01-30 12:28:33,137] {scheduler_job.py:190} INFO - Processing /home/airflow/.local/lib/python3.6/site-packages/airflow/example_dags/example_trigger_controller_dag.py took 0.090 seconds
[2025-01-30 12:29:03,626] {scheduler_job.py:182} INFO - Started process (PID=475) to work on /home/airflow/.local/lib/python3.6/site-packages/airflow/example_dags/example_trigger_controller_dag.py
[2025-01-30 12:29:03,627] {scheduler_job.py:633} INFO - Processing file /home/airflow/.local/lib/python3.6/site-packages/airflow/example_dags/example_trigger_controller_dag.py for tasks to queue
[2025-01-30 12:29:03,628] {logging_mixin.py:104} INFO - [2025-01-30 12:29:03,628] {dagbag.py:496} INFO - Filling up the DagBag from /home/airflow/.local/lib/python3.6/site-packages/airflow/example_dags/example_trigger_controller_dag.py
[2025-01-30 12:29:03,641] {scheduler_job.py:643} INFO - DAG(s) dict_keys(['example_trigger_controller_dag']) retrieved from /home/airflow/.local/lib/python3.6/site-packages/airflow/example_dags/example_trigger_controller_dag.py
[2025-01-30 12:29:03,669] {logging_mixin.py:104} INFO - [2025-01-30 12:29:03,668] {dag.py:1833} INFO - Sync 1 DAGs
[2025-01-30 12:29:03,688] {logging_mixin.py:104} INFO - [2025-01-30 12:29:03,688] {dag.py:2306} INFO - Setting next_dagrun for example_trigger_controller_dag to 2025-01-28 00:00:00+00:00
[2025-01-30 12:29:03,700] {scheduler_job.py:190} INFO - Processing /home/airflow/.local/lib/python3.6/site-packages/airflow/example_dags/example_trigger_controller_dag.py took 0.078 seconds
[2025-01-30 12:29:34,539] {scheduler_job.py:182} INFO - Started process (PID=536) to work on /home/airflow/.local/lib/python3.6/site-packages/airflow/example_dags/example_trigger_controller_dag.py
[2025-01-30 12:29:34,540] {scheduler_job.py:633} INFO - Processing file /home/airflow/.local/lib/python3.6/site-packages/airflow/example_dags/example_trigger_controller_dag.py for tasks to queue
[2025-01-30 12:29:34,541] {logging_mixin.py:104} INFO - [2025-01-30 12:29:34,541] {dagbag.py:496} INFO - Filling up the DagBag from /home/airflow/.local/lib/python3.6/site-packages/airflow/example_dags/example_trigger_controller_dag.py
[2025-01-30 12:29:34,555] {scheduler_job.py:643} INFO - DAG(s) dict_keys(['example_trigger_controller_dag']) retrieved from /home/airflow/.local/lib/python3.6/site-packages/airflow/example_dags/example_trigger_controller_dag.py
[2025-01-30 12:29:34,583] {logging_mixin.py:104} INFO - [2025-01-30 12:29:34,583] {dag.py:1833} INFO - Sync 1 DAGs
[2025-01-30 12:29:34,602] {logging_mixin.py:104} INFO - [2025-01-30 12:29:34,602] {dag.py:2306} INFO - Setting next_dagrun for example_trigger_controller_dag to 2025-01-28 00:00:00+00:00
[2025-01-30 12:29:34,615] {scheduler_job.py:190} INFO - Processing /home/airflow/.local/lib/python3.6/site-packages/airflow/example_dags/example_trigger_controller_dag.py took 0.080 seconds
[2025-01-30 12:30:05,343] {scheduler_job.py:182} INFO - Started process (PID=587) to work on /home/airflow/.local/lib/python3.6/site-packages/airflow/example_dags/example_trigger_controller_dag.py
[2025-01-30 12:30:05,344] {scheduler_job.py:633} INFO - Processing file /home/airflow/.local/lib/python3.6/site-packages/airflow/example_dags/example_trigger_controller_dag.py for tasks to queue
[2025-01-30 12:30:05,345] {logging_mixin.py:104} INFO - [2025-01-30 12:30:05,345] {dagbag.py:496} INFO - Filling up the DagBag from /home/airflow/.local/lib/python3.6/site-packages/airflow/example_dags/example_trigger_controller_dag.py
[2025-01-30 12:30:05,360] {scheduler_job.py:643} INFO - DAG(s) dict_keys(['example_trigger_controller_dag']) retrieved from /home/airflow/.local/lib/python3.6/site-packages/airflow/example_dags/example_trigger_controller_dag.py
[2025-01-30 12:30:05,390] {logging_mixin.py:104} INFO - [2025-01-30 12:30:05,390] {dag.py:1833} INFO - Sync 1 DAGs
[2025-01-30 12:30:05,413] {logging_mixin.py:104} INFO - [2025-01-30 12:30:05,412] {dag.py:2306} INFO - Setting next_dagrun for example_trigger_controller_dag to 2025-01-28 00:00:00+00:00
[2025-01-30 12:30:05,426] {scheduler_job.py:190} INFO - Processing /home/airflow/.local/lib/python3.6/site-packages/airflow/example_dags/example_trigger_controller_dag.py took 0.088 seconds
[2025-01-30 12:30:36,043] {scheduler_job.py:182} INFO - Started process (PID=638) to work on /home/airflow/.local/lib/python3.6/site-packages/airflow/example_dags/example_trigger_controller_dag.py
[2025-01-30 12:30:36,044] {scheduler_job.py:633} INFO - Processing file /home/airflow/.local/lib/python3.6/site-packages/airflow/example_dags/example_trigger_controller_dag.py for tasks to queue
[2025-01-30 12:30:36,045] {logging_mixin.py:104} INFO - [2025-01-30 12:30:36,045] {dagbag.py:496} INFO - Filling up the DagBag from /home/airflow/.local/lib/python3.6/site-packages/airflow/example_dags/example_trigger_controller_dag.py
[2025-01-30 12:30:36,059] {scheduler_job.py:643} INFO - DAG(s) dict_keys(['example_trigger_controller_dag']) retrieved from /home/airflow/.local/lib/python3.6/site-packages/airflow/example_dags/example_trigger_controller_dag.py
[2025-01-30 12:30:36,085] {logging_mixin.py:104} INFO - [2025-01-30 12:30:36,084] {dag.py:1833} INFO - Sync 1 DAGs
[2025-01-30 12:30:36,103] {logging_mixin.py:104} INFO - [2025-01-30 12:30:36,103] {dag.py:2306} INFO - Setting next_dagrun for example_trigger_controller_dag to 2025-01-28 00:00:00+00:00
[2025-01-30 12:30:36,114] {scheduler_job.py:190} INFO - Processing /home/airflow/.local/lib/python3.6/site-packages/airflow/example_dags/example_trigger_controller_dag.py took 0.075 seconds
[2025-01-30 12:31:06,659] {scheduler_job.py:182} INFO - Started process (PID=699) to work on /home/airflow/.local/lib/python3.6/site-packages/airflow/example_dags/example_trigger_controller_dag.py
[2025-01-30 12:31:06,660] {scheduler_job.py:633} INFO - Processing file /home/airflow/.local/lib/python3.6/site-packages/airflow/example_dags/example_trigger_controller_dag.py for tasks to queue
[2025-01-30 12:31:06,661] {logging_mixin.py:104} INFO - [2025-01-30 12:31:06,661] {dagbag.py:496} INFO - Filling up the DagBag from /home/airflow/.local/lib/python3.6/site-packages/airflow/example_dags/example_trigger_controller_dag.py
[2025-01-30 12:31:06,676] {scheduler_job.py:643} INFO - DAG(s) dict_keys(['example_trigger_controller_dag']) retrieved from /home/airflow/.local/lib/python3.6/site-packages/airflow/example_dags/example_trigger_controller_dag.py
[2025-01-30 12:31:06,704] {logging_mixin.py:104} INFO - [2025-01-30 12:31:06,704] {dag.py:1833} INFO - Sync 1 DAGs
[2025-01-30 12:31:06,723] {logging_mixin.py:104} INFO - [2025-01-30 12:31:06,723] {dag.py:2306} INFO - Setting next_dagrun for example_trigger_controller_dag to 2025-01-28 00:00:00+00:00
[2025-01-30 12:31:06,735] {scheduler_job.py:190} INFO - Processing /home/airflow/.local/lib/python3.6/site-packages/airflow/example_dags/example_trigger_controller_dag.py took 0.081 seconds
[2025-01-30 12:31:37,294] {scheduler_job.py:182} INFO - Started process (PID=750) to work on /home/airflow/.local/lib/python3.6/site-packages/airflow/example_dags/example_trigger_controller_dag.py
[2025-01-30 12:31:37,295] {scheduler_job.py:633} INFO - Processing file /home/airflow/.local/lib/python3.6/site-packages/airflow/example_dags/example_trigger_controller_dag.py for tasks to queue
[2025-01-30 12:31:37,296] {logging_mixin.py:104} INFO - [2025-01-30 12:31:37,296] {dagbag.py:496} INFO - Filling up the DagBag from /home/airflow/.local/lib/python3.6/site-packages/airflow/example_dags/example_trigger_controller_dag.py
[2025-01-30 12:31:37,311] {scheduler_job.py:643} INFO - DAG(s) dict_keys(['example_trigger_controller_dag']) retrieved from /home/airflow/.local/lib/python3.6/site-packages/airflow/example_dags/example_trigger_controller_dag.py
[2025-01-30 12:31:37,342] {logging_mixin.py:104} INFO - [2025-01-30 12:31:37,341] {dag.py:1833} INFO - Sync 1 DAGs
[2025-01-30 12:31:37,365] {logging_mixin.py:104} INFO - [2025-01-30 12:31:37,365] {dag.py:2306} INFO - Setting next_dagrun for example_trigger_controller_dag to 2025-01-28 00:00:00+00:00
[2025-01-30 12:31:37,379] {scheduler_job.py:190} INFO - Processing /home/airflow/.local/lib/python3.6/site-packages/airflow/example_dags/example_trigger_controller_dag.py took 0.090 seconds
[2025-01-30 12:32:07,601] {scheduler_job.py:182} INFO - Started process (PID=801) to work on /home/airflow/.local/lib/python3.6/site-packages/airflow/example_dags/example_trigger_controller_dag.py
[2025-01-30 12:32:07,603] {scheduler_job.py:633} INFO - Processing file /home/airflow/.local/lib/python3.6/site-packages/airflow/example_dags/example_trigger_controller_dag.py for tasks to queue
[2025-01-30 12:32:07,604] {logging_mixin.py:104} INFO - [2025-01-30 12:32:07,604] {dagbag.py:496} INFO - Filling up the DagBag from /home/airflow/.local/lib/python3.6/site-packages/airflow/example_dags/example_trigger_controller_dag.py
[2025-01-30 12:32:07,618] {scheduler_job.py:643} INFO - DAG(s) dict_keys(['example_trigger_controller_dag']) retrieved from /home/airflow/.local/lib/python3.6/site-packages/airflow/example_dags/example_trigger_controller_dag.py
[2025-01-30 12:32:07,649] {logging_mixin.py:104} INFO - [2025-01-30 12:32:07,649] {dag.py:1833} INFO - Sync 1 DAGs
[2025-01-30 12:32:07,671] {logging_mixin.py:104} INFO - [2025-01-30 12:32:07,670] {dag.py:2306} INFO - Setting next_dagrun for example_trigger_controller_dag to 2025-01-28 00:00:00+00:00
[2025-01-30 12:32:07,684] {scheduler_job.py:190} INFO - Processing /home/airflow/.local/lib/python3.6/site-packages/airflow/example_dags/example_trigger_controller_dag.py took 0.088 seconds
[2025-01-30 12:32:38,230] {scheduler_job.py:182} INFO - Started process (PID=862) to work on /home/airflow/.local/lib/python3.6/site-packages/airflow/example_dags/example_trigger_controller_dag.py
[2025-01-30 12:32:38,232] {scheduler_job.py:633} INFO - Processing file /home/airflow/.local/lib/python3.6/site-packages/airflow/example_dags/example_trigger_controller_dag.py for tasks to queue
[2025-01-30 12:32:38,232] {logging_mixin.py:104} INFO - [2025-01-30 12:32:38,232] {dagbag.py:496} INFO - Filling up the DagBag from /home/airflow/.local/lib/python3.6/site-packages/airflow/example_dags/example_trigger_controller_dag.py
[2025-01-30 12:32:38,248] {scheduler_job.py:643} INFO - DAG(s) dict_keys(['example_trigger_controller_dag']) retrieved from /home/airflow/.local/lib/python3.6/site-packages/airflow/example_dags/example_trigger_controller_dag.py
[2025-01-30 12:32:38,283] {logging_mixin.py:104} INFO - [2025-01-30 12:32:38,282] {dag.py:1833} INFO - Sync 1 DAGs
[2025-01-30 12:32:38,305] {logging_mixin.py:104} INFO - [2025-01-30 12:32:38,305] {dag.py:2306} INFO - Setting next_dagrun for example_trigger_controller_dag to 2025-01-28 00:00:00+00:00
[2025-01-30 12:32:38,321] {scheduler_job.py:190} INFO - Processing /home/airflow/.local/lib/python3.6/site-packages/airflow/example_dags/example_trigger_controller_dag.py took 0.095 seconds
[2025-01-30 12:33:09,012] {scheduler_job.py:182} INFO - Started process (PID=913) to work on /home/airflow/.local/lib/python3.6/site-packages/airflow/example_dags/example_trigger_controller_dag.py
[2025-01-30 12:33:09,013] {scheduler_job.py:633} INFO - Processing file /home/airflow/.local/lib/python3.6/site-packages/airflow/example_dags/example_trigger_controller_dag.py for tasks to queue
[2025-01-30 12:33:09,014] {logging_mixin.py:104} INFO - [2025-01-30 12:33:09,014] {dagbag.py:496} INFO - Filling up the DagBag from /home/airflow/.local/lib/python3.6/site-packages/airflow/example_dags/example_trigger_controller_dag.py
[2025-01-30 12:33:09,028] {scheduler_job.py:643} INFO - DAG(s) dict_keys(['example_trigger_controller_dag']) retrieved from /home/airflow/.local/lib/python3.6/site-packages/airflow/example_dags/example_trigger_controller_dag.py
[2025-01-30 12:33:09,057] {logging_mixin.py:104} INFO - [2025-01-30 12:33:09,057] {dag.py:1833} INFO - Sync 1 DAGs
[2025-01-30 12:33:09,076] {logging_mixin.py:104} INFO - [2025-01-30 12:33:09,076] {dag.py:2306} INFO - Setting next_dagrun for example_trigger_controller_dag to 2025-01-28 00:00:00+00:00
[2025-01-30 12:33:09,089] {scheduler_job.py:190} INFO - Processing /home/airflow/.local/lib/python3.6/site-packages/airflow/example_dags/example_trigger_controller_dag.py took 0.081 seconds
[2025-01-30 12:33:39,448] {scheduler_job.py:182} INFO - Started process (PID=973) to work on /home/airflow/.local/lib/python3.6/site-packages/airflow/example_dags/example_trigger_controller_dag.py
[2025-01-30 12:33:39,449] {scheduler_job.py:633} INFO - Processing file /home/airflow/.local/lib/python3.6/site-packages/airflow/example_dags/example_trigger_controller_dag.py for tasks to queue
[2025-01-30 12:33:39,450] {logging_mixin.py:104} INFO - [2025-01-30 12:33:39,450] {dagbag.py:496} INFO - Filling up the DagBag from /home/airflow/.local/lib/python3.6/site-packages/airflow/example_dags/example_trigger_controller_dag.py
[2025-01-30 12:33:39,465] {scheduler_job.py:643} INFO - DAG(s) dict_keys(['example_trigger_controller_dag']) retrieved from /home/airflow/.local/lib/python3.6/site-packages/airflow/example_dags/example_trigger_controller_dag.py
[2025-01-30 12:33:39,498] {logging_mixin.py:104} INFO - [2025-01-30 12:33:39,498] {dag.py:1833} INFO - Sync 1 DAGs
[2025-01-30 12:33:39,520] {logging_mixin.py:104} INFO - [2025-01-30 12:33:39,520] {dag.py:2306} INFO - Setting next_dagrun for example_trigger_controller_dag to 2025-01-28 00:00:00+00:00
[2025-01-30 12:33:39,534] {scheduler_job.py:190} INFO - Processing /home/airflow/.local/lib/python3.6/site-packages/airflow/example_dags/example_trigger_controller_dag.py took 0.091 seconds
