[2025-01-30 12:23:00,863] {scheduler_job.py:182} INFO - Started process (PID=428) to work on /home/airflow/.local/lib/python3.6/site-packages/airflow/example_dags/example_dag_decorator.py
[2025-01-30 12:23:00,863] {scheduler_job.py:633} INFO - Processing file /home/airflow/.local/lib/python3.6/site-packages/airflow/example_dags/example_dag_decorator.py for tasks to queue
[2025-01-30 12:23:00,864] {logging_mixin.py:104} INFO - [2025-01-30 12:23:00,864] {dagbag.py:496} INFO - Filling up the DagBag from /home/airflow/.local/lib/python3.6/site-packages/airflow/example_dags/example_dag_decorator.py
[2025-01-30 12:23:00,885] {scheduler_job.py:643} INFO - DAG(s) dict_keys(['example_dag_decorator']) retrieved from /home/airflow/.local/lib/python3.6/site-packages/airflow/example_dags/example_dag_decorator.py
[2025-01-30 12:23:02,797] {logging_mixin.py:104} INFO - [2025-01-30 12:23:02,796] {dag.py:1833} INFO - Sync 1 DAGs
[2025-01-30 12:23:02,805] {logging_mixin.py:104} INFO - [2025-01-30 12:23:02,804] {dag.py:1852} INFO - Creating ORM DAG for example_dag_decorator
[2025-01-30 12:23:02,809] {logging_mixin.py:104} INFO - [2025-01-30 12:23:02,809] {dag.py:2306} INFO - Setting next_dagrun for example_dag_decorator to None
[2025-01-30 12:23:02,820] {scheduler_job.py:190} INFO - Processing /home/airflow/.local/lib/python3.6/site-packages/airflow/example_dags/example_dag_decorator.py took 1.960 seconds
[2025-01-30 12:23:33,803] {scheduler_job.py:182} INFO - Started process (PID=515) to work on /home/airflow/.local/lib/python3.6/site-packages/airflow/example_dags/example_dag_decorator.py
[2025-01-30 12:23:33,804] {scheduler_job.py:633} INFO - Processing file /home/airflow/.local/lib/python3.6/site-packages/airflow/example_dags/example_dag_decorator.py for tasks to queue
[2025-01-30 12:23:33,805] {logging_mixin.py:104} INFO - [2025-01-30 12:23:33,805] {dagbag.py:496} INFO - Filling up the DagBag from /home/airflow/.local/lib/python3.6/site-packages/airflow/example_dags/example_dag_decorator.py
[2025-01-30 12:23:33,832] {scheduler_job.py:643} INFO - DAG(s) dict_keys(['example_dag_decorator']) retrieved from /home/airflow/.local/lib/python3.6/site-packages/airflow/example_dags/example_dag_decorator.py
[2025-01-30 12:23:34,159] {logging_mixin.py:104} INFO - [2025-01-30 12:23:34,159] {dag.py:1833} INFO - Sync 1 DAGs
[2025-01-30 12:23:34,181] {logging_mixin.py:104} INFO - [2025-01-30 12:23:34,181] {dag.py:2306} INFO - Setting next_dagrun for example_dag_decorator to None
[2025-01-30 12:23:34,197] {scheduler_job.py:190} INFO - Processing /home/airflow/.local/lib/python3.6/site-packages/airflow/example_dags/example_dag_decorator.py took 0.399 seconds
[2025-01-30 12:24:04,963] {scheduler_job.py:182} INFO - Started process (PID=566) to work on /home/airflow/.local/lib/python3.6/site-packages/airflow/example_dags/example_dag_decorator.py
[2025-01-30 12:24:04,965] {scheduler_job.py:633} INFO - Processing file /home/airflow/.local/lib/python3.6/site-packages/airflow/example_dags/example_dag_decorator.py for tasks to queue
[2025-01-30 12:24:04,966] {logging_mixin.py:104} INFO - [2025-01-30 12:24:04,965] {dagbag.py:496} INFO - Filling up the DagBag from /home/airflow/.local/lib/python3.6/site-packages/airflow/example_dags/example_dag_decorator.py
[2025-01-30 12:24:04,993] {scheduler_job.py:643} INFO - DAG(s) dict_keys(['example_dag_decorator']) retrieved from /home/airflow/.local/lib/python3.6/site-packages/airflow/example_dags/example_dag_decorator.py
[2025-01-30 12:24:05,285] {logging_mixin.py:104} INFO - [2025-01-30 12:24:05,285] {dag.py:1833} INFO - Sync 1 DAGs
[2025-01-30 12:24:05,302] {logging_mixin.py:104} INFO - [2025-01-30 12:24:05,302] {dag.py:2306} INFO - Setting next_dagrun for example_dag_decorator to None
[2025-01-30 12:24:05,345] {scheduler_job.py:190} INFO - Processing /home/airflow/.local/lib/python3.6/site-packages/airflow/example_dags/example_dag_decorator.py took 0.386 seconds
[2025-01-30 12:24:35,386] {scheduler_job.py:182} INFO - Started process (PID=629) to work on /home/airflow/.local/lib/python3.6/site-packages/airflow/example_dags/example_dag_decorator.py
[2025-01-30 12:24:35,388] {scheduler_job.py:633} INFO - Processing file /home/airflow/.local/lib/python3.6/site-packages/airflow/example_dags/example_dag_decorator.py for tasks to queue
[2025-01-30 12:24:35,388] {logging_mixin.py:104} INFO - [2025-01-30 12:24:35,388] {dagbag.py:496} INFO - Filling up the DagBag from /home/airflow/.local/lib/python3.6/site-packages/airflow/example_dags/example_dag_decorator.py
[2025-01-30 12:24:35,413] {scheduler_job.py:643} INFO - DAG(s) dict_keys(['example_dag_decorator']) retrieved from /home/airflow/.local/lib/python3.6/site-packages/airflow/example_dags/example_dag_decorator.py
[2025-01-30 12:24:35,701] {logging_mixin.py:104} INFO - [2025-01-30 12:24:35,700] {dag.py:1833} INFO - Sync 1 DAGs
[2025-01-30 12:24:35,722] {logging_mixin.py:104} INFO - [2025-01-30 12:24:35,722] {dag.py:2306} INFO - Setting next_dagrun for example_dag_decorator to None
[2025-01-30 12:24:35,735] {scheduler_job.py:190} INFO - Processing /home/airflow/.local/lib/python3.6/site-packages/airflow/example_dags/example_dag_decorator.py took 0.354 seconds
[2025-01-30 12:25:00,967] {scheduler_job.py:182} INFO - Started process (PID=70) to work on /home/airflow/.local/lib/python3.6/site-packages/airflow/example_dags/example_dag_decorator.py
[2025-01-30 12:25:00,968] {scheduler_job.py:633} INFO - Processing file /home/airflow/.local/lib/python3.6/site-packages/airflow/example_dags/example_dag_decorator.py for tasks to queue
[2025-01-30 12:25:00,969] {logging_mixin.py:104} INFO - [2025-01-30 12:25:00,969] {dagbag.py:496} INFO - Filling up the DagBag from /home/airflow/.local/lib/python3.6/site-packages/airflow/example_dags/example_dag_decorator.py
[2025-01-30 12:25:00,990] {scheduler_job.py:643} INFO - DAG(s) dict_keys(['example_dag_decorator']) retrieved from /home/airflow/.local/lib/python3.6/site-packages/airflow/example_dags/example_dag_decorator.py
[2025-01-30 12:25:01,008] {logging_mixin.py:104} INFO - [2025-01-30 12:25:01,008] {dag.py:1833} INFO - Sync 1 DAGs
[2025-01-30 12:25:01,033] {logging_mixin.py:104} INFO - [2025-01-30 12:25:01,033] {dag.py:2306} INFO - Setting next_dagrun for example_dag_decorator to None
[2025-01-30 12:25:01,048] {scheduler_job.py:190} INFO - Processing /home/airflow/.local/lib/python3.6/site-packages/airflow/example_dags/example_dag_decorator.py took 0.085 seconds
[2025-01-30 12:25:31,387] {scheduler_job.py:182} INFO - Started process (PID=121) to work on /home/airflow/.local/lib/python3.6/site-packages/airflow/example_dags/example_dag_decorator.py
[2025-01-30 12:25:31,388] {scheduler_job.py:633} INFO - Processing file /home/airflow/.local/lib/python3.6/site-packages/airflow/example_dags/example_dag_decorator.py for tasks to queue
[2025-01-30 12:25:31,389] {logging_mixin.py:104} INFO - [2025-01-30 12:25:31,388] {dagbag.py:496} INFO - Filling up the DagBag from /home/airflow/.local/lib/python3.6/site-packages/airflow/example_dags/example_dag_decorator.py
[2025-01-30 12:25:31,403] {scheduler_job.py:643} INFO - DAG(s) dict_keys(['example_dag_decorator']) retrieved from /home/airflow/.local/lib/python3.6/site-packages/airflow/example_dags/example_dag_decorator.py
[2025-01-30 12:25:31,563] {logging_mixin.py:104} INFO - [2025-01-30 12:25:31,563] {dag.py:1833} INFO - Sync 1 DAGs
[2025-01-30 12:25:31,573] {logging_mixin.py:104} INFO - [2025-01-30 12:25:31,573] {dag.py:2306} INFO - Setting next_dagrun for example_dag_decorator to None
[2025-01-30 12:25:31,613] {scheduler_job.py:190} INFO - Processing /home/airflow/.local/lib/python3.6/site-packages/airflow/example_dags/example_dag_decorator.py took 0.229 seconds
[2025-01-30 12:26:02,270] {scheduler_job.py:182} INFO - Started process (PID=172) to work on /home/airflow/.local/lib/python3.6/site-packages/airflow/example_dags/example_dag_decorator.py
[2025-01-30 12:26:02,271] {scheduler_job.py:633} INFO - Processing file /home/airflow/.local/lib/python3.6/site-packages/airflow/example_dags/example_dag_decorator.py for tasks to queue
[2025-01-30 12:26:02,272] {logging_mixin.py:104} INFO - [2025-01-30 12:26:02,272] {dagbag.py:496} INFO - Filling up the DagBag from /home/airflow/.local/lib/python3.6/site-packages/airflow/example_dags/example_dag_decorator.py
[2025-01-30 12:26:02,297] {scheduler_job.py:643} INFO - DAG(s) dict_keys(['example_dag_decorator']) retrieved from /home/airflow/.local/lib/python3.6/site-packages/airflow/example_dags/example_dag_decorator.py
[2025-01-30 12:26:02,596] {logging_mixin.py:104} INFO - [2025-01-30 12:26:02,596] {dag.py:1833} INFO - Sync 1 DAGs
[2025-01-30 12:26:02,613] {logging_mixin.py:104} INFO - [2025-01-30 12:26:02,613] {dag.py:2306} INFO - Setting next_dagrun for example_dag_decorator to None
[2025-01-30 12:26:02,657] {scheduler_job.py:190} INFO - Processing /home/airflow/.local/lib/python3.6/site-packages/airflow/example_dags/example_dag_decorator.py took 0.392 seconds
[2025-01-30 12:26:33,086] {scheduler_job.py:182} INFO - Started process (PID=233) to work on /home/airflow/.local/lib/python3.6/site-packages/airflow/example_dags/example_dag_decorator.py
[2025-01-30 12:26:33,087] {scheduler_job.py:633} INFO - Processing file /home/airflow/.local/lib/python3.6/site-packages/airflow/example_dags/example_dag_decorator.py for tasks to queue
[2025-01-30 12:26:33,088] {logging_mixin.py:104} INFO - [2025-01-30 12:26:33,087] {dagbag.py:496} INFO - Filling up the DagBag from /home/airflow/.local/lib/python3.6/site-packages/airflow/example_dags/example_dag_decorator.py
[2025-01-30 12:26:33,111] {scheduler_job.py:643} INFO - DAG(s) dict_keys(['example_dag_decorator']) retrieved from /home/airflow/.local/lib/python3.6/site-packages/airflow/example_dags/example_dag_decorator.py
[2025-01-30 12:26:33,387] {logging_mixin.py:104} INFO - [2025-01-30 12:26:33,387] {dag.py:1833} INFO - Sync 1 DAGs
[2025-01-30 12:26:33,404] {logging_mixin.py:104} INFO - [2025-01-30 12:26:33,404] {dag.py:2306} INFO - Setting next_dagrun for example_dag_decorator to None
[2025-01-30 12:26:33,424] {scheduler_job.py:190} INFO - Processing /home/airflow/.local/lib/python3.6/site-packages/airflow/example_dags/example_dag_decorator.py took 0.343 seconds
[2025-01-30 12:27:03,963] {scheduler_job.py:182} INFO - Started process (PID=286) to work on /home/airflow/.local/lib/python3.6/site-packages/airflow/example_dags/example_dag_decorator.py
[2025-01-30 12:27:03,964] {scheduler_job.py:633} INFO - Processing file /home/airflow/.local/lib/python3.6/site-packages/airflow/example_dags/example_dag_decorator.py for tasks to queue
[2025-01-30 12:27:03,965] {logging_mixin.py:104} INFO - [2025-01-30 12:27:03,965] {dagbag.py:496} INFO - Filling up the DagBag from /home/airflow/.local/lib/python3.6/site-packages/airflow/example_dags/example_dag_decorator.py
[2025-01-30 12:27:03,989] {scheduler_job.py:643} INFO - DAG(s) dict_keys(['example_dag_decorator']) retrieved from /home/airflow/.local/lib/python3.6/site-packages/airflow/example_dags/example_dag_decorator.py
[2025-01-30 12:27:04,262] {logging_mixin.py:104} INFO - [2025-01-30 12:27:04,262] {dag.py:1833} INFO - Sync 1 DAGs
[2025-01-30 12:27:04,278] {logging_mixin.py:104} INFO - [2025-01-30 12:27:04,278] {dag.py:2306} INFO - Setting next_dagrun for example_dag_decorator to None
[2025-01-30 12:27:04,292] {scheduler_job.py:190} INFO - Processing /home/airflow/.local/lib/python3.6/site-packages/airflow/example_dags/example_dag_decorator.py took 0.333 seconds
[2025-01-30 12:27:34,772] {scheduler_job.py:182} INFO - Started process (PID=336) to work on /home/airflow/.local/lib/python3.6/site-packages/airflow/example_dags/example_dag_decorator.py
[2025-01-30 12:27:34,773] {scheduler_job.py:633} INFO - Processing file /home/airflow/.local/lib/python3.6/site-packages/airflow/example_dags/example_dag_decorator.py for tasks to queue
[2025-01-30 12:27:34,774] {logging_mixin.py:104} INFO - [2025-01-30 12:27:34,774] {dagbag.py:496} INFO - Filling up the DagBag from /home/airflow/.local/lib/python3.6/site-packages/airflow/example_dags/example_dag_decorator.py
[2025-01-30 12:27:34,799] {scheduler_job.py:643} INFO - DAG(s) dict_keys(['example_dag_decorator']) retrieved from /home/airflow/.local/lib/python3.6/site-packages/airflow/example_dags/example_dag_decorator.py
[2025-01-30 12:27:35,076] {logging_mixin.py:104} INFO - [2025-01-30 12:27:35,076] {dag.py:1833} INFO - Sync 1 DAGs
[2025-01-30 12:27:35,093] {logging_mixin.py:104} INFO - [2025-01-30 12:27:35,093] {dag.py:2306} INFO - Setting next_dagrun for example_dag_decorator to None
[2025-01-30 12:27:35,136] {scheduler_job.py:190} INFO - Processing /home/airflow/.local/lib/python3.6/site-packages/airflow/example_dags/example_dag_decorator.py took 0.369 seconds
[2025-01-30 12:28:05,522] {scheduler_job.py:182} INFO - Started process (PID=398) to work on /home/airflow/.local/lib/python3.6/site-packages/airflow/example_dags/example_dag_decorator.py
[2025-01-30 12:28:05,523] {scheduler_job.py:633} INFO - Processing file /home/airflow/.local/lib/python3.6/site-packages/airflow/example_dags/example_dag_decorator.py for tasks to queue
[2025-01-30 12:28:05,524] {logging_mixin.py:104} INFO - [2025-01-30 12:28:05,524] {dagbag.py:496} INFO - Filling up the DagBag from /home/airflow/.local/lib/python3.6/site-packages/airflow/example_dags/example_dag_decorator.py
[2025-01-30 12:28:05,547] {scheduler_job.py:643} INFO - DAG(s) dict_keys(['example_dag_decorator']) retrieved from /home/airflow/.local/lib/python3.6/site-packages/airflow/example_dags/example_dag_decorator.py
[2025-01-30 12:28:05,816] {logging_mixin.py:104} INFO - [2025-01-30 12:28:05,816] {dag.py:1833} INFO - Sync 1 DAGs
[2025-01-30 12:28:05,833] {logging_mixin.py:104} INFO - [2025-01-30 12:28:05,833] {dag.py:2306} INFO - Setting next_dagrun for example_dag_decorator to None
[2025-01-30 12:28:05,876] {scheduler_job.py:190} INFO - Processing /home/airflow/.local/lib/python3.6/site-packages/airflow/example_dags/example_dag_decorator.py took 0.358 seconds
[2025-01-30 12:28:36,132] {scheduler_job.py:182} INFO - Started process (PID=449) to work on /home/airflow/.local/lib/python3.6/site-packages/airflow/example_dags/example_dag_decorator.py
[2025-01-30 12:28:36,134] {scheduler_job.py:633} INFO - Processing file /home/airflow/.local/lib/python3.6/site-packages/airflow/example_dags/example_dag_decorator.py for tasks to queue
[2025-01-30 12:28:36,135] {logging_mixin.py:104} INFO - [2025-01-30 12:28:36,134] {dagbag.py:496} INFO - Filling up the DagBag from /home/airflow/.local/lib/python3.6/site-packages/airflow/example_dags/example_dag_decorator.py
[2025-01-30 12:28:36,160] {scheduler_job.py:643} INFO - DAG(s) dict_keys(['example_dag_decorator']) retrieved from /home/airflow/.local/lib/python3.6/site-packages/airflow/example_dags/example_dag_decorator.py
[2025-01-30 12:28:36,450] {logging_mixin.py:104} INFO - [2025-01-30 12:28:36,450] {dag.py:1833} INFO - Sync 1 DAGs
[2025-01-30 12:28:36,467] {logging_mixin.py:104} INFO - [2025-01-30 12:28:36,467] {dag.py:2306} INFO - Setting next_dagrun for example_dag_decorator to None
[2025-01-30 12:28:36,481] {scheduler_job.py:190} INFO - Processing /home/airflow/.local/lib/python3.6/site-packages/airflow/example_dags/example_dag_decorator.py took 0.353 seconds
[2025-01-30 12:29:06,668] {scheduler_job.py:182} INFO - Started process (PID=506) to work on /home/airflow/.local/lib/python3.6/site-packages/airflow/example_dags/example_dag_decorator.py
[2025-01-30 12:29:06,669] {scheduler_job.py:633} INFO - Processing file /home/airflow/.local/lib/python3.6/site-packages/airflow/example_dags/example_dag_decorator.py for tasks to queue
[2025-01-30 12:29:06,670] {logging_mixin.py:104} INFO - [2025-01-30 12:29:06,670] {dagbag.py:496} INFO - Filling up the DagBag from /home/airflow/.local/lib/python3.6/site-packages/airflow/example_dags/example_dag_decorator.py
[2025-01-30 12:29:06,695] {scheduler_job.py:643} INFO - DAG(s) dict_keys(['example_dag_decorator']) retrieved from /home/airflow/.local/lib/python3.6/site-packages/airflow/example_dags/example_dag_decorator.py
[2025-01-30 12:29:06,976] {logging_mixin.py:104} INFO - [2025-01-30 12:29:06,976] {dag.py:1833} INFO - Sync 1 DAGs
[2025-01-30 12:29:06,993] {logging_mixin.py:104} INFO - [2025-01-30 12:29:06,993] {dag.py:2306} INFO - Setting next_dagrun for example_dag_decorator to None
[2025-01-30 12:29:07,037] {scheduler_job.py:190} INFO - Processing /home/airflow/.local/lib/python3.6/site-packages/airflow/example_dags/example_dag_decorator.py took 0.373 seconds
[2025-01-30 12:29:37,647] {scheduler_job.py:182} INFO - Started process (PID=560) to work on /home/airflow/.local/lib/python3.6/site-packages/airflow/example_dags/example_dag_decorator.py
[2025-01-30 12:29:37,649] {scheduler_job.py:633} INFO - Processing file /home/airflow/.local/lib/python3.6/site-packages/airflow/example_dags/example_dag_decorator.py for tasks to queue
[2025-01-30 12:29:37,650] {logging_mixin.py:104} INFO - [2025-01-30 12:29:37,650] {dagbag.py:496} INFO - Filling up the DagBag from /home/airflow/.local/lib/python3.6/site-packages/airflow/example_dags/example_dag_decorator.py
[2025-01-30 12:29:37,674] {scheduler_job.py:643} INFO - DAG(s) dict_keys(['example_dag_decorator']) retrieved from /home/airflow/.local/lib/python3.6/site-packages/airflow/example_dags/example_dag_decorator.py
[2025-01-30 12:29:37,702] {logging_mixin.py:104} INFO - [2025-01-30 12:29:37,702] {dag.py:1833} INFO - Sync 1 DAGs
[2025-01-30 12:29:37,721] {logging_mixin.py:104} INFO - [2025-01-30 12:29:37,721] {dag.py:2306} INFO - Setting next_dagrun for example_dag_decorator to None
[2025-01-30 12:29:37,732] {scheduler_job.py:190} INFO - Processing /home/airflow/.local/lib/python3.6/site-packages/airflow/example_dags/example_dag_decorator.py took 0.088 seconds
[2025-01-30 12:30:08,348] {scheduler_job.py:182} INFO - Started process (PID=610) to work on /home/airflow/.local/lib/python3.6/site-packages/airflow/example_dags/example_dag_decorator.py
[2025-01-30 12:30:08,349] {scheduler_job.py:633} INFO - Processing file /home/airflow/.local/lib/python3.6/site-packages/airflow/example_dags/example_dag_decorator.py for tasks to queue
[2025-01-30 12:30:08,350] {logging_mixin.py:104} INFO - [2025-01-30 12:30:08,349] {dagbag.py:496} INFO - Filling up the DagBag from /home/airflow/.local/lib/python3.6/site-packages/airflow/example_dags/example_dag_decorator.py
[2025-01-30 12:30:08,376] {scheduler_job.py:643} INFO - DAG(s) dict_keys(['example_dag_decorator']) retrieved from /home/airflow/.local/lib/python3.6/site-packages/airflow/example_dags/example_dag_decorator.py
[2025-01-30 12:30:08,680] {logging_mixin.py:104} INFO - [2025-01-30 12:30:08,680] {dag.py:1833} INFO - Sync 1 DAGs
[2025-01-30 12:30:08,697] {logging_mixin.py:104} INFO - [2025-01-30 12:30:08,696] {dag.py:2306} INFO - Setting next_dagrun for example_dag_decorator to None
[2025-01-30 12:30:08,710] {scheduler_job.py:190} INFO - Processing /home/airflow/.local/lib/python3.6/site-packages/airflow/example_dags/example_dag_decorator.py took 0.366 seconds
[2025-01-30 12:30:39,162] {scheduler_job.py:182} INFO - Started process (PID=673) to work on /home/airflow/.local/lib/python3.6/site-packages/airflow/example_dags/example_dag_decorator.py
[2025-01-30 12:30:39,163] {scheduler_job.py:633} INFO - Processing file /home/airflow/.local/lib/python3.6/site-packages/airflow/example_dags/example_dag_decorator.py for tasks to queue
[2025-01-30 12:30:39,164] {logging_mixin.py:104} INFO - [2025-01-30 12:30:39,163] {dagbag.py:496} INFO - Filling up the DagBag from /home/airflow/.local/lib/python3.6/site-packages/airflow/example_dags/example_dag_decorator.py
[2025-01-30 12:30:39,188] {scheduler_job.py:643} INFO - DAG(s) dict_keys(['example_dag_decorator']) retrieved from /home/airflow/.local/lib/python3.6/site-packages/airflow/example_dags/example_dag_decorator.py
[2025-01-30 12:30:39,471] {logging_mixin.py:104} INFO - [2025-01-30 12:30:39,471] {dag.py:1833} INFO - Sync 1 DAGs
[2025-01-30 12:30:39,488] {logging_mixin.py:104} INFO - [2025-01-30 12:30:39,488] {dag.py:2306} INFO - Setting next_dagrun for example_dag_decorator to None
[2025-01-30 12:30:39,532] {scheduler_job.py:190} INFO - Processing /home/airflow/.local/lib/python3.6/site-packages/airflow/example_dags/example_dag_decorator.py took 0.375 seconds
[2025-01-30 12:31:09,726] {scheduler_job.py:182} INFO - Started process (PID=724) to work on /home/airflow/.local/lib/python3.6/site-packages/airflow/example_dags/example_dag_decorator.py
[2025-01-30 12:31:09,727] {scheduler_job.py:633} INFO - Processing file /home/airflow/.local/lib/python3.6/site-packages/airflow/example_dags/example_dag_decorator.py for tasks to queue
[2025-01-30 12:31:09,728] {logging_mixin.py:104} INFO - [2025-01-30 12:31:09,728] {dagbag.py:496} INFO - Filling up the DagBag from /home/airflow/.local/lib/python3.6/site-packages/airflow/example_dags/example_dag_decorator.py
[2025-01-30 12:31:09,754] {scheduler_job.py:643} INFO - DAG(s) dict_keys(['example_dag_decorator']) retrieved from /home/airflow/.local/lib/python3.6/site-packages/airflow/example_dags/example_dag_decorator.py
[2025-01-30 12:31:10,028] {logging_mixin.py:104} INFO - [2025-01-30 12:31:10,028] {dag.py:1833} INFO - Sync 1 DAGs
[2025-01-30 12:31:10,044] {logging_mixin.py:104} INFO - [2025-01-30 12:31:10,044] {dag.py:2306} INFO - Setting next_dagrun for example_dag_decorator to None
[2025-01-30 12:31:10,087] {scheduler_job.py:190} INFO - Processing /home/airflow/.local/lib/python3.6/site-packages/airflow/example_dags/example_dag_decorator.py took 0.365 seconds
[2025-01-30 12:31:40,737] {scheduler_job.py:182} INFO - Started process (PID=775) to work on /home/airflow/.local/lib/python3.6/site-packages/airflow/example_dags/example_dag_decorator.py
[2025-01-30 12:31:40,738] {scheduler_job.py:633} INFO - Processing file /home/airflow/.local/lib/python3.6/site-packages/airflow/example_dags/example_dag_decorator.py for tasks to queue
[2025-01-30 12:31:40,739] {logging_mixin.py:104} INFO - [2025-01-30 12:31:40,739] {dagbag.py:496} INFO - Filling up the DagBag from /home/airflow/.local/lib/python3.6/site-packages/airflow/example_dags/example_dag_decorator.py
[2025-01-30 12:31:40,763] {scheduler_job.py:643} INFO - DAG(s) dict_keys(['example_dag_decorator']) retrieved from /home/airflow/.local/lib/python3.6/site-packages/airflow/example_dags/example_dag_decorator.py
[2025-01-30 12:31:41,039] {logging_mixin.py:104} INFO - [2025-01-30 12:31:41,039] {dag.py:1833} INFO - Sync 1 DAGs
[2025-01-30 12:31:41,056] {logging_mixin.py:104} INFO - [2025-01-30 12:31:41,056] {dag.py:2306} INFO - Setting next_dagrun for example_dag_decorator to None
[2025-01-30 12:31:41,069] {scheduler_job.py:190} INFO - Processing /home/airflow/.local/lib/python3.6/site-packages/airflow/example_dags/example_dag_decorator.py took 0.337 seconds
[2025-01-30 12:32:11,476] {scheduler_job.py:182} INFO - Started process (PID=834) to work on /home/airflow/.local/lib/python3.6/site-packages/airflow/example_dags/example_dag_decorator.py
[2025-01-30 12:32:11,478] {scheduler_job.py:633} INFO - Processing file /home/airflow/.local/lib/python3.6/site-packages/airflow/example_dags/example_dag_decorator.py for tasks to queue
[2025-01-30 12:32:11,479] {logging_mixin.py:104} INFO - [2025-01-30 12:32:11,479] {dagbag.py:496} INFO - Filling up the DagBag from /home/airflow/.local/lib/python3.6/site-packages/airflow/example_dags/example_dag_decorator.py
[2025-01-30 12:32:11,503] {scheduler_job.py:643} INFO - DAG(s) dict_keys(['example_dag_decorator']) retrieved from /home/airflow/.local/lib/python3.6/site-packages/airflow/example_dags/example_dag_decorator.py
[2025-01-30 12:32:11,779] {logging_mixin.py:104} INFO - [2025-01-30 12:32:11,778] {dag.py:1833} INFO - Sync 1 DAGs
[2025-01-30 12:32:11,796] {logging_mixin.py:104} INFO - [2025-01-30 12:32:11,796] {dag.py:2306} INFO - Setting next_dagrun for example_dag_decorator to None
[2025-01-30 12:32:11,839] {scheduler_job.py:190} INFO - Processing /home/airflow/.local/lib/python3.6/site-packages/airflow/example_dags/example_dag_decorator.py took 0.367 seconds
[2025-01-30 12:32:42,336] {scheduler_job.py:182} INFO - Started process (PID=885) to work on /home/airflow/.local/lib/python3.6/site-packages/airflow/example_dags/example_dag_decorator.py
[2025-01-30 12:32:42,337] {scheduler_job.py:633} INFO - Processing file /home/airflow/.local/lib/python3.6/site-packages/airflow/example_dags/example_dag_decorator.py for tasks to queue
[2025-01-30 12:32:42,338] {logging_mixin.py:104} INFO - [2025-01-30 12:32:42,338] {dagbag.py:496} INFO - Filling up the DagBag from /home/airflow/.local/lib/python3.6/site-packages/airflow/example_dags/example_dag_decorator.py
[2025-01-30 12:32:42,364] {scheduler_job.py:643} INFO - DAG(s) dict_keys(['example_dag_decorator']) retrieved from /home/airflow/.local/lib/python3.6/site-packages/airflow/example_dags/example_dag_decorator.py
[2025-01-30 12:32:42,653] {logging_mixin.py:104} INFO - [2025-01-30 12:32:42,653] {dag.py:1833} INFO - Sync 1 DAGs
[2025-01-30 12:32:42,670] {logging_mixin.py:104} INFO - [2025-01-30 12:32:42,670] {dag.py:2306} INFO - Setting next_dagrun for example_dag_decorator to None
[2025-01-30 12:32:42,715] {scheduler_job.py:190} INFO - Processing /home/airflow/.local/lib/python3.6/site-packages/airflow/example_dags/example_dag_decorator.py took 0.383 seconds
[2025-01-30 12:33:12,902] {scheduler_job.py:182} INFO - Started process (PID=938) to work on /home/airflow/.local/lib/python3.6/site-packages/airflow/example_dags/example_dag_decorator.py
[2025-01-30 12:33:12,903] {scheduler_job.py:633} INFO - Processing file /home/airflow/.local/lib/python3.6/site-packages/airflow/example_dags/example_dag_decorator.py for tasks to queue
[2025-01-30 12:33:12,904] {logging_mixin.py:104} INFO - [2025-01-30 12:33:12,904] {dagbag.py:496} INFO - Filling up the DagBag from /home/airflow/.local/lib/python3.6/site-packages/airflow/example_dags/example_dag_decorator.py
[2025-01-30 12:33:12,931] {scheduler_job.py:643} INFO - DAG(s) dict_keys(['example_dag_decorator']) retrieved from /home/airflow/.local/lib/python3.6/site-packages/airflow/example_dags/example_dag_decorator.py
[2025-01-30 12:33:12,962] {logging_mixin.py:104} INFO - [2025-01-30 12:33:12,962] {dag.py:1833} INFO - Sync 1 DAGs
[2025-01-30 12:33:12,986] {logging_mixin.py:104} INFO - [2025-01-30 12:33:12,986] {dag.py:2306} INFO - Setting next_dagrun for example_dag_decorator to None
[2025-01-30 12:33:12,999] {scheduler_job.py:190} INFO - Processing /home/airflow/.local/lib/python3.6/site-packages/airflow/example_dags/example_dag_decorator.py took 0.102 seconds
[2025-01-30 12:33:43,449] {scheduler_job.py:182} INFO - Started process (PID=997) to work on /home/airflow/.local/lib/python3.6/site-packages/airflow/example_dags/example_dag_decorator.py
[2025-01-30 12:33:43,450] {scheduler_job.py:633} INFO - Processing file /home/airflow/.local/lib/python3.6/site-packages/airflow/example_dags/example_dag_decorator.py for tasks to queue
[2025-01-30 12:33:43,451] {logging_mixin.py:104} INFO - [2025-01-30 12:33:43,451] {dagbag.py:496} INFO - Filling up the DagBag from /home/airflow/.local/lib/python3.6/site-packages/airflow/example_dags/example_dag_decorator.py
[2025-01-30 12:33:43,474] {scheduler_job.py:643} INFO - DAG(s) dict_keys(['example_dag_decorator']) retrieved from /home/airflow/.local/lib/python3.6/site-packages/airflow/example_dags/example_dag_decorator.py
[2025-01-30 12:33:43,746] {logging_mixin.py:104} INFO - [2025-01-30 12:33:43,746] {dag.py:1833} INFO - Sync 1 DAGs
[2025-01-30 12:33:43,762] {logging_mixin.py:104} INFO - [2025-01-30 12:33:43,762] {dag.py:2306} INFO - Setting next_dagrun for example_dag_decorator to None
[2025-01-30 12:33:43,776] {scheduler_job.py:190} INFO - Processing /home/airflow/.local/lib/python3.6/site-packages/airflow/example_dags/example_dag_decorator.py took 0.330 seconds
