[2025-01-30 12:22:55,007] {scheduler_job.py:182} INFO - Started process (PID=350) to work on /home/airflow/.local/lib/python3.6/site-packages/airflow/example_dags/example_xcom.py
[2025-01-30 12:22:55,008] {scheduler_job.py:633} INFO - Processing file /home/airflow/.local/lib/python3.6/site-packages/airflow/example_dags/example_xcom.py for tasks to queue
[2025-01-30 12:22:55,009] {logging_mixin.py:104} INFO - [2025-01-30 12:22:55,009] {dagbag.py:496} INFO - Filling up the DagBag from /home/airflow/.local/lib/python3.6/site-packages/airflow/example_dags/example_xcom.py
[2025-01-30 12:22:55,020] {scheduler_job.py:643} INFO - DAG(s) dict_keys(['example_xcom']) retrieved from /home/airflow/.local/lib/python3.6/site-packages/airflow/example_dags/example_xcom.py
[2025-01-30 12:22:57,033] {logging_mixin.py:104} INFO - [2025-01-30 12:22:57,032] {dag.py:1833} INFO - Sync 1 DAGs
[2025-01-30 12:22:57,040] {logging_mixin.py:104} INFO - [2025-01-30 12:22:57,040] {dag.py:1852} INFO - Creating ORM DAG for example_xcom
[2025-01-30 12:22:57,044] {logging_mixin.py:104} INFO - [2025-01-30 12:22:57,044] {dag.py:2306} INFO - Setting next_dagrun for example_xcom to 2025-01-28 00:00:00+00:00
[2025-01-30 12:22:57,053] {scheduler_job.py:190} INFO - Processing /home/airflow/.local/lib/python3.6/site-packages/airflow/example_dags/example_xcom.py took 2.049 seconds
[2025-01-30 12:23:27,337] {scheduler_job.py:182} INFO - Started process (PID=506) to work on /home/airflow/.local/lib/python3.6/site-packages/airflow/example_dags/example_xcom.py
[2025-01-30 12:23:27,339] {scheduler_job.py:633} INFO - Processing file /home/airflow/.local/lib/python3.6/site-packages/airflow/example_dags/example_xcom.py for tasks to queue
[2025-01-30 12:23:27,340] {logging_mixin.py:104} INFO - [2025-01-30 12:23:27,340] {dagbag.py:496} INFO - Filling up the DagBag from /home/airflow/.local/lib/python3.6/site-packages/airflow/example_dags/example_xcom.py
[2025-01-30 12:23:27,367] {scheduler_job.py:643} INFO - DAG(s) dict_keys(['example_xcom']) retrieved from /home/airflow/.local/lib/python3.6/site-packages/airflow/example_dags/example_xcom.py
[2025-01-30 12:23:27,405] {logging_mixin.py:104} INFO - [2025-01-30 12:23:27,405] {dag.py:1833} INFO - Sync 1 DAGs
[2025-01-30 12:23:27,437] {logging_mixin.py:104} INFO - [2025-01-30 12:23:27,436] {dag.py:2306} INFO - Setting next_dagrun for example_xcom to 2025-01-28 00:00:00+00:00
[2025-01-30 12:23:27,461] {scheduler_job.py:190} INFO - Processing /home/airflow/.local/lib/python3.6/site-packages/airflow/example_dags/example_xcom.py took 0.130 seconds
[2025-01-30 12:23:57,605] {scheduler_job.py:182} INFO - Started process (PID=558) to work on /home/airflow/.local/lib/python3.6/site-packages/airflow/example_dags/example_xcom.py
[2025-01-30 12:23:57,607] {scheduler_job.py:633} INFO - Processing file /home/airflow/.local/lib/python3.6/site-packages/airflow/example_dags/example_xcom.py for tasks to queue
[2025-01-30 12:23:57,608] {logging_mixin.py:104} INFO - [2025-01-30 12:23:57,607] {dagbag.py:496} INFO - Filling up the DagBag from /home/airflow/.local/lib/python3.6/site-packages/airflow/example_dags/example_xcom.py
[2025-01-30 12:23:57,628] {scheduler_job.py:643} INFO - DAG(s) dict_keys(['example_xcom']) retrieved from /home/airflow/.local/lib/python3.6/site-packages/airflow/example_dags/example_xcom.py
[2025-01-30 12:23:57,663] {logging_mixin.py:104} INFO - [2025-01-30 12:23:57,663] {dag.py:1833} INFO - Sync 1 DAGs
[2025-01-30 12:23:57,688] {logging_mixin.py:104} INFO - [2025-01-30 12:23:57,688] {dag.py:2306} INFO - Setting next_dagrun for example_xcom to 2025-01-28 00:00:00+00:00
[2025-01-30 12:23:57,729] {scheduler_job.py:190} INFO - Processing /home/airflow/.local/lib/python3.6/site-packages/airflow/example_dags/example_xcom.py took 0.128 seconds
[2025-01-30 12:24:28,019] {scheduler_job.py:182} INFO - Started process (PID=609) to work on /home/airflow/.local/lib/python3.6/site-packages/airflow/example_dags/example_xcom.py
[2025-01-30 12:24:28,020] {scheduler_job.py:633} INFO - Processing file /home/airflow/.local/lib/python3.6/site-packages/airflow/example_dags/example_xcom.py for tasks to queue
[2025-01-30 12:24:28,021] {logging_mixin.py:104} INFO - [2025-01-30 12:24:28,021] {dagbag.py:496} INFO - Filling up the DagBag from /home/airflow/.local/lib/python3.6/site-packages/airflow/example_dags/example_xcom.py
[2025-01-30 12:24:28,038] {scheduler_job.py:643} INFO - DAG(s) dict_keys(['example_xcom']) retrieved from /home/airflow/.local/lib/python3.6/site-packages/airflow/example_dags/example_xcom.py
[2025-01-30 12:24:28,067] {logging_mixin.py:104} INFO - [2025-01-30 12:24:28,067] {dag.py:1833} INFO - Sync 1 DAGs
[2025-01-30 12:24:28,089] {logging_mixin.py:104} INFO - [2025-01-30 12:24:28,088] {dag.py:2306} INFO - Setting next_dagrun for example_xcom to 2025-01-28 00:00:00+00:00
[2025-01-30 12:24:28,128] {scheduler_job.py:190} INFO - Processing /home/airflow/.local/lib/python3.6/site-packages/airflow/example_dags/example_xcom.py took 0.113 seconds
[2025-01-30 12:25:00,520] {scheduler_job.py:182} INFO - Started process (PID=64) to work on /home/airflow/.local/lib/python3.6/site-packages/airflow/example_dags/example_xcom.py
[2025-01-30 12:25:00,521] {scheduler_job.py:633} INFO - Processing file /home/airflow/.local/lib/python3.6/site-packages/airflow/example_dags/example_xcom.py for tasks to queue
[2025-01-30 12:25:00,522] {logging_mixin.py:104} INFO - [2025-01-30 12:25:00,521] {dagbag.py:496} INFO - Filling up the DagBag from /home/airflow/.local/lib/python3.6/site-packages/airflow/example_dags/example_xcom.py
[2025-01-30 12:25:00,534] {scheduler_job.py:643} INFO - DAG(s) dict_keys(['example_xcom']) retrieved from /home/airflow/.local/lib/python3.6/site-packages/airflow/example_dags/example_xcom.py
[2025-01-30 12:25:00,563] {logging_mixin.py:104} INFO - [2025-01-30 12:25:00,563] {dag.py:1833} INFO - Sync 1 DAGs
[2025-01-30 12:25:00,585] {logging_mixin.py:104} INFO - [2025-01-30 12:25:00,585] {dag.py:2306} INFO - Setting next_dagrun for example_xcom to 2025-01-28 00:00:00+00:00
[2025-01-30 12:25:00,599] {scheduler_job.py:190} INFO - Processing /home/airflow/.local/lib/python3.6/site-packages/airflow/example_dags/example_xcom.py took 0.083 seconds
[2025-01-30 12:25:31,076] {scheduler_job.py:182} INFO - Started process (PID=115) to work on /home/airflow/.local/lib/python3.6/site-packages/airflow/example_dags/example_xcom.py
[2025-01-30 12:25:31,077] {scheduler_job.py:633} INFO - Processing file /home/airflow/.local/lib/python3.6/site-packages/airflow/example_dags/example_xcom.py for tasks to queue
[2025-01-30 12:25:31,078] {logging_mixin.py:104} INFO - [2025-01-30 12:25:31,078] {dagbag.py:496} INFO - Filling up the DagBag from /home/airflow/.local/lib/python3.6/site-packages/airflow/example_dags/example_xcom.py
[2025-01-30 12:25:31,091] {scheduler_job.py:643} INFO - DAG(s) dict_keys(['example_xcom']) retrieved from /home/airflow/.local/lib/python3.6/site-packages/airflow/example_dags/example_xcom.py
[2025-01-30 12:25:31,113] {logging_mixin.py:104} INFO - [2025-01-30 12:25:31,113] {dag.py:1833} INFO - Sync 1 DAGs
[2025-01-30 12:25:31,128] {logging_mixin.py:104} INFO - [2025-01-30 12:25:31,128] {dag.py:2306} INFO - Setting next_dagrun for example_xcom to 2025-01-28 00:00:00+00:00
[2025-01-30 12:25:31,138] {scheduler_job.py:190} INFO - Processing /home/airflow/.local/lib/python3.6/site-packages/airflow/example_dags/example_xcom.py took 0.065 seconds
[2025-01-30 12:26:01,952] {scheduler_job.py:182} INFO - Started process (PID=166) to work on /home/airflow/.local/lib/python3.6/site-packages/airflow/example_dags/example_xcom.py
[2025-01-30 12:26:01,954] {scheduler_job.py:633} INFO - Processing file /home/airflow/.local/lib/python3.6/site-packages/airflow/example_dags/example_xcom.py for tasks to queue
[2025-01-30 12:26:01,954] {logging_mixin.py:104} INFO - [2025-01-30 12:26:01,954] {dagbag.py:496} INFO - Filling up the DagBag from /home/airflow/.local/lib/python3.6/site-packages/airflow/example_dags/example_xcom.py
[2025-01-30 12:26:01,970] {scheduler_job.py:643} INFO - DAG(s) dict_keys(['example_xcom']) retrieved from /home/airflow/.local/lib/python3.6/site-packages/airflow/example_dags/example_xcom.py
[2025-01-30 12:26:01,997] {logging_mixin.py:104} INFO - [2025-01-30 12:26:01,997] {dag.py:1833} INFO - Sync 1 DAGs
[2025-01-30 12:26:02,016] {logging_mixin.py:104} INFO - [2025-01-30 12:26:02,015] {dag.py:2306} INFO - Setting next_dagrun for example_xcom to 2025-01-28 00:00:00+00:00
[2025-01-30 12:26:02,027] {scheduler_job.py:190} INFO - Processing /home/airflow/.local/lib/python3.6/site-packages/airflow/example_dags/example_xcom.py took 0.079 seconds
[2025-01-30 12:26:32,701] {scheduler_job.py:182} INFO - Started process (PID=227) to work on /home/airflow/.local/lib/python3.6/site-packages/airflow/example_dags/example_xcom.py
[2025-01-30 12:26:32,702] {scheduler_job.py:633} INFO - Processing file /home/airflow/.local/lib/python3.6/site-packages/airflow/example_dags/example_xcom.py for tasks to queue
[2025-01-30 12:26:32,703] {logging_mixin.py:104} INFO - [2025-01-30 12:26:32,703] {dagbag.py:496} INFO - Filling up the DagBag from /home/airflow/.local/lib/python3.6/site-packages/airflow/example_dags/example_xcom.py
[2025-01-30 12:26:32,725] {scheduler_job.py:643} INFO - DAG(s) dict_keys(['example_xcom']) retrieved from /home/airflow/.local/lib/python3.6/site-packages/airflow/example_dags/example_xcom.py
[2025-01-30 12:26:32,762] {logging_mixin.py:104} INFO - [2025-01-30 12:26:32,761] {dag.py:1833} INFO - Sync 1 DAGs
[2025-01-30 12:26:32,787] {logging_mixin.py:104} INFO - [2025-01-30 12:26:32,787] {dag.py:2306} INFO - Setting next_dagrun for example_xcom to 2025-01-28 00:00:00+00:00
[2025-01-30 12:26:32,803] {scheduler_job.py:190} INFO - Processing /home/airflow/.local/lib/python3.6/site-packages/airflow/example_dags/example_xcom.py took 0.109 seconds
[2025-01-30 12:27:03,421] {scheduler_job.py:182} INFO - Started process (PID=278) to work on /home/airflow/.local/lib/python3.6/site-packages/airflow/example_dags/example_xcom.py
[2025-01-30 12:27:03,423] {scheduler_job.py:633} INFO - Processing file /home/airflow/.local/lib/python3.6/site-packages/airflow/example_dags/example_xcom.py for tasks to queue
[2025-01-30 12:27:03,423] {logging_mixin.py:104} INFO - [2025-01-30 12:27:03,423] {dagbag.py:496} INFO - Filling up the DagBag from /home/airflow/.local/lib/python3.6/site-packages/airflow/example_dags/example_xcom.py
[2025-01-30 12:27:03,439] {scheduler_job.py:643} INFO - DAG(s) dict_keys(['example_xcom']) retrieved from /home/airflow/.local/lib/python3.6/site-packages/airflow/example_dags/example_xcom.py
[2025-01-30 12:27:03,465] {logging_mixin.py:104} INFO - [2025-01-30 12:27:03,465] {dag.py:1833} INFO - Sync 1 DAGs
[2025-01-30 12:27:03,485] {logging_mixin.py:104} INFO - [2025-01-30 12:27:03,484] {dag.py:2306} INFO - Setting next_dagrun for example_xcom to 2025-01-28 00:00:00+00:00
[2025-01-30 12:27:03,496] {scheduler_job.py:190} INFO - Processing /home/airflow/.local/lib/python3.6/site-packages/airflow/example_dags/example_xcom.py took 0.079 seconds
[2025-01-30 12:27:34,422] {scheduler_job.py:182} INFO - Started process (PID=329) to work on /home/airflow/.local/lib/python3.6/site-packages/airflow/example_dags/example_xcom.py
[2025-01-30 12:27:34,424] {scheduler_job.py:633} INFO - Processing file /home/airflow/.local/lib/python3.6/site-packages/airflow/example_dags/example_xcom.py for tasks to queue
[2025-01-30 12:27:34,425] {logging_mixin.py:104} INFO - [2025-01-30 12:27:34,425] {dagbag.py:496} INFO - Filling up the DagBag from /home/airflow/.local/lib/python3.6/site-packages/airflow/example_dags/example_xcom.py
[2025-01-30 12:27:34,440] {scheduler_job.py:643} INFO - DAG(s) dict_keys(['example_xcom']) retrieved from /home/airflow/.local/lib/python3.6/site-packages/airflow/example_dags/example_xcom.py
[2025-01-30 12:27:34,468] {logging_mixin.py:104} INFO - [2025-01-30 12:27:34,468] {dag.py:1833} INFO - Sync 1 DAGs
[2025-01-30 12:27:34,488] {logging_mixin.py:104} INFO - [2025-01-30 12:27:34,488] {dag.py:2306} INFO - Setting next_dagrun for example_xcom to 2025-01-28 00:00:00+00:00
[2025-01-30 12:27:34,501] {scheduler_job.py:190} INFO - Processing /home/airflow/.local/lib/python3.6/site-packages/airflow/example_dags/example_xcom.py took 0.083 seconds
[2025-01-30 12:28:05,105] {scheduler_job.py:182} INFO - Started process (PID=390) to work on /home/airflow/.local/lib/python3.6/site-packages/airflow/example_dags/example_xcom.py
[2025-01-30 12:28:05,106] {scheduler_job.py:633} INFO - Processing file /home/airflow/.local/lib/python3.6/site-packages/airflow/example_dags/example_xcom.py for tasks to queue
[2025-01-30 12:28:05,107] {logging_mixin.py:104} INFO - [2025-01-30 12:28:05,106] {dagbag.py:496} INFO - Filling up the DagBag from /home/airflow/.local/lib/python3.6/site-packages/airflow/example_dags/example_xcom.py
[2025-01-30 12:28:05,121] {scheduler_job.py:643} INFO - DAG(s) dict_keys(['example_xcom']) retrieved from /home/airflow/.local/lib/python3.6/site-packages/airflow/example_dags/example_xcom.py
[2025-01-30 12:28:05,148] {logging_mixin.py:104} INFO - [2025-01-30 12:28:05,148] {dag.py:1833} INFO - Sync 1 DAGs
[2025-01-30 12:28:05,167] {logging_mixin.py:104} INFO - [2025-01-30 12:28:05,167] {dag.py:2306} INFO - Setting next_dagrun for example_xcom to 2025-01-28 00:00:00+00:00
[2025-01-30 12:28:05,180] {scheduler_job.py:190} INFO - Processing /home/airflow/.local/lib/python3.6/site-packages/airflow/example_dags/example_xcom.py took 0.079 seconds
[2025-01-30 12:28:35,689] {scheduler_job.py:182} INFO - Started process (PID=441) to work on /home/airflow/.local/lib/python3.6/site-packages/airflow/example_dags/example_xcom.py
[2025-01-30 12:28:35,690] {scheduler_job.py:633} INFO - Processing file /home/airflow/.local/lib/python3.6/site-packages/airflow/example_dags/example_xcom.py for tasks to queue
[2025-01-30 12:28:35,691] {logging_mixin.py:104} INFO - [2025-01-30 12:28:35,691] {dagbag.py:496} INFO - Filling up the DagBag from /home/airflow/.local/lib/python3.6/site-packages/airflow/example_dags/example_xcom.py
[2025-01-30 12:28:35,707] {scheduler_job.py:643} INFO - DAG(s) dict_keys(['example_xcom']) retrieved from /home/airflow/.local/lib/python3.6/site-packages/airflow/example_dags/example_xcom.py
[2025-01-30 12:28:35,738] {logging_mixin.py:104} INFO - [2025-01-30 12:28:35,738] {dag.py:1833} INFO - Sync 1 DAGs
[2025-01-30 12:28:35,759] {logging_mixin.py:104} INFO - [2025-01-30 12:28:35,759] {dag.py:2306} INFO - Setting next_dagrun for example_xcom to 2025-01-28 00:00:00+00:00
[2025-01-30 12:28:35,773] {scheduler_job.py:190} INFO - Processing /home/airflow/.local/lib/python3.6/site-packages/airflow/example_dags/example_xcom.py took 0.088 seconds
[2025-01-30 12:29:06,275] {scheduler_job.py:182} INFO - Started process (PID=492) to work on /home/airflow/.local/lib/python3.6/site-packages/airflow/example_dags/example_xcom.py
[2025-01-30 12:29:06,277] {scheduler_job.py:633} INFO - Processing file /home/airflow/.local/lib/python3.6/site-packages/airflow/example_dags/example_xcom.py for tasks to queue
[2025-01-30 12:29:06,278] {logging_mixin.py:104} INFO - [2025-01-30 12:29:06,277] {dagbag.py:496} INFO - Filling up the DagBag from /home/airflow/.local/lib/python3.6/site-packages/airflow/example_dags/example_xcom.py
[2025-01-30 12:29:06,294] {scheduler_job.py:643} INFO - DAG(s) dict_keys(['example_xcom']) retrieved from /home/airflow/.local/lib/python3.6/site-packages/airflow/example_dags/example_xcom.py
[2025-01-30 12:29:06,326] {logging_mixin.py:104} INFO - [2025-01-30 12:29:06,326] {dag.py:1833} INFO - Sync 1 DAGs
[2025-01-30 12:29:06,349] {logging_mixin.py:104} INFO - [2025-01-30 12:29:06,349] {dag.py:2306} INFO - Setting next_dagrun for example_xcom to 2025-01-28 00:00:00+00:00
[2025-01-30 12:29:06,362] {scheduler_job.py:190} INFO - Processing /home/airflow/.local/lib/python3.6/site-packages/airflow/example_dags/example_xcom.py took 0.090 seconds
[2025-01-30 12:29:37,276] {scheduler_job.py:182} INFO - Started process (PID=553) to work on /home/airflow/.local/lib/python3.6/site-packages/airflow/example_dags/example_xcom.py
[2025-01-30 12:29:37,277] {scheduler_job.py:633} INFO - Processing file /home/airflow/.local/lib/python3.6/site-packages/airflow/example_dags/example_xcom.py for tasks to queue
[2025-01-30 12:29:37,278] {logging_mixin.py:104} INFO - [2025-01-30 12:29:37,278] {dagbag.py:496} INFO - Filling up the DagBag from /home/airflow/.local/lib/python3.6/site-packages/airflow/example_dags/example_xcom.py
[2025-01-30 12:29:37,294] {scheduler_job.py:643} INFO - DAG(s) dict_keys(['example_xcom']) retrieved from /home/airflow/.local/lib/python3.6/site-packages/airflow/example_dags/example_xcom.py
[2025-01-30 12:29:37,326] {logging_mixin.py:104} INFO - [2025-01-30 12:29:37,326] {dag.py:1833} INFO - Sync 1 DAGs
[2025-01-30 12:29:37,348] {logging_mixin.py:104} INFO - [2025-01-30 12:29:37,348] {dag.py:2306} INFO - Setting next_dagrun for example_xcom to 2025-01-28 00:00:00+00:00
[2025-01-30 12:29:37,363] {scheduler_job.py:190} INFO - Processing /home/airflow/.local/lib/python3.6/site-packages/airflow/example_dags/example_xcom.py took 0.091 seconds
[2025-01-30 12:30:08,022] {scheduler_job.py:182} INFO - Started process (PID=604) to work on /home/airflow/.local/lib/python3.6/site-packages/airflow/example_dags/example_xcom.py
[2025-01-30 12:30:08,023] {scheduler_job.py:633} INFO - Processing file /home/airflow/.local/lib/python3.6/site-packages/airflow/example_dags/example_xcom.py for tasks to queue
[2025-01-30 12:30:08,024] {logging_mixin.py:104} INFO - [2025-01-30 12:30:08,024] {dagbag.py:496} INFO - Filling up the DagBag from /home/airflow/.local/lib/python3.6/site-packages/airflow/example_dags/example_xcom.py
[2025-01-30 12:30:08,040] {scheduler_job.py:643} INFO - DAG(s) dict_keys(['example_xcom']) retrieved from /home/airflow/.local/lib/python3.6/site-packages/airflow/example_dags/example_xcom.py
[2025-01-30 12:30:08,069] {logging_mixin.py:104} INFO - [2025-01-30 12:30:08,069] {dag.py:1833} INFO - Sync 1 DAGs
[2025-01-30 12:30:08,091] {logging_mixin.py:104} INFO - [2025-01-30 12:30:08,091] {dag.py:2306} INFO - Setting next_dagrun for example_xcom to 2025-01-28 00:00:00+00:00
[2025-01-30 12:30:08,105] {scheduler_job.py:190} INFO - Processing /home/airflow/.local/lib/python3.6/site-packages/airflow/example_dags/example_xcom.py took 0.087 seconds
[2025-01-30 12:30:38,588] {scheduler_job.py:182} INFO - Started process (PID=664) to work on /home/airflow/.local/lib/python3.6/site-packages/airflow/example_dags/example_xcom.py
[2025-01-30 12:30:38,589] {scheduler_job.py:633} INFO - Processing file /home/airflow/.local/lib/python3.6/site-packages/airflow/example_dags/example_xcom.py for tasks to queue
[2025-01-30 12:30:38,590] {logging_mixin.py:104} INFO - [2025-01-30 12:30:38,589] {dagbag.py:496} INFO - Filling up the DagBag from /home/airflow/.local/lib/python3.6/site-packages/airflow/example_dags/example_xcom.py
[2025-01-30 12:30:38,605] {scheduler_job.py:643} INFO - DAG(s) dict_keys(['example_xcom']) retrieved from /home/airflow/.local/lib/python3.6/site-packages/airflow/example_dags/example_xcom.py
[2025-01-30 12:30:38,633] {logging_mixin.py:104} INFO - [2025-01-30 12:30:38,633] {dag.py:1833} INFO - Sync 1 DAGs
[2025-01-30 12:30:38,653] {logging_mixin.py:104} INFO - [2025-01-30 12:30:38,653] {dag.py:2306} INFO - Setting next_dagrun for example_xcom to 2025-01-28 00:00:00+00:00
[2025-01-30 12:30:38,665] {scheduler_job.py:190} INFO - Processing /home/airflow/.local/lib/python3.6/site-packages/airflow/example_dags/example_xcom.py took 0.081 seconds
[2025-01-30 12:31:09,240] {scheduler_job.py:182} INFO - Started process (PID=716) to work on /home/airflow/.local/lib/python3.6/site-packages/airflow/example_dags/example_xcom.py
[2025-01-30 12:31:09,241] {scheduler_job.py:633} INFO - Processing file /home/airflow/.local/lib/python3.6/site-packages/airflow/example_dags/example_xcom.py for tasks to queue
[2025-01-30 12:31:09,242] {logging_mixin.py:104} INFO - [2025-01-30 12:31:09,242] {dagbag.py:496} INFO - Filling up the DagBag from /home/airflow/.local/lib/python3.6/site-packages/airflow/example_dags/example_xcom.py
[2025-01-30 12:31:09,258] {scheduler_job.py:643} INFO - DAG(s) dict_keys(['example_xcom']) retrieved from /home/airflow/.local/lib/python3.6/site-packages/airflow/example_dags/example_xcom.py
[2025-01-30 12:31:09,287] {logging_mixin.py:104} INFO - [2025-01-30 12:31:09,287] {dag.py:1833} INFO - Sync 1 DAGs
[2025-01-30 12:31:09,307] {logging_mixin.py:104} INFO - [2025-01-30 12:31:09,307] {dag.py:2306} INFO - Setting next_dagrun for example_xcom to 2025-01-28 00:00:00+00:00
[2025-01-30 12:31:09,319] {scheduler_job.py:190} INFO - Processing /home/airflow/.local/lib/python3.6/site-packages/airflow/example_dags/example_xcom.py took 0.083 seconds
[2025-01-30 12:31:40,132] {scheduler_job.py:182} INFO - Started process (PID=767) to work on /home/airflow/.local/lib/python3.6/site-packages/airflow/example_dags/example_xcom.py
[2025-01-30 12:31:40,133] {scheduler_job.py:633} INFO - Processing file /home/airflow/.local/lib/python3.6/site-packages/airflow/example_dags/example_xcom.py for tasks to queue
[2025-01-30 12:31:40,134] {logging_mixin.py:104} INFO - [2025-01-30 12:31:40,134] {dagbag.py:496} INFO - Filling up the DagBag from /home/airflow/.local/lib/python3.6/site-packages/airflow/example_dags/example_xcom.py
[2025-01-30 12:31:40,152] {scheduler_job.py:643} INFO - DAG(s) dict_keys(['example_xcom']) retrieved from /home/airflow/.local/lib/python3.6/site-packages/airflow/example_dags/example_xcom.py
[2025-01-30 12:31:40,183] {logging_mixin.py:104} INFO - [2025-01-30 12:31:40,183] {dag.py:1833} INFO - Sync 1 DAGs
[2025-01-30 12:31:40,205] {logging_mixin.py:104} INFO - [2025-01-30 12:31:40,205] {dag.py:2306} INFO - Setting next_dagrun for example_xcom to 2025-01-28 00:00:00+00:00
[2025-01-30 12:31:40,219] {scheduler_job.py:190} INFO - Processing /home/airflow/.local/lib/python3.6/site-packages/airflow/example_dags/example_xcom.py took 0.092 seconds
[2025-01-30 12:32:11,132] {scheduler_job.py:182} INFO - Started process (PID=828) to work on /home/airflow/.local/lib/python3.6/site-packages/airflow/example_dags/example_xcom.py
[2025-01-30 12:32:11,134] {scheduler_job.py:633} INFO - Processing file /home/airflow/.local/lib/python3.6/site-packages/airflow/example_dags/example_xcom.py for tasks to queue
[2025-01-30 12:32:11,135] {logging_mixin.py:104} INFO - [2025-01-30 12:32:11,135] {dagbag.py:496} INFO - Filling up the DagBag from /home/airflow/.local/lib/python3.6/site-packages/airflow/example_dags/example_xcom.py
[2025-01-30 12:32:11,150] {scheduler_job.py:643} INFO - DAG(s) dict_keys(['example_xcom']) retrieved from /home/airflow/.local/lib/python3.6/site-packages/airflow/example_dags/example_xcom.py
[2025-01-30 12:32:11,178] {logging_mixin.py:104} INFO - [2025-01-30 12:32:11,178] {dag.py:1833} INFO - Sync 1 DAGs
[2025-01-30 12:32:11,198] {logging_mixin.py:104} INFO - [2025-01-30 12:32:11,198] {dag.py:2306} INFO - Setting next_dagrun for example_xcom to 2025-01-28 00:00:00+00:00
[2025-01-30 12:32:11,209] {scheduler_job.py:190} INFO - Processing /home/airflow/.local/lib/python3.6/site-packages/airflow/example_dags/example_xcom.py took 0.082 seconds
[2025-01-30 12:32:42,023] {scheduler_job.py:182} INFO - Started process (PID=879) to work on /home/airflow/.local/lib/python3.6/site-packages/airflow/example_dags/example_xcom.py
[2025-01-30 12:32:42,024] {scheduler_job.py:633} INFO - Processing file /home/airflow/.local/lib/python3.6/site-packages/airflow/example_dags/example_xcom.py for tasks to queue
[2025-01-30 12:32:42,025] {logging_mixin.py:104} INFO - [2025-01-30 12:32:42,025] {dagbag.py:496} INFO - Filling up the DagBag from /home/airflow/.local/lib/python3.6/site-packages/airflow/example_dags/example_xcom.py
[2025-01-30 12:32:42,040] {scheduler_job.py:643} INFO - DAG(s) dict_keys(['example_xcom']) retrieved from /home/airflow/.local/lib/python3.6/site-packages/airflow/example_dags/example_xcom.py
[2025-01-30 12:32:42,067] {logging_mixin.py:104} INFO - [2025-01-30 12:32:42,067] {dag.py:1833} INFO - Sync 1 DAGs
[2025-01-30 12:32:42,087] {logging_mixin.py:104} INFO - [2025-01-30 12:32:42,087] {dag.py:2306} INFO - Setting next_dagrun for example_xcom to 2025-01-28 00:00:00+00:00
[2025-01-30 12:32:42,100] {scheduler_job.py:190} INFO - Processing /home/airflow/.local/lib/python3.6/site-packages/airflow/example_dags/example_xcom.py took 0.081 seconds
[2025-01-30 12:33:12,424] {scheduler_job.py:182} INFO - Started process (PID=930) to work on /home/airflow/.local/lib/python3.6/site-packages/airflow/example_dags/example_xcom.py
[2025-01-30 12:33:12,426] {scheduler_job.py:633} INFO - Processing file /home/airflow/.local/lib/python3.6/site-packages/airflow/example_dags/example_xcom.py for tasks to queue
[2025-01-30 12:33:12,427] {logging_mixin.py:104} INFO - [2025-01-30 12:33:12,426] {dagbag.py:496} INFO - Filling up the DagBag from /home/airflow/.local/lib/python3.6/site-packages/airflow/example_dags/example_xcom.py
[2025-01-30 12:33:12,443] {scheduler_job.py:643} INFO - DAG(s) dict_keys(['example_xcom']) retrieved from /home/airflow/.local/lib/python3.6/site-packages/airflow/example_dags/example_xcom.py
[2025-01-30 12:33:12,474] {logging_mixin.py:104} INFO - [2025-01-30 12:33:12,474] {dag.py:1833} INFO - Sync 1 DAGs
[2025-01-30 12:33:12,496] {logging_mixin.py:104} INFO - [2025-01-30 12:33:12,496] {dag.py:2306} INFO - Setting next_dagrun for example_xcom to 2025-01-28 00:00:00+00:00
[2025-01-30 12:33:12,510] {scheduler_job.py:190} INFO - Processing /home/airflow/.local/lib/python3.6/site-packages/airflow/example_dags/example_xcom.py took 0.091 seconds
[2025-01-30 12:33:43,024] {scheduler_job.py:182} INFO - Started process (PID=991) to work on /home/airflow/.local/lib/python3.6/site-packages/airflow/example_dags/example_xcom.py
[2025-01-30 12:33:43,026] {scheduler_job.py:633} INFO - Processing file /home/airflow/.local/lib/python3.6/site-packages/airflow/example_dags/example_xcom.py for tasks to queue
[2025-01-30 12:33:43,027] {logging_mixin.py:104} INFO - [2025-01-30 12:33:43,026] {dagbag.py:496} INFO - Filling up the DagBag from /home/airflow/.local/lib/python3.6/site-packages/airflow/example_dags/example_xcom.py
[2025-01-30 12:33:43,042] {scheduler_job.py:643} INFO - DAG(s) dict_keys(['example_xcom']) retrieved from /home/airflow/.local/lib/python3.6/site-packages/airflow/example_dags/example_xcom.py
[2025-01-30 12:33:43,070] {logging_mixin.py:104} INFO - [2025-01-30 12:33:43,070] {dag.py:1833} INFO - Sync 1 DAGs
[2025-01-30 12:33:43,092] {logging_mixin.py:104} INFO - [2025-01-30 12:33:43,092] {dag.py:2306} INFO - Setting next_dagrun for example_xcom to 2025-01-28 00:00:00+00:00
[2025-01-30 12:33:43,105] {scheduler_job.py:190} INFO - Processing /home/airflow/.local/lib/python3.6/site-packages/airflow/example_dags/example_xcom.py took 0.085 seconds
