[2025-01-30 12:22:45,081] {scheduler_job.py:182} INFO - Started process (PID=211) to work on /home/airflow/.local/lib/python3.6/site-packages/airflow/example_dags/example_kubernetes_executor.py
[2025-01-30 12:22:45,082] {scheduler_job.py:633} INFO - Processing file /home/airflow/.local/lib/python3.6/site-packages/airflow/example_dags/example_kubernetes_executor.py for tasks to queue
[2025-01-30 12:22:45,082] {logging_mixin.py:104} INFO - [2025-01-30 12:22:45,082] {dagbag.py:496} INFO - Filling up the DagBag from /home/airflow/.local/lib/python3.6/site-packages/airflow/example_dags/example_kubernetes_executor.py
[2025-01-30 12:22:45,094] {scheduler_job.py:643} INFO - DAG(s) dict_keys(['example_kubernetes_executor']) retrieved from /home/airflow/.local/lib/python3.6/site-packages/airflow/example_dags/example_kubernetes_executor.py
[2025-01-30 12:22:46,865] {logging_mixin.py:104} INFO - [2025-01-30 12:22:46,864] {dag.py:1833} INFO - Sync 1 DAGs
[2025-01-30 12:22:46,875] {logging_mixin.py:104} INFO - [2025-01-30 12:22:46,874] {dag.py:1852} INFO - Creating ORM DAG for example_kubernetes_executor
[2025-01-30 12:22:46,879] {logging_mixin.py:104} INFO - [2025-01-30 12:22:46,879] {dag.py:2306} INFO - Setting next_dagrun for example_kubernetes_executor to None
[2025-01-30 12:22:46,888] {scheduler_job.py:190} INFO - Processing /home/airflow/.local/lib/python3.6/site-packages/airflow/example_dags/example_kubernetes_executor.py took 1.810 seconds
[2025-01-30 12:23:17,511] {scheduler_job.py:182} INFO - Started process (PID=488) to work on /home/airflow/.local/lib/python3.6/site-packages/airflow/example_dags/example_kubernetes_executor.py
[2025-01-30 12:23:17,512] {scheduler_job.py:633} INFO - Processing file /home/airflow/.local/lib/python3.6/site-packages/airflow/example_dags/example_kubernetes_executor.py for tasks to queue
[2025-01-30 12:23:17,513] {logging_mixin.py:104} INFO - [2025-01-30 12:23:17,513] {dagbag.py:496} INFO - Filling up the DagBag from /home/airflow/.local/lib/python3.6/site-packages/airflow/example_dags/example_kubernetes_executor.py
[2025-01-30 12:23:17,531] {scheduler_job.py:643} INFO - DAG(s) dict_keys(['example_kubernetes_executor']) retrieved from /home/airflow/.local/lib/python3.6/site-packages/airflow/example_dags/example_kubernetes_executor.py
[2025-01-30 12:23:17,562] {logging_mixin.py:104} INFO - [2025-01-30 12:23:17,561] {dag.py:1833} INFO - Sync 1 DAGs
[2025-01-30 12:23:17,582] {logging_mixin.py:104} INFO - [2025-01-30 12:23:17,582] {dag.py:2306} INFO - Setting next_dagrun for example_kubernetes_executor to None
[2025-01-30 12:23:17,620] {scheduler_job.py:190} INFO - Processing /home/airflow/.local/lib/python3.6/site-packages/airflow/example_dags/example_kubernetes_executor.py took 0.114 seconds
[2025-01-30 12:23:47,940] {scheduler_job.py:182} INFO - Started process (PID=539) to work on /home/airflow/.local/lib/python3.6/site-packages/airflow/example_dags/example_kubernetes_executor.py
[2025-01-30 12:23:47,942] {scheduler_job.py:633} INFO - Processing file /home/airflow/.local/lib/python3.6/site-packages/airflow/example_dags/example_kubernetes_executor.py for tasks to queue
[2025-01-30 12:23:47,942] {logging_mixin.py:104} INFO - [2025-01-30 12:23:47,942] {dagbag.py:496} INFO - Filling up the DagBag from /home/airflow/.local/lib/python3.6/site-packages/airflow/example_dags/example_kubernetes_executor.py
[2025-01-30 12:23:47,961] {scheduler_job.py:643} INFO - DAG(s) dict_keys(['example_kubernetes_executor']) retrieved from /home/airflow/.local/lib/python3.6/site-packages/airflow/example_dags/example_kubernetes_executor.py
[2025-01-30 12:23:47,992] {logging_mixin.py:104} INFO - [2025-01-30 12:23:47,992] {dag.py:1833} INFO - Sync 1 DAGs
[2025-01-30 12:23:48,014] {logging_mixin.py:104} INFO - [2025-01-30 12:23:48,014] {dag.py:2306} INFO - Setting next_dagrun for example_kubernetes_executor to None
[2025-01-30 12:23:48,051] {scheduler_job.py:190} INFO - Processing /home/airflow/.local/lib/python3.6/site-packages/airflow/example_dags/example_kubernetes_executor.py took 0.115 seconds
[2025-01-30 12:24:18,134] {scheduler_job.py:182} INFO - Started process (PID=590) to work on /home/airflow/.local/lib/python3.6/site-packages/airflow/example_dags/example_kubernetes_executor.py
[2025-01-30 12:24:18,135] {scheduler_job.py:633} INFO - Processing file /home/airflow/.local/lib/python3.6/site-packages/airflow/example_dags/example_kubernetes_executor.py for tasks to queue
[2025-01-30 12:24:18,136] {logging_mixin.py:104} INFO - [2025-01-30 12:24:18,136] {dagbag.py:496} INFO - Filling up the DagBag from /home/airflow/.local/lib/python3.6/site-packages/airflow/example_dags/example_kubernetes_executor.py
[2025-01-30 12:24:18,153] {scheduler_job.py:643} INFO - DAG(s) dict_keys(['example_kubernetes_executor']) retrieved from /home/airflow/.local/lib/python3.6/site-packages/airflow/example_dags/example_kubernetes_executor.py
[2025-01-30 12:24:18,182] {logging_mixin.py:104} INFO - [2025-01-30 12:24:18,182] {dag.py:1833} INFO - Sync 1 DAGs
[2025-01-30 12:24:18,202] {logging_mixin.py:104} INFO - [2025-01-30 12:24:18,202] {dag.py:2306} INFO - Setting next_dagrun for example_kubernetes_executor to None
[2025-01-30 12:24:18,215] {scheduler_job.py:190} INFO - Processing /home/airflow/.local/lib/python3.6/site-packages/airflow/example_dags/example_kubernetes_executor.py took 0.086 seconds
[2025-01-30 12:24:59,500] {scheduler_job.py:182} INFO - Started process (PID=52) to work on /home/airflow/.local/lib/python3.6/site-packages/airflow/example_dags/example_kubernetes_executor.py
[2025-01-30 12:24:59,501] {scheduler_job.py:633} INFO - Processing file /home/airflow/.local/lib/python3.6/site-packages/airflow/example_dags/example_kubernetes_executor.py for tasks to queue
[2025-01-30 12:24:59,502] {logging_mixin.py:104} INFO - [2025-01-30 12:24:59,502] {dagbag.py:496} INFO - Filling up the DagBag from /home/airflow/.local/lib/python3.6/site-packages/airflow/example_dags/example_kubernetes_executor.py
[2025-01-30 12:24:59,519] {scheduler_job.py:643} INFO - DAG(s) dict_keys(['example_kubernetes_executor']) retrieved from /home/airflow/.local/lib/python3.6/site-packages/airflow/example_dags/example_kubernetes_executor.py
[2025-01-30 12:24:59,551] {logging_mixin.py:104} INFO - [2025-01-30 12:24:59,551] {dag.py:1833} INFO - Sync 1 DAGs
[2025-01-30 12:24:59,576] {logging_mixin.py:104} INFO - [2025-01-30 12:24:59,576] {dag.py:2306} INFO - Setting next_dagrun for example_kubernetes_executor to None
[2025-01-30 12:24:59,595] {scheduler_job.py:190} INFO - Processing /home/airflow/.local/lib/python3.6/site-packages/airflow/example_dags/example_kubernetes_executor.py took 0.099 seconds
[2025-01-30 12:25:30,354] {scheduler_job.py:182} INFO - Started process (PID=106) to work on /home/airflow/.local/lib/python3.6/site-packages/airflow/example_dags/example_kubernetes_executor.py
[2025-01-30 12:25:30,355] {scheduler_job.py:633} INFO - Processing file /home/airflow/.local/lib/python3.6/site-packages/airflow/example_dags/example_kubernetes_executor.py for tasks to queue
[2025-01-30 12:25:30,355] {logging_mixin.py:104} INFO - [2025-01-30 12:25:30,355] {dagbag.py:496} INFO - Filling up the DagBag from /home/airflow/.local/lib/python3.6/site-packages/airflow/example_dags/example_kubernetes_executor.py
[2025-01-30 12:25:30,375] {scheduler_job.py:643} INFO - DAG(s) dict_keys(['example_kubernetes_executor']) retrieved from /home/airflow/.local/lib/python3.6/site-packages/airflow/example_dags/example_kubernetes_executor.py
[2025-01-30 12:25:30,408] {logging_mixin.py:104} INFO - [2025-01-30 12:25:30,408] {dag.py:1833} INFO - Sync 1 DAGs
[2025-01-30 12:25:30,432] {logging_mixin.py:104} INFO - [2025-01-30 12:25:30,431] {dag.py:2306} INFO - Setting next_dagrun for example_kubernetes_executor to None
[2025-01-30 12:25:30,446] {scheduler_job.py:190} INFO - Processing /home/airflow/.local/lib/python3.6/site-packages/airflow/example_dags/example_kubernetes_executor.py took 0.095 seconds
[2025-01-30 12:26:01,028] {scheduler_job.py:182} INFO - Started process (PID=157) to work on /home/airflow/.local/lib/python3.6/site-packages/airflow/example_dags/example_kubernetes_executor.py
[2025-01-30 12:26:01,030] {scheduler_job.py:633} INFO - Processing file /home/airflow/.local/lib/python3.6/site-packages/airflow/example_dags/example_kubernetes_executor.py for tasks to queue
[2025-01-30 12:26:01,030] {logging_mixin.py:104} INFO - [2025-01-30 12:26:01,030] {dagbag.py:496} INFO - Filling up the DagBag from /home/airflow/.local/lib/python3.6/site-packages/airflow/example_dags/example_kubernetes_executor.py
[2025-01-30 12:26:01,047] {scheduler_job.py:643} INFO - DAG(s) dict_keys(['example_kubernetes_executor']) retrieved from /home/airflow/.local/lib/python3.6/site-packages/airflow/example_dags/example_kubernetes_executor.py
[2025-01-30 12:26:01,075] {logging_mixin.py:104} INFO - [2025-01-30 12:26:01,075] {dag.py:1833} INFO - Sync 1 DAGs
[2025-01-30 12:26:01,095] {logging_mixin.py:104} INFO - [2025-01-30 12:26:01,095] {dag.py:2306} INFO - Setting next_dagrun for example_kubernetes_executor to None
[2025-01-30 12:26:01,107] {scheduler_job.py:190} INFO - Processing /home/airflow/.local/lib/python3.6/site-packages/airflow/example_dags/example_kubernetes_executor.py took 0.083 seconds
[2025-01-30 12:26:31,809] {scheduler_job.py:182} INFO - Started process (PID=217) to work on /home/airflow/.local/lib/python3.6/site-packages/airflow/example_dags/example_kubernetes_executor.py
[2025-01-30 12:26:31,810] {scheduler_job.py:633} INFO - Processing file /home/airflow/.local/lib/python3.6/site-packages/airflow/example_dags/example_kubernetes_executor.py for tasks to queue
[2025-01-30 12:26:31,811] {logging_mixin.py:104} INFO - [2025-01-30 12:26:31,811] {dagbag.py:496} INFO - Filling up the DagBag from /home/airflow/.local/lib/python3.6/site-packages/airflow/example_dags/example_kubernetes_executor.py
[2025-01-30 12:26:31,830] {scheduler_job.py:643} INFO - DAG(s) dict_keys(['example_kubernetes_executor']) retrieved from /home/airflow/.local/lib/python3.6/site-packages/airflow/example_dags/example_kubernetes_executor.py
[2025-01-30 12:26:31,865] {logging_mixin.py:104} INFO - [2025-01-30 12:26:31,865] {dag.py:1833} INFO - Sync 1 DAGs
[2025-01-30 12:26:31,890] {logging_mixin.py:104} INFO - [2025-01-30 12:26:31,889] {dag.py:2306} INFO - Setting next_dagrun for example_kubernetes_executor to None
[2025-01-30 12:26:31,905] {scheduler_job.py:190} INFO - Processing /home/airflow/.local/lib/python3.6/site-packages/airflow/example_dags/example_kubernetes_executor.py took 0.101 seconds
[2025-01-30 12:27:02,644] {scheduler_job.py:182} INFO - Started process (PID=269) to work on /home/airflow/.local/lib/python3.6/site-packages/airflow/example_dags/example_kubernetes_executor.py
[2025-01-30 12:27:02,645] {scheduler_job.py:633} INFO - Processing file /home/airflow/.local/lib/python3.6/site-packages/airflow/example_dags/example_kubernetes_executor.py for tasks to queue
[2025-01-30 12:27:02,646] {logging_mixin.py:104} INFO - [2025-01-30 12:27:02,646] {dagbag.py:496} INFO - Filling up the DagBag from /home/airflow/.local/lib/python3.6/site-packages/airflow/example_dags/example_kubernetes_executor.py
[2025-01-30 12:27:02,663] {scheduler_job.py:643} INFO - DAG(s) dict_keys(['example_kubernetes_executor']) retrieved from /home/airflow/.local/lib/python3.6/site-packages/airflow/example_dags/example_kubernetes_executor.py
[2025-01-30 12:27:02,690] {logging_mixin.py:104} INFO - [2025-01-30 12:27:02,690] {dag.py:1833} INFO - Sync 1 DAGs
[2025-01-30 12:27:02,709] {logging_mixin.py:104} INFO - [2025-01-30 12:27:02,709] {dag.py:2306} INFO - Setting next_dagrun for example_kubernetes_executor to None
[2025-01-30 12:27:02,721] {scheduler_job.py:190} INFO - Processing /home/airflow/.local/lib/python3.6/site-packages/airflow/example_dags/example_kubernetes_executor.py took 0.082 seconds
[2025-01-30 12:27:33,310] {scheduler_job.py:182} INFO - Started process (PID=320) to work on /home/airflow/.local/lib/python3.6/site-packages/airflow/example_dags/example_kubernetes_executor.py
[2025-01-30 12:27:33,313] {scheduler_job.py:633} INFO - Processing file /home/airflow/.local/lib/python3.6/site-packages/airflow/example_dags/example_kubernetes_executor.py for tasks to queue
[2025-01-30 12:27:33,313] {logging_mixin.py:104} INFO - [2025-01-30 12:27:33,313] {dagbag.py:496} INFO - Filling up the DagBag from /home/airflow/.local/lib/python3.6/site-packages/airflow/example_dags/example_kubernetes_executor.py
[2025-01-30 12:27:33,331] {scheduler_job.py:643} INFO - DAG(s) dict_keys(['example_kubernetes_executor']) retrieved from /home/airflow/.local/lib/python3.6/site-packages/airflow/example_dags/example_kubernetes_executor.py
[2025-01-30 12:27:33,367] {logging_mixin.py:104} INFO - [2025-01-30 12:27:33,367] {dag.py:1833} INFO - Sync 1 DAGs
[2025-01-30 12:27:33,389] {logging_mixin.py:104} INFO - [2025-01-30 12:27:33,389] {dag.py:2306} INFO - Setting next_dagrun for example_kubernetes_executor to None
[2025-01-30 12:27:33,404] {scheduler_job.py:190} INFO - Processing /home/airflow/.local/lib/python3.6/site-packages/airflow/example_dags/example_kubernetes_executor.py took 0.098 seconds
[2025-01-30 12:28:04,319] {scheduler_job.py:182} INFO - Started process (PID=381) to work on /home/airflow/.local/lib/python3.6/site-packages/airflow/example_dags/example_kubernetes_executor.py
[2025-01-30 12:28:04,320] {scheduler_job.py:633} INFO - Processing file /home/airflow/.local/lib/python3.6/site-packages/airflow/example_dags/example_kubernetes_executor.py for tasks to queue
[2025-01-30 12:28:04,321] {logging_mixin.py:104} INFO - [2025-01-30 12:28:04,321] {dagbag.py:496} INFO - Filling up the DagBag from /home/airflow/.local/lib/python3.6/site-packages/airflow/example_dags/example_kubernetes_executor.py
[2025-01-30 12:28:04,337] {scheduler_job.py:643} INFO - DAG(s) dict_keys(['example_kubernetes_executor']) retrieved from /home/airflow/.local/lib/python3.6/site-packages/airflow/example_dags/example_kubernetes_executor.py
[2025-01-30 12:28:04,365] {logging_mixin.py:104} INFO - [2025-01-30 12:28:04,365] {dag.py:1833} INFO - Sync 1 DAGs
[2025-01-30 12:28:04,385] {logging_mixin.py:104} INFO - [2025-01-30 12:28:04,385] {dag.py:2306} INFO - Setting next_dagrun for example_kubernetes_executor to None
[2025-01-30 12:28:04,399] {scheduler_job.py:190} INFO - Processing /home/airflow/.local/lib/python3.6/site-packages/airflow/example_dags/example_kubernetes_executor.py took 0.084 seconds
[2025-01-30 12:28:34,813] {scheduler_job.py:182} INFO - Started process (PID=432) to work on /home/airflow/.local/lib/python3.6/site-packages/airflow/example_dags/example_kubernetes_executor.py
[2025-01-30 12:28:34,814] {scheduler_job.py:633} INFO - Processing file /home/airflow/.local/lib/python3.6/site-packages/airflow/example_dags/example_kubernetes_executor.py for tasks to queue
[2025-01-30 12:28:34,815] {logging_mixin.py:104} INFO - [2025-01-30 12:28:34,815] {dagbag.py:496} INFO - Filling up the DagBag from /home/airflow/.local/lib/python3.6/site-packages/airflow/example_dags/example_kubernetes_executor.py
[2025-01-30 12:28:34,833] {scheduler_job.py:643} INFO - DAG(s) dict_keys(['example_kubernetes_executor']) retrieved from /home/airflow/.local/lib/python3.6/site-packages/airflow/example_dags/example_kubernetes_executor.py
[2025-01-30 12:28:34,864] {logging_mixin.py:104} INFO - [2025-01-30 12:28:34,863] {dag.py:1833} INFO - Sync 1 DAGs
[2025-01-30 12:28:34,886] {logging_mixin.py:104} INFO - [2025-01-30 12:28:34,885] {dag.py:2306} INFO - Setting next_dagrun for example_kubernetes_executor to None
[2025-01-30 12:28:34,902] {scheduler_job.py:190} INFO - Processing /home/airflow/.local/lib/python3.6/site-packages/airflow/example_dags/example_kubernetes_executor.py took 0.094 seconds
[2025-01-30 12:29:05,425] {scheduler_job.py:182} INFO - Started process (PID=483) to work on /home/airflow/.local/lib/python3.6/site-packages/airflow/example_dags/example_kubernetes_executor.py
[2025-01-30 12:29:05,426] {scheduler_job.py:633} INFO - Processing file /home/airflow/.local/lib/python3.6/site-packages/airflow/example_dags/example_kubernetes_executor.py for tasks to queue
[2025-01-30 12:29:05,427] {logging_mixin.py:104} INFO - [2025-01-30 12:29:05,427] {dagbag.py:496} INFO - Filling up the DagBag from /home/airflow/.local/lib/python3.6/site-packages/airflow/example_dags/example_kubernetes_executor.py
[2025-01-30 12:29:05,444] {scheduler_job.py:643} INFO - DAG(s) dict_keys(['example_kubernetes_executor']) retrieved from /home/airflow/.local/lib/python3.6/site-packages/airflow/example_dags/example_kubernetes_executor.py
[2025-01-30 12:29:05,475] {logging_mixin.py:104} INFO - [2025-01-30 12:29:05,475] {dag.py:1833} INFO - Sync 1 DAGs
[2025-01-30 12:29:05,495] {logging_mixin.py:104} INFO - [2025-01-30 12:29:05,495] {dag.py:2306} INFO - Setting next_dagrun for example_kubernetes_executor to None
[2025-01-30 12:29:05,508] {scheduler_job.py:190} INFO - Processing /home/airflow/.local/lib/python3.6/site-packages/airflow/example_dags/example_kubernetes_executor.py took 0.087 seconds
[2025-01-30 12:29:36,385] {scheduler_job.py:182} INFO - Started process (PID=544) to work on /home/airflow/.local/lib/python3.6/site-packages/airflow/example_dags/example_kubernetes_executor.py
[2025-01-30 12:29:36,387] {scheduler_job.py:633} INFO - Processing file /home/airflow/.local/lib/python3.6/site-packages/airflow/example_dags/example_kubernetes_executor.py for tasks to queue
[2025-01-30 12:29:36,388] {logging_mixin.py:104} INFO - [2025-01-30 12:29:36,387] {dagbag.py:496} INFO - Filling up the DagBag from /home/airflow/.local/lib/python3.6/site-packages/airflow/example_dags/example_kubernetes_executor.py
[2025-01-30 12:29:36,407] {scheduler_job.py:643} INFO - DAG(s) dict_keys(['example_kubernetes_executor']) retrieved from /home/airflow/.local/lib/python3.6/site-packages/airflow/example_dags/example_kubernetes_executor.py
[2025-01-30 12:29:36,441] {logging_mixin.py:104} INFO - [2025-01-30 12:29:36,441] {dag.py:1833} INFO - Sync 1 DAGs
[2025-01-30 12:29:36,464] {logging_mixin.py:104} INFO - [2025-01-30 12:29:36,464] {dag.py:2306} INFO - Setting next_dagrun for example_kubernetes_executor to None
[2025-01-30 12:29:36,479] {scheduler_job.py:190} INFO - Processing /home/airflow/.local/lib/python3.6/site-packages/airflow/example_dags/example_kubernetes_executor.py took 0.099 seconds
[2025-01-30 12:30:07,019] {scheduler_job.py:182} INFO - Started process (PID=595) to work on /home/airflow/.local/lib/python3.6/site-packages/airflow/example_dags/example_kubernetes_executor.py
[2025-01-30 12:30:07,020] {scheduler_job.py:633} INFO - Processing file /home/airflow/.local/lib/python3.6/site-packages/airflow/example_dags/example_kubernetes_executor.py for tasks to queue
[2025-01-30 12:30:07,021] {logging_mixin.py:104} INFO - [2025-01-30 12:30:07,021] {dagbag.py:496} INFO - Filling up the DagBag from /home/airflow/.local/lib/python3.6/site-packages/airflow/example_dags/example_kubernetes_executor.py
[2025-01-30 12:30:07,038] {scheduler_job.py:643} INFO - DAG(s) dict_keys(['example_kubernetes_executor']) retrieved from /home/airflow/.local/lib/python3.6/site-packages/airflow/example_dags/example_kubernetes_executor.py
[2025-01-30 12:30:07,070] {logging_mixin.py:104} INFO - [2025-01-30 12:30:07,070] {dag.py:1833} INFO - Sync 1 DAGs
[2025-01-30 12:30:07,092] {logging_mixin.py:104} INFO - [2025-01-30 12:30:07,092] {dag.py:2306} INFO - Setting next_dagrun for example_kubernetes_executor to None
[2025-01-30 12:30:07,106] {scheduler_job.py:190} INFO - Processing /home/airflow/.local/lib/python3.6/site-packages/airflow/example_dags/example_kubernetes_executor.py took 0.091 seconds
[2025-01-30 12:30:37,626] {scheduler_job.py:182} INFO - Started process (PID=653) to work on /home/airflow/.local/lib/python3.6/site-packages/airflow/example_dags/example_kubernetes_executor.py
[2025-01-30 12:30:37,628] {scheduler_job.py:633} INFO - Processing file /home/airflow/.local/lib/python3.6/site-packages/airflow/example_dags/example_kubernetes_executor.py for tasks to queue
[2025-01-30 12:30:37,629] {logging_mixin.py:104} INFO - [2025-01-30 12:30:37,629] {dagbag.py:496} INFO - Filling up the DagBag from /home/airflow/.local/lib/python3.6/site-packages/airflow/example_dags/example_kubernetes_executor.py
[2025-01-30 12:30:37,647] {scheduler_job.py:643} INFO - DAG(s) dict_keys(['example_kubernetes_executor']) retrieved from /home/airflow/.local/lib/python3.6/site-packages/airflow/example_dags/example_kubernetes_executor.py
[2025-01-30 12:30:37,679] {logging_mixin.py:104} INFO - [2025-01-30 12:30:37,678] {dag.py:1833} INFO - Sync 1 DAGs
[2025-01-30 12:30:37,701] {logging_mixin.py:104} INFO - [2025-01-30 12:30:37,701] {dag.py:2306} INFO - Setting next_dagrun for example_kubernetes_executor to None
[2025-01-30 12:30:37,715] {scheduler_job.py:190} INFO - Processing /home/airflow/.local/lib/python3.6/site-packages/airflow/example_dags/example_kubernetes_executor.py took 0.093 seconds
[2025-01-30 12:31:08,425] {scheduler_job.py:182} INFO - Started process (PID=707) to work on /home/airflow/.local/lib/python3.6/site-packages/airflow/example_dags/example_kubernetes_executor.py
[2025-01-30 12:31:08,426] {scheduler_job.py:633} INFO - Processing file /home/airflow/.local/lib/python3.6/site-packages/airflow/example_dags/example_kubernetes_executor.py for tasks to queue
[2025-01-30 12:31:08,427] {logging_mixin.py:104} INFO - [2025-01-30 12:31:08,427] {dagbag.py:496} INFO - Filling up the DagBag from /home/airflow/.local/lib/python3.6/site-packages/airflow/example_dags/example_kubernetes_executor.py
[2025-01-30 12:31:08,445] {scheduler_job.py:643} INFO - DAG(s) dict_keys(['example_kubernetes_executor']) retrieved from /home/airflow/.local/lib/python3.6/site-packages/airflow/example_dags/example_kubernetes_executor.py
[2025-01-30 12:31:08,473] {logging_mixin.py:104} INFO - [2025-01-30 12:31:08,473] {dag.py:1833} INFO - Sync 1 DAGs
[2025-01-30 12:31:08,493] {logging_mixin.py:104} INFO - [2025-01-30 12:31:08,492] {dag.py:2306} INFO - Setting next_dagrun for example_kubernetes_executor to None
[2025-01-30 12:31:08,505] {scheduler_job.py:190} INFO - Processing /home/airflow/.local/lib/python3.6/site-packages/airflow/example_dags/example_kubernetes_executor.py took 0.085 seconds
[2025-01-30 12:31:39,143] {scheduler_job.py:182} INFO - Started process (PID=758) to work on /home/airflow/.local/lib/python3.6/site-packages/airflow/example_dags/example_kubernetes_executor.py
[2025-01-30 12:31:39,144] {scheduler_job.py:633} INFO - Processing file /home/airflow/.local/lib/python3.6/site-packages/airflow/example_dags/example_kubernetes_executor.py for tasks to queue
[2025-01-30 12:31:39,145] {logging_mixin.py:104} INFO - [2025-01-30 12:31:39,145] {dagbag.py:496} INFO - Filling up the DagBag from /home/airflow/.local/lib/python3.6/site-packages/airflow/example_dags/example_kubernetes_executor.py
[2025-01-30 12:31:39,164] {scheduler_job.py:643} INFO - DAG(s) dict_keys(['example_kubernetes_executor']) retrieved from /home/airflow/.local/lib/python3.6/site-packages/airflow/example_dags/example_kubernetes_executor.py
[2025-01-30 12:31:39,195] {logging_mixin.py:104} INFO - [2025-01-30 12:31:39,195] {dag.py:1833} INFO - Sync 1 DAGs
[2025-01-30 12:31:39,217] {logging_mixin.py:104} INFO - [2025-01-30 12:31:39,217] {dag.py:2306} INFO - Setting next_dagrun for example_kubernetes_executor to None
[2025-01-30 12:31:39,232] {scheduler_job.py:190} INFO - Processing /home/airflow/.local/lib/python3.6/site-packages/airflow/example_dags/example_kubernetes_executor.py took 0.094 seconds
[2025-01-30 12:32:10,423] {scheduler_job.py:182} INFO - Started process (PID=819) to work on /home/airflow/.local/lib/python3.6/site-packages/airflow/example_dags/example_kubernetes_executor.py
[2025-01-30 12:32:10,425] {scheduler_job.py:633} INFO - Processing file /home/airflow/.local/lib/python3.6/site-packages/airflow/example_dags/example_kubernetes_executor.py for tasks to queue
[2025-01-30 12:32:10,426] {logging_mixin.py:104} INFO - [2025-01-30 12:32:10,426] {dagbag.py:496} INFO - Filling up the DagBag from /home/airflow/.local/lib/python3.6/site-packages/airflow/example_dags/example_kubernetes_executor.py
[2025-01-30 12:32:10,442] {scheduler_job.py:643} INFO - DAG(s) dict_keys(['example_kubernetes_executor']) retrieved from /home/airflow/.local/lib/python3.6/site-packages/airflow/example_dags/example_kubernetes_executor.py
[2025-01-30 12:32:10,469] {logging_mixin.py:104} INFO - [2025-01-30 12:32:10,469] {dag.py:1833} INFO - Sync 1 DAGs
[2025-01-30 12:32:10,488] {logging_mixin.py:104} INFO - [2025-01-30 12:32:10,488] {dag.py:2306} INFO - Setting next_dagrun for example_kubernetes_executor to None
[2025-01-30 12:32:10,500] {scheduler_job.py:190} INFO - Processing /home/airflow/.local/lib/python3.6/site-packages/airflow/example_dags/example_kubernetes_executor.py took 0.081 seconds
[2025-01-30 12:32:40,963] {scheduler_job.py:182} INFO - Started process (PID=870) to work on /home/airflow/.local/lib/python3.6/site-packages/airflow/example_dags/example_kubernetes_executor.py
[2025-01-30 12:32:40,964] {scheduler_job.py:633} INFO - Processing file /home/airflow/.local/lib/python3.6/site-packages/airflow/example_dags/example_kubernetes_executor.py for tasks to queue
[2025-01-30 12:32:40,965] {logging_mixin.py:104} INFO - [2025-01-30 12:32:40,965] {dagbag.py:496} INFO - Filling up the DagBag from /home/airflow/.local/lib/python3.6/site-packages/airflow/example_dags/example_kubernetes_executor.py
[2025-01-30 12:32:40,982] {scheduler_job.py:643} INFO - DAG(s) dict_keys(['example_kubernetes_executor']) retrieved from /home/airflow/.local/lib/python3.6/site-packages/airflow/example_dags/example_kubernetes_executor.py
[2025-01-30 12:32:41,011] {logging_mixin.py:104} INFO - [2025-01-30 12:32:41,011] {dag.py:1833} INFO - Sync 1 DAGs
[2025-01-30 12:32:41,029] {logging_mixin.py:104} INFO - [2025-01-30 12:32:41,029] {dag.py:2306} INFO - Setting next_dagrun for example_kubernetes_executor to None
[2025-01-30 12:32:41,043] {scheduler_job.py:190} INFO - Processing /home/airflow/.local/lib/python3.6/site-packages/airflow/example_dags/example_kubernetes_executor.py took 0.084 seconds
[2025-01-30 12:33:11,577] {scheduler_job.py:182} INFO - Started process (PID=921) to work on /home/airflow/.local/lib/python3.6/site-packages/airflow/example_dags/example_kubernetes_executor.py
[2025-01-30 12:33:11,578] {scheduler_job.py:633} INFO - Processing file /home/airflow/.local/lib/python3.6/site-packages/airflow/example_dags/example_kubernetes_executor.py for tasks to queue
[2025-01-30 12:33:11,579] {logging_mixin.py:104} INFO - [2025-01-30 12:33:11,579] {dagbag.py:496} INFO - Filling up the DagBag from /home/airflow/.local/lib/python3.6/site-packages/airflow/example_dags/example_kubernetes_executor.py
[2025-01-30 12:33:11,597] {scheduler_job.py:643} INFO - DAG(s) dict_keys(['example_kubernetes_executor']) retrieved from /home/airflow/.local/lib/python3.6/site-packages/airflow/example_dags/example_kubernetes_executor.py
[2025-01-30 12:33:11,628] {logging_mixin.py:104} INFO - [2025-01-30 12:33:11,627] {dag.py:1833} INFO - Sync 1 DAGs
[2025-01-30 12:33:11,650] {logging_mixin.py:104} INFO - [2025-01-30 12:33:11,650] {dag.py:2306} INFO - Setting next_dagrun for example_kubernetes_executor to None
[2025-01-30 12:33:11,666] {scheduler_job.py:190} INFO - Processing /home/airflow/.local/lib/python3.6/site-packages/airflow/example_dags/example_kubernetes_executor.py took 0.094 seconds
[2025-01-30 12:33:42,304] {scheduler_job.py:182} INFO - Started process (PID=982) to work on /home/airflow/.local/lib/python3.6/site-packages/airflow/example_dags/example_kubernetes_executor.py
[2025-01-30 12:33:42,305] {scheduler_job.py:633} INFO - Processing file /home/airflow/.local/lib/python3.6/site-packages/airflow/example_dags/example_kubernetes_executor.py for tasks to queue
[2025-01-30 12:33:42,306] {logging_mixin.py:104} INFO - [2025-01-30 12:33:42,306] {dagbag.py:496} INFO - Filling up the DagBag from /home/airflow/.local/lib/python3.6/site-packages/airflow/example_dags/example_kubernetes_executor.py
[2025-01-30 12:33:42,322] {scheduler_job.py:643} INFO - DAG(s) dict_keys(['example_kubernetes_executor']) retrieved from /home/airflow/.local/lib/python3.6/site-packages/airflow/example_dags/example_kubernetes_executor.py
[2025-01-30 12:33:42,349] {logging_mixin.py:104} INFO - [2025-01-30 12:33:42,349] {dag.py:1833} INFO - Sync 1 DAGs
[2025-01-30 12:33:42,370] {logging_mixin.py:104} INFO - [2025-01-30 12:33:42,370] {dag.py:2306} INFO - Setting next_dagrun for example_kubernetes_executor to None
[2025-01-30 12:33:42,382] {scheduler_job.py:190} INFO - Processing /home/airflow/.local/lib/python3.6/site-packages/airflow/example_dags/example_kubernetes_executor.py took 0.082 seconds
