[2025-01-30 12:22:59,023] {scheduler_job.py:182} INFO - Started process (PID=403) to work on /home/airflow/.local/lib/python3.6/site-packages/airflow/example_dags/example_latest_only.py
[2025-01-30 12:22:59,024] {scheduler_job.py:633} INFO - Processing file /home/airflow/.local/lib/python3.6/site-packages/airflow/example_dags/example_latest_only.py for tasks to queue
[2025-01-30 12:22:59,024] {logging_mixin.py:104} INFO - [2025-01-30 12:22:59,024] {dagbag.py:496} INFO - Filling up the DagBag from /home/airflow/.local/lib/python3.6/site-packages/airflow/example_dags/example_latest_only.py
[2025-01-30 12:22:59,034] {scheduler_job.py:643} INFO - DAG(s) dict_keys(['latest_only']) retrieved from /home/airflow/.local/lib/python3.6/site-packages/airflow/example_dags/example_latest_only.py
[2025-01-30 12:23:00,829] {logging_mixin.py:104} INFO - [2025-01-30 12:23:00,828] {dag.py:1833} INFO - Sync 1 DAGs
[2025-01-30 12:23:00,836] {logging_mixin.py:104} INFO - [2025-01-30 12:23:00,836] {dag.py:1852} INFO - Creating ORM DAG for latest_only
[2025-01-30 12:23:00,841] {logging_mixin.py:104} INFO - [2025-01-30 12:23:00,840] {dag.py:2306} INFO - Setting next_dagrun for latest_only to 2025-01-28 00:00:00+00:00
[2025-01-30 12:23:00,850] {scheduler_job.py:190} INFO - Processing /home/airflow/.local/lib/python3.6/site-packages/airflow/example_dags/example_latest_only.py took 1.830 seconds
[2025-01-30 12:23:31,631] {scheduler_job.py:182} INFO - Started process (PID=512) to work on /home/airflow/.local/lib/python3.6/site-packages/airflow/example_dags/example_latest_only.py
[2025-01-30 12:23:31,632] {scheduler_job.py:633} INFO - Processing file /home/airflow/.local/lib/python3.6/site-packages/airflow/example_dags/example_latest_only.py for tasks to queue
[2025-01-30 12:23:31,633] {logging_mixin.py:104} INFO - [2025-01-30 12:23:31,633] {dagbag.py:496} INFO - Filling up the DagBag from /home/airflow/.local/lib/python3.6/site-packages/airflow/example_dags/example_latest_only.py
[2025-01-30 12:23:31,648] {scheduler_job.py:643} INFO - DAG(s) dict_keys(['latest_only']) retrieved from /home/airflow/.local/lib/python3.6/site-packages/airflow/example_dags/example_latest_only.py
[2025-01-30 12:23:31,678] {logging_mixin.py:104} INFO - [2025-01-30 12:23:31,678] {dag.py:1833} INFO - Sync 1 DAGs
[2025-01-30 12:23:31,700] {logging_mixin.py:104} INFO - [2025-01-30 12:23:31,700] {dag.py:2306} INFO - Setting next_dagrun for latest_only to 2025-01-28 00:00:00+00:00
[2025-01-30 12:23:31,739] {scheduler_job.py:190} INFO - Processing /home/airflow/.local/lib/python3.6/site-packages/airflow/example_dags/example_latest_only.py took 0.113 seconds
[2025-01-30 12:24:01,821] {scheduler_job.py:182} INFO - Started process (PID=563) to work on /home/airflow/.local/lib/python3.6/site-packages/airflow/example_dags/example_latest_only.py
[2025-01-30 12:24:01,822] {scheduler_job.py:633} INFO - Processing file /home/airflow/.local/lib/python3.6/site-packages/airflow/example_dags/example_latest_only.py for tasks to queue
[2025-01-30 12:24:01,823] {logging_mixin.py:104} INFO - [2025-01-30 12:24:01,823] {dagbag.py:496} INFO - Filling up the DagBag from /home/airflow/.local/lib/python3.6/site-packages/airflow/example_dags/example_latest_only.py
[2025-01-30 12:24:01,840] {scheduler_job.py:643} INFO - DAG(s) dict_keys(['latest_only']) retrieved from /home/airflow/.local/lib/python3.6/site-packages/airflow/example_dags/example_latest_only.py
[2025-01-30 12:24:01,869] {logging_mixin.py:104} INFO - [2025-01-30 12:24:01,868] {dag.py:1833} INFO - Sync 1 DAGs
[2025-01-30 12:24:01,889] {logging_mixin.py:104} INFO - [2025-01-30 12:24:01,889] {dag.py:2306} INFO - Setting next_dagrun for latest_only to 2025-01-28 00:00:00+00:00
[2025-01-30 12:24:01,902] {scheduler_job.py:190} INFO - Processing /home/airflow/.local/lib/python3.6/site-packages/airflow/example_dags/example_latest_only.py took 0.086 seconds
[2025-01-30 12:24:32,179] {scheduler_job.py:182} INFO - Started process (PID=623) to work on /home/airflow/.local/lib/python3.6/site-packages/airflow/example_dags/example_latest_only.py
[2025-01-30 12:24:32,181] {scheduler_job.py:633} INFO - Processing file /home/airflow/.local/lib/python3.6/site-packages/airflow/example_dags/example_latest_only.py for tasks to queue
[2025-01-30 12:24:32,182] {logging_mixin.py:104} INFO - [2025-01-30 12:24:32,182] {dagbag.py:496} INFO - Filling up the DagBag from /home/airflow/.local/lib/python3.6/site-packages/airflow/example_dags/example_latest_only.py
[2025-01-30 12:24:32,199] {scheduler_job.py:643} INFO - DAG(s) dict_keys(['latest_only']) retrieved from /home/airflow/.local/lib/python3.6/site-packages/airflow/example_dags/example_latest_only.py
[2025-01-30 12:24:32,232] {logging_mixin.py:104} INFO - [2025-01-30 12:24:32,232] {dag.py:1833} INFO - Sync 1 DAGs
[2025-01-30 12:24:32,256] {logging_mixin.py:104} INFO - [2025-01-30 12:24:32,256] {dag.py:2306} INFO - Setting next_dagrun for latest_only to 2025-01-28 00:00:00+00:00
[2025-01-30 12:24:32,270] {scheduler_job.py:190} INFO - Processing /home/airflow/.local/lib/python3.6/site-packages/airflow/example_dags/example_latest_only.py took 0.095 seconds
[2025-01-30 12:25:00,959] {scheduler_job.py:182} INFO - Started process (PID=69) to work on /home/airflow/.local/lib/python3.6/site-packages/airflow/example_dags/example_latest_only.py
[2025-01-30 12:25:00,960] {scheduler_job.py:633} INFO - Processing file /home/airflow/.local/lib/python3.6/site-packages/airflow/example_dags/example_latest_only.py for tasks to queue
[2025-01-30 12:25:00,961] {logging_mixin.py:104} INFO - [2025-01-30 12:25:00,961] {dagbag.py:496} INFO - Filling up the DagBag from /home/airflow/.local/lib/python3.6/site-packages/airflow/example_dags/example_latest_only.py
[2025-01-30 12:25:00,974] {scheduler_job.py:643} INFO - DAG(s) dict_keys(['latest_only']) retrieved from /home/airflow/.local/lib/python3.6/site-packages/airflow/example_dags/example_latest_only.py
[2025-01-30 12:25:01,001] {logging_mixin.py:104} INFO - [2025-01-30 12:25:01,001] {dag.py:1833} INFO - Sync 1 DAGs
[2025-01-30 12:25:01,020] {logging_mixin.py:104} INFO - [2025-01-30 12:25:01,019] {dag.py:2306} INFO - Setting next_dagrun for latest_only to 2025-01-28 00:00:00+00:00
[2025-01-30 12:25:01,033] {scheduler_job.py:190} INFO - Processing /home/airflow/.local/lib/python3.6/site-packages/airflow/example_dags/example_latest_only.py took 0.079 seconds
[2025-01-30 12:25:31,321] {scheduler_job.py:182} INFO - Started process (PID=120) to work on /home/airflow/.local/lib/python3.6/site-packages/airflow/example_dags/example_latest_only.py
[2025-01-30 12:25:31,322] {scheduler_job.py:633} INFO - Processing file /home/airflow/.local/lib/python3.6/site-packages/airflow/example_dags/example_latest_only.py for tasks to queue
[2025-01-30 12:25:31,323] {logging_mixin.py:104} INFO - [2025-01-30 12:25:31,323] {dagbag.py:496} INFO - Filling up the DagBag from /home/airflow/.local/lib/python3.6/site-packages/airflow/example_dags/example_latest_only.py
[2025-01-30 12:25:31,332] {scheduler_job.py:643} INFO - DAG(s) dict_keys(['latest_only']) retrieved from /home/airflow/.local/lib/python3.6/site-packages/airflow/example_dags/example_latest_only.py
[2025-01-30 12:25:31,349] {logging_mixin.py:104} INFO - [2025-01-30 12:25:31,349] {dag.py:1833} INFO - Sync 1 DAGs
[2025-01-30 12:25:31,361] {logging_mixin.py:104} INFO - [2025-01-30 12:25:31,361] {dag.py:2306} INFO - Setting next_dagrun for latest_only to 2025-01-28 00:00:00+00:00
[2025-01-30 12:25:31,370] {scheduler_job.py:190} INFO - Processing /home/airflow/.local/lib/python3.6/site-packages/airflow/example_dags/example_latest_only.py took 0.051 seconds
[2025-01-30 12:26:02,196] {scheduler_job.py:182} INFO - Started process (PID=171) to work on /home/airflow/.local/lib/python3.6/site-packages/airflow/example_dags/example_latest_only.py
[2025-01-30 12:26:02,197] {scheduler_job.py:633} INFO - Processing file /home/airflow/.local/lib/python3.6/site-packages/airflow/example_dags/example_latest_only.py for tasks to queue
[2025-01-30 12:26:02,198] {logging_mixin.py:104} INFO - [2025-01-30 12:26:02,198] {dagbag.py:496} INFO - Filling up the DagBag from /home/airflow/.local/lib/python3.6/site-packages/airflow/example_dags/example_latest_only.py
[2025-01-30 12:26:02,213] {scheduler_job.py:643} INFO - DAG(s) dict_keys(['latest_only']) retrieved from /home/airflow/.local/lib/python3.6/site-packages/airflow/example_dags/example_latest_only.py
[2025-01-30 12:26:02,240] {logging_mixin.py:104} INFO - [2025-01-30 12:26:02,240] {dag.py:1833} INFO - Sync 1 DAGs
[2025-01-30 12:26:02,261] {logging_mixin.py:104} INFO - [2025-01-30 12:26:02,261] {dag.py:2306} INFO - Setting next_dagrun for latest_only to 2025-01-28 00:00:00+00:00
[2025-01-30 12:26:02,273] {scheduler_job.py:190} INFO - Processing /home/airflow/.local/lib/python3.6/site-packages/airflow/example_dags/example_latest_only.py took 0.082 seconds
[2025-01-30 12:26:33,062] {scheduler_job.py:182} INFO - Started process (PID=232) to work on /home/airflow/.local/lib/python3.6/site-packages/airflow/example_dags/example_latest_only.py
[2025-01-30 12:26:33,063] {scheduler_job.py:633} INFO - Processing file /home/airflow/.local/lib/python3.6/site-packages/airflow/example_dags/example_latest_only.py for tasks to queue
[2025-01-30 12:26:33,064] {logging_mixin.py:104} INFO - [2025-01-30 12:26:33,064] {dagbag.py:496} INFO - Filling up the DagBag from /home/airflow/.local/lib/python3.6/site-packages/airflow/example_dags/example_latest_only.py
[2025-01-30 12:26:33,079] {scheduler_job.py:643} INFO - DAG(s) dict_keys(['latest_only']) retrieved from /home/airflow/.local/lib/python3.6/site-packages/airflow/example_dags/example_latest_only.py
[2025-01-30 12:26:33,105] {logging_mixin.py:104} INFO - [2025-01-30 12:26:33,105] {dag.py:1833} INFO - Sync 1 DAGs
[2025-01-30 12:26:33,124] {logging_mixin.py:104} INFO - [2025-01-30 12:26:33,124] {dag.py:2306} INFO - Setting next_dagrun for latest_only to 2025-01-28 00:00:00+00:00
[2025-01-30 12:26:33,135] {scheduler_job.py:190} INFO - Processing /home/airflow/.local/lib/python3.6/site-packages/airflow/example_dags/example_latest_only.py took 0.078 seconds
[2025-01-30 12:27:03,829] {scheduler_job.py:182} INFO - Started process (PID=283) to work on /home/airflow/.local/lib/python3.6/site-packages/airflow/example_dags/example_latest_only.py
[2025-01-30 12:27:03,830] {scheduler_job.py:633} INFO - Processing file /home/airflow/.local/lib/python3.6/site-packages/airflow/example_dags/example_latest_only.py for tasks to queue
[2025-01-30 12:27:03,830] {logging_mixin.py:104} INFO - [2025-01-30 12:27:03,830] {dagbag.py:496} INFO - Filling up the DagBag from /home/airflow/.local/lib/python3.6/site-packages/airflow/example_dags/example_latest_only.py
[2025-01-30 12:27:03,845] {scheduler_job.py:643} INFO - DAG(s) dict_keys(['latest_only']) retrieved from /home/airflow/.local/lib/python3.6/site-packages/airflow/example_dags/example_latest_only.py
[2025-01-30 12:27:03,873] {logging_mixin.py:104} INFO - [2025-01-30 12:27:03,873] {dag.py:1833} INFO - Sync 1 DAGs
[2025-01-30 12:27:03,893] {logging_mixin.py:104} INFO - [2025-01-30 12:27:03,892] {dag.py:2306} INFO - Setting next_dagrun for latest_only to 2025-01-28 00:00:00+00:00
[2025-01-30 12:27:03,906] {scheduler_job.py:190} INFO - Processing /home/airflow/.local/lib/python3.6/site-packages/airflow/example_dags/example_latest_only.py took 0.082 seconds
[2025-01-30 12:27:34,668] {scheduler_job.py:182} INFO - Started process (PID=334) to work on /home/airflow/.local/lib/python3.6/site-packages/airflow/example_dags/example_latest_only.py
[2025-01-30 12:27:34,670] {scheduler_job.py:633} INFO - Processing file /home/airflow/.local/lib/python3.6/site-packages/airflow/example_dags/example_latest_only.py for tasks to queue
[2025-01-30 12:27:34,671] {logging_mixin.py:104} INFO - [2025-01-30 12:27:34,671] {dagbag.py:496} INFO - Filling up the DagBag from /home/airflow/.local/lib/python3.6/site-packages/airflow/example_dags/example_latest_only.py
[2025-01-30 12:27:34,685] {scheduler_job.py:643} INFO - DAG(s) dict_keys(['latest_only']) retrieved from /home/airflow/.local/lib/python3.6/site-packages/airflow/example_dags/example_latest_only.py
[2025-01-30 12:27:34,711] {logging_mixin.py:104} INFO - [2025-01-30 12:27:34,711] {dag.py:1833} INFO - Sync 1 DAGs
[2025-01-30 12:27:34,731] {logging_mixin.py:104} INFO - [2025-01-30 12:27:34,731] {dag.py:2306} INFO - Setting next_dagrun for latest_only to 2025-01-28 00:00:00+00:00
[2025-01-30 12:27:34,742] {scheduler_job.py:190} INFO - Processing /home/airflow/.local/lib/python3.6/site-packages/airflow/example_dags/example_latest_only.py took 0.078 seconds
[2025-01-30 12:28:05,385] {scheduler_job.py:182} INFO - Started process (PID=395) to work on /home/airflow/.local/lib/python3.6/site-packages/airflow/example_dags/example_latest_only.py
[2025-01-30 12:28:05,386] {scheduler_job.py:633} INFO - Processing file /home/airflow/.local/lib/python3.6/site-packages/airflow/example_dags/example_latest_only.py for tasks to queue
[2025-01-30 12:28:05,387] {logging_mixin.py:104} INFO - [2025-01-30 12:28:05,387] {dagbag.py:496} INFO - Filling up the DagBag from /home/airflow/.local/lib/python3.6/site-packages/airflow/example_dags/example_latest_only.py
[2025-01-30 12:28:05,401] {scheduler_job.py:643} INFO - DAG(s) dict_keys(['latest_only']) retrieved from /home/airflow/.local/lib/python3.6/site-packages/airflow/example_dags/example_latest_only.py
[2025-01-30 12:28:05,428] {logging_mixin.py:104} INFO - [2025-01-30 12:28:05,427] {dag.py:1833} INFO - Sync 1 DAGs
[2025-01-30 12:28:05,446] {logging_mixin.py:104} INFO - [2025-01-30 12:28:05,446] {dag.py:2306} INFO - Setting next_dagrun for latest_only to 2025-01-28 00:00:00+00:00
[2025-01-30 12:28:05,458] {scheduler_job.py:190} INFO - Processing /home/airflow/.local/lib/python3.6/site-packages/airflow/example_dags/example_latest_only.py took 0.077 seconds
[2025-01-30 12:28:35,961] {scheduler_job.py:182} INFO - Started process (PID=446) to work on /home/airflow/.local/lib/python3.6/site-packages/airflow/example_dags/example_latest_only.py
[2025-01-30 12:28:35,962] {scheduler_job.py:633} INFO - Processing file /home/airflow/.local/lib/python3.6/site-packages/airflow/example_dags/example_latest_only.py for tasks to queue
[2025-01-30 12:28:35,963] {logging_mixin.py:104} INFO - [2025-01-30 12:28:35,963] {dagbag.py:496} INFO - Filling up the DagBag from /home/airflow/.local/lib/python3.6/site-packages/airflow/example_dags/example_latest_only.py
[2025-01-30 12:28:35,979] {scheduler_job.py:643} INFO - DAG(s) dict_keys(['latest_only']) retrieved from /home/airflow/.local/lib/python3.6/site-packages/airflow/example_dags/example_latest_only.py
[2025-01-30 12:28:36,008] {logging_mixin.py:104} INFO - [2025-01-30 12:28:36,008] {dag.py:1833} INFO - Sync 1 DAGs
[2025-01-30 12:28:36,031] {logging_mixin.py:104} INFO - [2025-01-30 12:28:36,031] {dag.py:2306} INFO - Setting next_dagrun for latest_only to 2025-01-28 00:00:00+00:00
[2025-01-30 12:28:36,045] {scheduler_job.py:190} INFO - Processing /home/airflow/.local/lib/python3.6/site-packages/airflow/example_dags/example_latest_only.py took 0.089 seconds
[2025-01-30 12:29:06,556] {scheduler_job.py:182} INFO - Started process (PID=504) to work on /home/airflow/.local/lib/python3.6/site-packages/airflow/example_dags/example_latest_only.py
[2025-01-30 12:29:06,557] {scheduler_job.py:633} INFO - Processing file /home/airflow/.local/lib/python3.6/site-packages/airflow/example_dags/example_latest_only.py for tasks to queue
[2025-01-30 12:29:06,558] {logging_mixin.py:104} INFO - [2025-01-30 12:29:06,558] {dagbag.py:496} INFO - Filling up the DagBag from /home/airflow/.local/lib/python3.6/site-packages/airflow/example_dags/example_latest_only.py
[2025-01-30 12:29:06,574] {scheduler_job.py:643} INFO - DAG(s) dict_keys(['latest_only']) retrieved from /home/airflow/.local/lib/python3.6/site-packages/airflow/example_dags/example_latest_only.py
[2025-01-30 12:29:06,607] {logging_mixin.py:104} INFO - [2025-01-30 12:29:06,607] {dag.py:1833} INFO - Sync 1 DAGs
[2025-01-30 12:29:06,629] {logging_mixin.py:104} INFO - [2025-01-30 12:29:06,628] {dag.py:2306} INFO - Setting next_dagrun for latest_only to 2025-01-28 00:00:00+00:00
[2025-01-30 12:29:06,641] {scheduler_job.py:190} INFO - Processing /home/airflow/.local/lib/python3.6/site-packages/airflow/example_dags/example_latest_only.py took 0.090 seconds
[2025-01-30 12:29:37,538] {scheduler_job.py:182} INFO - Started process (PID=558) to work on /home/airflow/.local/lib/python3.6/site-packages/airflow/example_dags/example_latest_only.py
[2025-01-30 12:29:37,540] {scheduler_job.py:633} INFO - Processing file /home/airflow/.local/lib/python3.6/site-packages/airflow/example_dags/example_latest_only.py for tasks to queue
[2025-01-30 12:29:37,540] {logging_mixin.py:104} INFO - [2025-01-30 12:29:37,540] {dagbag.py:496} INFO - Filling up the DagBag from /home/airflow/.local/lib/python3.6/site-packages/airflow/example_dags/example_latest_only.py
[2025-01-30 12:29:37,556] {scheduler_job.py:643} INFO - DAG(s) dict_keys(['latest_only']) retrieved from /home/airflow/.local/lib/python3.6/site-packages/airflow/example_dags/example_latest_only.py
[2025-01-30 12:29:37,585] {logging_mixin.py:104} INFO - [2025-01-30 12:29:37,584] {dag.py:1833} INFO - Sync 1 DAGs
[2025-01-30 12:29:37,606] {logging_mixin.py:104} INFO - [2025-01-30 12:29:37,606] {dag.py:2306} INFO - Setting next_dagrun for latest_only to 2025-01-28 00:00:00+00:00
[2025-01-30 12:29:37,618] {scheduler_job.py:190} INFO - Processing /home/airflow/.local/lib/python3.6/site-packages/airflow/example_dags/example_latest_only.py took 0.084 seconds
[2025-01-30 12:30:08,293] {scheduler_job.py:182} INFO - Started process (PID=609) to work on /home/airflow/.local/lib/python3.6/site-packages/airflow/example_dags/example_latest_only.py
[2025-01-30 12:30:08,294] {scheduler_job.py:633} INFO - Processing file /home/airflow/.local/lib/python3.6/site-packages/airflow/example_dags/example_latest_only.py for tasks to queue
[2025-01-30 12:30:08,295] {logging_mixin.py:104} INFO - [2025-01-30 12:30:08,295] {dagbag.py:496} INFO - Filling up the DagBag from /home/airflow/.local/lib/python3.6/site-packages/airflow/example_dags/example_latest_only.py
[2025-01-30 12:30:08,310] {scheduler_job.py:643} INFO - DAG(s) dict_keys(['latest_only']) retrieved from /home/airflow/.local/lib/python3.6/site-packages/airflow/example_dags/example_latest_only.py
[2025-01-30 12:30:08,338] {logging_mixin.py:104} INFO - [2025-01-30 12:30:08,338] {dag.py:1833} INFO - Sync 1 DAGs
[2025-01-30 12:30:08,358] {logging_mixin.py:104} INFO - [2025-01-30 12:30:08,358] {dag.py:2306} INFO - Setting next_dagrun for latest_only to 2025-01-28 00:00:00+00:00
[2025-01-30 12:30:08,371] {scheduler_job.py:190} INFO - Processing /home/airflow/.local/lib/python3.6/site-packages/airflow/example_dags/example_latest_only.py took 0.082 seconds
[2025-01-30 12:30:38,896] {scheduler_job.py:182} INFO - Started process (PID=670) to work on /home/airflow/.local/lib/python3.6/site-packages/airflow/example_dags/example_latest_only.py
[2025-01-30 12:30:38,897] {scheduler_job.py:633} INFO - Processing file /home/airflow/.local/lib/python3.6/site-packages/airflow/example_dags/example_latest_only.py for tasks to queue
[2025-01-30 12:30:38,898] {logging_mixin.py:104} INFO - [2025-01-30 12:30:38,898] {dagbag.py:496} INFO - Filling up the DagBag from /home/airflow/.local/lib/python3.6/site-packages/airflow/example_dags/example_latest_only.py
[2025-01-30 12:30:38,913] {scheduler_job.py:643} INFO - DAG(s) dict_keys(['latest_only']) retrieved from /home/airflow/.local/lib/python3.6/site-packages/airflow/example_dags/example_latest_only.py
[2025-01-30 12:30:38,940] {logging_mixin.py:104} INFO - [2025-01-30 12:30:38,940] {dag.py:1833} INFO - Sync 1 DAGs
[2025-01-30 12:30:38,960] {logging_mixin.py:104} INFO - [2025-01-30 12:30:38,960] {dag.py:2306} INFO - Setting next_dagrun for latest_only to 2025-01-28 00:00:00+00:00
[2025-01-30 12:30:38,972] {scheduler_job.py:190} INFO - Processing /home/airflow/.local/lib/python3.6/site-packages/airflow/example_dags/example_latest_only.py took 0.080 seconds
[2025-01-30 12:31:09,557] {scheduler_job.py:182} INFO - Started process (PID=721) to work on /home/airflow/.local/lib/python3.6/site-packages/airflow/example_dags/example_latest_only.py
[2025-01-30 12:31:09,558] {scheduler_job.py:633} INFO - Processing file /home/airflow/.local/lib/python3.6/site-packages/airflow/example_dags/example_latest_only.py for tasks to queue
[2025-01-30 12:31:09,559] {logging_mixin.py:104} INFO - [2025-01-30 12:31:09,559] {dagbag.py:496} INFO - Filling up the DagBag from /home/airflow/.local/lib/python3.6/site-packages/airflow/example_dags/example_latest_only.py
[2025-01-30 12:31:09,575] {scheduler_job.py:643} INFO - DAG(s) dict_keys(['latest_only']) retrieved from /home/airflow/.local/lib/python3.6/site-packages/airflow/example_dags/example_latest_only.py
[2025-01-30 12:31:09,604] {logging_mixin.py:104} INFO - [2025-01-30 12:31:09,603] {dag.py:1833} INFO - Sync 1 DAGs
[2025-01-30 12:31:09,623] {logging_mixin.py:104} INFO - [2025-01-30 12:31:09,623] {dag.py:2306} INFO - Setting next_dagrun for latest_only to 2025-01-28 00:00:00+00:00
[2025-01-30 12:31:09,636] {scheduler_job.py:190} INFO - Processing /home/airflow/.local/lib/python3.6/site-packages/airflow/example_dags/example_latest_only.py took 0.083 seconds
[2025-01-30 12:31:40,611] {scheduler_job.py:182} INFO - Started process (PID=772) to work on /home/airflow/.local/lib/python3.6/site-packages/airflow/example_dags/example_latest_only.py
[2025-01-30 12:31:40,612] {scheduler_job.py:633} INFO - Processing file /home/airflow/.local/lib/python3.6/site-packages/airflow/example_dags/example_latest_only.py for tasks to queue
[2025-01-30 12:31:40,613] {logging_mixin.py:104} INFO - [2025-01-30 12:31:40,613] {dagbag.py:496} INFO - Filling up the DagBag from /home/airflow/.local/lib/python3.6/site-packages/airflow/example_dags/example_latest_only.py
[2025-01-30 12:31:40,627] {scheduler_job.py:643} INFO - DAG(s) dict_keys(['latest_only']) retrieved from /home/airflow/.local/lib/python3.6/site-packages/airflow/example_dags/example_latest_only.py
[2025-01-30 12:31:40,654] {logging_mixin.py:104} INFO - [2025-01-30 12:31:40,654] {dag.py:1833} INFO - Sync 1 DAGs
[2025-01-30 12:31:40,672] {logging_mixin.py:104} INFO - [2025-01-30 12:31:40,672] {dag.py:2306} INFO - Setting next_dagrun for latest_only to 2025-01-28 00:00:00+00:00
[2025-01-30 12:31:40,683] {scheduler_job.py:190} INFO - Processing /home/airflow/.local/lib/python3.6/site-packages/airflow/example_dags/example_latest_only.py took 0.076 seconds
[2025-01-30 12:32:11,461] {scheduler_job.py:182} INFO - Started process (PID=833) to work on /home/airflow/.local/lib/python3.6/site-packages/airflow/example_dags/example_latest_only.py
[2025-01-30 12:32:11,462] {scheduler_job.py:633} INFO - Processing file /home/airflow/.local/lib/python3.6/site-packages/airflow/example_dags/example_latest_only.py for tasks to queue
[2025-01-30 12:32:11,463] {logging_mixin.py:104} INFO - [2025-01-30 12:32:11,463] {dagbag.py:496} INFO - Filling up the DagBag from /home/airflow/.local/lib/python3.6/site-packages/airflow/example_dags/example_latest_only.py
[2025-01-30 12:32:11,477] {scheduler_job.py:643} INFO - DAG(s) dict_keys(['latest_only']) retrieved from /home/airflow/.local/lib/python3.6/site-packages/airflow/example_dags/example_latest_only.py
[2025-01-30 12:32:11,505] {logging_mixin.py:104} INFO - [2025-01-30 12:32:11,505] {dag.py:1833} INFO - Sync 1 DAGs
[2025-01-30 12:32:11,525] {logging_mixin.py:104} INFO - [2025-01-30 12:32:11,525] {dag.py:2306} INFO - Setting next_dagrun for latest_only to 2025-01-28 00:00:00+00:00
[2025-01-30 12:32:11,537] {scheduler_job.py:190} INFO - Processing /home/airflow/.local/lib/python3.6/site-packages/airflow/example_dags/example_latest_only.py took 0.080 seconds
[2025-01-30 12:32:42,270] {scheduler_job.py:182} INFO - Started process (PID=884) to work on /home/airflow/.local/lib/python3.6/site-packages/airflow/example_dags/example_latest_only.py
[2025-01-30 12:32:42,272] {scheduler_job.py:633} INFO - Processing file /home/airflow/.local/lib/python3.6/site-packages/airflow/example_dags/example_latest_only.py for tasks to queue
[2025-01-30 12:32:42,272] {logging_mixin.py:104} INFO - [2025-01-30 12:32:42,272] {dagbag.py:496} INFO - Filling up the DagBag from /home/airflow/.local/lib/python3.6/site-packages/airflow/example_dags/example_latest_only.py
[2025-01-30 12:32:42,287] {scheduler_job.py:643} INFO - DAG(s) dict_keys(['latest_only']) retrieved from /home/airflow/.local/lib/python3.6/site-packages/airflow/example_dags/example_latest_only.py
[2025-01-30 12:32:42,315] {logging_mixin.py:104} INFO - [2025-01-30 12:32:42,315] {dag.py:1833} INFO - Sync 1 DAGs
[2025-01-30 12:32:42,335] {logging_mixin.py:104} INFO - [2025-01-30 12:32:42,335] {dag.py:2306} INFO - Setting next_dagrun for latest_only to 2025-01-28 00:00:00+00:00
[2025-01-30 12:32:42,346] {scheduler_job.py:190} INFO - Processing /home/airflow/.local/lib/python3.6/site-packages/airflow/example_dags/example_latest_only.py took 0.080 seconds
[2025-01-30 12:33:12,732] {scheduler_job.py:182} INFO - Started process (PID=935) to work on /home/airflow/.local/lib/python3.6/site-packages/airflow/example_dags/example_latest_only.py
[2025-01-30 12:33:12,734] {scheduler_job.py:633} INFO - Processing file /home/airflow/.local/lib/python3.6/site-packages/airflow/example_dags/example_latest_only.py for tasks to queue
[2025-01-30 12:33:12,734] {logging_mixin.py:104} INFO - [2025-01-30 12:33:12,734] {dagbag.py:496} INFO - Filling up the DagBag from /home/airflow/.local/lib/python3.6/site-packages/airflow/example_dags/example_latest_only.py
[2025-01-30 12:33:12,750] {scheduler_job.py:643} INFO - DAG(s) dict_keys(['latest_only']) retrieved from /home/airflow/.local/lib/python3.6/site-packages/airflow/example_dags/example_latest_only.py
[2025-01-30 12:33:12,782] {logging_mixin.py:104} INFO - [2025-01-30 12:33:12,782] {dag.py:1833} INFO - Sync 1 DAGs
[2025-01-30 12:33:12,804] {logging_mixin.py:104} INFO - [2025-01-30 12:33:12,804] {dag.py:2306} INFO - Setting next_dagrun for latest_only to 2025-01-28 00:00:00+00:00
[2025-01-30 12:33:12,820] {scheduler_job.py:190} INFO - Processing /home/airflow/.local/lib/python3.6/site-packages/airflow/example_dags/example_latest_only.py took 0.093 seconds
[2025-01-30 12:33:43,357] {scheduler_job.py:182} INFO - Started process (PID=996) to work on /home/airflow/.local/lib/python3.6/site-packages/airflow/example_dags/example_latest_only.py
[2025-01-30 12:33:43,359] {scheduler_job.py:633} INFO - Processing file /home/airflow/.local/lib/python3.6/site-packages/airflow/example_dags/example_latest_only.py for tasks to queue
[2025-01-30 12:33:43,360] {logging_mixin.py:104} INFO - [2025-01-30 12:33:43,359] {dagbag.py:496} INFO - Filling up the DagBag from /home/airflow/.local/lib/python3.6/site-packages/airflow/example_dags/example_latest_only.py
[2025-01-30 12:33:43,374] {scheduler_job.py:643} INFO - DAG(s) dict_keys(['latest_only']) retrieved from /home/airflow/.local/lib/python3.6/site-packages/airflow/example_dags/example_latest_only.py
[2025-01-30 12:33:43,401] {logging_mixin.py:104} INFO - [2025-01-30 12:33:43,400] {dag.py:1833} INFO - Sync 1 DAGs
[2025-01-30 12:33:43,421] {logging_mixin.py:104} INFO - [2025-01-30 12:33:43,421] {dag.py:2306} INFO - Setting next_dagrun for latest_only to 2025-01-28 00:00:00+00:00
[2025-01-30 12:33:43,434] {scheduler_job.py:190} INFO - Processing /home/airflow/.local/lib/python3.6/site-packages/airflow/example_dags/example_latest_only.py took 0.080 seconds
