[2025-01-30 12:22:43,129] {scheduler_job.py:182} INFO - Started process (PID=184) to work on /home/airflow/.local/lib/python3.6/site-packages/airflow/example_dags/tutorial_etl_dag.py
[2025-01-30 12:22:43,130] {scheduler_job.py:633} INFO - Processing file /home/airflow/.local/lib/python3.6/site-packages/airflow/example_dags/tutorial_etl_dag.py for tasks to queue
[2025-01-30 12:22:43,130] {logging_mixin.py:104} INFO - [2025-01-30 12:22:43,130] {dagbag.py:496} INFO - Filling up the DagBag from /home/airflow/.local/lib/python3.6/site-packages/airflow/example_dags/tutorial_etl_dag.py
[2025-01-30 12:22:43,143] {scheduler_job.py:643} INFO - DAG(s) dict_keys(['tutorial_etl_dag']) retrieved from /home/airflow/.local/lib/python3.6/site-packages/airflow/example_dags/tutorial_etl_dag.py
[2025-01-30 12:22:44,963] {logging_mixin.py:104} INFO - [2025-01-30 12:22:44,962] {dag.py:1833} INFO - Sync 1 DAGs
[2025-01-30 12:22:44,970] {logging_mixin.py:104} INFO - [2025-01-30 12:22:44,970] {dag.py:1852} INFO - Creating ORM DAG for tutorial_etl_dag
[2025-01-30 12:22:44,975] {logging_mixin.py:104} INFO - [2025-01-30 12:22:44,974] {dag.py:2306} INFO - Setting next_dagrun for tutorial_etl_dag to None
[2025-01-30 12:22:44,986] {scheduler_job.py:190} INFO - Processing /home/airflow/.local/lib/python3.6/site-packages/airflow/example_dags/tutorial_etl_dag.py took 1.860 seconds
[2025-01-30 12:23:15,468] {scheduler_job.py:182} INFO - Started process (PID=485) to work on /home/airflow/.local/lib/python3.6/site-packages/airflow/example_dags/tutorial_etl_dag.py
[2025-01-30 12:23:15,469] {scheduler_job.py:633} INFO - Processing file /home/airflow/.local/lib/python3.6/site-packages/airflow/example_dags/tutorial_etl_dag.py for tasks to queue
[2025-01-30 12:23:15,470] {logging_mixin.py:104} INFO - [2025-01-30 12:23:15,470] {dagbag.py:496} INFO - Filling up the DagBag from /home/airflow/.local/lib/python3.6/site-packages/airflow/example_dags/tutorial_etl_dag.py
[2025-01-30 12:23:15,488] {scheduler_job.py:643} INFO - DAG(s) dict_keys(['tutorial_etl_dag']) retrieved from /home/airflow/.local/lib/python3.6/site-packages/airflow/example_dags/tutorial_etl_dag.py
[2025-01-30 12:23:15,516] {logging_mixin.py:104} INFO - [2025-01-30 12:23:15,516] {dag.py:1833} INFO - Sync 1 DAGs
[2025-01-30 12:23:15,536] {logging_mixin.py:104} INFO - [2025-01-30 12:23:15,536] {dag.py:2306} INFO - Setting next_dagrun for tutorial_etl_dag to None
[2025-01-30 12:23:15,579] {scheduler_job.py:190} INFO - Processing /home/airflow/.local/lib/python3.6/site-packages/airflow/example_dags/tutorial_etl_dag.py took 0.114 seconds
[2025-01-30 12:23:45,794] {scheduler_job.py:182} INFO - Started process (PID=536) to work on /home/airflow/.local/lib/python3.6/site-packages/airflow/example_dags/tutorial_etl_dag.py
[2025-01-30 12:23:45,796] {scheduler_job.py:633} INFO - Processing file /home/airflow/.local/lib/python3.6/site-packages/airflow/example_dags/tutorial_etl_dag.py for tasks to queue
[2025-01-30 12:23:45,797] {logging_mixin.py:104} INFO - [2025-01-30 12:23:45,796] {dagbag.py:496} INFO - Filling up the DagBag from /home/airflow/.local/lib/python3.6/site-packages/airflow/example_dags/tutorial_etl_dag.py
[2025-01-30 12:23:45,816] {scheduler_job.py:643} INFO - DAG(s) dict_keys(['tutorial_etl_dag']) retrieved from /home/airflow/.local/lib/python3.6/site-packages/airflow/example_dags/tutorial_etl_dag.py
[2025-01-30 12:23:45,846] {logging_mixin.py:104} INFO - [2025-01-30 12:23:45,846] {dag.py:1833} INFO - Sync 1 DAGs
[2025-01-30 12:23:45,868] {logging_mixin.py:104} INFO - [2025-01-30 12:23:45,867] {dag.py:2306} INFO - Setting next_dagrun for tutorial_etl_dag to None
[2025-01-30 12:23:45,882] {scheduler_job.py:190} INFO - Processing /home/airflow/.local/lib/python3.6/site-packages/airflow/example_dags/tutorial_etl_dag.py took 0.092 seconds
[2025-01-30 12:24:15,947] {scheduler_job.py:182} INFO - Started process (PID=587) to work on /home/airflow/.local/lib/python3.6/site-packages/airflow/example_dags/tutorial_etl_dag.py
[2025-01-30 12:24:15,948] {scheduler_job.py:633} INFO - Processing file /home/airflow/.local/lib/python3.6/site-packages/airflow/example_dags/tutorial_etl_dag.py for tasks to queue
[2025-01-30 12:24:15,949] {logging_mixin.py:104} INFO - [2025-01-30 12:24:15,949] {dagbag.py:496} INFO - Filling up the DagBag from /home/airflow/.local/lib/python3.6/site-packages/airflow/example_dags/tutorial_etl_dag.py
[2025-01-30 12:24:15,967] {scheduler_job.py:643} INFO - DAG(s) dict_keys(['tutorial_etl_dag']) retrieved from /home/airflow/.local/lib/python3.6/site-packages/airflow/example_dags/tutorial_etl_dag.py
[2025-01-30 12:24:15,999] {logging_mixin.py:104} INFO - [2025-01-30 12:24:15,998] {dag.py:1833} INFO - Sync 1 DAGs
[2025-01-30 12:24:16,021] {logging_mixin.py:104} INFO - [2025-01-30 12:24:16,021] {dag.py:2306} INFO - Setting next_dagrun for tutorial_etl_dag to None
[2025-01-30 12:24:16,064] {scheduler_job.py:190} INFO - Processing /home/airflow/.local/lib/python3.6/site-packages/airflow/example_dags/tutorial_etl_dag.py took 0.121 seconds
[2025-01-30 12:24:59,250] {scheduler_job.py:182} INFO - Started process (PID=48) to work on /home/airflow/.local/lib/python3.6/site-packages/airflow/example_dags/tutorial_etl_dag.py
[2025-01-30 12:24:59,252] {scheduler_job.py:633} INFO - Processing file /home/airflow/.local/lib/python3.6/site-packages/airflow/example_dags/tutorial_etl_dag.py for tasks to queue
[2025-01-30 12:24:59,253] {logging_mixin.py:104} INFO - [2025-01-30 12:24:59,253] {dagbag.py:496} INFO - Filling up the DagBag from /home/airflow/.local/lib/python3.6/site-packages/airflow/example_dags/tutorial_etl_dag.py
[2025-01-30 12:24:59,272] {scheduler_job.py:643} INFO - DAG(s) dict_keys(['tutorial_etl_dag']) retrieved from /home/airflow/.local/lib/python3.6/site-packages/airflow/example_dags/tutorial_etl_dag.py
[2025-01-30 12:24:59,305] {logging_mixin.py:104} INFO - [2025-01-30 12:24:59,304] {dag.py:1833} INFO - Sync 1 DAGs
[2025-01-30 12:24:59,328] {logging_mixin.py:104} INFO - [2025-01-30 12:24:59,328] {dag.py:2306} INFO - Setting next_dagrun for tutorial_etl_dag to None
[2025-01-30 12:24:59,343] {scheduler_job.py:190} INFO - Processing /home/airflow/.local/lib/python3.6/site-packages/airflow/example_dags/tutorial_etl_dag.py took 0.098 seconds
[2025-01-30 12:25:30,162] {scheduler_job.py:182} INFO - Started process (PID=103) to work on /home/airflow/.local/lib/python3.6/site-packages/airflow/example_dags/tutorial_etl_dag.py
[2025-01-30 12:25:30,163] {scheduler_job.py:633} INFO - Processing file /home/airflow/.local/lib/python3.6/site-packages/airflow/example_dags/tutorial_etl_dag.py for tasks to queue
[2025-01-30 12:25:30,164] {logging_mixin.py:104} INFO - [2025-01-30 12:25:30,164] {dagbag.py:496} INFO - Filling up the DagBag from /home/airflow/.local/lib/python3.6/site-packages/airflow/example_dags/tutorial_etl_dag.py
[2025-01-30 12:25:30,178] {scheduler_job.py:643} INFO - DAG(s) dict_keys(['tutorial_etl_dag']) retrieved from /home/airflow/.local/lib/python3.6/site-packages/airflow/example_dags/tutorial_etl_dag.py
[2025-01-30 12:25:30,202] {logging_mixin.py:104} INFO - [2025-01-30 12:25:30,202] {dag.py:1833} INFO - Sync 1 DAGs
[2025-01-30 12:25:30,219] {logging_mixin.py:104} INFO - [2025-01-30 12:25:30,219] {dag.py:2306} INFO - Setting next_dagrun for tutorial_etl_dag to None
[2025-01-30 12:25:30,231] {scheduler_job.py:190} INFO - Processing /home/airflow/.local/lib/python3.6/site-packages/airflow/example_dags/tutorial_etl_dag.py took 0.073 seconds
[2025-01-30 12:26:00,783] {scheduler_job.py:182} INFO - Started process (PID=154) to work on /home/airflow/.local/lib/python3.6/site-packages/airflow/example_dags/tutorial_etl_dag.py
[2025-01-30 12:26:00,784] {scheduler_job.py:633} INFO - Processing file /home/airflow/.local/lib/python3.6/site-packages/airflow/example_dags/tutorial_etl_dag.py for tasks to queue
[2025-01-30 12:26:00,785] {logging_mixin.py:104} INFO - [2025-01-30 12:26:00,785] {dagbag.py:496} INFO - Filling up the DagBag from /home/airflow/.local/lib/python3.6/site-packages/airflow/example_dags/tutorial_etl_dag.py
[2025-01-30 12:26:00,804] {scheduler_job.py:643} INFO - DAG(s) dict_keys(['tutorial_etl_dag']) retrieved from /home/airflow/.local/lib/python3.6/site-packages/airflow/example_dags/tutorial_etl_dag.py
[2025-01-30 12:26:00,836] {logging_mixin.py:104} INFO - [2025-01-30 12:26:00,836] {dag.py:1833} INFO - Sync 1 DAGs
[2025-01-30 12:26:00,861] {logging_mixin.py:104} INFO - [2025-01-30 12:26:00,861] {dag.py:2306} INFO - Setting next_dagrun for tutorial_etl_dag to None
[2025-01-30 12:26:00,877] {scheduler_job.py:190} INFO - Processing /home/airflow/.local/lib/python3.6/site-packages/airflow/example_dags/tutorial_etl_dag.py took 0.099 seconds
[2025-01-30 12:26:31,593] {scheduler_job.py:182} INFO - Started process (PID=214) to work on /home/airflow/.local/lib/python3.6/site-packages/airflow/example_dags/tutorial_etl_dag.py
[2025-01-30 12:26:31,595] {scheduler_job.py:633} INFO - Processing file /home/airflow/.local/lib/python3.6/site-packages/airflow/example_dags/tutorial_etl_dag.py for tasks to queue
[2025-01-30 12:26:31,596] {logging_mixin.py:104} INFO - [2025-01-30 12:26:31,595] {dagbag.py:496} INFO - Filling up the DagBag from /home/airflow/.local/lib/python3.6/site-packages/airflow/example_dags/tutorial_etl_dag.py
[2025-01-30 12:26:31,614] {scheduler_job.py:643} INFO - DAG(s) dict_keys(['tutorial_etl_dag']) retrieved from /home/airflow/.local/lib/python3.6/site-packages/airflow/example_dags/tutorial_etl_dag.py
[2025-01-30 12:26:31,644] {logging_mixin.py:104} INFO - [2025-01-30 12:26:31,644] {dag.py:1833} INFO - Sync 1 DAGs
[2025-01-30 12:26:31,668] {logging_mixin.py:104} INFO - [2025-01-30 12:26:31,668] {dag.py:2306} INFO - Setting next_dagrun for tutorial_etl_dag to None
[2025-01-30 12:26:31,685] {scheduler_job.py:190} INFO - Processing /home/airflow/.local/lib/python3.6/site-packages/airflow/example_dags/tutorial_etl_dag.py took 0.096 seconds
[2025-01-30 12:27:02,473] {scheduler_job.py:182} INFO - Started process (PID=266) to work on /home/airflow/.local/lib/python3.6/site-packages/airflow/example_dags/tutorial_etl_dag.py
[2025-01-30 12:27:02,474] {scheduler_job.py:633} INFO - Processing file /home/airflow/.local/lib/python3.6/site-packages/airflow/example_dags/tutorial_etl_dag.py for tasks to queue
[2025-01-30 12:27:02,475] {logging_mixin.py:104} INFO - [2025-01-30 12:27:02,475] {dagbag.py:496} INFO - Filling up the DagBag from /home/airflow/.local/lib/python3.6/site-packages/airflow/example_dags/tutorial_etl_dag.py
[2025-01-30 12:27:02,495] {scheduler_job.py:643} INFO - DAG(s) dict_keys(['tutorial_etl_dag']) retrieved from /home/airflow/.local/lib/python3.6/site-packages/airflow/example_dags/tutorial_etl_dag.py
[2025-01-30 12:27:02,525] {logging_mixin.py:104} INFO - [2025-01-30 12:27:02,525] {dag.py:1833} INFO - Sync 1 DAGs
[2025-01-30 12:27:02,547] {logging_mixin.py:104} INFO - [2025-01-30 12:27:02,547] {dag.py:2306} INFO - Setting next_dagrun for tutorial_etl_dag to None
[2025-01-30 12:27:02,561] {scheduler_job.py:190} INFO - Processing /home/airflow/.local/lib/python3.6/site-packages/airflow/example_dags/tutorial_etl_dag.py took 0.093 seconds
[2025-01-30 12:27:33,069] {scheduler_job.py:182} INFO - Started process (PID=317) to work on /home/airflow/.local/lib/python3.6/site-packages/airflow/example_dags/tutorial_etl_dag.py
[2025-01-30 12:27:33,071] {scheduler_job.py:633} INFO - Processing file /home/airflow/.local/lib/python3.6/site-packages/airflow/example_dags/tutorial_etl_dag.py for tasks to queue
[2025-01-30 12:27:33,072] {logging_mixin.py:104} INFO - [2025-01-30 12:27:33,072] {dagbag.py:496} INFO - Filling up the DagBag from /home/airflow/.local/lib/python3.6/site-packages/airflow/example_dags/tutorial_etl_dag.py
[2025-01-30 12:27:33,088] {scheduler_job.py:643} INFO - DAG(s) dict_keys(['tutorial_etl_dag']) retrieved from /home/airflow/.local/lib/python3.6/site-packages/airflow/example_dags/tutorial_etl_dag.py
[2025-01-30 12:27:33,118] {logging_mixin.py:104} INFO - [2025-01-30 12:27:33,118] {dag.py:1833} INFO - Sync 1 DAGs
[2025-01-30 12:27:33,140] {logging_mixin.py:104} INFO - [2025-01-30 12:27:33,140] {dag.py:2306} INFO - Setting next_dagrun for tutorial_etl_dag to None
[2025-01-30 12:27:33,153] {scheduler_job.py:190} INFO - Processing /home/airflow/.local/lib/python3.6/site-packages/airflow/example_dags/tutorial_etl_dag.py took 0.089 seconds
[2025-01-30 12:28:04,190] {scheduler_job.py:182} INFO - Started process (PID=378) to work on /home/airflow/.local/lib/python3.6/site-packages/airflow/example_dags/tutorial_etl_dag.py
[2025-01-30 12:28:04,191] {scheduler_job.py:633} INFO - Processing file /home/airflow/.local/lib/python3.6/site-packages/airflow/example_dags/tutorial_etl_dag.py for tasks to queue
[2025-01-30 12:28:04,192] {logging_mixin.py:104} INFO - [2025-01-30 12:28:04,191] {dagbag.py:496} INFO - Filling up the DagBag from /home/airflow/.local/lib/python3.6/site-packages/airflow/example_dags/tutorial_etl_dag.py
[2025-01-30 12:28:04,207] {scheduler_job.py:643} INFO - DAG(s) dict_keys(['tutorial_etl_dag']) retrieved from /home/airflow/.local/lib/python3.6/site-packages/airflow/example_dags/tutorial_etl_dag.py
[2025-01-30 12:28:04,236] {logging_mixin.py:104} INFO - [2025-01-30 12:28:04,236] {dag.py:1833} INFO - Sync 1 DAGs
[2025-01-30 12:28:04,255] {logging_mixin.py:104} INFO - [2025-01-30 12:28:04,255] {dag.py:2306} INFO - Setting next_dagrun for tutorial_etl_dag to None
[2025-01-30 12:28:04,267] {scheduler_job.py:190} INFO - Processing /home/airflow/.local/lib/python3.6/site-packages/airflow/example_dags/tutorial_etl_dag.py took 0.082 seconds
[2025-01-30 12:28:34,583] {scheduler_job.py:182} INFO - Started process (PID=429) to work on /home/airflow/.local/lib/python3.6/site-packages/airflow/example_dags/tutorial_etl_dag.py
[2025-01-30 12:28:34,584] {scheduler_job.py:633} INFO - Processing file /home/airflow/.local/lib/python3.6/site-packages/airflow/example_dags/tutorial_etl_dag.py for tasks to queue
[2025-01-30 12:28:34,585] {logging_mixin.py:104} INFO - [2025-01-30 12:28:34,585] {dagbag.py:496} INFO - Filling up the DagBag from /home/airflow/.local/lib/python3.6/site-packages/airflow/example_dags/tutorial_etl_dag.py
[2025-01-30 12:28:34,602] {scheduler_job.py:643} INFO - DAG(s) dict_keys(['tutorial_etl_dag']) retrieved from /home/airflow/.local/lib/python3.6/site-packages/airflow/example_dags/tutorial_etl_dag.py
[2025-01-30 12:28:34,630] {logging_mixin.py:104} INFO - [2025-01-30 12:28:34,630] {dag.py:1833} INFO - Sync 1 DAGs
[2025-01-30 12:28:34,651] {logging_mixin.py:104} INFO - [2025-01-30 12:28:34,650] {dag.py:2306} INFO - Setting next_dagrun for tutorial_etl_dag to None
[2025-01-30 12:28:34,664] {scheduler_job.py:190} INFO - Processing /home/airflow/.local/lib/python3.6/site-packages/airflow/example_dags/tutorial_etl_dag.py took 0.085 seconds
[2025-01-30 12:29:05,202] {scheduler_job.py:182} INFO - Started process (PID=480) to work on /home/airflow/.local/lib/python3.6/site-packages/airflow/example_dags/tutorial_etl_dag.py
[2025-01-30 12:29:05,203] {scheduler_job.py:633} INFO - Processing file /home/airflow/.local/lib/python3.6/site-packages/airflow/example_dags/tutorial_etl_dag.py for tasks to queue
[2025-01-30 12:29:05,204] {logging_mixin.py:104} INFO - [2025-01-30 12:29:05,204] {dagbag.py:496} INFO - Filling up the DagBag from /home/airflow/.local/lib/python3.6/site-packages/airflow/example_dags/tutorial_etl_dag.py
[2025-01-30 12:29:05,223] {scheduler_job.py:643} INFO - DAG(s) dict_keys(['tutorial_etl_dag']) retrieved from /home/airflow/.local/lib/python3.6/site-packages/airflow/example_dags/tutorial_etl_dag.py
[2025-01-30 12:29:05,252] {logging_mixin.py:104} INFO - [2025-01-30 12:29:05,251] {dag.py:1833} INFO - Sync 1 DAGs
[2025-01-30 12:29:05,271] {logging_mixin.py:104} INFO - [2025-01-30 12:29:05,271] {dag.py:2306} INFO - Setting next_dagrun for tutorial_etl_dag to None
[2025-01-30 12:29:05,284] {scheduler_job.py:190} INFO - Processing /home/airflow/.local/lib/python3.6/site-packages/airflow/example_dags/tutorial_etl_dag.py took 0.087 seconds
[2025-01-30 12:29:36,132] {scheduler_job.py:182} INFO - Started process (PID=541) to work on /home/airflow/.local/lib/python3.6/site-packages/airflow/example_dags/tutorial_etl_dag.py
[2025-01-30 12:29:36,133] {scheduler_job.py:633} INFO - Processing file /home/airflow/.local/lib/python3.6/site-packages/airflow/example_dags/tutorial_etl_dag.py for tasks to queue
[2025-01-30 12:29:36,134] {logging_mixin.py:104} INFO - [2025-01-30 12:29:36,134] {dagbag.py:496} INFO - Filling up the DagBag from /home/airflow/.local/lib/python3.6/site-packages/airflow/example_dags/tutorial_etl_dag.py
[2025-01-30 12:29:36,154] {scheduler_job.py:643} INFO - DAG(s) dict_keys(['tutorial_etl_dag']) retrieved from /home/airflow/.local/lib/python3.6/site-packages/airflow/example_dags/tutorial_etl_dag.py
[2025-01-30 12:29:36,187] {logging_mixin.py:104} INFO - [2025-01-30 12:29:36,186] {dag.py:1833} INFO - Sync 1 DAGs
[2025-01-30 12:29:36,211] {logging_mixin.py:104} INFO - [2025-01-30 12:29:36,211] {dag.py:2306} INFO - Setting next_dagrun for tutorial_etl_dag to None
[2025-01-30 12:29:36,227] {scheduler_job.py:190} INFO - Processing /home/airflow/.local/lib/python3.6/site-packages/airflow/example_dags/tutorial_etl_dag.py took 0.100 seconds
[2025-01-30 12:30:06,884] {scheduler_job.py:182} INFO - Started process (PID=592) to work on /home/airflow/.local/lib/python3.6/site-packages/airflow/example_dags/tutorial_etl_dag.py
[2025-01-30 12:30:06,885] {scheduler_job.py:633} INFO - Processing file /home/airflow/.local/lib/python3.6/site-packages/airflow/example_dags/tutorial_etl_dag.py for tasks to queue
[2025-01-30 12:30:06,886] {logging_mixin.py:104} INFO - [2025-01-30 12:30:06,886] {dagbag.py:496} INFO - Filling up the DagBag from /home/airflow/.local/lib/python3.6/site-packages/airflow/example_dags/tutorial_etl_dag.py
[2025-01-30 12:30:06,901] {scheduler_job.py:643} INFO - DAG(s) dict_keys(['tutorial_etl_dag']) retrieved from /home/airflow/.local/lib/python3.6/site-packages/airflow/example_dags/tutorial_etl_dag.py
[2025-01-30 12:30:06,929] {logging_mixin.py:104} INFO - [2025-01-30 12:30:06,929] {dag.py:1833} INFO - Sync 1 DAGs
[2025-01-30 12:30:06,949] {logging_mixin.py:104} INFO - [2025-01-30 12:30:06,949] {dag.py:2306} INFO - Setting next_dagrun for tutorial_etl_dag to None
[2025-01-30 12:30:06,962] {scheduler_job.py:190} INFO - Processing /home/airflow/.local/lib/python3.6/site-packages/airflow/example_dags/tutorial_etl_dag.py took 0.082 seconds
[2025-01-30 12:30:37,325] {scheduler_job.py:182} INFO - Started process (PID=643) to work on /home/airflow/.local/lib/python3.6/site-packages/airflow/example_dags/tutorial_etl_dag.py
[2025-01-30 12:30:37,326] {scheduler_job.py:633} INFO - Processing file /home/airflow/.local/lib/python3.6/site-packages/airflow/example_dags/tutorial_etl_dag.py for tasks to queue
[2025-01-30 12:30:37,327] {logging_mixin.py:104} INFO - [2025-01-30 12:30:37,327] {dagbag.py:496} INFO - Filling up the DagBag from /home/airflow/.local/lib/python3.6/site-packages/airflow/example_dags/tutorial_etl_dag.py
[2025-01-30 12:30:37,345] {scheduler_job.py:643} INFO - DAG(s) dict_keys(['tutorial_etl_dag']) retrieved from /home/airflow/.local/lib/python3.6/site-packages/airflow/example_dags/tutorial_etl_dag.py
[2025-01-30 12:30:37,373] {logging_mixin.py:104} INFO - [2025-01-30 12:30:37,373] {dag.py:1833} INFO - Sync 1 DAGs
[2025-01-30 12:30:37,393] {logging_mixin.py:104} INFO - [2025-01-30 12:30:37,393] {dag.py:2306} INFO - Setting next_dagrun for tutorial_etl_dag to None
[2025-01-30 12:30:37,406] {scheduler_job.py:190} INFO - Processing /home/airflow/.local/lib/python3.6/site-packages/airflow/example_dags/tutorial_etl_dag.py took 0.086 seconds
[2025-01-30 12:31:08,209] {scheduler_job.py:182} INFO - Started process (PID=704) to work on /home/airflow/.local/lib/python3.6/site-packages/airflow/example_dags/tutorial_etl_dag.py
[2025-01-30 12:31:08,210] {scheduler_job.py:633} INFO - Processing file /home/airflow/.local/lib/python3.6/site-packages/airflow/example_dags/tutorial_etl_dag.py for tasks to queue
[2025-01-30 12:31:08,211] {logging_mixin.py:104} INFO - [2025-01-30 12:31:08,211] {dagbag.py:496} INFO - Filling up the DagBag from /home/airflow/.local/lib/python3.6/site-packages/airflow/example_dags/tutorial_etl_dag.py
[2025-01-30 12:31:08,228] {scheduler_job.py:643} INFO - DAG(s) dict_keys(['tutorial_etl_dag']) retrieved from /home/airflow/.local/lib/python3.6/site-packages/airflow/example_dags/tutorial_etl_dag.py
[2025-01-30 12:31:08,255] {logging_mixin.py:104} INFO - [2025-01-30 12:31:08,255] {dag.py:1833} INFO - Sync 1 DAGs
[2025-01-30 12:31:08,274] {logging_mixin.py:104} INFO - [2025-01-30 12:31:08,274] {dag.py:2306} INFO - Setting next_dagrun for tutorial_etl_dag to None
[2025-01-30 12:31:08,286] {scheduler_job.py:190} INFO - Processing /home/airflow/.local/lib/python3.6/site-packages/airflow/example_dags/tutorial_etl_dag.py took 0.082 seconds
[2025-01-30 12:31:38,895] {scheduler_job.py:182} INFO - Started process (PID=755) to work on /home/airflow/.local/lib/python3.6/site-packages/airflow/example_dags/tutorial_etl_dag.py
[2025-01-30 12:31:38,896] {scheduler_job.py:633} INFO - Processing file /home/airflow/.local/lib/python3.6/site-packages/airflow/example_dags/tutorial_etl_dag.py for tasks to queue
[2025-01-30 12:31:38,897] {logging_mixin.py:104} INFO - [2025-01-30 12:31:38,897] {dagbag.py:496} INFO - Filling up the DagBag from /home/airflow/.local/lib/python3.6/site-packages/airflow/example_dags/tutorial_etl_dag.py
[2025-01-30 12:31:38,917] {scheduler_job.py:643} INFO - DAG(s) dict_keys(['tutorial_etl_dag']) retrieved from /home/airflow/.local/lib/python3.6/site-packages/airflow/example_dags/tutorial_etl_dag.py
[2025-01-30 12:31:38,947] {logging_mixin.py:104} INFO - [2025-01-30 12:31:38,947] {dag.py:1833} INFO - Sync 1 DAGs
[2025-01-30 12:31:38,969] {logging_mixin.py:104} INFO - [2025-01-30 12:31:38,969] {dag.py:2306} INFO - Setting next_dagrun for tutorial_etl_dag to None
[2025-01-30 12:31:38,982] {scheduler_job.py:190} INFO - Processing /home/airflow/.local/lib/python3.6/site-packages/airflow/example_dags/tutorial_etl_dag.py took 0.093 seconds
[2025-01-30 12:32:10,190] {scheduler_job.py:182} INFO - Started process (PID=816) to work on /home/airflow/.local/lib/python3.6/site-packages/airflow/example_dags/tutorial_etl_dag.py
[2025-01-30 12:32:10,192] {scheduler_job.py:633} INFO - Processing file /home/airflow/.local/lib/python3.6/site-packages/airflow/example_dags/tutorial_etl_dag.py for tasks to queue
[2025-01-30 12:32:10,193] {logging_mixin.py:104} INFO - [2025-01-30 12:32:10,193] {dagbag.py:496} INFO - Filling up the DagBag from /home/airflow/.local/lib/python3.6/site-packages/airflow/example_dags/tutorial_etl_dag.py
[2025-01-30 12:32:10,210] {scheduler_job.py:643} INFO - DAG(s) dict_keys(['tutorial_etl_dag']) retrieved from /home/airflow/.local/lib/python3.6/site-packages/airflow/example_dags/tutorial_etl_dag.py
[2025-01-30 12:32:10,239] {logging_mixin.py:104} INFO - [2025-01-30 12:32:10,239] {dag.py:1833} INFO - Sync 1 DAGs
[2025-01-30 12:32:10,261] {logging_mixin.py:104} INFO - [2025-01-30 12:32:10,261] {dag.py:2306} INFO - Setting next_dagrun for tutorial_etl_dag to None
[2025-01-30 12:32:10,275] {scheduler_job.py:190} INFO - Processing /home/airflow/.local/lib/python3.6/site-packages/airflow/example_dags/tutorial_etl_dag.py took 0.090 seconds
[2025-01-30 12:32:40,774] {scheduler_job.py:182} INFO - Started process (PID=867) to work on /home/airflow/.local/lib/python3.6/site-packages/airflow/example_dags/tutorial_etl_dag.py
[2025-01-30 12:32:40,775] {scheduler_job.py:633} INFO - Processing file /home/airflow/.local/lib/python3.6/site-packages/airflow/example_dags/tutorial_etl_dag.py for tasks to queue
[2025-01-30 12:32:40,776] {logging_mixin.py:104} INFO - [2025-01-30 12:32:40,776] {dagbag.py:496} INFO - Filling up the DagBag from /home/airflow/.local/lib/python3.6/site-packages/airflow/example_dags/tutorial_etl_dag.py
[2025-01-30 12:32:40,793] {scheduler_job.py:643} INFO - DAG(s) dict_keys(['tutorial_etl_dag']) retrieved from /home/airflow/.local/lib/python3.6/site-packages/airflow/example_dags/tutorial_etl_dag.py
[2025-01-30 12:32:40,822] {logging_mixin.py:104} INFO - [2025-01-30 12:32:40,822] {dag.py:1833} INFO - Sync 1 DAGs
[2025-01-30 12:32:40,845] {logging_mixin.py:104} INFO - [2025-01-30 12:32:40,845] {dag.py:2306} INFO - Setting next_dagrun for tutorial_etl_dag to None
[2025-01-30 12:32:40,859] {scheduler_job.py:190} INFO - Processing /home/airflow/.local/lib/python3.6/site-packages/airflow/example_dags/tutorial_etl_dag.py took 0.090 seconds
[2025-01-30 12:33:11,301] {scheduler_job.py:182} INFO - Started process (PID=918) to work on /home/airflow/.local/lib/python3.6/site-packages/airflow/example_dags/tutorial_etl_dag.py
[2025-01-30 12:33:11,302] {scheduler_job.py:633} INFO - Processing file /home/airflow/.local/lib/python3.6/site-packages/airflow/example_dags/tutorial_etl_dag.py for tasks to queue
[2025-01-30 12:33:11,303] {logging_mixin.py:104} INFO - [2025-01-30 12:33:11,303] {dagbag.py:496} INFO - Filling up the DagBag from /home/airflow/.local/lib/python3.6/site-packages/airflow/example_dags/tutorial_etl_dag.py
[2025-01-30 12:33:11,320] {scheduler_job.py:643} INFO - DAG(s) dict_keys(['tutorial_etl_dag']) retrieved from /home/airflow/.local/lib/python3.6/site-packages/airflow/example_dags/tutorial_etl_dag.py
[2025-01-30 12:33:11,350] {logging_mixin.py:104} INFO - [2025-01-30 12:33:11,350] {dag.py:1833} INFO - Sync 1 DAGs
[2025-01-30 12:33:11,372] {logging_mixin.py:104} INFO - [2025-01-30 12:33:11,371] {dag.py:2306} INFO - Setting next_dagrun for tutorial_etl_dag to None
[2025-01-30 12:33:11,387] {scheduler_job.py:190} INFO - Processing /home/airflow/.local/lib/python3.6/site-packages/airflow/example_dags/tutorial_etl_dag.py took 0.091 seconds
[2025-01-30 12:33:42,099] {scheduler_job.py:182} INFO - Started process (PID=979) to work on /home/airflow/.local/lib/python3.6/site-packages/airflow/example_dags/tutorial_etl_dag.py
[2025-01-30 12:33:42,100] {scheduler_job.py:633} INFO - Processing file /home/airflow/.local/lib/python3.6/site-packages/airflow/example_dags/tutorial_etl_dag.py for tasks to queue
[2025-01-30 12:33:42,101] {logging_mixin.py:104} INFO - [2025-01-30 12:33:42,101] {dagbag.py:496} INFO - Filling up the DagBag from /home/airflow/.local/lib/python3.6/site-packages/airflow/example_dags/tutorial_etl_dag.py
[2025-01-30 12:33:42,117] {scheduler_job.py:643} INFO - DAG(s) dict_keys(['tutorial_etl_dag']) retrieved from /home/airflow/.local/lib/python3.6/site-packages/airflow/example_dags/tutorial_etl_dag.py
[2025-01-30 12:33:42,144] {logging_mixin.py:104} INFO - [2025-01-30 12:33:42,144] {dag.py:1833} INFO - Sync 1 DAGs
[2025-01-30 12:33:42,163] {logging_mixin.py:104} INFO - [2025-01-30 12:33:42,163] {dag.py:2306} INFO - Setting next_dagrun for tutorial_etl_dag to None
[2025-01-30 12:33:42,177] {scheduler_job.py:190} INFO - Processing /home/airflow/.local/lib/python3.6/site-packages/airflow/example_dags/tutorial_etl_dag.py took 0.082 seconds
