[2025-01-30 12:22:37,335] {scheduler_job.py:182} INFO - Started process (PID=133) to work on /home/airflow/.local/lib/python3.6/site-packages/airflow/example_dags/tutorial_taskflow_api_etl.py
[2025-01-30 12:22:37,336] {scheduler_job.py:633} INFO - Processing file /home/airflow/.local/lib/python3.6/site-packages/airflow/example_dags/tutorial_taskflow_api_etl.py for tasks to queue
[2025-01-30 12:22:37,337] {logging_mixin.py:104} INFO - [2025-01-30 12:22:37,337] {dagbag.py:496} INFO - Filling up the DagBag from /home/airflow/.local/lib/python3.6/site-packages/airflow/example_dags/tutorial_taskflow_api_etl.py
[2025-01-30 12:22:37,361] {scheduler_job.py:643} INFO - DAG(s) dict_keys(['tutorial_taskflow_api_etl']) retrieved from /home/airflow/.local/lib/python3.6/site-packages/airflow/example_dags/tutorial_taskflow_api_etl.py
[2025-01-30 12:22:40,714] {logging_mixin.py:104} INFO - [2025-01-30 12:22:40,712] {dag.py:1833} INFO - Sync 1 DAGs
[2025-01-30 12:22:40,730] {logging_mixin.py:104} INFO - [2025-01-30 12:22:40,728] {dag.py:1852} INFO - Creating ORM DAG for tutorial_taskflow_api_etl
[2025-01-30 12:22:40,737] {logging_mixin.py:104} INFO - [2025-01-30 12:22:40,737] {dag.py:2306} INFO - Setting next_dagrun for tutorial_taskflow_api_etl to None
[2025-01-30 12:22:40,754] {scheduler_job.py:190} INFO - Processing /home/airflow/.local/lib/python3.6/site-packages/airflow/example_dags/tutorial_taskflow_api_etl.py took 3.422 seconds
[2025-01-30 12:23:11,182] {scheduler_job.py:182} INFO - Started process (PID=472) to work on /home/airflow/.local/lib/python3.6/site-packages/airflow/example_dags/tutorial_taskflow_api_etl.py
[2025-01-30 12:23:11,183] {scheduler_job.py:633} INFO - Processing file /home/airflow/.local/lib/python3.6/site-packages/airflow/example_dags/tutorial_taskflow_api_etl.py for tasks to queue
[2025-01-30 12:23:11,184] {logging_mixin.py:104} INFO - [2025-01-30 12:23:11,184] {dagbag.py:496} INFO - Filling up the DagBag from /home/airflow/.local/lib/python3.6/site-packages/airflow/example_dags/tutorial_taskflow_api_etl.py
[2025-01-30 12:23:11,207] {scheduler_job.py:643} INFO - DAG(s) dict_keys(['tutorial_taskflow_api_etl']) retrieved from /home/airflow/.local/lib/python3.6/site-packages/airflow/example_dags/tutorial_taskflow_api_etl.py
[2025-01-30 12:23:11,507] {logging_mixin.py:104} INFO - [2025-01-30 12:23:11,507] {dag.py:1833} INFO - Sync 1 DAGs
[2025-01-30 12:23:11,526] {logging_mixin.py:104} INFO - [2025-01-30 12:23:11,526] {dag.py:2306} INFO - Setting next_dagrun for tutorial_taskflow_api_etl to None
[2025-01-30 12:23:11,573] {scheduler_job.py:190} INFO - Processing /home/airflow/.local/lib/python3.6/site-packages/airflow/example_dags/tutorial_taskflow_api_etl.py took 0.395 seconds
[2025-01-30 12:23:41,626] {scheduler_job.py:182} INFO - Started process (PID=533) to work on /home/airflow/.local/lib/python3.6/site-packages/airflow/example_dags/tutorial_taskflow_api_etl.py
[2025-01-30 12:23:41,627] {scheduler_job.py:633} INFO - Processing file /home/airflow/.local/lib/python3.6/site-packages/airflow/example_dags/tutorial_taskflow_api_etl.py for tasks to queue
[2025-01-30 12:23:41,628] {logging_mixin.py:104} INFO - [2025-01-30 12:23:41,628] {dagbag.py:496} INFO - Filling up the DagBag from /home/airflow/.local/lib/python3.6/site-packages/airflow/example_dags/tutorial_taskflow_api_etl.py
[2025-01-30 12:23:41,649] {scheduler_job.py:643} INFO - DAG(s) dict_keys(['tutorial_taskflow_api_etl']) retrieved from /home/airflow/.local/lib/python3.6/site-packages/airflow/example_dags/tutorial_taskflow_api_etl.py
[2025-01-30 12:23:41,921] {logging_mixin.py:104} INFO - [2025-01-30 12:23:41,921] {dag.py:1833} INFO - Sync 1 DAGs
[2025-01-30 12:23:41,938] {logging_mixin.py:104} INFO - [2025-01-30 12:23:41,938] {dag.py:2306} INFO - Setting next_dagrun for tutorial_taskflow_api_etl to None
[2025-01-30 12:23:41,951] {scheduler_job.py:190} INFO - Processing /home/airflow/.local/lib/python3.6/site-packages/airflow/example_dags/tutorial_taskflow_api_etl.py took 0.329 seconds
[2025-01-30 12:24:12,354] {scheduler_job.py:182} INFO - Started process (PID=584) to work on /home/airflow/.local/lib/python3.6/site-packages/airflow/example_dags/tutorial_taskflow_api_etl.py
[2025-01-30 12:24:12,356] {scheduler_job.py:633} INFO - Processing file /home/airflow/.local/lib/python3.6/site-packages/airflow/example_dags/tutorial_taskflow_api_etl.py for tasks to queue
[2025-01-30 12:24:12,357] {logging_mixin.py:104} INFO - [2025-01-30 12:24:12,357] {dagbag.py:496} INFO - Filling up the DagBag from /home/airflow/.local/lib/python3.6/site-packages/airflow/example_dags/tutorial_taskflow_api_etl.py
[2025-01-30 12:24:12,390] {scheduler_job.py:643} INFO - DAG(s) dict_keys(['tutorial_taskflow_api_etl']) retrieved from /home/airflow/.local/lib/python3.6/site-packages/airflow/example_dags/tutorial_taskflow_api_etl.py
[2025-01-30 12:24:12,705] {logging_mixin.py:104} INFO - [2025-01-30 12:24:12,705] {dag.py:1833} INFO - Sync 1 DAGs
[2025-01-30 12:24:12,725] {logging_mixin.py:104} INFO - [2025-01-30 12:24:12,725] {dag.py:2306} INFO - Setting next_dagrun for tutorial_taskflow_api_etl to None
[2025-01-30 12:24:12,771] {scheduler_job.py:190} INFO - Processing /home/airflow/.local/lib/python3.6/site-packages/airflow/example_dags/tutorial_taskflow_api_etl.py took 0.424 seconds
[2025-01-30 12:24:58,858] {scheduler_job.py:182} INFO - Started process (PID=40) to work on /home/airflow/.local/lib/python3.6/site-packages/airflow/example_dags/tutorial_taskflow_api_etl.py
[2025-01-30 12:24:58,859] {scheduler_job.py:633} INFO - Processing file /home/airflow/.local/lib/python3.6/site-packages/airflow/example_dags/tutorial_taskflow_api_etl.py for tasks to queue
[2025-01-30 12:24:58,860] {logging_mixin.py:104} INFO - [2025-01-30 12:24:58,860] {dagbag.py:496} INFO - Filling up the DagBag from /home/airflow/.local/lib/python3.6/site-packages/airflow/example_dags/tutorial_taskflow_api_etl.py
[2025-01-30 12:24:58,881] {scheduler_job.py:643} INFO - DAG(s) dict_keys(['tutorial_taskflow_api_etl']) retrieved from /home/airflow/.local/lib/python3.6/site-packages/airflow/example_dags/tutorial_taskflow_api_etl.py
[2025-01-30 12:24:59,180] {logging_mixin.py:104} INFO - [2025-01-30 12:24:59,179] {dag.py:1833} INFO - Sync 1 DAGs
[2025-01-30 12:24:59,201] {logging_mixin.py:104} INFO - [2025-01-30 12:24:59,200] {dag.py:2306} INFO - Setting next_dagrun for tutorial_taskflow_api_etl to None
[2025-01-30 12:24:59,217] {scheduler_job.py:190} INFO - Processing /home/airflow/.local/lib/python3.6/site-packages/airflow/example_dags/tutorial_taskflow_api_etl.py took 0.363 seconds
[2025-01-30 12:25:29,762] {scheduler_job.py:182} INFO - Started process (PID=100) to work on /home/airflow/.local/lib/python3.6/site-packages/airflow/example_dags/tutorial_taskflow_api_etl.py
[2025-01-30 12:25:29,763] {scheduler_job.py:633} INFO - Processing file /home/airflow/.local/lib/python3.6/site-packages/airflow/example_dags/tutorial_taskflow_api_etl.py for tasks to queue
[2025-01-30 12:25:29,764] {logging_mixin.py:104} INFO - [2025-01-30 12:25:29,764] {dagbag.py:496} INFO - Filling up the DagBag from /home/airflow/.local/lib/python3.6/site-packages/airflow/example_dags/tutorial_taskflow_api_etl.py
[2025-01-30 12:25:29,791] {scheduler_job.py:643} INFO - DAG(s) dict_keys(['tutorial_taskflow_api_etl']) retrieved from /home/airflow/.local/lib/python3.6/site-packages/airflow/example_dags/tutorial_taskflow_api_etl.py
[2025-01-30 12:25:30,107] {logging_mixin.py:104} INFO - [2025-01-30 12:25:30,107] {dag.py:1833} INFO - Sync 1 DAGs
[2025-01-30 12:25:30,122] {logging_mixin.py:104} INFO - [2025-01-30 12:25:30,122] {dag.py:2306} INFO - Setting next_dagrun for tutorial_taskflow_api_etl to None
[2025-01-30 12:25:30,135] {scheduler_job.py:190} INFO - Processing /home/airflow/.local/lib/python3.6/site-packages/airflow/example_dags/tutorial_taskflow_api_etl.py took 0.377 seconds
[2025-01-30 12:26:00,329] {scheduler_job.py:182} INFO - Started process (PID=151) to work on /home/airflow/.local/lib/python3.6/site-packages/airflow/example_dags/tutorial_taskflow_api_etl.py
[2025-01-30 12:26:00,331] {scheduler_job.py:633} INFO - Processing file /home/airflow/.local/lib/python3.6/site-packages/airflow/example_dags/tutorial_taskflow_api_etl.py for tasks to queue
[2025-01-30 12:26:00,332] {logging_mixin.py:104} INFO - [2025-01-30 12:26:00,332] {dagbag.py:496} INFO - Filling up the DagBag from /home/airflow/.local/lib/python3.6/site-packages/airflow/example_dags/tutorial_taskflow_api_etl.py
[2025-01-30 12:26:00,357] {scheduler_job.py:643} INFO - DAG(s) dict_keys(['tutorial_taskflow_api_etl']) retrieved from /home/airflow/.local/lib/python3.6/site-packages/airflow/example_dags/tutorial_taskflow_api_etl.py
[2025-01-30 12:26:00,712] {logging_mixin.py:104} INFO - [2025-01-30 12:26:00,711] {dag.py:1833} INFO - Sync 1 DAGs
[2025-01-30 12:26:00,732] {logging_mixin.py:104} INFO - [2025-01-30 12:26:00,732] {dag.py:2306} INFO - Setting next_dagrun for tutorial_taskflow_api_etl to None
[2025-01-30 12:26:00,748] {scheduler_job.py:190} INFO - Processing /home/airflow/.local/lib/python3.6/site-packages/airflow/example_dags/tutorial_taskflow_api_etl.py took 0.425 seconds
[2025-01-30 12:26:31,169] {scheduler_job.py:182} INFO - Started process (PID=210) to work on /home/airflow/.local/lib/python3.6/site-packages/airflow/example_dags/tutorial_taskflow_api_etl.py
[2025-01-30 12:26:31,171] {scheduler_job.py:633} INFO - Processing file /home/airflow/.local/lib/python3.6/site-packages/airflow/example_dags/tutorial_taskflow_api_etl.py for tasks to queue
[2025-01-30 12:26:31,172] {logging_mixin.py:104} INFO - [2025-01-30 12:26:31,171] {dagbag.py:496} INFO - Filling up the DagBag from /home/airflow/.local/lib/python3.6/site-packages/airflow/example_dags/tutorial_taskflow_api_etl.py
[2025-01-30 12:26:31,195] {scheduler_job.py:643} INFO - DAG(s) dict_keys(['tutorial_taskflow_api_etl']) retrieved from /home/airflow/.local/lib/python3.6/site-packages/airflow/example_dags/tutorial_taskflow_api_etl.py
[2025-01-30 12:26:31,519] {logging_mixin.py:104} INFO - [2025-01-30 12:26:31,519] {dag.py:1833} INFO - Sync 1 DAGs
[2025-01-30 12:26:31,540] {logging_mixin.py:104} INFO - [2025-01-30 12:26:31,539] {dag.py:2306} INFO - Setting next_dagrun for tutorial_taskflow_api_etl to None
[2025-01-30 12:26:31,558] {scheduler_job.py:190} INFO - Processing /home/airflow/.local/lib/python3.6/site-packages/airflow/example_dags/tutorial_taskflow_api_etl.py took 0.393 seconds
[2025-01-30 12:27:02,039] {scheduler_job.py:182} INFO - Started process (PID=264) to work on /home/airflow/.local/lib/python3.6/site-packages/airflow/example_dags/tutorial_taskflow_api_etl.py
[2025-01-30 12:27:02,040] {scheduler_job.py:633} INFO - Processing file /home/airflow/.local/lib/python3.6/site-packages/airflow/example_dags/tutorial_taskflow_api_etl.py for tasks to queue
[2025-01-30 12:27:02,041] {logging_mixin.py:104} INFO - [2025-01-30 12:27:02,041] {dagbag.py:496} INFO - Filling up the DagBag from /home/airflow/.local/lib/python3.6/site-packages/airflow/example_dags/tutorial_taskflow_api_etl.py
[2025-01-30 12:27:02,065] {scheduler_job.py:643} INFO - DAG(s) dict_keys(['tutorial_taskflow_api_etl']) retrieved from /home/airflow/.local/lib/python3.6/site-packages/airflow/example_dags/tutorial_taskflow_api_etl.py
[2025-01-30 12:27:02,373] {logging_mixin.py:104} INFO - [2025-01-30 12:27:02,373] {dag.py:1833} INFO - Sync 1 DAGs
[2025-01-30 12:27:02,393] {logging_mixin.py:104} INFO - [2025-01-30 12:27:02,393] {dag.py:2306} INFO - Setting next_dagrun for tutorial_taskflow_api_etl to None
[2025-01-30 12:27:02,439] {scheduler_job.py:190} INFO - Processing /home/airflow/.local/lib/python3.6/site-packages/airflow/example_dags/tutorial_taskflow_api_etl.py took 0.405 seconds
[2025-01-30 12:27:32,639] {scheduler_job.py:182} INFO - Started process (PID=314) to work on /home/airflow/.local/lib/python3.6/site-packages/airflow/example_dags/tutorial_taskflow_api_etl.py
[2025-01-30 12:27:32,641] {scheduler_job.py:633} INFO - Processing file /home/airflow/.local/lib/python3.6/site-packages/airflow/example_dags/tutorial_taskflow_api_etl.py for tasks to queue
[2025-01-30 12:27:32,642] {logging_mixin.py:104} INFO - [2025-01-30 12:27:32,642] {dagbag.py:496} INFO - Filling up the DagBag from /home/airflow/.local/lib/python3.6/site-packages/airflow/example_dags/tutorial_taskflow_api_etl.py
[2025-01-30 12:27:32,666] {scheduler_job.py:643} INFO - DAG(s) dict_keys(['tutorial_taskflow_api_etl']) retrieved from /home/airflow/.local/lib/python3.6/site-packages/airflow/example_dags/tutorial_taskflow_api_etl.py
[2025-01-30 12:27:32,971] {logging_mixin.py:104} INFO - [2025-01-30 12:27:32,970] {dag.py:1833} INFO - Sync 1 DAGs
[2025-01-30 12:27:32,990] {logging_mixin.py:104} INFO - [2025-01-30 12:27:32,990] {dag.py:2306} INFO - Setting next_dagrun for tutorial_taskflow_api_etl to None
[2025-01-30 12:27:33,036] {scheduler_job.py:190} INFO - Processing /home/airflow/.local/lib/python3.6/site-packages/airflow/example_dags/tutorial_taskflow_api_etl.py took 0.402 seconds
[2025-01-30 12:28:03,811] {scheduler_job.py:182} INFO - Started process (PID=376) to work on /home/airflow/.local/lib/python3.6/site-packages/airflow/example_dags/tutorial_taskflow_api_etl.py
[2025-01-30 12:28:03,813] {scheduler_job.py:633} INFO - Processing file /home/airflow/.local/lib/python3.6/site-packages/airflow/example_dags/tutorial_taskflow_api_etl.py for tasks to queue
[2025-01-30 12:28:03,813] {logging_mixin.py:104} INFO - [2025-01-30 12:28:03,813] {dagbag.py:496} INFO - Filling up the DagBag from /home/airflow/.local/lib/python3.6/site-packages/airflow/example_dags/tutorial_taskflow_api_etl.py
[2025-01-30 12:28:03,835] {scheduler_job.py:643} INFO - DAG(s) dict_keys(['tutorial_taskflow_api_etl']) retrieved from /home/airflow/.local/lib/python3.6/site-packages/airflow/example_dags/tutorial_taskflow_api_etl.py
[2025-01-30 12:28:04,129] {logging_mixin.py:104} INFO - [2025-01-30 12:28:04,129] {dag.py:1833} INFO - Sync 1 DAGs
[2025-01-30 12:28:04,146] {logging_mixin.py:104} INFO - [2025-01-30 12:28:04,146] {dag.py:2306} INFO - Setting next_dagrun for tutorial_taskflow_api_etl to None
[2025-01-30 12:28:04,160] {scheduler_job.py:190} INFO - Processing /home/airflow/.local/lib/python3.6/site-packages/airflow/example_dags/tutorial_taskflow_api_etl.py took 0.353 seconds
[2025-01-30 12:28:34,203] {scheduler_job.py:182} INFO - Started process (PID=427) to work on /home/airflow/.local/lib/python3.6/site-packages/airflow/example_dags/tutorial_taskflow_api_etl.py
[2025-01-30 12:28:34,205] {scheduler_job.py:633} INFO - Processing file /home/airflow/.local/lib/python3.6/site-packages/airflow/example_dags/tutorial_taskflow_api_etl.py for tasks to queue
[2025-01-30 12:28:34,205] {logging_mixin.py:104} INFO - [2025-01-30 12:28:34,205] {dagbag.py:496} INFO - Filling up the DagBag from /home/airflow/.local/lib/python3.6/site-packages/airflow/example_dags/tutorial_taskflow_api_etl.py
[2025-01-30 12:28:34,227] {scheduler_job.py:643} INFO - DAG(s) dict_keys(['tutorial_taskflow_api_etl']) retrieved from /home/airflow/.local/lib/python3.6/site-packages/airflow/example_dags/tutorial_taskflow_api_etl.py
[2025-01-30 12:28:34,514] {logging_mixin.py:104} INFO - [2025-01-30 12:28:34,514] {dag.py:1833} INFO - Sync 1 DAGs
[2025-01-30 12:28:34,534] {logging_mixin.py:104} INFO - [2025-01-30 12:28:34,534] {dag.py:2306} INFO - Setting next_dagrun for tutorial_taskflow_api_etl to None
[2025-01-30 12:28:34,549] {scheduler_job.py:190} INFO - Processing /home/airflow/.local/lib/python3.6/site-packages/airflow/example_dags/tutorial_taskflow_api_etl.py took 0.351 seconds
[2025-01-30 12:29:04,749] {scheduler_job.py:182} INFO - Started process (PID=478) to work on /home/airflow/.local/lib/python3.6/site-packages/airflow/example_dags/tutorial_taskflow_api_etl.py
[2025-01-30 12:29:04,751] {scheduler_job.py:633} INFO - Processing file /home/airflow/.local/lib/python3.6/site-packages/airflow/example_dags/tutorial_taskflow_api_etl.py for tasks to queue
[2025-01-30 12:29:04,752] {logging_mixin.py:104} INFO - [2025-01-30 12:29:04,752] {dagbag.py:496} INFO - Filling up the DagBag from /home/airflow/.local/lib/python3.6/site-packages/airflow/example_dags/tutorial_taskflow_api_etl.py
[2025-01-30 12:29:04,779] {scheduler_job.py:643} INFO - DAG(s) dict_keys(['tutorial_taskflow_api_etl']) retrieved from /home/airflow/.local/lib/python3.6/site-packages/airflow/example_dags/tutorial_taskflow_api_etl.py
[2025-01-30 12:29:05,105] {logging_mixin.py:104} INFO - [2025-01-30 12:29:05,105] {dag.py:1833} INFO - Sync 1 DAGs
[2025-01-30 12:29:05,124] {logging_mixin.py:104} INFO - [2025-01-30 12:29:05,124] {dag.py:2306} INFO - Setting next_dagrun for tutorial_taskflow_api_etl to None
[2025-01-30 12:29:05,171] {scheduler_job.py:190} INFO - Processing /home/airflow/.local/lib/python3.6/site-packages/airflow/example_dags/tutorial_taskflow_api_etl.py took 0.426 seconds
[2025-01-30 12:29:35,683] {scheduler_job.py:182} INFO - Started process (PID=539) to work on /home/airflow/.local/lib/python3.6/site-packages/airflow/example_dags/tutorial_taskflow_api_etl.py
[2025-01-30 12:29:35,684] {scheduler_job.py:633} INFO - Processing file /home/airflow/.local/lib/python3.6/site-packages/airflow/example_dags/tutorial_taskflow_api_etl.py for tasks to queue
[2025-01-30 12:29:35,715] {logging_mixin.py:104} INFO - [2025-01-30 12:29:35,715] {dagbag.py:496} INFO - Filling up the DagBag from /home/airflow/.local/lib/python3.6/site-packages/airflow/example_dags/tutorial_taskflow_api_etl.py
[2025-01-30 12:29:35,742] {scheduler_job.py:643} INFO - DAG(s) dict_keys(['tutorial_taskflow_api_etl']) retrieved from /home/airflow/.local/lib/python3.6/site-packages/airflow/example_dags/tutorial_taskflow_api_etl.py
[2025-01-30 12:29:36,057] {logging_mixin.py:104} INFO - [2025-01-30 12:29:36,056] {dag.py:1833} INFO - Sync 1 DAGs
[2025-01-30 12:29:36,081] {logging_mixin.py:104} INFO - [2025-01-30 12:29:36,081] {dag.py:2306} INFO - Setting next_dagrun for tutorial_taskflow_api_etl to None
[2025-01-30 12:29:36,102] {scheduler_job.py:190} INFO - Processing /home/airflow/.local/lib/python3.6/site-packages/airflow/example_dags/tutorial_taskflow_api_etl.py took 0.423 seconds
[2025-01-30 12:30:06,496] {scheduler_job.py:182} INFO - Started process (PID=590) to work on /home/airflow/.local/lib/python3.6/site-packages/airflow/example_dags/tutorial_taskflow_api_etl.py
[2025-01-30 12:30:06,497] {scheduler_job.py:633} INFO - Processing file /home/airflow/.local/lib/python3.6/site-packages/airflow/example_dags/tutorial_taskflow_api_etl.py for tasks to queue
[2025-01-30 12:30:06,498] {logging_mixin.py:104} INFO - [2025-01-30 12:30:06,498] {dagbag.py:496} INFO - Filling up the DagBag from /home/airflow/.local/lib/python3.6/site-packages/airflow/example_dags/tutorial_taskflow_api_etl.py
[2025-01-30 12:30:06,520] {scheduler_job.py:643} INFO - DAG(s) dict_keys(['tutorial_taskflow_api_etl']) retrieved from /home/airflow/.local/lib/python3.6/site-packages/airflow/example_dags/tutorial_taskflow_api_etl.py
[2025-01-30 12:30:06,822] {logging_mixin.py:104} INFO - [2025-01-30 12:30:06,822] {dag.py:1833} INFO - Sync 1 DAGs
[2025-01-30 12:30:06,839] {logging_mixin.py:104} INFO - [2025-01-30 12:30:06,839] {dag.py:2306} INFO - Setting next_dagrun for tutorial_taskflow_api_etl to None
[2025-01-30 12:30:06,854] {scheduler_job.py:190} INFO - Processing /home/airflow/.local/lib/python3.6/site-packages/airflow/example_dags/tutorial_taskflow_api_etl.py took 0.362 seconds
[2025-01-30 12:30:37,199] {scheduler_job.py:182} INFO - Started process (PID=641) to work on /home/airflow/.local/lib/python3.6/site-packages/airflow/example_dags/tutorial_taskflow_api_etl.py
[2025-01-30 12:30:37,200] {scheduler_job.py:633} INFO - Processing file /home/airflow/.local/lib/python3.6/site-packages/airflow/example_dags/tutorial_taskflow_api_etl.py for tasks to queue
[2025-01-30 12:30:37,201] {logging_mixin.py:104} INFO - [2025-01-30 12:30:37,201] {dagbag.py:496} INFO - Filling up the DagBag from /home/airflow/.local/lib/python3.6/site-packages/airflow/example_dags/tutorial_taskflow_api_etl.py
[2025-01-30 12:30:37,224] {scheduler_job.py:643} INFO - DAG(s) dict_keys(['tutorial_taskflow_api_etl']) retrieved from /home/airflow/.local/lib/python3.6/site-packages/airflow/example_dags/tutorial_taskflow_api_etl.py
[2025-01-30 12:30:37,255] {logging_mixin.py:104} INFO - [2025-01-30 12:30:37,255] {dag.py:1833} INFO - Sync 1 DAGs
[2025-01-30 12:30:37,278] {logging_mixin.py:104} INFO - [2025-01-30 12:30:37,278] {dag.py:2306} INFO - Setting next_dagrun for tutorial_taskflow_api_etl to None
[2025-01-30 12:30:37,294] {scheduler_job.py:190} INFO - Processing /home/airflow/.local/lib/python3.6/site-packages/airflow/example_dags/tutorial_taskflow_api_etl.py took 0.099 seconds
[2025-01-30 12:31:07,797] {scheduler_job.py:182} INFO - Started process (PID=702) to work on /home/airflow/.local/lib/python3.6/site-packages/airflow/example_dags/tutorial_taskflow_api_etl.py
[2025-01-30 12:31:07,799] {scheduler_job.py:633} INFO - Processing file /home/airflow/.local/lib/python3.6/site-packages/airflow/example_dags/tutorial_taskflow_api_etl.py for tasks to queue
[2025-01-30 12:31:07,799] {logging_mixin.py:104} INFO - [2025-01-30 12:31:07,799] {dagbag.py:496} INFO - Filling up the DagBag from /home/airflow/.local/lib/python3.6/site-packages/airflow/example_dags/tutorial_taskflow_api_etl.py
[2025-01-30 12:31:07,824] {scheduler_job.py:643} INFO - DAG(s) dict_keys(['tutorial_taskflow_api_etl']) retrieved from /home/airflow/.local/lib/python3.6/site-packages/airflow/example_dags/tutorial_taskflow_api_etl.py
[2025-01-30 12:31:08,119] {logging_mixin.py:104} INFO - [2025-01-30 12:31:08,119] {dag.py:1833} INFO - Sync 1 DAGs
[2025-01-30 12:31:08,136] {logging_mixin.py:104} INFO - [2025-01-30 12:31:08,136] {dag.py:2306} INFO - Setting next_dagrun for tutorial_taskflow_api_etl to None
[2025-01-30 12:31:08,180] {scheduler_job.py:190} INFO - Processing /home/airflow/.local/lib/python3.6/site-packages/airflow/example_dags/tutorial_taskflow_api_etl.py took 0.388 seconds
[2025-01-30 12:31:38,450] {scheduler_job.py:182} INFO - Started process (PID=753) to work on /home/airflow/.local/lib/python3.6/site-packages/airflow/example_dags/tutorial_taskflow_api_etl.py
[2025-01-30 12:31:38,452] {scheduler_job.py:633} INFO - Processing file /home/airflow/.local/lib/python3.6/site-packages/airflow/example_dags/tutorial_taskflow_api_etl.py for tasks to queue
[2025-01-30 12:31:38,452] {logging_mixin.py:104} INFO - [2025-01-30 12:31:38,452] {dagbag.py:496} INFO - Filling up the DagBag from /home/airflow/.local/lib/python3.6/site-packages/airflow/example_dags/tutorial_taskflow_api_etl.py
[2025-01-30 12:31:38,478] {scheduler_job.py:643} INFO - DAG(s) dict_keys(['tutorial_taskflow_api_etl']) retrieved from /home/airflow/.local/lib/python3.6/site-packages/airflow/example_dags/tutorial_taskflow_api_etl.py
[2025-01-30 12:31:38,795] {logging_mixin.py:104} INFO - [2025-01-30 12:31:38,794] {dag.py:1833} INFO - Sync 1 DAGs
[2025-01-30 12:31:38,817] {logging_mixin.py:104} INFO - [2025-01-30 12:31:38,817] {dag.py:2306} INFO - Setting next_dagrun for tutorial_taskflow_api_etl to None
[2025-01-30 12:31:38,858] {scheduler_job.py:190} INFO - Processing /home/airflow/.local/lib/python3.6/site-packages/airflow/example_dags/tutorial_taskflow_api_etl.py took 0.413 seconds
[2025-01-30 12:32:09,757] {scheduler_job.py:182} INFO - Started process (PID=814) to work on /home/airflow/.local/lib/python3.6/site-packages/airflow/example_dags/tutorial_taskflow_api_etl.py
[2025-01-30 12:32:09,759] {scheduler_job.py:633} INFO - Processing file /home/airflow/.local/lib/python3.6/site-packages/airflow/example_dags/tutorial_taskflow_api_etl.py for tasks to queue
[2025-01-30 12:32:09,760] {logging_mixin.py:104} INFO - [2025-01-30 12:32:09,760] {dagbag.py:496} INFO - Filling up the DagBag from /home/airflow/.local/lib/python3.6/site-packages/airflow/example_dags/tutorial_taskflow_api_etl.py
[2025-01-30 12:32:09,782] {scheduler_job.py:643} INFO - DAG(s) dict_keys(['tutorial_taskflow_api_etl']) retrieved from /home/airflow/.local/lib/python3.6/site-packages/airflow/example_dags/tutorial_taskflow_api_etl.py
[2025-01-30 12:32:10,096] {logging_mixin.py:104} INFO - [2025-01-30 12:32:10,095] {dag.py:1833} INFO - Sync 1 DAGs
[2025-01-30 12:32:10,115] {logging_mixin.py:104} INFO - [2025-01-30 12:32:10,115] {dag.py:2306} INFO - Setting next_dagrun for tutorial_taskflow_api_etl to None
[2025-01-30 12:32:10,158] {scheduler_job.py:190} INFO - Processing /home/airflow/.local/lib/python3.6/site-packages/airflow/example_dags/tutorial_taskflow_api_etl.py took 0.405 seconds
[2025-01-30 12:32:40,405] {scheduler_job.py:182} INFO - Started process (PID=865) to work on /home/airflow/.local/lib/python3.6/site-packages/airflow/example_dags/tutorial_taskflow_api_etl.py
[2025-01-30 12:32:40,407] {scheduler_job.py:633} INFO - Processing file /home/airflow/.local/lib/python3.6/site-packages/airflow/example_dags/tutorial_taskflow_api_etl.py for tasks to queue
[2025-01-30 12:32:40,407] {logging_mixin.py:104} INFO - [2025-01-30 12:32:40,407] {dagbag.py:496} INFO - Filling up the DagBag from /home/airflow/.local/lib/python3.6/site-packages/airflow/example_dags/tutorial_taskflow_api_etl.py
[2025-01-30 12:32:40,430] {scheduler_job.py:643} INFO - DAG(s) dict_keys(['tutorial_taskflow_api_etl']) retrieved from /home/airflow/.local/lib/python3.6/site-packages/airflow/example_dags/tutorial_taskflow_api_etl.py
[2025-01-30 12:32:40,711] {logging_mixin.py:104} INFO - [2025-01-30 12:32:40,710] {dag.py:1833} INFO - Sync 1 DAGs
[2025-01-30 12:32:40,728] {logging_mixin.py:104} INFO - [2025-01-30 12:32:40,728] {dag.py:2306} INFO - Setting next_dagrun for tutorial_taskflow_api_etl to None
[2025-01-30 12:32:40,742] {scheduler_job.py:190} INFO - Processing /home/airflow/.local/lib/python3.6/site-packages/airflow/example_dags/tutorial_taskflow_api_etl.py took 0.340 seconds
[2025-01-30 12:33:11,172] {scheduler_job.py:182} INFO - Started process (PID=916) to work on /home/airflow/.local/lib/python3.6/site-packages/airflow/example_dags/tutorial_taskflow_api_etl.py
[2025-01-30 12:33:11,173] {scheduler_job.py:633} INFO - Processing file /home/airflow/.local/lib/python3.6/site-packages/airflow/example_dags/tutorial_taskflow_api_etl.py for tasks to queue
[2025-01-30 12:33:11,174] {logging_mixin.py:104} INFO - [2025-01-30 12:33:11,174] {dagbag.py:496} INFO - Filling up the DagBag from /home/airflow/.local/lib/python3.6/site-packages/airflow/example_dags/tutorial_taskflow_api_etl.py
[2025-01-30 12:33:11,198] {scheduler_job.py:643} INFO - DAG(s) dict_keys(['tutorial_taskflow_api_etl']) retrieved from /home/airflow/.local/lib/python3.6/site-packages/airflow/example_dags/tutorial_taskflow_api_etl.py
[2025-01-30 12:33:11,230] {logging_mixin.py:104} INFO - [2025-01-30 12:33:11,230] {dag.py:1833} INFO - Sync 1 DAGs
[2025-01-30 12:33:11,254] {logging_mixin.py:104} INFO - [2025-01-30 12:33:11,254] {dag.py:2306} INFO - Setting next_dagrun for tutorial_taskflow_api_etl to None
[2025-01-30 12:33:11,270] {scheduler_job.py:190} INFO - Processing /home/airflow/.local/lib/python3.6/site-packages/airflow/example_dags/tutorial_taskflow_api_etl.py took 0.102 seconds
[2025-01-30 12:33:41,704] {scheduler_job.py:182} INFO - Started process (PID=977) to work on /home/airflow/.local/lib/python3.6/site-packages/airflow/example_dags/tutorial_taskflow_api_etl.py
[2025-01-30 12:33:41,705] {scheduler_job.py:633} INFO - Processing file /home/airflow/.local/lib/python3.6/site-packages/airflow/example_dags/tutorial_taskflow_api_etl.py for tasks to queue
[2025-01-30 12:33:41,706] {logging_mixin.py:104} INFO - [2025-01-30 12:33:41,705] {dagbag.py:496} INFO - Filling up the DagBag from /home/airflow/.local/lib/python3.6/site-packages/airflow/example_dags/tutorial_taskflow_api_etl.py
[2025-01-30 12:33:41,727] {scheduler_job.py:643} INFO - DAG(s) dict_keys(['tutorial_taskflow_api_etl']) retrieved from /home/airflow/.local/lib/python3.6/site-packages/airflow/example_dags/tutorial_taskflow_api_etl.py
[2025-01-30 12:33:42,008] {logging_mixin.py:104} INFO - [2025-01-30 12:33:42,008] {dag.py:1833} INFO - Sync 1 DAGs
[2025-01-30 12:33:42,026] {logging_mixin.py:104} INFO - [2025-01-30 12:33:42,026] {dag.py:2306} INFO - Setting next_dagrun for tutorial_taskflow_api_etl to None
[2025-01-30 12:33:42,071] {scheduler_job.py:190} INFO - Processing /home/airflow/.local/lib/python3.6/site-packages/airflow/example_dags/tutorial_taskflow_api_etl.py took 0.372 seconds
