[2025-01-30 12:22:57,156] {scheduler_job.py:182} INFO - Started process (PID=377) to work on /home/airflow/.local/lib/python3.6/site-packages/airflow/example_dags/tutorial.py
[2025-01-30 12:22:57,157] {scheduler_job.py:633} INFO - Processing file /home/airflow/.local/lib/python3.6/site-packages/airflow/example_dags/tutorial.py for tasks to queue
[2025-01-30 12:22:57,158] {logging_mixin.py:104} INFO - [2025-01-30 12:22:57,158] {dagbag.py:496} INFO - Filling up the DagBag from /home/airflow/.local/lib/python3.6/site-packages/airflow/example_dags/tutorial.py
[2025-01-30 12:22:57,169] {scheduler_job.py:643} INFO - DAG(s) dict_keys(['tutorial']) retrieved from /home/airflow/.local/lib/python3.6/site-packages/airflow/example_dags/tutorial.py
[2025-01-30 12:22:58,966] {logging_mixin.py:104} INFO - [2025-01-30 12:22:58,965] {dag.py:1833} INFO - Sync 1 DAGs
[2025-01-30 12:22:58,974] {logging_mixin.py:104} INFO - [2025-01-30 12:22:58,973] {dag.py:1852} INFO - Creating ORM DAG for tutorial
[2025-01-30 12:22:58,977] {logging_mixin.py:104} INFO - [2025-01-30 12:22:58,977] {dag.py:2306} INFO - Setting next_dagrun for tutorial to 2025-01-28 00:00:00+00:00
[2025-01-30 12:22:58,986] {scheduler_job.py:190} INFO - Processing /home/airflow/.local/lib/python3.6/site-packages/airflow/example_dags/tutorial.py took 1.832 seconds
[2025-01-30 12:23:29,516] {scheduler_job.py:182} INFO - Started process (PID=510) to work on /home/airflow/.local/lib/python3.6/site-packages/airflow/example_dags/tutorial.py
[2025-01-30 12:23:29,518] {scheduler_job.py:633} INFO - Processing file /home/airflow/.local/lib/python3.6/site-packages/airflow/example_dags/tutorial.py for tasks to queue
[2025-01-30 12:23:29,518] {logging_mixin.py:104} INFO - [2025-01-30 12:23:29,518] {dagbag.py:496} INFO - Filling up the DagBag from /home/airflow/.local/lib/python3.6/site-packages/airflow/example_dags/tutorial.py
[2025-01-30 12:23:29,536] {scheduler_job.py:643} INFO - DAG(s) dict_keys(['tutorial']) retrieved from /home/airflow/.local/lib/python3.6/site-packages/airflow/example_dags/tutorial.py
[2025-01-30 12:23:29,566] {logging_mixin.py:104} INFO - [2025-01-30 12:23:29,566] {dag.py:1833} INFO - Sync 1 DAGs
[2025-01-30 12:23:29,586] {logging_mixin.py:104} INFO - [2025-01-30 12:23:29,586] {dag.py:2306} INFO - Setting next_dagrun for tutorial to 2025-01-28 00:00:00+00:00
[2025-01-30 12:23:29,599] {scheduler_job.py:190} INFO - Processing /home/airflow/.local/lib/python3.6/site-packages/airflow/example_dags/tutorial.py took 0.087 seconds
[2025-01-30 12:23:59,787] {scheduler_job.py:182} INFO - Started process (PID=561) to work on /home/airflow/.local/lib/python3.6/site-packages/airflow/example_dags/tutorial.py
[2025-01-30 12:23:59,788] {scheduler_job.py:633} INFO - Processing file /home/airflow/.local/lib/python3.6/site-packages/airflow/example_dags/tutorial.py for tasks to queue
[2025-01-30 12:23:59,789] {logging_mixin.py:104} INFO - [2025-01-30 12:23:59,789] {dagbag.py:496} INFO - Filling up the DagBag from /home/airflow/.local/lib/python3.6/site-packages/airflow/example_dags/tutorial.py
[2025-01-30 12:23:59,806] {scheduler_job.py:643} INFO - DAG(s) dict_keys(['tutorial']) retrieved from /home/airflow/.local/lib/python3.6/site-packages/airflow/example_dags/tutorial.py
[2025-01-30 12:23:59,839] {logging_mixin.py:104} INFO - [2025-01-30 12:23:59,839] {dag.py:1833} INFO - Sync 1 DAGs
[2025-01-30 12:23:59,862] {logging_mixin.py:104} INFO - [2025-01-30 12:23:59,862] {dag.py:2306} INFO - Setting next_dagrun for tutorial to 2025-01-28 00:00:00+00:00
[2025-01-30 12:23:59,897] {scheduler_job.py:190} INFO - Processing /home/airflow/.local/lib/python3.6/site-packages/airflow/example_dags/tutorial.py took 0.115 seconds
[2025-01-30 12:24:30,065] {scheduler_job.py:182} INFO - Started process (PID=612) to work on /home/airflow/.local/lib/python3.6/site-packages/airflow/example_dags/tutorial.py
[2025-01-30 12:24:30,067] {scheduler_job.py:633} INFO - Processing file /home/airflow/.local/lib/python3.6/site-packages/airflow/example_dags/tutorial.py for tasks to queue
[2025-01-30 12:24:30,068] {logging_mixin.py:104} INFO - [2025-01-30 12:24:30,068] {dagbag.py:496} INFO - Filling up the DagBag from /home/airflow/.local/lib/python3.6/site-packages/airflow/example_dags/tutorial.py
[2025-01-30 12:24:30,086] {scheduler_job.py:643} INFO - DAG(s) dict_keys(['tutorial']) retrieved from /home/airflow/.local/lib/python3.6/site-packages/airflow/example_dags/tutorial.py
[2025-01-30 12:24:30,118] {logging_mixin.py:104} INFO - [2025-01-30 12:24:30,117] {dag.py:1833} INFO - Sync 1 DAGs
[2025-01-30 12:24:30,141] {logging_mixin.py:104} INFO - [2025-01-30 12:24:30,141] {dag.py:2306} INFO - Setting next_dagrun for tutorial to 2025-01-28 00:00:00+00:00
[2025-01-30 12:24:30,169] {scheduler_job.py:190} INFO - Processing /home/airflow/.local/lib/python3.6/site-packages/airflow/example_dags/tutorial.py took 0.108 seconds
[2025-01-30 12:25:00,769] {scheduler_job.py:182} INFO - Started process (PID=67) to work on /home/airflow/.local/lib/python3.6/site-packages/airflow/example_dags/tutorial.py
[2025-01-30 12:25:00,771] {scheduler_job.py:633} INFO - Processing file /home/airflow/.local/lib/python3.6/site-packages/airflow/example_dags/tutorial.py for tasks to queue
[2025-01-30 12:25:00,772] {logging_mixin.py:104} INFO - [2025-01-30 12:25:00,772] {dagbag.py:496} INFO - Filling up the DagBag from /home/airflow/.local/lib/python3.6/site-packages/airflow/example_dags/tutorial.py
[2025-01-30 12:25:00,787] {scheduler_job.py:643} INFO - DAG(s) dict_keys(['tutorial']) retrieved from /home/airflow/.local/lib/python3.6/site-packages/airflow/example_dags/tutorial.py
[2025-01-30 12:25:00,811] {logging_mixin.py:104} INFO - [2025-01-30 12:25:00,811] {dag.py:1833} INFO - Sync 1 DAGs
[2025-01-30 12:25:00,830] {logging_mixin.py:104} INFO - [2025-01-30 12:25:00,830] {dag.py:2306} INFO - Setting next_dagrun for tutorial to 2025-01-28 00:00:00+00:00
[2025-01-30 12:25:00,842] {scheduler_job.py:190} INFO - Processing /home/airflow/.local/lib/python3.6/site-packages/airflow/example_dags/tutorial.py took 0.078 seconds
[2025-01-30 12:25:31,241] {scheduler_job.py:182} INFO - Started process (PID=118) to work on /home/airflow/.local/lib/python3.6/site-packages/airflow/example_dags/tutorial.py
[2025-01-30 12:25:31,241] {scheduler_job.py:633} INFO - Processing file /home/airflow/.local/lib/python3.6/site-packages/airflow/example_dags/tutorial.py for tasks to queue
[2025-01-30 12:25:31,242] {logging_mixin.py:104} INFO - [2025-01-30 12:25:31,242] {dagbag.py:496} INFO - Filling up the DagBag from /home/airflow/.local/lib/python3.6/site-packages/airflow/example_dags/tutorial.py
[2025-01-30 12:25:31,254] {scheduler_job.py:643} INFO - DAG(s) dict_keys(['tutorial']) retrieved from /home/airflow/.local/lib/python3.6/site-packages/airflow/example_dags/tutorial.py
[2025-01-30 12:25:31,275] {logging_mixin.py:104} INFO - [2025-01-30 12:25:31,275] {dag.py:1833} INFO - Sync 1 DAGs
[2025-01-30 12:25:31,288] {logging_mixin.py:104} INFO - [2025-01-30 12:25:31,288] {dag.py:2306} INFO - Setting next_dagrun for tutorial to 2025-01-28 00:00:00+00:00
[2025-01-30 12:25:31,296] {scheduler_job.py:190} INFO - Processing /home/airflow/.local/lib/python3.6/site-packages/airflow/example_dags/tutorial.py took 0.058 seconds
[2025-01-30 12:26:02,091] {scheduler_job.py:182} INFO - Started process (PID=169) to work on /home/airflow/.local/lib/python3.6/site-packages/airflow/example_dags/tutorial.py
[2025-01-30 12:26:02,092] {scheduler_job.py:633} INFO - Processing file /home/airflow/.local/lib/python3.6/site-packages/airflow/example_dags/tutorial.py for tasks to queue
[2025-01-30 12:26:02,093] {logging_mixin.py:104} INFO - [2025-01-30 12:26:02,093] {dagbag.py:496} INFO - Filling up the DagBag from /home/airflow/.local/lib/python3.6/site-packages/airflow/example_dags/tutorial.py
[2025-01-30 12:26:02,109] {scheduler_job.py:643} INFO - DAG(s) dict_keys(['tutorial']) retrieved from /home/airflow/.local/lib/python3.6/site-packages/airflow/example_dags/tutorial.py
[2025-01-30 12:26:02,137] {logging_mixin.py:104} INFO - [2025-01-30 12:26:02,137] {dag.py:1833} INFO - Sync 1 DAGs
[2025-01-30 12:26:02,157] {logging_mixin.py:104} INFO - [2025-01-30 12:26:02,157] {dag.py:2306} INFO - Setting next_dagrun for tutorial to 2025-01-28 00:00:00+00:00
[2025-01-30 12:26:02,169] {scheduler_job.py:190} INFO - Processing /home/airflow/.local/lib/python3.6/site-packages/airflow/example_dags/tutorial.py took 0.082 seconds
[2025-01-30 12:26:32,945] {scheduler_job.py:182} INFO - Started process (PID=230) to work on /home/airflow/.local/lib/python3.6/site-packages/airflow/example_dags/tutorial.py
[2025-01-30 12:26:32,946] {scheduler_job.py:633} INFO - Processing file /home/airflow/.local/lib/python3.6/site-packages/airflow/example_dags/tutorial.py for tasks to queue
[2025-01-30 12:26:32,947] {logging_mixin.py:104} INFO - [2025-01-30 12:26:32,947] {dagbag.py:496} INFO - Filling up the DagBag from /home/airflow/.local/lib/python3.6/site-packages/airflow/example_dags/tutorial.py
[2025-01-30 12:26:32,964] {scheduler_job.py:643} INFO - DAG(s) dict_keys(['tutorial']) retrieved from /home/airflow/.local/lib/python3.6/site-packages/airflow/example_dags/tutorial.py
[2025-01-30 12:26:32,995] {logging_mixin.py:104} INFO - [2025-01-30 12:26:32,994] {dag.py:1833} INFO - Sync 1 DAGs
[2025-01-30 12:26:33,016] {logging_mixin.py:104} INFO - [2025-01-30 12:26:33,016] {dag.py:2306} INFO - Setting next_dagrun for tutorial to 2025-01-28 00:00:00+00:00
[2025-01-30 12:26:33,030] {scheduler_job.py:190} INFO - Processing /home/airflow/.local/lib/python3.6/site-packages/airflow/example_dags/tutorial.py took 0.090 seconds
[2025-01-30 12:27:03,725] {scheduler_job.py:182} INFO - Started process (PID=281) to work on /home/airflow/.local/lib/python3.6/site-packages/airflow/example_dags/tutorial.py
[2025-01-30 12:27:03,726] {scheduler_job.py:633} INFO - Processing file /home/airflow/.local/lib/python3.6/site-packages/airflow/example_dags/tutorial.py for tasks to queue
[2025-01-30 12:27:03,727] {logging_mixin.py:104} INFO - [2025-01-30 12:27:03,727] {dagbag.py:496} INFO - Filling up the DagBag from /home/airflow/.local/lib/python3.6/site-packages/airflow/example_dags/tutorial.py
[2025-01-30 12:27:03,743] {scheduler_job.py:643} INFO - DAG(s) dict_keys(['tutorial']) retrieved from /home/airflow/.local/lib/python3.6/site-packages/airflow/example_dags/tutorial.py
[2025-01-30 12:27:03,770] {logging_mixin.py:104} INFO - [2025-01-30 12:27:03,769] {dag.py:1833} INFO - Sync 1 DAGs
[2025-01-30 12:27:03,790] {logging_mixin.py:104} INFO - [2025-01-30 12:27:03,790] {dag.py:2306} INFO - Setting next_dagrun for tutorial to 2025-01-28 00:00:00+00:00
[2025-01-30 12:27:03,801] {scheduler_job.py:190} INFO - Processing /home/airflow/.local/lib/python3.6/site-packages/airflow/example_dags/tutorial.py took 0.080 seconds
[2025-01-30 12:27:34,554] {scheduler_job.py:182} INFO - Started process (PID=332) to work on /home/airflow/.local/lib/python3.6/site-packages/airflow/example_dags/tutorial.py
[2025-01-30 12:27:34,557] {scheduler_job.py:633} INFO - Processing file /home/airflow/.local/lib/python3.6/site-packages/airflow/example_dags/tutorial.py for tasks to queue
[2025-01-30 12:27:34,558] {logging_mixin.py:104} INFO - [2025-01-30 12:27:34,557] {dagbag.py:496} INFO - Filling up the DagBag from /home/airflow/.local/lib/python3.6/site-packages/airflow/example_dags/tutorial.py
[2025-01-30 12:27:34,579] {scheduler_job.py:643} INFO - DAG(s) dict_keys(['tutorial']) retrieved from /home/airflow/.local/lib/python3.6/site-packages/airflow/example_dags/tutorial.py
[2025-01-30 12:27:34,609] {logging_mixin.py:104} INFO - [2025-01-30 12:27:34,609] {dag.py:1833} INFO - Sync 1 DAGs
[2025-01-30 12:27:34,629] {logging_mixin.py:104} INFO - [2025-01-30 12:27:34,629] {dag.py:2306} INFO - Setting next_dagrun for tutorial to 2025-01-28 00:00:00+00:00
[2025-01-30 12:27:34,641] {scheduler_job.py:190} INFO - Processing /home/airflow/.local/lib/python3.6/site-packages/airflow/example_dags/tutorial.py took 0.091 seconds
[2025-01-30 12:28:05,282] {scheduler_job.py:182} INFO - Started process (PID=393) to work on /home/airflow/.local/lib/python3.6/site-packages/airflow/example_dags/tutorial.py
[2025-01-30 12:28:05,283] {scheduler_job.py:633} INFO - Processing file /home/airflow/.local/lib/python3.6/site-packages/airflow/example_dags/tutorial.py for tasks to queue
[2025-01-30 12:28:05,284] {logging_mixin.py:104} INFO - [2025-01-30 12:28:05,284] {dagbag.py:496} INFO - Filling up the DagBag from /home/airflow/.local/lib/python3.6/site-packages/airflow/example_dags/tutorial.py
[2025-01-30 12:28:05,299] {scheduler_job.py:643} INFO - DAG(s) dict_keys(['tutorial']) retrieved from /home/airflow/.local/lib/python3.6/site-packages/airflow/example_dags/tutorial.py
[2025-01-30 12:28:05,327] {logging_mixin.py:104} INFO - [2025-01-30 12:28:05,326] {dag.py:1833} INFO - Sync 1 DAGs
[2025-01-30 12:28:05,346] {logging_mixin.py:104} INFO - [2025-01-30 12:28:05,346] {dag.py:2306} INFO - Setting next_dagrun for tutorial to 2025-01-28 00:00:00+00:00
[2025-01-30 12:28:05,357] {scheduler_job.py:190} INFO - Processing /home/airflow/.local/lib/python3.6/site-packages/airflow/example_dags/tutorial.py took 0.079 seconds
[2025-01-30 12:28:35,836] {scheduler_job.py:182} INFO - Started process (PID=444) to work on /home/airflow/.local/lib/python3.6/site-packages/airflow/example_dags/tutorial.py
[2025-01-30 12:28:35,838] {scheduler_job.py:633} INFO - Processing file /home/airflow/.local/lib/python3.6/site-packages/airflow/example_dags/tutorial.py for tasks to queue
[2025-01-30 12:28:35,838] {logging_mixin.py:104} INFO - [2025-01-30 12:28:35,838] {dagbag.py:496} INFO - Filling up the DagBag from /home/airflow/.local/lib/python3.6/site-packages/airflow/example_dags/tutorial.py
[2025-01-30 12:28:35,855] {scheduler_job.py:643} INFO - DAG(s) dict_keys(['tutorial']) retrieved from /home/airflow/.local/lib/python3.6/site-packages/airflow/example_dags/tutorial.py
[2025-01-30 12:28:35,885] {logging_mixin.py:104} INFO - [2025-01-30 12:28:35,885] {dag.py:1833} INFO - Sync 1 DAGs
[2025-01-30 12:28:35,908] {logging_mixin.py:104} INFO - [2025-01-30 12:28:35,908] {dag.py:2306} INFO - Setting next_dagrun for tutorial to 2025-01-28 00:00:00+00:00
[2025-01-30 12:28:35,924] {scheduler_job.py:190} INFO - Processing /home/airflow/.local/lib/python3.6/site-packages/airflow/example_dags/tutorial.py took 0.092 seconds
[2025-01-30 12:29:06,431] {scheduler_job.py:182} INFO - Started process (PID=495) to work on /home/airflow/.local/lib/python3.6/site-packages/airflow/example_dags/tutorial.py
[2025-01-30 12:29:06,433] {scheduler_job.py:633} INFO - Processing file /home/airflow/.local/lib/python3.6/site-packages/airflow/example_dags/tutorial.py for tasks to queue
[2025-01-30 12:29:06,434] {logging_mixin.py:104} INFO - [2025-01-30 12:29:06,434] {dagbag.py:496} INFO - Filling up the DagBag from /home/airflow/.local/lib/python3.6/site-packages/airflow/example_dags/tutorial.py
[2025-01-30 12:29:06,453] {scheduler_job.py:643} INFO - DAG(s) dict_keys(['tutorial']) retrieved from /home/airflow/.local/lib/python3.6/site-packages/airflow/example_dags/tutorial.py
[2025-01-30 12:29:06,486] {logging_mixin.py:104} INFO - [2025-01-30 12:29:06,486] {dag.py:1833} INFO - Sync 1 DAGs
[2025-01-30 12:29:06,512] {logging_mixin.py:104} INFO - [2025-01-30 12:29:06,511] {dag.py:2306} INFO - Setting next_dagrun for tutorial to 2025-01-28 00:00:00+00:00
[2025-01-30 12:29:06,526] {scheduler_job.py:190} INFO - Processing /home/airflow/.local/lib/python3.6/site-packages/airflow/example_dags/tutorial.py took 0.100 seconds
[2025-01-30 12:29:37,433] {scheduler_job.py:182} INFO - Started process (PID=556) to work on /home/airflow/.local/lib/python3.6/site-packages/airflow/example_dags/tutorial.py
[2025-01-30 12:29:37,434] {scheduler_job.py:633} INFO - Processing file /home/airflow/.local/lib/python3.6/site-packages/airflow/example_dags/tutorial.py for tasks to queue
[2025-01-30 12:29:37,435] {logging_mixin.py:104} INFO - [2025-01-30 12:29:37,435] {dagbag.py:496} INFO - Filling up the DagBag from /home/airflow/.local/lib/python3.6/site-packages/airflow/example_dags/tutorial.py
[2025-01-30 12:29:37,451] {scheduler_job.py:643} INFO - DAG(s) dict_keys(['tutorial']) retrieved from /home/airflow/.local/lib/python3.6/site-packages/airflow/example_dags/tutorial.py
[2025-01-30 12:29:37,479] {logging_mixin.py:104} INFO - [2025-01-30 12:29:37,479] {dag.py:1833} INFO - Sync 1 DAGs
[2025-01-30 12:29:37,499] {logging_mixin.py:104} INFO - [2025-01-30 12:29:37,498] {dag.py:2306} INFO - Setting next_dagrun for tutorial to 2025-01-28 00:00:00+00:00
[2025-01-30 12:29:37,511] {scheduler_job.py:190} INFO - Processing /home/airflow/.local/lib/python3.6/site-packages/airflow/example_dags/tutorial.py took 0.083 seconds
[2025-01-30 12:30:08,184] {scheduler_job.py:182} INFO - Started process (PID=607) to work on /home/airflow/.local/lib/python3.6/site-packages/airflow/example_dags/tutorial.py
[2025-01-30 12:30:08,186] {scheduler_job.py:633} INFO - Processing file /home/airflow/.local/lib/python3.6/site-packages/airflow/example_dags/tutorial.py for tasks to queue
[2025-01-30 12:30:08,186] {logging_mixin.py:104} INFO - [2025-01-30 12:30:08,186] {dagbag.py:496} INFO - Filling up the DagBag from /home/airflow/.local/lib/python3.6/site-packages/airflow/example_dags/tutorial.py
[2025-01-30 12:30:08,203] {scheduler_job.py:643} INFO - DAG(s) dict_keys(['tutorial']) retrieved from /home/airflow/.local/lib/python3.6/site-packages/airflow/example_dags/tutorial.py
[2025-01-30 12:30:08,234] {logging_mixin.py:104} INFO - [2025-01-30 12:30:08,234] {dag.py:1833} INFO - Sync 1 DAGs
[2025-01-30 12:30:08,254] {logging_mixin.py:104} INFO - [2025-01-30 12:30:08,254] {dag.py:2306} INFO - Setting next_dagrun for tutorial to 2025-01-28 00:00:00+00:00
[2025-01-30 12:30:08,265] {scheduler_job.py:190} INFO - Processing /home/airflow/.local/lib/python3.6/site-packages/airflow/example_dags/tutorial.py took 0.085 seconds
[2025-01-30 12:30:38,785] {scheduler_job.py:182} INFO - Started process (PID=668) to work on /home/airflow/.local/lib/python3.6/site-packages/airflow/example_dags/tutorial.py
[2025-01-30 12:30:38,787] {scheduler_job.py:633} INFO - Processing file /home/airflow/.local/lib/python3.6/site-packages/airflow/example_dags/tutorial.py for tasks to queue
[2025-01-30 12:30:38,787] {logging_mixin.py:104} INFO - [2025-01-30 12:30:38,787] {dagbag.py:496} INFO - Filling up the DagBag from /home/airflow/.local/lib/python3.6/site-packages/airflow/example_dags/tutorial.py
[2025-01-30 12:30:38,803] {scheduler_job.py:643} INFO - DAG(s) dict_keys(['tutorial']) retrieved from /home/airflow/.local/lib/python3.6/site-packages/airflow/example_dags/tutorial.py
[2025-01-30 12:30:38,831] {logging_mixin.py:104} INFO - [2025-01-30 12:30:38,830] {dag.py:1833} INFO - Sync 1 DAGs
[2025-01-30 12:30:38,849] {logging_mixin.py:104} INFO - [2025-01-30 12:30:38,849] {dag.py:2306} INFO - Setting next_dagrun for tutorial to 2025-01-28 00:00:00+00:00
[2025-01-30 12:30:38,861] {scheduler_job.py:190} INFO - Processing /home/airflow/.local/lib/python3.6/site-packages/airflow/example_dags/tutorial.py took 0.080 seconds
[2025-01-30 12:31:09,442] {scheduler_job.py:182} INFO - Started process (PID=719) to work on /home/airflow/.local/lib/python3.6/site-packages/airflow/example_dags/tutorial.py
[2025-01-30 12:31:09,443] {scheduler_job.py:633} INFO - Processing file /home/airflow/.local/lib/python3.6/site-packages/airflow/example_dags/tutorial.py for tasks to queue
[2025-01-30 12:31:09,443] {logging_mixin.py:104} INFO - [2025-01-30 12:31:09,443] {dagbag.py:496} INFO - Filling up the DagBag from /home/airflow/.local/lib/python3.6/site-packages/airflow/example_dags/tutorial.py
[2025-01-30 12:31:09,465] {scheduler_job.py:643} INFO - DAG(s) dict_keys(['tutorial']) retrieved from /home/airflow/.local/lib/python3.6/site-packages/airflow/example_dags/tutorial.py
[2025-01-30 12:31:09,495] {logging_mixin.py:104} INFO - [2025-01-30 12:31:09,495] {dag.py:1833} INFO - Sync 1 DAGs
[2025-01-30 12:31:09,517] {logging_mixin.py:104} INFO - [2025-01-30 12:31:09,517] {dag.py:2306} INFO - Setting next_dagrun for tutorial to 2025-01-28 00:00:00+00:00
[2025-01-30 12:31:09,529] {scheduler_job.py:190} INFO - Processing /home/airflow/.local/lib/python3.6/site-packages/airflow/example_dags/tutorial.py took 0.091 seconds
[2025-01-30 12:31:40,496] {scheduler_job.py:182} INFO - Started process (PID=770) to work on /home/airflow/.local/lib/python3.6/site-packages/airflow/example_dags/tutorial.py
[2025-01-30 12:31:40,498] {scheduler_job.py:633} INFO - Processing file /home/airflow/.local/lib/python3.6/site-packages/airflow/example_dags/tutorial.py for tasks to queue
[2025-01-30 12:31:40,499] {logging_mixin.py:104} INFO - [2025-01-30 12:31:40,498] {dagbag.py:496} INFO - Filling up the DagBag from /home/airflow/.local/lib/python3.6/site-packages/airflow/example_dags/tutorial.py
[2025-01-30 12:31:40,516] {scheduler_job.py:643} INFO - DAG(s) dict_keys(['tutorial']) retrieved from /home/airflow/.local/lib/python3.6/site-packages/airflow/example_dags/tutorial.py
[2025-01-30 12:31:40,546] {logging_mixin.py:104} INFO - [2025-01-30 12:31:40,546] {dag.py:1833} INFO - Sync 1 DAGs
[2025-01-30 12:31:40,568] {logging_mixin.py:104} INFO - [2025-01-30 12:31:40,568] {dag.py:2306} INFO - Setting next_dagrun for tutorial to 2025-01-28 00:00:00+00:00
[2025-01-30 12:31:40,582] {scheduler_job.py:190} INFO - Processing /home/airflow/.local/lib/python3.6/site-packages/airflow/example_dags/tutorial.py took 0.090 seconds
[2025-01-30 12:32:11,355] {scheduler_job.py:182} INFO - Started process (PID=831) to work on /home/airflow/.local/lib/python3.6/site-packages/airflow/example_dags/tutorial.py
[2025-01-30 12:32:11,356] {scheduler_job.py:633} INFO - Processing file /home/airflow/.local/lib/python3.6/site-packages/airflow/example_dags/tutorial.py for tasks to queue
[2025-01-30 12:32:11,357] {logging_mixin.py:104} INFO - [2025-01-30 12:32:11,357] {dagbag.py:496} INFO - Filling up the DagBag from /home/airflow/.local/lib/python3.6/site-packages/airflow/example_dags/tutorial.py
[2025-01-30 12:32:11,376] {scheduler_job.py:643} INFO - DAG(s) dict_keys(['tutorial']) retrieved from /home/airflow/.local/lib/python3.6/site-packages/airflow/example_dags/tutorial.py
[2025-01-30 12:32:11,403] {logging_mixin.py:104} INFO - [2025-01-30 12:32:11,403] {dag.py:1833} INFO - Sync 1 DAGs
[2025-01-30 12:32:11,421] {logging_mixin.py:104} INFO - [2025-01-30 12:32:11,421] {dag.py:2306} INFO - Setting next_dagrun for tutorial to 2025-01-28 00:00:00+00:00
[2025-01-30 12:32:11,432] {scheduler_job.py:190} INFO - Processing /home/airflow/.local/lib/python3.6/site-packages/airflow/example_dags/tutorial.py took 0.081 seconds
[2025-01-30 12:32:42,156] {scheduler_job.py:182} INFO - Started process (PID=882) to work on /home/airflow/.local/lib/python3.6/site-packages/airflow/example_dags/tutorial.py
[2025-01-30 12:32:42,158] {scheduler_job.py:633} INFO - Processing file /home/airflow/.local/lib/python3.6/site-packages/airflow/example_dags/tutorial.py for tasks to queue
[2025-01-30 12:32:42,158] {logging_mixin.py:104} INFO - [2025-01-30 12:32:42,158] {dagbag.py:496} INFO - Filling up the DagBag from /home/airflow/.local/lib/python3.6/site-packages/airflow/example_dags/tutorial.py
[2025-01-30 12:32:42,177] {scheduler_job.py:643} INFO - DAG(s) dict_keys(['tutorial']) retrieved from /home/airflow/.local/lib/python3.6/site-packages/airflow/example_dags/tutorial.py
[2025-01-30 12:32:42,208] {logging_mixin.py:104} INFO - [2025-01-30 12:32:42,208] {dag.py:1833} INFO - Sync 1 DAGs
[2025-01-30 12:32:42,230] {logging_mixin.py:104} INFO - [2025-01-30 12:32:42,230] {dag.py:2306} INFO - Setting next_dagrun for tutorial to 2025-01-28 00:00:00+00:00
[2025-01-30 12:32:42,243] {scheduler_job.py:190} INFO - Processing /home/airflow/.local/lib/python3.6/site-packages/airflow/example_dags/tutorial.py took 0.091 seconds
[2025-01-30 12:33:12,609] {scheduler_job.py:182} INFO - Started process (PID=933) to work on /home/airflow/.local/lib/python3.6/site-packages/airflow/example_dags/tutorial.py
[2025-01-30 12:33:12,610] {scheduler_job.py:633} INFO - Processing file /home/airflow/.local/lib/python3.6/site-packages/airflow/example_dags/tutorial.py for tasks to queue
[2025-01-30 12:33:12,611] {logging_mixin.py:104} INFO - [2025-01-30 12:33:12,611] {dagbag.py:496} INFO - Filling up the DagBag from /home/airflow/.local/lib/python3.6/site-packages/airflow/example_dags/tutorial.py
[2025-01-30 12:33:12,628] {scheduler_job.py:643} INFO - DAG(s) dict_keys(['tutorial']) retrieved from /home/airflow/.local/lib/python3.6/site-packages/airflow/example_dags/tutorial.py
[2025-01-30 12:33:12,660] {logging_mixin.py:104} INFO - [2025-01-30 12:33:12,660] {dag.py:1833} INFO - Sync 1 DAGs
[2025-01-30 12:33:12,683] {logging_mixin.py:104} INFO - [2025-01-30 12:33:12,682] {dag.py:2306} INFO - Setting next_dagrun for tutorial to 2025-01-28 00:00:00+00:00
[2025-01-30 12:33:12,699] {scheduler_job.py:190} INFO - Processing /home/airflow/.local/lib/python3.6/site-packages/airflow/example_dags/tutorial.py took 0.095 seconds
[2025-01-30 12:33:43,250] {scheduler_job.py:182} INFO - Started process (PID=994) to work on /home/airflow/.local/lib/python3.6/site-packages/airflow/example_dags/tutorial.py
[2025-01-30 12:33:43,251] {scheduler_job.py:633} INFO - Processing file /home/airflow/.local/lib/python3.6/site-packages/airflow/example_dags/tutorial.py for tasks to queue
[2025-01-30 12:33:43,252] {logging_mixin.py:104} INFO - [2025-01-30 12:33:43,252] {dagbag.py:496} INFO - Filling up the DagBag from /home/airflow/.local/lib/python3.6/site-packages/airflow/example_dags/tutorial.py
[2025-01-30 12:33:43,268] {scheduler_job.py:643} INFO - DAG(s) dict_keys(['tutorial']) retrieved from /home/airflow/.local/lib/python3.6/site-packages/airflow/example_dags/tutorial.py
[2025-01-30 12:33:43,295] {logging_mixin.py:104} INFO - [2025-01-30 12:33:43,295] {dag.py:1833} INFO - Sync 1 DAGs
[2025-01-30 12:33:43,318] {logging_mixin.py:104} INFO - [2025-01-30 12:33:43,317] {dag.py:2306} INFO - Setting next_dagrun for tutorial to 2025-01-28 00:00:00+00:00
[2025-01-30 12:33:43,330] {scheduler_job.py:190} INFO - Processing /home/airflow/.local/lib/python3.6/site-packages/airflow/example_dags/tutorial.py took 0.084 seconds
