[2025-02-05 10:16:12,025] {scheduler_job.py:182} INFO - Started process (PID=71) to work on /home/airflow/.local/lib/python3.6/site-packages/airflow/example_dags/example_dag_decorator.py
[2025-02-05 10:16:12,026] {scheduler_job.py:633} INFO - Processing file /home/airflow/.local/lib/python3.6/site-packages/airflow/example_dags/example_dag_decorator.py for tasks to queue
[2025-02-05 10:16:12,027] {logging_mixin.py:104} INFO - [2025-02-05 10:16:12,027] {dagbag.py:496} INFO - Filling up the DagBag from /home/airflow/.local/lib/python3.6/site-packages/airflow/example_dags/example_dag_decorator.py
[2025-02-05 10:16:12,046] {scheduler_job.py:643} INFO - DAG(s) dict_keys(['example_dag_decorator']) retrieved from /home/airflow/.local/lib/python3.6/site-packages/airflow/example_dags/example_dag_decorator.py
[2025-02-05 10:16:12,266] {logging_mixin.py:104} INFO - [2025-02-05 10:16:12,266] {dag.py:1833} INFO - Sync 1 DAGs
[2025-02-05 10:16:12,283] {logging_mixin.py:104} INFO - [2025-02-05 10:16:12,283] {dag.py:2306} INFO - Setting next_dagrun for example_dag_decorator to None
[2025-02-05 10:16:12,327] {scheduler_job.py:190} INFO - Processing /home/airflow/.local/lib/python3.6/site-packages/airflow/example_dags/example_dag_decorator.py took 0.305 seconds
[2025-02-05 10:16:43,008] {scheduler_job.py:182} INFO - Started process (PID=122) to work on /home/airflow/.local/lib/python3.6/site-packages/airflow/example_dags/example_dag_decorator.py
[2025-02-05 10:16:43,010] {scheduler_job.py:633} INFO - Processing file /home/airflow/.local/lib/python3.6/site-packages/airflow/example_dags/example_dag_decorator.py for tasks to queue
[2025-02-05 10:16:43,010] {logging_mixin.py:104} INFO - [2025-02-05 10:16:43,010] {dagbag.py:496} INFO - Filling up the DagBag from /home/airflow/.local/lib/python3.6/site-packages/airflow/example_dags/example_dag_decorator.py
[2025-02-05 10:16:43,036] {scheduler_job.py:643} INFO - DAG(s) dict_keys(['example_dag_decorator']) retrieved from /home/airflow/.local/lib/python3.6/site-packages/airflow/example_dags/example_dag_decorator.py
[2025-02-05 10:16:43,324] {logging_mixin.py:104} INFO - [2025-02-05 10:16:43,324] {dag.py:1833} INFO - Sync 1 DAGs
[2025-02-05 10:16:43,344] {logging_mixin.py:104} INFO - [2025-02-05 10:16:43,343] {dag.py:2306} INFO - Setting next_dagrun for example_dag_decorator to None
[2025-02-05 10:16:43,390] {scheduler_job.py:190} INFO - Processing /home/airflow/.local/lib/python3.6/site-packages/airflow/example_dags/example_dag_decorator.py took 0.386 seconds
[2025-02-05 10:17:13,563] {scheduler_job.py:182} INFO - Started process (PID=185) to work on /home/airflow/.local/lib/python3.6/site-packages/airflow/example_dags/example_dag_decorator.py
[2025-02-05 10:17:13,565] {scheduler_job.py:633} INFO - Processing file /home/airflow/.local/lib/python3.6/site-packages/airflow/example_dags/example_dag_decorator.py for tasks to queue
[2025-02-05 10:17:13,566] {logging_mixin.py:104} INFO - [2025-02-05 10:17:13,566] {dagbag.py:496} INFO - Filling up the DagBag from /home/airflow/.local/lib/python3.6/site-packages/airflow/example_dags/example_dag_decorator.py
[2025-02-05 10:17:13,593] {scheduler_job.py:643} INFO - DAG(s) dict_keys(['example_dag_decorator']) retrieved from /home/airflow/.local/lib/python3.6/site-packages/airflow/example_dags/example_dag_decorator.py
[2025-02-05 10:17:13,866] {logging_mixin.py:104} INFO - [2025-02-05 10:17:13,866] {dag.py:1833} INFO - Sync 1 DAGs
[2025-02-05 10:17:13,884] {logging_mixin.py:104} INFO - [2025-02-05 10:17:13,884] {dag.py:2306} INFO - Setting next_dagrun for example_dag_decorator to None
[2025-02-05 10:17:13,929] {scheduler_job.py:190} INFO - Processing /home/airflow/.local/lib/python3.6/site-packages/airflow/example_dags/example_dag_decorator.py took 0.370 seconds
[2025-02-05 10:17:44,243] {scheduler_job.py:182} INFO - Started process (PID=236) to work on /home/airflow/.local/lib/python3.6/site-packages/airflow/example_dags/example_dag_decorator.py
[2025-02-05 10:17:44,244] {scheduler_job.py:633} INFO - Processing file /home/airflow/.local/lib/python3.6/site-packages/airflow/example_dags/example_dag_decorator.py for tasks to queue
[2025-02-05 10:17:44,245] {logging_mixin.py:104} INFO - [2025-02-05 10:17:44,245] {dagbag.py:496} INFO - Filling up the DagBag from /home/airflow/.local/lib/python3.6/site-packages/airflow/example_dags/example_dag_decorator.py
[2025-02-05 10:17:44,270] {scheduler_job.py:643} INFO - DAG(s) dict_keys(['example_dag_decorator']) retrieved from /home/airflow/.local/lib/python3.6/site-packages/airflow/example_dags/example_dag_decorator.py
[2025-02-05 10:17:44,541] {logging_mixin.py:104} INFO - [2025-02-05 10:17:44,541] {dag.py:1833} INFO - Sync 1 DAGs
[2025-02-05 10:17:44,558] {logging_mixin.py:104} INFO - [2025-02-05 10:17:44,558] {dag.py:2306} INFO - Setting next_dagrun for example_dag_decorator to None
[2025-02-05 10:17:44,602] {scheduler_job.py:190} INFO - Processing /home/airflow/.local/lib/python3.6/site-packages/airflow/example_dags/example_dag_decorator.py took 0.363 seconds
[2025-02-05 10:18:15,006] {scheduler_job.py:182} INFO - Started process (PID=285) to work on /home/airflow/.local/lib/python3.6/site-packages/airflow/example_dags/example_dag_decorator.py
[2025-02-05 10:18:15,008] {scheduler_job.py:633} INFO - Processing file /home/airflow/.local/lib/python3.6/site-packages/airflow/example_dags/example_dag_decorator.py for tasks to queue
[2025-02-05 10:18:15,009] {logging_mixin.py:104} INFO - [2025-02-05 10:18:15,009] {dagbag.py:496} INFO - Filling up the DagBag from /home/airflow/.local/lib/python3.6/site-packages/airflow/example_dags/example_dag_decorator.py
[2025-02-05 10:18:15,035] {scheduler_job.py:643} INFO - DAG(s) dict_keys(['example_dag_decorator']) retrieved from /home/airflow/.local/lib/python3.6/site-packages/airflow/example_dags/example_dag_decorator.py
[2025-02-05 10:18:15,323] {logging_mixin.py:104} INFO - [2025-02-05 10:18:15,323] {dag.py:1833} INFO - Sync 1 DAGs
[2025-02-05 10:18:15,342] {logging_mixin.py:104} INFO - [2025-02-05 10:18:15,342] {dag.py:2306} INFO - Setting next_dagrun for example_dag_decorator to None
[2025-02-05 10:18:15,389] {scheduler_job.py:190} INFO - Processing /home/airflow/.local/lib/python3.6/site-packages/airflow/example_dags/example_dag_decorator.py took 0.387 seconds
[2025-02-05 10:18:45,459] {scheduler_job.py:182} INFO - Started process (PID=348) to work on /home/airflow/.local/lib/python3.6/site-packages/airflow/example_dags/example_dag_decorator.py
[2025-02-05 10:18:45,460] {scheduler_job.py:633} INFO - Processing file /home/airflow/.local/lib/python3.6/site-packages/airflow/example_dags/example_dag_decorator.py for tasks to queue
[2025-02-05 10:18:45,460] {logging_mixin.py:104} INFO - [2025-02-05 10:18:45,460] {dagbag.py:496} INFO - Filling up the DagBag from /home/airflow/.local/lib/python3.6/site-packages/airflow/example_dags/example_dag_decorator.py
[2025-02-05 10:18:45,475] {scheduler_job.py:643} INFO - DAG(s) dict_keys(['example_dag_decorator']) retrieved from /home/airflow/.local/lib/python3.6/site-packages/airflow/example_dags/example_dag_decorator.py
[2025-02-05 10:18:45,638] {logging_mixin.py:104} INFO - [2025-02-05 10:18:45,638] {dag.py:1833} INFO - Sync 1 DAGs
[2025-02-05 10:18:45,649] {logging_mixin.py:104} INFO - [2025-02-05 10:18:45,649] {dag.py:2306} INFO - Setting next_dagrun for example_dag_decorator to None
[2025-02-05 10:18:45,689] {scheduler_job.py:190} INFO - Processing /home/airflow/.local/lib/python3.6/site-packages/airflow/example_dags/example_dag_decorator.py took 0.233 seconds
[2025-02-05 10:19:16,119] {scheduler_job.py:182} INFO - Started process (PID=396) to work on /home/airflow/.local/lib/python3.6/site-packages/airflow/example_dags/example_dag_decorator.py
[2025-02-05 10:19:16,121] {scheduler_job.py:633} INFO - Processing file /home/airflow/.local/lib/python3.6/site-packages/airflow/example_dags/example_dag_decorator.py for tasks to queue
[2025-02-05 10:19:16,121] {logging_mixin.py:104} INFO - [2025-02-05 10:19:16,121] {dagbag.py:496} INFO - Filling up the DagBag from /home/airflow/.local/lib/python3.6/site-packages/airflow/example_dags/example_dag_decorator.py
[2025-02-05 10:19:16,147] {scheduler_job.py:643} INFO - DAG(s) dict_keys(['example_dag_decorator']) retrieved from /home/airflow/.local/lib/python3.6/site-packages/airflow/example_dags/example_dag_decorator.py
[2025-02-05 10:19:16,444] {logging_mixin.py:104} INFO - [2025-02-05 10:19:16,444] {dag.py:1833} INFO - Sync 1 DAGs
[2025-02-05 10:19:16,463] {logging_mixin.py:104} INFO - [2025-02-05 10:19:16,463] {dag.py:2306} INFO - Setting next_dagrun for example_dag_decorator to None
[2025-02-05 10:19:16,509] {scheduler_job.py:190} INFO - Processing /home/airflow/.local/lib/python3.6/site-packages/airflow/example_dags/example_dag_decorator.py took 0.394 seconds
[2025-02-05 10:19:46,803] {scheduler_job.py:182} INFO - Started process (PID=458) to work on /home/airflow/.local/lib/python3.6/site-packages/airflow/example_dags/example_dag_decorator.py
[2025-02-05 10:19:46,804] {scheduler_job.py:633} INFO - Processing file /home/airflow/.local/lib/python3.6/site-packages/airflow/example_dags/example_dag_decorator.py for tasks to queue
[2025-02-05 10:19:46,805] {logging_mixin.py:104} INFO - [2025-02-05 10:19:46,805] {dagbag.py:496} INFO - Filling up the DagBag from /home/airflow/.local/lib/python3.6/site-packages/airflow/example_dags/example_dag_decorator.py
[2025-02-05 10:19:46,831] {scheduler_job.py:643} INFO - DAG(s) dict_keys(['example_dag_decorator']) retrieved from /home/airflow/.local/lib/python3.6/site-packages/airflow/example_dags/example_dag_decorator.py
[2025-02-05 10:19:47,116] {logging_mixin.py:104} INFO - [2025-02-05 10:19:47,116] {dag.py:1833} INFO - Sync 1 DAGs
[2025-02-05 10:19:47,135] {logging_mixin.py:104} INFO - [2025-02-05 10:19:47,135] {dag.py:2306} INFO - Setting next_dagrun for example_dag_decorator to None
[2025-02-05 10:19:47,181] {scheduler_job.py:190} INFO - Processing /home/airflow/.local/lib/python3.6/site-packages/airflow/example_dags/example_dag_decorator.py took 0.383 seconds
[2025-02-05 10:20:17,407] {scheduler_job.py:182} INFO - Started process (PID=508) to work on /home/airflow/.local/lib/python3.6/site-packages/airflow/example_dags/example_dag_decorator.py
[2025-02-05 10:20:17,408] {scheduler_job.py:633} INFO - Processing file /home/airflow/.local/lib/python3.6/site-packages/airflow/example_dags/example_dag_decorator.py for tasks to queue
[2025-02-05 10:20:17,408] {logging_mixin.py:104} INFO - [2025-02-05 10:20:17,408] {dagbag.py:496} INFO - Filling up the DagBag from /home/airflow/.local/lib/python3.6/site-packages/airflow/example_dags/example_dag_decorator.py
[2025-02-05 10:20:17,423] {scheduler_job.py:643} INFO - DAG(s) dict_keys(['example_dag_decorator']) retrieved from /home/airflow/.local/lib/python3.6/site-packages/airflow/example_dags/example_dag_decorator.py
[2025-02-05 10:20:17,442] {logging_mixin.py:104} INFO - [2025-02-05 10:20:17,442] {dag.py:1833} INFO - Sync 1 DAGs
[2025-02-05 10:20:17,454] {logging_mixin.py:104} INFO - [2025-02-05 10:20:17,454] {dag.py:2306} INFO - Setting next_dagrun for example_dag_decorator to None
[2025-02-05 10:20:17,464] {scheduler_job.py:190} INFO - Processing /home/airflow/.local/lib/python3.6/site-packages/airflow/example_dags/example_dag_decorator.py took 0.060 seconds
[2025-02-05 10:20:48,171] {scheduler_job.py:182} INFO - Started process (PID=569) to work on /home/airflow/.local/lib/python3.6/site-packages/airflow/example_dags/example_dag_decorator.py
[2025-02-05 10:20:48,171] {scheduler_job.py:633} INFO - Processing file /home/airflow/.local/lib/python3.6/site-packages/airflow/example_dags/example_dag_decorator.py for tasks to queue
[2025-02-05 10:20:48,172] {logging_mixin.py:104} INFO - [2025-02-05 10:20:48,172] {dagbag.py:496} INFO - Filling up the DagBag from /home/airflow/.local/lib/python3.6/site-packages/airflow/example_dags/example_dag_decorator.py
[2025-02-05 10:20:48,186] {scheduler_job.py:643} INFO - DAG(s) dict_keys(['example_dag_decorator']) retrieved from /home/airflow/.local/lib/python3.6/site-packages/airflow/example_dags/example_dag_decorator.py
[2025-02-05 10:20:48,354] {logging_mixin.py:104} INFO - [2025-02-05 10:20:48,354] {dag.py:1833} INFO - Sync 1 DAGs
[2025-02-05 10:20:48,364] {logging_mixin.py:104} INFO - [2025-02-05 10:20:48,364] {dag.py:2306} INFO - Setting next_dagrun for example_dag_decorator to None
[2025-02-05 10:20:48,372] {scheduler_job.py:190} INFO - Processing /home/airflow/.local/lib/python3.6/site-packages/airflow/example_dags/example_dag_decorator.py took 0.204 seconds
[2025-02-05 10:21:18,619] {scheduler_job.py:182} INFO - Started process (PID=620) to work on /home/airflow/.local/lib/python3.6/site-packages/airflow/example_dags/example_dag_decorator.py
[2025-02-05 10:21:18,620] {scheduler_job.py:633} INFO - Processing file /home/airflow/.local/lib/python3.6/site-packages/airflow/example_dags/example_dag_decorator.py for tasks to queue
[2025-02-05 10:21:18,620] {logging_mixin.py:104} INFO - [2025-02-05 10:21:18,620] {dagbag.py:496} INFO - Filling up the DagBag from /home/airflow/.local/lib/python3.6/site-packages/airflow/example_dags/example_dag_decorator.py
[2025-02-05 10:21:18,635] {scheduler_job.py:643} INFO - DAG(s) dict_keys(['example_dag_decorator']) retrieved from /home/airflow/.local/lib/python3.6/site-packages/airflow/example_dags/example_dag_decorator.py
[2025-02-05 10:21:18,784] {logging_mixin.py:104} INFO - [2025-02-05 10:21:18,783] {dag.py:1833} INFO - Sync 1 DAGs
[2025-02-05 10:21:18,794] {logging_mixin.py:104} INFO - [2025-02-05 10:21:18,793] {dag.py:2306} INFO - Setting next_dagrun for example_dag_decorator to None
[2025-02-05 10:21:18,823] {scheduler_job.py:190} INFO - Processing /home/airflow/.local/lib/python3.6/site-packages/airflow/example_dags/example_dag_decorator.py took 0.206 seconds
[2025-02-05 10:21:49,105] {scheduler_job.py:182} INFO - Started process (PID=681) to work on /home/airflow/.local/lib/python3.6/site-packages/airflow/example_dags/example_dag_decorator.py
[2025-02-05 10:21:49,105] {scheduler_job.py:633} INFO - Processing file /home/airflow/.local/lib/python3.6/site-packages/airflow/example_dags/example_dag_decorator.py for tasks to queue
[2025-02-05 10:21:49,106] {logging_mixin.py:104} INFO - [2025-02-05 10:21:49,106] {dagbag.py:496} INFO - Filling up the DagBag from /home/airflow/.local/lib/python3.6/site-packages/airflow/example_dags/example_dag_decorator.py
[2025-02-05 10:21:49,119] {scheduler_job.py:643} INFO - DAG(s) dict_keys(['example_dag_decorator']) retrieved from /home/airflow/.local/lib/python3.6/site-packages/airflow/example_dags/example_dag_decorator.py
[2025-02-05 10:21:49,280] {logging_mixin.py:104} INFO - [2025-02-05 10:21:49,280] {dag.py:1833} INFO - Sync 1 DAGs
[2025-02-05 10:21:49,291] {logging_mixin.py:104} INFO - [2025-02-05 10:21:49,291] {dag.py:2306} INFO - Setting next_dagrun for example_dag_decorator to None
[2025-02-05 10:21:49,299] {scheduler_job.py:190} INFO - Processing /home/airflow/.local/lib/python3.6/site-packages/airflow/example_dags/example_dag_decorator.py took 0.197 seconds
[2025-02-05 10:22:19,923] {scheduler_job.py:182} INFO - Started process (PID=742) to work on /home/airflow/.local/lib/python3.6/site-packages/airflow/example_dags/example_dag_decorator.py
[2025-02-05 10:22:19,924] {scheduler_job.py:633} INFO - Processing file /home/airflow/.local/lib/python3.6/site-packages/airflow/example_dags/example_dag_decorator.py for tasks to queue
[2025-02-05 10:22:19,925] {logging_mixin.py:104} INFO - [2025-02-05 10:22:19,925] {dagbag.py:496} INFO - Filling up the DagBag from /home/airflow/.local/lib/python3.6/site-packages/airflow/example_dags/example_dag_decorator.py
[2025-02-05 10:22:19,939] {scheduler_job.py:643} INFO - DAG(s) dict_keys(['example_dag_decorator']) retrieved from /home/airflow/.local/lib/python3.6/site-packages/airflow/example_dags/example_dag_decorator.py
[2025-02-05 10:22:20,099] {logging_mixin.py:104} INFO - [2025-02-05 10:22:20,099] {dag.py:1833} INFO - Sync 1 DAGs
[2025-02-05 10:22:20,110] {logging_mixin.py:104} INFO - [2025-02-05 10:22:20,110] {dag.py:2306} INFO - Setting next_dagrun for example_dag_decorator to None
[2025-02-05 10:22:20,119] {scheduler_job.py:190} INFO - Processing /home/airflow/.local/lib/python3.6/site-packages/airflow/example_dags/example_dag_decorator.py took 0.199 seconds
[2025-02-05 10:22:50,477] {scheduler_job.py:182} INFO - Started process (PID=793) to work on /home/airflow/.local/lib/python3.6/site-packages/airflow/example_dags/example_dag_decorator.py
[2025-02-05 10:22:50,478] {scheduler_job.py:633} INFO - Processing file /home/airflow/.local/lib/python3.6/site-packages/airflow/example_dags/example_dag_decorator.py for tasks to queue
[2025-02-05 10:22:50,478] {logging_mixin.py:104} INFO - [2025-02-05 10:22:50,478] {dagbag.py:496} INFO - Filling up the DagBag from /home/airflow/.local/lib/python3.6/site-packages/airflow/example_dags/example_dag_decorator.py
[2025-02-05 10:22:50,492] {scheduler_job.py:643} INFO - DAG(s) dict_keys(['example_dag_decorator']) retrieved from /home/airflow/.local/lib/python3.6/site-packages/airflow/example_dags/example_dag_decorator.py
[2025-02-05 10:22:50,646] {logging_mixin.py:104} INFO - [2025-02-05 10:22:50,646] {dag.py:1833} INFO - Sync 1 DAGs
[2025-02-05 10:22:50,655] {logging_mixin.py:104} INFO - [2025-02-05 10:22:50,655] {dag.py:2306} INFO - Setting next_dagrun for example_dag_decorator to None
[2025-02-05 10:22:50,663] {scheduler_job.py:190} INFO - Processing /home/airflow/.local/lib/python3.6/site-packages/airflow/example_dags/example_dag_decorator.py took 0.189 seconds
[2025-02-05 10:23:20,868] {scheduler_job.py:182} INFO - Started process (PID=854) to work on /home/airflow/.local/lib/python3.6/site-packages/airflow/example_dags/example_dag_decorator.py
[2025-02-05 10:23:20,870] {scheduler_job.py:633} INFO - Processing file /home/airflow/.local/lib/python3.6/site-packages/airflow/example_dags/example_dag_decorator.py for tasks to queue
[2025-02-05 10:23:20,870] {logging_mixin.py:104} INFO - [2025-02-05 10:23:20,870] {dagbag.py:496} INFO - Filling up the DagBag from /home/airflow/.local/lib/python3.6/site-packages/airflow/example_dags/example_dag_decorator.py
[2025-02-05 10:23:20,883] {scheduler_job.py:643} INFO - DAG(s) dict_keys(['example_dag_decorator']) retrieved from /home/airflow/.local/lib/python3.6/site-packages/airflow/example_dags/example_dag_decorator.py
[2025-02-05 10:23:21,038] {logging_mixin.py:104} INFO - [2025-02-05 10:23:21,038] {dag.py:1833} INFO - Sync 1 DAGs
[2025-02-05 10:23:21,050] {logging_mixin.py:104} INFO - [2025-02-05 10:23:21,050] {dag.py:2306} INFO - Setting next_dagrun for example_dag_decorator to None
[2025-02-05 10:23:21,059] {scheduler_job.py:190} INFO - Processing /home/airflow/.local/lib/python3.6/site-packages/airflow/example_dags/example_dag_decorator.py took 0.193 seconds
[2025-02-05 10:23:51,451] {scheduler_job.py:182} INFO - Started process (PID=905) to work on /home/airflow/.local/lib/python3.6/site-packages/airflow/example_dags/example_dag_decorator.py
[2025-02-05 10:23:51,452] {scheduler_job.py:633} INFO - Processing file /home/airflow/.local/lib/python3.6/site-packages/airflow/example_dags/example_dag_decorator.py for tasks to queue
[2025-02-05 10:23:51,452] {logging_mixin.py:104} INFO - [2025-02-05 10:23:51,452] {dagbag.py:496} INFO - Filling up the DagBag from /home/airflow/.local/lib/python3.6/site-packages/airflow/example_dags/example_dag_decorator.py
[2025-02-05 10:23:51,468] {scheduler_job.py:643} INFO - DAG(s) dict_keys(['example_dag_decorator']) retrieved from /home/airflow/.local/lib/python3.6/site-packages/airflow/example_dags/example_dag_decorator.py
[2025-02-05 10:23:51,622] {logging_mixin.py:104} INFO - [2025-02-05 10:23:51,622] {dag.py:1833} INFO - Sync 1 DAGs
[2025-02-05 10:23:51,634] {logging_mixin.py:104} INFO - [2025-02-05 10:23:51,634] {dag.py:2306} INFO - Setting next_dagrun for example_dag_decorator to None
[2025-02-05 10:23:51,643] {scheduler_job.py:190} INFO - Processing /home/airflow/.local/lib/python3.6/site-packages/airflow/example_dags/example_dag_decorator.py took 0.194 seconds
[2025-02-05 10:24:21,977] {scheduler_job.py:182} INFO - Started process (PID=966) to work on /home/airflow/.local/lib/python3.6/site-packages/airflow/example_dags/example_dag_decorator.py
[2025-02-05 10:24:21,978] {scheduler_job.py:633} INFO - Processing file /home/airflow/.local/lib/python3.6/site-packages/airflow/example_dags/example_dag_decorator.py for tasks to queue
[2025-02-05 10:24:21,978] {logging_mixin.py:104} INFO - [2025-02-05 10:24:21,978] {dagbag.py:496} INFO - Filling up the DagBag from /home/airflow/.local/lib/python3.6/site-packages/airflow/example_dags/example_dag_decorator.py
[2025-02-05 10:24:21,993] {scheduler_job.py:643} INFO - DAG(s) dict_keys(['example_dag_decorator']) retrieved from /home/airflow/.local/lib/python3.6/site-packages/airflow/example_dags/example_dag_decorator.py
[2025-02-05 10:24:22,010] {logging_mixin.py:104} INFO - [2025-02-05 10:24:22,010] {dag.py:1833} INFO - Sync 1 DAGs
[2025-02-05 10:24:22,023] {logging_mixin.py:104} INFO - [2025-02-05 10:24:22,022] {dag.py:2306} INFO - Setting next_dagrun for example_dag_decorator to None
[2025-02-05 10:24:22,030] {scheduler_job.py:190} INFO - Processing /home/airflow/.local/lib/python3.6/site-packages/airflow/example_dags/example_dag_decorator.py took 0.056 seconds
[2025-02-05 10:24:52,433] {scheduler_job.py:182} INFO - Started process (PID=1027) to work on /home/airflow/.local/lib/python3.6/site-packages/airflow/example_dags/example_dag_decorator.py
[2025-02-05 10:24:52,434] {scheduler_job.py:633} INFO - Processing file /home/airflow/.local/lib/python3.6/site-packages/airflow/example_dags/example_dag_decorator.py for tasks to queue
[2025-02-05 10:24:52,434] {logging_mixin.py:104} INFO - [2025-02-05 10:24:52,434] {dagbag.py:496} INFO - Filling up the DagBag from /home/airflow/.local/lib/python3.6/site-packages/airflow/example_dags/example_dag_decorator.py
[2025-02-05 10:24:52,448] {scheduler_job.py:643} INFO - DAG(s) dict_keys(['example_dag_decorator']) retrieved from /home/airflow/.local/lib/python3.6/site-packages/airflow/example_dags/example_dag_decorator.py
[2025-02-05 10:24:52,598] {logging_mixin.py:104} INFO - [2025-02-05 10:24:52,598] {dag.py:1833} INFO - Sync 1 DAGs
[2025-02-05 10:24:52,608] {logging_mixin.py:104} INFO - [2025-02-05 10:24:52,608] {dag.py:2306} INFO - Setting next_dagrun for example_dag_decorator to None
[2025-02-05 10:24:52,617] {scheduler_job.py:190} INFO - Processing /home/airflow/.local/lib/python3.6/site-packages/airflow/example_dags/example_dag_decorator.py took 0.186 seconds
[2025-02-05 10:25:23,241] {scheduler_job.py:182} INFO - Started process (PID=1078) to work on /home/airflow/.local/lib/python3.6/site-packages/airflow/example_dags/example_dag_decorator.py
[2025-02-05 10:25:23,241] {scheduler_job.py:633} INFO - Processing file /home/airflow/.local/lib/python3.6/site-packages/airflow/example_dags/example_dag_decorator.py for tasks to queue
[2025-02-05 10:25:23,242] {logging_mixin.py:104} INFO - [2025-02-05 10:25:23,242] {dagbag.py:496} INFO - Filling up the DagBag from /home/airflow/.local/lib/python3.6/site-packages/airflow/example_dags/example_dag_decorator.py
[2025-02-05 10:25:23,256] {scheduler_job.py:643} INFO - DAG(s) dict_keys(['example_dag_decorator']) retrieved from /home/airflow/.local/lib/python3.6/site-packages/airflow/example_dags/example_dag_decorator.py
[2025-02-05 10:25:23,404] {logging_mixin.py:104} INFO - [2025-02-05 10:25:23,404] {dag.py:1833} INFO - Sync 1 DAGs
[2025-02-05 10:25:23,414] {logging_mixin.py:104} INFO - [2025-02-05 10:25:23,414] {dag.py:2306} INFO - Setting next_dagrun for example_dag_decorator to None
[2025-02-05 10:25:23,425] {scheduler_job.py:190} INFO - Processing /home/airflow/.local/lib/python3.6/site-packages/airflow/example_dags/example_dag_decorator.py took 0.187 seconds
[2025-02-05 10:25:53,846] {scheduler_job.py:182} INFO - Started process (PID=1139) to work on /home/airflow/.local/lib/python3.6/site-packages/airflow/example_dags/example_dag_decorator.py
[2025-02-05 10:25:53,847] {scheduler_job.py:633} INFO - Processing file /home/airflow/.local/lib/python3.6/site-packages/airflow/example_dags/example_dag_decorator.py for tasks to queue
[2025-02-05 10:25:53,848] {logging_mixin.py:104} INFO - [2025-02-05 10:25:53,848] {dagbag.py:496} INFO - Filling up the DagBag from /home/airflow/.local/lib/python3.6/site-packages/airflow/example_dags/example_dag_decorator.py
[2025-02-05 10:25:53,866] {scheduler_job.py:643} INFO - DAG(s) dict_keys(['example_dag_decorator']) retrieved from /home/airflow/.local/lib/python3.6/site-packages/airflow/example_dags/example_dag_decorator.py
[2025-02-05 10:25:54,030] {logging_mixin.py:104} INFO - [2025-02-05 10:25:54,030] {dag.py:1833} INFO - Sync 1 DAGs
[2025-02-05 10:25:54,041] {logging_mixin.py:104} INFO - [2025-02-05 10:25:54,040] {dag.py:2306} INFO - Setting next_dagrun for example_dag_decorator to None
[2025-02-05 10:25:54,052] {scheduler_job.py:190} INFO - Processing /home/airflow/.local/lib/python3.6/site-packages/airflow/example_dags/example_dag_decorator.py took 0.208 seconds
[2025-02-05 10:26:24,624] {scheduler_job.py:182} INFO - Started process (PID=1200) to work on /home/airflow/.local/lib/python3.6/site-packages/airflow/example_dags/example_dag_decorator.py
[2025-02-05 10:26:24,625] {scheduler_job.py:633} INFO - Processing file /home/airflow/.local/lib/python3.6/site-packages/airflow/example_dags/example_dag_decorator.py for tasks to queue
[2025-02-05 10:26:24,625] {logging_mixin.py:104} INFO - [2025-02-05 10:26:24,625] {dagbag.py:496} INFO - Filling up the DagBag from /home/airflow/.local/lib/python3.6/site-packages/airflow/example_dags/example_dag_decorator.py
[2025-02-05 10:26:24,639] {scheduler_job.py:643} INFO - DAG(s) dict_keys(['example_dag_decorator']) retrieved from /home/airflow/.local/lib/python3.6/site-packages/airflow/example_dags/example_dag_decorator.py
[2025-02-05 10:26:24,784] {logging_mixin.py:104} INFO - [2025-02-05 10:26:24,784] {dag.py:1833} INFO - Sync 1 DAGs
[2025-02-05 10:26:24,795] {logging_mixin.py:104} INFO - [2025-02-05 10:26:24,795] {dag.py:2306} INFO - Setting next_dagrun for example_dag_decorator to None
[2025-02-05 10:26:24,805] {scheduler_job.py:190} INFO - Processing /home/airflow/.local/lib/python3.6/site-packages/airflow/example_dags/example_dag_decorator.py took 0.183 seconds
[2025-02-05 10:29:59,202] {scheduler_job.py:182} INFO - Started process (PID=1264) to work on /home/airflow/.local/lib/python3.6/site-packages/airflow/example_dags/example_dag_decorator.py
[2025-02-05 10:29:59,204] {scheduler_job.py:633} INFO - Processing file /home/airflow/.local/lib/python3.6/site-packages/airflow/example_dags/example_dag_decorator.py for tasks to queue
[2025-02-05 10:29:59,204] {logging_mixin.py:104} INFO - [2025-02-05 10:29:59,204] {dagbag.py:496} INFO - Filling up the DagBag from /home/airflow/.local/lib/python3.6/site-packages/airflow/example_dags/example_dag_decorator.py
[2025-02-05 10:29:59,227] {scheduler_job.py:643} INFO - DAG(s) dict_keys(['example_dag_decorator']) retrieved from /home/airflow/.local/lib/python3.6/site-packages/airflow/example_dags/example_dag_decorator.py
[2025-02-05 10:29:59,462] {logging_mixin.py:104} INFO - [2025-02-05 10:29:59,461] {dag.py:1833} INFO - Sync 1 DAGs
[2025-02-05 10:29:59,478] {logging_mixin.py:104} INFO - [2025-02-05 10:29:59,478] {dag.py:2306} INFO - Setting next_dagrun for example_dag_decorator to None
[2025-02-05 10:29:59,493] {scheduler_job.py:190} INFO - Processing /home/airflow/.local/lib/python3.6/site-packages/airflow/example_dags/example_dag_decorator.py took 0.294 seconds
[2025-02-05 10:30:29,956] {scheduler_job.py:182} INFO - Started process (PID=1324) to work on /home/airflow/.local/lib/python3.6/site-packages/airflow/example_dags/example_dag_decorator.py
[2025-02-05 10:30:29,957] {scheduler_job.py:633} INFO - Processing file /home/airflow/.local/lib/python3.6/site-packages/airflow/example_dags/example_dag_decorator.py for tasks to queue
[2025-02-05 10:30:29,957] {logging_mixin.py:104} INFO - [2025-02-05 10:30:29,957] {dagbag.py:496} INFO - Filling up the DagBag from /home/airflow/.local/lib/python3.6/site-packages/airflow/example_dags/example_dag_decorator.py
[2025-02-05 10:30:29,973] {scheduler_job.py:643} INFO - DAG(s) dict_keys(['example_dag_decorator']) retrieved from /home/airflow/.local/lib/python3.6/site-packages/airflow/example_dags/example_dag_decorator.py
[2025-02-05 10:30:30,121] {logging_mixin.py:104} INFO - [2025-02-05 10:30:30,121] {dag.py:1833} INFO - Sync 1 DAGs
[2025-02-05 10:30:30,131] {logging_mixin.py:104} INFO - [2025-02-05 10:30:30,131] {dag.py:2306} INFO - Setting next_dagrun for example_dag_decorator to None
[2025-02-05 10:30:30,140] {scheduler_job.py:190} INFO - Processing /home/airflow/.local/lib/python3.6/site-packages/airflow/example_dags/example_dag_decorator.py took 0.186 seconds
[2025-02-05 10:31:00,437] {scheduler_job.py:182} INFO - Started process (PID=1384) to work on /home/airflow/.local/lib/python3.6/site-packages/airflow/example_dags/example_dag_decorator.py
[2025-02-05 10:31:00,438] {scheduler_job.py:633} INFO - Processing file /home/airflow/.local/lib/python3.6/site-packages/airflow/example_dags/example_dag_decorator.py for tasks to queue
[2025-02-05 10:31:00,439] {logging_mixin.py:104} INFO - [2025-02-05 10:31:00,439] {dagbag.py:496} INFO - Filling up the DagBag from /home/airflow/.local/lib/python3.6/site-packages/airflow/example_dags/example_dag_decorator.py
[2025-02-05 10:31:00,457] {scheduler_job.py:643} INFO - DAG(s) dict_keys(['example_dag_decorator']) retrieved from /home/airflow/.local/lib/python3.6/site-packages/airflow/example_dags/example_dag_decorator.py
[2025-02-05 10:31:00,631] {logging_mixin.py:104} INFO - [2025-02-05 10:31:00,631] {dag.py:1833} INFO - Sync 1 DAGs
[2025-02-05 10:31:00,641] {logging_mixin.py:104} INFO - [2025-02-05 10:31:00,641] {dag.py:2306} INFO - Setting next_dagrun for example_dag_decorator to None
[2025-02-05 10:31:00,651] {scheduler_job.py:190} INFO - Processing /home/airflow/.local/lib/python3.6/site-packages/airflow/example_dags/example_dag_decorator.py took 0.217 seconds
[2025-02-05 10:31:31,115] {scheduler_job.py:182} INFO - Started process (PID=1438) to work on /home/airflow/.local/lib/python3.6/site-packages/airflow/example_dags/example_dag_decorator.py
[2025-02-05 10:31:31,116] {scheduler_job.py:633} INFO - Processing file /home/airflow/.local/lib/python3.6/site-packages/airflow/example_dags/example_dag_decorator.py for tasks to queue
[2025-02-05 10:31:31,116] {logging_mixin.py:104} INFO - [2025-02-05 10:31:31,116] {dagbag.py:496} INFO - Filling up the DagBag from /home/airflow/.local/lib/python3.6/site-packages/airflow/example_dags/example_dag_decorator.py
[2025-02-05 10:31:31,131] {scheduler_job.py:643} INFO - DAG(s) dict_keys(['example_dag_decorator']) retrieved from /home/airflow/.local/lib/python3.6/site-packages/airflow/example_dags/example_dag_decorator.py
[2025-02-05 10:31:31,287] {logging_mixin.py:104} INFO - [2025-02-05 10:31:31,287] {dag.py:1833} INFO - Sync 1 DAGs
[2025-02-05 10:31:31,298] {logging_mixin.py:104} INFO - [2025-02-05 10:31:31,298] {dag.py:2306} INFO - Setting next_dagrun for example_dag_decorator to None
[2025-02-05 10:31:31,337] {scheduler_job.py:190} INFO - Processing /home/airflow/.local/lib/python3.6/site-packages/airflow/example_dags/example_dag_decorator.py took 0.224 seconds
[2025-02-05 10:32:01,509] {scheduler_job.py:182} INFO - Started process (PID=1497) to work on /home/airflow/.local/lib/python3.6/site-packages/airflow/example_dags/example_dag_decorator.py
[2025-02-05 10:32:01,510] {scheduler_job.py:633} INFO - Processing file /home/airflow/.local/lib/python3.6/site-packages/airflow/example_dags/example_dag_decorator.py for tasks to queue
[2025-02-05 10:32:01,510] {logging_mixin.py:104} INFO - [2025-02-05 10:32:01,510] {dagbag.py:496} INFO - Filling up the DagBag from /home/airflow/.local/lib/python3.6/site-packages/airflow/example_dags/example_dag_decorator.py
[2025-02-05 10:32:01,525] {scheduler_job.py:643} INFO - DAG(s) dict_keys(['example_dag_decorator']) retrieved from /home/airflow/.local/lib/python3.6/site-packages/airflow/example_dags/example_dag_decorator.py
[2025-02-05 10:32:01,677] {logging_mixin.py:104} INFO - [2025-02-05 10:32:01,677] {dag.py:1833} INFO - Sync 1 DAGs
[2025-02-05 10:32:01,688] {logging_mixin.py:104} INFO - [2025-02-05 10:32:01,688] {dag.py:2306} INFO - Setting next_dagrun for example_dag_decorator to None
[2025-02-05 10:32:01,696] {scheduler_job.py:190} INFO - Processing /home/airflow/.local/lib/python3.6/site-packages/airflow/example_dags/example_dag_decorator.py took 0.189 seconds
[2025-02-05 10:32:31,943] {scheduler_job.py:182} INFO - Started process (PID=1548) to work on /home/airflow/.local/lib/python3.6/site-packages/airflow/example_dags/example_dag_decorator.py
[2025-02-05 10:32:31,944] {scheduler_job.py:633} INFO - Processing file /home/airflow/.local/lib/python3.6/site-packages/airflow/example_dags/example_dag_decorator.py for tasks to queue
[2025-02-05 10:32:31,944] {logging_mixin.py:104} INFO - [2025-02-05 10:32:31,944] {dagbag.py:496} INFO - Filling up the DagBag from /home/airflow/.local/lib/python3.6/site-packages/airflow/example_dags/example_dag_decorator.py
[2025-02-05 10:32:31,959] {scheduler_job.py:643} INFO - DAG(s) dict_keys(['example_dag_decorator']) retrieved from /home/airflow/.local/lib/python3.6/site-packages/airflow/example_dags/example_dag_decorator.py
[2025-02-05 10:32:32,109] {logging_mixin.py:104} INFO - [2025-02-05 10:32:32,109] {dag.py:1833} INFO - Sync 1 DAGs
[2025-02-05 10:32:32,119] {logging_mixin.py:104} INFO - [2025-02-05 10:32:32,119] {dag.py:2306} INFO - Setting next_dagrun for example_dag_decorator to None
[2025-02-05 10:32:32,129] {scheduler_job.py:190} INFO - Processing /home/airflow/.local/lib/python3.6/site-packages/airflow/example_dags/example_dag_decorator.py took 0.188 seconds
[2025-02-05 10:33:02,520] {scheduler_job.py:182} INFO - Started process (PID=1611) to work on /home/airflow/.local/lib/python3.6/site-packages/airflow/example_dags/example_dag_decorator.py
[2025-02-05 10:33:02,521] {scheduler_job.py:633} INFO - Processing file /home/airflow/.local/lib/python3.6/site-packages/airflow/example_dags/example_dag_decorator.py for tasks to queue
[2025-02-05 10:33:02,521] {logging_mixin.py:104} INFO - [2025-02-05 10:33:02,521] {dagbag.py:496} INFO - Filling up the DagBag from /home/airflow/.local/lib/python3.6/site-packages/airflow/example_dags/example_dag_decorator.py
[2025-02-05 10:33:02,536] {scheduler_job.py:643} INFO - DAG(s) dict_keys(['example_dag_decorator']) retrieved from /home/airflow/.local/lib/python3.6/site-packages/airflow/example_dags/example_dag_decorator.py
[2025-02-05 10:33:02,686] {logging_mixin.py:104} INFO - [2025-02-05 10:33:02,686] {dag.py:1833} INFO - Sync 1 DAGs
[2025-02-05 10:33:02,696] {logging_mixin.py:104} INFO - [2025-02-05 10:33:02,696] {dag.py:2306} INFO - Setting next_dagrun for example_dag_decorator to None
[2025-02-05 10:33:02,736] {scheduler_job.py:190} INFO - Processing /home/airflow/.local/lib/python3.6/site-packages/airflow/example_dags/example_dag_decorator.py took 0.219 seconds
[2025-02-05 10:33:32,990] {scheduler_job.py:182} INFO - Started process (PID=1670) to work on /home/airflow/.local/lib/python3.6/site-packages/airflow/example_dags/example_dag_decorator.py
[2025-02-05 10:33:32,991] {scheduler_job.py:633} INFO - Processing file /home/airflow/.local/lib/python3.6/site-packages/airflow/example_dags/example_dag_decorator.py for tasks to queue
[2025-02-05 10:33:32,991] {logging_mixin.py:104} INFO - [2025-02-05 10:33:32,991] {dagbag.py:496} INFO - Filling up the DagBag from /home/airflow/.local/lib/python3.6/site-packages/airflow/example_dags/example_dag_decorator.py
[2025-02-05 10:33:33,007] {scheduler_job.py:643} INFO - DAG(s) dict_keys(['example_dag_decorator']) retrieved from /home/airflow/.local/lib/python3.6/site-packages/airflow/example_dags/example_dag_decorator.py
[2025-02-05 10:33:33,162] {logging_mixin.py:104} INFO - [2025-02-05 10:33:33,162] {dag.py:1833} INFO - Sync 1 DAGs
[2025-02-05 10:33:33,172] {logging_mixin.py:104} INFO - [2025-02-05 10:33:33,172] {dag.py:2306} INFO - Setting next_dagrun for example_dag_decorator to None
[2025-02-05 10:33:33,180] {scheduler_job.py:190} INFO - Processing /home/airflow/.local/lib/python3.6/site-packages/airflow/example_dags/example_dag_decorator.py took 0.193 seconds
[2025-02-05 10:34:03,638] {scheduler_job.py:182} INFO - Started process (PID=1721) to work on /home/airflow/.local/lib/python3.6/site-packages/airflow/example_dags/example_dag_decorator.py
[2025-02-05 10:34:03,638] {scheduler_job.py:633} INFO - Processing file /home/airflow/.local/lib/python3.6/site-packages/airflow/example_dags/example_dag_decorator.py for tasks to queue
[2025-02-05 10:34:03,639] {logging_mixin.py:104} INFO - [2025-02-05 10:34:03,639] {dagbag.py:496} INFO - Filling up the DagBag from /home/airflow/.local/lib/python3.6/site-packages/airflow/example_dags/example_dag_decorator.py
[2025-02-05 10:34:03,656] {scheduler_job.py:643} INFO - DAG(s) dict_keys(['example_dag_decorator']) retrieved from /home/airflow/.local/lib/python3.6/site-packages/airflow/example_dags/example_dag_decorator.py
[2025-02-05 10:34:03,813] {logging_mixin.py:104} INFO - [2025-02-05 10:34:03,813] {dag.py:1833} INFO - Sync 1 DAGs
[2025-02-05 10:34:03,824] {logging_mixin.py:104} INFO - [2025-02-05 10:34:03,823] {dag.py:2306} INFO - Setting next_dagrun for example_dag_decorator to None
[2025-02-05 10:34:03,832] {scheduler_job.py:190} INFO - Processing /home/airflow/.local/lib/python3.6/site-packages/airflow/example_dags/example_dag_decorator.py took 0.197 seconds
[2025-02-05 10:34:34,265] {scheduler_job.py:182} INFO - Started process (PID=1782) to work on /home/airflow/.local/lib/python3.6/site-packages/airflow/example_dags/example_dag_decorator.py
[2025-02-05 10:34:34,266] {scheduler_job.py:633} INFO - Processing file /home/airflow/.local/lib/python3.6/site-packages/airflow/example_dags/example_dag_decorator.py for tasks to queue
[2025-02-05 10:34:34,266] {logging_mixin.py:104} INFO - [2025-02-05 10:34:34,266] {dagbag.py:496} INFO - Filling up the DagBag from /home/airflow/.local/lib/python3.6/site-packages/airflow/example_dags/example_dag_decorator.py
[2025-02-05 10:34:34,283] {scheduler_job.py:643} INFO - DAG(s) dict_keys(['example_dag_decorator']) retrieved from /home/airflow/.local/lib/python3.6/site-packages/airflow/example_dags/example_dag_decorator.py
[2025-02-05 10:34:34,437] {logging_mixin.py:104} INFO - [2025-02-05 10:34:34,437] {dag.py:1833} INFO - Sync 1 DAGs
[2025-02-05 10:34:34,448] {logging_mixin.py:104} INFO - [2025-02-05 10:34:34,448] {dag.py:2306} INFO - Setting next_dagrun for example_dag_decorator to None
[2025-02-05 10:34:34,456] {scheduler_job.py:190} INFO - Processing /home/airflow/.local/lib/python3.6/site-packages/airflow/example_dags/example_dag_decorator.py took 0.193 seconds
[2025-02-05 10:35:05,058] {scheduler_job.py:182} INFO - Started process (PID=1833) to work on /home/airflow/.local/lib/python3.6/site-packages/airflow/example_dags/example_dag_decorator.py
[2025-02-05 10:35:05,059] {scheduler_job.py:633} INFO - Processing file /home/airflow/.local/lib/python3.6/site-packages/airflow/example_dags/example_dag_decorator.py for tasks to queue
[2025-02-05 10:35:05,060] {logging_mixin.py:104} INFO - [2025-02-05 10:35:05,059] {dagbag.py:496} INFO - Filling up the DagBag from /home/airflow/.local/lib/python3.6/site-packages/airflow/example_dags/example_dag_decorator.py
[2025-02-05 10:35:05,075] {scheduler_job.py:643} INFO - DAG(s) dict_keys(['example_dag_decorator']) retrieved from /home/airflow/.local/lib/python3.6/site-packages/airflow/example_dags/example_dag_decorator.py
[2025-02-05 10:35:05,233] {logging_mixin.py:104} INFO - [2025-02-05 10:35:05,232] {dag.py:1833} INFO - Sync 1 DAGs
[2025-02-05 10:35:05,243] {logging_mixin.py:104} INFO - [2025-02-05 10:35:05,243] {dag.py:2306} INFO - Setting next_dagrun for example_dag_decorator to None
[2025-02-05 10:35:05,253] {scheduler_job.py:190} INFO - Processing /home/airflow/.local/lib/python3.6/site-packages/airflow/example_dags/example_dag_decorator.py took 0.197 seconds
[2025-02-05 10:35:35,651] {scheduler_job.py:182} INFO - Started process (PID=1896) to work on /home/airflow/.local/lib/python3.6/site-packages/airflow/example_dags/example_dag_decorator.py
[2025-02-05 10:35:35,652] {scheduler_job.py:633} INFO - Processing file /home/airflow/.local/lib/python3.6/site-packages/airflow/example_dags/example_dag_decorator.py for tasks to queue
[2025-02-05 10:35:35,653] {logging_mixin.py:104} INFO - [2025-02-05 10:35:35,653] {dagbag.py:496} INFO - Filling up the DagBag from /home/airflow/.local/lib/python3.6/site-packages/airflow/example_dags/example_dag_decorator.py
[2025-02-05 10:35:35,668] {scheduler_job.py:643} INFO - DAG(s) dict_keys(['example_dag_decorator']) retrieved from /home/airflow/.local/lib/python3.6/site-packages/airflow/example_dags/example_dag_decorator.py
[2025-02-05 10:35:35,820] {logging_mixin.py:104} INFO - [2025-02-05 10:35:35,820] {dag.py:1833} INFO - Sync 1 DAGs
[2025-02-05 10:35:35,829] {logging_mixin.py:104} INFO - [2025-02-05 10:35:35,829] {dag.py:2306} INFO - Setting next_dagrun for example_dag_decorator to None
[2025-02-05 10:35:35,869] {scheduler_job.py:190} INFO - Processing /home/airflow/.local/lib/python3.6/site-packages/airflow/example_dags/example_dag_decorator.py took 0.221 seconds
[2025-02-05 10:36:06,109] {scheduler_job.py:182} INFO - Started process (PID=1955) to work on /home/airflow/.local/lib/python3.6/site-packages/airflow/example_dags/example_dag_decorator.py
[2025-02-05 10:36:06,109] {scheduler_job.py:633} INFO - Processing file /home/airflow/.local/lib/python3.6/site-packages/airflow/example_dags/example_dag_decorator.py for tasks to queue
[2025-02-05 10:36:06,110] {logging_mixin.py:104} INFO - [2025-02-05 10:36:06,110] {dagbag.py:496} INFO - Filling up the DagBag from /home/airflow/.local/lib/python3.6/site-packages/airflow/example_dags/example_dag_decorator.py
[2025-02-05 10:36:06,126] {scheduler_job.py:643} INFO - DAG(s) dict_keys(['example_dag_decorator']) retrieved from /home/airflow/.local/lib/python3.6/site-packages/airflow/example_dags/example_dag_decorator.py
[2025-02-05 10:36:06,284] {logging_mixin.py:104} INFO - [2025-02-05 10:36:06,284] {dag.py:1833} INFO - Sync 1 DAGs
[2025-02-05 10:36:06,295] {logging_mixin.py:104} INFO - [2025-02-05 10:36:06,295] {dag.py:2306} INFO - Setting next_dagrun for example_dag_decorator to None
[2025-02-05 10:36:06,304] {scheduler_job.py:190} INFO - Processing /home/airflow/.local/lib/python3.6/site-packages/airflow/example_dags/example_dag_decorator.py took 0.197 seconds
[2025-02-05 10:36:36,797] {scheduler_job.py:182} INFO - Started process (PID=2006) to work on /home/airflow/.local/lib/python3.6/site-packages/airflow/example_dags/example_dag_decorator.py
[2025-02-05 10:36:36,798] {scheduler_job.py:633} INFO - Processing file /home/airflow/.local/lib/python3.6/site-packages/airflow/example_dags/example_dag_decorator.py for tasks to queue
[2025-02-05 10:36:36,798] {logging_mixin.py:104} INFO - [2025-02-05 10:36:36,798] {dagbag.py:496} INFO - Filling up the DagBag from /home/airflow/.local/lib/python3.6/site-packages/airflow/example_dags/example_dag_decorator.py
[2025-02-05 10:36:36,814] {scheduler_job.py:643} INFO - DAG(s) dict_keys(['example_dag_decorator']) retrieved from /home/airflow/.local/lib/python3.6/site-packages/airflow/example_dags/example_dag_decorator.py
[2025-02-05 10:36:36,971] {logging_mixin.py:104} INFO - [2025-02-05 10:36:36,971] {dag.py:1833} INFO - Sync 1 DAGs
[2025-02-05 10:36:36,982] {logging_mixin.py:104} INFO - [2025-02-05 10:36:36,982] {dag.py:2306} INFO - Setting next_dagrun for example_dag_decorator to None
[2025-02-05 10:36:36,990] {scheduler_job.py:190} INFO - Processing /home/airflow/.local/lib/python3.6/site-packages/airflow/example_dags/example_dag_decorator.py took 0.196 seconds
[2025-02-05 10:37:07,559] {scheduler_job.py:182} INFO - Started process (PID=2067) to work on /home/airflow/.local/lib/python3.6/site-packages/airflow/example_dags/example_dag_decorator.py
[2025-02-05 10:37:07,559] {scheduler_job.py:633} INFO - Processing file /home/airflow/.local/lib/python3.6/site-packages/airflow/example_dags/example_dag_decorator.py for tasks to queue
[2025-02-05 10:37:07,560] {logging_mixin.py:104} INFO - [2025-02-05 10:37:07,560] {dagbag.py:496} INFO - Filling up the DagBag from /home/airflow/.local/lib/python3.6/site-packages/airflow/example_dags/example_dag_decorator.py
[2025-02-05 10:37:07,574] {scheduler_job.py:643} INFO - DAG(s) dict_keys(['example_dag_decorator']) retrieved from /home/airflow/.local/lib/python3.6/site-packages/airflow/example_dags/example_dag_decorator.py
[2025-02-05 10:37:07,732] {logging_mixin.py:104} INFO - [2025-02-05 10:37:07,732] {dag.py:1833} INFO - Sync 1 DAGs
[2025-02-05 10:37:07,743] {logging_mixin.py:104} INFO - [2025-02-05 10:37:07,743] {dag.py:2306} INFO - Setting next_dagrun for example_dag_decorator to None
[2025-02-05 10:37:07,784] {scheduler_job.py:190} INFO - Processing /home/airflow/.local/lib/python3.6/site-packages/airflow/example_dags/example_dag_decorator.py took 0.228 seconds
[2025-02-05 10:37:38,457] {scheduler_job.py:182} INFO - Started process (PID=2128) to work on /home/airflow/.local/lib/python3.6/site-packages/airflow/example_dags/example_dag_decorator.py
[2025-02-05 10:37:38,457] {scheduler_job.py:633} INFO - Processing file /home/airflow/.local/lib/python3.6/site-packages/airflow/example_dags/example_dag_decorator.py for tasks to queue
[2025-02-05 10:37:38,458] {logging_mixin.py:104} INFO - [2025-02-05 10:37:38,458] {dagbag.py:496} INFO - Filling up the DagBag from /home/airflow/.local/lib/python3.6/site-packages/airflow/example_dags/example_dag_decorator.py
[2025-02-05 10:37:38,474] {scheduler_job.py:643} INFO - DAG(s) dict_keys(['example_dag_decorator']) retrieved from /home/airflow/.local/lib/python3.6/site-packages/airflow/example_dags/example_dag_decorator.py
[2025-02-05 10:37:38,493] {logging_mixin.py:104} INFO - [2025-02-05 10:37:38,493] {dag.py:1833} INFO - Sync 1 DAGs
[2025-02-05 10:37:38,505] {logging_mixin.py:104} INFO - [2025-02-05 10:37:38,505] {dag.py:2306} INFO - Setting next_dagrun for example_dag_decorator to None
[2025-02-05 10:37:38,513] {scheduler_job.py:190} INFO - Processing /home/airflow/.local/lib/python3.6/site-packages/airflow/example_dags/example_dag_decorator.py took 0.059 seconds
[2025-02-05 10:38:09,113] {scheduler_job.py:182} INFO - Started process (PID=2179) to work on /home/airflow/.local/lib/python3.6/site-packages/airflow/example_dags/example_dag_decorator.py
[2025-02-05 10:38:09,115] {scheduler_job.py:633} INFO - Processing file /home/airflow/.local/lib/python3.6/site-packages/airflow/example_dags/example_dag_decorator.py for tasks to queue
[2025-02-05 10:38:09,115] {logging_mixin.py:104} INFO - [2025-02-05 10:38:09,115] {dagbag.py:496} INFO - Filling up the DagBag from /home/airflow/.local/lib/python3.6/site-packages/airflow/example_dags/example_dag_decorator.py
[2025-02-05 10:38:09,130] {scheduler_job.py:643} INFO - DAG(s) dict_keys(['example_dag_decorator']) retrieved from /home/airflow/.local/lib/python3.6/site-packages/airflow/example_dags/example_dag_decorator.py
[2025-02-05 10:38:09,292] {logging_mixin.py:104} INFO - [2025-02-05 10:38:09,292] {dag.py:1833} INFO - Sync 1 DAGs
[2025-02-05 10:38:09,302] {logging_mixin.py:104} INFO - [2025-02-05 10:38:09,302] {dag.py:2306} INFO - Setting next_dagrun for example_dag_decorator to None
[2025-02-05 10:38:09,311] {scheduler_job.py:190} INFO - Processing /home/airflow/.local/lib/python3.6/site-packages/airflow/example_dags/example_dag_decorator.py took 0.201 seconds
[2025-02-05 10:38:39,708] {scheduler_job.py:182} INFO - Started process (PID=2240) to work on /home/airflow/.local/lib/python3.6/site-packages/airflow/example_dags/example_dag_decorator.py
[2025-02-05 10:38:39,709] {scheduler_job.py:633} INFO - Processing file /home/airflow/.local/lib/python3.6/site-packages/airflow/example_dags/example_dag_decorator.py for tasks to queue
[2025-02-05 10:38:39,709] {logging_mixin.py:104} INFO - [2025-02-05 10:38:39,709] {dagbag.py:496} INFO - Filling up the DagBag from /home/airflow/.local/lib/python3.6/site-packages/airflow/example_dags/example_dag_decorator.py
[2025-02-05 10:38:39,724] {scheduler_job.py:643} INFO - DAG(s) dict_keys(['example_dag_decorator']) retrieved from /home/airflow/.local/lib/python3.6/site-packages/airflow/example_dags/example_dag_decorator.py
[2025-02-05 10:38:39,886] {logging_mixin.py:104} INFO - [2025-02-05 10:38:39,886] {dag.py:1833} INFO - Sync 1 DAGs
[2025-02-05 10:38:39,898] {logging_mixin.py:104} INFO - [2025-02-05 10:38:39,898] {dag.py:2306} INFO - Setting next_dagrun for example_dag_decorator to None
[2025-02-05 10:38:39,907] {scheduler_job.py:190} INFO - Processing /home/airflow/.local/lib/python3.6/site-packages/airflow/example_dags/example_dag_decorator.py took 0.201 seconds
[2025-02-05 10:39:10,313] {scheduler_job.py:182} INFO - Started process (PID=2298) to work on /home/airflow/.local/lib/python3.6/site-packages/airflow/example_dags/example_dag_decorator.py
[2025-02-05 10:39:10,314] {scheduler_job.py:633} INFO - Processing file /home/airflow/.local/lib/python3.6/site-packages/airflow/example_dags/example_dag_decorator.py for tasks to queue
[2025-02-05 10:39:10,315] {logging_mixin.py:104} INFO - [2025-02-05 10:39:10,315] {dagbag.py:496} INFO - Filling up the DagBag from /home/airflow/.local/lib/python3.6/site-packages/airflow/example_dags/example_dag_decorator.py
[2025-02-05 10:39:10,331] {scheduler_job.py:643} INFO - DAG(s) dict_keys(['example_dag_decorator']) retrieved from /home/airflow/.local/lib/python3.6/site-packages/airflow/example_dags/example_dag_decorator.py
[2025-02-05 10:39:10,514] {logging_mixin.py:104} INFO - [2025-02-05 10:39:10,514] {dag.py:1833} INFO - Sync 1 DAGs
[2025-02-05 10:39:10,527] {logging_mixin.py:104} INFO - [2025-02-05 10:39:10,527] {dag.py:2306} INFO - Setting next_dagrun for example_dag_decorator to None
[2025-02-05 10:39:10,537] {scheduler_job.py:190} INFO - Processing /home/airflow/.local/lib/python3.6/site-packages/airflow/example_dags/example_dag_decorator.py took 0.226 seconds
[2025-02-05 10:39:41,053] {scheduler_job.py:182} INFO - Started process (PID=2354) to work on /home/airflow/.local/lib/python3.6/site-packages/airflow/example_dags/example_dag_decorator.py
[2025-02-05 10:39:41,053] {scheduler_job.py:633} INFO - Processing file /home/airflow/.local/lib/python3.6/site-packages/airflow/example_dags/example_dag_decorator.py for tasks to queue
[2025-02-05 10:39:41,054] {logging_mixin.py:104} INFO - [2025-02-05 10:39:41,054] {dagbag.py:496} INFO - Filling up the DagBag from /home/airflow/.local/lib/python3.6/site-packages/airflow/example_dags/example_dag_decorator.py
[2025-02-05 10:39:41,068] {scheduler_job.py:643} INFO - DAG(s) dict_keys(['example_dag_decorator']) retrieved from /home/airflow/.local/lib/python3.6/site-packages/airflow/example_dags/example_dag_decorator.py
[2025-02-05 10:39:41,224] {logging_mixin.py:104} INFO - [2025-02-05 10:39:41,224] {dag.py:1833} INFO - Sync 1 DAGs
[2025-02-05 10:39:41,236] {logging_mixin.py:104} INFO - [2025-02-05 10:39:41,236] {dag.py:2306} INFO - Setting next_dagrun for example_dag_decorator to None
[2025-02-05 10:39:41,276] {scheduler_job.py:190} INFO - Processing /home/airflow/.local/lib/python3.6/site-packages/airflow/example_dags/example_dag_decorator.py took 0.226 seconds
[2025-02-05 10:40:11,721] {scheduler_job.py:182} INFO - Started process (PID=2413) to work on /home/airflow/.local/lib/python3.6/site-packages/airflow/example_dags/example_dag_decorator.py
[2025-02-05 10:40:11,722] {scheduler_job.py:633} INFO - Processing file /home/airflow/.local/lib/python3.6/site-packages/airflow/example_dags/example_dag_decorator.py for tasks to queue
[2025-02-05 10:40:11,722] {logging_mixin.py:104} INFO - [2025-02-05 10:40:11,722] {dagbag.py:496} INFO - Filling up the DagBag from /home/airflow/.local/lib/python3.6/site-packages/airflow/example_dags/example_dag_decorator.py
[2025-02-05 10:40:11,737] {scheduler_job.py:643} INFO - DAG(s) dict_keys(['example_dag_decorator']) retrieved from /home/airflow/.local/lib/python3.6/site-packages/airflow/example_dags/example_dag_decorator.py
[2025-02-05 10:40:11,893] {logging_mixin.py:104} INFO - [2025-02-05 10:40:11,893] {dag.py:1833} INFO - Sync 1 DAGs
[2025-02-05 10:40:11,905] {logging_mixin.py:104} INFO - [2025-02-05 10:40:11,905] {dag.py:2306} INFO - Setting next_dagrun for example_dag_decorator to None
[2025-02-05 10:40:11,914] {scheduler_job.py:190} INFO - Processing /home/airflow/.local/lib/python3.6/site-packages/airflow/example_dags/example_dag_decorator.py took 0.196 seconds
[2025-02-05 10:40:42,571] {scheduler_job.py:182} INFO - Started process (PID=2464) to work on /home/airflow/.local/lib/python3.6/site-packages/airflow/example_dags/example_dag_decorator.py
[2025-02-05 10:40:42,572] {scheduler_job.py:633} INFO - Processing file /home/airflow/.local/lib/python3.6/site-packages/airflow/example_dags/example_dag_decorator.py for tasks to queue
[2025-02-05 10:40:42,572] {logging_mixin.py:104} INFO - [2025-02-05 10:40:42,572] {dagbag.py:496} INFO - Filling up the DagBag from /home/airflow/.local/lib/python3.6/site-packages/airflow/example_dags/example_dag_decorator.py
[2025-02-05 10:40:42,587] {scheduler_job.py:643} INFO - DAG(s) dict_keys(['example_dag_decorator']) retrieved from /home/airflow/.local/lib/python3.6/site-packages/airflow/example_dags/example_dag_decorator.py
[2025-02-05 10:40:42,747] {logging_mixin.py:104} INFO - [2025-02-05 10:40:42,746] {dag.py:1833} INFO - Sync 1 DAGs
[2025-02-05 10:40:42,758] {logging_mixin.py:104} INFO - [2025-02-05 10:40:42,758] {dag.py:2306} INFO - Setting next_dagrun for example_dag_decorator to None
[2025-02-05 10:40:42,766] {scheduler_job.py:190} INFO - Processing /home/airflow/.local/lib/python3.6/site-packages/airflow/example_dags/example_dag_decorator.py took 0.197 seconds
[2025-02-05 10:41:13,393] {scheduler_job.py:182} INFO - Started process (PID=2525) to work on /home/airflow/.local/lib/python3.6/site-packages/airflow/example_dags/example_dag_decorator.py
[2025-02-05 10:41:13,394] {scheduler_job.py:633} INFO - Processing file /home/airflow/.local/lib/python3.6/site-packages/airflow/example_dags/example_dag_decorator.py for tasks to queue
[2025-02-05 10:41:13,395] {logging_mixin.py:104} INFO - [2025-02-05 10:41:13,395] {dagbag.py:496} INFO - Filling up the DagBag from /home/airflow/.local/lib/python3.6/site-packages/airflow/example_dags/example_dag_decorator.py
[2025-02-05 10:41:13,412] {scheduler_job.py:643} INFO - DAG(s) dict_keys(['example_dag_decorator']) retrieved from /home/airflow/.local/lib/python3.6/site-packages/airflow/example_dags/example_dag_decorator.py
[2025-02-05 10:41:13,575] {logging_mixin.py:104} INFO - [2025-02-05 10:41:13,575] {dag.py:1833} INFO - Sync 1 DAGs
[2025-02-05 10:41:13,587] {logging_mixin.py:104} INFO - [2025-02-05 10:41:13,587] {dag.py:2306} INFO - Setting next_dagrun for example_dag_decorator to None
[2025-02-05 10:41:13,596] {scheduler_job.py:190} INFO - Processing /home/airflow/.local/lib/python3.6/site-packages/airflow/example_dags/example_dag_decorator.py took 0.205 seconds
[2025-02-05 10:41:44,120] {scheduler_job.py:182} INFO - Started process (PID=2586) to work on /home/airflow/.local/lib/python3.6/site-packages/airflow/example_dags/example_dag_decorator.py
[2025-02-05 10:41:44,120] {scheduler_job.py:633} INFO - Processing file /home/airflow/.local/lib/python3.6/site-packages/airflow/example_dags/example_dag_decorator.py for tasks to queue
[2025-02-05 10:41:44,121] {logging_mixin.py:104} INFO - [2025-02-05 10:41:44,121] {dagbag.py:496} INFO - Filling up the DagBag from /home/airflow/.local/lib/python3.6/site-packages/airflow/example_dags/example_dag_decorator.py
[2025-02-05 10:41:44,135] {scheduler_job.py:643} INFO - DAG(s) dict_keys(['example_dag_decorator']) retrieved from /home/airflow/.local/lib/python3.6/site-packages/airflow/example_dags/example_dag_decorator.py
[2025-02-05 10:41:44,293] {logging_mixin.py:104} INFO - [2025-02-05 10:41:44,293] {dag.py:1833} INFO - Sync 1 DAGs
[2025-02-05 10:41:44,304] {logging_mixin.py:104} INFO - [2025-02-05 10:41:44,304] {dag.py:2306} INFO - Setting next_dagrun for example_dag_decorator to None
[2025-02-05 10:41:44,312] {scheduler_job.py:190} INFO - Processing /home/airflow/.local/lib/python3.6/site-packages/airflow/example_dags/example_dag_decorator.py took 0.195 seconds
[2025-02-05 10:42:15,028] {scheduler_job.py:182} INFO - Started process (PID=2636) to work on /home/airflow/.local/lib/python3.6/site-packages/airflow/example_dags/example_dag_decorator.py
[2025-02-05 10:42:15,029] {scheduler_job.py:633} INFO - Processing file /home/airflow/.local/lib/python3.6/site-packages/airflow/example_dags/example_dag_decorator.py for tasks to queue
[2025-02-05 10:42:15,029] {logging_mixin.py:104} INFO - [2025-02-05 10:42:15,029] {dagbag.py:496} INFO - Filling up the DagBag from /home/airflow/.local/lib/python3.6/site-packages/airflow/example_dags/example_dag_decorator.py
[2025-02-05 10:42:15,043] {scheduler_job.py:643} INFO - DAG(s) dict_keys(['example_dag_decorator']) retrieved from /home/airflow/.local/lib/python3.6/site-packages/airflow/example_dags/example_dag_decorator.py
[2025-02-05 10:42:15,196] {logging_mixin.py:104} INFO - [2025-02-05 10:42:15,195] {dag.py:1833} INFO - Sync 1 DAGs
[2025-02-05 10:42:15,206] {logging_mixin.py:104} INFO - [2025-02-05 10:42:15,206] {dag.py:2306} INFO - Setting next_dagrun for example_dag_decorator to None
[2025-02-05 10:42:15,246] {scheduler_job.py:190} INFO - Processing /home/airflow/.local/lib/python3.6/site-packages/airflow/example_dags/example_dag_decorator.py took 0.220 seconds
[2025-02-05 10:42:45,709] {scheduler_job.py:182} INFO - Started process (PID=2697) to work on /home/airflow/.local/lib/python3.6/site-packages/airflow/example_dags/example_dag_decorator.py
[2025-02-05 10:42:45,710] {scheduler_job.py:633} INFO - Processing file /home/airflow/.local/lib/python3.6/site-packages/airflow/example_dags/example_dag_decorator.py for tasks to queue
[2025-02-05 10:42:45,710] {logging_mixin.py:104} INFO - [2025-02-05 10:42:45,710] {dagbag.py:496} INFO - Filling up the DagBag from /home/airflow/.local/lib/python3.6/site-packages/airflow/example_dags/example_dag_decorator.py
[2025-02-05 10:42:45,725] {scheduler_job.py:643} INFO - DAG(s) dict_keys(['example_dag_decorator']) retrieved from /home/airflow/.local/lib/python3.6/site-packages/airflow/example_dags/example_dag_decorator.py
[2025-02-05 10:42:45,892] {logging_mixin.py:104} INFO - [2025-02-05 10:42:45,892] {dag.py:1833} INFO - Sync 1 DAGs
[2025-02-05 10:42:45,902] {logging_mixin.py:104} INFO - [2025-02-05 10:42:45,902] {dag.py:2306} INFO - Setting next_dagrun for example_dag_decorator to None
[2025-02-05 10:42:45,911] {scheduler_job.py:190} INFO - Processing /home/airflow/.local/lib/python3.6/site-packages/airflow/example_dags/example_dag_decorator.py took 0.204 seconds
[2025-02-05 10:43:16,276] {scheduler_job.py:182} INFO - Started process (PID=2760) to work on /home/airflow/.local/lib/python3.6/site-packages/airflow/example_dags/example_dag_decorator.py
[2025-02-05 10:43:16,278] {scheduler_job.py:633} INFO - Processing file /home/airflow/.local/lib/python3.6/site-packages/airflow/example_dags/example_dag_decorator.py for tasks to queue
[2025-02-05 10:43:16,278] {logging_mixin.py:104} INFO - [2025-02-05 10:43:16,278] {dagbag.py:496} INFO - Filling up the DagBag from /home/airflow/.local/lib/python3.6/site-packages/airflow/example_dags/example_dag_decorator.py
[2025-02-05 10:43:16,292] {scheduler_job.py:643} INFO - DAG(s) dict_keys(['example_dag_decorator']) retrieved from /home/airflow/.local/lib/python3.6/site-packages/airflow/example_dags/example_dag_decorator.py
[2025-02-05 10:43:16,444] {logging_mixin.py:104} INFO - [2025-02-05 10:43:16,444] {dag.py:1833} INFO - Sync 1 DAGs
[2025-02-05 10:43:16,455] {logging_mixin.py:104} INFO - [2025-02-05 10:43:16,455] {dag.py:2306} INFO - Setting next_dagrun for example_dag_decorator to None
[2025-02-05 10:43:16,463] {scheduler_job.py:190} INFO - Processing /home/airflow/.local/lib/python3.6/site-packages/airflow/example_dags/example_dag_decorator.py took 0.189 seconds
[2025-02-05 10:43:46,787] {scheduler_job.py:182} INFO - Started process (PID=2810) to work on /home/airflow/.local/lib/python3.6/site-packages/airflow/example_dags/example_dag_decorator.py
[2025-02-05 10:43:46,788] {scheduler_job.py:633} INFO - Processing file /home/airflow/.local/lib/python3.6/site-packages/airflow/example_dags/example_dag_decorator.py for tasks to queue
[2025-02-05 10:43:46,789] {logging_mixin.py:104} INFO - [2025-02-05 10:43:46,789] {dagbag.py:496} INFO - Filling up the DagBag from /home/airflow/.local/lib/python3.6/site-packages/airflow/example_dags/example_dag_decorator.py
[2025-02-05 10:43:46,803] {scheduler_job.py:643} INFO - DAG(s) dict_keys(['example_dag_decorator']) retrieved from /home/airflow/.local/lib/python3.6/site-packages/airflow/example_dags/example_dag_decorator.py
[2025-02-05 10:43:46,961] {logging_mixin.py:104} INFO - [2025-02-05 10:43:46,961] {dag.py:1833} INFO - Sync 1 DAGs
[2025-02-05 10:43:46,972] {logging_mixin.py:104} INFO - [2025-02-05 10:43:46,972] {dag.py:2306} INFO - Setting next_dagrun for example_dag_decorator to None
[2025-02-05 10:43:46,980] {scheduler_job.py:190} INFO - Processing /home/airflow/.local/lib/python3.6/site-packages/airflow/example_dags/example_dag_decorator.py took 0.195 seconds
[2025-02-05 10:44:17,406] {scheduler_job.py:182} INFO - Started process (PID=2873) to work on /home/airflow/.local/lib/python3.6/site-packages/airflow/example_dags/example_dag_decorator.py
[2025-02-05 10:44:17,407] {scheduler_job.py:633} INFO - Processing file /home/airflow/.local/lib/python3.6/site-packages/airflow/example_dags/example_dag_decorator.py for tasks to queue
[2025-02-05 10:44:17,408] {logging_mixin.py:104} INFO - [2025-02-05 10:44:17,408] {dagbag.py:496} INFO - Filling up the DagBag from /home/airflow/.local/lib/python3.6/site-packages/airflow/example_dags/example_dag_decorator.py
[2025-02-05 10:44:17,423] {scheduler_job.py:643} INFO - DAG(s) dict_keys(['example_dag_decorator']) retrieved from /home/airflow/.local/lib/python3.6/site-packages/airflow/example_dags/example_dag_decorator.py
[2025-02-05 10:44:17,578] {logging_mixin.py:104} INFO - [2025-02-05 10:44:17,578] {dag.py:1833} INFO - Sync 1 DAGs
[2025-02-05 10:44:17,589] {logging_mixin.py:104} INFO - [2025-02-05 10:44:17,589] {dag.py:2306} INFO - Setting next_dagrun for example_dag_decorator to None
[2025-02-05 10:44:17,598] {scheduler_job.py:190} INFO - Processing /home/airflow/.local/lib/python3.6/site-packages/airflow/example_dags/example_dag_decorator.py took 0.195 seconds
[2025-02-05 10:44:47,741] {scheduler_job.py:182} INFO - Started process (PID=2924) to work on /home/airflow/.local/lib/python3.6/site-packages/airflow/example_dags/example_dag_decorator.py
[2025-02-05 10:44:47,742] {scheduler_job.py:633} INFO - Processing file /home/airflow/.local/lib/python3.6/site-packages/airflow/example_dags/example_dag_decorator.py for tasks to queue
[2025-02-05 10:44:47,742] {logging_mixin.py:104} INFO - [2025-02-05 10:44:47,742] {dagbag.py:496} INFO - Filling up the DagBag from /home/airflow/.local/lib/python3.6/site-packages/airflow/example_dags/example_dag_decorator.py
[2025-02-05 10:44:47,757] {scheduler_job.py:643} INFO - DAG(s) dict_keys(['example_dag_decorator']) retrieved from /home/airflow/.local/lib/python3.6/site-packages/airflow/example_dags/example_dag_decorator.py
[2025-02-05 10:44:47,916] {logging_mixin.py:104} INFO - [2025-02-05 10:44:47,916] {dag.py:1833} INFO - Sync 1 DAGs
[2025-02-05 10:44:47,927] {logging_mixin.py:104} INFO - [2025-02-05 10:44:47,927] {dag.py:2306} INFO - Setting next_dagrun for example_dag_decorator to None
[2025-02-05 10:44:47,967] {scheduler_job.py:190} INFO - Processing /home/airflow/.local/lib/python3.6/site-packages/airflow/example_dags/example_dag_decorator.py took 0.229 seconds
[2025-02-05 10:45:18,416] {scheduler_job.py:182} INFO - Started process (PID=2985) to work on /home/airflow/.local/lib/python3.6/site-packages/airflow/example_dags/example_dag_decorator.py
[2025-02-05 10:45:18,417] {scheduler_job.py:633} INFO - Processing file /home/airflow/.local/lib/python3.6/site-packages/airflow/example_dags/example_dag_decorator.py for tasks to queue
[2025-02-05 10:45:18,417] {logging_mixin.py:104} INFO - [2025-02-05 10:45:18,417] {dagbag.py:496} INFO - Filling up the DagBag from /home/airflow/.local/lib/python3.6/site-packages/airflow/example_dags/example_dag_decorator.py
[2025-02-05 10:45:18,432] {scheduler_job.py:643} INFO - DAG(s) dict_keys(['example_dag_decorator']) retrieved from /home/airflow/.local/lib/python3.6/site-packages/airflow/example_dags/example_dag_decorator.py
[2025-02-05 10:45:18,586] {logging_mixin.py:104} INFO - [2025-02-05 10:45:18,586] {dag.py:1833} INFO - Sync 1 DAGs
[2025-02-05 10:45:18,597] {logging_mixin.py:104} INFO - [2025-02-05 10:45:18,597] {dag.py:2306} INFO - Setting next_dagrun for example_dag_decorator to None
[2025-02-05 10:45:18,606] {scheduler_job.py:190} INFO - Processing /home/airflow/.local/lib/python3.6/site-packages/airflow/example_dags/example_dag_decorator.py took 0.192 seconds
[2025-02-05 10:45:49,006] {scheduler_job.py:182} INFO - Started process (PID=3046) to work on /home/airflow/.local/lib/python3.6/site-packages/airflow/example_dags/example_dag_decorator.py
[2025-02-05 10:45:49,007] {scheduler_job.py:633} INFO - Processing file /home/airflow/.local/lib/python3.6/site-packages/airflow/example_dags/example_dag_decorator.py for tasks to queue
[2025-02-05 10:45:49,007] {logging_mixin.py:104} INFO - [2025-02-05 10:45:49,007] {dagbag.py:496} INFO - Filling up the DagBag from /home/airflow/.local/lib/python3.6/site-packages/airflow/example_dags/example_dag_decorator.py
[2025-02-05 10:45:49,022] {scheduler_job.py:643} INFO - DAG(s) dict_keys(['example_dag_decorator']) retrieved from /home/airflow/.local/lib/python3.6/site-packages/airflow/example_dags/example_dag_decorator.py
[2025-02-05 10:45:49,172] {logging_mixin.py:104} INFO - [2025-02-05 10:45:49,172] {dag.py:1833} INFO - Sync 1 DAGs
[2025-02-05 10:45:49,182] {logging_mixin.py:104} INFO - [2025-02-05 10:45:49,182] {dag.py:2306} INFO - Setting next_dagrun for example_dag_decorator to None
[2025-02-05 10:45:49,221] {scheduler_job.py:190} INFO - Processing /home/airflow/.local/lib/python3.6/site-packages/airflow/example_dags/example_dag_decorator.py took 0.218 seconds
[2025-02-05 10:46:19,829] {scheduler_job.py:182} INFO - Started process (PID=3097) to work on /home/airflow/.local/lib/python3.6/site-packages/airflow/example_dags/example_dag_decorator.py
[2025-02-05 10:46:19,831] {scheduler_job.py:633} INFO - Processing file /home/airflow/.local/lib/python3.6/site-packages/airflow/example_dags/example_dag_decorator.py for tasks to queue
[2025-02-05 10:46:19,831] {logging_mixin.py:104} INFO - [2025-02-05 10:46:19,831] {dagbag.py:496} INFO - Filling up the DagBag from /home/airflow/.local/lib/python3.6/site-packages/airflow/example_dags/example_dag_decorator.py
[2025-02-05 10:46:19,854] {scheduler_job.py:643} INFO - DAG(s) dict_keys(['example_dag_decorator']) retrieved from /home/airflow/.local/lib/python3.6/site-packages/airflow/example_dags/example_dag_decorator.py
[2025-02-05 10:46:20,067] {logging_mixin.py:104} INFO - [2025-02-05 10:46:20,066] {dag.py:1833} INFO - Sync 1 DAGs
[2025-02-05 10:46:20,077] {logging_mixin.py:104} INFO - [2025-02-05 10:46:20,076] {dag.py:2306} INFO - Setting next_dagrun for example_dag_decorator to None
[2025-02-05 10:46:20,085] {scheduler_job.py:190} INFO - Processing /home/airflow/.local/lib/python3.6/site-packages/airflow/example_dags/example_dag_decorator.py took 0.262 seconds
[2025-02-05 10:46:50,536] {scheduler_job.py:182} INFO - Started process (PID=3158) to work on /home/airflow/.local/lib/python3.6/site-packages/airflow/example_dags/example_dag_decorator.py
[2025-02-05 10:46:50,536] {scheduler_job.py:633} INFO - Processing file /home/airflow/.local/lib/python3.6/site-packages/airflow/example_dags/example_dag_decorator.py for tasks to queue
[2025-02-05 10:46:50,537] {logging_mixin.py:104} INFO - [2025-02-05 10:46:50,537] {dagbag.py:496} INFO - Filling up the DagBag from /home/airflow/.local/lib/python3.6/site-packages/airflow/example_dags/example_dag_decorator.py
[2025-02-05 10:46:50,556] {scheduler_job.py:643} INFO - DAG(s) dict_keys(['example_dag_decorator']) retrieved from /home/airflow/.local/lib/python3.6/site-packages/airflow/example_dags/example_dag_decorator.py
[2025-02-05 10:46:50,730] {logging_mixin.py:104} INFO - [2025-02-05 10:46:50,730] {dag.py:1833} INFO - Sync 1 DAGs
[2025-02-05 10:46:50,741] {logging_mixin.py:104} INFO - [2025-02-05 10:46:50,741] {dag.py:2306} INFO - Setting next_dagrun for example_dag_decorator to None
[2025-02-05 10:46:50,782] {scheduler_job.py:190} INFO - Processing /home/airflow/.local/lib/python3.6/site-packages/airflow/example_dags/example_dag_decorator.py took 0.250 seconds
[2025-02-05 10:47:21,336] {scheduler_job.py:182} INFO - Started process (PID=3214) to work on /home/airflow/.local/lib/python3.6/site-packages/airflow/example_dags/example_dag_decorator.py
[2025-02-05 10:47:21,337] {scheduler_job.py:633} INFO - Processing file /home/airflow/.local/lib/python3.6/site-packages/airflow/example_dags/example_dag_decorator.py for tasks to queue
[2025-02-05 10:47:21,338] {logging_mixin.py:104} INFO - [2025-02-05 10:47:21,338] {dagbag.py:496} INFO - Filling up the DagBag from /home/airflow/.local/lib/python3.6/site-packages/airflow/example_dags/example_dag_decorator.py
[2025-02-05 10:47:21,359] {scheduler_job.py:643} INFO - DAG(s) dict_keys(['example_dag_decorator']) retrieved from /home/airflow/.local/lib/python3.6/site-packages/airflow/example_dags/example_dag_decorator.py
[2025-02-05 10:47:21,387] {logging_mixin.py:104} INFO - [2025-02-05 10:47:21,387] {dag.py:1833} INFO - Sync 1 DAGs
[2025-02-05 10:47:21,408] {logging_mixin.py:104} INFO - [2025-02-05 10:47:21,408] {dag.py:2306} INFO - Setting next_dagrun for example_dag_decorator to None
[2025-02-05 10:47:21,419] {scheduler_job.py:190} INFO - Processing /home/airflow/.local/lib/python3.6/site-packages/airflow/example_dags/example_dag_decorator.py took 0.086 seconds
[2025-02-05 10:47:52,034] {scheduler_job.py:182} INFO - Started process (PID=3268) to work on /home/airflow/.local/lib/python3.6/site-packages/airflow/example_dags/example_dag_decorator.py
[2025-02-05 10:47:52,035] {scheduler_job.py:633} INFO - Processing file /home/airflow/.local/lib/python3.6/site-packages/airflow/example_dags/example_dag_decorator.py for tasks to queue
[2025-02-05 10:47:52,035] {logging_mixin.py:104} INFO - [2025-02-05 10:47:52,035] {dagbag.py:496} INFO - Filling up the DagBag from /home/airflow/.local/lib/python3.6/site-packages/airflow/example_dags/example_dag_decorator.py
[2025-02-05 10:47:52,052] {scheduler_job.py:643} INFO - DAG(s) dict_keys(['example_dag_decorator']) retrieved from /home/airflow/.local/lib/python3.6/site-packages/airflow/example_dags/example_dag_decorator.py
[2025-02-05 10:47:52,223] {logging_mixin.py:104} INFO - [2025-02-05 10:47:52,222] {dag.py:1833} INFO - Sync 1 DAGs
[2025-02-05 10:47:52,235] {logging_mixin.py:104} INFO - [2025-02-05 10:47:52,235] {dag.py:2306} INFO - Setting next_dagrun for example_dag_decorator to None
[2025-02-05 10:47:52,244] {scheduler_job.py:190} INFO - Processing /home/airflow/.local/lib/python3.6/site-packages/airflow/example_dags/example_dag_decorator.py took 0.213 seconds
[2025-02-05 10:48:22,891] {scheduler_job.py:182} INFO - Started process (PID=3329) to work on /home/airflow/.local/lib/python3.6/site-packages/airflow/example_dags/example_dag_decorator.py
[2025-02-05 10:48:22,893] {scheduler_job.py:633} INFO - Processing file /home/airflow/.local/lib/python3.6/site-packages/airflow/example_dags/example_dag_decorator.py for tasks to queue
[2025-02-05 10:48:22,894] {logging_mixin.py:104} INFO - [2025-02-05 10:48:22,894] {dagbag.py:496} INFO - Filling up the DagBag from /home/airflow/.local/lib/python3.6/site-packages/airflow/example_dags/example_dag_decorator.py
[2025-02-05 10:48:22,913] {scheduler_job.py:643} INFO - DAG(s) dict_keys(['example_dag_decorator']) retrieved from /home/airflow/.local/lib/python3.6/site-packages/airflow/example_dags/example_dag_decorator.py
[2025-02-05 10:48:23,121] {logging_mixin.py:104} INFO - [2025-02-05 10:48:23,121] {dag.py:1833} INFO - Sync 1 DAGs
[2025-02-05 10:48:23,133] {logging_mixin.py:104} INFO - [2025-02-05 10:48:23,133] {dag.py:2306} INFO - Setting next_dagrun for example_dag_decorator to None
[2025-02-05 10:48:23,143] {scheduler_job.py:190} INFO - Processing /home/airflow/.local/lib/python3.6/site-packages/airflow/example_dags/example_dag_decorator.py took 0.255 seconds
[2025-02-05 10:48:53,845] {scheduler_job.py:182} INFO - Started process (PID=3380) to work on /home/airflow/.local/lib/python3.6/site-packages/airflow/example_dags/example_dag_decorator.py
[2025-02-05 10:48:53,846] {scheduler_job.py:633} INFO - Processing file /home/airflow/.local/lib/python3.6/site-packages/airflow/example_dags/example_dag_decorator.py for tasks to queue
[2025-02-05 10:48:53,847] {logging_mixin.py:104} INFO - [2025-02-05 10:48:53,846] {dagbag.py:496} INFO - Filling up the DagBag from /home/airflow/.local/lib/python3.6/site-packages/airflow/example_dags/example_dag_decorator.py
[2025-02-05 10:48:53,863] {scheduler_job.py:643} INFO - DAG(s) dict_keys(['example_dag_decorator']) retrieved from /home/airflow/.local/lib/python3.6/site-packages/airflow/example_dags/example_dag_decorator.py
[2025-02-05 10:48:54,035] {logging_mixin.py:104} INFO - [2025-02-05 10:48:54,035] {dag.py:1833} INFO - Sync 1 DAGs
[2025-02-05 10:48:54,046] {logging_mixin.py:104} INFO - [2025-02-05 10:48:54,045] {dag.py:2306} INFO - Setting next_dagrun for example_dag_decorator to None
[2025-02-05 10:48:54,055] {scheduler_job.py:190} INFO - Processing /home/airflow/.local/lib/python3.6/site-packages/airflow/example_dags/example_dag_decorator.py took 0.212 seconds
[2025-02-05 10:49:24,564] {scheduler_job.py:182} INFO - Started process (PID=3440) to work on /home/airflow/.local/lib/python3.6/site-packages/airflow/example_dags/example_dag_decorator.py
[2025-02-05 10:49:24,565] {scheduler_job.py:633} INFO - Processing file /home/airflow/.local/lib/python3.6/site-packages/airflow/example_dags/example_dag_decorator.py for tasks to queue
[2025-02-05 10:49:24,566] {logging_mixin.py:104} INFO - [2025-02-05 10:49:24,566] {dagbag.py:496} INFO - Filling up the DagBag from /home/airflow/.local/lib/python3.6/site-packages/airflow/example_dags/example_dag_decorator.py
[2025-02-05 10:49:24,582] {scheduler_job.py:643} INFO - DAG(s) dict_keys(['example_dag_decorator']) retrieved from /home/airflow/.local/lib/python3.6/site-packages/airflow/example_dags/example_dag_decorator.py
[2025-02-05 10:49:24,601] {logging_mixin.py:104} INFO - [2025-02-05 10:49:24,601] {dag.py:1833} INFO - Sync 1 DAGs
[2025-02-05 10:49:24,617] {logging_mixin.py:104} INFO - [2025-02-05 10:49:24,617] {dag.py:2306} INFO - Setting next_dagrun for example_dag_decorator to None
[2025-02-05 10:49:24,625] {scheduler_job.py:190} INFO - Processing /home/airflow/.local/lib/python3.6/site-packages/airflow/example_dags/example_dag_decorator.py took 0.063 seconds
[2025-02-05 10:49:55,450] {scheduler_job.py:182} INFO - Started process (PID=3498) to work on /home/airflow/.local/lib/python3.6/site-packages/airflow/example_dags/example_dag_decorator.py
[2025-02-05 10:49:55,451] {scheduler_job.py:633} INFO - Processing file /home/airflow/.local/lib/python3.6/site-packages/airflow/example_dags/example_dag_decorator.py for tasks to queue
[2025-02-05 10:49:55,451] {logging_mixin.py:104} INFO - [2025-02-05 10:49:55,451] {dagbag.py:496} INFO - Filling up the DagBag from /home/airflow/.local/lib/python3.6/site-packages/airflow/example_dags/example_dag_decorator.py
[2025-02-05 10:49:55,469] {scheduler_job.py:643} INFO - DAG(s) dict_keys(['example_dag_decorator']) retrieved from /home/airflow/.local/lib/python3.6/site-packages/airflow/example_dags/example_dag_decorator.py
[2025-02-05 10:49:55,490] {logging_mixin.py:104} INFO - [2025-02-05 10:49:55,490] {dag.py:1833} INFO - Sync 1 DAGs
[2025-02-05 10:49:55,505] {logging_mixin.py:104} INFO - [2025-02-05 10:49:55,505] {dag.py:2306} INFO - Setting next_dagrun for example_dag_decorator to None
[2025-02-05 10:49:55,515] {scheduler_job.py:190} INFO - Processing /home/airflow/.local/lib/python3.6/site-packages/airflow/example_dags/example_dag_decorator.py took 0.068 seconds
[2025-02-05 10:50:26,202] {scheduler_job.py:182} INFO - Started process (PID=3552) to work on /home/airflow/.local/lib/python3.6/site-packages/airflow/example_dags/example_dag_decorator.py
[2025-02-05 10:50:26,203] {scheduler_job.py:633} INFO - Processing file /home/airflow/.local/lib/python3.6/site-packages/airflow/example_dags/example_dag_decorator.py for tasks to queue
[2025-02-05 10:50:26,204] {logging_mixin.py:104} INFO - [2025-02-05 10:50:26,204] {dagbag.py:496} INFO - Filling up the DagBag from /home/airflow/.local/lib/python3.6/site-packages/airflow/example_dags/example_dag_decorator.py
[2025-02-05 10:50:26,222] {scheduler_job.py:643} INFO - DAG(s) dict_keys(['example_dag_decorator']) retrieved from /home/airflow/.local/lib/python3.6/site-packages/airflow/example_dags/example_dag_decorator.py
[2025-02-05 10:50:26,401] {logging_mixin.py:104} INFO - [2025-02-05 10:50:26,401] {dag.py:1833} INFO - Sync 1 DAGs
[2025-02-05 10:50:26,414] {logging_mixin.py:104} INFO - [2025-02-05 10:50:26,414] {dag.py:2306} INFO - Setting next_dagrun for example_dag_decorator to None
[2025-02-05 10:50:26,426] {scheduler_job.py:190} INFO - Processing /home/airflow/.local/lib/python3.6/site-packages/airflow/example_dags/example_dag_decorator.py took 0.227 seconds
[2025-02-05 10:50:57,081] {scheduler_job.py:182} INFO - Started process (PID=3613) to work on /home/airflow/.local/lib/python3.6/site-packages/airflow/example_dags/example_dag_decorator.py
[2025-02-05 10:50:57,081] {scheduler_job.py:633} INFO - Processing file /home/airflow/.local/lib/python3.6/site-packages/airflow/example_dags/example_dag_decorator.py for tasks to queue
[2025-02-05 10:50:57,082] {logging_mixin.py:104} INFO - [2025-02-05 10:50:57,082] {dagbag.py:496} INFO - Filling up the DagBag from /home/airflow/.local/lib/python3.6/site-packages/airflow/example_dags/example_dag_decorator.py
[2025-02-05 10:50:57,098] {scheduler_job.py:643} INFO - DAG(s) dict_keys(['example_dag_decorator']) retrieved from /home/airflow/.local/lib/python3.6/site-packages/airflow/example_dags/example_dag_decorator.py
[2025-02-05 10:50:57,283] {logging_mixin.py:104} INFO - [2025-02-05 10:50:57,283] {dag.py:1833} INFO - Sync 1 DAGs
[2025-02-05 10:50:57,296] {logging_mixin.py:104} INFO - [2025-02-05 10:50:57,296] {dag.py:2306} INFO - Setting next_dagrun for example_dag_decorator to None
[2025-02-05 10:50:57,306] {scheduler_job.py:190} INFO - Processing /home/airflow/.local/lib/python3.6/site-packages/airflow/example_dags/example_dag_decorator.py took 0.228 seconds
[2025-02-05 10:51:27,823] {scheduler_job.py:182} INFO - Started process (PID=3664) to work on /home/airflow/.local/lib/python3.6/site-packages/airflow/example_dags/example_dag_decorator.py
[2025-02-05 10:51:27,824] {scheduler_job.py:633} INFO - Processing file /home/airflow/.local/lib/python3.6/site-packages/airflow/example_dags/example_dag_decorator.py for tasks to queue
[2025-02-05 10:51:27,824] {logging_mixin.py:104} INFO - [2025-02-05 10:51:27,824] {dagbag.py:496} INFO - Filling up the DagBag from /home/airflow/.local/lib/python3.6/site-packages/airflow/example_dags/example_dag_decorator.py
[2025-02-05 10:51:27,840] {scheduler_job.py:643} INFO - DAG(s) dict_keys(['example_dag_decorator']) retrieved from /home/airflow/.local/lib/python3.6/site-packages/airflow/example_dags/example_dag_decorator.py
[2025-02-05 10:51:28,016] {logging_mixin.py:104} INFO - [2025-02-05 10:51:28,016] {dag.py:1833} INFO - Sync 1 DAGs
[2025-02-05 10:51:28,026] {logging_mixin.py:104} INFO - [2025-02-05 10:51:28,026] {dag.py:2306} INFO - Setting next_dagrun for example_dag_decorator to None
[2025-02-05 10:51:28,037] {scheduler_job.py:190} INFO - Processing /home/airflow/.local/lib/python3.6/site-packages/airflow/example_dags/example_dag_decorator.py took 0.217 seconds
[2025-02-05 10:51:58,910] {scheduler_job.py:182} INFO - Started process (PID=3725) to work on /home/airflow/.local/lib/python3.6/site-packages/airflow/example_dags/example_dag_decorator.py
[2025-02-05 10:51:58,911] {scheduler_job.py:633} INFO - Processing file /home/airflow/.local/lib/python3.6/site-packages/airflow/example_dags/example_dag_decorator.py for tasks to queue
[2025-02-05 10:51:58,911] {logging_mixin.py:104} INFO - [2025-02-05 10:51:58,911] {dagbag.py:496} INFO - Filling up the DagBag from /home/airflow/.local/lib/python3.6/site-packages/airflow/example_dags/example_dag_decorator.py
[2025-02-05 10:51:58,932] {scheduler_job.py:643} INFO - DAG(s) dict_keys(['example_dag_decorator']) retrieved from /home/airflow/.local/lib/python3.6/site-packages/airflow/example_dags/example_dag_decorator.py
[2025-02-05 10:51:59,104] {logging_mixin.py:104} INFO - [2025-02-05 10:51:59,103] {dag.py:1833} INFO - Sync 1 DAGs
[2025-02-05 10:51:59,117] {logging_mixin.py:104} INFO - [2025-02-05 10:51:59,117] {dag.py:2306} INFO - Setting next_dagrun for example_dag_decorator to None
[2025-02-05 10:51:59,130] {scheduler_job.py:190} INFO - Processing /home/airflow/.local/lib/python3.6/site-packages/airflow/example_dags/example_dag_decorator.py took 0.223 seconds
[2025-02-05 10:52:29,162] {scheduler_job.py:182} INFO - Started process (PID=3776) to work on /home/airflow/.local/lib/python3.6/site-packages/airflow/example_dags/example_dag_decorator.py
[2025-02-05 10:52:29,163] {scheduler_job.py:633} INFO - Processing file /home/airflow/.local/lib/python3.6/site-packages/airflow/example_dags/example_dag_decorator.py for tasks to queue
[2025-02-05 10:52:29,164] {logging_mixin.py:104} INFO - [2025-02-05 10:52:29,164] {dagbag.py:496} INFO - Filling up the DagBag from /home/airflow/.local/lib/python3.6/site-packages/airflow/example_dags/example_dag_decorator.py
[2025-02-05 10:52:29,181] {scheduler_job.py:643} INFO - DAG(s) dict_keys(['example_dag_decorator']) retrieved from /home/airflow/.local/lib/python3.6/site-packages/airflow/example_dags/example_dag_decorator.py
[2025-02-05 10:52:29,374] {logging_mixin.py:104} INFO - [2025-02-05 10:52:29,374] {dag.py:1833} INFO - Sync 1 DAGs
[2025-02-05 10:52:29,385] {logging_mixin.py:104} INFO - [2025-02-05 10:52:29,385] {dag.py:2306} INFO - Setting next_dagrun for example_dag_decorator to None
[2025-02-05 10:52:29,396] {scheduler_job.py:190} INFO - Processing /home/airflow/.local/lib/python3.6/site-packages/airflow/example_dags/example_dag_decorator.py took 0.237 seconds
[2025-02-05 10:53:00,269] {scheduler_job.py:182} INFO - Started process (PID=3837) to work on /home/airflow/.local/lib/python3.6/site-packages/airflow/example_dags/example_dag_decorator.py
[2025-02-05 10:53:00,270] {scheduler_job.py:633} INFO - Processing file /home/airflow/.local/lib/python3.6/site-packages/airflow/example_dags/example_dag_decorator.py for tasks to queue
[2025-02-05 10:53:00,270] {logging_mixin.py:104} INFO - [2025-02-05 10:53:00,270] {dagbag.py:496} INFO - Filling up the DagBag from /home/airflow/.local/lib/python3.6/site-packages/airflow/example_dags/example_dag_decorator.py
[2025-02-05 10:53:00,287] {scheduler_job.py:643} INFO - DAG(s) dict_keys(['example_dag_decorator']) retrieved from /home/airflow/.local/lib/python3.6/site-packages/airflow/example_dags/example_dag_decorator.py
[2025-02-05 10:53:00,473] {logging_mixin.py:104} INFO - [2025-02-05 10:53:00,473] {dag.py:1833} INFO - Sync 1 DAGs
[2025-02-05 10:53:00,486] {logging_mixin.py:104} INFO - [2025-02-05 10:53:00,485] {dag.py:2306} INFO - Setting next_dagrun for example_dag_decorator to None
[2025-02-05 10:53:00,495] {scheduler_job.py:190} INFO - Processing /home/airflow/.local/lib/python3.6/site-packages/airflow/example_dags/example_dag_decorator.py took 0.228 seconds
[2025-02-05 10:53:31,270] {scheduler_job.py:182} INFO - Started process (PID=3898) to work on /home/airflow/.local/lib/python3.6/site-packages/airflow/example_dags/example_dag_decorator.py
[2025-02-05 10:53:31,272] {scheduler_job.py:633} INFO - Processing file /home/airflow/.local/lib/python3.6/site-packages/airflow/example_dags/example_dag_decorator.py for tasks to queue
[2025-02-05 10:53:31,272] {logging_mixin.py:104} INFO - [2025-02-05 10:53:31,272] {dagbag.py:496} INFO - Filling up the DagBag from /home/airflow/.local/lib/python3.6/site-packages/airflow/example_dags/example_dag_decorator.py
[2025-02-05 10:53:31,291] {scheduler_job.py:643} INFO - DAG(s) dict_keys(['example_dag_decorator']) retrieved from /home/airflow/.local/lib/python3.6/site-packages/airflow/example_dags/example_dag_decorator.py
[2025-02-05 10:53:31,476] {logging_mixin.py:104} INFO - [2025-02-05 10:53:31,476] {dag.py:1833} INFO - Sync 1 DAGs
[2025-02-05 10:53:31,489] {logging_mixin.py:104} INFO - [2025-02-05 10:53:31,489] {dag.py:2306} INFO - Setting next_dagrun for example_dag_decorator to None
[2025-02-05 10:53:31,498] {scheduler_job.py:190} INFO - Processing /home/airflow/.local/lib/python3.6/site-packages/airflow/example_dags/example_dag_decorator.py took 0.230 seconds
[2025-02-05 10:54:02,201] {scheduler_job.py:182} INFO - Started process (PID=3949) to work on /home/airflow/.local/lib/python3.6/site-packages/airflow/example_dags/example_dag_decorator.py
[2025-02-05 10:54:02,202] {scheduler_job.py:633} INFO - Processing file /home/airflow/.local/lib/python3.6/site-packages/airflow/example_dags/example_dag_decorator.py for tasks to queue
[2025-02-05 10:54:02,203] {logging_mixin.py:104} INFO - [2025-02-05 10:54:02,202] {dagbag.py:496} INFO - Filling up the DagBag from /home/airflow/.local/lib/python3.6/site-packages/airflow/example_dags/example_dag_decorator.py
[2025-02-05 10:54:02,219] {scheduler_job.py:643} INFO - DAG(s) dict_keys(['example_dag_decorator']) retrieved from /home/airflow/.local/lib/python3.6/site-packages/airflow/example_dags/example_dag_decorator.py
[2025-02-05 10:54:02,399] {logging_mixin.py:104} INFO - [2025-02-05 10:54:02,399] {dag.py:1833} INFO - Sync 1 DAGs
[2025-02-05 10:54:02,410] {logging_mixin.py:104} INFO - [2025-02-05 10:54:02,410] {dag.py:2306} INFO - Setting next_dagrun for example_dag_decorator to None
[2025-02-05 10:54:02,421] {scheduler_job.py:190} INFO - Processing /home/airflow/.local/lib/python3.6/site-packages/airflow/example_dags/example_dag_decorator.py took 0.222 seconds
[2025-02-05 10:54:32,916] {scheduler_job.py:182} INFO - Started process (PID=4012) to work on /home/airflow/.local/lib/python3.6/site-packages/airflow/example_dags/example_dag_decorator.py
[2025-02-05 10:54:32,917] {scheduler_job.py:633} INFO - Processing file /home/airflow/.local/lib/python3.6/site-packages/airflow/example_dags/example_dag_decorator.py for tasks to queue
[2025-02-05 10:54:32,917] {logging_mixin.py:104} INFO - [2025-02-05 10:54:32,917] {dagbag.py:496} INFO - Filling up the DagBag from /home/airflow/.local/lib/python3.6/site-packages/airflow/example_dags/example_dag_decorator.py
[2025-02-05 10:54:32,934] {scheduler_job.py:643} INFO - DAG(s) dict_keys(['example_dag_decorator']) retrieved from /home/airflow/.local/lib/python3.6/site-packages/airflow/example_dags/example_dag_decorator.py
[2025-02-05 10:54:32,959] {logging_mixin.py:104} INFO - [2025-02-05 10:54:32,959] {dag.py:1833} INFO - Sync 1 DAGs
[2025-02-05 10:54:32,972] {logging_mixin.py:104} INFO - [2025-02-05 10:54:32,972] {dag.py:2306} INFO - Setting next_dagrun for example_dag_decorator to None
[2025-02-05 10:54:32,980] {scheduler_job.py:190} INFO - Processing /home/airflow/.local/lib/python3.6/site-packages/airflow/example_dags/example_dag_decorator.py took 0.068 seconds
[2025-02-05 10:55:03,681] {scheduler_job.py:182} INFO - Started process (PID=4070) to work on /home/airflow/.local/lib/python3.6/site-packages/airflow/example_dags/example_dag_decorator.py
[2025-02-05 10:55:03,682] {scheduler_job.py:633} INFO - Processing file /home/airflow/.local/lib/python3.6/site-packages/airflow/example_dags/example_dag_decorator.py for tasks to queue
[2025-02-05 10:55:03,683] {logging_mixin.py:104} INFO - [2025-02-05 10:55:03,683] {dagbag.py:496} INFO - Filling up the DagBag from /home/airflow/.local/lib/python3.6/site-packages/airflow/example_dags/example_dag_decorator.py
[2025-02-05 10:55:03,700] {scheduler_job.py:643} INFO - DAG(s) dict_keys(['example_dag_decorator']) retrieved from /home/airflow/.local/lib/python3.6/site-packages/airflow/example_dags/example_dag_decorator.py
[2025-02-05 10:55:03,878] {logging_mixin.py:104} INFO - [2025-02-05 10:55:03,878] {dag.py:1833} INFO - Sync 1 DAGs
[2025-02-05 10:55:03,890] {logging_mixin.py:104} INFO - [2025-02-05 10:55:03,890] {dag.py:2306} INFO - Setting next_dagrun for example_dag_decorator to None
[2025-02-05 10:55:03,931] {scheduler_job.py:190} INFO - Processing /home/airflow/.local/lib/python3.6/site-packages/airflow/example_dags/example_dag_decorator.py took 0.253 seconds
[2025-02-05 10:55:34,325] {scheduler_job.py:182} INFO - Started process (PID=4123) to work on /home/airflow/.local/lib/python3.6/site-packages/airflow/example_dags/example_dag_decorator.py
[2025-02-05 10:55:34,326] {scheduler_job.py:633} INFO - Processing file /home/airflow/.local/lib/python3.6/site-packages/airflow/example_dags/example_dag_decorator.py for tasks to queue
[2025-02-05 10:55:34,326] {logging_mixin.py:104} INFO - [2025-02-05 10:55:34,326] {dagbag.py:496} INFO - Filling up the DagBag from /home/airflow/.local/lib/python3.6/site-packages/airflow/example_dags/example_dag_decorator.py
[2025-02-05 10:55:34,342] {scheduler_job.py:643} INFO - DAG(s) dict_keys(['example_dag_decorator']) retrieved from /home/airflow/.local/lib/python3.6/site-packages/airflow/example_dags/example_dag_decorator.py
[2025-02-05 10:55:34,361] {logging_mixin.py:104} INFO - [2025-02-05 10:55:34,360] {dag.py:1833} INFO - Sync 1 DAGs
[2025-02-05 10:55:34,373] {logging_mixin.py:104} INFO - [2025-02-05 10:55:34,373] {dag.py:2306} INFO - Setting next_dagrun for example_dag_decorator to None
[2025-02-05 10:55:34,382] {scheduler_job.py:190} INFO - Processing /home/airflow/.local/lib/python3.6/site-packages/airflow/example_dags/example_dag_decorator.py took 0.059 seconds
[2025-02-05 10:56:04,810] {scheduler_job.py:182} INFO - Started process (PID=4183) to work on /home/airflow/.local/lib/python3.6/site-packages/airflow/example_dags/example_dag_decorator.py
[2025-02-05 10:56:04,810] {scheduler_job.py:633} INFO - Processing file /home/airflow/.local/lib/python3.6/site-packages/airflow/example_dags/example_dag_decorator.py for tasks to queue
[2025-02-05 10:56:04,811] {logging_mixin.py:104} INFO - [2025-02-05 10:56:04,811] {dagbag.py:496} INFO - Filling up the DagBag from /home/airflow/.local/lib/python3.6/site-packages/airflow/example_dags/example_dag_decorator.py
[2025-02-05 10:56:04,827] {scheduler_job.py:643} INFO - DAG(s) dict_keys(['example_dag_decorator']) retrieved from /home/airflow/.local/lib/python3.6/site-packages/airflow/example_dags/example_dag_decorator.py
[2025-02-05 10:56:05,003] {logging_mixin.py:104} INFO - [2025-02-05 10:56:05,003] {dag.py:1833} INFO - Sync 1 DAGs
[2025-02-05 10:56:05,015] {logging_mixin.py:104} INFO - [2025-02-05 10:56:05,015] {dag.py:2306} INFO - Setting next_dagrun for example_dag_decorator to None
[2025-02-05 10:56:05,036] {scheduler_job.py:190} INFO - Processing /home/airflow/.local/lib/python3.6/site-packages/airflow/example_dags/example_dag_decorator.py took 0.229 seconds
[2025-02-05 10:56:35,603] {scheduler_job.py:182} INFO - Started process (PID=4236) to work on /home/airflow/.local/lib/python3.6/site-packages/airflow/example_dags/example_dag_decorator.py
[2025-02-05 10:56:35,604] {scheduler_job.py:633} INFO - Processing file /home/airflow/.local/lib/python3.6/site-packages/airflow/example_dags/example_dag_decorator.py for tasks to queue
[2025-02-05 10:56:35,604] {logging_mixin.py:104} INFO - [2025-02-05 10:56:35,604] {dagbag.py:496} INFO - Filling up the DagBag from /home/airflow/.local/lib/python3.6/site-packages/airflow/example_dags/example_dag_decorator.py
[2025-02-05 10:56:35,619] {scheduler_job.py:643} INFO - DAG(s) dict_keys(['example_dag_decorator']) retrieved from /home/airflow/.local/lib/python3.6/site-packages/airflow/example_dags/example_dag_decorator.py
[2025-02-05 10:56:35,777] {logging_mixin.py:104} INFO - [2025-02-05 10:56:35,777] {dag.py:1833} INFO - Sync 1 DAGs
[2025-02-05 10:56:35,788] {logging_mixin.py:104} INFO - [2025-02-05 10:56:35,788] {dag.py:2306} INFO - Setting next_dagrun for example_dag_decorator to None
[2025-02-05 10:56:35,827] {scheduler_job.py:190} INFO - Processing /home/airflow/.local/lib/python3.6/site-packages/airflow/example_dags/example_dag_decorator.py took 0.226 seconds
[2025-02-05 10:57:06,372] {scheduler_job.py:182} INFO - Started process (PID=4297) to work on /home/airflow/.local/lib/python3.6/site-packages/airflow/example_dags/example_dag_decorator.py
[2025-02-05 10:57:06,373] {scheduler_job.py:633} INFO - Processing file /home/airflow/.local/lib/python3.6/site-packages/airflow/example_dags/example_dag_decorator.py for tasks to queue
[2025-02-05 10:57:06,374] {logging_mixin.py:104} INFO - [2025-02-05 10:57:06,374] {dagbag.py:496} INFO - Filling up the DagBag from /home/airflow/.local/lib/python3.6/site-packages/airflow/example_dags/example_dag_decorator.py
[2025-02-05 10:57:06,389] {scheduler_job.py:643} INFO - DAG(s) dict_keys(['example_dag_decorator']) retrieved from /home/airflow/.local/lib/python3.6/site-packages/airflow/example_dags/example_dag_decorator.py
[2025-02-05 10:57:06,556] {logging_mixin.py:104} INFO - [2025-02-05 10:57:06,556] {dag.py:1833} INFO - Sync 1 DAGs
[2025-02-05 10:57:06,566] {logging_mixin.py:104} INFO - [2025-02-05 10:57:06,566] {dag.py:2306} INFO - Setting next_dagrun for example_dag_decorator to None
[2025-02-05 10:57:06,606] {scheduler_job.py:190} INFO - Processing /home/airflow/.local/lib/python3.6/site-packages/airflow/example_dags/example_dag_decorator.py took 0.236 seconds
[2025-02-05 10:57:37,086] {scheduler_job.py:182} INFO - Started process (PID=4356) to work on /home/airflow/.local/lib/python3.6/site-packages/airflow/example_dags/example_dag_decorator.py
[2025-02-05 10:57:37,087] {scheduler_job.py:633} INFO - Processing file /home/airflow/.local/lib/python3.6/site-packages/airflow/example_dags/example_dag_decorator.py for tasks to queue
[2025-02-05 10:57:37,087] {logging_mixin.py:104} INFO - [2025-02-05 10:57:37,087] {dagbag.py:496} INFO - Filling up the DagBag from /home/airflow/.local/lib/python3.6/site-packages/airflow/example_dags/example_dag_decorator.py
[2025-02-05 10:57:37,102] {scheduler_job.py:643} INFO - DAG(s) dict_keys(['example_dag_decorator']) retrieved from /home/airflow/.local/lib/python3.6/site-packages/airflow/example_dags/example_dag_decorator.py
[2025-02-05 10:57:37,266] {logging_mixin.py:104} INFO - [2025-02-05 10:57:37,266] {dag.py:1833} INFO - Sync 1 DAGs
[2025-02-05 10:57:37,277] {logging_mixin.py:104} INFO - [2025-02-05 10:57:37,277] {dag.py:2306} INFO - Setting next_dagrun for example_dag_decorator to None
[2025-02-05 10:57:37,319] {scheduler_job.py:190} INFO - Processing /home/airflow/.local/lib/python3.6/site-packages/airflow/example_dags/example_dag_decorator.py took 0.235 seconds
[2025-02-05 10:58:07,884] {scheduler_job.py:182} INFO - Started process (PID=4408) to work on /home/airflow/.local/lib/python3.6/site-packages/airflow/example_dags/example_dag_decorator.py
[2025-02-05 10:58:07,885] {scheduler_job.py:633} INFO - Processing file /home/airflow/.local/lib/python3.6/site-packages/airflow/example_dags/example_dag_decorator.py for tasks to queue
[2025-02-05 10:58:07,886] {logging_mixin.py:104} INFO - [2025-02-05 10:58:07,885] {dagbag.py:496} INFO - Filling up the DagBag from /home/airflow/.local/lib/python3.6/site-packages/airflow/example_dags/example_dag_decorator.py
[2025-02-05 10:58:07,903] {scheduler_job.py:643} INFO - DAG(s) dict_keys(['example_dag_decorator']) retrieved from /home/airflow/.local/lib/python3.6/site-packages/airflow/example_dags/example_dag_decorator.py
[2025-02-05 10:58:08,074] {logging_mixin.py:104} INFO - [2025-02-05 10:58:08,074] {dag.py:1833} INFO - Sync 1 DAGs
[2025-02-05 10:58:08,084] {logging_mixin.py:104} INFO - [2025-02-05 10:58:08,084] {dag.py:2306} INFO - Setting next_dagrun for example_dag_decorator to None
[2025-02-05 10:58:08,094] {scheduler_job.py:190} INFO - Processing /home/airflow/.local/lib/python3.6/site-packages/airflow/example_dags/example_dag_decorator.py took 0.213 seconds
[2025-02-05 10:58:38,636] {scheduler_job.py:182} INFO - Started process (PID=4470) to work on /home/airflow/.local/lib/python3.6/site-packages/airflow/example_dags/example_dag_decorator.py
[2025-02-05 10:58:38,637] {scheduler_job.py:633} INFO - Processing file /home/airflow/.local/lib/python3.6/site-packages/airflow/example_dags/example_dag_decorator.py for tasks to queue
[2025-02-05 10:58:38,638] {logging_mixin.py:104} INFO - [2025-02-05 10:58:38,637] {dagbag.py:496} INFO - Filling up the DagBag from /home/airflow/.local/lib/python3.6/site-packages/airflow/example_dags/example_dag_decorator.py
[2025-02-05 10:58:38,651] {scheduler_job.py:643} INFO - DAG(s) dict_keys(['example_dag_decorator']) retrieved from /home/airflow/.local/lib/python3.6/site-packages/airflow/example_dags/example_dag_decorator.py
[2025-02-05 10:58:38,668] {logging_mixin.py:104} INFO - [2025-02-05 10:58:38,668] {dag.py:1833} INFO - Sync 1 DAGs
[2025-02-05 10:58:38,680] {logging_mixin.py:104} INFO - [2025-02-05 10:58:38,680] {dag.py:2306} INFO - Setting next_dagrun for example_dag_decorator to None
[2025-02-05 10:58:38,689] {scheduler_job.py:190} INFO - Processing /home/airflow/.local/lib/python3.6/site-packages/airflow/example_dags/example_dag_decorator.py took 0.055 seconds
