[2025-02-05 10:16:08,535] {scheduler_job.py:182} INFO - Started process (PID=46) to work on /home/airflow/.local/lib/python3.6/site-packages/airflow/example_dags/example_complex.py
[2025-02-05 10:16:08,536] {scheduler_job.py:633} INFO - Processing file /home/airflow/.local/lib/python3.6/site-packages/airflow/example_dags/example_complex.py for tasks to queue
[2025-02-05 10:16:08,537] {logging_mixin.py:104} INFO - [2025-02-05 10:16:08,537] {dagbag.py:496} INFO - Filling up the DagBag from /home/airflow/.local/lib/python3.6/site-packages/airflow/example_dags/example_complex.py
[2025-02-05 10:16:08,560] {scheduler_job.py:643} INFO - DAG(s) dict_keys(['example_complex']) retrieved from /home/airflow/.local/lib/python3.6/site-packages/airflow/example_dags/example_complex.py
[2025-02-05 10:16:08,828] {logging_mixin.py:104} INFO - [2025-02-05 10:16:08,828] {dag.py:1833} INFO - Sync 1 DAGs
[2025-02-05 10:16:08,843] {logging_mixin.py:104} INFO - [2025-02-05 10:16:08,843] {dag.py:2306} INFO - Setting next_dagrun for example_complex to None
[2025-02-05 10:16:08,858] {scheduler_job.py:190} INFO - Processing /home/airflow/.local/lib/python3.6/site-packages/airflow/example_dags/example_complex.py took 0.327 seconds
[2025-02-05 10:16:39,635] {scheduler_job.py:182} INFO - Started process (PID=98) to work on /home/airflow/.local/lib/python3.6/site-packages/airflow/example_dags/example_complex.py
[2025-02-05 10:16:39,637] {scheduler_job.py:633} INFO - Processing file /home/airflow/.local/lib/python3.6/site-packages/airflow/example_dags/example_complex.py for tasks to queue
[2025-02-05 10:16:39,637] {logging_mixin.py:104} INFO - [2025-02-05 10:16:39,637] {dagbag.py:496} INFO - Filling up the DagBag from /home/airflow/.local/lib/python3.6/site-packages/airflow/example_dags/example_complex.py
[2025-02-05 10:16:39,665] {scheduler_job.py:643} INFO - DAG(s) dict_keys(['example_complex']) retrieved from /home/airflow/.local/lib/python3.6/site-packages/airflow/example_dags/example_complex.py
[2025-02-05 10:16:39,701] {logging_mixin.py:104} INFO - [2025-02-05 10:16:39,701] {dag.py:1833} INFO - Sync 1 DAGs
[2025-02-05 10:16:39,722] {logging_mixin.py:104} INFO - [2025-02-05 10:16:39,722] {dag.py:2306} INFO - Setting next_dagrun for example_complex to None
[2025-02-05 10:16:39,749] {scheduler_job.py:190} INFO - Processing /home/airflow/.local/lib/python3.6/site-packages/airflow/example_dags/example_complex.py took 0.118 seconds
[2025-02-05 10:17:10,483] {scheduler_job.py:182} INFO - Started process (PID=149) to work on /home/airflow/.local/lib/python3.6/site-packages/airflow/example_dags/example_complex.py
[2025-02-05 10:17:10,484] {scheduler_job.py:633} INFO - Processing file /home/airflow/.local/lib/python3.6/site-packages/airflow/example_dags/example_complex.py for tasks to queue
[2025-02-05 10:17:10,485] {logging_mixin.py:104} INFO - [2025-02-05 10:17:10,485] {dagbag.py:496} INFO - Filling up the DagBag from /home/airflow/.local/lib/python3.6/site-packages/airflow/example_dags/example_complex.py
[2025-02-05 10:17:10,512] {scheduler_job.py:643} INFO - DAG(s) dict_keys(['example_complex']) retrieved from /home/airflow/.local/lib/python3.6/site-packages/airflow/example_dags/example_complex.py
[2025-02-05 10:17:10,547] {logging_mixin.py:104} INFO - [2025-02-05 10:17:10,546] {dag.py:1833} INFO - Sync 1 DAGs
[2025-02-05 10:17:10,566] {logging_mixin.py:104} INFO - [2025-02-05 10:17:10,566] {dag.py:2306} INFO - Setting next_dagrun for example_complex to None
[2025-02-05 10:17:10,594] {scheduler_job.py:190} INFO - Processing /home/airflow/.local/lib/python3.6/site-packages/airflow/example_dags/example_complex.py took 0.115 seconds
[2025-02-05 10:17:40,906] {scheduler_job.py:182} INFO - Started process (PID=210) to work on /home/airflow/.local/lib/python3.6/site-packages/airflow/example_dags/example_complex.py
[2025-02-05 10:17:40,907] {scheduler_job.py:633} INFO - Processing file /home/airflow/.local/lib/python3.6/site-packages/airflow/example_dags/example_complex.py for tasks to queue
[2025-02-05 10:17:40,908] {logging_mixin.py:104} INFO - [2025-02-05 10:17:40,908] {dagbag.py:496} INFO - Filling up the DagBag from /home/airflow/.local/lib/python3.6/site-packages/airflow/example_dags/example_complex.py
[2025-02-05 10:17:40,936] {scheduler_job.py:643} INFO - DAG(s) dict_keys(['example_complex']) retrieved from /home/airflow/.local/lib/python3.6/site-packages/airflow/example_dags/example_complex.py
[2025-02-05 10:17:40,972] {logging_mixin.py:104} INFO - [2025-02-05 10:17:40,972] {dag.py:1833} INFO - Sync 1 DAGs
[2025-02-05 10:17:40,992] {logging_mixin.py:104} INFO - [2025-02-05 10:17:40,992] {dag.py:2306} INFO - Setting next_dagrun for example_complex to None
[2025-02-05 10:17:41,006] {scheduler_job.py:190} INFO - Processing /home/airflow/.local/lib/python3.6/site-packages/airflow/example_dags/example_complex.py took 0.104 seconds
[2025-02-05 10:18:11,573] {scheduler_job.py:182} INFO - Started process (PID=261) to work on /home/airflow/.local/lib/python3.6/site-packages/airflow/example_dags/example_complex.py
[2025-02-05 10:18:11,574] {scheduler_job.py:633} INFO - Processing file /home/airflow/.local/lib/python3.6/site-packages/airflow/example_dags/example_complex.py for tasks to queue
[2025-02-05 10:18:11,575] {logging_mixin.py:104} INFO - [2025-02-05 10:18:11,575] {dagbag.py:496} INFO - Filling up the DagBag from /home/airflow/.local/lib/python3.6/site-packages/airflow/example_dags/example_complex.py
[2025-02-05 10:18:11,604] {scheduler_job.py:643} INFO - DAG(s) dict_keys(['example_complex']) retrieved from /home/airflow/.local/lib/python3.6/site-packages/airflow/example_dags/example_complex.py
[2025-02-05 10:18:11,642] {logging_mixin.py:104} INFO - [2025-02-05 10:18:11,642] {dag.py:1833} INFO - Sync 1 DAGs
[2025-02-05 10:18:11,665] {logging_mixin.py:104} INFO - [2025-02-05 10:18:11,665] {dag.py:2306} INFO - Setting next_dagrun for example_complex to None
[2025-02-05 10:18:11,681] {scheduler_job.py:190} INFO - Processing /home/airflow/.local/lib/python3.6/site-packages/airflow/example_dags/example_complex.py took 0.112 seconds
[2025-02-05 10:18:42,503] {scheduler_job.py:182} INFO - Started process (PID=312) to work on /home/airflow/.local/lib/python3.6/site-packages/airflow/example_dags/example_complex.py
[2025-02-05 10:18:42,505] {scheduler_job.py:633} INFO - Processing file /home/airflow/.local/lib/python3.6/site-packages/airflow/example_dags/example_complex.py for tasks to queue
[2025-02-05 10:18:42,506] {logging_mixin.py:104} INFO - [2025-02-05 10:18:42,506] {dagbag.py:496} INFO - Filling up the DagBag from /home/airflow/.local/lib/python3.6/site-packages/airflow/example_dags/example_complex.py
[2025-02-05 10:18:42,533] {scheduler_job.py:643} INFO - DAG(s) dict_keys(['example_complex']) retrieved from /home/airflow/.local/lib/python3.6/site-packages/airflow/example_dags/example_complex.py
[2025-02-05 10:18:42,565] {logging_mixin.py:104} INFO - [2025-02-05 10:18:42,565] {dag.py:1833} INFO - Sync 1 DAGs
[2025-02-05 10:18:42,583] {logging_mixin.py:104} INFO - [2025-02-05 10:18:42,583] {dag.py:2306} INFO - Setting next_dagrun for example_complex to None
[2025-02-05 10:18:42,597] {scheduler_job.py:190} INFO - Processing /home/airflow/.local/lib/python3.6/site-packages/airflow/example_dags/example_complex.py took 0.098 seconds
[2025-02-05 10:19:12,723] {scheduler_job.py:182} INFO - Started process (PID=372) to work on /home/airflow/.local/lib/python3.6/site-packages/airflow/example_dags/example_complex.py
[2025-02-05 10:19:12,724] {scheduler_job.py:633} INFO - Processing file /home/airflow/.local/lib/python3.6/site-packages/airflow/example_dags/example_complex.py for tasks to queue
[2025-02-05 10:19:12,725] {logging_mixin.py:104} INFO - [2025-02-05 10:19:12,725] {dagbag.py:496} INFO - Filling up the DagBag from /home/airflow/.local/lib/python3.6/site-packages/airflow/example_dags/example_complex.py
[2025-02-05 10:19:12,752] {scheduler_job.py:643} INFO - DAG(s) dict_keys(['example_complex']) retrieved from /home/airflow/.local/lib/python3.6/site-packages/airflow/example_dags/example_complex.py
[2025-02-05 10:19:12,788] {logging_mixin.py:104} INFO - [2025-02-05 10:19:12,788] {dag.py:1833} INFO - Sync 1 DAGs
[2025-02-05 10:19:12,809] {logging_mixin.py:104} INFO - [2025-02-05 10:19:12,809] {dag.py:2306} INFO - Setting next_dagrun for example_complex to None
[2025-02-05 10:19:12,835] {scheduler_job.py:190} INFO - Processing /home/airflow/.local/lib/python3.6/site-packages/airflow/example_dags/example_complex.py took 0.117 seconds
[2025-02-05 10:19:43,588] {scheduler_job.py:182} INFO - Started process (PID=423) to work on /home/airflow/.local/lib/python3.6/site-packages/airflow/example_dags/example_complex.py
[2025-02-05 10:19:43,590] {scheduler_job.py:633} INFO - Processing file /home/airflow/.local/lib/python3.6/site-packages/airflow/example_dags/example_complex.py for tasks to queue
[2025-02-05 10:19:43,590] {logging_mixin.py:104} INFO - [2025-02-05 10:19:43,590] {dagbag.py:496} INFO - Filling up the DagBag from /home/airflow/.local/lib/python3.6/site-packages/airflow/example_dags/example_complex.py
[2025-02-05 10:19:43,618] {scheduler_job.py:643} INFO - DAG(s) dict_keys(['example_complex']) retrieved from /home/airflow/.local/lib/python3.6/site-packages/airflow/example_dags/example_complex.py
[2025-02-05 10:19:43,654] {logging_mixin.py:104} INFO - [2025-02-05 10:19:43,654] {dag.py:1833} INFO - Sync 1 DAGs
[2025-02-05 10:19:43,675] {logging_mixin.py:104} INFO - [2025-02-05 10:19:43,675] {dag.py:2306} INFO - Setting next_dagrun for example_complex to None
[2025-02-05 10:19:43,699] {scheduler_job.py:190} INFO - Processing /home/airflow/.local/lib/python3.6/site-packages/airflow/example_dags/example_complex.py took 0.115 seconds
[2025-02-05 10:20:14,011] {scheduler_job.py:182} INFO - Started process (PID=484) to work on /home/airflow/.local/lib/python3.6/site-packages/airflow/example_dags/example_complex.py
[2025-02-05 10:20:14,012] {scheduler_job.py:633} INFO - Processing file /home/airflow/.local/lib/python3.6/site-packages/airflow/example_dags/example_complex.py for tasks to queue
[2025-02-05 10:20:14,012] {logging_mixin.py:104} INFO - [2025-02-05 10:20:14,012] {dagbag.py:496} INFO - Filling up the DagBag from /home/airflow/.local/lib/python3.6/site-packages/airflow/example_dags/example_complex.py
[2025-02-05 10:20:14,028] {scheduler_job.py:643} INFO - DAG(s) dict_keys(['example_complex']) retrieved from /home/airflow/.local/lib/python3.6/site-packages/airflow/example_dags/example_complex.py
[2025-02-05 10:20:14,048] {logging_mixin.py:104} INFO - [2025-02-05 10:20:14,047] {dag.py:1833} INFO - Sync 1 DAGs
[2025-02-05 10:20:14,060] {logging_mixin.py:104} INFO - [2025-02-05 10:20:14,060] {dag.py:2306} INFO - Setting next_dagrun for example_complex to None
[2025-02-05 10:20:14,070] {scheduler_job.py:190} INFO - Processing /home/airflow/.local/lib/python3.6/site-packages/airflow/example_dags/example_complex.py took 0.062 seconds
[2025-02-05 10:20:44,696] {scheduler_job.py:182} INFO - Started process (PID=535) to work on /home/airflow/.local/lib/python3.6/site-packages/airflow/example_dags/example_complex.py
[2025-02-05 10:20:44,697] {scheduler_job.py:633} INFO - Processing file /home/airflow/.local/lib/python3.6/site-packages/airflow/example_dags/example_complex.py for tasks to queue
[2025-02-05 10:20:44,698] {logging_mixin.py:104} INFO - [2025-02-05 10:20:44,698] {dagbag.py:496} INFO - Filling up the DagBag from /home/airflow/.local/lib/python3.6/site-packages/airflow/example_dags/example_complex.py
[2025-02-05 10:20:44,712] {scheduler_job.py:643} INFO - DAG(s) dict_keys(['example_complex']) retrieved from /home/airflow/.local/lib/python3.6/site-packages/airflow/example_dags/example_complex.py
[2025-02-05 10:20:44,736] {logging_mixin.py:104} INFO - [2025-02-05 10:20:44,736] {dag.py:1833} INFO - Sync 1 DAGs
[2025-02-05 10:20:44,749] {logging_mixin.py:104} INFO - [2025-02-05 10:20:44,749] {dag.py:2306} INFO - Setting next_dagrun for example_complex to None
[2025-02-05 10:20:44,779] {scheduler_job.py:190} INFO - Processing /home/airflow/.local/lib/python3.6/site-packages/airflow/example_dags/example_complex.py took 0.086 seconds
[2025-02-05 10:21:15,473] {scheduler_job.py:182} INFO - Started process (PID=596) to work on /home/airflow/.local/lib/python3.6/site-packages/airflow/example_dags/example_complex.py
[2025-02-05 10:21:15,474] {scheduler_job.py:633} INFO - Processing file /home/airflow/.local/lib/python3.6/site-packages/airflow/example_dags/example_complex.py for tasks to queue
[2025-02-05 10:21:15,474] {logging_mixin.py:104} INFO - [2025-02-05 10:21:15,474] {dagbag.py:496} INFO - Filling up the DagBag from /home/airflow/.local/lib/python3.6/site-packages/airflow/example_dags/example_complex.py
[2025-02-05 10:21:15,490] {scheduler_job.py:643} INFO - DAG(s) dict_keys(['example_complex']) retrieved from /home/airflow/.local/lib/python3.6/site-packages/airflow/example_dags/example_complex.py
[2025-02-05 10:21:15,510] {logging_mixin.py:104} INFO - [2025-02-05 10:21:15,510] {dag.py:1833} INFO - Sync 1 DAGs
[2025-02-05 10:21:15,522] {logging_mixin.py:104} INFO - [2025-02-05 10:21:15,522] {dag.py:2306} INFO - Setting next_dagrun for example_complex to None
[2025-02-05 10:21:15,531] {scheduler_job.py:190} INFO - Processing /home/airflow/.local/lib/python3.6/site-packages/airflow/example_dags/example_complex.py took 0.061 seconds
[2025-02-05 10:21:45,894] {scheduler_job.py:182} INFO - Started process (PID=657) to work on /home/airflow/.local/lib/python3.6/site-packages/airflow/example_dags/example_complex.py
[2025-02-05 10:21:45,895] {scheduler_job.py:633} INFO - Processing file /home/airflow/.local/lib/python3.6/site-packages/airflow/example_dags/example_complex.py for tasks to queue
[2025-02-05 10:21:45,895] {logging_mixin.py:104} INFO - [2025-02-05 10:21:45,895] {dagbag.py:496} INFO - Filling up the DagBag from /home/airflow/.local/lib/python3.6/site-packages/airflow/example_dags/example_complex.py
[2025-02-05 10:21:45,910] {scheduler_job.py:643} INFO - DAG(s) dict_keys(['example_complex']) retrieved from /home/airflow/.local/lib/python3.6/site-packages/airflow/example_dags/example_complex.py
[2025-02-05 10:21:45,928] {logging_mixin.py:104} INFO - [2025-02-05 10:21:45,928] {dag.py:1833} INFO - Sync 1 DAGs
[2025-02-05 10:21:45,940] {logging_mixin.py:104} INFO - [2025-02-05 10:21:45,940] {dag.py:2306} INFO - Setting next_dagrun for example_complex to None
[2025-02-05 10:21:45,948] {scheduler_job.py:190} INFO - Processing /home/airflow/.local/lib/python3.6/site-packages/airflow/example_dags/example_complex.py took 0.056 seconds
[2025-02-05 10:22:16,450] {scheduler_job.py:182} INFO - Started process (PID=708) to work on /home/airflow/.local/lib/python3.6/site-packages/airflow/example_dags/example_complex.py
[2025-02-05 10:22:16,451] {scheduler_job.py:633} INFO - Processing file /home/airflow/.local/lib/python3.6/site-packages/airflow/example_dags/example_complex.py for tasks to queue
[2025-02-05 10:22:16,451] {logging_mixin.py:104} INFO - [2025-02-05 10:22:16,451] {dagbag.py:496} INFO - Filling up the DagBag from /home/airflow/.local/lib/python3.6/site-packages/airflow/example_dags/example_complex.py
[2025-02-05 10:22:16,468] {scheduler_job.py:643} INFO - DAG(s) dict_keys(['example_complex']) retrieved from /home/airflow/.local/lib/python3.6/site-packages/airflow/example_dags/example_complex.py
[2025-02-05 10:22:16,490] {logging_mixin.py:104} INFO - [2025-02-05 10:22:16,490] {dag.py:1833} INFO - Sync 1 DAGs
[2025-02-05 10:22:16,506] {logging_mixin.py:104} INFO - [2025-02-05 10:22:16,506] {dag.py:2306} INFO - Setting next_dagrun for example_complex to None
[2025-02-05 10:22:16,516] {scheduler_job.py:190} INFO - Processing /home/airflow/.local/lib/python3.6/site-packages/airflow/example_dags/example_complex.py took 0.069 seconds
[2025-02-05 10:22:47,251] {scheduler_job.py:182} INFO - Started process (PID=769) to work on /home/airflow/.local/lib/python3.6/site-packages/airflow/example_dags/example_complex.py
[2025-02-05 10:22:47,252] {scheduler_job.py:633} INFO - Processing file /home/airflow/.local/lib/python3.6/site-packages/airflow/example_dags/example_complex.py for tasks to queue
[2025-02-05 10:22:47,252] {logging_mixin.py:104} INFO - [2025-02-05 10:22:47,252] {dagbag.py:496} INFO - Filling up the DagBag from /home/airflow/.local/lib/python3.6/site-packages/airflow/example_dags/example_complex.py
[2025-02-05 10:22:47,267] {scheduler_job.py:643} INFO - DAG(s) dict_keys(['example_complex']) retrieved from /home/airflow/.local/lib/python3.6/site-packages/airflow/example_dags/example_complex.py
[2025-02-05 10:22:47,288] {logging_mixin.py:104} INFO - [2025-02-05 10:22:47,288] {dag.py:1833} INFO - Sync 1 DAGs
[2025-02-05 10:22:47,301] {logging_mixin.py:104} INFO - [2025-02-05 10:22:47,301] {dag.py:2306} INFO - Setting next_dagrun for example_complex to None
[2025-02-05 10:22:47,311] {scheduler_job.py:190} INFO - Processing /home/airflow/.local/lib/python3.6/site-packages/airflow/example_dags/example_complex.py took 0.062 seconds
[2025-02-05 10:23:17,773] {scheduler_job.py:182} INFO - Started process (PID=830) to work on /home/airflow/.local/lib/python3.6/site-packages/airflow/example_dags/example_complex.py
[2025-02-05 10:23:17,774] {scheduler_job.py:633} INFO - Processing file /home/airflow/.local/lib/python3.6/site-packages/airflow/example_dags/example_complex.py for tasks to queue
[2025-02-05 10:23:17,775] {logging_mixin.py:104} INFO - [2025-02-05 10:23:17,775] {dagbag.py:496} INFO - Filling up the DagBag from /home/airflow/.local/lib/python3.6/site-packages/airflow/example_dags/example_complex.py
[2025-02-05 10:23:17,797] {scheduler_job.py:643} INFO - DAG(s) dict_keys(['example_complex']) retrieved from /home/airflow/.local/lib/python3.6/site-packages/airflow/example_dags/example_complex.py
[2025-02-05 10:23:17,821] {logging_mixin.py:104} INFO - [2025-02-05 10:23:17,821] {dag.py:1833} INFO - Sync 1 DAGs
[2025-02-05 10:23:17,833] {logging_mixin.py:104} INFO - [2025-02-05 10:23:17,833] {dag.py:2306} INFO - Setting next_dagrun for example_complex to None
[2025-02-05 10:23:17,861] {scheduler_job.py:190} INFO - Processing /home/airflow/.local/lib/python3.6/site-packages/airflow/example_dags/example_complex.py took 0.093 seconds
[2025-02-05 10:23:48,199] {scheduler_job.py:182} INFO - Started process (PID=881) to work on /home/airflow/.local/lib/python3.6/site-packages/airflow/example_dags/example_complex.py
[2025-02-05 10:23:48,200] {scheduler_job.py:633} INFO - Processing file /home/airflow/.local/lib/python3.6/site-packages/airflow/example_dags/example_complex.py for tasks to queue
[2025-02-05 10:23:48,200] {logging_mixin.py:104} INFO - [2025-02-05 10:23:48,200] {dagbag.py:496} INFO - Filling up the DagBag from /home/airflow/.local/lib/python3.6/site-packages/airflow/example_dags/example_complex.py
[2025-02-05 10:23:48,215] {scheduler_job.py:643} INFO - DAG(s) dict_keys(['example_complex']) retrieved from /home/airflow/.local/lib/python3.6/site-packages/airflow/example_dags/example_complex.py
[2025-02-05 10:23:48,236] {logging_mixin.py:104} INFO - [2025-02-05 10:23:48,235] {dag.py:1833} INFO - Sync 1 DAGs
[2025-02-05 10:23:48,247] {logging_mixin.py:104} INFO - [2025-02-05 10:23:48,247] {dag.py:2306} INFO - Setting next_dagrun for example_complex to None
[2025-02-05 10:23:48,256] {scheduler_job.py:190} INFO - Processing /home/airflow/.local/lib/python3.6/site-packages/airflow/example_dags/example_complex.py took 0.059 seconds
[2025-02-05 10:24:18,765] {scheduler_job.py:182} INFO - Started process (PID=942) to work on /home/airflow/.local/lib/python3.6/site-packages/airflow/example_dags/example_complex.py
[2025-02-05 10:24:18,765] {scheduler_job.py:633} INFO - Processing file /home/airflow/.local/lib/python3.6/site-packages/airflow/example_dags/example_complex.py for tasks to queue
[2025-02-05 10:24:18,766] {logging_mixin.py:104} INFO - [2025-02-05 10:24:18,766] {dagbag.py:496} INFO - Filling up the DagBag from /home/airflow/.local/lib/python3.6/site-packages/airflow/example_dags/example_complex.py
[2025-02-05 10:24:18,782] {scheduler_job.py:643} INFO - DAG(s) dict_keys(['example_complex']) retrieved from /home/airflow/.local/lib/python3.6/site-packages/airflow/example_dags/example_complex.py
[2025-02-05 10:24:18,803] {logging_mixin.py:104} INFO - [2025-02-05 10:24:18,803] {dag.py:1833} INFO - Sync 1 DAGs
[2025-02-05 10:24:18,815] {logging_mixin.py:104} INFO - [2025-02-05 10:24:18,815] {dag.py:2306} INFO - Setting next_dagrun for example_complex to None
[2025-02-05 10:24:18,851] {scheduler_job.py:190} INFO - Processing /home/airflow/.local/lib/python3.6/site-packages/airflow/example_dags/example_complex.py took 0.088 seconds
[2025-02-05 10:24:49,287] {scheduler_job.py:182} INFO - Started process (PID=993) to work on /home/airflow/.local/lib/python3.6/site-packages/airflow/example_dags/example_complex.py
[2025-02-05 10:24:49,309] {scheduler_job.py:633} INFO - Processing file /home/airflow/.local/lib/python3.6/site-packages/airflow/example_dags/example_complex.py for tasks to queue
[2025-02-05 10:24:49,310] {logging_mixin.py:104} INFO - [2025-02-05 10:24:49,310] {dagbag.py:496} INFO - Filling up the DagBag from /home/airflow/.local/lib/python3.6/site-packages/airflow/example_dags/example_complex.py
[2025-02-05 10:24:49,326] {scheduler_job.py:643} INFO - DAG(s) dict_keys(['example_complex']) retrieved from /home/airflow/.local/lib/python3.6/site-packages/airflow/example_dags/example_complex.py
[2025-02-05 10:24:49,347] {logging_mixin.py:104} INFO - [2025-02-05 10:24:49,347] {dag.py:1833} INFO - Sync 1 DAGs
[2025-02-05 10:24:49,359] {logging_mixin.py:104} INFO - [2025-02-05 10:24:49,358] {dag.py:2306} INFO - Setting next_dagrun for example_complex to None
[2025-02-05 10:24:49,366] {scheduler_job.py:190} INFO - Processing /home/airflow/.local/lib/python3.6/site-packages/airflow/example_dags/example_complex.py took 0.082 seconds
[2025-02-05 10:25:19,744] {scheduler_job.py:182} INFO - Started process (PID=1054) to work on /home/airflow/.local/lib/python3.6/site-packages/airflow/example_dags/example_complex.py
[2025-02-05 10:25:19,745] {scheduler_job.py:633} INFO - Processing file /home/airflow/.local/lib/python3.6/site-packages/airflow/example_dags/example_complex.py for tasks to queue
[2025-02-05 10:25:19,746] {logging_mixin.py:104} INFO - [2025-02-05 10:25:19,746] {dagbag.py:496} INFO - Filling up the DagBag from /home/airflow/.local/lib/python3.6/site-packages/airflow/example_dags/example_complex.py
[2025-02-05 10:25:19,764] {scheduler_job.py:643} INFO - DAG(s) dict_keys(['example_complex']) retrieved from /home/airflow/.local/lib/python3.6/site-packages/airflow/example_dags/example_complex.py
[2025-02-05 10:25:19,788] {logging_mixin.py:104} INFO - [2025-02-05 10:25:19,787] {dag.py:1833} INFO - Sync 1 DAGs
[2025-02-05 10:25:19,801] {logging_mixin.py:104} INFO - [2025-02-05 10:25:19,801] {dag.py:2306} INFO - Setting next_dagrun for example_complex to None
[2025-02-05 10:25:19,833] {scheduler_job.py:190} INFO - Processing /home/airflow/.local/lib/python3.6/site-packages/airflow/example_dags/example_complex.py took 0.091 seconds
[2025-02-05 10:25:50,531] {scheduler_job.py:182} INFO - Started process (PID=1115) to work on /home/airflow/.local/lib/python3.6/site-packages/airflow/example_dags/example_complex.py
[2025-02-05 10:25:50,532] {scheduler_job.py:633} INFO - Processing file /home/airflow/.local/lib/python3.6/site-packages/airflow/example_dags/example_complex.py for tasks to queue
[2025-02-05 10:25:50,532] {logging_mixin.py:104} INFO - [2025-02-05 10:25:50,532] {dagbag.py:496} INFO - Filling up the DagBag from /home/airflow/.local/lib/python3.6/site-packages/airflow/example_dags/example_complex.py
[2025-02-05 10:25:50,549] {scheduler_job.py:643} INFO - DAG(s) dict_keys(['example_complex']) retrieved from /home/airflow/.local/lib/python3.6/site-packages/airflow/example_dags/example_complex.py
[2025-02-05 10:25:50,571] {logging_mixin.py:104} INFO - [2025-02-05 10:25:50,571] {dag.py:1833} INFO - Sync 1 DAGs
[2025-02-05 10:25:50,583] {logging_mixin.py:104} INFO - [2025-02-05 10:25:50,583] {dag.py:2306} INFO - Setting next_dagrun for example_complex to None
[2025-02-05 10:25:50,592] {scheduler_job.py:190} INFO - Processing /home/airflow/.local/lib/python3.6/site-packages/airflow/example_dags/example_complex.py took 0.063 seconds
[2025-02-05 10:26:21,247] {scheduler_job.py:182} INFO - Started process (PID=1166) to work on /home/airflow/.local/lib/python3.6/site-packages/airflow/example_dags/example_complex.py
[2025-02-05 10:26:21,248] {scheduler_job.py:633} INFO - Processing file /home/airflow/.local/lib/python3.6/site-packages/airflow/example_dags/example_complex.py for tasks to queue
[2025-02-05 10:26:21,248] {logging_mixin.py:104} INFO - [2025-02-05 10:26:21,248] {dagbag.py:496} INFO - Filling up the DagBag from /home/airflow/.local/lib/python3.6/site-packages/airflow/example_dags/example_complex.py
[2025-02-05 10:26:21,264] {scheduler_job.py:643} INFO - DAG(s) dict_keys(['example_complex']) retrieved from /home/airflow/.local/lib/python3.6/site-packages/airflow/example_dags/example_complex.py
[2025-02-05 10:26:21,283] {logging_mixin.py:104} INFO - [2025-02-05 10:26:21,283] {dag.py:1833} INFO - Sync 1 DAGs
[2025-02-05 10:26:21,294] {logging_mixin.py:104} INFO - [2025-02-05 10:26:21,294] {dag.py:2306} INFO - Setting next_dagrun for example_complex to None
[2025-02-05 10:26:21,324] {scheduler_job.py:190} INFO - Processing /home/airflow/.local/lib/python3.6/site-packages/airflow/example_dags/example_complex.py took 0.080 seconds
[2025-02-05 10:26:51,940] {scheduler_job.py:182} INFO - Started process (PID=1227) to work on /home/airflow/.local/lib/python3.6/site-packages/airflow/example_dags/example_complex.py
[2025-02-05 10:26:51,941] {scheduler_job.py:633} INFO - Processing file /home/airflow/.local/lib/python3.6/site-packages/airflow/example_dags/example_complex.py for tasks to queue
[2025-02-05 10:26:51,941] {logging_mixin.py:104} INFO - [2025-02-05 10:26:51,941] {dagbag.py:496} INFO - Filling up the DagBag from /home/airflow/.local/lib/python3.6/site-packages/airflow/example_dags/example_complex.py
[2025-02-05 10:26:51,962] {scheduler_job.py:643} INFO - DAG(s) dict_keys(['example_complex']) retrieved from /home/airflow/.local/lib/python3.6/site-packages/airflow/example_dags/example_complex.py
[2025-02-05 10:26:51,982] {logging_mixin.py:104} INFO - [2025-02-05 10:26:51,982] {dag.py:1833} INFO - Sync 1 DAGs
[2025-02-05 10:26:51,995] {logging_mixin.py:104} INFO - [2025-02-05 10:26:51,995] {dag.py:2306} INFO - Setting next_dagrun for example_complex to None
[2025-02-05 10:26:52,004] {scheduler_job.py:190} INFO - Processing /home/airflow/.local/lib/python3.6/site-packages/airflow/example_dags/example_complex.py took 0.067 seconds
[2025-02-05 10:29:57,573] {scheduler_job.py:182} INFO - Started process (PID=1240) to work on /home/airflow/.local/lib/python3.6/site-packages/airflow/example_dags/example_complex.py
[2025-02-05 10:29:57,574] {scheduler_job.py:633} INFO - Processing file /home/airflow/.local/lib/python3.6/site-packages/airflow/example_dags/example_complex.py for tasks to queue
[2025-02-05 10:29:57,575] {logging_mixin.py:104} INFO - [2025-02-05 10:29:57,575] {dagbag.py:496} INFO - Filling up the DagBag from /home/airflow/.local/lib/python3.6/site-packages/airflow/example_dags/example_complex.py
[2025-02-05 10:29:57,591] {scheduler_job.py:643} INFO - DAG(s) dict_keys(['example_complex']) retrieved from /home/airflow/.local/lib/python3.6/site-packages/airflow/example_dags/example_complex.py
[2025-02-05 10:29:57,609] {logging_mixin.py:104} INFO - [2025-02-05 10:29:57,609] {dag.py:1833} INFO - Sync 1 DAGs
[2025-02-05 10:29:57,621] {logging_mixin.py:104} INFO - [2025-02-05 10:29:57,621] {dag.py:2306} INFO - Setting next_dagrun for example_complex to None
[2025-02-05 10:29:57,634] {scheduler_job.py:190} INFO - Processing /home/airflow/.local/lib/python3.6/site-packages/airflow/example_dags/example_complex.py took 0.063 seconds
[2025-02-05 10:30:27,729] {scheduler_job.py:182} INFO - Started process (PID=1300) to work on /home/airflow/.local/lib/python3.6/site-packages/airflow/example_dags/example_complex.py
[2025-02-05 10:30:27,730] {scheduler_job.py:633} INFO - Processing file /home/airflow/.local/lib/python3.6/site-packages/airflow/example_dags/example_complex.py for tasks to queue
[2025-02-05 10:30:27,731] {logging_mixin.py:104} INFO - [2025-02-05 10:30:27,731] {dagbag.py:496} INFO - Filling up the DagBag from /home/airflow/.local/lib/python3.6/site-packages/airflow/example_dags/example_complex.py
[2025-02-05 10:30:27,748] {scheduler_job.py:643} INFO - DAG(s) dict_keys(['example_complex']) retrieved from /home/airflow/.local/lib/python3.6/site-packages/airflow/example_dags/example_complex.py
[2025-02-05 10:30:27,769] {logging_mixin.py:104} INFO - [2025-02-05 10:30:27,769] {dag.py:1833} INFO - Sync 1 DAGs
[2025-02-05 10:30:27,781] {logging_mixin.py:104} INFO - [2025-02-05 10:30:27,781] {dag.py:2306} INFO - Setting next_dagrun for example_complex to None
[2025-02-05 10:30:27,792] {scheduler_job.py:190} INFO - Processing /home/airflow/.local/lib/python3.6/site-packages/airflow/example_dags/example_complex.py took 0.065 seconds
[2025-02-05 10:30:58,305] {scheduler_job.py:182} INFO - Started process (PID=1351) to work on /home/airflow/.local/lib/python3.6/site-packages/airflow/example_dags/example_complex.py
[2025-02-05 10:30:58,306] {scheduler_job.py:633} INFO - Processing file /home/airflow/.local/lib/python3.6/site-packages/airflow/example_dags/example_complex.py for tasks to queue
[2025-02-05 10:30:58,307] {logging_mixin.py:104} INFO - [2025-02-05 10:30:58,307] {dagbag.py:496} INFO - Filling up the DagBag from /home/airflow/.local/lib/python3.6/site-packages/airflow/example_dags/example_complex.py
[2025-02-05 10:30:58,324] {scheduler_job.py:643} INFO - DAG(s) dict_keys(['example_complex']) retrieved from /home/airflow/.local/lib/python3.6/site-packages/airflow/example_dags/example_complex.py
[2025-02-05 10:30:58,344] {logging_mixin.py:104} INFO - [2025-02-05 10:30:58,344] {dag.py:1833} INFO - Sync 1 DAGs
[2025-02-05 10:30:58,355] {logging_mixin.py:104} INFO - [2025-02-05 10:30:58,355] {dag.py:2306} INFO - Setting next_dagrun for example_complex to None
[2025-02-05 10:30:58,365] {scheduler_job.py:190} INFO - Processing /home/airflow/.local/lib/python3.6/site-packages/airflow/example_dags/example_complex.py took 0.062 seconds
[2025-02-05 10:31:28,849] {scheduler_job.py:182} INFO - Started process (PID=1412) to work on /home/airflow/.local/lib/python3.6/site-packages/airflow/example_dags/example_complex.py
[2025-02-05 10:31:28,850] {scheduler_job.py:633} INFO - Processing file /home/airflow/.local/lib/python3.6/site-packages/airflow/example_dags/example_complex.py for tasks to queue
[2025-02-05 10:31:28,850] {logging_mixin.py:104} INFO - [2025-02-05 10:31:28,850] {dagbag.py:496} INFO - Filling up the DagBag from /home/airflow/.local/lib/python3.6/site-packages/airflow/example_dags/example_complex.py
[2025-02-05 10:31:28,867] {scheduler_job.py:643} INFO - DAG(s) dict_keys(['example_complex']) retrieved from /home/airflow/.local/lib/python3.6/site-packages/airflow/example_dags/example_complex.py
[2025-02-05 10:31:28,888] {logging_mixin.py:104} INFO - [2025-02-05 10:31:28,888] {dag.py:1833} INFO - Sync 1 DAGs
[2025-02-05 10:31:28,902] {logging_mixin.py:104} INFO - [2025-02-05 10:31:28,902] {dag.py:2306} INFO - Setting next_dagrun for example_complex to None
[2025-02-05 10:31:28,912] {scheduler_job.py:190} INFO - Processing /home/airflow/.local/lib/python3.6/site-packages/airflow/example_dags/example_complex.py took 0.065 seconds
[2025-02-05 10:31:59,388] {scheduler_job.py:182} INFO - Started process (PID=1473) to work on /home/airflow/.local/lib/python3.6/site-packages/airflow/example_dags/example_complex.py
[2025-02-05 10:31:59,389] {scheduler_job.py:633} INFO - Processing file /home/airflow/.local/lib/python3.6/site-packages/airflow/example_dags/example_complex.py for tasks to queue
[2025-02-05 10:31:59,390] {logging_mixin.py:104} INFO - [2025-02-05 10:31:59,390] {dagbag.py:496} INFO - Filling up the DagBag from /home/airflow/.local/lib/python3.6/site-packages/airflow/example_dags/example_complex.py
[2025-02-05 10:31:59,407] {scheduler_job.py:643} INFO - DAG(s) dict_keys(['example_complex']) retrieved from /home/airflow/.local/lib/python3.6/site-packages/airflow/example_dags/example_complex.py
[2025-02-05 10:31:59,428] {logging_mixin.py:104} INFO - [2025-02-05 10:31:59,428] {dag.py:1833} INFO - Sync 1 DAGs
[2025-02-05 10:31:59,440] {logging_mixin.py:104} INFO - [2025-02-05 10:31:59,440] {dag.py:2306} INFO - Setting next_dagrun for example_complex to None
[2025-02-05 10:31:59,449] {scheduler_job.py:190} INFO - Processing /home/airflow/.local/lib/python3.6/site-packages/airflow/example_dags/example_complex.py took 0.063 seconds
[2025-02-05 10:32:29,505] {scheduler_job.py:182} INFO - Started process (PID=1524) to work on /home/airflow/.local/lib/python3.6/site-packages/airflow/example_dags/example_complex.py
[2025-02-05 10:32:29,506] {scheduler_job.py:633} INFO - Processing file /home/airflow/.local/lib/python3.6/site-packages/airflow/example_dags/example_complex.py for tasks to queue
[2025-02-05 10:32:29,507] {logging_mixin.py:104} INFO - [2025-02-05 10:32:29,507] {dagbag.py:496} INFO - Filling up the DagBag from /home/airflow/.local/lib/python3.6/site-packages/airflow/example_dags/example_complex.py
[2025-02-05 10:32:29,522] {scheduler_job.py:643} INFO - DAG(s) dict_keys(['example_complex']) retrieved from /home/airflow/.local/lib/python3.6/site-packages/airflow/example_dags/example_complex.py
[2025-02-05 10:32:29,542] {logging_mixin.py:104} INFO - [2025-02-05 10:32:29,542] {dag.py:1833} INFO - Sync 1 DAGs
[2025-02-05 10:32:29,553] {logging_mixin.py:104} INFO - [2025-02-05 10:32:29,553] {dag.py:2306} INFO - Setting next_dagrun for example_complex to None
[2025-02-05 10:32:29,562] {scheduler_job.py:190} INFO - Processing /home/airflow/.local/lib/python3.6/site-packages/airflow/example_dags/example_complex.py took 0.059 seconds
[2025-02-05 10:33:00,337] {scheduler_job.py:182} INFO - Started process (PID=1585) to work on /home/airflow/.local/lib/python3.6/site-packages/airflow/example_dags/example_complex.py
[2025-02-05 10:33:00,338] {scheduler_job.py:633} INFO - Processing file /home/airflow/.local/lib/python3.6/site-packages/airflow/example_dags/example_complex.py for tasks to queue
[2025-02-05 10:33:00,338] {logging_mixin.py:104} INFO - [2025-02-05 10:33:00,338] {dagbag.py:496} INFO - Filling up the DagBag from /home/airflow/.local/lib/python3.6/site-packages/airflow/example_dags/example_complex.py
[2025-02-05 10:33:00,354] {scheduler_job.py:643} INFO - DAG(s) dict_keys(['example_complex']) retrieved from /home/airflow/.local/lib/python3.6/site-packages/airflow/example_dags/example_complex.py
[2025-02-05 10:33:00,373] {logging_mixin.py:104} INFO - [2025-02-05 10:33:00,373] {dag.py:1833} INFO - Sync 1 DAGs
[2025-02-05 10:33:00,384] {logging_mixin.py:104} INFO - [2025-02-05 10:33:00,384] {dag.py:2306} INFO - Setting next_dagrun for example_complex to None
[2025-02-05 10:33:00,393] {scheduler_job.py:190} INFO - Processing /home/airflow/.local/lib/python3.6/site-packages/airflow/example_dags/example_complex.py took 0.059 seconds
[2025-02-05 10:33:30,767] {scheduler_job.py:182} INFO - Started process (PID=1636) to work on /home/airflow/.local/lib/python3.6/site-packages/airflow/example_dags/example_complex.py
[2025-02-05 10:33:30,768] {scheduler_job.py:633} INFO - Processing file /home/airflow/.local/lib/python3.6/site-packages/airflow/example_dags/example_complex.py for tasks to queue
[2025-02-05 10:33:30,768] {logging_mixin.py:104} INFO - [2025-02-05 10:33:30,768] {dagbag.py:496} INFO - Filling up the DagBag from /home/airflow/.local/lib/python3.6/site-packages/airflow/example_dags/example_complex.py
[2025-02-05 10:33:30,784] {scheduler_job.py:643} INFO - DAG(s) dict_keys(['example_complex']) retrieved from /home/airflow/.local/lib/python3.6/site-packages/airflow/example_dags/example_complex.py
[2025-02-05 10:33:30,804] {logging_mixin.py:104} INFO - [2025-02-05 10:33:30,804] {dag.py:1833} INFO - Sync 1 DAGs
[2025-02-05 10:33:30,816] {logging_mixin.py:104} INFO - [2025-02-05 10:33:30,816] {dag.py:2306} INFO - Setting next_dagrun for example_complex to None
[2025-02-05 10:33:30,826] {scheduler_job.py:190} INFO - Processing /home/airflow/.local/lib/python3.6/site-packages/airflow/example_dags/example_complex.py took 0.061 seconds
[2025-02-05 10:34:01,418] {scheduler_job.py:182} INFO - Started process (PID=1697) to work on /home/airflow/.local/lib/python3.6/site-packages/airflow/example_dags/example_complex.py
[2025-02-05 10:34:01,419] {scheduler_job.py:633} INFO - Processing file /home/airflow/.local/lib/python3.6/site-packages/airflow/example_dags/example_complex.py for tasks to queue
[2025-02-05 10:34:01,420] {logging_mixin.py:104} INFO - [2025-02-05 10:34:01,419] {dagbag.py:496} INFO - Filling up the DagBag from /home/airflow/.local/lib/python3.6/site-packages/airflow/example_dags/example_complex.py
[2025-02-05 10:34:01,441] {scheduler_job.py:643} INFO - DAG(s) dict_keys(['example_complex']) retrieved from /home/airflow/.local/lib/python3.6/site-packages/airflow/example_dags/example_complex.py
[2025-02-05 10:34:01,460] {logging_mixin.py:104} INFO - [2025-02-05 10:34:01,460] {dag.py:1833} INFO - Sync 1 DAGs
[2025-02-05 10:34:01,472] {logging_mixin.py:104} INFO - [2025-02-05 10:34:01,472] {dag.py:2306} INFO - Setting next_dagrun for example_complex to None
[2025-02-05 10:34:01,479] {scheduler_job.py:190} INFO - Processing /home/airflow/.local/lib/python3.6/site-packages/airflow/example_dags/example_complex.py took 0.064 seconds
[2025-02-05 10:34:32,040] {scheduler_job.py:182} INFO - Started process (PID=1758) to work on /home/airflow/.local/lib/python3.6/site-packages/airflow/example_dags/example_complex.py
[2025-02-05 10:34:32,041] {scheduler_job.py:633} INFO - Processing file /home/airflow/.local/lib/python3.6/site-packages/airflow/example_dags/example_complex.py for tasks to queue
[2025-02-05 10:34:32,042] {logging_mixin.py:104} INFO - [2025-02-05 10:34:32,042] {dagbag.py:496} INFO - Filling up the DagBag from /home/airflow/.local/lib/python3.6/site-packages/airflow/example_dags/example_complex.py
[2025-02-05 10:34:32,063] {scheduler_job.py:643} INFO - DAG(s) dict_keys(['example_complex']) retrieved from /home/airflow/.local/lib/python3.6/site-packages/airflow/example_dags/example_complex.py
[2025-02-05 10:34:32,084] {logging_mixin.py:104} INFO - [2025-02-05 10:34:32,084] {dag.py:1833} INFO - Sync 1 DAGs
[2025-02-05 10:34:32,096] {logging_mixin.py:104} INFO - [2025-02-05 10:34:32,096] {dag.py:2306} INFO - Setting next_dagrun for example_complex to None
[2025-02-05 10:34:32,106] {scheduler_job.py:190} INFO - Processing /home/airflow/.local/lib/python3.6/site-packages/airflow/example_dags/example_complex.py took 0.069 seconds
[2025-02-05 10:35:02,666] {scheduler_job.py:182} INFO - Started process (PID=1809) to work on /home/airflow/.local/lib/python3.6/site-packages/airflow/example_dags/example_complex.py
[2025-02-05 10:35:02,667] {scheduler_job.py:633} INFO - Processing file /home/airflow/.local/lib/python3.6/site-packages/airflow/example_dags/example_complex.py for tasks to queue
[2025-02-05 10:35:02,668] {logging_mixin.py:104} INFO - [2025-02-05 10:35:02,667] {dagbag.py:496} INFO - Filling up the DagBag from /home/airflow/.local/lib/python3.6/site-packages/airflow/example_dags/example_complex.py
[2025-02-05 10:35:02,684] {scheduler_job.py:643} INFO - DAG(s) dict_keys(['example_complex']) retrieved from /home/airflow/.local/lib/python3.6/site-packages/airflow/example_dags/example_complex.py
[2025-02-05 10:35:02,706] {logging_mixin.py:104} INFO - [2025-02-05 10:35:02,706] {dag.py:1833} INFO - Sync 1 DAGs
[2025-02-05 10:35:02,719] {logging_mixin.py:104} INFO - [2025-02-05 10:35:02,719] {dag.py:2306} INFO - Setting next_dagrun for example_complex to None
[2025-02-05 10:35:02,729] {scheduler_job.py:190} INFO - Processing /home/airflow/.local/lib/python3.6/site-packages/airflow/example_dags/example_complex.py took 0.065 seconds
[2025-02-05 10:35:33,461] {scheduler_job.py:182} INFO - Started process (PID=1870) to work on /home/airflow/.local/lib/python3.6/site-packages/airflow/example_dags/example_complex.py
[2025-02-05 10:35:33,462] {scheduler_job.py:633} INFO - Processing file /home/airflow/.local/lib/python3.6/site-packages/airflow/example_dags/example_complex.py for tasks to queue
[2025-02-05 10:35:33,462] {logging_mixin.py:104} INFO - [2025-02-05 10:35:33,462] {dagbag.py:496} INFO - Filling up the DagBag from /home/airflow/.local/lib/python3.6/site-packages/airflow/example_dags/example_complex.py
[2025-02-05 10:35:33,480] {scheduler_job.py:643} INFO - DAG(s) dict_keys(['example_complex']) retrieved from /home/airflow/.local/lib/python3.6/site-packages/airflow/example_dags/example_complex.py
[2025-02-05 10:35:33,500] {logging_mixin.py:104} INFO - [2025-02-05 10:35:33,500] {dag.py:1833} INFO - Sync 1 DAGs
[2025-02-05 10:35:33,513] {logging_mixin.py:104} INFO - [2025-02-05 10:35:33,513] {dag.py:2306} INFO - Setting next_dagrun for example_complex to None
[2025-02-05 10:35:33,523] {scheduler_job.py:190} INFO - Processing /home/airflow/.local/lib/python3.6/site-packages/airflow/example_dags/example_complex.py took 0.065 seconds
[2025-02-05 10:36:03,908] {scheduler_job.py:182} INFO - Started process (PID=1921) to work on /home/airflow/.local/lib/python3.6/site-packages/airflow/example_dags/example_complex.py
[2025-02-05 10:36:03,909] {scheduler_job.py:633} INFO - Processing file /home/airflow/.local/lib/python3.6/site-packages/airflow/example_dags/example_complex.py for tasks to queue
[2025-02-05 10:36:03,909] {logging_mixin.py:104} INFO - [2025-02-05 10:36:03,909] {dagbag.py:496} INFO - Filling up the DagBag from /home/airflow/.local/lib/python3.6/site-packages/airflow/example_dags/example_complex.py
[2025-02-05 10:36:03,928] {scheduler_job.py:643} INFO - DAG(s) dict_keys(['example_complex']) retrieved from /home/airflow/.local/lib/python3.6/site-packages/airflow/example_dags/example_complex.py
[2025-02-05 10:36:03,948] {logging_mixin.py:104} INFO - [2025-02-05 10:36:03,948] {dag.py:1833} INFO - Sync 1 DAGs
[2025-02-05 10:36:03,960] {logging_mixin.py:104} INFO - [2025-02-05 10:36:03,960] {dag.py:2306} INFO - Setting next_dagrun for example_complex to None
[2025-02-05 10:36:03,969] {scheduler_job.py:190} INFO - Processing /home/airflow/.local/lib/python3.6/site-packages/airflow/example_dags/example_complex.py took 0.064 seconds
[2025-02-05 10:36:34,542] {scheduler_job.py:182} INFO - Started process (PID=1982) to work on /home/airflow/.local/lib/python3.6/site-packages/airflow/example_dags/example_complex.py
[2025-02-05 10:36:34,542] {scheduler_job.py:633} INFO - Processing file /home/airflow/.local/lib/python3.6/site-packages/airflow/example_dags/example_complex.py for tasks to queue
[2025-02-05 10:36:34,543] {logging_mixin.py:104} INFO - [2025-02-05 10:36:34,543] {dagbag.py:496} INFO - Filling up the DagBag from /home/airflow/.local/lib/python3.6/site-packages/airflow/example_dags/example_complex.py
[2025-02-05 10:36:34,558] {scheduler_job.py:643} INFO - DAG(s) dict_keys(['example_complex']) retrieved from /home/airflow/.local/lib/python3.6/site-packages/airflow/example_dags/example_complex.py
[2025-02-05 10:36:34,579] {logging_mixin.py:104} INFO - [2025-02-05 10:36:34,579] {dag.py:1833} INFO - Sync 1 DAGs
[2025-02-05 10:36:34,592] {logging_mixin.py:104} INFO - [2025-02-05 10:36:34,591] {dag.py:2306} INFO - Setting next_dagrun for example_complex to None
[2025-02-05 10:36:34,601] {scheduler_job.py:190} INFO - Processing /home/airflow/.local/lib/python3.6/site-packages/airflow/example_dags/example_complex.py took 0.061 seconds
[2025-02-05 10:37:05,188] {scheduler_job.py:182} INFO - Started process (PID=2043) to work on /home/airflow/.local/lib/python3.6/site-packages/airflow/example_dags/example_complex.py
[2025-02-05 10:37:05,189] {scheduler_job.py:633} INFO - Processing file /home/airflow/.local/lib/python3.6/site-packages/airflow/example_dags/example_complex.py for tasks to queue
[2025-02-05 10:37:05,190] {logging_mixin.py:104} INFO - [2025-02-05 10:37:05,190] {dagbag.py:496} INFO - Filling up the DagBag from /home/airflow/.local/lib/python3.6/site-packages/airflow/example_dags/example_complex.py
[2025-02-05 10:37:05,207] {scheduler_job.py:643} INFO - DAG(s) dict_keys(['example_complex']) retrieved from /home/airflow/.local/lib/python3.6/site-packages/airflow/example_dags/example_complex.py
[2025-02-05 10:37:05,226] {logging_mixin.py:104} INFO - [2025-02-05 10:37:05,226] {dag.py:1833} INFO - Sync 1 DAGs
[2025-02-05 10:37:05,238] {logging_mixin.py:104} INFO - [2025-02-05 10:37:05,238] {dag.py:2306} INFO - Setting next_dagrun for example_complex to None
[2025-02-05 10:37:05,247] {scheduler_job.py:190} INFO - Processing /home/airflow/.local/lib/python3.6/site-packages/airflow/example_dags/example_complex.py took 0.061 seconds
[2025-02-05 10:37:36,105] {scheduler_job.py:182} INFO - Started process (PID=2094) to work on /home/airflow/.local/lib/python3.6/site-packages/airflow/example_dags/example_complex.py
[2025-02-05 10:37:36,105] {scheduler_job.py:633} INFO - Processing file /home/airflow/.local/lib/python3.6/site-packages/airflow/example_dags/example_complex.py for tasks to queue
[2025-02-05 10:37:36,106] {logging_mixin.py:104} INFO - [2025-02-05 10:37:36,106] {dagbag.py:496} INFO - Filling up the DagBag from /home/airflow/.local/lib/python3.6/site-packages/airflow/example_dags/example_complex.py
[2025-02-05 10:37:36,121] {scheduler_job.py:643} INFO - DAG(s) dict_keys(['example_complex']) retrieved from /home/airflow/.local/lib/python3.6/site-packages/airflow/example_dags/example_complex.py
[2025-02-05 10:37:36,142] {logging_mixin.py:104} INFO - [2025-02-05 10:37:36,141] {dag.py:1833} INFO - Sync 1 DAGs
[2025-02-05 10:37:36,153] {logging_mixin.py:104} INFO - [2025-02-05 10:37:36,153] {dag.py:2306} INFO - Setting next_dagrun for example_complex to None
[2025-02-05 10:37:36,162] {scheduler_job.py:190} INFO - Processing /home/airflow/.local/lib/python3.6/site-packages/airflow/example_dags/example_complex.py took 0.060 seconds
[2025-02-05 10:38:06,833] {scheduler_job.py:182} INFO - Started process (PID=2155) to work on /home/airflow/.local/lib/python3.6/site-packages/airflow/example_dags/example_complex.py
[2025-02-05 10:38:06,835] {scheduler_job.py:633} INFO - Processing file /home/airflow/.local/lib/python3.6/site-packages/airflow/example_dags/example_complex.py for tasks to queue
[2025-02-05 10:38:06,835] {logging_mixin.py:104} INFO - [2025-02-05 10:38:06,835] {dagbag.py:496} INFO - Filling up the DagBag from /home/airflow/.local/lib/python3.6/site-packages/airflow/example_dags/example_complex.py
[2025-02-05 10:38:06,851] {scheduler_job.py:643} INFO - DAG(s) dict_keys(['example_complex']) retrieved from /home/airflow/.local/lib/python3.6/site-packages/airflow/example_dags/example_complex.py
[2025-02-05 10:38:06,871] {logging_mixin.py:104} INFO - [2025-02-05 10:38:06,871] {dag.py:1833} INFO - Sync 1 DAGs
[2025-02-05 10:38:06,883] {logging_mixin.py:104} INFO - [2025-02-05 10:38:06,883] {dag.py:2306} INFO - Setting next_dagrun for example_complex to None
[2025-02-05 10:38:06,892] {scheduler_job.py:190} INFO - Processing /home/airflow/.local/lib/python3.6/site-packages/airflow/example_dags/example_complex.py took 0.061 seconds
[2025-02-05 10:38:37,560] {scheduler_job.py:182} INFO - Started process (PID=2216) to work on /home/airflow/.local/lib/python3.6/site-packages/airflow/example_dags/example_complex.py
[2025-02-05 10:38:37,561] {scheduler_job.py:633} INFO - Processing file /home/airflow/.local/lib/python3.6/site-packages/airflow/example_dags/example_complex.py for tasks to queue
[2025-02-05 10:38:37,561] {logging_mixin.py:104} INFO - [2025-02-05 10:38:37,561] {dagbag.py:496} INFO - Filling up the DagBag from /home/airflow/.local/lib/python3.6/site-packages/airflow/example_dags/example_complex.py
[2025-02-05 10:38:37,577] {scheduler_job.py:643} INFO - DAG(s) dict_keys(['example_complex']) retrieved from /home/airflow/.local/lib/python3.6/site-packages/airflow/example_dags/example_complex.py
[2025-02-05 10:38:37,597] {logging_mixin.py:104} INFO - [2025-02-05 10:38:37,597] {dag.py:1833} INFO - Sync 1 DAGs
[2025-02-05 10:38:37,609] {logging_mixin.py:104} INFO - [2025-02-05 10:38:37,609] {dag.py:2306} INFO - Setting next_dagrun for example_complex to None
[2025-02-05 10:38:37,618] {scheduler_job.py:190} INFO - Processing /home/airflow/.local/lib/python3.6/site-packages/airflow/example_dags/example_complex.py took 0.060 seconds
[2025-02-05 10:39:08,137] {scheduler_job.py:182} INFO - Started process (PID=2267) to work on /home/airflow/.local/lib/python3.6/site-packages/airflow/example_dags/example_complex.py
[2025-02-05 10:39:08,138] {scheduler_job.py:633} INFO - Processing file /home/airflow/.local/lib/python3.6/site-packages/airflow/example_dags/example_complex.py for tasks to queue
[2025-02-05 10:39:08,138] {logging_mixin.py:104} INFO - [2025-02-05 10:39:08,138] {dagbag.py:496} INFO - Filling up the DagBag from /home/airflow/.local/lib/python3.6/site-packages/airflow/example_dags/example_complex.py
[2025-02-05 10:39:08,154] {scheduler_job.py:643} INFO - DAG(s) dict_keys(['example_complex']) retrieved from /home/airflow/.local/lib/python3.6/site-packages/airflow/example_dags/example_complex.py
[2025-02-05 10:39:08,174] {logging_mixin.py:104} INFO - [2025-02-05 10:39:08,174] {dag.py:1833} INFO - Sync 1 DAGs
[2025-02-05 10:39:08,187] {logging_mixin.py:104} INFO - [2025-02-05 10:39:08,186] {dag.py:2306} INFO - Setting next_dagrun for example_complex to None
[2025-02-05 10:39:08,196] {scheduler_job.py:190} INFO - Processing /home/airflow/.local/lib/python3.6/site-packages/airflow/example_dags/example_complex.py took 0.061 seconds
[2025-02-05 10:39:38,732] {scheduler_job.py:182} INFO - Started process (PID=2328) to work on /home/airflow/.local/lib/python3.6/site-packages/airflow/example_dags/example_complex.py
[2025-02-05 10:39:38,733] {scheduler_job.py:633} INFO - Processing file /home/airflow/.local/lib/python3.6/site-packages/airflow/example_dags/example_complex.py for tasks to queue
[2025-02-05 10:39:38,733] {logging_mixin.py:104} INFO - [2025-02-05 10:39:38,733] {dagbag.py:496} INFO - Filling up the DagBag from /home/airflow/.local/lib/python3.6/site-packages/airflow/example_dags/example_complex.py
[2025-02-05 10:39:38,749] {scheduler_job.py:643} INFO - DAG(s) dict_keys(['example_complex']) retrieved from /home/airflow/.local/lib/python3.6/site-packages/airflow/example_dags/example_complex.py
[2025-02-05 10:39:38,770] {logging_mixin.py:104} INFO - [2025-02-05 10:39:38,770] {dag.py:1833} INFO - Sync 1 DAGs
[2025-02-05 10:39:38,783] {logging_mixin.py:104} INFO - [2025-02-05 10:39:38,783] {dag.py:2306} INFO - Setting next_dagrun for example_complex to None
[2025-02-05 10:39:38,791] {scheduler_job.py:190} INFO - Processing /home/airflow/.local/lib/python3.6/site-packages/airflow/example_dags/example_complex.py took 0.062 seconds
[2025-02-05 10:40:09,317] {scheduler_job.py:182} INFO - Started process (PID=2389) to work on /home/airflow/.local/lib/python3.6/site-packages/airflow/example_dags/example_complex.py
[2025-02-05 10:40:09,318] {scheduler_job.py:633} INFO - Processing file /home/airflow/.local/lib/python3.6/site-packages/airflow/example_dags/example_complex.py for tasks to queue
[2025-02-05 10:40:09,318] {logging_mixin.py:104} INFO - [2025-02-05 10:40:09,318] {dagbag.py:496} INFO - Filling up the DagBag from /home/airflow/.local/lib/python3.6/site-packages/airflow/example_dags/example_complex.py
[2025-02-05 10:40:09,335] {scheduler_job.py:643} INFO - DAG(s) dict_keys(['example_complex']) retrieved from /home/airflow/.local/lib/python3.6/site-packages/airflow/example_dags/example_complex.py
[2025-02-05 10:40:09,356] {logging_mixin.py:104} INFO - [2025-02-05 10:40:09,356] {dag.py:1833} INFO - Sync 1 DAGs
[2025-02-05 10:40:09,369] {logging_mixin.py:104} INFO - [2025-02-05 10:40:09,368] {dag.py:2306} INFO - Setting next_dagrun for example_complex to None
[2025-02-05 10:40:09,378] {scheduler_job.py:190} INFO - Processing /home/airflow/.local/lib/python3.6/site-packages/airflow/example_dags/example_complex.py took 0.064 seconds
[2025-02-05 10:40:40,111] {scheduler_job.py:182} INFO - Started process (PID=2440) to work on /home/airflow/.local/lib/python3.6/site-packages/airflow/example_dags/example_complex.py
[2025-02-05 10:40:40,112] {scheduler_job.py:633} INFO - Processing file /home/airflow/.local/lib/python3.6/site-packages/airflow/example_dags/example_complex.py for tasks to queue
[2025-02-05 10:40:40,112] {logging_mixin.py:104} INFO - [2025-02-05 10:40:40,112] {dagbag.py:496} INFO - Filling up the DagBag from /home/airflow/.local/lib/python3.6/site-packages/airflow/example_dags/example_complex.py
[2025-02-05 10:40:40,128] {scheduler_job.py:643} INFO - DAG(s) dict_keys(['example_complex']) retrieved from /home/airflow/.local/lib/python3.6/site-packages/airflow/example_dags/example_complex.py
[2025-02-05 10:40:40,149] {logging_mixin.py:104} INFO - [2025-02-05 10:40:40,149] {dag.py:1833} INFO - Sync 1 DAGs
[2025-02-05 10:40:40,161] {logging_mixin.py:104} INFO - [2025-02-05 10:40:40,161] {dag.py:2306} INFO - Setting next_dagrun for example_complex to None
[2025-02-05 10:40:40,170] {scheduler_job.py:190} INFO - Processing /home/airflow/.local/lib/python3.6/site-packages/airflow/example_dags/example_complex.py took 0.061 seconds
[2025-02-05 10:41:10,940] {scheduler_job.py:182} INFO - Started process (PID=2501) to work on /home/airflow/.local/lib/python3.6/site-packages/airflow/example_dags/example_complex.py
[2025-02-05 10:41:10,941] {scheduler_job.py:633} INFO - Processing file /home/airflow/.local/lib/python3.6/site-packages/airflow/example_dags/example_complex.py for tasks to queue
[2025-02-05 10:41:10,941] {logging_mixin.py:104} INFO - [2025-02-05 10:41:10,941] {dagbag.py:496} INFO - Filling up the DagBag from /home/airflow/.local/lib/python3.6/site-packages/airflow/example_dags/example_complex.py
[2025-02-05 10:41:10,957] {scheduler_job.py:643} INFO - DAG(s) dict_keys(['example_complex']) retrieved from /home/airflow/.local/lib/python3.6/site-packages/airflow/example_dags/example_complex.py
[2025-02-05 10:41:10,977] {logging_mixin.py:104} INFO - [2025-02-05 10:41:10,977] {dag.py:1833} INFO - Sync 1 DAGs
[2025-02-05 10:41:10,988] {logging_mixin.py:104} INFO - [2025-02-05 10:41:10,988] {dag.py:2306} INFO - Setting next_dagrun for example_complex to None
[2025-02-05 10:41:10,998] {scheduler_job.py:190} INFO - Processing /home/airflow/.local/lib/python3.6/site-packages/airflow/example_dags/example_complex.py took 0.060 seconds
[2025-02-05 10:41:41,771] {scheduler_job.py:182} INFO - Started process (PID=2559) to work on /home/airflow/.local/lib/python3.6/site-packages/airflow/example_dags/example_complex.py
[2025-02-05 10:41:41,772] {scheduler_job.py:633} INFO - Processing file /home/airflow/.local/lib/python3.6/site-packages/airflow/example_dags/example_complex.py for tasks to queue
[2025-02-05 10:41:41,773] {logging_mixin.py:104} INFO - [2025-02-05 10:41:41,773] {dagbag.py:496} INFO - Filling up the DagBag from /home/airflow/.local/lib/python3.6/site-packages/airflow/example_dags/example_complex.py
[2025-02-05 10:41:41,789] {scheduler_job.py:643} INFO - DAG(s) dict_keys(['example_complex']) retrieved from /home/airflow/.local/lib/python3.6/site-packages/airflow/example_dags/example_complex.py
[2025-02-05 10:41:41,814] {logging_mixin.py:104} INFO - [2025-02-05 10:41:41,814] {dag.py:1833} INFO - Sync 1 DAGs
[2025-02-05 10:41:41,828] {logging_mixin.py:104} INFO - [2025-02-05 10:41:41,828] {dag.py:2306} INFO - Setting next_dagrun for example_complex to None
[2025-02-05 10:41:41,837] {scheduler_job.py:190} INFO - Processing /home/airflow/.local/lib/python3.6/site-packages/airflow/example_dags/example_complex.py took 0.069 seconds
[2025-02-05 10:42:12,630] {scheduler_job.py:182} INFO - Started process (PID=2612) to work on /home/airflow/.local/lib/python3.6/site-packages/airflow/example_dags/example_complex.py
[2025-02-05 10:42:12,630] {scheduler_job.py:633} INFO - Processing file /home/airflow/.local/lib/python3.6/site-packages/airflow/example_dags/example_complex.py for tasks to queue
[2025-02-05 10:42:12,631] {logging_mixin.py:104} INFO - [2025-02-05 10:42:12,631] {dagbag.py:496} INFO - Filling up the DagBag from /home/airflow/.local/lib/python3.6/site-packages/airflow/example_dags/example_complex.py
[2025-02-05 10:42:12,651] {scheduler_job.py:643} INFO - DAG(s) dict_keys(['example_complex']) retrieved from /home/airflow/.local/lib/python3.6/site-packages/airflow/example_dags/example_complex.py
[2025-02-05 10:42:12,677] {logging_mixin.py:104} INFO - [2025-02-05 10:42:12,677] {dag.py:1833} INFO - Sync 1 DAGs
[2025-02-05 10:42:12,691] {logging_mixin.py:104} INFO - [2025-02-05 10:42:12,691] {dag.py:2306} INFO - Setting next_dagrun for example_complex to None
[2025-02-05 10:42:12,700] {scheduler_job.py:190} INFO - Processing /home/airflow/.local/lib/python3.6/site-packages/airflow/example_dags/example_complex.py took 0.073 seconds
[2025-02-05 10:42:43,571] {scheduler_job.py:182} INFO - Started process (PID=2673) to work on /home/airflow/.local/lib/python3.6/site-packages/airflow/example_dags/example_complex.py
[2025-02-05 10:42:43,572] {scheduler_job.py:633} INFO - Processing file /home/airflow/.local/lib/python3.6/site-packages/airflow/example_dags/example_complex.py for tasks to queue
[2025-02-05 10:42:43,572] {logging_mixin.py:104} INFO - [2025-02-05 10:42:43,572] {dagbag.py:496} INFO - Filling up the DagBag from /home/airflow/.local/lib/python3.6/site-packages/airflow/example_dags/example_complex.py
[2025-02-05 10:42:43,587] {scheduler_job.py:643} INFO - DAG(s) dict_keys(['example_complex']) retrieved from /home/airflow/.local/lib/python3.6/site-packages/airflow/example_dags/example_complex.py
[2025-02-05 10:42:43,608] {logging_mixin.py:104} INFO - [2025-02-05 10:42:43,608] {dag.py:1833} INFO - Sync 1 DAGs
[2025-02-05 10:42:43,619] {logging_mixin.py:104} INFO - [2025-02-05 10:42:43,619] {dag.py:2306} INFO - Setting next_dagrun for example_complex to None
[2025-02-05 10:42:43,629] {scheduler_job.py:190} INFO - Processing /home/airflow/.local/lib/python3.6/site-packages/airflow/example_dags/example_complex.py took 0.060 seconds
[2025-02-05 10:43:14,100] {scheduler_job.py:182} INFO - Started process (PID=2725) to work on /home/airflow/.local/lib/python3.6/site-packages/airflow/example_dags/example_complex.py
[2025-02-05 10:43:14,101] {scheduler_job.py:633} INFO - Processing file /home/airflow/.local/lib/python3.6/site-packages/airflow/example_dags/example_complex.py for tasks to queue
[2025-02-05 10:43:14,102] {logging_mixin.py:104} INFO - [2025-02-05 10:43:14,102] {dagbag.py:496} INFO - Filling up the DagBag from /home/airflow/.local/lib/python3.6/site-packages/airflow/example_dags/example_complex.py
[2025-02-05 10:43:14,119] {scheduler_job.py:643} INFO - DAG(s) dict_keys(['example_complex']) retrieved from /home/airflow/.local/lib/python3.6/site-packages/airflow/example_dags/example_complex.py
[2025-02-05 10:43:14,140] {logging_mixin.py:104} INFO - [2025-02-05 10:43:14,140] {dag.py:1833} INFO - Sync 1 DAGs
[2025-02-05 10:43:14,153] {logging_mixin.py:104} INFO - [2025-02-05 10:43:14,153] {dag.py:2306} INFO - Setting next_dagrun for example_complex to None
[2025-02-05 10:43:14,163] {scheduler_job.py:190} INFO - Processing /home/airflow/.local/lib/python3.6/site-packages/airflow/example_dags/example_complex.py took 0.066 seconds
[2025-02-05 10:43:44,618] {scheduler_job.py:182} INFO - Started process (PID=2786) to work on /home/airflow/.local/lib/python3.6/site-packages/airflow/example_dags/example_complex.py
[2025-02-05 10:43:44,619] {scheduler_job.py:633} INFO - Processing file /home/airflow/.local/lib/python3.6/site-packages/airflow/example_dags/example_complex.py for tasks to queue
[2025-02-05 10:43:44,620] {logging_mixin.py:104} INFO - [2025-02-05 10:43:44,620] {dagbag.py:496} INFO - Filling up the DagBag from /home/airflow/.local/lib/python3.6/site-packages/airflow/example_dags/example_complex.py
[2025-02-05 10:43:44,637] {scheduler_job.py:643} INFO - DAG(s) dict_keys(['example_complex']) retrieved from /home/airflow/.local/lib/python3.6/site-packages/airflow/example_dags/example_complex.py
[2025-02-05 10:43:44,658] {logging_mixin.py:104} INFO - [2025-02-05 10:43:44,658] {dag.py:1833} INFO - Sync 1 DAGs
[2025-02-05 10:43:44,671] {logging_mixin.py:104} INFO - [2025-02-05 10:43:44,671] {dag.py:2306} INFO - Setting next_dagrun for example_complex to None
[2025-02-05 10:43:44,681] {scheduler_job.py:190} INFO - Processing /home/airflow/.local/lib/python3.6/site-packages/airflow/example_dags/example_complex.py took 0.065 seconds
[2025-02-05 10:44:15,160] {scheduler_job.py:182} INFO - Started process (PID=2847) to work on /home/airflow/.local/lib/python3.6/site-packages/airflow/example_dags/example_complex.py
[2025-02-05 10:44:15,161] {scheduler_job.py:633} INFO - Processing file /home/airflow/.local/lib/python3.6/site-packages/airflow/example_dags/example_complex.py for tasks to queue
[2025-02-05 10:44:15,161] {logging_mixin.py:104} INFO - [2025-02-05 10:44:15,161] {dagbag.py:496} INFO - Filling up the DagBag from /home/airflow/.local/lib/python3.6/site-packages/airflow/example_dags/example_complex.py
[2025-02-05 10:44:15,178] {scheduler_job.py:643} INFO - DAG(s) dict_keys(['example_complex']) retrieved from /home/airflow/.local/lib/python3.6/site-packages/airflow/example_dags/example_complex.py
[2025-02-05 10:44:15,199] {logging_mixin.py:104} INFO - [2025-02-05 10:44:15,199] {dag.py:1833} INFO - Sync 1 DAGs
[2025-02-05 10:44:15,211] {logging_mixin.py:104} INFO - [2025-02-05 10:44:15,211] {dag.py:2306} INFO - Setting next_dagrun for example_complex to None
[2025-02-05 10:44:15,220] {scheduler_job.py:190} INFO - Processing /home/airflow/.local/lib/python3.6/site-packages/airflow/example_dags/example_complex.py took 0.063 seconds
[2025-02-05 10:44:45,648] {scheduler_job.py:182} INFO - Started process (PID=2898) to work on /home/airflow/.local/lib/python3.6/site-packages/airflow/example_dags/example_complex.py
[2025-02-05 10:44:45,649] {scheduler_job.py:633} INFO - Processing file /home/airflow/.local/lib/python3.6/site-packages/airflow/example_dags/example_complex.py for tasks to queue
[2025-02-05 10:44:45,650] {logging_mixin.py:104} INFO - [2025-02-05 10:44:45,649] {dagbag.py:496} INFO - Filling up the DagBag from /home/airflow/.local/lib/python3.6/site-packages/airflow/example_dags/example_complex.py
[2025-02-05 10:44:45,665] {scheduler_job.py:643} INFO - DAG(s) dict_keys(['example_complex']) retrieved from /home/airflow/.local/lib/python3.6/site-packages/airflow/example_dags/example_complex.py
[2025-02-05 10:44:45,684] {logging_mixin.py:104} INFO - [2025-02-05 10:44:45,684] {dag.py:1833} INFO - Sync 1 DAGs
[2025-02-05 10:44:45,696] {logging_mixin.py:104} INFO - [2025-02-05 10:44:45,696] {dag.py:2306} INFO - Setting next_dagrun for example_complex to None
[2025-02-05 10:44:45,704] {scheduler_job.py:190} INFO - Processing /home/airflow/.local/lib/python3.6/site-packages/airflow/example_dags/example_complex.py took 0.059 seconds
[2025-02-05 10:45:16,007] {scheduler_job.py:182} INFO - Started process (PID=2959) to work on /home/airflow/.local/lib/python3.6/site-packages/airflow/example_dags/example_complex.py
[2025-02-05 10:45:16,007] {scheduler_job.py:633} INFO - Processing file /home/airflow/.local/lib/python3.6/site-packages/airflow/example_dags/example_complex.py for tasks to queue
[2025-02-05 10:45:16,008] {logging_mixin.py:104} INFO - [2025-02-05 10:45:16,008] {dagbag.py:496} INFO - Filling up the DagBag from /home/airflow/.local/lib/python3.6/site-packages/airflow/example_dags/example_complex.py
[2025-02-05 10:45:16,024] {scheduler_job.py:643} INFO - DAG(s) dict_keys(['example_complex']) retrieved from /home/airflow/.local/lib/python3.6/site-packages/airflow/example_dags/example_complex.py
[2025-02-05 10:45:16,044] {logging_mixin.py:104} INFO - [2025-02-05 10:45:16,044] {dag.py:1833} INFO - Sync 1 DAGs
[2025-02-05 10:45:16,057] {logging_mixin.py:104} INFO - [2025-02-05 10:45:16,056] {dag.py:2306} INFO - Setting next_dagrun for example_complex to None
[2025-02-05 10:45:16,066] {scheduler_job.py:190} INFO - Processing /home/airflow/.local/lib/python3.6/site-packages/airflow/example_dags/example_complex.py took 0.062 seconds
[2025-02-05 10:45:46,702] {scheduler_job.py:182} INFO - Started process (PID=3017) to work on /home/airflow/.local/lib/python3.6/site-packages/airflow/example_dags/example_complex.py
[2025-02-05 10:45:46,703] {scheduler_job.py:633} INFO - Processing file /home/airflow/.local/lib/python3.6/site-packages/airflow/example_dags/example_complex.py for tasks to queue
[2025-02-05 10:45:46,704] {logging_mixin.py:104} INFO - [2025-02-05 10:45:46,704] {dagbag.py:496} INFO - Filling up the DagBag from /home/airflow/.local/lib/python3.6/site-packages/airflow/example_dags/example_complex.py
[2025-02-05 10:45:46,720] {scheduler_job.py:643} INFO - DAG(s) dict_keys(['example_complex']) retrieved from /home/airflow/.local/lib/python3.6/site-packages/airflow/example_dags/example_complex.py
[2025-02-05 10:45:46,743] {logging_mixin.py:104} INFO - [2025-02-05 10:45:46,743] {dag.py:1833} INFO - Sync 1 DAGs
[2025-02-05 10:45:46,757] {logging_mixin.py:104} INFO - [2025-02-05 10:45:46,757] {dag.py:2306} INFO - Setting next_dagrun for example_complex to None
[2025-02-05 10:45:46,767] {scheduler_job.py:190} INFO - Processing /home/airflow/.local/lib/python3.6/site-packages/airflow/example_dags/example_complex.py took 0.068 seconds
[2025-02-05 10:46:17,308] {scheduler_job.py:182} INFO - Started process (PID=3071) to work on /home/airflow/.local/lib/python3.6/site-packages/airflow/example_dags/example_complex.py
[2025-02-05 10:46:17,309] {scheduler_job.py:633} INFO - Processing file /home/airflow/.local/lib/python3.6/site-packages/airflow/example_dags/example_complex.py for tasks to queue
[2025-02-05 10:46:17,309] {logging_mixin.py:104} INFO - [2025-02-05 10:46:17,309] {dagbag.py:496} INFO - Filling up the DagBag from /home/airflow/.local/lib/python3.6/site-packages/airflow/example_dags/example_complex.py
[2025-02-05 10:46:17,331] {scheduler_job.py:643} INFO - DAG(s) dict_keys(['example_complex']) retrieved from /home/airflow/.local/lib/python3.6/site-packages/airflow/example_dags/example_complex.py
[2025-02-05 10:46:17,356] {logging_mixin.py:104} INFO - [2025-02-05 10:46:17,356] {dag.py:1833} INFO - Sync 1 DAGs
[2025-02-05 10:46:17,370] {logging_mixin.py:104} INFO - [2025-02-05 10:46:17,369] {dag.py:2306} INFO - Setting next_dagrun for example_complex to None
[2025-02-05 10:46:17,380] {scheduler_job.py:190} INFO - Processing /home/airflow/.local/lib/python3.6/site-packages/airflow/example_dags/example_complex.py took 0.075 seconds
[2025-02-05 10:46:48,093] {scheduler_job.py:182} INFO - Started process (PID=3132) to work on /home/airflow/.local/lib/python3.6/site-packages/airflow/example_dags/example_complex.py
[2025-02-05 10:46:48,093] {scheduler_job.py:633} INFO - Processing file /home/airflow/.local/lib/python3.6/site-packages/airflow/example_dags/example_complex.py for tasks to queue
[2025-02-05 10:46:48,094] {logging_mixin.py:104} INFO - [2025-02-05 10:46:48,094] {dagbag.py:496} INFO - Filling up the DagBag from /home/airflow/.local/lib/python3.6/site-packages/airflow/example_dags/example_complex.py
[2025-02-05 10:46:48,111] {scheduler_job.py:643} INFO - DAG(s) dict_keys(['example_complex']) retrieved from /home/airflow/.local/lib/python3.6/site-packages/airflow/example_dags/example_complex.py
[2025-02-05 10:46:48,137] {logging_mixin.py:104} INFO - [2025-02-05 10:46:48,137] {dag.py:1833} INFO - Sync 1 DAGs
[2025-02-05 10:46:48,153] {logging_mixin.py:104} INFO - [2025-02-05 10:46:48,152] {dag.py:2306} INFO - Setting next_dagrun for example_complex to None
[2025-02-05 10:46:48,163] {scheduler_job.py:190} INFO - Processing /home/airflow/.local/lib/python3.6/site-packages/airflow/example_dags/example_complex.py took 0.073 seconds
[2025-02-05 10:47:18,861] {scheduler_job.py:182} INFO - Started process (PID=3183) to work on /home/airflow/.local/lib/python3.6/site-packages/airflow/example_dags/example_complex.py
[2025-02-05 10:47:18,861] {scheduler_job.py:633} INFO - Processing file /home/airflow/.local/lib/python3.6/site-packages/airflow/example_dags/example_complex.py for tasks to queue
[2025-02-05 10:47:18,862] {logging_mixin.py:104} INFO - [2025-02-05 10:47:18,862] {dagbag.py:496} INFO - Filling up the DagBag from /home/airflow/.local/lib/python3.6/site-packages/airflow/example_dags/example_complex.py
[2025-02-05 10:47:18,880] {scheduler_job.py:643} INFO - DAG(s) dict_keys(['example_complex']) retrieved from /home/airflow/.local/lib/python3.6/site-packages/airflow/example_dags/example_complex.py
[2025-02-05 10:47:18,911] {logging_mixin.py:104} INFO - [2025-02-05 10:47:18,911] {dag.py:1833} INFO - Sync 1 DAGs
[2025-02-05 10:47:18,930] {logging_mixin.py:104} INFO - [2025-02-05 10:47:18,930] {dag.py:2306} INFO - Setting next_dagrun for example_complex to None
[2025-02-05 10:47:18,940] {scheduler_job.py:190} INFO - Processing /home/airflow/.local/lib/python3.6/site-packages/airflow/example_dags/example_complex.py took 0.083 seconds
[2025-02-05 10:47:49,763] {scheduler_job.py:182} INFO - Started process (PID=3244) to work on /home/airflow/.local/lib/python3.6/site-packages/airflow/example_dags/example_complex.py
[2025-02-05 10:47:49,765] {scheduler_job.py:633} INFO - Processing file /home/airflow/.local/lib/python3.6/site-packages/airflow/example_dags/example_complex.py for tasks to queue
[2025-02-05 10:47:49,766] {logging_mixin.py:104} INFO - [2025-02-05 10:47:49,765] {dagbag.py:496} INFO - Filling up the DagBag from /home/airflow/.local/lib/python3.6/site-packages/airflow/example_dags/example_complex.py
[2025-02-05 10:47:49,782] {scheduler_job.py:643} INFO - DAG(s) dict_keys(['example_complex']) retrieved from /home/airflow/.local/lib/python3.6/site-packages/airflow/example_dags/example_complex.py
[2025-02-05 10:47:49,801] {logging_mixin.py:104} INFO - [2025-02-05 10:47:49,801] {dag.py:1833} INFO - Sync 1 DAGs
[2025-02-05 10:47:49,815] {logging_mixin.py:104} INFO - [2025-02-05 10:47:49,815] {dag.py:2306} INFO - Setting next_dagrun for example_complex to None
[2025-02-05 10:47:49,824] {scheduler_job.py:190} INFO - Processing /home/airflow/.local/lib/python3.6/site-packages/airflow/example_dags/example_complex.py took 0.064 seconds
[2025-02-05 10:48:20,458] {scheduler_job.py:182} INFO - Started process (PID=3295) to work on /home/airflow/.local/lib/python3.6/site-packages/airflow/example_dags/example_complex.py
[2025-02-05 10:48:20,460] {scheduler_job.py:633} INFO - Processing file /home/airflow/.local/lib/python3.6/site-packages/airflow/example_dags/example_complex.py for tasks to queue
[2025-02-05 10:48:20,461] {logging_mixin.py:104} INFO - [2025-02-05 10:48:20,460] {dagbag.py:496} INFO - Filling up the DagBag from /home/airflow/.local/lib/python3.6/site-packages/airflow/example_dags/example_complex.py
[2025-02-05 10:48:20,479] {scheduler_job.py:643} INFO - DAG(s) dict_keys(['example_complex']) retrieved from /home/airflow/.local/lib/python3.6/site-packages/airflow/example_dags/example_complex.py
[2025-02-05 10:48:20,505] {logging_mixin.py:104} INFO - [2025-02-05 10:48:20,505] {dag.py:1833} INFO - Sync 1 DAGs
[2025-02-05 10:48:20,518] {logging_mixin.py:104} INFO - [2025-02-05 10:48:20,518] {dag.py:2306} INFO - Setting next_dagrun for example_complex to None
[2025-02-05 10:48:20,527] {scheduler_job.py:190} INFO - Processing /home/airflow/.local/lib/python3.6/site-packages/airflow/example_dags/example_complex.py took 0.072 seconds
[2025-02-05 10:48:51,389] {scheduler_job.py:182} INFO - Started process (PID=3356) to work on /home/airflow/.local/lib/python3.6/site-packages/airflow/example_dags/example_complex.py
[2025-02-05 10:48:51,390] {scheduler_job.py:633} INFO - Processing file /home/airflow/.local/lib/python3.6/site-packages/airflow/example_dags/example_complex.py for tasks to queue
[2025-02-05 10:48:51,390] {logging_mixin.py:104} INFO - [2025-02-05 10:48:51,390] {dagbag.py:496} INFO - Filling up the DagBag from /home/airflow/.local/lib/python3.6/site-packages/airflow/example_dags/example_complex.py
[2025-02-05 10:48:51,406] {scheduler_job.py:643} INFO - DAG(s) dict_keys(['example_complex']) retrieved from /home/airflow/.local/lib/python3.6/site-packages/airflow/example_dags/example_complex.py
[2025-02-05 10:48:51,426] {logging_mixin.py:104} INFO - [2025-02-05 10:48:51,426] {dag.py:1833} INFO - Sync 1 DAGs
[2025-02-05 10:48:51,440] {logging_mixin.py:104} INFO - [2025-02-05 10:48:51,440] {dag.py:2306} INFO - Setting next_dagrun for example_complex to None
[2025-02-05 10:48:51,450] {scheduler_job.py:190} INFO - Processing /home/airflow/.local/lib/python3.6/site-packages/airflow/example_dags/example_complex.py took 0.063 seconds
[2025-02-05 10:49:22,295] {scheduler_job.py:182} INFO - Started process (PID=3416) to work on /home/airflow/.local/lib/python3.6/site-packages/airflow/example_dags/example_complex.py
[2025-02-05 10:49:22,296] {scheduler_job.py:633} INFO - Processing file /home/airflow/.local/lib/python3.6/site-packages/airflow/example_dags/example_complex.py for tasks to queue
[2025-02-05 10:49:22,297] {logging_mixin.py:104} INFO - [2025-02-05 10:49:22,296] {dagbag.py:496} INFO - Filling up the DagBag from /home/airflow/.local/lib/python3.6/site-packages/airflow/example_dags/example_complex.py
[2025-02-05 10:49:22,315] {scheduler_job.py:643} INFO - DAG(s) dict_keys(['example_complex']) retrieved from /home/airflow/.local/lib/python3.6/site-packages/airflow/example_dags/example_complex.py
[2025-02-05 10:49:22,336] {logging_mixin.py:104} INFO - [2025-02-05 10:49:22,336] {dag.py:1833} INFO - Sync 1 DAGs
[2025-02-05 10:49:22,348] {logging_mixin.py:104} INFO - [2025-02-05 10:49:22,348] {dag.py:2306} INFO - Setting next_dagrun for example_complex to None
[2025-02-05 10:49:22,357] {scheduler_job.py:190} INFO - Processing /home/airflow/.local/lib/python3.6/site-packages/airflow/example_dags/example_complex.py took 0.065 seconds
[2025-02-05 10:49:52,931] {scheduler_job.py:182} INFO - Started process (PID=3467) to work on /home/airflow/.local/lib/python3.6/site-packages/airflow/example_dags/example_complex.py
[2025-02-05 10:49:52,931] {scheduler_job.py:633} INFO - Processing file /home/airflow/.local/lib/python3.6/site-packages/airflow/example_dags/example_complex.py for tasks to queue
[2025-02-05 10:49:52,932] {logging_mixin.py:104} INFO - [2025-02-05 10:49:52,932] {dagbag.py:496} INFO - Filling up the DagBag from /home/airflow/.local/lib/python3.6/site-packages/airflow/example_dags/example_complex.py
[2025-02-05 10:49:52,949] {scheduler_job.py:643} INFO - DAG(s) dict_keys(['example_complex']) retrieved from /home/airflow/.local/lib/python3.6/site-packages/airflow/example_dags/example_complex.py
[2025-02-05 10:49:52,969] {logging_mixin.py:104} INFO - [2025-02-05 10:49:52,969] {dag.py:1833} INFO - Sync 1 DAGs
[2025-02-05 10:49:52,982] {logging_mixin.py:104} INFO - [2025-02-05 10:49:52,982] {dag.py:2306} INFO - Setting next_dagrun for example_complex to None
[2025-02-05 10:49:52,992] {scheduler_job.py:190} INFO - Processing /home/airflow/.local/lib/python3.6/site-packages/airflow/example_dags/example_complex.py took 0.065 seconds
[2025-02-05 10:50:23,904] {scheduler_job.py:182} INFO - Started process (PID=3528) to work on /home/airflow/.local/lib/python3.6/site-packages/airflow/example_dags/example_complex.py
[2025-02-05 10:50:23,905] {scheduler_job.py:633} INFO - Processing file /home/airflow/.local/lib/python3.6/site-packages/airflow/example_dags/example_complex.py for tasks to queue
[2025-02-05 10:50:23,905] {logging_mixin.py:104} INFO - [2025-02-05 10:50:23,905] {dagbag.py:496} INFO - Filling up the DagBag from /home/airflow/.local/lib/python3.6/site-packages/airflow/example_dags/example_complex.py
[2025-02-05 10:50:23,922] {scheduler_job.py:643} INFO - DAG(s) dict_keys(['example_complex']) retrieved from /home/airflow/.local/lib/python3.6/site-packages/airflow/example_dags/example_complex.py
[2025-02-05 10:50:23,946] {logging_mixin.py:104} INFO - [2025-02-05 10:50:23,945] {dag.py:1833} INFO - Sync 1 DAGs
[2025-02-05 10:50:23,958] {logging_mixin.py:104} INFO - [2025-02-05 10:50:23,958] {dag.py:2306} INFO - Setting next_dagrun for example_complex to None
[2025-02-05 10:50:23,969] {scheduler_job.py:190} INFO - Processing /home/airflow/.local/lib/python3.6/site-packages/airflow/example_dags/example_complex.py took 0.068 seconds
[2025-02-05 10:50:54,613] {scheduler_job.py:182} INFO - Started process (PID=3586) to work on /home/airflow/.local/lib/python3.6/site-packages/airflow/example_dags/example_complex.py
[2025-02-05 10:50:54,614] {scheduler_job.py:633} INFO - Processing file /home/airflow/.local/lib/python3.6/site-packages/airflow/example_dags/example_complex.py for tasks to queue
[2025-02-05 10:50:54,615] {logging_mixin.py:104} INFO - [2025-02-05 10:50:54,614] {dagbag.py:496} INFO - Filling up the DagBag from /home/airflow/.local/lib/python3.6/site-packages/airflow/example_dags/example_complex.py
[2025-02-05 10:50:54,632] {scheduler_job.py:643} INFO - DAG(s) dict_keys(['example_complex']) retrieved from /home/airflow/.local/lib/python3.6/site-packages/airflow/example_dags/example_complex.py
[2025-02-05 10:50:54,656] {logging_mixin.py:104} INFO - [2025-02-05 10:50:54,656] {dag.py:1833} INFO - Sync 1 DAGs
[2025-02-05 10:50:54,668] {logging_mixin.py:104} INFO - [2025-02-05 10:50:54,668] {dag.py:2306} INFO - Setting next_dagrun for example_complex to None
[2025-02-05 10:50:54,678] {scheduler_job.py:190} INFO - Processing /home/airflow/.local/lib/python3.6/site-packages/airflow/example_dags/example_complex.py took 0.068 seconds
[2025-02-05 10:51:25,566] {scheduler_job.py:182} INFO - Started process (PID=3640) to work on /home/airflow/.local/lib/python3.6/site-packages/airflow/example_dags/example_complex.py
[2025-02-05 10:51:25,566] {scheduler_job.py:633} INFO - Processing file /home/airflow/.local/lib/python3.6/site-packages/airflow/example_dags/example_complex.py for tasks to queue
[2025-02-05 10:51:25,567] {logging_mixin.py:104} INFO - [2025-02-05 10:51:25,567] {dagbag.py:496} INFO - Filling up the DagBag from /home/airflow/.local/lib/python3.6/site-packages/airflow/example_dags/example_complex.py
[2025-02-05 10:51:25,584] {scheduler_job.py:643} INFO - DAG(s) dict_keys(['example_complex']) retrieved from /home/airflow/.local/lib/python3.6/site-packages/airflow/example_dags/example_complex.py
[2025-02-05 10:51:25,605] {logging_mixin.py:104} INFO - [2025-02-05 10:51:25,604] {dag.py:1833} INFO - Sync 1 DAGs
[2025-02-05 10:51:25,616] {logging_mixin.py:104} INFO - [2025-02-05 10:51:25,616] {dag.py:2306} INFO - Setting next_dagrun for example_complex to None
[2025-02-05 10:51:25,627] {scheduler_job.py:190} INFO - Processing /home/airflow/.local/lib/python3.6/site-packages/airflow/example_dags/example_complex.py took 0.063 seconds
[2025-02-05 10:51:56,270] {scheduler_job.py:182} INFO - Started process (PID=3701) to work on /home/airflow/.local/lib/python3.6/site-packages/airflow/example_dags/example_complex.py
[2025-02-05 10:51:56,271] {scheduler_job.py:633} INFO - Processing file /home/airflow/.local/lib/python3.6/site-packages/airflow/example_dags/example_complex.py for tasks to queue
[2025-02-05 10:51:56,271] {logging_mixin.py:104} INFO - [2025-02-05 10:51:56,271] {dagbag.py:496} INFO - Filling up the DagBag from /home/airflow/.local/lib/python3.6/site-packages/airflow/example_dags/example_complex.py
[2025-02-05 10:51:56,289] {scheduler_job.py:643} INFO - DAG(s) dict_keys(['example_complex']) retrieved from /home/airflow/.local/lib/python3.6/site-packages/airflow/example_dags/example_complex.py
[2025-02-05 10:51:56,314] {logging_mixin.py:104} INFO - [2025-02-05 10:51:56,314] {dag.py:1833} INFO - Sync 1 DAGs
[2025-02-05 10:51:56,328] {logging_mixin.py:104} INFO - [2025-02-05 10:51:56,328] {dag.py:2306} INFO - Setting next_dagrun for example_complex to None
[2025-02-05 10:51:56,337] {scheduler_job.py:190} INFO - Processing /home/airflow/.local/lib/python3.6/site-packages/airflow/example_dags/example_complex.py took 0.071 seconds
[2025-02-05 10:52:26,401] {scheduler_job.py:182} INFO - Started process (PID=3752) to work on /home/airflow/.local/lib/python3.6/site-packages/airflow/example_dags/example_complex.py
[2025-02-05 10:52:26,402] {scheduler_job.py:633} INFO - Processing file /home/airflow/.local/lib/python3.6/site-packages/airflow/example_dags/example_complex.py for tasks to queue
[2025-02-05 10:52:26,403] {logging_mixin.py:104} INFO - [2025-02-05 10:52:26,403] {dagbag.py:496} INFO - Filling up the DagBag from /home/airflow/.local/lib/python3.6/site-packages/airflow/example_dags/example_complex.py
[2025-02-05 10:52:26,423] {scheduler_job.py:643} INFO - DAG(s) dict_keys(['example_complex']) retrieved from /home/airflow/.local/lib/python3.6/site-packages/airflow/example_dags/example_complex.py
[2025-02-05 10:52:26,444] {logging_mixin.py:104} INFO - [2025-02-05 10:52:26,443] {dag.py:1833} INFO - Sync 1 DAGs
[2025-02-05 10:52:26,455] {logging_mixin.py:104} INFO - [2025-02-05 10:52:26,455] {dag.py:2306} INFO - Setting next_dagrun for example_complex to None
[2025-02-05 10:52:26,463] {scheduler_job.py:190} INFO - Processing /home/airflow/.local/lib/python3.6/site-packages/airflow/example_dags/example_complex.py took 0.066 seconds
[2025-02-05 10:52:56,650] {scheduler_job.py:182} INFO - Started process (PID=3813) to work on /home/airflow/.local/lib/python3.6/site-packages/airflow/example_dags/example_complex.py
[2025-02-05 10:52:56,652] {scheduler_job.py:633} INFO - Processing file /home/airflow/.local/lib/python3.6/site-packages/airflow/example_dags/example_complex.py for tasks to queue
[2025-02-05 10:52:56,652] {logging_mixin.py:104} INFO - [2025-02-05 10:52:56,652] {dagbag.py:496} INFO - Filling up the DagBag from /home/airflow/.local/lib/python3.6/site-packages/airflow/example_dags/example_complex.py
[2025-02-05 10:52:56,671] {scheduler_job.py:643} INFO - DAG(s) dict_keys(['example_complex']) retrieved from /home/airflow/.local/lib/python3.6/site-packages/airflow/example_dags/example_complex.py
[2025-02-05 10:52:56,696] {logging_mixin.py:104} INFO - [2025-02-05 10:52:56,696] {dag.py:1833} INFO - Sync 1 DAGs
[2025-02-05 10:52:56,710] {logging_mixin.py:104} INFO - [2025-02-05 10:52:56,710] {dag.py:2306} INFO - Setting next_dagrun for example_complex to None
[2025-02-05 10:52:56,723] {scheduler_job.py:190} INFO - Processing /home/airflow/.local/lib/python3.6/site-packages/airflow/example_dags/example_complex.py took 0.075 seconds
[2025-02-05 10:53:26,748] {scheduler_job.py:182} INFO - Started process (PID=3864) to work on /home/airflow/.local/lib/python3.6/site-packages/airflow/example_dags/example_complex.py
[2025-02-05 10:53:26,751] {scheduler_job.py:633} INFO - Processing file /home/airflow/.local/lib/python3.6/site-packages/airflow/example_dags/example_complex.py for tasks to queue
[2025-02-05 10:53:26,752] {logging_mixin.py:104} INFO - [2025-02-05 10:53:26,751] {dagbag.py:496} INFO - Filling up the DagBag from /home/airflow/.local/lib/python3.6/site-packages/airflow/example_dags/example_complex.py
[2025-02-05 10:53:26,773] {scheduler_job.py:643} INFO - DAG(s) dict_keys(['example_complex']) retrieved from /home/airflow/.local/lib/python3.6/site-packages/airflow/example_dags/example_complex.py
[2025-02-05 10:53:26,799] {logging_mixin.py:104} INFO - [2025-02-05 10:53:26,799] {dag.py:1833} INFO - Sync 1 DAGs
[2025-02-05 10:53:26,812] {logging_mixin.py:104} INFO - [2025-02-05 10:53:26,812] {dag.py:2306} INFO - Setting next_dagrun for example_complex to None
[2025-02-05 10:53:26,823] {scheduler_job.py:190} INFO - Processing /home/airflow/.local/lib/python3.6/site-packages/airflow/example_dags/example_complex.py took 0.077 seconds
[2025-02-05 10:53:57,691] {scheduler_job.py:182} INFO - Started process (PID=3925) to work on /home/airflow/.local/lib/python3.6/site-packages/airflow/example_dags/example_complex.py
[2025-02-05 10:53:57,692] {scheduler_job.py:633} INFO - Processing file /home/airflow/.local/lib/python3.6/site-packages/airflow/example_dags/example_complex.py for tasks to queue
[2025-02-05 10:53:57,693] {logging_mixin.py:104} INFO - [2025-02-05 10:53:57,693] {dagbag.py:496} INFO - Filling up the DagBag from /home/airflow/.local/lib/python3.6/site-packages/airflow/example_dags/example_complex.py
[2025-02-05 10:53:57,709] {scheduler_job.py:643} INFO - DAG(s) dict_keys(['example_complex']) retrieved from /home/airflow/.local/lib/python3.6/site-packages/airflow/example_dags/example_complex.py
[2025-02-05 10:53:57,735] {logging_mixin.py:104} INFO - [2025-02-05 10:53:57,735] {dag.py:1833} INFO - Sync 1 DAGs
[2025-02-05 10:53:57,749] {logging_mixin.py:104} INFO - [2025-02-05 10:53:57,749] {dag.py:2306} INFO - Setting next_dagrun for example_complex to None
[2025-02-05 10:53:57,758] {scheduler_job.py:190} INFO - Processing /home/airflow/.local/lib/python3.6/site-packages/airflow/example_dags/example_complex.py took 0.070 seconds
[2025-02-05 10:54:28,588] {scheduler_job.py:182} INFO - Started process (PID=3985) to work on /home/airflow/.local/lib/python3.6/site-packages/airflow/example_dags/example_complex.py
[2025-02-05 10:54:28,589] {scheduler_job.py:633} INFO - Processing file /home/airflow/.local/lib/python3.6/site-packages/airflow/example_dags/example_complex.py for tasks to queue
[2025-02-05 10:54:28,589] {logging_mixin.py:104} INFO - [2025-02-05 10:54:28,589] {dagbag.py:496} INFO - Filling up the DagBag from /home/airflow/.local/lib/python3.6/site-packages/airflow/example_dags/example_complex.py
[2025-02-05 10:54:28,611] {scheduler_job.py:643} INFO - DAG(s) dict_keys(['example_complex']) retrieved from /home/airflow/.local/lib/python3.6/site-packages/airflow/example_dags/example_complex.py
[2025-02-05 10:54:28,632] {logging_mixin.py:104} INFO - [2025-02-05 10:54:28,632] {dag.py:1833} INFO - Sync 1 DAGs
[2025-02-05 10:54:28,648] {logging_mixin.py:104} INFO - [2025-02-05 10:54:28,648] {dag.py:2306} INFO - Setting next_dagrun for example_complex to None
[2025-02-05 10:54:28,657] {scheduler_job.py:190} INFO - Processing /home/airflow/.local/lib/python3.6/site-packages/airflow/example_dags/example_complex.py took 0.073 seconds
[2025-02-05 10:54:59,193] {scheduler_job.py:182} INFO - Started process (PID=4037) to work on /home/airflow/.local/lib/python3.6/site-packages/airflow/example_dags/example_complex.py
[2025-02-05 10:54:59,194] {scheduler_job.py:633} INFO - Processing file /home/airflow/.local/lib/python3.6/site-packages/airflow/example_dags/example_complex.py for tasks to queue
[2025-02-05 10:54:59,194] {logging_mixin.py:104} INFO - [2025-02-05 10:54:59,194] {dagbag.py:496} INFO - Filling up the DagBag from /home/airflow/.local/lib/python3.6/site-packages/airflow/example_dags/example_complex.py
[2025-02-05 10:54:59,210] {scheduler_job.py:643} INFO - DAG(s) dict_keys(['example_complex']) retrieved from /home/airflow/.local/lib/python3.6/site-packages/airflow/example_dags/example_complex.py
[2025-02-05 10:54:59,231] {logging_mixin.py:104} INFO - [2025-02-05 10:54:59,231] {dag.py:1833} INFO - Sync 1 DAGs
[2025-02-05 10:54:59,244] {logging_mixin.py:104} INFO - [2025-02-05 10:54:59,244] {dag.py:2306} INFO - Setting next_dagrun for example_complex to None
[2025-02-05 10:54:59,254] {scheduler_job.py:190} INFO - Processing /home/airflow/.local/lib/python3.6/site-packages/airflow/example_dags/example_complex.py took 0.063 seconds
[2025-02-05 10:55:29,959] {scheduler_job.py:182} INFO - Started process (PID=4098) to work on /home/airflow/.local/lib/python3.6/site-packages/airflow/example_dags/example_complex.py
[2025-02-05 10:55:29,960] {scheduler_job.py:633} INFO - Processing file /home/airflow/.local/lib/python3.6/site-packages/airflow/example_dags/example_complex.py for tasks to queue
[2025-02-05 10:55:29,960] {logging_mixin.py:104} INFO - [2025-02-05 10:55:29,960] {dagbag.py:496} INFO - Filling up the DagBag from /home/airflow/.local/lib/python3.6/site-packages/airflow/example_dags/example_complex.py
[2025-02-05 10:55:29,978] {scheduler_job.py:643} INFO - DAG(s) dict_keys(['example_complex']) retrieved from /home/airflow/.local/lib/python3.6/site-packages/airflow/example_dags/example_complex.py
[2025-02-05 10:55:29,999] {logging_mixin.py:104} INFO - [2025-02-05 10:55:29,999] {dag.py:1833} INFO - Sync 1 DAGs
[2025-02-05 10:55:30,012] {logging_mixin.py:104} INFO - [2025-02-05 10:55:30,012] {dag.py:2306} INFO - Setting next_dagrun for example_complex to None
[2025-02-05 10:55:30,022] {scheduler_job.py:190} INFO - Processing /home/airflow/.local/lib/python3.6/site-packages/airflow/example_dags/example_complex.py took 0.066 seconds
[2025-02-05 10:56:00,601] {scheduler_job.py:182} INFO - Started process (PID=4149) to work on /home/airflow/.local/lib/python3.6/site-packages/airflow/example_dags/example_complex.py
[2025-02-05 10:56:00,602] {scheduler_job.py:633} INFO - Processing file /home/airflow/.local/lib/python3.6/site-packages/airflow/example_dags/example_complex.py for tasks to queue
[2025-02-05 10:56:00,602] {logging_mixin.py:104} INFO - [2025-02-05 10:56:00,602] {dagbag.py:496} INFO - Filling up the DagBag from /home/airflow/.local/lib/python3.6/site-packages/airflow/example_dags/example_complex.py
[2025-02-05 10:56:00,619] {scheduler_job.py:643} INFO - DAG(s) dict_keys(['example_complex']) retrieved from /home/airflow/.local/lib/python3.6/site-packages/airflow/example_dags/example_complex.py
[2025-02-05 10:56:00,641] {logging_mixin.py:104} INFO - [2025-02-05 10:56:00,640] {dag.py:1833} INFO - Sync 1 DAGs
[2025-02-05 10:56:00,653] {logging_mixin.py:104} INFO - [2025-02-05 10:56:00,653] {dag.py:2306} INFO - Setting next_dagrun for example_complex to None
[2025-02-05 10:56:00,663] {scheduler_job.py:190} INFO - Processing /home/airflow/.local/lib/python3.6/site-packages/airflow/example_dags/example_complex.py took 0.065 seconds
[2025-02-05 10:56:31,236] {scheduler_job.py:182} INFO - Started process (PID=4210) to work on /home/airflow/.local/lib/python3.6/site-packages/airflow/example_dags/example_complex.py
[2025-02-05 10:56:31,237] {scheduler_job.py:633} INFO - Processing file /home/airflow/.local/lib/python3.6/site-packages/airflow/example_dags/example_complex.py for tasks to queue
[2025-02-05 10:56:31,237] {logging_mixin.py:104} INFO - [2025-02-05 10:56:31,237] {dagbag.py:496} INFO - Filling up the DagBag from /home/airflow/.local/lib/python3.6/site-packages/airflow/example_dags/example_complex.py
[2025-02-05 10:56:31,256] {scheduler_job.py:643} INFO - DAG(s) dict_keys(['example_complex']) retrieved from /home/airflow/.local/lib/python3.6/site-packages/airflow/example_dags/example_complex.py
[2025-02-05 10:56:31,278] {logging_mixin.py:104} INFO - [2025-02-05 10:56:31,278] {dag.py:1833} INFO - Sync 1 DAGs
[2025-02-05 10:56:31,290] {logging_mixin.py:104} INFO - [2025-02-05 10:56:31,290] {dag.py:2306} INFO - Setting next_dagrun for example_complex to None
[2025-02-05 10:56:31,299] {scheduler_job.py:190} INFO - Processing /home/airflow/.local/lib/python3.6/site-packages/airflow/example_dags/example_complex.py took 0.066 seconds
[2025-02-05 10:57:01,898] {scheduler_job.py:182} INFO - Started process (PID=4270) to work on /home/airflow/.local/lib/python3.6/site-packages/airflow/example_dags/example_complex.py
[2025-02-05 10:57:01,899] {scheduler_job.py:633} INFO - Processing file /home/airflow/.local/lib/python3.6/site-packages/airflow/example_dags/example_complex.py for tasks to queue
[2025-02-05 10:57:01,900] {logging_mixin.py:104} INFO - [2025-02-05 10:57:01,899] {dagbag.py:496} INFO - Filling up the DagBag from /home/airflow/.local/lib/python3.6/site-packages/airflow/example_dags/example_complex.py
[2025-02-05 10:57:01,917] {scheduler_job.py:643} INFO - DAG(s) dict_keys(['example_complex']) retrieved from /home/airflow/.local/lib/python3.6/site-packages/airflow/example_dags/example_complex.py
[2025-02-05 10:57:01,943] {logging_mixin.py:104} INFO - [2025-02-05 10:57:01,943] {dag.py:1833} INFO - Sync 1 DAGs
[2025-02-05 10:57:01,957] {logging_mixin.py:104} INFO - [2025-02-05 10:57:01,957] {dag.py:2306} INFO - Setting next_dagrun for example_complex to None
[2025-02-05 10:57:01,968] {scheduler_job.py:190} INFO - Processing /home/airflow/.local/lib/python3.6/site-packages/airflow/example_dags/example_complex.py took 0.073 seconds
[2025-02-05 10:57:32,669] {scheduler_job.py:182} INFO - Started process (PID=4322) to work on /home/airflow/.local/lib/python3.6/site-packages/airflow/example_dags/example_complex.py
[2025-02-05 10:57:32,670] {scheduler_job.py:633} INFO - Processing file /home/airflow/.local/lib/python3.6/site-packages/airflow/example_dags/example_complex.py for tasks to queue
[2025-02-05 10:57:32,670] {logging_mixin.py:104} INFO - [2025-02-05 10:57:32,670] {dagbag.py:496} INFO - Filling up the DagBag from /home/airflow/.local/lib/python3.6/site-packages/airflow/example_dags/example_complex.py
[2025-02-05 10:57:32,688] {scheduler_job.py:643} INFO - DAG(s) dict_keys(['example_complex']) retrieved from /home/airflow/.local/lib/python3.6/site-packages/airflow/example_dags/example_complex.py
[2025-02-05 10:57:32,712] {logging_mixin.py:104} INFO - [2025-02-05 10:57:32,712] {dag.py:1833} INFO - Sync 1 DAGs
[2025-02-05 10:57:32,725] {logging_mixin.py:104} INFO - [2025-02-05 10:57:32,724] {dag.py:2306} INFO - Setting next_dagrun for example_complex to None
[2025-02-05 10:57:32,735] {scheduler_job.py:190} INFO - Processing /home/airflow/.local/lib/python3.6/site-packages/airflow/example_dags/example_complex.py took 0.068 seconds
[2025-02-05 10:58:03,589] {scheduler_job.py:182} INFO - Started process (PID=4383) to work on /home/airflow/.local/lib/python3.6/site-packages/airflow/example_dags/example_complex.py
[2025-02-05 10:58:03,589] {scheduler_job.py:633} INFO - Processing file /home/airflow/.local/lib/python3.6/site-packages/airflow/example_dags/example_complex.py for tasks to queue
[2025-02-05 10:58:03,590] {logging_mixin.py:104} INFO - [2025-02-05 10:58:03,590] {dagbag.py:496} INFO - Filling up the DagBag from /home/airflow/.local/lib/python3.6/site-packages/airflow/example_dags/example_complex.py
[2025-02-05 10:58:03,609] {scheduler_job.py:643} INFO - DAG(s) dict_keys(['example_complex']) retrieved from /home/airflow/.local/lib/python3.6/site-packages/airflow/example_dags/example_complex.py
[2025-02-05 10:58:03,633] {logging_mixin.py:104} INFO - [2025-02-05 10:58:03,632] {dag.py:1833} INFO - Sync 1 DAGs
[2025-02-05 10:58:03,644] {logging_mixin.py:104} INFO - [2025-02-05 10:58:03,644] {dag.py:2306} INFO - Setting next_dagrun for example_complex to None
[2025-02-05 10:58:03,653] {scheduler_job.py:190} INFO - Processing /home/airflow/.local/lib/python3.6/site-packages/airflow/example_dags/example_complex.py took 0.067 seconds
[2025-02-05 10:58:34,246] {scheduler_job.py:182} INFO - Started process (PID=4434) to work on /home/airflow/.local/lib/python3.6/site-packages/airflow/example_dags/example_complex.py
[2025-02-05 10:58:34,247] {scheduler_job.py:633} INFO - Processing file /home/airflow/.local/lib/python3.6/site-packages/airflow/example_dags/example_complex.py for tasks to queue
[2025-02-05 10:58:34,248] {logging_mixin.py:104} INFO - [2025-02-05 10:58:34,248] {dagbag.py:496} INFO - Filling up the DagBag from /home/airflow/.local/lib/python3.6/site-packages/airflow/example_dags/example_complex.py
[2025-02-05 10:58:34,265] {scheduler_job.py:643} INFO - DAG(s) dict_keys(['example_complex']) retrieved from /home/airflow/.local/lib/python3.6/site-packages/airflow/example_dags/example_complex.py
[2025-02-05 10:58:34,286] {logging_mixin.py:104} INFO - [2025-02-05 10:58:34,286] {dag.py:1833} INFO - Sync 1 DAGs
[2025-02-05 10:58:34,298] {logging_mixin.py:104} INFO - [2025-02-05 10:58:34,298] {dag.py:2306} INFO - Setting next_dagrun for example_complex to None
[2025-02-05 10:58:34,307] {scheduler_job.py:190} INFO - Processing /home/airflow/.local/lib/python3.6/site-packages/airflow/example_dags/example_complex.py took 0.064 seconds
