[2025-02-05 10:16:11,127] {scheduler_job.py:182} INFO - Started process (PID=65) to work on /home/airflow/.local/lib/python3.6/site-packages/airflow/example_dags/example_xcom.py
[2025-02-05 10:16:11,128] {scheduler_job.py:633} INFO - Processing file /home/airflow/.local/lib/python3.6/site-packages/airflow/example_dags/example_xcom.py for tasks to queue
[2025-02-05 10:16:11,129] {logging_mixin.py:104} INFO - [2025-02-05 10:16:11,129] {dagbag.py:496} INFO - Filling up the DagBag from /home/airflow/.local/lib/python3.6/site-packages/airflow/example_dags/example_xcom.py
[2025-02-05 10:16:11,138] {scheduler_job.py:643} INFO - DAG(s) dict_keys(['example_xcom']) retrieved from /home/airflow/.local/lib/python3.6/site-packages/airflow/example_dags/example_xcom.py
[2025-02-05 10:16:11,306] {logging_mixin.py:104} INFO - [2025-02-05 10:16:11,306] {dag.py:1833} INFO - Sync 1 DAGs
[2025-02-05 10:16:11,317] {logging_mixin.py:104} INFO - [2025-02-05 10:16:11,317] {dag.py:2306} INFO - Setting next_dagrun for example_xcom to 2025-02-03 00:00:00+00:00
[2025-02-05 10:16:11,325] {scheduler_job.py:190} INFO - Processing /home/airflow/.local/lib/python3.6/site-packages/airflow/example_dags/example_xcom.py took 0.200 seconds
[2025-02-05 10:16:41,561] {scheduler_job.py:182} INFO - Started process (PID=116) to work on /home/airflow/.local/lib/python3.6/site-packages/airflow/example_dags/example_xcom.py
[2025-02-05 10:16:41,562] {scheduler_job.py:633} INFO - Processing file /home/airflow/.local/lib/python3.6/site-packages/airflow/example_dags/example_xcom.py for tasks to queue
[2025-02-05 10:16:41,563] {logging_mixin.py:104} INFO - [2025-02-05 10:16:41,563] {dagbag.py:496} INFO - Filling up the DagBag from /home/airflow/.local/lib/python3.6/site-packages/airflow/example_dags/example_xcom.py
[2025-02-05 10:16:41,578] {scheduler_job.py:643} INFO - DAG(s) dict_keys(['example_xcom']) retrieved from /home/airflow/.local/lib/python3.6/site-packages/airflow/example_dags/example_xcom.py
[2025-02-05 10:16:41,605] {logging_mixin.py:104} INFO - [2025-02-05 10:16:41,605] {dag.py:1833} INFO - Sync 1 DAGs
[2025-02-05 10:16:41,624] {logging_mixin.py:104} INFO - [2025-02-05 10:16:41,624] {dag.py:2306} INFO - Setting next_dagrun for example_xcom to 2025-02-03 00:00:00+00:00
[2025-02-05 10:16:41,635] {scheduler_job.py:190} INFO - Processing /home/airflow/.local/lib/python3.6/site-packages/airflow/example_dags/example_xcom.py took 0.078 seconds
[2025-02-05 10:17:12,090] {scheduler_job.py:182} INFO - Started process (PID=176) to work on /home/airflow/.local/lib/python3.6/site-packages/airflow/example_dags/example_xcom.py
[2025-02-05 10:17:12,091] {scheduler_job.py:633} INFO - Processing file /home/airflow/.local/lib/python3.6/site-packages/airflow/example_dags/example_xcom.py for tasks to queue
[2025-02-05 10:17:12,092] {logging_mixin.py:104} INFO - [2025-02-05 10:17:12,092] {dagbag.py:496} INFO - Filling up the DagBag from /home/airflow/.local/lib/python3.6/site-packages/airflow/example_dags/example_xcom.py
[2025-02-05 10:17:12,108] {scheduler_job.py:643} INFO - DAG(s) dict_keys(['example_xcom']) retrieved from /home/airflow/.local/lib/python3.6/site-packages/airflow/example_dags/example_xcom.py
[2025-02-05 10:17:12,138] {logging_mixin.py:104} INFO - [2025-02-05 10:17:12,138] {dag.py:1833} INFO - Sync 1 DAGs
[2025-02-05 10:17:12,158] {logging_mixin.py:104} INFO - [2025-02-05 10:17:12,158] {dag.py:2306} INFO - Setting next_dagrun for example_xcom to 2025-02-03 00:00:00+00:00
[2025-02-05 10:17:12,170] {scheduler_job.py:190} INFO - Processing /home/airflow/.local/lib/python3.6/site-packages/airflow/example_dags/example_xcom.py took 0.085 seconds
[2025-02-05 10:17:42,787] {scheduler_job.py:182} INFO - Started process (PID=228) to work on /home/airflow/.local/lib/python3.6/site-packages/airflow/example_dags/example_xcom.py
[2025-02-05 10:17:42,788] {scheduler_job.py:633} INFO - Processing file /home/airflow/.local/lib/python3.6/site-packages/airflow/example_dags/example_xcom.py for tasks to queue
[2025-02-05 10:17:42,789] {logging_mixin.py:104} INFO - [2025-02-05 10:17:42,789] {dagbag.py:496} INFO - Filling up the DagBag from /home/airflow/.local/lib/python3.6/site-packages/airflow/example_dags/example_xcom.py
[2025-02-05 10:17:42,805] {scheduler_job.py:643} INFO - DAG(s) dict_keys(['example_xcom']) retrieved from /home/airflow/.local/lib/python3.6/site-packages/airflow/example_dags/example_xcom.py
[2025-02-05 10:17:42,835] {logging_mixin.py:104} INFO - [2025-02-05 10:17:42,835] {dag.py:1833} INFO - Sync 1 DAGs
[2025-02-05 10:17:42,857] {logging_mixin.py:104} INFO - [2025-02-05 10:17:42,857] {dag.py:2306} INFO - Setting next_dagrun for example_xcom to 2025-02-03 00:00:00+00:00
[2025-02-05 10:17:42,870] {scheduler_job.py:190} INFO - Processing /home/airflow/.local/lib/python3.6/site-packages/airflow/example_dags/example_xcom.py took 0.088 seconds
[2025-02-05 10:18:13,623] {scheduler_job.py:182} INFO - Started process (PID=279) to work on /home/airflow/.local/lib/python3.6/site-packages/airflow/example_dags/example_xcom.py
[2025-02-05 10:18:13,624] {scheduler_job.py:633} INFO - Processing file /home/airflow/.local/lib/python3.6/site-packages/airflow/example_dags/example_xcom.py for tasks to queue
[2025-02-05 10:18:13,625] {logging_mixin.py:104} INFO - [2025-02-05 10:18:13,624] {dagbag.py:496} INFO - Filling up the DagBag from /home/airflow/.local/lib/python3.6/site-packages/airflow/example_dags/example_xcom.py
[2025-02-05 10:18:13,640] {scheduler_job.py:643} INFO - DAG(s) dict_keys(['example_xcom']) retrieved from /home/airflow/.local/lib/python3.6/site-packages/airflow/example_dags/example_xcom.py
[2025-02-05 10:18:13,667] {logging_mixin.py:104} INFO - [2025-02-05 10:18:13,667] {dag.py:1833} INFO - Sync 1 DAGs
[2025-02-05 10:18:13,685] {logging_mixin.py:104} INFO - [2025-02-05 10:18:13,685] {dag.py:2306} INFO - Setting next_dagrun for example_xcom to 2025-02-03 00:00:00+00:00
[2025-02-05 10:18:13,697] {scheduler_job.py:190} INFO - Processing /home/airflow/.local/lib/python3.6/site-packages/airflow/example_dags/example_xcom.py took 0.078 seconds
[2025-02-05 10:18:44,061] {scheduler_job.py:182} INFO - Started process (PID=340) to work on /home/airflow/.local/lib/python3.6/site-packages/airflow/example_dags/example_xcom.py
[2025-02-05 10:18:44,063] {scheduler_job.py:633} INFO - Processing file /home/airflow/.local/lib/python3.6/site-packages/airflow/example_dags/example_xcom.py for tasks to queue
[2025-02-05 10:18:44,064] {logging_mixin.py:104} INFO - [2025-02-05 10:18:44,064] {dagbag.py:496} INFO - Filling up the DagBag from /home/airflow/.local/lib/python3.6/site-packages/airflow/example_dags/example_xcom.py
[2025-02-05 10:18:44,079] {scheduler_job.py:643} INFO - DAG(s) dict_keys(['example_xcom']) retrieved from /home/airflow/.local/lib/python3.6/site-packages/airflow/example_dags/example_xcom.py
[2025-02-05 10:18:44,106] {logging_mixin.py:104} INFO - [2025-02-05 10:18:44,106] {dag.py:1833} INFO - Sync 1 DAGs
[2025-02-05 10:18:44,126] {logging_mixin.py:104} INFO - [2025-02-05 10:18:44,126] {dag.py:2306} INFO - Setting next_dagrun for example_xcom to 2025-02-03 00:00:00+00:00
[2025-02-05 10:18:44,138] {scheduler_job.py:190} INFO - Processing /home/airflow/.local/lib/python3.6/site-packages/airflow/example_dags/example_xcom.py took 0.081 seconds
[2025-02-05 10:19:14,492] {scheduler_job.py:182} INFO - Started process (PID=389) to work on /home/airflow/.local/lib/python3.6/site-packages/airflow/example_dags/example_xcom.py
[2025-02-05 10:19:14,493] {scheduler_job.py:633} INFO - Processing file /home/airflow/.local/lib/python3.6/site-packages/airflow/example_dags/example_xcom.py for tasks to queue
[2025-02-05 10:19:14,494] {logging_mixin.py:104} INFO - [2025-02-05 10:19:14,494] {dagbag.py:496} INFO - Filling up the DagBag from /home/airflow/.local/lib/python3.6/site-packages/airflow/example_dags/example_xcom.py
[2025-02-05 10:19:14,510] {scheduler_job.py:643} INFO - DAG(s) dict_keys(['example_xcom']) retrieved from /home/airflow/.local/lib/python3.6/site-packages/airflow/example_dags/example_xcom.py
[2025-02-05 10:19:14,540] {logging_mixin.py:104} INFO - [2025-02-05 10:19:14,540] {dag.py:1833} INFO - Sync 1 DAGs
[2025-02-05 10:19:14,562] {logging_mixin.py:104} INFO - [2025-02-05 10:19:14,562] {dag.py:2306} INFO - Setting next_dagrun for example_xcom to 2025-02-03 00:00:00+00:00
[2025-02-05 10:19:14,575] {scheduler_job.py:190} INFO - Processing /home/airflow/.local/lib/python3.6/site-packages/airflow/example_dags/example_xcom.py took 0.088 seconds
[2025-02-05 10:19:45,145] {scheduler_job.py:182} INFO - Started process (PID=440) to work on /home/airflow/.local/lib/python3.6/site-packages/airflow/example_dags/example_xcom.py
[2025-02-05 10:19:45,146] {scheduler_job.py:633} INFO - Processing file /home/airflow/.local/lib/python3.6/site-packages/airflow/example_dags/example_xcom.py for tasks to queue
[2025-02-05 10:19:45,147] {logging_mixin.py:104} INFO - [2025-02-05 10:19:45,147] {dagbag.py:496} INFO - Filling up the DagBag from /home/airflow/.local/lib/python3.6/site-packages/airflow/example_dags/example_xcom.py
[2025-02-05 10:19:45,165] {scheduler_job.py:643} INFO - DAG(s) dict_keys(['example_xcom']) retrieved from /home/airflow/.local/lib/python3.6/site-packages/airflow/example_dags/example_xcom.py
[2025-02-05 10:19:45,196] {logging_mixin.py:104} INFO - [2025-02-05 10:19:45,196] {dag.py:1833} INFO - Sync 1 DAGs
[2025-02-05 10:19:45,217] {logging_mixin.py:104} INFO - [2025-02-05 10:19:45,217] {dag.py:2306} INFO - Setting next_dagrun for example_xcom to 2025-02-03 00:00:00+00:00
[2025-02-05 10:19:45,231] {scheduler_job.py:190} INFO - Processing /home/airflow/.local/lib/python3.6/site-packages/airflow/example_dags/example_xcom.py took 0.090 seconds
[2025-02-05 10:20:16,191] {scheduler_job.py:182} INFO - Started process (PID=502) to work on /home/airflow/.local/lib/python3.6/site-packages/airflow/example_dags/example_xcom.py
[2025-02-05 10:20:16,192] {scheduler_job.py:633} INFO - Processing file /home/airflow/.local/lib/python3.6/site-packages/airflow/example_dags/example_xcom.py for tasks to queue
[2025-02-05 10:20:16,193] {logging_mixin.py:104} INFO - [2025-02-05 10:20:16,193] {dagbag.py:496} INFO - Filling up the DagBag from /home/airflow/.local/lib/python3.6/site-packages/airflow/example_dags/example_xcom.py
[2025-02-05 10:20:16,203] {scheduler_job.py:643} INFO - DAG(s) dict_keys(['example_xcom']) retrieved from /home/airflow/.local/lib/python3.6/site-packages/airflow/example_dags/example_xcom.py
[2025-02-05 10:20:16,221] {logging_mixin.py:104} INFO - [2025-02-05 10:20:16,220] {dag.py:1833} INFO - Sync 1 DAGs
[2025-02-05 10:20:16,232] {logging_mixin.py:104} INFO - [2025-02-05 10:20:16,232] {dag.py:2306} INFO - Setting next_dagrun for example_xcom to 2025-02-03 00:00:00+00:00
[2025-02-05 10:20:16,242] {scheduler_job.py:190} INFO - Processing /home/airflow/.local/lib/python3.6/site-packages/airflow/example_dags/example_xcom.py took 0.053 seconds
[2025-02-05 10:20:46,915] {scheduler_job.py:182} INFO - Started process (PID=563) to work on /home/airflow/.local/lib/python3.6/site-packages/airflow/example_dags/example_xcom.py
[2025-02-05 10:20:46,916] {scheduler_job.py:633} INFO - Processing file /home/airflow/.local/lib/python3.6/site-packages/airflow/example_dags/example_xcom.py for tasks to queue
[2025-02-05 10:20:46,916] {logging_mixin.py:104} INFO - [2025-02-05 10:20:46,916] {dagbag.py:496} INFO - Filling up the DagBag from /home/airflow/.local/lib/python3.6/site-packages/airflow/example_dags/example_xcom.py
[2025-02-05 10:20:46,925] {scheduler_job.py:643} INFO - DAG(s) dict_keys(['example_xcom']) retrieved from /home/airflow/.local/lib/python3.6/site-packages/airflow/example_dags/example_xcom.py
[2025-02-05 10:20:46,942] {logging_mixin.py:104} INFO - [2025-02-05 10:20:46,942] {dag.py:1833} INFO - Sync 1 DAGs
[2025-02-05 10:20:46,956] {logging_mixin.py:104} INFO - [2025-02-05 10:20:46,956] {dag.py:2306} INFO - Setting next_dagrun for example_xcom to 2025-02-03 00:00:00+00:00
[2025-02-05 10:20:46,966] {scheduler_job.py:190} INFO - Processing /home/airflow/.local/lib/python3.6/site-packages/airflow/example_dags/example_xcom.py took 0.053 seconds
[2025-02-05 10:21:17,377] {scheduler_job.py:182} INFO - Started process (PID=614) to work on /home/airflow/.local/lib/python3.6/site-packages/airflow/example_dags/example_xcom.py
[2025-02-05 10:21:17,378] {scheduler_job.py:633} INFO - Processing file /home/airflow/.local/lib/python3.6/site-packages/airflow/example_dags/example_xcom.py for tasks to queue
[2025-02-05 10:21:17,378] {logging_mixin.py:104} INFO - [2025-02-05 10:21:17,378] {dagbag.py:496} INFO - Filling up the DagBag from /home/airflow/.local/lib/python3.6/site-packages/airflow/example_dags/example_xcom.py
[2025-02-05 10:21:17,387] {scheduler_job.py:643} INFO - DAG(s) dict_keys(['example_xcom']) retrieved from /home/airflow/.local/lib/python3.6/site-packages/airflow/example_dags/example_xcom.py
[2025-02-05 10:21:17,403] {logging_mixin.py:104} INFO - [2025-02-05 10:21:17,403] {dag.py:1833} INFO - Sync 1 DAGs
[2025-02-05 10:21:17,415] {logging_mixin.py:104} INFO - [2025-02-05 10:21:17,414] {dag.py:2306} INFO - Setting next_dagrun for example_xcom to 2025-02-03 00:00:00+00:00
[2025-02-05 10:21:17,423] {scheduler_job.py:190} INFO - Processing /home/airflow/.local/lib/python3.6/site-packages/airflow/example_dags/example_xcom.py took 0.048 seconds
[2025-02-05 10:21:47,904] {scheduler_job.py:182} INFO - Started process (PID=675) to work on /home/airflow/.local/lib/python3.6/site-packages/airflow/example_dags/example_xcom.py
[2025-02-05 10:21:47,905] {scheduler_job.py:633} INFO - Processing file /home/airflow/.local/lib/python3.6/site-packages/airflow/example_dags/example_xcom.py for tasks to queue
[2025-02-05 10:21:47,905] {logging_mixin.py:104} INFO - [2025-02-05 10:21:47,905] {dagbag.py:496} INFO - Filling up the DagBag from /home/airflow/.local/lib/python3.6/site-packages/airflow/example_dags/example_xcom.py
[2025-02-05 10:21:47,913] {scheduler_job.py:643} INFO - DAG(s) dict_keys(['example_xcom']) retrieved from /home/airflow/.local/lib/python3.6/site-packages/airflow/example_dags/example_xcom.py
[2025-02-05 10:21:47,929] {logging_mixin.py:104} INFO - [2025-02-05 10:21:47,929] {dag.py:1833} INFO - Sync 1 DAGs
[2025-02-05 10:21:47,940] {logging_mixin.py:104} INFO - [2025-02-05 10:21:47,940] {dag.py:2306} INFO - Setting next_dagrun for example_xcom to 2025-02-03 00:00:00+00:00
[2025-02-05 10:21:47,947] {scheduler_job.py:190} INFO - Processing /home/airflow/.local/lib/python3.6/site-packages/airflow/example_dags/example_xcom.py took 0.045 seconds
[2025-02-05 10:22:18,621] {scheduler_job.py:182} INFO - Started process (PID=735) to work on /home/airflow/.local/lib/python3.6/site-packages/airflow/example_dags/example_xcom.py
[2025-02-05 10:22:18,622] {scheduler_job.py:633} INFO - Processing file /home/airflow/.local/lib/python3.6/site-packages/airflow/example_dags/example_xcom.py for tasks to queue
[2025-02-05 10:22:18,622] {logging_mixin.py:104} INFO - [2025-02-05 10:22:18,622] {dagbag.py:496} INFO - Filling up the DagBag from /home/airflow/.local/lib/python3.6/site-packages/airflow/example_dags/example_xcom.py
[2025-02-05 10:22:18,632] {scheduler_job.py:643} INFO - DAG(s) dict_keys(['example_xcom']) retrieved from /home/airflow/.local/lib/python3.6/site-packages/airflow/example_dags/example_xcom.py
[2025-02-05 10:22:18,652] {logging_mixin.py:104} INFO - [2025-02-05 10:22:18,652] {dag.py:1833} INFO - Sync 1 DAGs
[2025-02-05 10:22:18,672] {logging_mixin.py:104} INFO - [2025-02-05 10:22:18,671] {dag.py:2306} INFO - Setting next_dagrun for example_xcom to 2025-02-03 00:00:00+00:00
[2025-02-05 10:22:18,685] {scheduler_job.py:190} INFO - Processing /home/airflow/.local/lib/python3.6/site-packages/airflow/example_dags/example_xcom.py took 0.067 seconds
[2025-02-05 10:22:49,255] {scheduler_job.py:182} INFO - Started process (PID=787) to work on /home/airflow/.local/lib/python3.6/site-packages/airflow/example_dags/example_xcom.py
[2025-02-05 10:22:49,256] {scheduler_job.py:633} INFO - Processing file /home/airflow/.local/lib/python3.6/site-packages/airflow/example_dags/example_xcom.py for tasks to queue
[2025-02-05 10:22:49,256] {logging_mixin.py:104} INFO - [2025-02-05 10:22:49,256] {dagbag.py:496} INFO - Filling up the DagBag from /home/airflow/.local/lib/python3.6/site-packages/airflow/example_dags/example_xcom.py
[2025-02-05 10:22:49,265] {scheduler_job.py:643} INFO - DAG(s) dict_keys(['example_xcom']) retrieved from /home/airflow/.local/lib/python3.6/site-packages/airflow/example_dags/example_xcom.py
[2025-02-05 10:22:49,281] {logging_mixin.py:104} INFO - [2025-02-05 10:22:49,281] {dag.py:1833} INFO - Sync 1 DAGs
[2025-02-05 10:22:49,292] {logging_mixin.py:104} INFO - [2025-02-05 10:22:49,292] {dag.py:2306} INFO - Setting next_dagrun for example_xcom to 2025-02-03 00:00:00+00:00
[2025-02-05 10:22:49,299] {scheduler_job.py:190} INFO - Processing /home/airflow/.local/lib/python3.6/site-packages/airflow/example_dags/example_xcom.py took 0.046 seconds
[2025-02-05 10:23:19,709] {scheduler_job.py:182} INFO - Started process (PID=848) to work on /home/airflow/.local/lib/python3.6/site-packages/airflow/example_dags/example_xcom.py
[2025-02-05 10:23:19,710] {scheduler_job.py:633} INFO - Processing file /home/airflow/.local/lib/python3.6/site-packages/airflow/example_dags/example_xcom.py for tasks to queue
[2025-02-05 10:23:19,710] {logging_mixin.py:104} INFO - [2025-02-05 10:23:19,710] {dagbag.py:496} INFO - Filling up the DagBag from /home/airflow/.local/lib/python3.6/site-packages/airflow/example_dags/example_xcom.py
[2025-02-05 10:23:19,719] {scheduler_job.py:643} INFO - DAG(s) dict_keys(['example_xcom']) retrieved from /home/airflow/.local/lib/python3.6/site-packages/airflow/example_dags/example_xcom.py
[2025-02-05 10:23:19,735] {logging_mixin.py:104} INFO - [2025-02-05 10:23:19,735] {dag.py:1833} INFO - Sync 1 DAGs
[2025-02-05 10:23:19,747] {logging_mixin.py:104} INFO - [2025-02-05 10:23:19,747] {dag.py:2306} INFO - Setting next_dagrun for example_xcom to 2025-02-03 00:00:00+00:00
[2025-02-05 10:23:19,754] {scheduler_job.py:190} INFO - Processing /home/airflow/.local/lib/python3.6/site-packages/airflow/example_dags/example_xcom.py took 0.048 seconds
[2025-02-05 10:23:50,184] {scheduler_job.py:182} INFO - Started process (PID=899) to work on /home/airflow/.local/lib/python3.6/site-packages/airflow/example_dags/example_xcom.py
[2025-02-05 10:23:50,185] {scheduler_job.py:633} INFO - Processing file /home/airflow/.local/lib/python3.6/site-packages/airflow/example_dags/example_xcom.py for tasks to queue
[2025-02-05 10:23:50,185] {logging_mixin.py:104} INFO - [2025-02-05 10:23:50,185] {dagbag.py:496} INFO - Filling up the DagBag from /home/airflow/.local/lib/python3.6/site-packages/airflow/example_dags/example_xcom.py
[2025-02-05 10:23:50,193] {scheduler_job.py:643} INFO - DAG(s) dict_keys(['example_xcom']) retrieved from /home/airflow/.local/lib/python3.6/site-packages/airflow/example_dags/example_xcom.py
[2025-02-05 10:23:50,209] {logging_mixin.py:104} INFO - [2025-02-05 10:23:50,209] {dag.py:1833} INFO - Sync 1 DAGs
[2025-02-05 10:23:50,222] {logging_mixin.py:104} INFO - [2025-02-05 10:23:50,222] {dag.py:2306} INFO - Setting next_dagrun for example_xcom to 2025-02-03 00:00:00+00:00
[2025-02-05 10:23:50,231] {scheduler_job.py:190} INFO - Processing /home/airflow/.local/lib/python3.6/site-packages/airflow/example_dags/example_xcom.py took 0.049 seconds
[2025-02-05 10:24:20,679] {scheduler_job.py:182} INFO - Started process (PID=960) to work on /home/airflow/.local/lib/python3.6/site-packages/airflow/example_dags/example_xcom.py
[2025-02-05 10:24:20,680] {scheduler_job.py:633} INFO - Processing file /home/airflow/.local/lib/python3.6/site-packages/airflow/example_dags/example_xcom.py for tasks to queue
[2025-02-05 10:24:20,681] {logging_mixin.py:104} INFO - [2025-02-05 10:24:20,681] {dagbag.py:496} INFO - Filling up the DagBag from /home/airflow/.local/lib/python3.6/site-packages/airflow/example_dags/example_xcom.py
[2025-02-05 10:24:20,689] {scheduler_job.py:643} INFO - DAG(s) dict_keys(['example_xcom']) retrieved from /home/airflow/.local/lib/python3.6/site-packages/airflow/example_dags/example_xcom.py
[2025-02-05 10:24:20,704] {logging_mixin.py:104} INFO - [2025-02-05 10:24:20,704] {dag.py:1833} INFO - Sync 1 DAGs
[2025-02-05 10:24:20,717] {logging_mixin.py:104} INFO - [2025-02-05 10:24:20,716] {dag.py:2306} INFO - Setting next_dagrun for example_xcom to 2025-02-03 00:00:00+00:00
[2025-02-05 10:24:20,725] {scheduler_job.py:190} INFO - Processing /home/airflow/.local/lib/python3.6/site-packages/airflow/example_dags/example_xcom.py took 0.048 seconds
[2025-02-05 10:24:51,158] {scheduler_job.py:182} INFO - Started process (PID=1021) to work on /home/airflow/.local/lib/python3.6/site-packages/airflow/example_dags/example_xcom.py
[2025-02-05 10:24:51,159] {scheduler_job.py:633} INFO - Processing file /home/airflow/.local/lib/python3.6/site-packages/airflow/example_dags/example_xcom.py for tasks to queue
[2025-02-05 10:24:51,160] {logging_mixin.py:104} INFO - [2025-02-05 10:24:51,159] {dagbag.py:496} INFO - Filling up the DagBag from /home/airflow/.local/lib/python3.6/site-packages/airflow/example_dags/example_xcom.py
[2025-02-05 10:24:51,171] {scheduler_job.py:643} INFO - DAG(s) dict_keys(['example_xcom']) retrieved from /home/airflow/.local/lib/python3.6/site-packages/airflow/example_dags/example_xcom.py
[2025-02-05 10:24:51,190] {logging_mixin.py:104} INFO - [2025-02-05 10:24:51,189] {dag.py:1833} INFO - Sync 1 DAGs
[2025-02-05 10:24:51,202] {logging_mixin.py:104} INFO - [2025-02-05 10:24:51,202] {dag.py:2306} INFO - Setting next_dagrun for example_xcom to 2025-02-03 00:00:00+00:00
[2025-02-05 10:24:51,213] {scheduler_job.py:190} INFO - Processing /home/airflow/.local/lib/python3.6/site-packages/airflow/example_dags/example_xcom.py took 0.058 seconds
[2025-02-05 10:25:21,969] {scheduler_job.py:182} INFO - Started process (PID=1072) to work on /home/airflow/.local/lib/python3.6/site-packages/airflow/example_dags/example_xcom.py
[2025-02-05 10:25:21,969] {scheduler_job.py:633} INFO - Processing file /home/airflow/.local/lib/python3.6/site-packages/airflow/example_dags/example_xcom.py for tasks to queue
[2025-02-05 10:25:21,970] {logging_mixin.py:104} INFO - [2025-02-05 10:25:21,970] {dagbag.py:496} INFO - Filling up the DagBag from /home/airflow/.local/lib/python3.6/site-packages/airflow/example_dags/example_xcom.py
[2025-02-05 10:25:21,980] {scheduler_job.py:643} INFO - DAG(s) dict_keys(['example_xcom']) retrieved from /home/airflow/.local/lib/python3.6/site-packages/airflow/example_dags/example_xcom.py
[2025-02-05 10:25:21,996] {logging_mixin.py:104} INFO - [2025-02-05 10:25:21,996] {dag.py:1833} INFO - Sync 1 DAGs
[2025-02-05 10:25:22,008] {logging_mixin.py:104} INFO - [2025-02-05 10:25:22,008] {dag.py:2306} INFO - Setting next_dagrun for example_xcom to 2025-02-03 00:00:00+00:00
[2025-02-05 10:25:22,016] {scheduler_job.py:190} INFO - Processing /home/airflow/.local/lib/python3.6/site-packages/airflow/example_dags/example_xcom.py took 0.049 seconds
[2025-02-05 10:25:52,608] {scheduler_job.py:182} INFO - Started process (PID=1133) to work on /home/airflow/.local/lib/python3.6/site-packages/airflow/example_dags/example_xcom.py
[2025-02-05 10:25:52,609] {scheduler_job.py:633} INFO - Processing file /home/airflow/.local/lib/python3.6/site-packages/airflow/example_dags/example_xcom.py for tasks to queue
[2025-02-05 10:25:52,609] {logging_mixin.py:104} INFO - [2025-02-05 10:25:52,609] {dagbag.py:496} INFO - Filling up the DagBag from /home/airflow/.local/lib/python3.6/site-packages/airflow/example_dags/example_xcom.py
[2025-02-05 10:25:52,618] {scheduler_job.py:643} INFO - DAG(s) dict_keys(['example_xcom']) retrieved from /home/airflow/.local/lib/python3.6/site-packages/airflow/example_dags/example_xcom.py
[2025-02-05 10:25:52,634] {logging_mixin.py:104} INFO - [2025-02-05 10:25:52,634] {dag.py:1833} INFO - Sync 1 DAGs
[2025-02-05 10:25:52,646] {logging_mixin.py:104} INFO - [2025-02-05 10:25:52,646] {dag.py:2306} INFO - Setting next_dagrun for example_xcom to 2025-02-03 00:00:00+00:00
[2025-02-05 10:25:52,654] {scheduler_job.py:190} INFO - Processing /home/airflow/.local/lib/python3.6/site-packages/airflow/example_dags/example_xcom.py took 0.049 seconds
[2025-02-05 10:26:23,400] {scheduler_job.py:182} INFO - Started process (PID=1193) to work on /home/airflow/.local/lib/python3.6/site-packages/airflow/example_dags/example_xcom.py
[2025-02-05 10:26:23,401] {scheduler_job.py:633} INFO - Processing file /home/airflow/.local/lib/python3.6/site-packages/airflow/example_dags/example_xcom.py for tasks to queue
[2025-02-05 10:26:23,401] {logging_mixin.py:104} INFO - [2025-02-05 10:26:23,401] {dagbag.py:496} INFO - Filling up the DagBag from /home/airflow/.local/lib/python3.6/site-packages/airflow/example_dags/example_xcom.py
[2025-02-05 10:26:23,410] {scheduler_job.py:643} INFO - DAG(s) dict_keys(['example_xcom']) retrieved from /home/airflow/.local/lib/python3.6/site-packages/airflow/example_dags/example_xcom.py
[2025-02-05 10:26:23,428] {logging_mixin.py:104} INFO - [2025-02-05 10:26:23,428] {dag.py:1833} INFO - Sync 1 DAGs
[2025-02-05 10:26:23,441] {logging_mixin.py:104} INFO - [2025-02-05 10:26:23,441] {dag.py:2306} INFO - Setting next_dagrun for example_xcom to 2025-02-03 00:00:00+00:00
[2025-02-05 10:26:23,449] {scheduler_job.py:190} INFO - Processing /home/airflow/.local/lib/python3.6/site-packages/airflow/example_dags/example_xcom.py took 0.052 seconds
[2025-02-05 10:29:58,959] {scheduler_job.py:182} INFO - Started process (PID=1258) to work on /home/airflow/.local/lib/python3.6/site-packages/airflow/example_dags/example_xcom.py
[2025-02-05 10:29:58,960] {scheduler_job.py:633} INFO - Processing file /home/airflow/.local/lib/python3.6/site-packages/airflow/example_dags/example_xcom.py for tasks to queue
[2025-02-05 10:29:58,960] {logging_mixin.py:104} INFO - [2025-02-05 10:29:58,960] {dagbag.py:496} INFO - Filling up the DagBag from /home/airflow/.local/lib/python3.6/site-packages/airflow/example_dags/example_xcom.py
[2025-02-05 10:29:58,969] {scheduler_job.py:643} INFO - DAG(s) dict_keys(['example_xcom']) retrieved from /home/airflow/.local/lib/python3.6/site-packages/airflow/example_dags/example_xcom.py
[2025-02-05 10:29:58,986] {logging_mixin.py:104} INFO - [2025-02-05 10:29:58,986] {dag.py:1833} INFO - Sync 1 DAGs
[2025-02-05 10:29:59,001] {logging_mixin.py:104} INFO - [2025-02-05 10:29:59,001] {dag.py:2306} INFO - Setting next_dagrun for example_xcom to 2025-02-03 00:00:00+00:00
[2025-02-05 10:29:59,018] {scheduler_job.py:190} INFO - Processing /home/airflow/.local/lib/python3.6/site-packages/airflow/example_dags/example_xcom.py took 0.062 seconds
[2025-02-05 10:30:29,697] {scheduler_job.py:182} INFO - Started process (PID=1318) to work on /home/airflow/.local/lib/python3.6/site-packages/airflow/example_dags/example_xcom.py
[2025-02-05 10:30:29,698] {scheduler_job.py:633} INFO - Processing file /home/airflow/.local/lib/python3.6/site-packages/airflow/example_dags/example_xcom.py for tasks to queue
[2025-02-05 10:30:29,699] {logging_mixin.py:104} INFO - [2025-02-05 10:30:29,698] {dagbag.py:496} INFO - Filling up the DagBag from /home/airflow/.local/lib/python3.6/site-packages/airflow/example_dags/example_xcom.py
[2025-02-05 10:30:29,707] {scheduler_job.py:643} INFO - DAG(s) dict_keys(['example_xcom']) retrieved from /home/airflow/.local/lib/python3.6/site-packages/airflow/example_dags/example_xcom.py
[2025-02-05 10:30:29,724] {logging_mixin.py:104} INFO - [2025-02-05 10:30:29,724] {dag.py:1833} INFO - Sync 1 DAGs
[2025-02-05 10:30:29,736] {logging_mixin.py:104} INFO - [2025-02-05 10:30:29,736] {dag.py:2306} INFO - Setting next_dagrun for example_xcom to 2025-02-03 00:00:00+00:00
[2025-02-05 10:30:29,745] {scheduler_job.py:190} INFO - Processing /home/airflow/.local/lib/python3.6/site-packages/airflow/example_dags/example_xcom.py took 0.050 seconds
[2025-02-05 10:31:00,220] {scheduler_job.py:182} INFO - Started process (PID=1378) to work on /home/airflow/.local/lib/python3.6/site-packages/airflow/example_dags/example_xcom.py
[2025-02-05 10:31:00,221] {scheduler_job.py:633} INFO - Processing file /home/airflow/.local/lib/python3.6/site-packages/airflow/example_dags/example_xcom.py for tasks to queue
[2025-02-05 10:31:00,222] {logging_mixin.py:104} INFO - [2025-02-05 10:31:00,222] {dagbag.py:496} INFO - Filling up the DagBag from /home/airflow/.local/lib/python3.6/site-packages/airflow/example_dags/example_xcom.py
[2025-02-05 10:31:00,232] {scheduler_job.py:643} INFO - DAG(s) dict_keys(['example_xcom']) retrieved from /home/airflow/.local/lib/python3.6/site-packages/airflow/example_dags/example_xcom.py
[2025-02-05 10:31:00,252] {logging_mixin.py:104} INFO - [2025-02-05 10:31:00,252] {dag.py:1833} INFO - Sync 1 DAGs
[2025-02-05 10:31:00,264] {logging_mixin.py:104} INFO - [2025-02-05 10:31:00,264] {dag.py:2306} INFO - Setting next_dagrun for example_xcom to 2025-02-03 00:00:00+00:00
[2025-02-05 10:31:00,273] {scheduler_job.py:190} INFO - Processing /home/airflow/.local/lib/python3.6/site-packages/airflow/example_dags/example_xcom.py took 0.055 seconds
[2025-02-05 10:31:30,840] {scheduler_job.py:182} INFO - Started process (PID=1430) to work on /home/airflow/.local/lib/python3.6/site-packages/airflow/example_dags/example_xcom.py
[2025-02-05 10:31:30,841] {scheduler_job.py:633} INFO - Processing file /home/airflow/.local/lib/python3.6/site-packages/airflow/example_dags/example_xcom.py for tasks to queue
[2025-02-05 10:31:30,842] {logging_mixin.py:104} INFO - [2025-02-05 10:31:30,842] {dagbag.py:496} INFO - Filling up the DagBag from /home/airflow/.local/lib/python3.6/site-packages/airflow/example_dags/example_xcom.py
[2025-02-05 10:31:30,852] {scheduler_job.py:643} INFO - DAG(s) dict_keys(['example_xcom']) retrieved from /home/airflow/.local/lib/python3.6/site-packages/airflow/example_dags/example_xcom.py
[2025-02-05 10:31:30,869] {logging_mixin.py:104} INFO - [2025-02-05 10:31:30,869] {dag.py:1833} INFO - Sync 1 DAGs
[2025-02-05 10:31:30,880] {logging_mixin.py:104} INFO - [2025-02-05 10:31:30,880] {dag.py:2306} INFO - Setting next_dagrun for example_xcom to 2025-02-03 00:00:00+00:00
[2025-02-05 10:31:30,887] {scheduler_job.py:190} INFO - Processing /home/airflow/.local/lib/python3.6/site-packages/airflow/example_dags/example_xcom.py took 0.050 seconds
[2025-02-05 10:32:01,315] {scheduler_job.py:182} INFO - Started process (PID=1491) to work on /home/airflow/.local/lib/python3.6/site-packages/airflow/example_dags/example_xcom.py
[2025-02-05 10:32:01,316] {scheduler_job.py:633} INFO - Processing file /home/airflow/.local/lib/python3.6/site-packages/airflow/example_dags/example_xcom.py for tasks to queue
[2025-02-05 10:32:01,316] {logging_mixin.py:104} INFO - [2025-02-05 10:32:01,316] {dagbag.py:496} INFO - Filling up the DagBag from /home/airflow/.local/lib/python3.6/site-packages/airflow/example_dags/example_xcom.py
[2025-02-05 10:32:01,326] {scheduler_job.py:643} INFO - DAG(s) dict_keys(['example_xcom']) retrieved from /home/airflow/.local/lib/python3.6/site-packages/airflow/example_dags/example_xcom.py
[2025-02-05 10:32:01,343] {logging_mixin.py:104} INFO - [2025-02-05 10:32:01,343] {dag.py:1833} INFO - Sync 1 DAGs
[2025-02-05 10:32:01,355] {logging_mixin.py:104} INFO - [2025-02-05 10:32:01,355] {dag.py:2306} INFO - Setting next_dagrun for example_xcom to 2025-02-03 00:00:00+00:00
[2025-02-05 10:32:01,363] {scheduler_job.py:190} INFO - Processing /home/airflow/.local/lib/python3.6/site-packages/airflow/example_dags/example_xcom.py took 0.050 seconds
[2025-02-05 10:32:31,741] {scheduler_job.py:182} INFO - Started process (PID=1542) to work on /home/airflow/.local/lib/python3.6/site-packages/airflow/example_dags/example_xcom.py
[2025-02-05 10:32:31,742] {scheduler_job.py:633} INFO - Processing file /home/airflow/.local/lib/python3.6/site-packages/airflow/example_dags/example_xcom.py for tasks to queue
[2025-02-05 10:32:31,742] {logging_mixin.py:104} INFO - [2025-02-05 10:32:31,742] {dagbag.py:496} INFO - Filling up the DagBag from /home/airflow/.local/lib/python3.6/site-packages/airflow/example_dags/example_xcom.py
[2025-02-05 10:32:31,753] {scheduler_job.py:643} INFO - DAG(s) dict_keys(['example_xcom']) retrieved from /home/airflow/.local/lib/python3.6/site-packages/airflow/example_dags/example_xcom.py
[2025-02-05 10:32:31,770] {logging_mixin.py:104} INFO - [2025-02-05 10:32:31,770] {dag.py:1833} INFO - Sync 1 DAGs
[2025-02-05 10:32:31,782] {logging_mixin.py:104} INFO - [2025-02-05 10:32:31,782] {dag.py:2306} INFO - Setting next_dagrun for example_xcom to 2025-02-03 00:00:00+00:00
[2025-02-05 10:32:31,790] {scheduler_job.py:190} INFO - Processing /home/airflow/.local/lib/python3.6/site-packages/airflow/example_dags/example_xcom.py took 0.051 seconds
[2025-02-05 10:33:02,262] {scheduler_job.py:182} INFO - Started process (PID=1603) to work on /home/airflow/.local/lib/python3.6/site-packages/airflow/example_dags/example_xcom.py
[2025-02-05 10:33:02,263] {scheduler_job.py:633} INFO - Processing file /home/airflow/.local/lib/python3.6/site-packages/airflow/example_dags/example_xcom.py for tasks to queue
[2025-02-05 10:33:02,263] {logging_mixin.py:104} INFO - [2025-02-05 10:33:02,263] {dagbag.py:496} INFO - Filling up the DagBag from /home/airflow/.local/lib/python3.6/site-packages/airflow/example_dags/example_xcom.py
[2025-02-05 10:33:02,273] {scheduler_job.py:643} INFO - DAG(s) dict_keys(['example_xcom']) retrieved from /home/airflow/.local/lib/python3.6/site-packages/airflow/example_dags/example_xcom.py
[2025-02-05 10:33:02,291] {logging_mixin.py:104} INFO - [2025-02-05 10:33:02,290] {dag.py:1833} INFO - Sync 1 DAGs
[2025-02-05 10:33:02,303] {logging_mixin.py:104} INFO - [2025-02-05 10:33:02,303] {dag.py:2306} INFO - Setting next_dagrun for example_xcom to 2025-02-03 00:00:00+00:00
[2025-02-05 10:33:02,310] {scheduler_job.py:190} INFO - Processing /home/airflow/.local/lib/python3.6/site-packages/airflow/example_dags/example_xcom.py took 0.050 seconds
[2025-02-05 10:33:32,784] {scheduler_job.py:182} INFO - Started process (PID=1663) to work on /home/airflow/.local/lib/python3.6/site-packages/airflow/example_dags/example_xcom.py
[2025-02-05 10:33:32,785] {scheduler_job.py:633} INFO - Processing file /home/airflow/.local/lib/python3.6/site-packages/airflow/example_dags/example_xcom.py for tasks to queue
[2025-02-05 10:33:32,786] {logging_mixin.py:104} INFO - [2025-02-05 10:33:32,786] {dagbag.py:496} INFO - Filling up the DagBag from /home/airflow/.local/lib/python3.6/site-packages/airflow/example_dags/example_xcom.py
[2025-02-05 10:33:32,796] {scheduler_job.py:643} INFO - DAG(s) dict_keys(['example_xcom']) retrieved from /home/airflow/.local/lib/python3.6/site-packages/airflow/example_dags/example_xcom.py
[2025-02-05 10:33:32,815] {logging_mixin.py:104} INFO - [2025-02-05 10:33:32,814] {dag.py:1833} INFO - Sync 1 DAGs
[2025-02-05 10:33:32,826] {logging_mixin.py:104} INFO - [2025-02-05 10:33:32,826] {dag.py:2306} INFO - Setting next_dagrun for example_xcom to 2025-02-03 00:00:00+00:00
[2025-02-05 10:33:32,834] {scheduler_job.py:190} INFO - Processing /home/airflow/.local/lib/python3.6/site-packages/airflow/example_dags/example_xcom.py took 0.052 seconds
[2025-02-05 10:34:03,440] {scheduler_job.py:182} INFO - Started process (PID=1715) to work on /home/airflow/.local/lib/python3.6/site-packages/airflow/example_dags/example_xcom.py
[2025-02-05 10:34:03,440] {scheduler_job.py:633} INFO - Processing file /home/airflow/.local/lib/python3.6/site-packages/airflow/example_dags/example_xcom.py for tasks to queue
[2025-02-05 10:34:03,441] {logging_mixin.py:104} INFO - [2025-02-05 10:34:03,441] {dagbag.py:496} INFO - Filling up the DagBag from /home/airflow/.local/lib/python3.6/site-packages/airflow/example_dags/example_xcom.py
[2025-02-05 10:34:03,451] {scheduler_job.py:643} INFO - DAG(s) dict_keys(['example_xcom']) retrieved from /home/airflow/.local/lib/python3.6/site-packages/airflow/example_dags/example_xcom.py
[2025-02-05 10:34:03,468] {logging_mixin.py:104} INFO - [2025-02-05 10:34:03,467] {dag.py:1833} INFO - Sync 1 DAGs
[2025-02-05 10:34:03,481] {logging_mixin.py:104} INFO - [2025-02-05 10:34:03,481] {dag.py:2306} INFO - Setting next_dagrun for example_xcom to 2025-02-03 00:00:00+00:00
[2025-02-05 10:34:03,490] {scheduler_job.py:190} INFO - Processing /home/airflow/.local/lib/python3.6/site-packages/airflow/example_dags/example_xcom.py took 0.052 seconds
[2025-02-05 10:34:34,067] {scheduler_job.py:182} INFO - Started process (PID=1776) to work on /home/airflow/.local/lib/python3.6/site-packages/airflow/example_dags/example_xcom.py
[2025-02-05 10:34:34,067] {scheduler_job.py:633} INFO - Processing file /home/airflow/.local/lib/python3.6/site-packages/airflow/example_dags/example_xcom.py for tasks to queue
[2025-02-05 10:34:34,068] {logging_mixin.py:104} INFO - [2025-02-05 10:34:34,068] {dagbag.py:496} INFO - Filling up the DagBag from /home/airflow/.local/lib/python3.6/site-packages/airflow/example_dags/example_xcom.py
[2025-02-05 10:34:34,078] {scheduler_job.py:643} INFO - DAG(s) dict_keys(['example_xcom']) retrieved from /home/airflow/.local/lib/python3.6/site-packages/airflow/example_dags/example_xcom.py
[2025-02-05 10:34:34,094] {logging_mixin.py:104} INFO - [2025-02-05 10:34:34,094] {dag.py:1833} INFO - Sync 1 DAGs
[2025-02-05 10:34:34,107] {logging_mixin.py:104} INFO - [2025-02-05 10:34:34,107] {dag.py:2306} INFO - Setting next_dagrun for example_xcom to 2025-02-03 00:00:00+00:00
[2025-02-05 10:34:34,115] {scheduler_job.py:190} INFO - Processing /home/airflow/.local/lib/python3.6/site-packages/airflow/example_dags/example_xcom.py took 0.051 seconds
[2025-02-05 10:35:04,861] {scheduler_job.py:182} INFO - Started process (PID=1827) to work on /home/airflow/.local/lib/python3.6/site-packages/airflow/example_dags/example_xcom.py
[2025-02-05 10:35:04,862] {scheduler_job.py:633} INFO - Processing file /home/airflow/.local/lib/python3.6/site-packages/airflow/example_dags/example_xcom.py for tasks to queue
[2025-02-05 10:35:04,863] {logging_mixin.py:104} INFO - [2025-02-05 10:35:04,862] {dagbag.py:496} INFO - Filling up the DagBag from /home/airflow/.local/lib/python3.6/site-packages/airflow/example_dags/example_xcom.py
[2025-02-05 10:35:04,873] {scheduler_job.py:643} INFO - DAG(s) dict_keys(['example_xcom']) retrieved from /home/airflow/.local/lib/python3.6/site-packages/airflow/example_dags/example_xcom.py
[2025-02-05 10:35:04,890] {logging_mixin.py:104} INFO - [2025-02-05 10:35:04,890] {dag.py:1833} INFO - Sync 1 DAGs
[2025-02-05 10:35:04,901] {logging_mixin.py:104} INFO - [2025-02-05 10:35:04,901] {dag.py:2306} INFO - Setting next_dagrun for example_xcom to 2025-02-03 00:00:00+00:00
[2025-02-05 10:35:04,909] {scheduler_job.py:190} INFO - Processing /home/airflow/.local/lib/python3.6/site-packages/airflow/example_dags/example_xcom.py took 0.050 seconds
[2025-02-05 10:35:35,398] {scheduler_job.py:182} INFO - Started process (PID=1888) to work on /home/airflow/.local/lib/python3.6/site-packages/airflow/example_dags/example_xcom.py
[2025-02-05 10:35:35,399] {scheduler_job.py:633} INFO - Processing file /home/airflow/.local/lib/python3.6/site-packages/airflow/example_dags/example_xcom.py for tasks to queue
[2025-02-05 10:35:35,399] {logging_mixin.py:104} INFO - [2025-02-05 10:35:35,399] {dagbag.py:496} INFO - Filling up the DagBag from /home/airflow/.local/lib/python3.6/site-packages/airflow/example_dags/example_xcom.py
[2025-02-05 10:35:35,410] {scheduler_job.py:643} INFO - DAG(s) dict_keys(['example_xcom']) retrieved from /home/airflow/.local/lib/python3.6/site-packages/airflow/example_dags/example_xcom.py
[2025-02-05 10:35:35,427] {logging_mixin.py:104} INFO - [2025-02-05 10:35:35,427] {dag.py:1833} INFO - Sync 1 DAGs
[2025-02-05 10:35:35,439] {logging_mixin.py:104} INFO - [2025-02-05 10:35:35,439] {dag.py:2306} INFO - Setting next_dagrun for example_xcom to 2025-02-03 00:00:00+00:00
[2025-02-05 10:35:35,446] {scheduler_job.py:190} INFO - Processing /home/airflow/.local/lib/python3.6/site-packages/airflow/example_dags/example_xcom.py took 0.051 seconds
[2025-02-05 10:36:05,910] {scheduler_job.py:182} INFO - Started process (PID=1949) to work on /home/airflow/.local/lib/python3.6/site-packages/airflow/example_dags/example_xcom.py
[2025-02-05 10:36:05,910] {scheduler_job.py:633} INFO - Processing file /home/airflow/.local/lib/python3.6/site-packages/airflow/example_dags/example_xcom.py for tasks to queue
[2025-02-05 10:36:05,911] {logging_mixin.py:104} INFO - [2025-02-05 10:36:05,911] {dagbag.py:496} INFO - Filling up the DagBag from /home/airflow/.local/lib/python3.6/site-packages/airflow/example_dags/example_xcom.py
[2025-02-05 10:36:05,922] {scheduler_job.py:643} INFO - DAG(s) dict_keys(['example_xcom']) retrieved from /home/airflow/.local/lib/python3.6/site-packages/airflow/example_dags/example_xcom.py
[2025-02-05 10:36:05,942] {logging_mixin.py:104} INFO - [2025-02-05 10:36:05,942] {dag.py:1833} INFO - Sync 1 DAGs
[2025-02-05 10:36:05,954] {logging_mixin.py:104} INFO - [2025-02-05 10:36:05,954] {dag.py:2306} INFO - Setting next_dagrun for example_xcom to 2025-02-03 00:00:00+00:00
[2025-02-05 10:36:05,961] {scheduler_job.py:190} INFO - Processing /home/airflow/.local/lib/python3.6/site-packages/airflow/example_dags/example_xcom.py took 0.054 seconds
[2025-02-05 10:36:36,597] {scheduler_job.py:182} INFO - Started process (PID=2000) to work on /home/airflow/.local/lib/python3.6/site-packages/airflow/example_dags/example_xcom.py
[2025-02-05 10:36:36,598] {scheduler_job.py:633} INFO - Processing file /home/airflow/.local/lib/python3.6/site-packages/airflow/example_dags/example_xcom.py for tasks to queue
[2025-02-05 10:36:36,598] {logging_mixin.py:104} INFO - [2025-02-05 10:36:36,598] {dagbag.py:496} INFO - Filling up the DagBag from /home/airflow/.local/lib/python3.6/site-packages/airflow/example_dags/example_xcom.py
[2025-02-05 10:36:36,608] {scheduler_job.py:643} INFO - DAG(s) dict_keys(['example_xcom']) retrieved from /home/airflow/.local/lib/python3.6/site-packages/airflow/example_dags/example_xcom.py
[2025-02-05 10:36:36,625] {logging_mixin.py:104} INFO - [2025-02-05 10:36:36,625] {dag.py:1833} INFO - Sync 1 DAGs
[2025-02-05 10:36:36,636] {logging_mixin.py:104} INFO - [2025-02-05 10:36:36,636] {dag.py:2306} INFO - Setting next_dagrun for example_xcom to 2025-02-03 00:00:00+00:00
[2025-02-05 10:36:36,645] {scheduler_job.py:190} INFO - Processing /home/airflow/.local/lib/python3.6/site-packages/airflow/example_dags/example_xcom.py took 0.051 seconds
[2025-02-05 10:37:07,283] {scheduler_job.py:182} INFO - Started process (PID=2061) to work on /home/airflow/.local/lib/python3.6/site-packages/airflow/example_dags/example_xcom.py
[2025-02-05 10:37:07,284] {scheduler_job.py:633} INFO - Processing file /home/airflow/.local/lib/python3.6/site-packages/airflow/example_dags/example_xcom.py for tasks to queue
[2025-02-05 10:37:07,284] {logging_mixin.py:104} INFO - [2025-02-05 10:37:07,284] {dagbag.py:496} INFO - Filling up the DagBag from /home/airflow/.local/lib/python3.6/site-packages/airflow/example_dags/example_xcom.py
[2025-02-05 10:37:07,294] {scheduler_job.py:643} INFO - DAG(s) dict_keys(['example_xcom']) retrieved from /home/airflow/.local/lib/python3.6/site-packages/airflow/example_dags/example_xcom.py
[2025-02-05 10:37:07,311] {logging_mixin.py:104} INFO - [2025-02-05 10:37:07,311] {dag.py:1833} INFO - Sync 1 DAGs
[2025-02-05 10:37:07,324] {logging_mixin.py:104} INFO - [2025-02-05 10:37:07,324] {dag.py:2306} INFO - Setting next_dagrun for example_xcom to 2025-02-03 00:00:00+00:00
[2025-02-05 10:37:07,332] {scheduler_job.py:190} INFO - Processing /home/airflow/.local/lib/python3.6/site-packages/airflow/example_dags/example_xcom.py took 0.052 seconds
[2025-02-05 10:37:38,247] {scheduler_job.py:182} INFO - Started process (PID=2122) to work on /home/airflow/.local/lib/python3.6/site-packages/airflow/example_dags/example_xcom.py
[2025-02-05 10:37:38,248] {scheduler_job.py:633} INFO - Processing file /home/airflow/.local/lib/python3.6/site-packages/airflow/example_dags/example_xcom.py for tasks to queue
[2025-02-05 10:37:38,248] {logging_mixin.py:104} INFO - [2025-02-05 10:37:38,248] {dagbag.py:496} INFO - Filling up the DagBag from /home/airflow/.local/lib/python3.6/site-packages/airflow/example_dags/example_xcom.py
[2025-02-05 10:37:38,259] {scheduler_job.py:643} INFO - DAG(s) dict_keys(['example_xcom']) retrieved from /home/airflow/.local/lib/python3.6/site-packages/airflow/example_dags/example_xcom.py
[2025-02-05 10:37:38,276] {logging_mixin.py:104} INFO - [2025-02-05 10:37:38,276] {dag.py:1833} INFO - Sync 1 DAGs
[2025-02-05 10:37:38,289] {logging_mixin.py:104} INFO - [2025-02-05 10:37:38,289] {dag.py:2306} INFO - Setting next_dagrun for example_xcom to 2025-02-03 00:00:00+00:00
[2025-02-05 10:37:38,298] {scheduler_job.py:190} INFO - Processing /home/airflow/.local/lib/python3.6/site-packages/airflow/example_dags/example_xcom.py took 0.053 seconds
[2025-02-05 10:38:08,900] {scheduler_job.py:182} INFO - Started process (PID=2173) to work on /home/airflow/.local/lib/python3.6/site-packages/airflow/example_dags/example_xcom.py
[2025-02-05 10:38:08,901] {scheduler_job.py:633} INFO - Processing file /home/airflow/.local/lib/python3.6/site-packages/airflow/example_dags/example_xcom.py for tasks to queue
[2025-02-05 10:38:08,902] {logging_mixin.py:104} INFO - [2025-02-05 10:38:08,902] {dagbag.py:496} INFO - Filling up the DagBag from /home/airflow/.local/lib/python3.6/site-packages/airflow/example_dags/example_xcom.py
[2025-02-05 10:38:08,911] {scheduler_job.py:643} INFO - DAG(s) dict_keys(['example_xcom']) retrieved from /home/airflow/.local/lib/python3.6/site-packages/airflow/example_dags/example_xcom.py
[2025-02-05 10:38:08,928] {logging_mixin.py:104} INFO - [2025-02-05 10:38:08,928] {dag.py:1833} INFO - Sync 1 DAGs
[2025-02-05 10:38:08,940] {logging_mixin.py:104} INFO - [2025-02-05 10:38:08,940] {dag.py:2306} INFO - Setting next_dagrun for example_xcom to 2025-02-03 00:00:00+00:00
[2025-02-05 10:38:08,948] {scheduler_job.py:190} INFO - Processing /home/airflow/.local/lib/python3.6/site-packages/airflow/example_dags/example_xcom.py took 0.051 seconds
[2025-02-05 10:38:39,499] {scheduler_job.py:182} INFO - Started process (PID=2234) to work on /home/airflow/.local/lib/python3.6/site-packages/airflow/example_dags/example_xcom.py
[2025-02-05 10:38:39,500] {scheduler_job.py:633} INFO - Processing file /home/airflow/.local/lib/python3.6/site-packages/airflow/example_dags/example_xcom.py for tasks to queue
[2025-02-05 10:38:39,501] {logging_mixin.py:104} INFO - [2025-02-05 10:38:39,501] {dagbag.py:496} INFO - Filling up the DagBag from /home/airflow/.local/lib/python3.6/site-packages/airflow/example_dags/example_xcom.py
[2025-02-05 10:38:39,510] {scheduler_job.py:643} INFO - DAG(s) dict_keys(['example_xcom']) retrieved from /home/airflow/.local/lib/python3.6/site-packages/airflow/example_dags/example_xcom.py
[2025-02-05 10:38:39,527] {logging_mixin.py:104} INFO - [2025-02-05 10:38:39,527] {dag.py:1833} INFO - Sync 1 DAGs
[2025-02-05 10:38:39,539] {logging_mixin.py:104} INFO - [2025-02-05 10:38:39,539] {dag.py:2306} INFO - Setting next_dagrun for example_xcom to 2025-02-03 00:00:00+00:00
[2025-02-05 10:38:39,547] {scheduler_job.py:190} INFO - Processing /home/airflow/.local/lib/python3.6/site-packages/airflow/example_dags/example_xcom.py took 0.050 seconds
[2025-02-05 10:39:10,104] {scheduler_job.py:182} INFO - Started process (PID=2285) to work on /home/airflow/.local/lib/python3.6/site-packages/airflow/example_dags/example_xcom.py
[2025-02-05 10:39:10,105] {scheduler_job.py:633} INFO - Processing file /home/airflow/.local/lib/python3.6/site-packages/airflow/example_dags/example_xcom.py for tasks to queue
[2025-02-05 10:39:10,105] {logging_mixin.py:104} INFO - [2025-02-05 10:39:10,105] {dagbag.py:496} INFO - Filling up the DagBag from /home/airflow/.local/lib/python3.6/site-packages/airflow/example_dags/example_xcom.py
[2025-02-05 10:39:10,117] {scheduler_job.py:643} INFO - DAG(s) dict_keys(['example_xcom']) retrieved from /home/airflow/.local/lib/python3.6/site-packages/airflow/example_dags/example_xcom.py
[2025-02-05 10:39:10,134] {logging_mixin.py:104} INFO - [2025-02-05 10:39:10,134] {dag.py:1833} INFO - Sync 1 DAGs
[2025-02-05 10:39:10,147] {logging_mixin.py:104} INFO - [2025-02-05 10:39:10,147] {dag.py:2306} INFO - Setting next_dagrun for example_xcom to 2025-02-03 00:00:00+00:00
[2025-02-05 10:39:10,155] {scheduler_job.py:190} INFO - Processing /home/airflow/.local/lib/python3.6/site-packages/airflow/example_dags/example_xcom.py took 0.054 seconds
[2025-02-05 10:39:40,675] {scheduler_job.py:182} INFO - Started process (PID=2346) to work on /home/airflow/.local/lib/python3.6/site-packages/airflow/example_dags/example_xcom.py
[2025-02-05 10:39:40,675] {scheduler_job.py:633} INFO - Processing file /home/airflow/.local/lib/python3.6/site-packages/airflow/example_dags/example_xcom.py for tasks to queue
[2025-02-05 10:39:40,676] {logging_mixin.py:104} INFO - [2025-02-05 10:39:40,676] {dagbag.py:496} INFO - Filling up the DagBag from /home/airflow/.local/lib/python3.6/site-packages/airflow/example_dags/example_xcom.py
[2025-02-05 10:39:40,686] {scheduler_job.py:643} INFO - DAG(s) dict_keys(['example_xcom']) retrieved from /home/airflow/.local/lib/python3.6/site-packages/airflow/example_dags/example_xcom.py
[2025-02-05 10:39:40,705] {logging_mixin.py:104} INFO - [2025-02-05 10:39:40,705] {dag.py:1833} INFO - Sync 1 DAGs
[2025-02-05 10:39:40,720] {logging_mixin.py:104} INFO - [2025-02-05 10:39:40,719] {dag.py:2306} INFO - Setting next_dagrun for example_xcom to 2025-02-03 00:00:00+00:00
[2025-02-05 10:39:40,728] {scheduler_job.py:190} INFO - Processing /home/airflow/.local/lib/python3.6/site-packages/airflow/example_dags/example_xcom.py took 0.055 seconds
[2025-02-05 10:40:11,382] {scheduler_job.py:182} INFO - Started process (PID=2407) to work on /home/airflow/.local/lib/python3.6/site-packages/airflow/example_dags/example_xcom.py
[2025-02-05 10:40:11,383] {scheduler_job.py:633} INFO - Processing file /home/airflow/.local/lib/python3.6/site-packages/airflow/example_dags/example_xcom.py for tasks to queue
[2025-02-05 10:40:11,384] {logging_mixin.py:104} INFO - [2025-02-05 10:40:11,384] {dagbag.py:496} INFO - Filling up the DagBag from /home/airflow/.local/lib/python3.6/site-packages/airflow/example_dags/example_xcom.py
[2025-02-05 10:40:11,394] {scheduler_job.py:643} INFO - DAG(s) dict_keys(['example_xcom']) retrieved from /home/airflow/.local/lib/python3.6/site-packages/airflow/example_dags/example_xcom.py
[2025-02-05 10:40:11,412] {logging_mixin.py:104} INFO - [2025-02-05 10:40:11,412] {dag.py:1833} INFO - Sync 1 DAGs
[2025-02-05 10:40:11,426] {logging_mixin.py:104} INFO - [2025-02-05 10:40:11,426] {dag.py:2306} INFO - Setting next_dagrun for example_xcom to 2025-02-03 00:00:00+00:00
[2025-02-05 10:40:11,435] {scheduler_job.py:190} INFO - Processing /home/airflow/.local/lib/python3.6/site-packages/airflow/example_dags/example_xcom.py took 0.055 seconds
[2025-02-05 10:40:42,238] {scheduler_job.py:182} INFO - Started process (PID=2458) to work on /home/airflow/.local/lib/python3.6/site-packages/airflow/example_dags/example_xcom.py
[2025-02-05 10:40:42,239] {scheduler_job.py:633} INFO - Processing file /home/airflow/.local/lib/python3.6/site-packages/airflow/example_dags/example_xcom.py for tasks to queue
[2025-02-05 10:40:42,239] {logging_mixin.py:104} INFO - [2025-02-05 10:40:42,239] {dagbag.py:496} INFO - Filling up the DagBag from /home/airflow/.local/lib/python3.6/site-packages/airflow/example_dags/example_xcom.py
[2025-02-05 10:40:42,249] {scheduler_job.py:643} INFO - DAG(s) dict_keys(['example_xcom']) retrieved from /home/airflow/.local/lib/python3.6/site-packages/airflow/example_dags/example_xcom.py
[2025-02-05 10:40:42,264] {logging_mixin.py:104} INFO - [2025-02-05 10:40:42,264] {dag.py:1833} INFO - Sync 1 DAGs
[2025-02-05 10:40:42,276] {logging_mixin.py:104} INFO - [2025-02-05 10:40:42,276] {dag.py:2306} INFO - Setting next_dagrun for example_xcom to 2025-02-03 00:00:00+00:00
[2025-02-05 10:40:42,284] {scheduler_job.py:190} INFO - Processing /home/airflow/.local/lib/python3.6/site-packages/airflow/example_dags/example_xcom.py took 0.049 seconds
[2025-02-05 10:41:13,110] {scheduler_job.py:182} INFO - Started process (PID=2519) to work on /home/airflow/.local/lib/python3.6/site-packages/airflow/example_dags/example_xcom.py
[2025-02-05 10:41:13,111] {scheduler_job.py:633} INFO - Processing file /home/airflow/.local/lib/python3.6/site-packages/airflow/example_dags/example_xcom.py for tasks to queue
[2025-02-05 10:41:13,112] {logging_mixin.py:104} INFO - [2025-02-05 10:41:13,112] {dagbag.py:496} INFO - Filling up the DagBag from /home/airflow/.local/lib/python3.6/site-packages/airflow/example_dags/example_xcom.py
[2025-02-05 10:41:13,121] {scheduler_job.py:643} INFO - DAG(s) dict_keys(['example_xcom']) retrieved from /home/airflow/.local/lib/python3.6/site-packages/airflow/example_dags/example_xcom.py
[2025-02-05 10:41:13,140] {logging_mixin.py:104} INFO - [2025-02-05 10:41:13,140] {dag.py:1833} INFO - Sync 1 DAGs
[2025-02-05 10:41:13,153] {logging_mixin.py:104} INFO - [2025-02-05 10:41:13,152] {dag.py:2306} INFO - Setting next_dagrun for example_xcom to 2025-02-03 00:00:00+00:00
[2025-02-05 10:41:13,162] {scheduler_job.py:190} INFO - Processing /home/airflow/.local/lib/python3.6/site-packages/airflow/example_dags/example_xcom.py took 0.054 seconds
[2025-02-05 10:41:43,847] {scheduler_job.py:182} INFO - Started process (PID=2580) to work on /home/airflow/.local/lib/python3.6/site-packages/airflow/example_dags/example_xcom.py
[2025-02-05 10:41:43,848] {scheduler_job.py:633} INFO - Processing file /home/airflow/.local/lib/python3.6/site-packages/airflow/example_dags/example_xcom.py for tasks to queue
[2025-02-05 10:41:43,848] {logging_mixin.py:104} INFO - [2025-02-05 10:41:43,848] {dagbag.py:496} INFO - Filling up the DagBag from /home/airflow/.local/lib/python3.6/site-packages/airflow/example_dags/example_xcom.py
[2025-02-05 10:41:43,857] {scheduler_job.py:643} INFO - DAG(s) dict_keys(['example_xcom']) retrieved from /home/airflow/.local/lib/python3.6/site-packages/airflow/example_dags/example_xcom.py
[2025-02-05 10:41:43,874] {logging_mixin.py:104} INFO - [2025-02-05 10:41:43,874] {dag.py:1833} INFO - Sync 1 DAGs
[2025-02-05 10:41:43,885] {logging_mixin.py:104} INFO - [2025-02-05 10:41:43,885] {dag.py:2306} INFO - Setting next_dagrun for example_xcom to 2025-02-03 00:00:00+00:00
[2025-02-05 10:41:43,894] {scheduler_job.py:190} INFO - Processing /home/airflow/.local/lib/python3.6/site-packages/airflow/example_dags/example_xcom.py took 0.049 seconds
[2025-02-05 10:42:14,758] {scheduler_job.py:182} INFO - Started process (PID=2630) to work on /home/airflow/.local/lib/python3.6/site-packages/airflow/example_dags/example_xcom.py
[2025-02-05 10:42:14,759] {scheduler_job.py:633} INFO - Processing file /home/airflow/.local/lib/python3.6/site-packages/airflow/example_dags/example_xcom.py for tasks to queue
[2025-02-05 10:42:14,759] {logging_mixin.py:104} INFO - [2025-02-05 10:42:14,759] {dagbag.py:496} INFO - Filling up the DagBag from /home/airflow/.local/lib/python3.6/site-packages/airflow/example_dags/example_xcom.py
[2025-02-05 10:42:14,768] {scheduler_job.py:643} INFO - DAG(s) dict_keys(['example_xcom']) retrieved from /home/airflow/.local/lib/python3.6/site-packages/airflow/example_dags/example_xcom.py
[2025-02-05 10:42:14,785] {logging_mixin.py:104} INFO - [2025-02-05 10:42:14,785] {dag.py:1833} INFO - Sync 1 DAGs
[2025-02-05 10:42:14,797] {logging_mixin.py:104} INFO - [2025-02-05 10:42:14,797] {dag.py:2306} INFO - Setting next_dagrun for example_xcom to 2025-02-03 00:00:00+00:00
[2025-02-05 10:42:14,806] {scheduler_job.py:190} INFO - Processing /home/airflow/.local/lib/python3.6/site-packages/airflow/example_dags/example_xcom.py took 0.050 seconds
[2025-02-05 10:42:45,512] {scheduler_job.py:182} INFO - Started process (PID=2691) to work on /home/airflow/.local/lib/python3.6/site-packages/airflow/example_dags/example_xcom.py
[2025-02-05 10:42:45,512] {scheduler_job.py:633} INFO - Processing file /home/airflow/.local/lib/python3.6/site-packages/airflow/example_dags/example_xcom.py for tasks to queue
[2025-02-05 10:42:45,513] {logging_mixin.py:104} INFO - [2025-02-05 10:42:45,513] {dagbag.py:496} INFO - Filling up the DagBag from /home/airflow/.local/lib/python3.6/site-packages/airflow/example_dags/example_xcom.py
[2025-02-05 10:42:45,523] {scheduler_job.py:643} INFO - DAG(s) dict_keys(['example_xcom']) retrieved from /home/airflow/.local/lib/python3.6/site-packages/airflow/example_dags/example_xcom.py
[2025-02-05 10:42:45,540] {logging_mixin.py:104} INFO - [2025-02-05 10:42:45,540] {dag.py:1833} INFO - Sync 1 DAGs
[2025-02-05 10:42:45,552] {logging_mixin.py:104} INFO - [2025-02-05 10:42:45,552] {dag.py:2306} INFO - Setting next_dagrun for example_xcom to 2025-02-03 00:00:00+00:00
[2025-02-05 10:42:45,560] {scheduler_job.py:190} INFO - Processing /home/airflow/.local/lib/python3.6/site-packages/airflow/example_dags/example_xcom.py took 0.051 seconds
[2025-02-05 10:43:16,037] {scheduler_job.py:182} INFO - Started process (PID=2753) to work on /home/airflow/.local/lib/python3.6/site-packages/airflow/example_dags/example_xcom.py
[2025-02-05 10:43:16,038] {scheduler_job.py:633} INFO - Processing file /home/airflow/.local/lib/python3.6/site-packages/airflow/example_dags/example_xcom.py for tasks to queue
[2025-02-05 10:43:16,038] {logging_mixin.py:104} INFO - [2025-02-05 10:43:16,038] {dagbag.py:496} INFO - Filling up the DagBag from /home/airflow/.local/lib/python3.6/site-packages/airflow/example_dags/example_xcom.py
[2025-02-05 10:43:16,047] {scheduler_job.py:643} INFO - DAG(s) dict_keys(['example_xcom']) retrieved from /home/airflow/.local/lib/python3.6/site-packages/airflow/example_dags/example_xcom.py
[2025-02-05 10:43:16,066] {logging_mixin.py:104} INFO - [2025-02-05 10:43:16,066] {dag.py:1833} INFO - Sync 1 DAGs
[2025-02-05 10:43:16,080] {logging_mixin.py:104} INFO - [2025-02-05 10:43:16,080] {dag.py:2306} INFO - Setting next_dagrun for example_xcom to 2025-02-03 00:00:00+00:00
[2025-02-05 10:43:16,090] {scheduler_job.py:190} INFO - Processing /home/airflow/.local/lib/python3.6/site-packages/airflow/example_dags/example_xcom.py took 0.056 seconds
[2025-02-05 10:43:46,591] {scheduler_job.py:182} INFO - Started process (PID=2804) to work on /home/airflow/.local/lib/python3.6/site-packages/airflow/example_dags/example_xcom.py
[2025-02-05 10:43:46,592] {scheduler_job.py:633} INFO - Processing file /home/airflow/.local/lib/python3.6/site-packages/airflow/example_dags/example_xcom.py for tasks to queue
[2025-02-05 10:43:46,592] {logging_mixin.py:104} INFO - [2025-02-05 10:43:46,592] {dagbag.py:496} INFO - Filling up the DagBag from /home/airflow/.local/lib/python3.6/site-packages/airflow/example_dags/example_xcom.py
[2025-02-05 10:43:46,601] {scheduler_job.py:643} INFO - DAG(s) dict_keys(['example_xcom']) retrieved from /home/airflow/.local/lib/python3.6/site-packages/airflow/example_dags/example_xcom.py
[2025-02-05 10:43:46,618] {logging_mixin.py:104} INFO - [2025-02-05 10:43:46,618] {dag.py:1833} INFO - Sync 1 DAGs
[2025-02-05 10:43:46,630] {logging_mixin.py:104} INFO - [2025-02-05 10:43:46,630] {dag.py:2306} INFO - Setting next_dagrun for example_xcom to 2025-02-03 00:00:00+00:00
[2025-02-05 10:43:46,638] {scheduler_job.py:190} INFO - Processing /home/airflow/.local/lib/python3.6/site-packages/airflow/example_dags/example_xcom.py took 0.049 seconds
[2025-02-05 10:44:17,139] {scheduler_job.py:182} INFO - Started process (PID=2865) to work on /home/airflow/.local/lib/python3.6/site-packages/airflow/example_dags/example_xcom.py
[2025-02-05 10:44:17,140] {scheduler_job.py:633} INFO - Processing file /home/airflow/.local/lib/python3.6/site-packages/airflow/example_dags/example_xcom.py for tasks to queue
[2025-02-05 10:44:17,141] {logging_mixin.py:104} INFO - [2025-02-05 10:44:17,141] {dagbag.py:496} INFO - Filling up the DagBag from /home/airflow/.local/lib/python3.6/site-packages/airflow/example_dags/example_xcom.py
[2025-02-05 10:44:17,150] {scheduler_job.py:643} INFO - DAG(s) dict_keys(['example_xcom']) retrieved from /home/airflow/.local/lib/python3.6/site-packages/airflow/example_dags/example_xcom.py
[2025-02-05 10:44:17,166] {logging_mixin.py:104} INFO - [2025-02-05 10:44:17,166] {dag.py:1833} INFO - Sync 1 DAGs
[2025-02-05 10:44:17,179] {logging_mixin.py:104} INFO - [2025-02-05 10:44:17,179] {dag.py:2306} INFO - Setting next_dagrun for example_xcom to 2025-02-03 00:00:00+00:00
[2025-02-05 10:44:17,187] {scheduler_job.py:190} INFO - Processing /home/airflow/.local/lib/python3.6/site-packages/airflow/example_dags/example_xcom.py took 0.050 seconds
[2025-02-05 10:44:47,502] {scheduler_job.py:182} INFO - Started process (PID=2916) to work on /home/airflow/.local/lib/python3.6/site-packages/airflow/example_dags/example_xcom.py
[2025-02-05 10:44:47,503] {scheduler_job.py:633} INFO - Processing file /home/airflow/.local/lib/python3.6/site-packages/airflow/example_dags/example_xcom.py for tasks to queue
[2025-02-05 10:44:47,503] {logging_mixin.py:104} INFO - [2025-02-05 10:44:47,503] {dagbag.py:496} INFO - Filling up the DagBag from /home/airflow/.local/lib/python3.6/site-packages/airflow/example_dags/example_xcom.py
[2025-02-05 10:44:47,513] {scheduler_job.py:643} INFO - DAG(s) dict_keys(['example_xcom']) retrieved from /home/airflow/.local/lib/python3.6/site-packages/airflow/example_dags/example_xcom.py
[2025-02-05 10:44:47,531] {logging_mixin.py:104} INFO - [2025-02-05 10:44:47,530] {dag.py:1833} INFO - Sync 1 DAGs
[2025-02-05 10:44:47,543] {logging_mixin.py:104} INFO - [2025-02-05 10:44:47,542] {dag.py:2306} INFO - Setting next_dagrun for example_xcom to 2025-02-03 00:00:00+00:00
[2025-02-05 10:44:47,549] {scheduler_job.py:190} INFO - Processing /home/airflow/.local/lib/python3.6/site-packages/airflow/example_dags/example_xcom.py took 0.050 seconds
[2025-02-05 10:45:18,055] {scheduler_job.py:182} INFO - Started process (PID=2977) to work on /home/airflow/.local/lib/python3.6/site-packages/airflow/example_dags/example_xcom.py
[2025-02-05 10:45:18,055] {scheduler_job.py:633} INFO - Processing file /home/airflow/.local/lib/python3.6/site-packages/airflow/example_dags/example_xcom.py for tasks to queue
[2025-02-05 10:45:18,056] {logging_mixin.py:104} INFO - [2025-02-05 10:45:18,056] {dagbag.py:496} INFO - Filling up the DagBag from /home/airflow/.local/lib/python3.6/site-packages/airflow/example_dags/example_xcom.py
[2025-02-05 10:45:18,066] {scheduler_job.py:643} INFO - DAG(s) dict_keys(['example_xcom']) retrieved from /home/airflow/.local/lib/python3.6/site-packages/airflow/example_dags/example_xcom.py
[2025-02-05 10:45:18,083] {logging_mixin.py:104} INFO - [2025-02-05 10:45:18,083] {dag.py:1833} INFO - Sync 1 DAGs
[2025-02-05 10:45:18,096] {logging_mixin.py:104} INFO - [2025-02-05 10:45:18,096] {dag.py:2306} INFO - Setting next_dagrun for example_xcom to 2025-02-03 00:00:00+00:00
[2025-02-05 10:45:18,105] {scheduler_job.py:190} INFO - Processing /home/airflow/.local/lib/python3.6/site-packages/airflow/example_dags/example_xcom.py took 0.053 seconds
[2025-02-05 10:45:48,751] {scheduler_job.py:182} INFO - Started process (PID=3038) to work on /home/airflow/.local/lib/python3.6/site-packages/airflow/example_dags/example_xcom.py
[2025-02-05 10:45:48,751] {scheduler_job.py:633} INFO - Processing file /home/airflow/.local/lib/python3.6/site-packages/airflow/example_dags/example_xcom.py for tasks to queue
[2025-02-05 10:45:48,752] {logging_mixin.py:104} INFO - [2025-02-05 10:45:48,752] {dagbag.py:496} INFO - Filling up the DagBag from /home/airflow/.local/lib/python3.6/site-packages/airflow/example_dags/example_xcom.py
[2025-02-05 10:45:48,761] {scheduler_job.py:643} INFO - DAG(s) dict_keys(['example_xcom']) retrieved from /home/airflow/.local/lib/python3.6/site-packages/airflow/example_dags/example_xcom.py
[2025-02-05 10:45:48,778] {logging_mixin.py:104} INFO - [2025-02-05 10:45:48,778] {dag.py:1833} INFO - Sync 1 DAGs
[2025-02-05 10:45:48,791] {logging_mixin.py:104} INFO - [2025-02-05 10:45:48,791] {dag.py:2306} INFO - Setting next_dagrun for example_xcom to 2025-02-03 00:00:00+00:00
[2025-02-05 10:45:48,798] {scheduler_job.py:190} INFO - Processing /home/airflow/.local/lib/python3.6/site-packages/airflow/example_dags/example_xcom.py took 0.051 seconds
[2025-02-05 10:46:19,474] {scheduler_job.py:182} INFO - Started process (PID=3089) to work on /home/airflow/.local/lib/python3.6/site-packages/airflow/example_dags/example_xcom.py
[2025-02-05 10:46:19,475] {scheduler_job.py:633} INFO - Processing file /home/airflow/.local/lib/python3.6/site-packages/airflow/example_dags/example_xcom.py for tasks to queue
[2025-02-05 10:46:19,475] {logging_mixin.py:104} INFO - [2025-02-05 10:46:19,475] {dagbag.py:496} INFO - Filling up the DagBag from /home/airflow/.local/lib/python3.6/site-packages/airflow/example_dags/example_xcom.py
[2025-02-05 10:46:19,486] {scheduler_job.py:643} INFO - DAG(s) dict_keys(['example_xcom']) retrieved from /home/airflow/.local/lib/python3.6/site-packages/airflow/example_dags/example_xcom.py
[2025-02-05 10:46:19,507] {logging_mixin.py:104} INFO - [2025-02-05 10:46:19,506] {dag.py:1833} INFO - Sync 1 DAGs
[2025-02-05 10:46:19,519] {logging_mixin.py:104} INFO - [2025-02-05 10:46:19,519] {dag.py:2306} INFO - Setting next_dagrun for example_xcom to 2025-02-03 00:00:00+00:00
[2025-02-05 10:46:19,531] {scheduler_job.py:190} INFO - Processing /home/airflow/.local/lib/python3.6/site-packages/airflow/example_dags/example_xcom.py took 0.059 seconds
[2025-02-05 10:46:50,193] {scheduler_job.py:182} INFO - Started process (PID=3150) to work on /home/airflow/.local/lib/python3.6/site-packages/airflow/example_dags/example_xcom.py
[2025-02-05 10:46:50,194] {scheduler_job.py:633} INFO - Processing file /home/airflow/.local/lib/python3.6/site-packages/airflow/example_dags/example_xcom.py for tasks to queue
[2025-02-05 10:46:50,194] {logging_mixin.py:104} INFO - [2025-02-05 10:46:50,194] {dagbag.py:496} INFO - Filling up the DagBag from /home/airflow/.local/lib/python3.6/site-packages/airflow/example_dags/example_xcom.py
[2025-02-05 10:46:50,207] {scheduler_job.py:643} INFO - DAG(s) dict_keys(['example_xcom']) retrieved from /home/airflow/.local/lib/python3.6/site-packages/airflow/example_dags/example_xcom.py
[2025-02-05 10:46:50,229] {logging_mixin.py:104} INFO - [2025-02-05 10:46:50,229] {dag.py:1833} INFO - Sync 1 DAGs
[2025-02-05 10:46:50,243] {logging_mixin.py:104} INFO - [2025-02-05 10:46:50,243] {dag.py:2306} INFO - Setting next_dagrun for example_xcom to 2025-02-03 00:00:00+00:00
[2025-02-05 10:46:50,252] {scheduler_job.py:190} INFO - Processing /home/airflow/.local/lib/python3.6/site-packages/airflow/example_dags/example_xcom.py took 0.062 seconds
[2025-02-05 10:47:20,970] {scheduler_job.py:182} INFO - Started process (PID=3201) to work on /home/airflow/.local/lib/python3.6/site-packages/airflow/example_dags/example_xcom.py
[2025-02-05 10:47:20,971] {scheduler_job.py:633} INFO - Processing file /home/airflow/.local/lib/python3.6/site-packages/airflow/example_dags/example_xcom.py for tasks to queue
[2025-02-05 10:47:20,971] {logging_mixin.py:104} INFO - [2025-02-05 10:47:20,971] {dagbag.py:496} INFO - Filling up the DagBag from /home/airflow/.local/lib/python3.6/site-packages/airflow/example_dags/example_xcom.py
[2025-02-05 10:47:20,981] {scheduler_job.py:643} INFO - DAG(s) dict_keys(['example_xcom']) retrieved from /home/airflow/.local/lib/python3.6/site-packages/airflow/example_dags/example_xcom.py
[2025-02-05 10:47:21,001] {logging_mixin.py:104} INFO - [2025-02-05 10:47:21,000] {dag.py:1833} INFO - Sync 1 DAGs
[2025-02-05 10:47:21,017] {logging_mixin.py:104} INFO - [2025-02-05 10:47:21,017] {dag.py:2306} INFO - Setting next_dagrun for example_xcom to 2025-02-03 00:00:00+00:00
[2025-02-05 10:47:21,030] {scheduler_job.py:190} INFO - Processing /home/airflow/.local/lib/python3.6/site-packages/airflow/example_dags/example_xcom.py took 0.063 seconds
[2025-02-05 10:47:51,692] {scheduler_job.py:182} INFO - Started process (PID=3261) to work on /home/airflow/.local/lib/python3.6/site-packages/airflow/example_dags/example_xcom.py
[2025-02-05 10:47:51,692] {scheduler_job.py:633} INFO - Processing file /home/airflow/.local/lib/python3.6/site-packages/airflow/example_dags/example_xcom.py for tasks to queue
[2025-02-05 10:47:51,693] {logging_mixin.py:104} INFO - [2025-02-05 10:47:51,693] {dagbag.py:496} INFO - Filling up the DagBag from /home/airflow/.local/lib/python3.6/site-packages/airflow/example_dags/example_xcom.py
[2025-02-05 10:47:51,703] {scheduler_job.py:643} INFO - DAG(s) dict_keys(['example_xcom']) retrieved from /home/airflow/.local/lib/python3.6/site-packages/airflow/example_dags/example_xcom.py
[2025-02-05 10:47:51,719] {logging_mixin.py:104} INFO - [2025-02-05 10:47:51,719] {dag.py:1833} INFO - Sync 1 DAGs
[2025-02-05 10:47:51,732] {logging_mixin.py:104} INFO - [2025-02-05 10:47:51,732] {dag.py:2306} INFO - Setting next_dagrun for example_xcom to 2025-02-03 00:00:00+00:00
[2025-02-05 10:47:51,742] {scheduler_job.py:190} INFO - Processing /home/airflow/.local/lib/python3.6/site-packages/airflow/example_dags/example_xcom.py took 0.054 seconds
[2025-02-05 10:48:22,618] {scheduler_job.py:182} INFO - Started process (PID=3322) to work on /home/airflow/.local/lib/python3.6/site-packages/airflow/example_dags/example_xcom.py
[2025-02-05 10:48:22,620] {scheduler_job.py:633} INFO - Processing file /home/airflow/.local/lib/python3.6/site-packages/airflow/example_dags/example_xcom.py for tasks to queue
[2025-02-05 10:48:22,620] {logging_mixin.py:104} INFO - [2025-02-05 10:48:22,620] {dagbag.py:496} INFO - Filling up the DagBag from /home/airflow/.local/lib/python3.6/site-packages/airflow/example_dags/example_xcom.py
[2025-02-05 10:48:22,631] {scheduler_job.py:643} INFO - DAG(s) dict_keys(['example_xcom']) retrieved from /home/airflow/.local/lib/python3.6/site-packages/airflow/example_dags/example_xcom.py
[2025-02-05 10:48:22,652] {logging_mixin.py:104} INFO - [2025-02-05 10:48:22,652] {dag.py:1833} INFO - Sync 1 DAGs
[2025-02-05 10:48:22,667] {logging_mixin.py:104} INFO - [2025-02-05 10:48:22,666] {dag.py:2306} INFO - Setting next_dagrun for example_xcom to 2025-02-03 00:00:00+00:00
[2025-02-05 10:48:22,677] {scheduler_job.py:190} INFO - Processing /home/airflow/.local/lib/python3.6/site-packages/airflow/example_dags/example_xcom.py took 0.062 seconds
[2025-02-05 10:48:53,498] {scheduler_job.py:182} INFO - Started process (PID=3373) to work on /home/airflow/.local/lib/python3.6/site-packages/airflow/example_dags/example_xcom.py
[2025-02-05 10:48:53,499] {scheduler_job.py:633} INFO - Processing file /home/airflow/.local/lib/python3.6/site-packages/airflow/example_dags/example_xcom.py for tasks to queue
[2025-02-05 10:48:53,499] {logging_mixin.py:104} INFO - [2025-02-05 10:48:53,499] {dagbag.py:496} INFO - Filling up the DagBag from /home/airflow/.local/lib/python3.6/site-packages/airflow/example_dags/example_xcom.py
[2025-02-05 10:48:53,511] {scheduler_job.py:643} INFO - DAG(s) dict_keys(['example_xcom']) retrieved from /home/airflow/.local/lib/python3.6/site-packages/airflow/example_dags/example_xcom.py
[2025-02-05 10:48:53,531] {logging_mixin.py:104} INFO - [2025-02-05 10:48:53,531] {dag.py:1833} INFO - Sync 1 DAGs
[2025-02-05 10:48:53,545] {logging_mixin.py:104} INFO - [2025-02-05 10:48:53,545] {dag.py:2306} INFO - Setting next_dagrun for example_xcom to 2025-02-03 00:00:00+00:00
[2025-02-05 10:48:53,556] {scheduler_job.py:190} INFO - Processing /home/airflow/.local/lib/python3.6/site-packages/airflow/example_dags/example_xcom.py took 0.061 seconds
[2025-02-05 10:49:24,233] {scheduler_job.py:182} INFO - Started process (PID=3433) to work on /home/airflow/.local/lib/python3.6/site-packages/airflow/example_dags/example_xcom.py
[2025-02-05 10:49:24,233] {scheduler_job.py:633} INFO - Processing file /home/airflow/.local/lib/python3.6/site-packages/airflow/example_dags/example_xcom.py for tasks to queue
[2025-02-05 10:49:24,234] {logging_mixin.py:104} INFO - [2025-02-05 10:49:24,234] {dagbag.py:496} INFO - Filling up the DagBag from /home/airflow/.local/lib/python3.6/site-packages/airflow/example_dags/example_xcom.py
[2025-02-05 10:49:24,247] {scheduler_job.py:643} INFO - DAG(s) dict_keys(['example_xcom']) retrieved from /home/airflow/.local/lib/python3.6/site-packages/airflow/example_dags/example_xcom.py
[2025-02-05 10:49:24,265] {logging_mixin.py:104} INFO - [2025-02-05 10:49:24,265] {dag.py:1833} INFO - Sync 1 DAGs
[2025-02-05 10:49:24,278] {logging_mixin.py:104} INFO - [2025-02-05 10:49:24,278] {dag.py:2306} INFO - Setting next_dagrun for example_xcom to 2025-02-03 00:00:00+00:00
[2025-02-05 10:49:24,286] {scheduler_job.py:190} INFO - Processing /home/airflow/.local/lib/python3.6/site-packages/airflow/example_dags/example_xcom.py took 0.056 seconds
[2025-02-05 10:49:55,142] {scheduler_job.py:182} INFO - Started process (PID=3485) to work on /home/airflow/.local/lib/python3.6/site-packages/airflow/example_dags/example_xcom.py
[2025-02-05 10:49:55,143] {scheduler_job.py:633} INFO - Processing file /home/airflow/.local/lib/python3.6/site-packages/airflow/example_dags/example_xcom.py for tasks to queue
[2025-02-05 10:49:55,143] {logging_mixin.py:104} INFO - [2025-02-05 10:49:55,143] {dagbag.py:496} INFO - Filling up the DagBag from /home/airflow/.local/lib/python3.6/site-packages/airflow/example_dags/example_xcom.py
[2025-02-05 10:49:55,155] {scheduler_job.py:643} INFO - DAG(s) dict_keys(['example_xcom']) retrieved from /home/airflow/.local/lib/python3.6/site-packages/airflow/example_dags/example_xcom.py
[2025-02-05 10:49:55,173] {logging_mixin.py:104} INFO - [2025-02-05 10:49:55,173] {dag.py:1833} INFO - Sync 1 DAGs
[2025-02-05 10:49:55,186] {logging_mixin.py:104} INFO - [2025-02-05 10:49:55,186] {dag.py:2306} INFO - Setting next_dagrun for example_xcom to 2025-02-03 00:00:00+00:00
[2025-02-05 10:49:55,195] {scheduler_job.py:190} INFO - Processing /home/airflow/.local/lib/python3.6/site-packages/airflow/example_dags/example_xcom.py took 0.057 seconds
[2025-02-05 10:50:25,844] {scheduler_job.py:182} INFO - Started process (PID=3545) to work on /home/airflow/.local/lib/python3.6/site-packages/airflow/example_dags/example_xcom.py
[2025-02-05 10:50:25,845] {scheduler_job.py:633} INFO - Processing file /home/airflow/.local/lib/python3.6/site-packages/airflow/example_dags/example_xcom.py for tasks to queue
[2025-02-05 10:50:25,846] {logging_mixin.py:104} INFO - [2025-02-05 10:50:25,846] {dagbag.py:496} INFO - Filling up the DagBag from /home/airflow/.local/lib/python3.6/site-packages/airflow/example_dags/example_xcom.py
[2025-02-05 10:50:25,861] {scheduler_job.py:643} INFO - DAG(s) dict_keys(['example_xcom']) retrieved from /home/airflow/.local/lib/python3.6/site-packages/airflow/example_dags/example_xcom.py
[2025-02-05 10:50:25,883] {logging_mixin.py:104} INFO - [2025-02-05 10:50:25,883] {dag.py:1833} INFO - Sync 1 DAGs
[2025-02-05 10:50:25,897] {logging_mixin.py:104} INFO - [2025-02-05 10:50:25,897] {dag.py:2306} INFO - Setting next_dagrun for example_xcom to 2025-02-03 00:00:00+00:00
[2025-02-05 10:50:25,906] {scheduler_job.py:190} INFO - Processing /home/airflow/.local/lib/python3.6/site-packages/airflow/example_dags/example_xcom.py took 0.066 seconds
[2025-02-05 10:50:56,697] {scheduler_job.py:182} INFO - Started process (PID=3606) to work on /home/airflow/.local/lib/python3.6/site-packages/airflow/example_dags/example_xcom.py
[2025-02-05 10:50:56,698] {scheduler_job.py:633} INFO - Processing file /home/airflow/.local/lib/python3.6/site-packages/airflow/example_dags/example_xcom.py for tasks to queue
[2025-02-05 10:50:56,698] {logging_mixin.py:104} INFO - [2025-02-05 10:50:56,698] {dagbag.py:496} INFO - Filling up the DagBag from /home/airflow/.local/lib/python3.6/site-packages/airflow/example_dags/example_xcom.py
[2025-02-05 10:50:56,709] {scheduler_job.py:643} INFO - DAG(s) dict_keys(['example_xcom']) retrieved from /home/airflow/.local/lib/python3.6/site-packages/airflow/example_dags/example_xcom.py
[2025-02-05 10:50:56,726] {logging_mixin.py:104} INFO - [2025-02-05 10:50:56,726] {dag.py:1833} INFO - Sync 1 DAGs
[2025-02-05 10:50:56,740] {logging_mixin.py:104} INFO - [2025-02-05 10:50:56,740] {dag.py:2306} INFO - Setting next_dagrun for example_xcom to 2025-02-03 00:00:00+00:00
[2025-02-05 10:50:56,749] {scheduler_job.py:190} INFO - Processing /home/airflow/.local/lib/python3.6/site-packages/airflow/example_dags/example_xcom.py took 0.055 seconds
[2025-02-05 10:51:27,497] {scheduler_job.py:182} INFO - Started process (PID=3657) to work on /home/airflow/.local/lib/python3.6/site-packages/airflow/example_dags/example_xcom.py
[2025-02-05 10:51:27,497] {scheduler_job.py:633} INFO - Processing file /home/airflow/.local/lib/python3.6/site-packages/airflow/example_dags/example_xcom.py for tasks to queue
[2025-02-05 10:51:27,498] {logging_mixin.py:104} INFO - [2025-02-05 10:51:27,498] {dagbag.py:496} INFO - Filling up the DagBag from /home/airflow/.local/lib/python3.6/site-packages/airflow/example_dags/example_xcom.py
[2025-02-05 10:51:27,507] {scheduler_job.py:643} INFO - DAG(s) dict_keys(['example_xcom']) retrieved from /home/airflow/.local/lib/python3.6/site-packages/airflow/example_dags/example_xcom.py
[2025-02-05 10:51:27,529] {logging_mixin.py:104} INFO - [2025-02-05 10:51:27,528] {dag.py:1833} INFO - Sync 1 DAGs
[2025-02-05 10:51:27,543] {logging_mixin.py:104} INFO - [2025-02-05 10:51:27,542] {dag.py:2306} INFO - Setting next_dagrun for example_xcom to 2025-02-03 00:00:00+00:00
[2025-02-05 10:51:27,552] {scheduler_job.py:190} INFO - Processing /home/airflow/.local/lib/python3.6/site-packages/airflow/example_dags/example_xcom.py took 0.059 seconds
[2025-02-05 10:51:58,413] {scheduler_job.py:182} INFO - Started process (PID=3718) to work on /home/airflow/.local/lib/python3.6/site-packages/airflow/example_dags/example_xcom.py
[2025-02-05 10:51:58,414] {scheduler_job.py:633} INFO - Processing file /home/airflow/.local/lib/python3.6/site-packages/airflow/example_dags/example_xcom.py for tasks to queue
[2025-02-05 10:51:58,415] {logging_mixin.py:104} INFO - [2025-02-05 10:51:58,414] {dagbag.py:496} INFO - Filling up the DagBag from /home/airflow/.local/lib/python3.6/site-packages/airflow/example_dags/example_xcom.py
[2025-02-05 10:51:58,427] {scheduler_job.py:643} INFO - DAG(s) dict_keys(['example_xcom']) retrieved from /home/airflow/.local/lib/python3.6/site-packages/airflow/example_dags/example_xcom.py
[2025-02-05 10:51:58,447] {logging_mixin.py:104} INFO - [2025-02-05 10:51:58,446] {dag.py:1833} INFO - Sync 1 DAGs
[2025-02-05 10:51:58,459] {logging_mixin.py:104} INFO - [2025-02-05 10:51:58,459] {dag.py:2306} INFO - Setting next_dagrun for example_xcom to 2025-02-03 00:00:00+00:00
[2025-02-05 10:51:58,468] {scheduler_job.py:190} INFO - Processing /home/airflow/.local/lib/python3.6/site-packages/airflow/example_dags/example_xcom.py took 0.058 seconds
[2025-02-05 10:52:28,933] {scheduler_job.py:182} INFO - Started process (PID=3770) to work on /home/airflow/.local/lib/python3.6/site-packages/airflow/example_dags/example_xcom.py
[2025-02-05 10:52:28,934] {scheduler_job.py:633} INFO - Processing file /home/airflow/.local/lib/python3.6/site-packages/airflow/example_dags/example_xcom.py for tasks to queue
[2025-02-05 10:52:28,934] {logging_mixin.py:104} INFO - [2025-02-05 10:52:28,934] {dagbag.py:496} INFO - Filling up the DagBag from /home/airflow/.local/lib/python3.6/site-packages/airflow/example_dags/example_xcom.py
[2025-02-05 10:52:28,944] {scheduler_job.py:643} INFO - DAG(s) dict_keys(['example_xcom']) retrieved from /home/airflow/.local/lib/python3.6/site-packages/airflow/example_dags/example_xcom.py
[2025-02-05 10:52:28,965] {logging_mixin.py:104} INFO - [2025-02-05 10:52:28,965] {dag.py:1833} INFO - Sync 1 DAGs
[2025-02-05 10:52:28,982] {logging_mixin.py:104} INFO - [2025-02-05 10:52:28,982] {dag.py:2306} INFO - Setting next_dagrun for example_xcom to 2025-02-03 00:00:00+00:00
[2025-02-05 10:52:28,995] {scheduler_job.py:190} INFO - Processing /home/airflow/.local/lib/python3.6/site-packages/airflow/example_dags/example_xcom.py took 0.065 seconds
[2025-02-05 10:53:00,039] {scheduler_job.py:182} INFO - Started process (PID=3831) to work on /home/airflow/.local/lib/python3.6/site-packages/airflow/example_dags/example_xcom.py
[2025-02-05 10:53:00,040] {scheduler_job.py:633} INFO - Processing file /home/airflow/.local/lib/python3.6/site-packages/airflow/example_dags/example_xcom.py for tasks to queue
[2025-02-05 10:53:00,040] {logging_mixin.py:104} INFO - [2025-02-05 10:53:00,040] {dagbag.py:496} INFO - Filling up the DagBag from /home/airflow/.local/lib/python3.6/site-packages/airflow/example_dags/example_xcom.py
[2025-02-05 10:53:00,051] {scheduler_job.py:643} INFO - DAG(s) dict_keys(['example_xcom']) retrieved from /home/airflow/.local/lib/python3.6/site-packages/airflow/example_dags/example_xcom.py
[2025-02-05 10:53:00,073] {logging_mixin.py:104} INFO - [2025-02-05 10:53:00,073] {dag.py:1833} INFO - Sync 1 DAGs
[2025-02-05 10:53:00,087] {logging_mixin.py:104} INFO - [2025-02-05 10:53:00,087] {dag.py:2306} INFO - Setting next_dagrun for example_xcom to 2025-02-03 00:00:00+00:00
[2025-02-05 10:53:00,097] {scheduler_job.py:190} INFO - Processing /home/airflow/.local/lib/python3.6/site-packages/airflow/example_dags/example_xcom.py took 0.061 seconds
[2025-02-05 10:53:31,038] {scheduler_job.py:182} INFO - Started process (PID=3892) to work on /home/airflow/.local/lib/python3.6/site-packages/airflow/example_dags/example_xcom.py
[2025-02-05 10:53:31,040] {scheduler_job.py:633} INFO - Processing file /home/airflow/.local/lib/python3.6/site-packages/airflow/example_dags/example_xcom.py for tasks to queue
[2025-02-05 10:53:31,041] {logging_mixin.py:104} INFO - [2025-02-05 10:53:31,041] {dagbag.py:496} INFO - Filling up the DagBag from /home/airflow/.local/lib/python3.6/site-packages/airflow/example_dags/example_xcom.py
[2025-02-05 10:53:31,057] {scheduler_job.py:643} INFO - DAG(s) dict_keys(['example_xcom']) retrieved from /home/airflow/.local/lib/python3.6/site-packages/airflow/example_dags/example_xcom.py
[2025-02-05 10:53:31,075] {logging_mixin.py:104} INFO - [2025-02-05 10:53:31,075] {dag.py:1833} INFO - Sync 1 DAGs
[2025-02-05 10:53:31,089] {logging_mixin.py:104} INFO - [2025-02-05 10:53:31,089] {dag.py:2306} INFO - Setting next_dagrun for example_xcom to 2025-02-03 00:00:00+00:00
[2025-02-05 10:53:31,098] {scheduler_job.py:190} INFO - Processing /home/airflow/.local/lib/python3.6/site-packages/airflow/example_dags/example_xcom.py took 0.063 seconds
[2025-02-05 10:54:01,972] {scheduler_job.py:182} INFO - Started process (PID=3943) to work on /home/airflow/.local/lib/python3.6/site-packages/airflow/example_dags/example_xcom.py
[2025-02-05 10:54:01,973] {scheduler_job.py:633} INFO - Processing file /home/airflow/.local/lib/python3.6/site-packages/airflow/example_dags/example_xcom.py for tasks to queue
[2025-02-05 10:54:01,974] {logging_mixin.py:104} INFO - [2025-02-05 10:54:01,973] {dagbag.py:496} INFO - Filling up the DagBag from /home/airflow/.local/lib/python3.6/site-packages/airflow/example_dags/example_xcom.py
[2025-02-05 10:54:01,985] {scheduler_job.py:643} INFO - DAG(s) dict_keys(['example_xcom']) retrieved from /home/airflow/.local/lib/python3.6/site-packages/airflow/example_dags/example_xcom.py
[2025-02-05 10:54:02,003] {logging_mixin.py:104} INFO - [2025-02-05 10:54:02,003] {dag.py:1833} INFO - Sync 1 DAGs
[2025-02-05 10:54:02,020] {logging_mixin.py:104} INFO - [2025-02-05 10:54:02,020] {dag.py:2306} INFO - Setting next_dagrun for example_xcom to 2025-02-03 00:00:00+00:00
[2025-02-05 10:54:02,032] {scheduler_job.py:190} INFO - Processing /home/airflow/.local/lib/python3.6/site-packages/airflow/example_dags/example_xcom.py took 0.063 seconds
[2025-02-05 10:54:32,629] {scheduler_job.py:182} INFO - Started process (PID=4004) to work on /home/airflow/.local/lib/python3.6/site-packages/airflow/example_dags/example_xcom.py
[2025-02-05 10:54:32,629] {scheduler_job.py:633} INFO - Processing file /home/airflow/.local/lib/python3.6/site-packages/airflow/example_dags/example_xcom.py for tasks to queue
[2025-02-05 10:54:32,630] {logging_mixin.py:104} INFO - [2025-02-05 10:54:32,630] {dagbag.py:496} INFO - Filling up the DagBag from /home/airflow/.local/lib/python3.6/site-packages/airflow/example_dags/example_xcom.py
[2025-02-05 10:54:32,639] {scheduler_job.py:643} INFO - DAG(s) dict_keys(['example_xcom']) retrieved from /home/airflow/.local/lib/python3.6/site-packages/airflow/example_dags/example_xcom.py
[2025-02-05 10:54:32,660] {logging_mixin.py:104} INFO - [2025-02-05 10:54:32,660] {dag.py:1833} INFO - Sync 1 DAGs
[2025-02-05 10:54:32,672] {logging_mixin.py:104} INFO - [2025-02-05 10:54:32,672] {dag.py:2306} INFO - Setting next_dagrun for example_xcom to 2025-02-03 00:00:00+00:00
[2025-02-05 10:54:32,682] {scheduler_job.py:190} INFO - Processing /home/airflow/.local/lib/python3.6/site-packages/airflow/example_dags/example_xcom.py took 0.055 seconds
[2025-02-05 10:55:03,361] {scheduler_job.py:182} INFO - Started process (PID=4055) to work on /home/airflow/.local/lib/python3.6/site-packages/airflow/example_dags/example_xcom.py
[2025-02-05 10:55:03,362] {scheduler_job.py:633} INFO - Processing file /home/airflow/.local/lib/python3.6/site-packages/airflow/example_dags/example_xcom.py for tasks to queue
[2025-02-05 10:55:03,362] {logging_mixin.py:104} INFO - [2025-02-05 10:55:03,362] {dagbag.py:496} INFO - Filling up the DagBag from /home/airflow/.local/lib/python3.6/site-packages/airflow/example_dags/example_xcom.py
[2025-02-05 10:55:03,372] {scheduler_job.py:643} INFO - DAG(s) dict_keys(['example_xcom']) retrieved from /home/airflow/.local/lib/python3.6/site-packages/airflow/example_dags/example_xcom.py
[2025-02-05 10:55:03,391] {logging_mixin.py:104} INFO - [2025-02-05 10:55:03,391] {dag.py:1833} INFO - Sync 1 DAGs
[2025-02-05 10:55:03,405] {logging_mixin.py:104} INFO - [2025-02-05 10:55:03,405] {dag.py:2306} INFO - Setting next_dagrun for example_xcom to 2025-02-03 00:00:00+00:00
[2025-02-05 10:55:03,414] {scheduler_job.py:190} INFO - Processing /home/airflow/.local/lib/python3.6/site-packages/airflow/example_dags/example_xcom.py took 0.056 seconds
[2025-02-05 10:55:34,086] {scheduler_job.py:182} INFO - Started process (PID=4116) to work on /home/airflow/.local/lib/python3.6/site-packages/airflow/example_dags/example_xcom.py
[2025-02-05 10:55:34,087] {scheduler_job.py:633} INFO - Processing file /home/airflow/.local/lib/python3.6/site-packages/airflow/example_dags/example_xcom.py for tasks to queue
[2025-02-05 10:55:34,088] {logging_mixin.py:104} INFO - [2025-02-05 10:55:34,088] {dagbag.py:496} INFO - Filling up the DagBag from /home/airflow/.local/lib/python3.6/site-packages/airflow/example_dags/example_xcom.py
[2025-02-05 10:55:34,098] {scheduler_job.py:643} INFO - DAG(s) dict_keys(['example_xcom']) retrieved from /home/airflow/.local/lib/python3.6/site-packages/airflow/example_dags/example_xcom.py
[2025-02-05 10:55:34,116] {logging_mixin.py:104} INFO - [2025-02-05 10:55:34,116] {dag.py:1833} INFO - Sync 1 DAGs
[2025-02-05 10:55:34,129] {logging_mixin.py:104} INFO - [2025-02-05 10:55:34,129] {dag.py:2306} INFO - Setting next_dagrun for example_xcom to 2025-02-03 00:00:00+00:00
[2025-02-05 10:55:34,137] {scheduler_job.py:190} INFO - Processing /home/airflow/.local/lib/python3.6/site-packages/airflow/example_dags/example_xcom.py took 0.053 seconds
[2025-02-05 10:56:04,528] {scheduler_job.py:182} INFO - Started process (PID=4177) to work on /home/airflow/.local/lib/python3.6/site-packages/airflow/example_dags/example_xcom.py
[2025-02-05 10:56:04,529] {scheduler_job.py:633} INFO - Processing file /home/airflow/.local/lib/python3.6/site-packages/airflow/example_dags/example_xcom.py for tasks to queue
[2025-02-05 10:56:04,530] {logging_mixin.py:104} INFO - [2025-02-05 10:56:04,530] {dagbag.py:496} INFO - Filling up the DagBag from /home/airflow/.local/lib/python3.6/site-packages/airflow/example_dags/example_xcom.py
[2025-02-05 10:56:04,542] {scheduler_job.py:643} INFO - DAG(s) dict_keys(['example_xcom']) retrieved from /home/airflow/.local/lib/python3.6/site-packages/airflow/example_dags/example_xcom.py
[2025-02-05 10:56:04,565] {logging_mixin.py:104} INFO - [2025-02-05 10:56:04,565] {dag.py:1833} INFO - Sync 1 DAGs
[2025-02-05 10:56:04,581] {logging_mixin.py:104} INFO - [2025-02-05 10:56:04,581] {dag.py:2306} INFO - Setting next_dagrun for example_xcom to 2025-02-03 00:00:00+00:00
[2025-02-05 10:56:04,592] {scheduler_job.py:190} INFO - Processing /home/airflow/.local/lib/python3.6/site-packages/airflow/example_dags/example_xcom.py took 0.067 seconds
[2025-02-05 10:56:35,346] {scheduler_job.py:182} INFO - Started process (PID=4228) to work on /home/airflow/.local/lib/python3.6/site-packages/airflow/example_dags/example_xcom.py
[2025-02-05 10:56:35,347] {scheduler_job.py:633} INFO - Processing file /home/airflow/.local/lib/python3.6/site-packages/airflow/example_dags/example_xcom.py for tasks to queue
[2025-02-05 10:56:35,348] {logging_mixin.py:104} INFO - [2025-02-05 10:56:35,347] {dagbag.py:496} INFO - Filling up the DagBag from /home/airflow/.local/lib/python3.6/site-packages/airflow/example_dags/example_xcom.py
[2025-02-05 10:56:35,358] {scheduler_job.py:643} INFO - DAG(s) dict_keys(['example_xcom']) retrieved from /home/airflow/.local/lib/python3.6/site-packages/airflow/example_dags/example_xcom.py
[2025-02-05 10:56:35,376] {logging_mixin.py:104} INFO - [2025-02-05 10:56:35,376] {dag.py:1833} INFO - Sync 1 DAGs
[2025-02-05 10:56:35,388] {logging_mixin.py:104} INFO - [2025-02-05 10:56:35,388] {dag.py:2306} INFO - Setting next_dagrun for example_xcom to 2025-02-03 00:00:00+00:00
[2025-02-05 10:56:35,398] {scheduler_job.py:190} INFO - Processing /home/airflow/.local/lib/python3.6/site-packages/airflow/example_dags/example_xcom.py took 0.055 seconds
[2025-02-05 10:57:06,086] {scheduler_job.py:182} INFO - Started process (PID=4289) to work on /home/airflow/.local/lib/python3.6/site-packages/airflow/example_dags/example_xcom.py
[2025-02-05 10:57:06,087] {scheduler_job.py:633} INFO - Processing file /home/airflow/.local/lib/python3.6/site-packages/airflow/example_dags/example_xcom.py for tasks to queue
[2025-02-05 10:57:06,088] {logging_mixin.py:104} INFO - [2025-02-05 10:57:06,088] {dagbag.py:496} INFO - Filling up the DagBag from /home/airflow/.local/lib/python3.6/site-packages/airflow/example_dags/example_xcom.py
[2025-02-05 10:57:06,098] {scheduler_job.py:643} INFO - DAG(s) dict_keys(['example_xcom']) retrieved from /home/airflow/.local/lib/python3.6/site-packages/airflow/example_dags/example_xcom.py
[2025-02-05 10:57:06,117] {logging_mixin.py:104} INFO - [2025-02-05 10:57:06,117] {dag.py:1833} INFO - Sync 1 DAGs
[2025-02-05 10:57:06,133] {logging_mixin.py:104} INFO - [2025-02-05 10:57:06,133] {dag.py:2306} INFO - Setting next_dagrun for example_xcom to 2025-02-03 00:00:00+00:00
[2025-02-05 10:57:06,145] {scheduler_job.py:190} INFO - Processing /home/airflow/.local/lib/python3.6/site-packages/airflow/example_dags/example_xcom.py took 0.061 seconds
[2025-02-05 10:57:36,844] {scheduler_job.py:182} INFO - Started process (PID=4349) to work on /home/airflow/.local/lib/python3.6/site-packages/airflow/example_dags/example_xcom.py
[2025-02-05 10:57:36,844] {scheduler_job.py:633} INFO - Processing file /home/airflow/.local/lib/python3.6/site-packages/airflow/example_dags/example_xcom.py for tasks to queue
[2025-02-05 10:57:36,845] {logging_mixin.py:104} INFO - [2025-02-05 10:57:36,845] {dagbag.py:496} INFO - Filling up the DagBag from /home/airflow/.local/lib/python3.6/site-packages/airflow/example_dags/example_xcom.py
[2025-02-05 10:57:36,855] {scheduler_job.py:643} INFO - DAG(s) dict_keys(['example_xcom']) retrieved from /home/airflow/.local/lib/python3.6/site-packages/airflow/example_dags/example_xcom.py
[2025-02-05 10:57:36,873] {logging_mixin.py:104} INFO - [2025-02-05 10:57:36,873] {dag.py:1833} INFO - Sync 1 DAGs
[2025-02-05 10:57:36,886] {logging_mixin.py:104} INFO - [2025-02-05 10:57:36,886] {dag.py:2306} INFO - Setting next_dagrun for example_xcom to 2025-02-03 00:00:00+00:00
[2025-02-05 10:57:36,895] {scheduler_job.py:190} INFO - Processing /home/airflow/.local/lib/python3.6/site-packages/airflow/example_dags/example_xcom.py took 0.054 seconds
[2025-02-05 10:58:07,619] {scheduler_job.py:182} INFO - Started process (PID=4401) to work on /home/airflow/.local/lib/python3.6/site-packages/airflow/example_dags/example_xcom.py
[2025-02-05 10:58:07,620] {scheduler_job.py:633} INFO - Processing file /home/airflow/.local/lib/python3.6/site-packages/airflow/example_dags/example_xcom.py for tasks to queue
[2025-02-05 10:58:07,621] {logging_mixin.py:104} INFO - [2025-02-05 10:58:07,620] {dagbag.py:496} INFO - Filling up the DagBag from /home/airflow/.local/lib/python3.6/site-packages/airflow/example_dags/example_xcom.py
[2025-02-05 10:58:07,632] {scheduler_job.py:643} INFO - DAG(s) dict_keys(['example_xcom']) retrieved from /home/airflow/.local/lib/python3.6/site-packages/airflow/example_dags/example_xcom.py
[2025-02-05 10:58:07,651] {logging_mixin.py:104} INFO - [2025-02-05 10:58:07,651] {dag.py:1833} INFO - Sync 1 DAGs
[2025-02-05 10:58:07,666] {logging_mixin.py:104} INFO - [2025-02-05 10:58:07,666] {dag.py:2306} INFO - Setting next_dagrun for example_xcom to 2025-02-03 00:00:00+00:00
[2025-02-05 10:58:07,676] {scheduler_job.py:190} INFO - Processing /home/airflow/.local/lib/python3.6/site-packages/airflow/example_dags/example_xcom.py took 0.059 seconds
[2025-02-05 10:58:38,380] {scheduler_job.py:182} INFO - Started process (PID=4462) to work on /home/airflow/.local/lib/python3.6/site-packages/airflow/example_dags/example_xcom.py
[2025-02-05 10:58:38,381] {scheduler_job.py:633} INFO - Processing file /home/airflow/.local/lib/python3.6/site-packages/airflow/example_dags/example_xcom.py for tasks to queue
[2025-02-05 10:58:38,382] {logging_mixin.py:104} INFO - [2025-02-05 10:58:38,382] {dagbag.py:496} INFO - Filling up the DagBag from /home/airflow/.local/lib/python3.6/site-packages/airflow/example_dags/example_xcom.py
[2025-02-05 10:58:38,391] {scheduler_job.py:643} INFO - DAG(s) dict_keys(['example_xcom']) retrieved from /home/airflow/.local/lib/python3.6/site-packages/airflow/example_dags/example_xcom.py
[2025-02-05 10:58:38,409] {logging_mixin.py:104} INFO - [2025-02-05 10:58:38,408] {dag.py:1833} INFO - Sync 1 DAGs
[2025-02-05 10:58:38,421] {logging_mixin.py:104} INFO - [2025-02-05 10:58:38,421] {dag.py:2306} INFO - Setting next_dagrun for example_xcom to 2025-02-03 00:00:00+00:00
[2025-02-05 10:58:38,429] {scheduler_job.py:190} INFO - Processing /home/airflow/.local/lib/python3.6/site-packages/airflow/example_dags/example_xcom.py took 0.052 seconds
