[2025-02-05 10:16:11,569] {scheduler_job.py:182} INFO - Started process (PID=68) to work on /home/airflow/.local/lib/python3.6/site-packages/airflow/example_dags/tutorial.py
[2025-02-05 10:16:11,570] {scheduler_job.py:633} INFO - Processing file /home/airflow/.local/lib/python3.6/site-packages/airflow/example_dags/tutorial.py for tasks to queue
[2025-02-05 10:16:11,570] {logging_mixin.py:104} INFO - [2025-02-05 10:16:11,570] {dagbag.py:496} INFO - Filling up the DagBag from /home/airflow/.local/lib/python3.6/site-packages/airflow/example_dags/tutorial.py
[2025-02-05 10:16:11,580] {scheduler_job.py:643} INFO - DAG(s) dict_keys(['tutorial']) retrieved from /home/airflow/.local/lib/python3.6/site-packages/airflow/example_dags/tutorial.py
[2025-02-05 10:16:11,752] {logging_mixin.py:104} INFO - [2025-02-05 10:16:11,752] {dag.py:1833} INFO - Sync 1 DAGs
[2025-02-05 10:16:11,763] {logging_mixin.py:104} INFO - [2025-02-05 10:16:11,763] {dag.py:2306} INFO - Setting next_dagrun for tutorial to 2025-02-03 00:00:00+00:00
[2025-02-05 10:16:11,804] {scheduler_job.py:190} INFO - Processing /home/airflow/.local/lib/python3.6/site-packages/airflow/example_dags/tutorial.py took 0.238 seconds
[2025-02-05 10:16:42,762] {scheduler_job.py:182} INFO - Started process (PID=119) to work on /home/airflow/.local/lib/python3.6/site-packages/airflow/example_dags/tutorial.py
[2025-02-05 10:16:42,764] {scheduler_job.py:633} INFO - Processing file /home/airflow/.local/lib/python3.6/site-packages/airflow/example_dags/tutorial.py for tasks to queue
[2025-02-05 10:16:42,765] {logging_mixin.py:104} INFO - [2025-02-05 10:16:42,765] {dagbag.py:496} INFO - Filling up the DagBag from /home/airflow/.local/lib/python3.6/site-packages/airflow/example_dags/tutorial.py
[2025-02-05 10:16:42,782] {scheduler_job.py:643} INFO - DAG(s) dict_keys(['tutorial']) retrieved from /home/airflow/.local/lib/python3.6/site-packages/airflow/example_dags/tutorial.py
[2025-02-05 10:16:42,813] {logging_mixin.py:104} INFO - [2025-02-05 10:16:42,813] {dag.py:1833} INFO - Sync 1 DAGs
[2025-02-05 10:16:42,835] {logging_mixin.py:104} INFO - [2025-02-05 10:16:42,834] {dag.py:2306} INFO - Setting next_dagrun for tutorial to 2025-02-03 00:00:00+00:00
[2025-02-05 10:16:42,869] {scheduler_job.py:190} INFO - Processing /home/airflow/.local/lib/python3.6/site-packages/airflow/example_dags/tutorial.py took 0.111 seconds
[2025-02-05 10:17:13,270] {scheduler_job.py:182} INFO - Started process (PID=180) to work on /home/airflow/.local/lib/python3.6/site-packages/airflow/example_dags/tutorial.py
[2025-02-05 10:17:13,271] {scheduler_job.py:633} INFO - Processing file /home/airflow/.local/lib/python3.6/site-packages/airflow/example_dags/tutorial.py for tasks to queue
[2025-02-05 10:17:13,272] {logging_mixin.py:104} INFO - [2025-02-05 10:17:13,272] {dagbag.py:496} INFO - Filling up the DagBag from /home/airflow/.local/lib/python3.6/site-packages/airflow/example_dags/tutorial.py
[2025-02-05 10:17:13,288] {scheduler_job.py:643} INFO - DAG(s) dict_keys(['tutorial']) retrieved from /home/airflow/.local/lib/python3.6/site-packages/airflow/example_dags/tutorial.py
[2025-02-05 10:17:13,316] {logging_mixin.py:104} INFO - [2025-02-05 10:17:13,316] {dag.py:1833} INFO - Sync 1 DAGs
[2025-02-05 10:17:13,336] {logging_mixin.py:104} INFO - [2025-02-05 10:17:13,336] {dag.py:2306} INFO - Setting next_dagrun for tutorial to 2025-02-03 00:00:00+00:00
[2025-02-05 10:17:13,374] {scheduler_job.py:190} INFO - Processing /home/airflow/.local/lib/python3.6/site-packages/airflow/example_dags/tutorial.py took 0.109 seconds
[2025-02-05 10:17:43,951] {scheduler_job.py:182} INFO - Started process (PID=231) to work on /home/airflow/.local/lib/python3.6/site-packages/airflow/example_dags/tutorial.py
[2025-02-05 10:17:43,953] {scheduler_job.py:633} INFO - Processing file /home/airflow/.local/lib/python3.6/site-packages/airflow/example_dags/tutorial.py for tasks to queue
[2025-02-05 10:17:43,953] {logging_mixin.py:104} INFO - [2025-02-05 10:17:43,953] {dagbag.py:496} INFO - Filling up the DagBag from /home/airflow/.local/lib/python3.6/site-packages/airflow/example_dags/tutorial.py
[2025-02-05 10:17:43,969] {scheduler_job.py:643} INFO - DAG(s) dict_keys(['tutorial']) retrieved from /home/airflow/.local/lib/python3.6/site-packages/airflow/example_dags/tutorial.py
[2025-02-05 10:17:43,997] {logging_mixin.py:104} INFO - [2025-02-05 10:17:43,997] {dag.py:1833} INFO - Sync 1 DAGs
[2025-02-05 10:17:44,015] {logging_mixin.py:104} INFO - [2025-02-05 10:17:44,015] {dag.py:2306} INFO - Setting next_dagrun for tutorial to 2025-02-03 00:00:00+00:00
[2025-02-05 10:17:44,053] {scheduler_job.py:190} INFO - Processing /home/airflow/.local/lib/python3.6/site-packages/airflow/example_dags/tutorial.py took 0.106 seconds
[2025-02-05 10:18:14,847] {scheduler_job.py:182} INFO - Started process (PID=282) to work on /home/airflow/.local/lib/python3.6/site-packages/airflow/example_dags/tutorial.py
[2025-02-05 10:18:14,848] {scheduler_job.py:633} INFO - Processing file /home/airflow/.local/lib/python3.6/site-packages/airflow/example_dags/tutorial.py for tasks to queue
[2025-02-05 10:18:14,849] {logging_mixin.py:104} INFO - [2025-02-05 10:18:14,849] {dagbag.py:496} INFO - Filling up the DagBag from /home/airflow/.local/lib/python3.6/site-packages/airflow/example_dags/tutorial.py
[2025-02-05 10:18:14,867] {scheduler_job.py:643} INFO - DAG(s) dict_keys(['tutorial']) retrieved from /home/airflow/.local/lib/python3.6/site-packages/airflow/example_dags/tutorial.py
[2025-02-05 10:18:14,898] {logging_mixin.py:104} INFO - [2025-02-05 10:18:14,898] {dag.py:1833} INFO - Sync 1 DAGs
[2025-02-05 10:18:14,921] {logging_mixin.py:104} INFO - [2025-02-05 10:18:14,921] {dag.py:2306} INFO - Setting next_dagrun for tutorial to 2025-02-03 00:00:00+00:00
[2025-02-05 10:18:14,966] {scheduler_job.py:190} INFO - Processing /home/airflow/.local/lib/python3.6/site-packages/airflow/example_dags/tutorial.py took 0.124 seconds
[2025-02-05 10:18:45,296] {scheduler_job.py:182} INFO - Started process (PID=343) to work on /home/airflow/.local/lib/python3.6/site-packages/airflow/example_dags/tutorial.py
[2025-02-05 10:18:45,297] {scheduler_job.py:633} INFO - Processing file /home/airflow/.local/lib/python3.6/site-packages/airflow/example_dags/tutorial.py for tasks to queue
[2025-02-05 10:18:45,298] {logging_mixin.py:104} INFO - [2025-02-05 10:18:45,298] {dagbag.py:496} INFO - Filling up the DagBag from /home/airflow/.local/lib/python3.6/site-packages/airflow/example_dags/tutorial.py
[2025-02-05 10:18:45,309] {scheduler_job.py:643} INFO - DAG(s) dict_keys(['tutorial']) retrieved from /home/airflow/.local/lib/python3.6/site-packages/airflow/example_dags/tutorial.py
[2025-02-05 10:18:45,329] {logging_mixin.py:104} INFO - [2025-02-05 10:18:45,329] {dag.py:1833} INFO - Sync 1 DAGs
[2025-02-05 10:18:45,343] {logging_mixin.py:104} INFO - [2025-02-05 10:18:45,343] {dag.py:2306} INFO - Setting next_dagrun for tutorial to 2025-02-03 00:00:00+00:00
[2025-02-05 10:18:45,352] {scheduler_job.py:190} INFO - Processing /home/airflow/.local/lib/python3.6/site-packages/airflow/example_dags/tutorial.py took 0.059 seconds
[2025-02-05 10:19:15,863] {scheduler_job.py:182} INFO - Started process (PID=393) to work on /home/airflow/.local/lib/python3.6/site-packages/airflow/example_dags/tutorial.py
[2025-02-05 10:19:15,864] {scheduler_job.py:633} INFO - Processing file /home/airflow/.local/lib/python3.6/site-packages/airflow/example_dags/tutorial.py for tasks to queue
[2025-02-05 10:19:15,865] {logging_mixin.py:104} INFO - [2025-02-05 10:19:15,865] {dagbag.py:496} INFO - Filling up the DagBag from /home/airflow/.local/lib/python3.6/site-packages/airflow/example_dags/tutorial.py
[2025-02-05 10:19:15,882] {scheduler_job.py:643} INFO - DAG(s) dict_keys(['tutorial']) retrieved from /home/airflow/.local/lib/python3.6/site-packages/airflow/example_dags/tutorial.py
[2025-02-05 10:19:15,914] {logging_mixin.py:104} INFO - [2025-02-05 10:19:15,913] {dag.py:1833} INFO - Sync 1 DAGs
[2025-02-05 10:19:15,935] {logging_mixin.py:104} INFO - [2025-02-05 10:19:15,935] {dag.py:2306} INFO - Setting next_dagrun for tutorial to 2025-02-03 00:00:00+00:00
[2025-02-05 10:19:15,976] {scheduler_job.py:190} INFO - Processing /home/airflow/.local/lib/python3.6/site-packages/airflow/example_dags/tutorial.py took 0.118 seconds
[2025-02-05 10:19:46,508] {scheduler_job.py:182} INFO - Started process (PID=453) to work on /home/airflow/.local/lib/python3.6/site-packages/airflow/example_dags/tutorial.py
[2025-02-05 10:19:46,509] {scheduler_job.py:633} INFO - Processing file /home/airflow/.local/lib/python3.6/site-packages/airflow/example_dags/tutorial.py for tasks to queue
[2025-02-05 10:19:46,510] {logging_mixin.py:104} INFO - [2025-02-05 10:19:46,510] {dagbag.py:496} INFO - Filling up the DagBag from /home/airflow/.local/lib/python3.6/site-packages/airflow/example_dags/tutorial.py
[2025-02-05 10:19:46,529] {scheduler_job.py:643} INFO - DAG(s) dict_keys(['tutorial']) retrieved from /home/airflow/.local/lib/python3.6/site-packages/airflow/example_dags/tutorial.py
[2025-02-05 10:19:46,564] {logging_mixin.py:104} INFO - [2025-02-05 10:19:46,564] {dag.py:1833} INFO - Sync 1 DAGs
[2025-02-05 10:19:46,591] {logging_mixin.py:104} INFO - [2025-02-05 10:19:46,591] {dag.py:2306} INFO - Setting next_dagrun for tutorial to 2025-02-03 00:00:00+00:00
[2025-02-05 10:19:46,632] {scheduler_job.py:190} INFO - Processing /home/airflow/.local/lib/python3.6/site-packages/airflow/example_dags/tutorial.py took 0.128 seconds
[2025-02-05 10:20:17,337] {scheduler_job.py:182} INFO - Started process (PID=505) to work on /home/airflow/.local/lib/python3.6/site-packages/airflow/example_dags/tutorial.py
[2025-02-05 10:20:17,338] {scheduler_job.py:633} INFO - Processing file /home/airflow/.local/lib/python3.6/site-packages/airflow/example_dags/tutorial.py for tasks to queue
[2025-02-05 10:20:17,339] {logging_mixin.py:104} INFO - [2025-02-05 10:20:17,339] {dagbag.py:496} INFO - Filling up the DagBag from /home/airflow/.local/lib/python3.6/site-packages/airflow/example_dags/tutorial.py
[2025-02-05 10:20:17,348] {scheduler_job.py:643} INFO - DAG(s) dict_keys(['tutorial']) retrieved from /home/airflow/.local/lib/python3.6/site-packages/airflow/example_dags/tutorial.py
[2025-02-05 10:20:17,364] {logging_mixin.py:104} INFO - [2025-02-05 10:20:17,364] {dag.py:1833} INFO - Sync 1 DAGs
[2025-02-05 10:20:17,375] {logging_mixin.py:104} INFO - [2025-02-05 10:20:17,375] {dag.py:2306} INFO - Setting next_dagrun for tutorial to 2025-02-03 00:00:00+00:00
[2025-02-05 10:20:17,383] {scheduler_job.py:190} INFO - Processing /home/airflow/.local/lib/python3.6/site-packages/airflow/example_dags/tutorial.py took 0.049 seconds
[2025-02-05 10:20:48,009] {scheduler_job.py:182} INFO - Started process (PID=566) to work on /home/airflow/.local/lib/python3.6/site-packages/airflow/example_dags/tutorial.py
[2025-02-05 10:20:48,010] {scheduler_job.py:633} INFO - Processing file /home/airflow/.local/lib/python3.6/site-packages/airflow/example_dags/tutorial.py for tasks to queue
[2025-02-05 10:20:48,011] {logging_mixin.py:104} INFO - [2025-02-05 10:20:48,010] {dagbag.py:496} INFO - Filling up the DagBag from /home/airflow/.local/lib/python3.6/site-packages/airflow/example_dags/tutorial.py
[2025-02-05 10:20:48,020] {scheduler_job.py:643} INFO - DAG(s) dict_keys(['tutorial']) retrieved from /home/airflow/.local/lib/python3.6/site-packages/airflow/example_dags/tutorial.py
[2025-02-05 10:20:48,038] {logging_mixin.py:104} INFO - [2025-02-05 10:20:48,038] {dag.py:1833} INFO - Sync 1 DAGs
[2025-02-05 10:20:48,051] {logging_mixin.py:104} INFO - [2025-02-05 10:20:48,050] {dag.py:2306} INFO - Setting next_dagrun for tutorial to 2025-02-03 00:00:00+00:00
[2025-02-05 10:20:48,089] {scheduler_job.py:190} INFO - Processing /home/airflow/.local/lib/python3.6/site-packages/airflow/example_dags/tutorial.py took 0.084 seconds
[2025-02-05 10:21:18,483] {scheduler_job.py:182} INFO - Started process (PID=617) to work on /home/airflow/.local/lib/python3.6/site-packages/airflow/example_dags/tutorial.py
[2025-02-05 10:21:18,484] {scheduler_job.py:633} INFO - Processing file /home/airflow/.local/lib/python3.6/site-packages/airflow/example_dags/tutorial.py for tasks to queue
[2025-02-05 10:21:18,484] {logging_mixin.py:104} INFO - [2025-02-05 10:21:18,484] {dagbag.py:496} INFO - Filling up the DagBag from /home/airflow/.local/lib/python3.6/site-packages/airflow/example_dags/tutorial.py
[2025-02-05 10:21:18,494] {scheduler_job.py:643} INFO - DAG(s) dict_keys(['tutorial']) retrieved from /home/airflow/.local/lib/python3.6/site-packages/airflow/example_dags/tutorial.py
[2025-02-05 10:21:18,513] {logging_mixin.py:104} INFO - [2025-02-05 10:21:18,513] {dag.py:1833} INFO - Sync 1 DAGs
[2025-02-05 10:21:18,529] {logging_mixin.py:104} INFO - [2025-02-05 10:21:18,529] {dag.py:2306} INFO - Setting next_dagrun for tutorial to 2025-02-03 00:00:00+00:00
[2025-02-05 10:21:18,538] {scheduler_job.py:190} INFO - Processing /home/airflow/.local/lib/python3.6/site-packages/airflow/example_dags/tutorial.py took 0.058 seconds
[2025-02-05 10:21:49,036] {scheduler_job.py:182} INFO - Started process (PID=678) to work on /home/airflow/.local/lib/python3.6/site-packages/airflow/example_dags/tutorial.py
[2025-02-05 10:21:49,037] {scheduler_job.py:633} INFO - Processing file /home/airflow/.local/lib/python3.6/site-packages/airflow/example_dags/tutorial.py for tasks to queue
[2025-02-05 10:21:49,038] {logging_mixin.py:104} INFO - [2025-02-05 10:21:49,038] {dagbag.py:496} INFO - Filling up the DagBag from /home/airflow/.local/lib/python3.6/site-packages/airflow/example_dags/tutorial.py
[2025-02-05 10:21:49,046] {scheduler_job.py:643} INFO - DAG(s) dict_keys(['tutorial']) retrieved from /home/airflow/.local/lib/python3.6/site-packages/airflow/example_dags/tutorial.py
[2025-02-05 10:21:49,063] {logging_mixin.py:104} INFO - [2025-02-05 10:21:49,062] {dag.py:1833} INFO - Sync 1 DAGs
[2025-02-05 10:21:49,073] {logging_mixin.py:104} INFO - [2025-02-05 10:21:49,073] {dag.py:2306} INFO - Setting next_dagrun for tutorial to 2025-02-03 00:00:00+00:00
[2025-02-05 10:21:49,081] {scheduler_job.py:190} INFO - Processing /home/airflow/.local/lib/python3.6/site-packages/airflow/example_dags/tutorial.py took 0.047 seconds
[2025-02-05 10:22:19,759] {scheduler_job.py:182} INFO - Started process (PID=739) to work on /home/airflow/.local/lib/python3.6/site-packages/airflow/example_dags/tutorial.py
[2025-02-05 10:22:19,760] {scheduler_job.py:633} INFO - Processing file /home/airflow/.local/lib/python3.6/site-packages/airflow/example_dags/tutorial.py for tasks to queue
[2025-02-05 10:22:19,760] {logging_mixin.py:104} INFO - [2025-02-05 10:22:19,760] {dagbag.py:496} INFO - Filling up the DagBag from /home/airflow/.local/lib/python3.6/site-packages/airflow/example_dags/tutorial.py
[2025-02-05 10:22:19,771] {scheduler_job.py:643} INFO - DAG(s) dict_keys(['tutorial']) retrieved from /home/airflow/.local/lib/python3.6/site-packages/airflow/example_dags/tutorial.py
[2025-02-05 10:22:19,790] {logging_mixin.py:104} INFO - [2025-02-05 10:22:19,790] {dag.py:1833} INFO - Sync 1 DAGs
[2025-02-05 10:22:19,802] {logging_mixin.py:104} INFO - [2025-02-05 10:22:19,802] {dag.py:2306} INFO - Setting next_dagrun for tutorial to 2025-02-03 00:00:00+00:00
[2025-02-05 10:22:19,842] {scheduler_job.py:190} INFO - Processing /home/airflow/.local/lib/python3.6/site-packages/airflow/example_dags/tutorial.py took 0.086 seconds
[2025-02-05 10:22:50,346] {scheduler_job.py:182} INFO - Started process (PID=790) to work on /home/airflow/.local/lib/python3.6/site-packages/airflow/example_dags/tutorial.py
[2025-02-05 10:22:50,346] {scheduler_job.py:633} INFO - Processing file /home/airflow/.local/lib/python3.6/site-packages/airflow/example_dags/tutorial.py for tasks to queue
[2025-02-05 10:22:50,347] {logging_mixin.py:104} INFO - [2025-02-05 10:22:50,347] {dagbag.py:496} INFO - Filling up the DagBag from /home/airflow/.local/lib/python3.6/site-packages/airflow/example_dags/tutorial.py
[2025-02-05 10:22:50,356] {scheduler_job.py:643} INFO - DAG(s) dict_keys(['tutorial']) retrieved from /home/airflow/.local/lib/python3.6/site-packages/airflow/example_dags/tutorial.py
[2025-02-05 10:22:50,373] {logging_mixin.py:104} INFO - [2025-02-05 10:22:50,372] {dag.py:1833} INFO - Sync 1 DAGs
[2025-02-05 10:22:50,385] {logging_mixin.py:104} INFO - [2025-02-05 10:22:50,384] {dag.py:2306} INFO - Setting next_dagrun for tutorial to 2025-02-03 00:00:00+00:00
[2025-02-05 10:22:50,394] {scheduler_job.py:190} INFO - Processing /home/airflow/.local/lib/python3.6/site-packages/airflow/example_dags/tutorial.py took 0.051 seconds
[2025-02-05 10:23:20,797] {scheduler_job.py:182} INFO - Started process (PID=851) to work on /home/airflow/.local/lib/python3.6/site-packages/airflow/example_dags/tutorial.py
[2025-02-05 10:23:20,799] {scheduler_job.py:633} INFO - Processing file /home/airflow/.local/lib/python3.6/site-packages/airflow/example_dags/tutorial.py for tasks to queue
[2025-02-05 10:23:20,799] {logging_mixin.py:104} INFO - [2025-02-05 10:23:20,799] {dagbag.py:496} INFO - Filling up the DagBag from /home/airflow/.local/lib/python3.6/site-packages/airflow/example_dags/tutorial.py
[2025-02-05 10:23:20,808] {scheduler_job.py:643} INFO - DAG(s) dict_keys(['tutorial']) retrieved from /home/airflow/.local/lib/python3.6/site-packages/airflow/example_dags/tutorial.py
[2025-02-05 10:23:20,824] {logging_mixin.py:104} INFO - [2025-02-05 10:23:20,824] {dag.py:1833} INFO - Sync 1 DAGs
[2025-02-05 10:23:20,836] {logging_mixin.py:104} INFO - [2025-02-05 10:23:20,836] {dag.py:2306} INFO - Setting next_dagrun for tutorial to 2025-02-03 00:00:00+00:00
[2025-02-05 10:23:20,844] {scheduler_job.py:190} INFO - Processing /home/airflow/.local/lib/python3.6/site-packages/airflow/example_dags/tutorial.py took 0.050 seconds
[2025-02-05 10:23:51,291] {scheduler_job.py:182} INFO - Started process (PID=902) to work on /home/airflow/.local/lib/python3.6/site-packages/airflow/example_dags/tutorial.py
[2025-02-05 10:23:51,292] {scheduler_job.py:633} INFO - Processing file /home/airflow/.local/lib/python3.6/site-packages/airflow/example_dags/tutorial.py for tasks to queue
[2025-02-05 10:23:51,292] {logging_mixin.py:104} INFO - [2025-02-05 10:23:51,292] {dagbag.py:496} INFO - Filling up the DagBag from /home/airflow/.local/lib/python3.6/site-packages/airflow/example_dags/tutorial.py
[2025-02-05 10:23:51,301] {scheduler_job.py:643} INFO - DAG(s) dict_keys(['tutorial']) retrieved from /home/airflow/.local/lib/python3.6/site-packages/airflow/example_dags/tutorial.py
[2025-02-05 10:23:51,317] {logging_mixin.py:104} INFO - [2025-02-05 10:23:51,317] {dag.py:1833} INFO - Sync 1 DAGs
[2025-02-05 10:23:51,329] {logging_mixin.py:104} INFO - [2025-02-05 10:23:51,329] {dag.py:2306} INFO - Setting next_dagrun for tutorial to 2025-02-03 00:00:00+00:00
[2025-02-05 10:23:51,368] {scheduler_job.py:190} INFO - Processing /home/airflow/.local/lib/python3.6/site-packages/airflow/example_dags/tutorial.py took 0.081 seconds
[2025-02-05 10:24:21,818] {scheduler_job.py:182} INFO - Started process (PID=963) to work on /home/airflow/.local/lib/python3.6/site-packages/airflow/example_dags/tutorial.py
[2025-02-05 10:24:21,819] {scheduler_job.py:633} INFO - Processing file /home/airflow/.local/lib/python3.6/site-packages/airflow/example_dags/tutorial.py for tasks to queue
[2025-02-05 10:24:21,819] {logging_mixin.py:104} INFO - [2025-02-05 10:24:21,819] {dagbag.py:496} INFO - Filling up the DagBag from /home/airflow/.local/lib/python3.6/site-packages/airflow/example_dags/tutorial.py
[2025-02-05 10:24:21,828] {scheduler_job.py:643} INFO - DAG(s) dict_keys(['tutorial']) retrieved from /home/airflow/.local/lib/python3.6/site-packages/airflow/example_dags/tutorial.py
[2025-02-05 10:24:21,846] {logging_mixin.py:104} INFO - [2025-02-05 10:24:21,846] {dag.py:1833} INFO - Sync 1 DAGs
[2025-02-05 10:24:21,859] {logging_mixin.py:104} INFO - [2025-02-05 10:24:21,858] {dag.py:2306} INFO - Setting next_dagrun for tutorial to 2025-02-03 00:00:00+00:00
[2025-02-05 10:24:21,898] {scheduler_job.py:190} INFO - Processing /home/airflow/.local/lib/python3.6/site-packages/airflow/example_dags/tutorial.py took 0.083 seconds
[2025-02-05 10:24:52,276] {scheduler_job.py:182} INFO - Started process (PID=1024) to work on /home/airflow/.local/lib/python3.6/site-packages/airflow/example_dags/tutorial.py
[2025-02-05 10:24:52,278] {scheduler_job.py:633} INFO - Processing file /home/airflow/.local/lib/python3.6/site-packages/airflow/example_dags/tutorial.py for tasks to queue
[2025-02-05 10:24:52,278] {logging_mixin.py:104} INFO - [2025-02-05 10:24:52,278] {dagbag.py:496} INFO - Filling up the DagBag from /home/airflow/.local/lib/python3.6/site-packages/airflow/example_dags/tutorial.py
[2025-02-05 10:24:52,287] {scheduler_job.py:643} INFO - DAG(s) dict_keys(['tutorial']) retrieved from /home/airflow/.local/lib/python3.6/site-packages/airflow/example_dags/tutorial.py
[2025-02-05 10:24:52,304] {logging_mixin.py:104} INFO - [2025-02-05 10:24:52,304] {dag.py:1833} INFO - Sync 1 DAGs
[2025-02-05 10:24:52,316] {logging_mixin.py:104} INFO - [2025-02-05 10:24:52,316] {dag.py:2306} INFO - Setting next_dagrun for tutorial to 2025-02-03 00:00:00+00:00
[2025-02-05 10:24:52,351] {scheduler_job.py:190} INFO - Processing /home/airflow/.local/lib/python3.6/site-packages/airflow/example_dags/tutorial.py took 0.078 seconds
[2025-02-05 10:25:23,106] {scheduler_job.py:182} INFO - Started process (PID=1075) to work on /home/airflow/.local/lib/python3.6/site-packages/airflow/example_dags/tutorial.py
[2025-02-05 10:25:23,107] {scheduler_job.py:633} INFO - Processing file /home/airflow/.local/lib/python3.6/site-packages/airflow/example_dags/tutorial.py for tasks to queue
[2025-02-05 10:25:23,107] {logging_mixin.py:104} INFO - [2025-02-05 10:25:23,107] {dagbag.py:496} INFO - Filling up the DagBag from /home/airflow/.local/lib/python3.6/site-packages/airflow/example_dags/tutorial.py
[2025-02-05 10:25:23,117] {scheduler_job.py:643} INFO - DAG(s) dict_keys(['tutorial']) retrieved from /home/airflow/.local/lib/python3.6/site-packages/airflow/example_dags/tutorial.py
[2025-02-05 10:25:23,135] {logging_mixin.py:104} INFO - [2025-02-05 10:25:23,135] {dag.py:1833} INFO - Sync 1 DAGs
[2025-02-05 10:25:23,147] {logging_mixin.py:104} INFO - [2025-02-05 10:25:23,147] {dag.py:2306} INFO - Setting next_dagrun for tutorial to 2025-02-03 00:00:00+00:00
[2025-02-05 10:25:23,158] {scheduler_job.py:190} INFO - Processing /home/airflow/.local/lib/python3.6/site-packages/airflow/example_dags/tutorial.py took 0.056 seconds
[2025-02-05 10:25:53,735] {scheduler_job.py:182} INFO - Started process (PID=1136) to work on /home/airflow/.local/lib/python3.6/site-packages/airflow/example_dags/tutorial.py
[2025-02-05 10:25:53,736] {scheduler_job.py:633} INFO - Processing file /home/airflow/.local/lib/python3.6/site-packages/airflow/example_dags/tutorial.py for tasks to queue
[2025-02-05 10:25:53,737] {logging_mixin.py:104} INFO - [2025-02-05 10:25:53,737] {dagbag.py:496} INFO - Filling up the DagBag from /home/airflow/.local/lib/python3.6/site-packages/airflow/example_dags/tutorial.py
[2025-02-05 10:25:53,747] {scheduler_job.py:643} INFO - DAG(s) dict_keys(['tutorial']) retrieved from /home/airflow/.local/lib/python3.6/site-packages/airflow/example_dags/tutorial.py
[2025-02-05 10:25:53,767] {logging_mixin.py:104} INFO - [2025-02-05 10:25:53,767] {dag.py:1833} INFO - Sync 1 DAGs
[2025-02-05 10:25:53,781] {logging_mixin.py:104} INFO - [2025-02-05 10:25:53,781] {dag.py:2306} INFO - Setting next_dagrun for tutorial to 2025-02-03 00:00:00+00:00
[2025-02-05 10:25:53,823] {scheduler_job.py:190} INFO - Processing /home/airflow/.local/lib/python3.6/site-packages/airflow/example_dags/tutorial.py took 0.090 seconds
[2025-02-05 10:26:24,492] {scheduler_job.py:182} INFO - Started process (PID=1197) to work on /home/airflow/.local/lib/python3.6/site-packages/airflow/example_dags/tutorial.py
[2025-02-05 10:26:24,493] {scheduler_job.py:633} INFO - Processing file /home/airflow/.local/lib/python3.6/site-packages/airflow/example_dags/tutorial.py for tasks to queue
[2025-02-05 10:26:24,493] {logging_mixin.py:104} INFO - [2025-02-05 10:26:24,493] {dagbag.py:496} INFO - Filling up the DagBag from /home/airflow/.local/lib/python3.6/site-packages/airflow/example_dags/tutorial.py
[2025-02-05 10:26:24,503] {scheduler_job.py:643} INFO - DAG(s) dict_keys(['tutorial']) retrieved from /home/airflow/.local/lib/python3.6/site-packages/airflow/example_dags/tutorial.py
[2025-02-05 10:26:24,520] {logging_mixin.py:104} INFO - [2025-02-05 10:26:24,520] {dag.py:1833} INFO - Sync 1 DAGs
[2025-02-05 10:26:24,532] {logging_mixin.py:104} INFO - [2025-02-05 10:26:24,532] {dag.py:2306} INFO - Setting next_dagrun for tutorial to 2025-02-03 00:00:00+00:00
[2025-02-05 10:26:24,543] {scheduler_job.py:190} INFO - Processing /home/airflow/.local/lib/python3.6/site-packages/airflow/example_dags/tutorial.py took 0.054 seconds
[2025-02-05 10:29:59,092] {scheduler_job.py:182} INFO - Started process (PID=1261) to work on /home/airflow/.local/lib/python3.6/site-packages/airflow/example_dags/tutorial.py
[2025-02-05 10:29:59,093] {scheduler_job.py:633} INFO - Processing file /home/airflow/.local/lib/python3.6/site-packages/airflow/example_dags/tutorial.py for tasks to queue
[2025-02-05 10:29:59,093] {logging_mixin.py:104} INFO - [2025-02-05 10:29:59,093] {dagbag.py:496} INFO - Filling up the DagBag from /home/airflow/.local/lib/python3.6/site-packages/airflow/example_dags/tutorial.py
[2025-02-05 10:29:59,104] {scheduler_job.py:643} INFO - DAG(s) dict_keys(['tutorial']) retrieved from /home/airflow/.local/lib/python3.6/site-packages/airflow/example_dags/tutorial.py
[2025-02-05 10:29:59,124] {logging_mixin.py:104} INFO - [2025-02-05 10:29:59,123] {dag.py:1833} INFO - Sync 1 DAGs
[2025-02-05 10:29:59,138] {logging_mixin.py:104} INFO - [2025-02-05 10:29:59,138] {dag.py:2306} INFO - Setting next_dagrun for tutorial to 2025-02-03 00:00:00+00:00
[2025-02-05 10:29:59,146] {scheduler_job.py:190} INFO - Processing /home/airflow/.local/lib/python3.6/site-packages/airflow/example_dags/tutorial.py took 0.057 seconds
[2025-02-05 10:30:29,822] {scheduler_job.py:182} INFO - Started process (PID=1321) to work on /home/airflow/.local/lib/python3.6/site-packages/airflow/example_dags/tutorial.py
[2025-02-05 10:30:29,823] {scheduler_job.py:633} INFO - Processing file /home/airflow/.local/lib/python3.6/site-packages/airflow/example_dags/tutorial.py for tasks to queue
[2025-02-05 10:30:29,824] {logging_mixin.py:104} INFO - [2025-02-05 10:30:29,824] {dagbag.py:496} INFO - Filling up the DagBag from /home/airflow/.local/lib/python3.6/site-packages/airflow/example_dags/tutorial.py
[2025-02-05 10:30:29,833] {scheduler_job.py:643} INFO - DAG(s) dict_keys(['tutorial']) retrieved from /home/airflow/.local/lib/python3.6/site-packages/airflow/example_dags/tutorial.py
[2025-02-05 10:30:29,850] {logging_mixin.py:104} INFO - [2025-02-05 10:30:29,850] {dag.py:1833} INFO - Sync 1 DAGs
[2025-02-05 10:30:29,864] {logging_mixin.py:104} INFO - [2025-02-05 10:30:29,864] {dag.py:2306} INFO - Setting next_dagrun for tutorial to 2025-02-03 00:00:00+00:00
[2025-02-05 10:30:29,872] {scheduler_job.py:190} INFO - Processing /home/airflow/.local/lib/python3.6/site-packages/airflow/example_dags/tutorial.py took 0.052 seconds
[2025-02-05 10:31:00,314] {scheduler_job.py:182} INFO - Started process (PID=1381) to work on /home/airflow/.local/lib/python3.6/site-packages/airflow/example_dags/tutorial.py
[2025-02-05 10:31:00,315] {scheduler_job.py:633} INFO - Processing file /home/airflow/.local/lib/python3.6/site-packages/airflow/example_dags/tutorial.py for tasks to queue
[2025-02-05 10:31:00,316] {logging_mixin.py:104} INFO - [2025-02-05 10:31:00,316] {dagbag.py:496} INFO - Filling up the DagBag from /home/airflow/.local/lib/python3.6/site-packages/airflow/example_dags/tutorial.py
[2025-02-05 10:31:00,326] {scheduler_job.py:643} INFO - DAG(s) dict_keys(['tutorial']) retrieved from /home/airflow/.local/lib/python3.6/site-packages/airflow/example_dags/tutorial.py
[2025-02-05 10:31:00,345] {logging_mixin.py:104} INFO - [2025-02-05 10:31:00,345] {dag.py:1833} INFO - Sync 1 DAGs
[2025-02-05 10:31:00,360] {logging_mixin.py:104} INFO - [2025-02-05 10:31:00,360] {dag.py:2306} INFO - Setting next_dagrun for tutorial to 2025-02-03 00:00:00+00:00
[2025-02-05 10:31:00,369] {scheduler_job.py:190} INFO - Processing /home/airflow/.local/lib/python3.6/site-packages/airflow/example_dags/tutorial.py took 0.057 seconds
[2025-02-05 10:31:30,950] {scheduler_job.py:182} INFO - Started process (PID=1433) to work on /home/airflow/.local/lib/python3.6/site-packages/airflow/example_dags/tutorial.py
[2025-02-05 10:31:30,951] {scheduler_job.py:633} INFO - Processing file /home/airflow/.local/lib/python3.6/site-packages/airflow/example_dags/tutorial.py for tasks to queue
[2025-02-05 10:31:30,951] {logging_mixin.py:104} INFO - [2025-02-05 10:31:30,951] {dagbag.py:496} INFO - Filling up the DagBag from /home/airflow/.local/lib/python3.6/site-packages/airflow/example_dags/tutorial.py
[2025-02-05 10:31:30,961] {scheduler_job.py:643} INFO - DAG(s) dict_keys(['tutorial']) retrieved from /home/airflow/.local/lib/python3.6/site-packages/airflow/example_dags/tutorial.py
[2025-02-05 10:31:30,984] {logging_mixin.py:104} INFO - [2025-02-05 10:31:30,983] {dag.py:1833} INFO - Sync 1 DAGs
[2025-02-05 10:31:30,998] {logging_mixin.py:104} INFO - [2025-02-05 10:31:30,998] {dag.py:2306} INFO - Setting next_dagrun for tutorial to 2025-02-03 00:00:00+00:00
[2025-02-05 10:31:31,006] {scheduler_job.py:190} INFO - Processing /home/airflow/.local/lib/python3.6/site-packages/airflow/example_dags/tutorial.py took 0.059 seconds
[2025-02-05 10:32:01,420] {scheduler_job.py:182} INFO - Started process (PID=1494) to work on /home/airflow/.local/lib/python3.6/site-packages/airflow/example_dags/tutorial.py
[2025-02-05 10:32:01,421] {scheduler_job.py:633} INFO - Processing file /home/airflow/.local/lib/python3.6/site-packages/airflow/example_dags/tutorial.py for tasks to queue
[2025-02-05 10:32:01,422] {logging_mixin.py:104} INFO - [2025-02-05 10:32:01,422] {dagbag.py:496} INFO - Filling up the DagBag from /home/airflow/.local/lib/python3.6/site-packages/airflow/example_dags/tutorial.py
[2025-02-05 10:32:01,430] {scheduler_job.py:643} INFO - DAG(s) dict_keys(['tutorial']) retrieved from /home/airflow/.local/lib/python3.6/site-packages/airflow/example_dags/tutorial.py
[2025-02-05 10:32:01,448] {logging_mixin.py:104} INFO - [2025-02-05 10:32:01,448] {dag.py:1833} INFO - Sync 1 DAGs
[2025-02-05 10:32:01,460] {logging_mixin.py:104} INFO - [2025-02-05 10:32:01,460] {dag.py:2306} INFO - Setting next_dagrun for tutorial to 2025-02-03 00:00:00+00:00
[2025-02-05 10:32:01,467] {scheduler_job.py:190} INFO - Processing /home/airflow/.local/lib/python3.6/site-packages/airflow/example_dags/tutorial.py took 0.049 seconds
[2025-02-05 10:32:31,820] {scheduler_job.py:182} INFO - Started process (PID=1545) to work on /home/airflow/.local/lib/python3.6/site-packages/airflow/example_dags/tutorial.py
[2025-02-05 10:32:31,821] {scheduler_job.py:633} INFO - Processing file /home/airflow/.local/lib/python3.6/site-packages/airflow/example_dags/tutorial.py for tasks to queue
[2025-02-05 10:32:31,821] {logging_mixin.py:104} INFO - [2025-02-05 10:32:31,821] {dagbag.py:496} INFO - Filling up the DagBag from /home/airflow/.local/lib/python3.6/site-packages/airflow/example_dags/tutorial.py
[2025-02-05 10:32:31,830] {scheduler_job.py:643} INFO - DAG(s) dict_keys(['tutorial']) retrieved from /home/airflow/.local/lib/python3.6/site-packages/airflow/example_dags/tutorial.py
[2025-02-05 10:32:31,848] {logging_mixin.py:104} INFO - [2025-02-05 10:32:31,848] {dag.py:1833} INFO - Sync 1 DAGs
[2025-02-05 10:32:31,860] {logging_mixin.py:104} INFO - [2025-02-05 10:32:31,860] {dag.py:2306} INFO - Setting next_dagrun for tutorial to 2025-02-03 00:00:00+00:00
[2025-02-05 10:32:31,869] {scheduler_job.py:190} INFO - Processing /home/airflow/.local/lib/python3.6/site-packages/airflow/example_dags/tutorial.py took 0.051 seconds
[2025-02-05 10:33:02,350] {scheduler_job.py:182} INFO - Started process (PID=1606) to work on /home/airflow/.local/lib/python3.6/site-packages/airflow/example_dags/tutorial.py
[2025-02-05 10:33:02,351] {scheduler_job.py:633} INFO - Processing file /home/airflow/.local/lib/python3.6/site-packages/airflow/example_dags/tutorial.py for tasks to queue
[2025-02-05 10:33:02,351] {logging_mixin.py:104} INFO - [2025-02-05 10:33:02,351] {dagbag.py:496} INFO - Filling up the DagBag from /home/airflow/.local/lib/python3.6/site-packages/airflow/example_dags/tutorial.py
[2025-02-05 10:33:02,361] {scheduler_job.py:643} INFO - DAG(s) dict_keys(['tutorial']) retrieved from /home/airflow/.local/lib/python3.6/site-packages/airflow/example_dags/tutorial.py
[2025-02-05 10:33:02,380] {logging_mixin.py:104} INFO - [2025-02-05 10:33:02,380] {dag.py:1833} INFO - Sync 1 DAGs
[2025-02-05 10:33:02,397] {logging_mixin.py:104} INFO - [2025-02-05 10:33:02,397] {dag.py:2306} INFO - Setting next_dagrun for tutorial to 2025-02-03 00:00:00+00:00
[2025-02-05 10:33:02,405] {scheduler_job.py:190} INFO - Processing /home/airflow/.local/lib/python3.6/site-packages/airflow/example_dags/tutorial.py took 0.057 seconds
[2025-02-05 10:33:32,864] {scheduler_job.py:182} INFO - Started process (PID=1667) to work on /home/airflow/.local/lib/python3.6/site-packages/airflow/example_dags/tutorial.py
[2025-02-05 10:33:32,866] {scheduler_job.py:633} INFO - Processing file /home/airflow/.local/lib/python3.6/site-packages/airflow/example_dags/tutorial.py for tasks to queue
[2025-02-05 10:33:32,866] {logging_mixin.py:104} INFO - [2025-02-05 10:33:32,866] {dagbag.py:496} INFO - Filling up the DagBag from /home/airflow/.local/lib/python3.6/site-packages/airflow/example_dags/tutorial.py
[2025-02-05 10:33:32,878] {scheduler_job.py:643} INFO - DAG(s) dict_keys(['tutorial']) retrieved from /home/airflow/.local/lib/python3.6/site-packages/airflow/example_dags/tutorial.py
[2025-02-05 10:33:32,896] {logging_mixin.py:104} INFO - [2025-02-05 10:33:32,896] {dag.py:1833} INFO - Sync 1 DAGs
[2025-02-05 10:33:32,909] {logging_mixin.py:104} INFO - [2025-02-05 10:33:32,909] {dag.py:2306} INFO - Setting next_dagrun for tutorial to 2025-02-03 00:00:00+00:00
[2025-02-05 10:33:32,917] {scheduler_job.py:190} INFO - Processing /home/airflow/.local/lib/python3.6/site-packages/airflow/example_dags/tutorial.py took 0.055 seconds
[2025-02-05 10:34:03,524] {scheduler_job.py:182} INFO - Started process (PID=1718) to work on /home/airflow/.local/lib/python3.6/site-packages/airflow/example_dags/tutorial.py
[2025-02-05 10:34:03,524] {scheduler_job.py:633} INFO - Processing file /home/airflow/.local/lib/python3.6/site-packages/airflow/example_dags/tutorial.py for tasks to queue
[2025-02-05 10:34:03,525] {logging_mixin.py:104} INFO - [2025-02-05 10:34:03,525] {dagbag.py:496} INFO - Filling up the DagBag from /home/airflow/.local/lib/python3.6/site-packages/airflow/example_dags/tutorial.py
[2025-02-05 10:34:03,536] {scheduler_job.py:643} INFO - DAG(s) dict_keys(['tutorial']) retrieved from /home/airflow/.local/lib/python3.6/site-packages/airflow/example_dags/tutorial.py
[2025-02-05 10:34:03,553] {logging_mixin.py:104} INFO - [2025-02-05 10:34:03,553] {dag.py:1833} INFO - Sync 1 DAGs
[2025-02-05 10:34:03,566] {logging_mixin.py:104} INFO - [2025-02-05 10:34:03,566] {dag.py:2306} INFO - Setting next_dagrun for tutorial to 2025-02-03 00:00:00+00:00
[2025-02-05 10:34:03,574] {scheduler_job.py:190} INFO - Processing /home/airflow/.local/lib/python3.6/site-packages/airflow/example_dags/tutorial.py took 0.053 seconds
[2025-02-05 10:34:34,160] {scheduler_job.py:182} INFO - Started process (PID=1779) to work on /home/airflow/.local/lib/python3.6/site-packages/airflow/example_dags/tutorial.py
[2025-02-05 10:34:34,161] {scheduler_job.py:633} INFO - Processing file /home/airflow/.local/lib/python3.6/site-packages/airflow/example_dags/tutorial.py for tasks to queue
[2025-02-05 10:34:34,161] {logging_mixin.py:104} INFO - [2025-02-05 10:34:34,161] {dagbag.py:496} INFO - Filling up the DagBag from /home/airflow/.local/lib/python3.6/site-packages/airflow/example_dags/tutorial.py
[2025-02-05 10:34:34,171] {scheduler_job.py:643} INFO - DAG(s) dict_keys(['tutorial']) retrieved from /home/airflow/.local/lib/python3.6/site-packages/airflow/example_dags/tutorial.py
[2025-02-05 10:34:34,190] {logging_mixin.py:104} INFO - [2025-02-05 10:34:34,189] {dag.py:1833} INFO - Sync 1 DAGs
[2025-02-05 10:34:34,202] {logging_mixin.py:104} INFO - [2025-02-05 10:34:34,202] {dag.py:2306} INFO - Setting next_dagrun for tutorial to 2025-02-03 00:00:00+00:00
[2025-02-05 10:34:34,213] {scheduler_job.py:190} INFO - Processing /home/airflow/.local/lib/python3.6/site-packages/airflow/example_dags/tutorial.py took 0.056 seconds
[2025-02-05 10:35:04,950] {scheduler_job.py:182} INFO - Started process (PID=1830) to work on /home/airflow/.local/lib/python3.6/site-packages/airflow/example_dags/tutorial.py
[2025-02-05 10:35:04,951] {scheduler_job.py:633} INFO - Processing file /home/airflow/.local/lib/python3.6/site-packages/airflow/example_dags/tutorial.py for tasks to queue
[2025-02-05 10:35:04,951] {logging_mixin.py:104} INFO - [2025-02-05 10:35:04,951] {dagbag.py:496} INFO - Filling up the DagBag from /home/airflow/.local/lib/python3.6/site-packages/airflow/example_dags/tutorial.py
[2025-02-05 10:35:04,962] {scheduler_job.py:643} INFO - DAG(s) dict_keys(['tutorial']) retrieved from /home/airflow/.local/lib/python3.6/site-packages/airflow/example_dags/tutorial.py
[2025-02-05 10:35:04,979] {logging_mixin.py:104} INFO - [2025-02-05 10:35:04,979] {dag.py:1833} INFO - Sync 1 DAGs
[2025-02-05 10:35:04,991] {logging_mixin.py:104} INFO - [2025-02-05 10:35:04,991] {dag.py:2306} INFO - Setting next_dagrun for tutorial to 2025-02-03 00:00:00+00:00
[2025-02-05 10:35:05,000] {scheduler_job.py:190} INFO - Processing /home/airflow/.local/lib/python3.6/site-packages/airflow/example_dags/tutorial.py took 0.053 seconds
[2025-02-05 10:35:35,488] {scheduler_job.py:182} INFO - Started process (PID=1891) to work on /home/airflow/.local/lib/python3.6/site-packages/airflow/example_dags/tutorial.py
[2025-02-05 10:35:35,488] {scheduler_job.py:633} INFO - Processing file /home/airflow/.local/lib/python3.6/site-packages/airflow/example_dags/tutorial.py for tasks to queue
[2025-02-05 10:35:35,489] {logging_mixin.py:104} INFO - [2025-02-05 10:35:35,489] {dagbag.py:496} INFO - Filling up the DagBag from /home/airflow/.local/lib/python3.6/site-packages/airflow/example_dags/tutorial.py
[2025-02-05 10:35:35,499] {scheduler_job.py:643} INFO - DAG(s) dict_keys(['tutorial']) retrieved from /home/airflow/.local/lib/python3.6/site-packages/airflow/example_dags/tutorial.py
[2025-02-05 10:35:35,515] {logging_mixin.py:104} INFO - [2025-02-05 10:35:35,515] {dag.py:1833} INFO - Sync 1 DAGs
[2025-02-05 10:35:35,527] {logging_mixin.py:104} INFO - [2025-02-05 10:35:35,527] {dag.py:2306} INFO - Setting next_dagrun for tutorial to 2025-02-03 00:00:00+00:00
[2025-02-05 10:35:35,535] {scheduler_job.py:190} INFO - Processing /home/airflow/.local/lib/python3.6/site-packages/airflow/example_dags/tutorial.py took 0.050 seconds
[2025-02-05 10:36:05,998] {scheduler_job.py:182} INFO - Started process (PID=1952) to work on /home/airflow/.local/lib/python3.6/site-packages/airflow/example_dags/tutorial.py
[2025-02-05 10:36:05,999] {scheduler_job.py:633} INFO - Processing file /home/airflow/.local/lib/python3.6/site-packages/airflow/example_dags/tutorial.py for tasks to queue
[2025-02-05 10:36:05,999] {logging_mixin.py:104} INFO - [2025-02-05 10:36:05,999] {dagbag.py:496} INFO - Filling up the DagBag from /home/airflow/.local/lib/python3.6/site-packages/airflow/example_dags/tutorial.py
[2025-02-05 10:36:06,010] {scheduler_job.py:643} INFO - DAG(s) dict_keys(['tutorial']) retrieved from /home/airflow/.local/lib/python3.6/site-packages/airflow/example_dags/tutorial.py
[2025-02-05 10:36:06,025] {logging_mixin.py:104} INFO - [2025-02-05 10:36:06,025] {dag.py:1833} INFO - Sync 1 DAGs
[2025-02-05 10:36:06,037] {logging_mixin.py:104} INFO - [2025-02-05 10:36:06,037] {dag.py:2306} INFO - Setting next_dagrun for tutorial to 2025-02-03 00:00:00+00:00
[2025-02-05 10:36:06,045] {scheduler_job.py:190} INFO - Processing /home/airflow/.local/lib/python3.6/site-packages/airflow/example_dags/tutorial.py took 0.050 seconds
[2025-02-05 10:36:36,717] {scheduler_job.py:182} INFO - Started process (PID=2003) to work on /home/airflow/.local/lib/python3.6/site-packages/airflow/example_dags/tutorial.py
[2025-02-05 10:36:36,717] {scheduler_job.py:633} INFO - Processing file /home/airflow/.local/lib/python3.6/site-packages/airflow/example_dags/tutorial.py for tasks to queue
[2025-02-05 10:36:36,718] {logging_mixin.py:104} INFO - [2025-02-05 10:36:36,718] {dagbag.py:496} INFO - Filling up the DagBag from /home/airflow/.local/lib/python3.6/site-packages/airflow/example_dags/tutorial.py
[2025-02-05 10:36:36,727] {scheduler_job.py:643} INFO - DAG(s) dict_keys(['tutorial']) retrieved from /home/airflow/.local/lib/python3.6/site-packages/airflow/example_dags/tutorial.py
[2025-02-05 10:36:36,745] {logging_mixin.py:104} INFO - [2025-02-05 10:36:36,745] {dag.py:1833} INFO - Sync 1 DAGs
[2025-02-05 10:36:36,758] {logging_mixin.py:104} INFO - [2025-02-05 10:36:36,758] {dag.py:2306} INFO - Setting next_dagrun for tutorial to 2025-02-03 00:00:00+00:00
[2025-02-05 10:36:36,767] {scheduler_job.py:190} INFO - Processing /home/airflow/.local/lib/python3.6/site-packages/airflow/example_dags/tutorial.py took 0.053 seconds
[2025-02-05 10:37:07,421] {scheduler_job.py:182} INFO - Started process (PID=2064) to work on /home/airflow/.local/lib/python3.6/site-packages/airflow/example_dags/tutorial.py
[2025-02-05 10:37:07,422] {scheduler_job.py:633} INFO - Processing file /home/airflow/.local/lib/python3.6/site-packages/airflow/example_dags/tutorial.py for tasks to queue
[2025-02-05 10:37:07,422] {logging_mixin.py:104} INFO - [2025-02-05 10:37:07,422] {dagbag.py:496} INFO - Filling up the DagBag from /home/airflow/.local/lib/python3.6/site-packages/airflow/example_dags/tutorial.py
[2025-02-05 10:37:07,432] {scheduler_job.py:643} INFO - DAG(s) dict_keys(['tutorial']) retrieved from /home/airflow/.local/lib/python3.6/site-packages/airflow/example_dags/tutorial.py
[2025-02-05 10:37:07,451] {logging_mixin.py:104} INFO - [2025-02-05 10:37:07,450] {dag.py:1833} INFO - Sync 1 DAGs
[2025-02-05 10:37:07,463] {logging_mixin.py:104} INFO - [2025-02-05 10:37:07,463] {dag.py:2306} INFO - Setting next_dagrun for tutorial to 2025-02-03 00:00:00+00:00
[2025-02-05 10:37:07,472] {scheduler_job.py:190} INFO - Processing /home/airflow/.local/lib/python3.6/site-packages/airflow/example_dags/tutorial.py took 0.053 seconds
[2025-02-05 10:37:38,334] {scheduler_job.py:182} INFO - Started process (PID=2125) to work on /home/airflow/.local/lib/python3.6/site-packages/airflow/example_dags/tutorial.py
[2025-02-05 10:37:38,335] {scheduler_job.py:633} INFO - Processing file /home/airflow/.local/lib/python3.6/site-packages/airflow/example_dags/tutorial.py for tasks to queue
[2025-02-05 10:37:38,336] {logging_mixin.py:104} INFO - [2025-02-05 10:37:38,336] {dagbag.py:496} INFO - Filling up the DagBag from /home/airflow/.local/lib/python3.6/site-packages/airflow/example_dags/tutorial.py
[2025-02-05 10:37:38,345] {scheduler_job.py:643} INFO - DAG(s) dict_keys(['tutorial']) retrieved from /home/airflow/.local/lib/python3.6/site-packages/airflow/example_dags/tutorial.py
[2025-02-05 10:37:38,362] {logging_mixin.py:104} INFO - [2025-02-05 10:37:38,362] {dag.py:1833} INFO - Sync 1 DAGs
[2025-02-05 10:37:38,375] {logging_mixin.py:104} INFO - [2025-02-05 10:37:38,375] {dag.py:2306} INFO - Setting next_dagrun for tutorial to 2025-02-03 00:00:00+00:00
[2025-02-05 10:37:38,386] {scheduler_job.py:190} INFO - Processing /home/airflow/.local/lib/python3.6/site-packages/airflow/example_dags/tutorial.py took 0.054 seconds
[2025-02-05 10:38:09,035] {scheduler_job.py:182} INFO - Started process (PID=2176) to work on /home/airflow/.local/lib/python3.6/site-packages/airflow/example_dags/tutorial.py
[2025-02-05 10:38:09,036] {scheduler_job.py:633} INFO - Processing file /home/airflow/.local/lib/python3.6/site-packages/airflow/example_dags/tutorial.py for tasks to queue
[2025-02-05 10:38:09,036] {logging_mixin.py:104} INFO - [2025-02-05 10:38:09,036] {dagbag.py:496} INFO - Filling up the DagBag from /home/airflow/.local/lib/python3.6/site-packages/airflow/example_dags/tutorial.py
[2025-02-05 10:38:09,046] {scheduler_job.py:643} INFO - DAG(s) dict_keys(['tutorial']) retrieved from /home/airflow/.local/lib/python3.6/site-packages/airflow/example_dags/tutorial.py
[2025-02-05 10:38:09,064] {logging_mixin.py:104} INFO - [2025-02-05 10:38:09,064] {dag.py:1833} INFO - Sync 1 DAGs
[2025-02-05 10:38:09,077] {logging_mixin.py:104} INFO - [2025-02-05 10:38:09,077] {dag.py:2306} INFO - Setting next_dagrun for tutorial to 2025-02-03 00:00:00+00:00
[2025-02-05 10:38:09,086] {scheduler_job.py:190} INFO - Processing /home/airflow/.local/lib/python3.6/site-packages/airflow/example_dags/tutorial.py took 0.053 seconds
[2025-02-05 10:38:39,635] {scheduler_job.py:182} INFO - Started process (PID=2237) to work on /home/airflow/.local/lib/python3.6/site-packages/airflow/example_dags/tutorial.py
[2025-02-05 10:38:39,635] {scheduler_job.py:633} INFO - Processing file /home/airflow/.local/lib/python3.6/site-packages/airflow/example_dags/tutorial.py for tasks to queue
[2025-02-05 10:38:39,636] {logging_mixin.py:104} INFO - [2025-02-05 10:38:39,636] {dagbag.py:496} INFO - Filling up the DagBag from /home/airflow/.local/lib/python3.6/site-packages/airflow/example_dags/tutorial.py
[2025-02-05 10:38:39,645] {scheduler_job.py:643} INFO - DAG(s) dict_keys(['tutorial']) retrieved from /home/airflow/.local/lib/python3.6/site-packages/airflow/example_dags/tutorial.py
[2025-02-05 10:38:39,663] {logging_mixin.py:104} INFO - [2025-02-05 10:38:39,663] {dag.py:1833} INFO - Sync 1 DAGs
[2025-02-05 10:38:39,675] {logging_mixin.py:104} INFO - [2025-02-05 10:38:39,674] {dag.py:2306} INFO - Setting next_dagrun for tutorial to 2025-02-03 00:00:00+00:00
[2025-02-05 10:38:39,682] {scheduler_job.py:190} INFO - Processing /home/airflow/.local/lib/python3.6/site-packages/airflow/example_dags/tutorial.py took 0.050 seconds
[2025-02-05 10:39:10,211] {scheduler_job.py:182} INFO - Started process (PID=2288) to work on /home/airflow/.local/lib/python3.6/site-packages/airflow/example_dags/tutorial.py
[2025-02-05 10:39:10,212] {scheduler_job.py:633} INFO - Processing file /home/airflow/.local/lib/python3.6/site-packages/airflow/example_dags/tutorial.py for tasks to queue
[2025-02-05 10:39:10,213] {logging_mixin.py:104} INFO - [2025-02-05 10:39:10,213] {dagbag.py:496} INFO - Filling up the DagBag from /home/airflow/.local/lib/python3.6/site-packages/airflow/example_dags/tutorial.py
[2025-02-05 10:39:10,223] {scheduler_job.py:643} INFO - DAG(s) dict_keys(['tutorial']) retrieved from /home/airflow/.local/lib/python3.6/site-packages/airflow/example_dags/tutorial.py
[2025-02-05 10:39:10,240] {logging_mixin.py:104} INFO - [2025-02-05 10:39:10,240] {dag.py:1833} INFO - Sync 1 DAGs
[2025-02-05 10:39:10,252] {logging_mixin.py:104} INFO - [2025-02-05 10:39:10,252] {dag.py:2306} INFO - Setting next_dagrun for tutorial to 2025-02-03 00:00:00+00:00
[2025-02-05 10:39:10,260] {scheduler_job.py:190} INFO - Processing /home/airflow/.local/lib/python3.6/site-packages/airflow/example_dags/tutorial.py took 0.051 seconds
[2025-02-05 10:39:40,820] {scheduler_job.py:182} INFO - Started process (PID=2349) to work on /home/airflow/.local/lib/python3.6/site-packages/airflow/example_dags/tutorial.py
[2025-02-05 10:39:40,820] {scheduler_job.py:633} INFO - Processing file /home/airflow/.local/lib/python3.6/site-packages/airflow/example_dags/tutorial.py for tasks to queue
[2025-02-05 10:39:40,821] {logging_mixin.py:104} INFO - [2025-02-05 10:39:40,821] {dagbag.py:496} INFO - Filling up the DagBag from /home/airflow/.local/lib/python3.6/site-packages/airflow/example_dags/tutorial.py
[2025-02-05 10:39:40,831] {scheduler_job.py:643} INFO - DAG(s) dict_keys(['tutorial']) retrieved from /home/airflow/.local/lib/python3.6/site-packages/airflow/example_dags/tutorial.py
[2025-02-05 10:39:40,848] {logging_mixin.py:104} INFO - [2025-02-05 10:39:40,848] {dag.py:1833} INFO - Sync 1 DAGs
[2025-02-05 10:39:40,862] {logging_mixin.py:104} INFO - [2025-02-05 10:39:40,862] {dag.py:2306} INFO - Setting next_dagrun for tutorial to 2025-02-03 00:00:00+00:00
[2025-02-05 10:39:40,870] {scheduler_job.py:190} INFO - Processing /home/airflow/.local/lib/python3.6/site-packages/airflow/example_dags/tutorial.py took 0.053 seconds
[2025-02-05 10:40:11,589] {scheduler_job.py:182} INFO - Started process (PID=2410) to work on /home/airflow/.local/lib/python3.6/site-packages/airflow/example_dags/tutorial.py
[2025-02-05 10:40:11,590] {scheduler_job.py:633} INFO - Processing file /home/airflow/.local/lib/python3.6/site-packages/airflow/example_dags/tutorial.py for tasks to queue
[2025-02-05 10:40:11,591] {logging_mixin.py:104} INFO - [2025-02-05 10:40:11,591] {dagbag.py:496} INFO - Filling up the DagBag from /home/airflow/.local/lib/python3.6/site-packages/airflow/example_dags/tutorial.py
[2025-02-05 10:40:11,601] {scheduler_job.py:643} INFO - DAG(s) dict_keys(['tutorial']) retrieved from /home/airflow/.local/lib/python3.6/site-packages/airflow/example_dags/tutorial.py
[2025-02-05 10:40:11,619] {logging_mixin.py:104} INFO - [2025-02-05 10:40:11,619] {dag.py:1833} INFO - Sync 1 DAGs
[2025-02-05 10:40:11,632] {logging_mixin.py:104} INFO - [2025-02-05 10:40:11,632] {dag.py:2306} INFO - Setting next_dagrun for tutorial to 2025-02-03 00:00:00+00:00
[2025-02-05 10:40:11,641] {scheduler_job.py:190} INFO - Processing /home/airflow/.local/lib/python3.6/site-packages/airflow/example_dags/tutorial.py took 0.054 seconds
[2025-02-05 10:40:42,441] {scheduler_job.py:182} INFO - Started process (PID=2461) to work on /home/airflow/.local/lib/python3.6/site-packages/airflow/example_dags/tutorial.py
[2025-02-05 10:40:42,442] {scheduler_job.py:633} INFO - Processing file /home/airflow/.local/lib/python3.6/site-packages/airflow/example_dags/tutorial.py for tasks to queue
[2025-02-05 10:40:42,442] {logging_mixin.py:104} INFO - [2025-02-05 10:40:42,442] {dagbag.py:496} INFO - Filling up the DagBag from /home/airflow/.local/lib/python3.6/site-packages/airflow/example_dags/tutorial.py
[2025-02-05 10:40:42,452] {scheduler_job.py:643} INFO - DAG(s) dict_keys(['tutorial']) retrieved from /home/airflow/.local/lib/python3.6/site-packages/airflow/example_dags/tutorial.py
[2025-02-05 10:40:42,470] {logging_mixin.py:104} INFO - [2025-02-05 10:40:42,470] {dag.py:1833} INFO - Sync 1 DAGs
[2025-02-05 10:40:42,483] {logging_mixin.py:104} INFO - [2025-02-05 10:40:42,482] {dag.py:2306} INFO - Setting next_dagrun for tutorial to 2025-02-03 00:00:00+00:00
[2025-02-05 10:40:42,490] {scheduler_job.py:190} INFO - Processing /home/airflow/.local/lib/python3.6/site-packages/airflow/example_dags/tutorial.py took 0.051 seconds
[2025-02-05 10:41:13,260] {scheduler_job.py:182} INFO - Started process (PID=2522) to work on /home/airflow/.local/lib/python3.6/site-packages/airflow/example_dags/tutorial.py
[2025-02-05 10:41:13,261] {scheduler_job.py:633} INFO - Processing file /home/airflow/.local/lib/python3.6/site-packages/airflow/example_dags/tutorial.py for tasks to queue
[2025-02-05 10:41:13,261] {logging_mixin.py:104} INFO - [2025-02-05 10:41:13,261] {dagbag.py:496} INFO - Filling up the DagBag from /home/airflow/.local/lib/python3.6/site-packages/airflow/example_dags/tutorial.py
[2025-02-05 10:41:13,272] {scheduler_job.py:643} INFO - DAG(s) dict_keys(['tutorial']) retrieved from /home/airflow/.local/lib/python3.6/site-packages/airflow/example_dags/tutorial.py
[2025-02-05 10:41:13,290] {logging_mixin.py:104} INFO - [2025-02-05 10:41:13,290] {dag.py:1833} INFO - Sync 1 DAGs
[2025-02-05 10:41:13,305] {logging_mixin.py:104} INFO - [2025-02-05 10:41:13,304] {dag.py:2306} INFO - Setting next_dagrun for tutorial to 2025-02-03 00:00:00+00:00
[2025-02-05 10:41:13,315] {scheduler_job.py:190} INFO - Processing /home/airflow/.local/lib/python3.6/site-packages/airflow/example_dags/tutorial.py took 0.058 seconds
[2025-02-05 10:41:43,986] {scheduler_job.py:182} INFO - Started process (PID=2583) to work on /home/airflow/.local/lib/python3.6/site-packages/airflow/example_dags/tutorial.py
[2025-02-05 10:41:43,987] {scheduler_job.py:633} INFO - Processing file /home/airflow/.local/lib/python3.6/site-packages/airflow/example_dags/tutorial.py for tasks to queue
[2025-02-05 10:41:43,988] {logging_mixin.py:104} INFO - [2025-02-05 10:41:43,987] {dagbag.py:496} INFO - Filling up the DagBag from /home/airflow/.local/lib/python3.6/site-packages/airflow/example_dags/tutorial.py
[2025-02-05 10:41:43,997] {scheduler_job.py:643} INFO - DAG(s) dict_keys(['tutorial']) retrieved from /home/airflow/.local/lib/python3.6/site-packages/airflow/example_dags/tutorial.py
[2025-02-05 10:41:44,014] {logging_mixin.py:104} INFO - [2025-02-05 10:41:44,014] {dag.py:1833} INFO - Sync 1 DAGs
[2025-02-05 10:41:44,027] {logging_mixin.py:104} INFO - [2025-02-05 10:41:44,027] {dag.py:2306} INFO - Setting next_dagrun for tutorial to 2025-02-03 00:00:00+00:00
[2025-02-05 10:41:44,035] {scheduler_job.py:190} INFO - Processing /home/airflow/.local/lib/python3.6/site-packages/airflow/example_dags/tutorial.py took 0.051 seconds
[2025-02-05 10:42:14,893] {scheduler_job.py:182} INFO - Started process (PID=2633) to work on /home/airflow/.local/lib/python3.6/site-packages/airflow/example_dags/tutorial.py
[2025-02-05 10:42:14,894] {scheduler_job.py:633} INFO - Processing file /home/airflow/.local/lib/python3.6/site-packages/airflow/example_dags/tutorial.py for tasks to queue
[2025-02-05 10:42:14,894] {logging_mixin.py:104} INFO - [2025-02-05 10:42:14,894] {dagbag.py:496} INFO - Filling up the DagBag from /home/airflow/.local/lib/python3.6/site-packages/airflow/example_dags/tutorial.py
[2025-02-05 10:42:14,903] {scheduler_job.py:643} INFO - DAG(s) dict_keys(['tutorial']) retrieved from /home/airflow/.local/lib/python3.6/site-packages/airflow/example_dags/tutorial.py
[2025-02-05 10:42:14,922] {logging_mixin.py:104} INFO - [2025-02-05 10:42:14,922] {dag.py:1833} INFO - Sync 1 DAGs
[2025-02-05 10:42:14,935] {logging_mixin.py:104} INFO - [2025-02-05 10:42:14,934] {dag.py:2306} INFO - Setting next_dagrun for tutorial to 2025-02-03 00:00:00+00:00
[2025-02-05 10:42:14,944] {scheduler_job.py:190} INFO - Processing /home/airflow/.local/lib/python3.6/site-packages/airflow/example_dags/tutorial.py took 0.054 seconds
[2025-02-05 10:42:45,595] {scheduler_job.py:182} INFO - Started process (PID=2694) to work on /home/airflow/.local/lib/python3.6/site-packages/airflow/example_dags/tutorial.py
[2025-02-05 10:42:45,596] {scheduler_job.py:633} INFO - Processing file /home/airflow/.local/lib/python3.6/site-packages/airflow/example_dags/tutorial.py for tasks to queue
[2025-02-05 10:42:45,596] {logging_mixin.py:104} INFO - [2025-02-05 10:42:45,596] {dagbag.py:496} INFO - Filling up the DagBag from /home/airflow/.local/lib/python3.6/site-packages/airflow/example_dags/tutorial.py
[2025-02-05 10:42:45,606] {scheduler_job.py:643} INFO - DAG(s) dict_keys(['tutorial']) retrieved from /home/airflow/.local/lib/python3.6/site-packages/airflow/example_dags/tutorial.py
[2025-02-05 10:42:45,624] {logging_mixin.py:104} INFO - [2025-02-05 10:42:45,624] {dag.py:1833} INFO - Sync 1 DAGs
[2025-02-05 10:42:45,636] {logging_mixin.py:104} INFO - [2025-02-05 10:42:45,636] {dag.py:2306} INFO - Setting next_dagrun for tutorial to 2025-02-03 00:00:00+00:00
[2025-02-05 10:42:45,643] {scheduler_job.py:190} INFO - Processing /home/airflow/.local/lib/python3.6/site-packages/airflow/example_dags/tutorial.py took 0.051 seconds
[2025-02-05 10:43:16,137] {scheduler_job.py:182} INFO - Started process (PID=2756) to work on /home/airflow/.local/lib/python3.6/site-packages/airflow/example_dags/tutorial.py
[2025-02-05 10:43:16,138] {scheduler_job.py:633} INFO - Processing file /home/airflow/.local/lib/python3.6/site-packages/airflow/example_dags/tutorial.py for tasks to queue
[2025-02-05 10:43:16,139] {logging_mixin.py:104} INFO - [2025-02-05 10:43:16,139] {dagbag.py:496} INFO - Filling up the DagBag from /home/airflow/.local/lib/python3.6/site-packages/airflow/example_dags/tutorial.py
[2025-02-05 10:43:16,149] {scheduler_job.py:643} INFO - DAG(s) dict_keys(['tutorial']) retrieved from /home/airflow/.local/lib/python3.6/site-packages/airflow/example_dags/tutorial.py
[2025-02-05 10:43:16,166] {logging_mixin.py:104} INFO - [2025-02-05 10:43:16,166] {dag.py:1833} INFO - Sync 1 DAGs
[2025-02-05 10:43:16,180] {logging_mixin.py:104} INFO - [2025-02-05 10:43:16,180] {dag.py:2306} INFO - Setting next_dagrun for tutorial to 2025-02-03 00:00:00+00:00
[2025-02-05 10:43:16,188] {scheduler_job.py:190} INFO - Processing /home/airflow/.local/lib/python3.6/site-packages/airflow/example_dags/tutorial.py took 0.054 seconds
[2025-02-05 10:43:46,675] {scheduler_job.py:182} INFO - Started process (PID=2807) to work on /home/airflow/.local/lib/python3.6/site-packages/airflow/example_dags/tutorial.py
[2025-02-05 10:43:46,675] {scheduler_job.py:633} INFO - Processing file /home/airflow/.local/lib/python3.6/site-packages/airflow/example_dags/tutorial.py for tasks to queue
[2025-02-05 10:43:46,676] {logging_mixin.py:104} INFO - [2025-02-05 10:43:46,676] {dagbag.py:496} INFO - Filling up the DagBag from /home/airflow/.local/lib/python3.6/site-packages/airflow/example_dags/tutorial.py
[2025-02-05 10:43:46,685] {scheduler_job.py:643} INFO - DAG(s) dict_keys(['tutorial']) retrieved from /home/airflow/.local/lib/python3.6/site-packages/airflow/example_dags/tutorial.py
[2025-02-05 10:43:46,702] {logging_mixin.py:104} INFO - [2025-02-05 10:43:46,702] {dag.py:1833} INFO - Sync 1 DAGs
[2025-02-05 10:43:46,715] {logging_mixin.py:104} INFO - [2025-02-05 10:43:46,715] {dag.py:2306} INFO - Setting next_dagrun for tutorial to 2025-02-03 00:00:00+00:00
[2025-02-05 10:43:46,723] {scheduler_job.py:190} INFO - Processing /home/airflow/.local/lib/python3.6/site-packages/airflow/example_dags/tutorial.py took 0.051 seconds
[2025-02-05 10:44:17,229] {scheduler_job.py:182} INFO - Started process (PID=2868) to work on /home/airflow/.local/lib/python3.6/site-packages/airflow/example_dags/tutorial.py
[2025-02-05 10:44:17,230] {scheduler_job.py:633} INFO - Processing file /home/airflow/.local/lib/python3.6/site-packages/airflow/example_dags/tutorial.py for tasks to queue
[2025-02-05 10:44:17,230] {logging_mixin.py:104} INFO - [2025-02-05 10:44:17,230] {dagbag.py:496} INFO - Filling up the DagBag from /home/airflow/.local/lib/python3.6/site-packages/airflow/example_dags/tutorial.py
[2025-02-05 10:44:17,240] {scheduler_job.py:643} INFO - DAG(s) dict_keys(['tutorial']) retrieved from /home/airflow/.local/lib/python3.6/site-packages/airflow/example_dags/tutorial.py
[2025-02-05 10:44:17,260] {logging_mixin.py:104} INFO - [2025-02-05 10:44:17,260] {dag.py:1833} INFO - Sync 1 DAGs
[2025-02-05 10:44:17,273] {logging_mixin.py:104} INFO - [2025-02-05 10:44:17,273] {dag.py:2306} INFO - Setting next_dagrun for tutorial to 2025-02-03 00:00:00+00:00
[2025-02-05 10:44:17,282] {scheduler_job.py:190} INFO - Processing /home/airflow/.local/lib/python3.6/site-packages/airflow/example_dags/tutorial.py took 0.056 seconds
[2025-02-05 10:44:47,580] {scheduler_job.py:182} INFO - Started process (PID=2919) to work on /home/airflow/.local/lib/python3.6/site-packages/airflow/example_dags/tutorial.py
[2025-02-05 10:44:47,581] {scheduler_job.py:633} INFO - Processing file /home/airflow/.local/lib/python3.6/site-packages/airflow/example_dags/tutorial.py for tasks to queue
[2025-02-05 10:44:47,581] {logging_mixin.py:104} INFO - [2025-02-05 10:44:47,581] {dagbag.py:496} INFO - Filling up the DagBag from /home/airflow/.local/lib/python3.6/site-packages/airflow/example_dags/tutorial.py
[2025-02-05 10:44:47,591] {scheduler_job.py:643} INFO - DAG(s) dict_keys(['tutorial']) retrieved from /home/airflow/.local/lib/python3.6/site-packages/airflow/example_dags/tutorial.py
[2025-02-05 10:44:47,608] {logging_mixin.py:104} INFO - [2025-02-05 10:44:47,608] {dag.py:1833} INFO - Sync 1 DAGs
[2025-02-05 10:44:47,621] {logging_mixin.py:104} INFO - [2025-02-05 10:44:47,620] {dag.py:2306} INFO - Setting next_dagrun for tutorial to 2025-02-03 00:00:00+00:00
[2025-02-05 10:44:47,628] {scheduler_job.py:190} INFO - Processing /home/airflow/.local/lib/python3.6/site-packages/airflow/example_dags/tutorial.py took 0.051 seconds
[2025-02-05 10:45:18,185] {scheduler_job.py:182} INFO - Started process (PID=2980) to work on /home/airflow/.local/lib/python3.6/site-packages/airflow/example_dags/tutorial.py
[2025-02-05 10:45:18,186] {scheduler_job.py:633} INFO - Processing file /home/airflow/.local/lib/python3.6/site-packages/airflow/example_dags/tutorial.py for tasks to queue
[2025-02-05 10:45:18,186] {logging_mixin.py:104} INFO - [2025-02-05 10:45:18,186] {dagbag.py:496} INFO - Filling up the DagBag from /home/airflow/.local/lib/python3.6/site-packages/airflow/example_dags/tutorial.py
[2025-02-05 10:45:18,196] {scheduler_job.py:643} INFO - DAG(s) dict_keys(['tutorial']) retrieved from /home/airflow/.local/lib/python3.6/site-packages/airflow/example_dags/tutorial.py
[2025-02-05 10:45:18,214] {logging_mixin.py:104} INFO - [2025-02-05 10:45:18,214] {dag.py:1833} INFO - Sync 1 DAGs
[2025-02-05 10:45:18,226] {logging_mixin.py:104} INFO - [2025-02-05 10:45:18,226] {dag.py:2306} INFO - Setting next_dagrun for tutorial to 2025-02-03 00:00:00+00:00
[2025-02-05 10:45:18,235] {scheduler_job.py:190} INFO - Processing /home/airflow/.local/lib/python3.6/site-packages/airflow/example_dags/tutorial.py took 0.052 seconds
[2025-02-05 10:45:48,840] {scheduler_job.py:182} INFO - Started process (PID=3041) to work on /home/airflow/.local/lib/python3.6/site-packages/airflow/example_dags/tutorial.py
[2025-02-05 10:45:48,840] {scheduler_job.py:633} INFO - Processing file /home/airflow/.local/lib/python3.6/site-packages/airflow/example_dags/tutorial.py for tasks to queue
[2025-02-05 10:45:48,841] {logging_mixin.py:104} INFO - [2025-02-05 10:45:48,841] {dagbag.py:496} INFO - Filling up the DagBag from /home/airflow/.local/lib/python3.6/site-packages/airflow/example_dags/tutorial.py
[2025-02-05 10:45:48,850] {scheduler_job.py:643} INFO - DAG(s) dict_keys(['tutorial']) retrieved from /home/airflow/.local/lib/python3.6/site-packages/airflow/example_dags/tutorial.py
[2025-02-05 10:45:48,867] {logging_mixin.py:104} INFO - [2025-02-05 10:45:48,867] {dag.py:1833} INFO - Sync 1 DAGs
[2025-02-05 10:45:48,880] {logging_mixin.py:104} INFO - [2025-02-05 10:45:48,880] {dag.py:2306} INFO - Setting next_dagrun for tutorial to 2025-02-03 00:00:00+00:00
[2025-02-05 10:45:48,888] {scheduler_job.py:190} INFO - Processing /home/airflow/.local/lib/python3.6/site-packages/airflow/example_dags/tutorial.py took 0.051 seconds
[2025-02-05 10:46:19,604] {scheduler_job.py:182} INFO - Started process (PID=3092) to work on /home/airflow/.local/lib/python3.6/site-packages/airflow/example_dags/tutorial.py
[2025-02-05 10:46:19,605] {scheduler_job.py:633} INFO - Processing file /home/airflow/.local/lib/python3.6/site-packages/airflow/example_dags/tutorial.py for tasks to queue
[2025-02-05 10:46:19,605] {logging_mixin.py:104} INFO - [2025-02-05 10:46:19,605] {dagbag.py:496} INFO - Filling up the DagBag from /home/airflow/.local/lib/python3.6/site-packages/airflow/example_dags/tutorial.py
[2025-02-05 10:46:19,617] {scheduler_job.py:643} INFO - DAG(s) dict_keys(['tutorial']) retrieved from /home/airflow/.local/lib/python3.6/site-packages/airflow/example_dags/tutorial.py
[2025-02-05 10:46:19,643] {logging_mixin.py:104} INFO - [2025-02-05 10:46:19,643] {dag.py:1833} INFO - Sync 1 DAGs
[2025-02-05 10:46:19,660] {logging_mixin.py:104} INFO - [2025-02-05 10:46:19,660] {dag.py:2306} INFO - Setting next_dagrun for tutorial to 2025-02-03 00:00:00+00:00
[2025-02-05 10:46:19,673] {scheduler_job.py:190} INFO - Processing /home/airflow/.local/lib/python3.6/site-packages/airflow/example_dags/tutorial.py took 0.072 seconds
[2025-02-05 10:46:50,352] {scheduler_job.py:182} INFO - Started process (PID=3153) to work on /home/airflow/.local/lib/python3.6/site-packages/airflow/example_dags/tutorial.py
[2025-02-05 10:46:50,353] {scheduler_job.py:633} INFO - Processing file /home/airflow/.local/lib/python3.6/site-packages/airflow/example_dags/tutorial.py for tasks to queue
[2025-02-05 10:46:50,353] {logging_mixin.py:104} INFO - [2025-02-05 10:46:50,353] {dagbag.py:496} INFO - Filling up the DagBag from /home/airflow/.local/lib/python3.6/site-packages/airflow/example_dags/tutorial.py
[2025-02-05 10:46:50,364] {scheduler_job.py:643} INFO - DAG(s) dict_keys(['tutorial']) retrieved from /home/airflow/.local/lib/python3.6/site-packages/airflow/example_dags/tutorial.py
[2025-02-05 10:46:50,389] {logging_mixin.py:104} INFO - [2025-02-05 10:46:50,389] {dag.py:1833} INFO - Sync 1 DAGs
[2025-02-05 10:46:50,402] {logging_mixin.py:104} INFO - [2025-02-05 10:46:50,402] {dag.py:2306} INFO - Setting next_dagrun for tutorial to 2025-02-03 00:00:00+00:00
[2025-02-05 10:46:50,410] {scheduler_job.py:190} INFO - Processing /home/airflow/.local/lib/python3.6/site-packages/airflow/example_dags/tutorial.py took 0.062 seconds
[2025-02-05 10:47:21,206] {scheduler_job.py:182} INFO - Started process (PID=3211) to work on /home/airflow/.local/lib/python3.6/site-packages/airflow/example_dags/tutorial.py
[2025-02-05 10:47:21,207] {scheduler_job.py:633} INFO - Processing file /home/airflow/.local/lib/python3.6/site-packages/airflow/example_dags/tutorial.py for tasks to queue
[2025-02-05 10:47:21,208] {logging_mixin.py:104} INFO - [2025-02-05 10:47:21,208] {dagbag.py:496} INFO - Filling up the DagBag from /home/airflow/.local/lib/python3.6/site-packages/airflow/example_dags/tutorial.py
[2025-02-05 10:47:21,223] {scheduler_job.py:643} INFO - DAG(s) dict_keys(['tutorial']) retrieved from /home/airflow/.local/lib/python3.6/site-packages/airflow/example_dags/tutorial.py
[2025-02-05 10:47:21,249] {logging_mixin.py:104} INFO - [2025-02-05 10:47:21,249] {dag.py:1833} INFO - Sync 1 DAGs
[2025-02-05 10:47:21,271] {logging_mixin.py:104} INFO - [2025-02-05 10:47:21,271] {dag.py:2306} INFO - Setting next_dagrun for tutorial to 2025-02-03 00:00:00+00:00
[2025-02-05 10:47:21,280] {scheduler_job.py:190} INFO - Processing /home/airflow/.local/lib/python3.6/site-packages/airflow/example_dags/tutorial.py took 0.078 seconds
[2025-02-05 10:47:51,917] {scheduler_job.py:182} INFO - Started process (PID=3265) to work on /home/airflow/.local/lib/python3.6/site-packages/airflow/example_dags/tutorial.py
[2025-02-05 10:47:51,917] {scheduler_job.py:633} INFO - Processing file /home/airflow/.local/lib/python3.6/site-packages/airflow/example_dags/tutorial.py for tasks to queue
[2025-02-05 10:47:51,918] {logging_mixin.py:104} INFO - [2025-02-05 10:47:51,918] {dagbag.py:496} INFO - Filling up the DagBag from /home/airflow/.local/lib/python3.6/site-packages/airflow/example_dags/tutorial.py
[2025-02-05 10:47:51,929] {scheduler_job.py:643} INFO - DAG(s) dict_keys(['tutorial']) retrieved from /home/airflow/.local/lib/python3.6/site-packages/airflow/example_dags/tutorial.py
[2025-02-05 10:47:51,946] {logging_mixin.py:104} INFO - [2025-02-05 10:47:51,946] {dag.py:1833} INFO - Sync 1 DAGs
[2025-02-05 10:47:51,963] {logging_mixin.py:104} INFO - [2025-02-05 10:47:51,963] {dag.py:2306} INFO - Setting next_dagrun for tutorial to 2025-02-03 00:00:00+00:00
[2025-02-05 10:47:51,972] {scheduler_job.py:190} INFO - Processing /home/airflow/.local/lib/python3.6/site-packages/airflow/example_dags/tutorial.py took 0.058 seconds
[2025-02-05 10:48:22,792] {scheduler_job.py:182} INFO - Started process (PID=3326) to work on /home/airflow/.local/lib/python3.6/site-packages/airflow/example_dags/tutorial.py
[2025-02-05 10:48:22,794] {scheduler_job.py:633} INFO - Processing file /home/airflow/.local/lib/python3.6/site-packages/airflow/example_dags/tutorial.py for tasks to queue
[2025-02-05 10:48:22,795] {logging_mixin.py:104} INFO - [2025-02-05 10:48:22,795] {dagbag.py:496} INFO - Filling up the DagBag from /home/airflow/.local/lib/python3.6/site-packages/airflow/example_dags/tutorial.py
[2025-02-05 10:48:22,805] {scheduler_job.py:643} INFO - DAG(s) dict_keys(['tutorial']) retrieved from /home/airflow/.local/lib/python3.6/site-packages/airflow/example_dags/tutorial.py
[2025-02-05 10:48:22,825] {logging_mixin.py:104} INFO - [2025-02-05 10:48:22,825] {dag.py:1833} INFO - Sync 1 DAGs
[2025-02-05 10:48:22,839] {logging_mixin.py:104} INFO - [2025-02-05 10:48:22,839] {dag.py:2306} INFO - Setting next_dagrun for tutorial to 2025-02-03 00:00:00+00:00
[2025-02-05 10:48:22,849] {scheduler_job.py:190} INFO - Processing /home/airflow/.local/lib/python3.6/site-packages/airflow/example_dags/tutorial.py took 0.060 seconds
[2025-02-05 10:48:53,733] {scheduler_job.py:182} INFO - Started process (PID=3377) to work on /home/airflow/.local/lib/python3.6/site-packages/airflow/example_dags/tutorial.py
[2025-02-05 10:48:53,734] {scheduler_job.py:633} INFO - Processing file /home/airflow/.local/lib/python3.6/site-packages/airflow/example_dags/tutorial.py for tasks to queue
[2025-02-05 10:48:53,734] {logging_mixin.py:104} INFO - [2025-02-05 10:48:53,734] {dagbag.py:496} INFO - Filling up the DagBag from /home/airflow/.local/lib/python3.6/site-packages/airflow/example_dags/tutorial.py
[2025-02-05 10:48:53,744] {scheduler_job.py:643} INFO - DAG(s) dict_keys(['tutorial']) retrieved from /home/airflow/.local/lib/python3.6/site-packages/airflow/example_dags/tutorial.py
[2025-02-05 10:48:53,766] {logging_mixin.py:104} INFO - [2025-02-05 10:48:53,766] {dag.py:1833} INFO - Sync 1 DAGs
[2025-02-05 10:48:53,780] {logging_mixin.py:104} INFO - [2025-02-05 10:48:53,780] {dag.py:2306} INFO - Setting next_dagrun for tutorial to 2025-02-03 00:00:00+00:00
[2025-02-05 10:48:53,790] {scheduler_job.py:190} INFO - Processing /home/airflow/.local/lib/python3.6/site-packages/airflow/example_dags/tutorial.py took 0.059 seconds
[2025-02-05 10:49:24,463] {scheduler_job.py:182} INFO - Started process (PID=3437) to work on /home/airflow/.local/lib/python3.6/site-packages/airflow/example_dags/tutorial.py
[2025-02-05 10:49:24,464] {scheduler_job.py:633} INFO - Processing file /home/airflow/.local/lib/python3.6/site-packages/airflow/example_dags/tutorial.py for tasks to queue
[2025-02-05 10:49:24,464] {logging_mixin.py:104} INFO - [2025-02-05 10:49:24,464] {dagbag.py:496} INFO - Filling up the DagBag from /home/airflow/.local/lib/python3.6/site-packages/airflow/example_dags/tutorial.py
[2025-02-05 10:49:24,475] {scheduler_job.py:643} INFO - DAG(s) dict_keys(['tutorial']) retrieved from /home/airflow/.local/lib/python3.6/site-packages/airflow/example_dags/tutorial.py
[2025-02-05 10:49:24,499] {logging_mixin.py:104} INFO - [2025-02-05 10:49:24,499] {dag.py:1833} INFO - Sync 1 DAGs
[2025-02-05 10:49:24,516] {logging_mixin.py:104} INFO - [2025-02-05 10:49:24,516] {dag.py:2306} INFO - Setting next_dagrun for tutorial to 2025-02-03 00:00:00+00:00
[2025-02-05 10:49:24,526] {scheduler_job.py:190} INFO - Processing /home/airflow/.local/lib/python3.6/site-packages/airflow/example_dags/tutorial.py took 0.066 seconds
[2025-02-05 10:49:55,303] {scheduler_job.py:182} INFO - Started process (PID=3494) to work on /home/airflow/.local/lib/python3.6/site-packages/airflow/example_dags/tutorial.py
[2025-02-05 10:49:55,304] {scheduler_job.py:633} INFO - Processing file /home/airflow/.local/lib/python3.6/site-packages/airflow/example_dags/tutorial.py for tasks to queue
[2025-02-05 10:49:55,305] {logging_mixin.py:104} INFO - [2025-02-05 10:49:55,305] {dagbag.py:496} INFO - Filling up the DagBag from /home/airflow/.local/lib/python3.6/site-packages/airflow/example_dags/tutorial.py
[2025-02-05 10:49:55,318] {scheduler_job.py:643} INFO - DAG(s) dict_keys(['tutorial']) retrieved from /home/airflow/.local/lib/python3.6/site-packages/airflow/example_dags/tutorial.py
[2025-02-05 10:49:55,340] {logging_mixin.py:104} INFO - [2025-02-05 10:49:55,339] {dag.py:1833} INFO - Sync 1 DAGs
[2025-02-05 10:49:55,354] {logging_mixin.py:104} INFO - [2025-02-05 10:49:55,354] {dag.py:2306} INFO - Setting next_dagrun for tutorial to 2025-02-03 00:00:00+00:00
[2025-02-05 10:49:55,361] {scheduler_job.py:190} INFO - Processing /home/airflow/.local/lib/python3.6/site-packages/airflow/example_dags/tutorial.py took 0.061 seconds
[2025-02-05 10:50:26,092] {scheduler_job.py:182} INFO - Started process (PID=3549) to work on /home/airflow/.local/lib/python3.6/site-packages/airflow/example_dags/tutorial.py
[2025-02-05 10:50:26,093] {scheduler_job.py:633} INFO - Processing file /home/airflow/.local/lib/python3.6/site-packages/airflow/example_dags/tutorial.py for tasks to queue
[2025-02-05 10:50:26,094] {logging_mixin.py:104} INFO - [2025-02-05 10:50:26,094] {dagbag.py:496} INFO - Filling up the DagBag from /home/airflow/.local/lib/python3.6/site-packages/airflow/example_dags/tutorial.py
[2025-02-05 10:50:26,103] {scheduler_job.py:643} INFO - DAG(s) dict_keys(['tutorial']) retrieved from /home/airflow/.local/lib/python3.6/site-packages/airflow/example_dags/tutorial.py
[2025-02-05 10:50:26,126] {logging_mixin.py:104} INFO - [2025-02-05 10:50:26,126] {dag.py:1833} INFO - Sync 1 DAGs
[2025-02-05 10:50:26,141] {logging_mixin.py:104} INFO - [2025-02-05 10:50:26,140] {dag.py:2306} INFO - Setting next_dagrun for tutorial to 2025-02-03 00:00:00+00:00
[2025-02-05 10:50:26,152] {scheduler_job.py:190} INFO - Processing /home/airflow/.local/lib/python3.6/site-packages/airflow/example_dags/tutorial.py took 0.063 seconds
[2025-02-05 10:50:56,928] {scheduler_job.py:182} INFO - Started process (PID=3610) to work on /home/airflow/.local/lib/python3.6/site-packages/airflow/example_dags/tutorial.py
[2025-02-05 10:50:56,929] {scheduler_job.py:633} INFO - Processing file /home/airflow/.local/lib/python3.6/site-packages/airflow/example_dags/tutorial.py for tasks to queue
[2025-02-05 10:50:56,930] {logging_mixin.py:104} INFO - [2025-02-05 10:50:56,930] {dagbag.py:496} INFO - Filling up the DagBag from /home/airflow/.local/lib/python3.6/site-packages/airflow/example_dags/tutorial.py
[2025-02-05 10:50:56,943] {scheduler_job.py:643} INFO - DAG(s) dict_keys(['tutorial']) retrieved from /home/airflow/.local/lib/python3.6/site-packages/airflow/example_dags/tutorial.py
[2025-02-05 10:50:56,965] {logging_mixin.py:104} INFO - [2025-02-05 10:50:56,964] {dag.py:1833} INFO - Sync 1 DAGs
[2025-02-05 10:50:56,978] {logging_mixin.py:104} INFO - [2025-02-05 10:50:56,978] {dag.py:2306} INFO - Setting next_dagrun for tutorial to 2025-02-03 00:00:00+00:00
[2025-02-05 10:50:56,987] {scheduler_job.py:190} INFO - Processing /home/airflow/.local/lib/python3.6/site-packages/airflow/example_dags/tutorial.py took 0.061 seconds
[2025-02-05 10:51:27,677] {scheduler_job.py:182} INFO - Started process (PID=3661) to work on /home/airflow/.local/lib/python3.6/site-packages/airflow/example_dags/tutorial.py
[2025-02-05 10:51:27,678] {scheduler_job.py:633} INFO - Processing file /home/airflow/.local/lib/python3.6/site-packages/airflow/example_dags/tutorial.py for tasks to queue
[2025-02-05 10:51:27,678] {logging_mixin.py:104} INFO - [2025-02-05 10:51:27,678] {dagbag.py:496} INFO - Filling up the DagBag from /home/airflow/.local/lib/python3.6/site-packages/airflow/example_dags/tutorial.py
[2025-02-05 10:51:27,688] {scheduler_job.py:643} INFO - DAG(s) dict_keys(['tutorial']) retrieved from /home/airflow/.local/lib/python3.6/site-packages/airflow/example_dags/tutorial.py
[2025-02-05 10:51:27,706] {logging_mixin.py:104} INFO - [2025-02-05 10:51:27,706] {dag.py:1833} INFO - Sync 1 DAGs
[2025-02-05 10:51:27,717] {logging_mixin.py:104} INFO - [2025-02-05 10:51:27,717] {dag.py:2306} INFO - Setting next_dagrun for tutorial to 2025-02-03 00:00:00+00:00
[2025-02-05 10:51:27,726] {scheduler_job.py:190} INFO - Processing /home/airflow/.local/lib/python3.6/site-packages/airflow/example_dags/tutorial.py took 0.052 seconds
[2025-02-05 10:51:58,817] {scheduler_job.py:182} INFO - Started process (PID=3722) to work on /home/airflow/.local/lib/python3.6/site-packages/airflow/example_dags/tutorial.py
[2025-02-05 10:51:58,818] {scheduler_job.py:633} INFO - Processing file /home/airflow/.local/lib/python3.6/site-packages/airflow/example_dags/tutorial.py for tasks to queue
[2025-02-05 10:51:58,819] {logging_mixin.py:104} INFO - [2025-02-05 10:51:58,819] {dagbag.py:496} INFO - Filling up the DagBag from /home/airflow/.local/lib/python3.6/site-packages/airflow/example_dags/tutorial.py
[2025-02-05 10:51:58,831] {scheduler_job.py:643} INFO - DAG(s) dict_keys(['tutorial']) retrieved from /home/airflow/.local/lib/python3.6/site-packages/airflow/example_dags/tutorial.py
[2025-02-05 10:51:58,855] {logging_mixin.py:104} INFO - [2025-02-05 10:51:58,854] {dag.py:1833} INFO - Sync 1 DAGs
[2025-02-05 10:51:58,869] {logging_mixin.py:104} INFO - [2025-02-05 10:51:58,869] {dag.py:2306} INFO - Setting next_dagrun for tutorial to 2025-02-03 00:00:00+00:00
[2025-02-05 10:51:58,878] {scheduler_job.py:190} INFO - Processing /home/airflow/.local/lib/python3.6/site-packages/airflow/example_dags/tutorial.py took 0.064 seconds
[2025-02-05 10:52:29,076] {scheduler_job.py:182} INFO - Started process (PID=3773) to work on /home/airflow/.local/lib/python3.6/site-packages/airflow/example_dags/tutorial.py
[2025-02-05 10:52:29,077] {scheduler_job.py:633} INFO - Processing file /home/airflow/.local/lib/python3.6/site-packages/airflow/example_dags/tutorial.py for tasks to queue
[2025-02-05 10:52:29,077] {logging_mixin.py:104} INFO - [2025-02-05 10:52:29,077] {dagbag.py:496} INFO - Filling up the DagBag from /home/airflow/.local/lib/python3.6/site-packages/airflow/example_dags/tutorial.py
[2025-02-05 10:52:29,087] {scheduler_job.py:643} INFO - DAG(s) dict_keys(['tutorial']) retrieved from /home/airflow/.local/lib/python3.6/site-packages/airflow/example_dags/tutorial.py
[2025-02-05 10:52:29,107] {logging_mixin.py:104} INFO - [2025-02-05 10:52:29,107] {dag.py:1833} INFO - Sync 1 DAGs
[2025-02-05 10:52:29,119] {logging_mixin.py:104} INFO - [2025-02-05 10:52:29,119] {dag.py:2306} INFO - Setting next_dagrun for tutorial to 2025-02-03 00:00:00+00:00
[2025-02-05 10:52:29,129] {scheduler_job.py:190} INFO - Processing /home/airflow/.local/lib/python3.6/site-packages/airflow/example_dags/tutorial.py took 0.055 seconds
[2025-02-05 10:53:00,143] {scheduler_job.py:182} INFO - Started process (PID=3834) to work on /home/airflow/.local/lib/python3.6/site-packages/airflow/example_dags/tutorial.py
[2025-02-05 10:53:00,144] {scheduler_job.py:633} INFO - Processing file /home/airflow/.local/lib/python3.6/site-packages/airflow/example_dags/tutorial.py for tasks to queue
[2025-02-05 10:53:00,145] {logging_mixin.py:104} INFO - [2025-02-05 10:53:00,144] {dagbag.py:496} INFO - Filling up the DagBag from /home/airflow/.local/lib/python3.6/site-packages/airflow/example_dags/tutorial.py
[2025-02-05 10:53:00,156] {scheduler_job.py:643} INFO - DAG(s) dict_keys(['tutorial']) retrieved from /home/airflow/.local/lib/python3.6/site-packages/airflow/example_dags/tutorial.py
[2025-02-05 10:53:00,175] {logging_mixin.py:104} INFO - [2025-02-05 10:53:00,175] {dag.py:1833} INFO - Sync 1 DAGs
[2025-02-05 10:53:00,189] {logging_mixin.py:104} INFO - [2025-02-05 10:53:00,189] {dag.py:2306} INFO - Setting next_dagrun for tutorial to 2025-02-03 00:00:00+00:00
[2025-02-05 10:53:00,197] {scheduler_job.py:190} INFO - Processing /home/airflow/.local/lib/python3.6/site-packages/airflow/example_dags/tutorial.py took 0.056 seconds
[2025-02-05 10:53:31,141] {scheduler_job.py:182} INFO - Started process (PID=3895) to work on /home/airflow/.local/lib/python3.6/site-packages/airflow/example_dags/tutorial.py
[2025-02-05 10:53:31,142] {scheduler_job.py:633} INFO - Processing file /home/airflow/.local/lib/python3.6/site-packages/airflow/example_dags/tutorial.py for tasks to queue
[2025-02-05 10:53:31,143] {logging_mixin.py:104} INFO - [2025-02-05 10:53:31,143] {dagbag.py:496} INFO - Filling up the DagBag from /home/airflow/.local/lib/python3.6/site-packages/airflow/example_dags/tutorial.py
[2025-02-05 10:53:31,156] {scheduler_job.py:643} INFO - DAG(s) dict_keys(['tutorial']) retrieved from /home/airflow/.local/lib/python3.6/site-packages/airflow/example_dags/tutorial.py
[2025-02-05 10:53:31,173] {logging_mixin.py:104} INFO - [2025-02-05 10:53:31,173] {dag.py:1833} INFO - Sync 1 DAGs
[2025-02-05 10:53:31,190] {logging_mixin.py:104} INFO - [2025-02-05 10:53:31,190] {dag.py:2306} INFO - Setting next_dagrun for tutorial to 2025-02-03 00:00:00+00:00
[2025-02-05 10:53:31,201] {scheduler_job.py:190} INFO - Processing /home/airflow/.local/lib/python3.6/site-packages/airflow/example_dags/tutorial.py took 0.062 seconds
[2025-02-05 10:54:02,078] {scheduler_job.py:182} INFO - Started process (PID=3946) to work on /home/airflow/.local/lib/python3.6/site-packages/airflow/example_dags/tutorial.py
[2025-02-05 10:54:02,079] {scheduler_job.py:633} INFO - Processing file /home/airflow/.local/lib/python3.6/site-packages/airflow/example_dags/tutorial.py for tasks to queue
[2025-02-05 10:54:02,080] {logging_mixin.py:104} INFO - [2025-02-05 10:54:02,080] {dagbag.py:496} INFO - Filling up the DagBag from /home/airflow/.local/lib/python3.6/site-packages/airflow/example_dags/tutorial.py
[2025-02-05 10:54:02,091] {scheduler_job.py:643} INFO - DAG(s) dict_keys(['tutorial']) retrieved from /home/airflow/.local/lib/python3.6/site-packages/airflow/example_dags/tutorial.py
[2025-02-05 10:54:02,108] {logging_mixin.py:104} INFO - [2025-02-05 10:54:02,108] {dag.py:1833} INFO - Sync 1 DAGs
[2025-02-05 10:54:02,123] {logging_mixin.py:104} INFO - [2025-02-05 10:54:02,123] {dag.py:2306} INFO - Setting next_dagrun for tutorial to 2025-02-03 00:00:00+00:00
[2025-02-05 10:54:02,132] {scheduler_job.py:190} INFO - Processing /home/airflow/.local/lib/python3.6/site-packages/airflow/example_dags/tutorial.py took 0.057 seconds
[2025-02-05 10:54:32,728] {scheduler_job.py:182} INFO - Started process (PID=4007) to work on /home/airflow/.local/lib/python3.6/site-packages/airflow/example_dags/tutorial.py
[2025-02-05 10:54:32,729] {scheduler_job.py:633} INFO - Processing file /home/airflow/.local/lib/python3.6/site-packages/airflow/example_dags/tutorial.py for tasks to queue
[2025-02-05 10:54:32,730] {logging_mixin.py:104} INFO - [2025-02-05 10:54:32,730] {dagbag.py:496} INFO - Filling up the DagBag from /home/airflow/.local/lib/python3.6/site-packages/airflow/example_dags/tutorial.py
[2025-02-05 10:54:32,744] {scheduler_job.py:643} INFO - DAG(s) dict_keys(['tutorial']) retrieved from /home/airflow/.local/lib/python3.6/site-packages/airflow/example_dags/tutorial.py
[2025-02-05 10:54:32,768] {logging_mixin.py:104} INFO - [2025-02-05 10:54:32,768] {dag.py:1833} INFO - Sync 1 DAGs
[2025-02-05 10:54:32,782] {logging_mixin.py:104} INFO - [2025-02-05 10:54:32,782] {dag.py:2306} INFO - Setting next_dagrun for tutorial to 2025-02-03 00:00:00+00:00
[2025-02-05 10:54:32,792] {scheduler_job.py:190} INFO - Processing /home/airflow/.local/lib/python3.6/site-packages/airflow/example_dags/tutorial.py took 0.067 seconds
[2025-02-05 10:55:03,491] {scheduler_job.py:182} INFO - Started process (PID=4058) to work on /home/airflow/.local/lib/python3.6/site-packages/airflow/example_dags/tutorial.py
[2025-02-05 10:55:03,492] {scheduler_job.py:633} INFO - Processing file /home/airflow/.local/lib/python3.6/site-packages/airflow/example_dags/tutorial.py for tasks to queue
[2025-02-05 10:55:03,492] {logging_mixin.py:104} INFO - [2025-02-05 10:55:03,492] {dagbag.py:496} INFO - Filling up the DagBag from /home/airflow/.local/lib/python3.6/site-packages/airflow/example_dags/tutorial.py
[2025-02-05 10:55:03,503] {scheduler_job.py:643} INFO - DAG(s) dict_keys(['tutorial']) retrieved from /home/airflow/.local/lib/python3.6/site-packages/airflow/example_dags/tutorial.py
[2025-02-05 10:55:03,523] {logging_mixin.py:104} INFO - [2025-02-05 10:55:03,523] {dag.py:1833} INFO - Sync 1 DAGs
[2025-02-05 10:55:03,538] {logging_mixin.py:104} INFO - [2025-02-05 10:55:03,538] {dag.py:2306} INFO - Setting next_dagrun for tutorial to 2025-02-03 00:00:00+00:00
[2025-02-05 10:55:03,548] {scheduler_job.py:190} INFO - Processing /home/airflow/.local/lib/python3.6/site-packages/airflow/example_dags/tutorial.py took 0.060 seconds
[2025-02-05 10:55:34,182] {scheduler_job.py:182} INFO - Started process (PID=4119) to work on /home/airflow/.local/lib/python3.6/site-packages/airflow/example_dags/tutorial.py
[2025-02-05 10:55:34,183] {scheduler_job.py:633} INFO - Processing file /home/airflow/.local/lib/python3.6/site-packages/airflow/example_dags/tutorial.py for tasks to queue
[2025-02-05 10:55:34,184] {logging_mixin.py:104} INFO - [2025-02-05 10:55:34,184] {dagbag.py:496} INFO - Filling up the DagBag from /home/airflow/.local/lib/python3.6/site-packages/airflow/example_dags/tutorial.py
[2025-02-05 10:55:34,194] {scheduler_job.py:643} INFO - DAG(s) dict_keys(['tutorial']) retrieved from /home/airflow/.local/lib/python3.6/site-packages/airflow/example_dags/tutorial.py
[2025-02-05 10:55:34,212] {logging_mixin.py:104} INFO - [2025-02-05 10:55:34,212] {dag.py:1833} INFO - Sync 1 DAGs
[2025-02-05 10:55:34,225] {logging_mixin.py:104} INFO - [2025-02-05 10:55:34,224] {dag.py:2306} INFO - Setting next_dagrun for tutorial to 2025-02-03 00:00:00+00:00
[2025-02-05 10:55:34,234] {scheduler_job.py:190} INFO - Processing /home/airflow/.local/lib/python3.6/site-packages/airflow/example_dags/tutorial.py took 0.054 seconds
[2025-02-05 10:56:04,666] {scheduler_job.py:182} INFO - Started process (PID=4180) to work on /home/airflow/.local/lib/python3.6/site-packages/airflow/example_dags/tutorial.py
[2025-02-05 10:56:04,667] {scheduler_job.py:633} INFO - Processing file /home/airflow/.local/lib/python3.6/site-packages/airflow/example_dags/tutorial.py for tasks to queue
[2025-02-05 10:56:04,667] {logging_mixin.py:104} INFO - [2025-02-05 10:56:04,667] {dagbag.py:496} INFO - Filling up the DagBag from /home/airflow/.local/lib/python3.6/site-packages/airflow/example_dags/tutorial.py
[2025-02-05 10:56:04,685] {scheduler_job.py:643} INFO - DAG(s) dict_keys(['tutorial']) retrieved from /home/airflow/.local/lib/python3.6/site-packages/airflow/example_dags/tutorial.py
[2025-02-05 10:56:04,707] {logging_mixin.py:104} INFO - [2025-02-05 10:56:04,707] {dag.py:1833} INFO - Sync 1 DAGs
[2025-02-05 10:56:04,723] {logging_mixin.py:104} INFO - [2025-02-05 10:56:04,723] {dag.py:2306} INFO - Setting next_dagrun for tutorial to 2025-02-03 00:00:00+00:00
[2025-02-05 10:56:04,733] {scheduler_job.py:190} INFO - Processing /home/airflow/.local/lib/python3.6/site-packages/airflow/example_dags/tutorial.py took 0.072 seconds
[2025-02-05 10:56:35,438] {scheduler_job.py:182} INFO - Started process (PID=4231) to work on /home/airflow/.local/lib/python3.6/site-packages/airflow/example_dags/tutorial.py
[2025-02-05 10:56:35,439] {scheduler_job.py:633} INFO - Processing file /home/airflow/.local/lib/python3.6/site-packages/airflow/example_dags/tutorial.py for tasks to queue
[2025-02-05 10:56:35,439] {logging_mixin.py:104} INFO - [2025-02-05 10:56:35,439] {dagbag.py:496} INFO - Filling up the DagBag from /home/airflow/.local/lib/python3.6/site-packages/airflow/example_dags/tutorial.py
[2025-02-05 10:56:35,449] {scheduler_job.py:643} INFO - DAG(s) dict_keys(['tutorial']) retrieved from /home/airflow/.local/lib/python3.6/site-packages/airflow/example_dags/tutorial.py
[2025-02-05 10:56:35,466] {logging_mixin.py:104} INFO - [2025-02-05 10:56:35,465] {dag.py:1833} INFO - Sync 1 DAGs
[2025-02-05 10:56:35,478] {logging_mixin.py:104} INFO - [2025-02-05 10:56:35,477] {dag.py:2306} INFO - Setting next_dagrun for tutorial to 2025-02-03 00:00:00+00:00
[2025-02-05 10:56:35,486] {scheduler_job.py:190} INFO - Processing /home/airflow/.local/lib/python3.6/site-packages/airflow/example_dags/tutorial.py took 0.050 seconds
[2025-02-05 10:57:06,190] {scheduler_job.py:182} INFO - Started process (PID=4292) to work on /home/airflow/.local/lib/python3.6/site-packages/airflow/example_dags/tutorial.py
[2025-02-05 10:57:06,191] {scheduler_job.py:633} INFO - Processing file /home/airflow/.local/lib/python3.6/site-packages/airflow/example_dags/tutorial.py for tasks to queue
[2025-02-05 10:57:06,191] {logging_mixin.py:104} INFO - [2025-02-05 10:57:06,191] {dagbag.py:496} INFO - Filling up the DagBag from /home/airflow/.local/lib/python3.6/site-packages/airflow/example_dags/tutorial.py
[2025-02-05 10:57:06,202] {scheduler_job.py:643} INFO - DAG(s) dict_keys(['tutorial']) retrieved from /home/airflow/.local/lib/python3.6/site-packages/airflow/example_dags/tutorial.py
[2025-02-05 10:57:06,224] {logging_mixin.py:104} INFO - [2025-02-05 10:57:06,224] {dag.py:1833} INFO - Sync 1 DAGs
[2025-02-05 10:57:06,238] {logging_mixin.py:104} INFO - [2025-02-05 10:57:06,238] {dag.py:2306} INFO - Setting next_dagrun for tutorial to 2025-02-03 00:00:00+00:00
[2025-02-05 10:57:06,248] {scheduler_job.py:190} INFO - Processing /home/airflow/.local/lib/python3.6/site-packages/airflow/example_dags/tutorial.py took 0.061 seconds
[2025-02-05 10:57:36,938] {scheduler_job.py:182} INFO - Started process (PID=4352) to work on /home/airflow/.local/lib/python3.6/site-packages/airflow/example_dags/tutorial.py
[2025-02-05 10:57:36,939] {scheduler_job.py:633} INFO - Processing file /home/airflow/.local/lib/python3.6/site-packages/airflow/example_dags/tutorial.py for tasks to queue
[2025-02-05 10:57:36,939] {logging_mixin.py:104} INFO - [2025-02-05 10:57:36,939] {dagbag.py:496} INFO - Filling up the DagBag from /home/airflow/.local/lib/python3.6/site-packages/airflow/example_dags/tutorial.py
[2025-02-05 10:57:36,951] {scheduler_job.py:643} INFO - DAG(s) dict_keys(['tutorial']) retrieved from /home/airflow/.local/lib/python3.6/site-packages/airflow/example_dags/tutorial.py
[2025-02-05 10:57:36,970] {logging_mixin.py:104} INFO - [2025-02-05 10:57:36,970] {dag.py:1833} INFO - Sync 1 DAGs
[2025-02-05 10:57:36,984] {logging_mixin.py:104} INFO - [2025-02-05 10:57:36,984] {dag.py:2306} INFO - Setting next_dagrun for tutorial to 2025-02-03 00:00:00+00:00
[2025-02-05 10:57:36,994] {scheduler_job.py:190} INFO - Processing /home/airflow/.local/lib/python3.6/site-packages/airflow/example_dags/tutorial.py took 0.058 seconds
[2025-02-05 10:58:07,755] {scheduler_job.py:182} INFO - Started process (PID=4404) to work on /home/airflow/.local/lib/python3.6/site-packages/airflow/example_dags/tutorial.py
[2025-02-05 10:58:07,756] {scheduler_job.py:633} INFO - Processing file /home/airflow/.local/lib/python3.6/site-packages/airflow/example_dags/tutorial.py for tasks to queue
[2025-02-05 10:58:07,756] {logging_mixin.py:104} INFO - [2025-02-05 10:58:07,756] {dagbag.py:496} INFO - Filling up the DagBag from /home/airflow/.local/lib/python3.6/site-packages/airflow/example_dags/tutorial.py
[2025-02-05 10:58:07,769] {scheduler_job.py:643} INFO - DAG(s) dict_keys(['tutorial']) retrieved from /home/airflow/.local/lib/python3.6/site-packages/airflow/example_dags/tutorial.py
[2025-02-05 10:58:07,790] {logging_mixin.py:104} INFO - [2025-02-05 10:58:07,789] {dag.py:1833} INFO - Sync 1 DAGs
[2025-02-05 10:58:07,805] {logging_mixin.py:104} INFO - [2025-02-05 10:58:07,805] {dag.py:2306} INFO - Setting next_dagrun for tutorial to 2025-02-03 00:00:00+00:00
[2025-02-05 10:58:07,814] {scheduler_job.py:190} INFO - Processing /home/airflow/.local/lib/python3.6/site-packages/airflow/example_dags/tutorial.py took 0.063 seconds
[2025-02-05 10:58:38,471] {scheduler_job.py:182} INFO - Started process (PID=4465) to work on /home/airflow/.local/lib/python3.6/site-packages/airflow/example_dags/tutorial.py
[2025-02-05 10:58:38,472] {scheduler_job.py:633} INFO - Processing file /home/airflow/.local/lib/python3.6/site-packages/airflow/example_dags/tutorial.py for tasks to queue
[2025-02-05 10:58:38,472] {logging_mixin.py:104} INFO - [2025-02-05 10:58:38,472] {dagbag.py:496} INFO - Filling up the DagBag from /home/airflow/.local/lib/python3.6/site-packages/airflow/example_dags/tutorial.py
[2025-02-05 10:58:38,481] {scheduler_job.py:643} INFO - DAG(s) dict_keys(['tutorial']) retrieved from /home/airflow/.local/lib/python3.6/site-packages/airflow/example_dags/tutorial.py
[2025-02-05 10:58:38,498] {logging_mixin.py:104} INFO - [2025-02-05 10:58:38,497] {dag.py:1833} INFO - Sync 1 DAGs
[2025-02-05 10:58:38,511] {logging_mixin.py:104} INFO - [2025-02-05 10:58:38,511] {dag.py:2306} INFO - Setting next_dagrun for tutorial to 2025-02-03 00:00:00+00:00
[2025-02-05 10:58:38,519] {scheduler_job.py:190} INFO - Processing /home/airflow/.local/lib/python3.6/site-packages/airflow/example_dags/tutorial.py took 0.051 seconds
